2018-08-19 08:36:12 
::1 POST /tourism/public-api/v1/users/token HTTP/1.1
HTTP headers:
Host: localhost
Content-Length: 25
User-Agent: Ticketing-WebApp
Connection: close
Content-Type: application/x-www-form-urlencoded
Request body:
username=ade&password=ade
========================================
2018-08-19 08:36:14 
::1 GET /tourism/public-api/v1/users/1 HTTP/1.1
HTTP headers:
Host: localhost
User-Agent: Ticketing-WebApp
Authorization: Bearer eyJ0eXAiOiJKV1QiLCJhbGciOiJIUzI1NiJ9.eyJpYXQiOjE1MzQ2NDI1NzMsImp0aSI6IjR0OWRtMGdrekY4V3hraEJTZDhQZ094OWZ2UEZ3QkhaMzlGdFBGYjdmV3M9IiwiaXNzIjoiOjoxIiwibmJmIjoxNTM0NjQyNTczLCJleHAiOjE1MzQ2NDQzNzMsImRhdGEiOnsidXNlcm5hbWUiOiJhZGUiLCJwYXNzd29yZCI6ImI3MDE2NmQyMzU5ZTU1ZmYzNDg0ZjVkNzAyMGM3MGQ4NmQ4OTA3OTYiLCJpcCI6Ijo6MSIsInVzZXJfYWdlbnQiOiJUaWNrZXRpbmctV2ViQXBwIn19.ADB625pnFZOuQ1EqN4pgPNkThG77A8UleKYRSs3WIaI
Connection: close
Request body:

========================================
2018-08-19 08:38:08 
::1 GET /tourism/public-api/v1/countries/5/continent?limit=1 HTTP/1.1
HTTP headers:
Host: localhost
User-Agent: Ticketing-WebApp
Authorization: Bearer eyJ0eXAiOiJKV1QiLCJhbGciOiJIUzI1NiJ9.eyJpYXQiOjE1MzQ2NDI1NzMsImp0aSI6IjR0OWRtMGdrekY4V3hraEJTZDhQZ094OWZ2UEZ3QkhaMzlGdFBGYjdmV3M9IiwiaXNzIjoiOjoxIiwibmJmIjoxNTM0NjQyNTczLCJleHAiOjE1MzQ2NDQzNzMsImRhdGEiOnsidXNlcm5hbWUiOiJhZGUiLCJwYXNzd29yZCI6ImI3MDE2NmQyMzU5ZTU1ZmYzNDg0ZjVkNzAyMGM3MGQ4NmQ4OTA3OTYiLCJpcCI6Ijo6MSIsInVzZXJfYWdlbnQiOiJUaWNrZXRpbmctV2ViQXBwIn19.ADB625pnFZOuQ1EqN4pgPNkThG77A8UleKYRSs3WIaI
Connection: close
Request body:

========================================
2018-08-19 08:38:08 
::1 GET /tourism/public-api/v1/countries/5/continent?limit=1 HTTP/1.1
HTTP headers:
Host: localhost
User-Agent: Ticketing-WebApp
Authorization: Bearer eyJ0eXAiOiJKV1QiLCJhbGciOiJIUzI1NiJ9.eyJpYXQiOjE1MzQ2NDI1NzMsImp0aSI6IjR0OWRtMGdrekY4V3hraEJTZDhQZ094OWZ2UEZ3QkhaMzlGdFBGYjdmV3M9IiwiaXNzIjoiOjoxIiwibmJmIjoxNTM0NjQyNTczLCJleHAiOjE1MzQ2NDQzNzMsImRhdGEiOnsidXNlcm5hbWUiOiJhZGUiLCJwYXNzd29yZCI6ImI3MDE2NmQyMzU5ZTU1ZmYzNDg0ZjVkNzAyMGM3MGQ4NmQ4OTA3OTYiLCJpcCI6Ijo6MSIsInVzZXJfYWdlbnQiOiJUaWNrZXRpbmctV2ViQXBwIn19.ADB625pnFZOuQ1EqN4pgPNkThG77A8UleKYRSs3WIaI
Connection: close
Request body:

========================================
2018-08-19 09:51:27 
::1 POST /tourism/public-api/v1/users/token HTTP/1.1
HTTP headers:
Host: localhost
Content-Length: 25
User-Agent: Ticketing-WebApp
Connection: close
Content-Type: application/x-www-form-urlencoded
Request body:
username=ade&password=ade
========================================
2018-08-19 09:51:28 
::1 GET /tourism/public-api/v1/users/1 HTTP/1.1
HTTP headers:
Host: localhost
User-Agent: Ticketing-WebApp
Authorization: Bearer eyJ0eXAiOiJKV1QiLCJhbGciOiJIUzI1NiJ9.eyJpYXQiOjE1MzQ2NDcwODcsImp0aSI6IldGSWpvUjBZZWVURStEZFprM3BsYTQzY1hkZzJXQVZrUjZzcjVOakUrK2M9IiwiaXNzIjoiOjoxIiwibmJmIjoxNTM0NjQ3MDg3LCJleHAiOjE1MzQ2NDg4ODcsImRhdGEiOnsidXNlcm5hbWUiOiJhZGUiLCJwYXNzd29yZCI6ImI3MDE2NmQyMzU5ZTU1ZmYzNDg0ZjVkNzAyMGM3MGQ4NmQ4OTA3OTYiLCJpcCI6Ijo6MSIsInVzZXJfYWdlbnQiOiJUaWNrZXRpbmctV2ViQXBwIn19.9GmK4GYZoi0FKXjP24mORgaNrezXeLtsXQhHbKQION4
Connection: close
Request body:

========================================
2018-08-19 09:51:40 
::1 GET /tourism/public-api/v1/countries/5/continent?limit=1 HTTP/1.1
HTTP headers:
Host: localhost
User-Agent: Ticketing-WebApp
Authorization: Bearer eyJ0eXAiOiJKV1QiLCJhbGciOiJIUzI1NiJ9.eyJpYXQiOjE1MzQ2NDcwODcsImp0aSI6IldGSWpvUjBZZWVURStEZFprM3BsYTQzY1hkZzJXQVZrUjZzcjVOakUrK2M9IiwiaXNzIjoiOjoxIiwibmJmIjoxNTM0NjQ3MDg3LCJleHAiOjE1MzQ2NDg4ODcsImRhdGEiOnsidXNlcm5hbWUiOiJhZGUiLCJwYXNzd29yZCI6ImI3MDE2NmQyMzU5ZTU1ZmYzNDg0ZjVkNzAyMGM3MGQ4NmQ4OTA3OTYiLCJpcCI6Ijo6MSIsInVzZXJfYWdlbnQiOiJUaWNrZXRpbmctV2ViQXBwIn19.9GmK4GYZoi0FKXjP24mORgaNrezXeLtsXQhHbKQION4
Connection: close
Request body:

========================================
2018-08-19 09:51:40 
::1 GET /tourism/public-api/v1/countries/5/continent?limit=1 HTTP/1.1
HTTP headers:
Host: localhost
User-Agent: Ticketing-WebApp
Authorization: Bearer eyJ0eXAiOiJKV1QiLCJhbGciOiJIUzI1NiJ9.eyJpYXQiOjE1MzQ2NDcwODcsImp0aSI6IldGSWpvUjBZZWVURStEZFprM3BsYTQzY1hkZzJXQVZrUjZzcjVOakUrK2M9IiwiaXNzIjoiOjoxIiwibmJmIjoxNTM0NjQ3MDg3LCJleHAiOjE1MzQ2NDg4ODcsImRhdGEiOnsidXNlcm5hbWUiOiJhZGUiLCJwYXNzd29yZCI6ImI3MDE2NmQyMzU5ZTU1ZmYzNDg0ZjVkNzAyMGM3MGQ4NmQ4OTA3OTYiLCJpcCI6Ijo6MSIsInVzZXJfYWdlbnQiOiJUaWNrZXRpbmctV2ViQXBwIn19.9GmK4GYZoi0FKXjP24mORgaNrezXeLtsXQhHbKQION4
Connection: close
Request body:

========================================
2018-08-19 10:30:08 
::1 POST /tourism/public-api/v1/users/token HTTP/1.1
HTTP headers:
Host: localhost
Content-Length: 25
User-Agent: Ticketing-WebApp
Connection: close
Content-Type: application/x-www-form-urlencoded
Request body:
username=ade&password=ade
========================================
2018-08-19 10:30:09 
::1 GET /tourism/public-api/v1/users/1 HTTP/1.1
HTTP headers:
Host: localhost
User-Agent: Ticketing-WebApp
Authorization: Bearer eyJ0eXAiOiJKV1QiLCJhbGciOiJIUzI1NiJ9.eyJpYXQiOjE1MzQ2NDk0MDgsImp0aSI6ImljdEw0WjlYanNFSFdFMzBvVUJtMElwZ1dpQVF4UmYyRDlrOU5cLzlteXprPSIsImlzcyI6Ijo6MSIsIm5iZiI6MTUzNDY0OTQwOCwiZXhwIjoxNTM0NjUxMjA4LCJkYXRhIjp7InVzZXJuYW1lIjoiYWRlIiwicGFzc3dvcmQiOiJiNzAxNjZkMjM1OWU1NWZmMzQ4NGY1ZDcwMjBjNzBkODZkODkwNzk2IiwiaXAiOiI6OjEiLCJ1c2VyX2FnZW50IjoiVGlja2V0aW5nLVdlYkFwcCJ9fQ.3Q8JzH_IimzPh3_fSuBbnayjpz3S-K5IokAW7YdIwW4
Connection: close
Request body:

========================================
2018-08-19 10:30:24 
::1 GET /tourism/public-api/v1/countries/5/continent?limit=1 HTTP/1.1
HTTP headers:
Host: localhost
User-Agent: Ticketing-WebApp
Authorization: Bearer eyJ0eXAiOiJKV1QiLCJhbGciOiJIUzI1NiJ9.eyJpYXQiOjE1MzQ2NDk0MDgsImp0aSI6ImljdEw0WjlYanNFSFdFMzBvVUJtMElwZ1dpQVF4UmYyRDlrOU5cLzlteXprPSIsImlzcyI6Ijo6MSIsIm5iZiI6MTUzNDY0OTQwOCwiZXhwIjoxNTM0NjUxMjA4LCJkYXRhIjp7InVzZXJuYW1lIjoiYWRlIiwicGFzc3dvcmQiOiJiNzAxNjZkMjM1OWU1NWZmMzQ4NGY1ZDcwMjBjNzBkODZkODkwNzk2IiwiaXAiOiI6OjEiLCJ1c2VyX2FnZW50IjoiVGlja2V0aW5nLVdlYkFwcCJ9fQ.3Q8JzH_IimzPh3_fSuBbnayjpz3S-K5IokAW7YdIwW4
Connection: close
Request body:

========================================
2018-08-19 10:30:24 
::1 GET /tourism/public-api/v1/countries/5/continent?limit=1 HTTP/1.1
HTTP headers:
Host: localhost
User-Agent: Ticketing-WebApp
Authorization: Bearer eyJ0eXAiOiJKV1QiLCJhbGciOiJIUzI1NiJ9.eyJpYXQiOjE1MzQ2NDk0MDgsImp0aSI6ImljdEw0WjlYanNFSFdFMzBvVUJtMElwZ1dpQVF4UmYyRDlrOU5cLzlteXprPSIsImlzcyI6Ijo6MSIsIm5iZiI6MTUzNDY0OTQwOCwiZXhwIjoxNTM0NjUxMjA4LCJkYXRhIjp7InVzZXJuYW1lIjoiYWRlIiwicGFzc3dvcmQiOiJiNzAxNjZkMjM1OWU1NWZmMzQ4NGY1ZDcwMjBjNzBkODZkODkwNzk2IiwiaXAiOiI6OjEiLCJ1c2VyX2FnZW50IjoiVGlja2V0aW5nLVdlYkFwcCJ9fQ.3Q8JzH_IimzPh3_fSuBbnayjpz3S-K5IokAW7YdIwW4
Connection: close
Request body:

========================================
2018-08-19 10:31:56 
::1 GET /tourism/public-api/v1/countries/5/continent?limit=1 HTTP/1.1
HTTP headers:
Host: localhost
User-Agent: Ticketing-WebApp
Authorization: Bearer eyJ0eXAiOiJKV1QiLCJhbGciOiJIUzI1NiJ9.eyJpYXQiOjE1MzQ2NDk0MDgsImp0aSI6ImljdEw0WjlYanNFSFdFMzBvVUJtMElwZ1dpQVF4UmYyRDlrOU5cLzlteXprPSIsImlzcyI6Ijo6MSIsIm5iZiI6MTUzNDY0OTQwOCwiZXhwIjoxNTM0NjUxMjA4LCJkYXRhIjp7InVzZXJuYW1lIjoiYWRlIiwicGFzc3dvcmQiOiJiNzAxNjZkMjM1OWU1NWZmMzQ4NGY1ZDcwMjBjNzBkODZkODkwNzk2IiwiaXAiOiI6OjEiLCJ1c2VyX2FnZW50IjoiVGlja2V0aW5nLVdlYkFwcCJ9fQ.3Q8JzH_IimzPh3_fSuBbnayjpz3S-K5IokAW7YdIwW4
Connection: close
Request body:

========================================
2018-08-19 10:31:56 
::1 GET /tourism/public-api/v1/countries/5/continent?limit=1 HTTP/1.1
HTTP headers:
Host: localhost
User-Agent: Ticketing-WebApp
Authorization: Bearer eyJ0eXAiOiJKV1QiLCJhbGciOiJIUzI1NiJ9.eyJpYXQiOjE1MzQ2NDk0MDgsImp0aSI6ImljdEw0WjlYanNFSFdFMzBvVUJtMElwZ1dpQVF4UmYyRDlrOU5cLzlteXprPSIsImlzcyI6Ijo6MSIsIm5iZiI6MTUzNDY0OTQwOCwiZXhwIjoxNTM0NjUxMjA4LCJkYXRhIjp7InVzZXJuYW1lIjoiYWRlIiwicGFzc3dvcmQiOiJiNzAxNjZkMjM1OWU1NWZmMzQ4NGY1ZDcwMjBjNzBkODZkODkwNzk2IiwiaXAiOiI6OjEiLCJ1c2VyX2FnZW50IjoiVGlja2V0aW5nLVdlYkFwcCJ9fQ.3Q8JzH_IimzPh3_fSuBbnayjpz3S-K5IokAW7YdIwW4
Connection: close
Request body:

========================================
2018-08-19 10:32:43 
::1 GET /tourism/public-api/v1/countries/5/continent?limit=1 HTTP/1.1
HTTP headers:
Host: localhost
User-Agent: Ticketing-WebApp
Authorization: Bearer eyJ0eXAiOiJKV1QiLCJhbGciOiJIUzI1NiJ9.eyJpYXQiOjE1MzQ2NDk0MDgsImp0aSI6ImljdEw0WjlYanNFSFdFMzBvVUJtMElwZ1dpQVF4UmYyRDlrOU5cLzlteXprPSIsImlzcyI6Ijo6MSIsIm5iZiI6MTUzNDY0OTQwOCwiZXhwIjoxNTM0NjUxMjA4LCJkYXRhIjp7InVzZXJuYW1lIjoiYWRlIiwicGFzc3dvcmQiOiJiNzAxNjZkMjM1OWU1NWZmMzQ4NGY1ZDcwMjBjNzBkODZkODkwNzk2IiwiaXAiOiI6OjEiLCJ1c2VyX2FnZW50IjoiVGlja2V0aW5nLVdlYkFwcCJ9fQ.3Q8JzH_IimzPh3_fSuBbnayjpz3S-K5IokAW7YdIwW4
Connection: close
Request body:

========================================
2018-08-19 10:32:43 
::1 GET /tourism/public-api/v1/countries/5/continent?limit=1 HTTP/1.1
HTTP headers:
Host: localhost
User-Agent: Ticketing-WebApp
Authorization: Bearer eyJ0eXAiOiJKV1QiLCJhbGciOiJIUzI1NiJ9.eyJpYXQiOjE1MzQ2NDk0MDgsImp0aSI6ImljdEw0WjlYanNFSFdFMzBvVUJtMElwZ1dpQVF4UmYyRDlrOU5cLzlteXprPSIsImlzcyI6Ijo6MSIsIm5iZiI6MTUzNDY0OTQwOCwiZXhwIjoxNTM0NjUxMjA4LCJkYXRhIjp7InVzZXJuYW1lIjoiYWRlIiwicGFzc3dvcmQiOiJiNzAxNjZkMjM1OWU1NWZmMzQ4NGY1ZDcwMjBjNzBkODZkODkwNzk2IiwiaXAiOiI6OjEiLCJ1c2VyX2FnZW50IjoiVGlja2V0aW5nLVdlYkFwcCJ9fQ.3Q8JzH_IimzPh3_fSuBbnayjpz3S-K5IokAW7YdIwW4
Connection: close
Request body:

========================================
2018-08-19 10:34:58 
::1 GET /tourism/public-api/v1/countries/5/continent?limit=1 HTTP/1.1
HTTP headers:
Host: localhost
User-Agent: Ticketing-WebApp
Authorization: Bearer eyJ0eXAiOiJKV1QiLCJhbGciOiJIUzI1NiJ9.eyJpYXQiOjE1MzQ2NDk0MDgsImp0aSI6ImljdEw0WjlYanNFSFdFMzBvVUJtMElwZ1dpQVF4UmYyRDlrOU5cLzlteXprPSIsImlzcyI6Ijo6MSIsIm5iZiI6MTUzNDY0OTQwOCwiZXhwIjoxNTM0NjUxMjA4LCJkYXRhIjp7InVzZXJuYW1lIjoiYWRlIiwicGFzc3dvcmQiOiJiNzAxNjZkMjM1OWU1NWZmMzQ4NGY1ZDcwMjBjNzBkODZkODkwNzk2IiwiaXAiOiI6OjEiLCJ1c2VyX2FnZW50IjoiVGlja2V0aW5nLVdlYkFwcCJ9fQ.3Q8JzH_IimzPh3_fSuBbnayjpz3S-K5IokAW7YdIwW4
Connection: close
Request body:

========================================
2018-08-19 10:34:59 
::1 GET /tourism/public-api/v1/countries/5/continent?limit=1 HTTP/1.1
HTTP headers:
Host: localhost
User-Agent: Ticketing-WebApp
Authorization: Bearer eyJ0eXAiOiJKV1QiLCJhbGciOiJIUzI1NiJ9.eyJpYXQiOjE1MzQ2NDk0MDgsImp0aSI6ImljdEw0WjlYanNFSFdFMzBvVUJtMElwZ1dpQVF4UmYyRDlrOU5cLzlteXprPSIsImlzcyI6Ijo6MSIsIm5iZiI6MTUzNDY0OTQwOCwiZXhwIjoxNTM0NjUxMjA4LCJkYXRhIjp7InVzZXJuYW1lIjoiYWRlIiwicGFzc3dvcmQiOiJiNzAxNjZkMjM1OWU1NWZmMzQ4NGY1ZDcwMjBjNzBkODZkODkwNzk2IiwiaXAiOiI6OjEiLCJ1c2VyX2FnZW50IjoiVGlja2V0aW5nLVdlYkFwcCJ9fQ.3Q8JzH_IimzPh3_fSuBbnayjpz3S-K5IokAW7YdIwW4
Connection: close
Request body:

========================================
2018-08-19 10:37:13 
::1 GET /tourism/public-api/v1/countries/5/continent?limit=1 HTTP/1.1
HTTP headers:
Host: localhost
User-Agent: Ticketing-WebApp
Authorization: Bearer eyJ0eXAiOiJKV1QiLCJhbGciOiJIUzI1NiJ9.eyJpYXQiOjE1MzQ2NDk0MDgsImp0aSI6ImljdEw0WjlYanNFSFdFMzBvVUJtMElwZ1dpQVF4UmYyRDlrOU5cLzlteXprPSIsImlzcyI6Ijo6MSIsIm5iZiI6MTUzNDY0OTQwOCwiZXhwIjoxNTM0NjUxMjA4LCJkYXRhIjp7InVzZXJuYW1lIjoiYWRlIiwicGFzc3dvcmQiOiJiNzAxNjZkMjM1OWU1NWZmMzQ4NGY1ZDcwMjBjNzBkODZkODkwNzk2IiwiaXAiOiI6OjEiLCJ1c2VyX2FnZW50IjoiVGlja2V0aW5nLVdlYkFwcCJ9fQ.3Q8JzH_IimzPh3_fSuBbnayjpz3S-K5IokAW7YdIwW4
Connection: close
Request body:

========================================
2018-08-19 10:37:13 
::1 GET /tourism/public-api/v1/countries/5/continent?limit=1 HTTP/1.1
HTTP headers:
Host: localhost
User-Agent: Ticketing-WebApp
Authorization: Bearer eyJ0eXAiOiJKV1QiLCJhbGciOiJIUzI1NiJ9.eyJpYXQiOjE1MzQ2NDk0MDgsImp0aSI6ImljdEw0WjlYanNFSFdFMzBvVUJtMElwZ1dpQVF4UmYyRDlrOU5cLzlteXprPSIsImlzcyI6Ijo6MSIsIm5iZiI6MTUzNDY0OTQwOCwiZXhwIjoxNTM0NjUxMjA4LCJkYXRhIjp7InVzZXJuYW1lIjoiYWRlIiwicGFzc3dvcmQiOiJiNzAxNjZkMjM1OWU1NWZmMzQ4NGY1ZDcwMjBjNzBkODZkODkwNzk2IiwiaXAiOiI6OjEiLCJ1c2VyX2FnZW50IjoiVGlja2V0aW5nLVdlYkFwcCJ9fQ.3Q8JzH_IimzPh3_fSuBbnayjpz3S-K5IokAW7YdIwW4
Connection: close
Request body:

========================================
2018-08-19 10:37:49 
::1 GET /tourism/public-api/v1/countries/5/continent?limit=1 HTTP/1.1
HTTP headers:
Host: localhost
User-Agent: Ticketing-WebApp
Authorization: Bearer eyJ0eXAiOiJKV1QiLCJhbGciOiJIUzI1NiJ9.eyJpYXQiOjE1MzQ2NDk0MDgsImp0aSI6ImljdEw0WjlYanNFSFdFMzBvVUJtMElwZ1dpQVF4UmYyRDlrOU5cLzlteXprPSIsImlzcyI6Ijo6MSIsIm5iZiI6MTUzNDY0OTQwOCwiZXhwIjoxNTM0NjUxMjA4LCJkYXRhIjp7InVzZXJuYW1lIjoiYWRlIiwicGFzc3dvcmQiOiJiNzAxNjZkMjM1OWU1NWZmMzQ4NGY1ZDcwMjBjNzBkODZkODkwNzk2IiwiaXAiOiI6OjEiLCJ1c2VyX2FnZW50IjoiVGlja2V0aW5nLVdlYkFwcCJ9fQ.3Q8JzH_IimzPh3_fSuBbnayjpz3S-K5IokAW7YdIwW4
Connection: close
Request body:

========================================
2018-08-19 10:37:49 
::1 GET /tourism/public-api/v1/countries/5/continent?limit=1 HTTP/1.1
HTTP headers:
Host: localhost
User-Agent: Ticketing-WebApp
Authorization: Bearer eyJ0eXAiOiJKV1QiLCJhbGciOiJIUzI1NiJ9.eyJpYXQiOjE1MzQ2NDk0MDgsImp0aSI6ImljdEw0WjlYanNFSFdFMzBvVUJtMElwZ1dpQVF4UmYyRDlrOU5cLzlteXprPSIsImlzcyI6Ijo6MSIsIm5iZiI6MTUzNDY0OTQwOCwiZXhwIjoxNTM0NjUxMjA4LCJkYXRhIjp7InVzZXJuYW1lIjoiYWRlIiwicGFzc3dvcmQiOiJiNzAxNjZkMjM1OWU1NWZmMzQ4NGY1ZDcwMjBjNzBkODZkODkwNzk2IiwiaXAiOiI6OjEiLCJ1c2VyX2FnZW50IjoiVGlja2V0aW5nLVdlYkFwcCJ9fQ.3Q8JzH_IimzPh3_fSuBbnayjpz3S-K5IokAW7YdIwW4
Connection: close
Request body:

========================================
2018-08-19 10:38:58 
::1 GET /tourism/public-api/v1/countries/5/continent?limit=1 HTTP/1.1
HTTP headers:
Host: localhost
User-Agent: Ticketing-WebApp
Authorization: Bearer eyJ0eXAiOiJKV1QiLCJhbGciOiJIUzI1NiJ9.eyJpYXQiOjE1MzQ2NDk0MDgsImp0aSI6ImljdEw0WjlYanNFSFdFMzBvVUJtMElwZ1dpQVF4UmYyRDlrOU5cLzlteXprPSIsImlzcyI6Ijo6MSIsIm5iZiI6MTUzNDY0OTQwOCwiZXhwIjoxNTM0NjUxMjA4LCJkYXRhIjp7InVzZXJuYW1lIjoiYWRlIiwicGFzc3dvcmQiOiJiNzAxNjZkMjM1OWU1NWZmMzQ4NGY1ZDcwMjBjNzBkODZkODkwNzk2IiwiaXAiOiI6OjEiLCJ1c2VyX2FnZW50IjoiVGlja2V0aW5nLVdlYkFwcCJ9fQ.3Q8JzH_IimzPh3_fSuBbnayjpz3S-K5IokAW7YdIwW4
Connection: close
Request body:

========================================
2018-08-19 10:38:58 
::1 GET /tourism/public-api/v1/countries/5/continent?limit=1 HTTP/1.1
HTTP headers:
Host: localhost
User-Agent: Ticketing-WebApp
Authorization: Bearer eyJ0eXAiOiJKV1QiLCJhbGciOiJIUzI1NiJ9.eyJpYXQiOjE1MzQ2NDk0MDgsImp0aSI6ImljdEw0WjlYanNFSFdFMzBvVUJtMElwZ1dpQVF4UmYyRDlrOU5cLzlteXprPSIsImlzcyI6Ijo6MSIsIm5iZiI6MTUzNDY0OTQwOCwiZXhwIjoxNTM0NjUxMjA4LCJkYXRhIjp7InVzZXJuYW1lIjoiYWRlIiwicGFzc3dvcmQiOiJiNzAxNjZkMjM1OWU1NWZmMzQ4NGY1ZDcwMjBjNzBkODZkODkwNzk2IiwiaXAiOiI6OjEiLCJ1c2VyX2FnZW50IjoiVGlja2V0aW5nLVdlYkFwcCJ9fQ.3Q8JzH_IimzPh3_fSuBbnayjpz3S-K5IokAW7YdIwW4
Connection: close
Request body:

========================================
2018-08-19 10:39:26 
::1 GET /tourism/public-api/v1/countries/5/continent?limit=1 HTTP/1.1
HTTP headers:
Host: localhost
User-Agent: Ticketing-WebApp
Authorization: Bearer eyJ0eXAiOiJKV1QiLCJhbGciOiJIUzI1NiJ9.eyJpYXQiOjE1MzQ2NDk0MDgsImp0aSI6ImljdEw0WjlYanNFSFdFMzBvVUJtMElwZ1dpQVF4UmYyRDlrOU5cLzlteXprPSIsImlzcyI6Ijo6MSIsIm5iZiI6MTUzNDY0OTQwOCwiZXhwIjoxNTM0NjUxMjA4LCJkYXRhIjp7InVzZXJuYW1lIjoiYWRlIiwicGFzc3dvcmQiOiJiNzAxNjZkMjM1OWU1NWZmMzQ4NGY1ZDcwMjBjNzBkODZkODkwNzk2IiwiaXAiOiI6OjEiLCJ1c2VyX2FnZW50IjoiVGlja2V0aW5nLVdlYkFwcCJ9fQ.3Q8JzH_IimzPh3_fSuBbnayjpz3S-K5IokAW7YdIwW4
Connection: close
Request body:

========================================
2018-08-19 10:39:26 
::1 GET /tourism/public-api/v1/countries/5/continent?limit=1 HTTP/1.1
HTTP headers:
Host: localhost
User-Agent: Ticketing-WebApp
Authorization: Bearer eyJ0eXAiOiJKV1QiLCJhbGciOiJIUzI1NiJ9.eyJpYXQiOjE1MzQ2NDk0MDgsImp0aSI6ImljdEw0WjlYanNFSFdFMzBvVUJtMElwZ1dpQVF4UmYyRDlrOU5cLzlteXprPSIsImlzcyI6Ijo6MSIsIm5iZiI6MTUzNDY0OTQwOCwiZXhwIjoxNTM0NjUxMjA4LCJkYXRhIjp7InVzZXJuYW1lIjoiYWRlIiwicGFzc3dvcmQiOiJiNzAxNjZkMjM1OWU1NWZmMzQ4NGY1ZDcwMjBjNzBkODZkODkwNzk2IiwiaXAiOiI6OjEiLCJ1c2VyX2FnZW50IjoiVGlja2V0aW5nLVdlYkFwcCJ9fQ.3Q8JzH_IimzPh3_fSuBbnayjpz3S-K5IokAW7YdIwW4
Connection: close
Request body:

========================================
2018-08-19 10:40:00 
::1 GET /tourism/public-api/v1/countries/5/continent?limit=1 HTTP/1.1
HTTP headers:
Host: localhost
User-Agent: Ticketing-WebApp
Authorization: Bearer eyJ0eXAiOiJKV1QiLCJhbGciOiJIUzI1NiJ9.eyJpYXQiOjE1MzQ2NDk0MDgsImp0aSI6ImljdEw0WjlYanNFSFdFMzBvVUJtMElwZ1dpQVF4UmYyRDlrOU5cLzlteXprPSIsImlzcyI6Ijo6MSIsIm5iZiI6MTUzNDY0OTQwOCwiZXhwIjoxNTM0NjUxMjA4LCJkYXRhIjp7InVzZXJuYW1lIjoiYWRlIiwicGFzc3dvcmQiOiJiNzAxNjZkMjM1OWU1NWZmMzQ4NGY1ZDcwMjBjNzBkODZkODkwNzk2IiwiaXAiOiI6OjEiLCJ1c2VyX2FnZW50IjoiVGlja2V0aW5nLVdlYkFwcCJ9fQ.3Q8JzH_IimzPh3_fSuBbnayjpz3S-K5IokAW7YdIwW4
Connection: close
Request body:

========================================
2018-08-19 10:40:00 
::1 GET /tourism/public-api/v1/countries/5/continent?limit=1 HTTP/1.1
HTTP headers:
Host: localhost
User-Agent: Ticketing-WebApp
Authorization: Bearer eyJ0eXAiOiJKV1QiLCJhbGciOiJIUzI1NiJ9.eyJpYXQiOjE1MzQ2NDk0MDgsImp0aSI6ImljdEw0WjlYanNFSFdFMzBvVUJtMElwZ1dpQVF4UmYyRDlrOU5cLzlteXprPSIsImlzcyI6Ijo6MSIsIm5iZiI6MTUzNDY0OTQwOCwiZXhwIjoxNTM0NjUxMjA4LCJkYXRhIjp7InVzZXJuYW1lIjoiYWRlIiwicGFzc3dvcmQiOiJiNzAxNjZkMjM1OWU1NWZmMzQ4NGY1ZDcwMjBjNzBkODZkODkwNzk2IiwiaXAiOiI6OjEiLCJ1c2VyX2FnZW50IjoiVGlja2V0aW5nLVdlYkFwcCJ9fQ.3Q8JzH_IimzPh3_fSuBbnayjpz3S-K5IokAW7YdIwW4
Connection: close
Request body:

========================================
2018-08-19 10:56:22 
::1 GET /tourism/public-api/v1/countries/5/continent?limit=1 HTTP/1.1
HTTP headers:
Host: localhost
User-Agent: Ticketing-WebApp
Authorization: Bearer eyJ0eXAiOiJKV1QiLCJhbGciOiJIUzI1NiJ9.eyJpYXQiOjE1MzQ2NDk0MDgsImp0aSI6ImljdEw0WjlYanNFSFdFMzBvVUJtMElwZ1dpQVF4UmYyRDlrOU5cLzlteXprPSIsImlzcyI6Ijo6MSIsIm5iZiI6MTUzNDY0OTQwOCwiZXhwIjoxNTM0NjUxMjA4LCJkYXRhIjp7InVzZXJuYW1lIjoiYWRlIiwicGFzc3dvcmQiOiJiNzAxNjZkMjM1OWU1NWZmMzQ4NGY1ZDcwMjBjNzBkODZkODkwNzk2IiwiaXAiOiI6OjEiLCJ1c2VyX2FnZW50IjoiVGlja2V0aW5nLVdlYkFwcCJ9fQ.3Q8JzH_IimzPh3_fSuBbnayjpz3S-K5IokAW7YdIwW4
Connection: close
Request body:

========================================
2018-08-19 10:56:22 
::1 GET /tourism/public-api/v1/countries/5/continent?limit=1 HTTP/1.1
HTTP headers:
Host: localhost
User-Agent: Ticketing-WebApp
Authorization: Bearer eyJ0eXAiOiJKV1QiLCJhbGciOiJIUzI1NiJ9.eyJpYXQiOjE1MzQ2NDk0MDgsImp0aSI6ImljdEw0WjlYanNFSFdFMzBvVUJtMElwZ1dpQVF4UmYyRDlrOU5cLzlteXprPSIsImlzcyI6Ijo6MSIsIm5iZiI6MTUzNDY0OTQwOCwiZXhwIjoxNTM0NjUxMjA4LCJkYXRhIjp7InVzZXJuYW1lIjoiYWRlIiwicGFzc3dvcmQiOiJiNzAxNjZkMjM1OWU1NWZmMzQ4NGY1ZDcwMjBjNzBkODZkODkwNzk2IiwiaXAiOiI6OjEiLCJ1c2VyX2FnZW50IjoiVGlja2V0aW5nLVdlYkFwcCJ9fQ.3Q8JzH_IimzPh3_fSuBbnayjpz3S-K5IokAW7YdIwW4
Connection: close
Request body:

========================================
2018-08-19 10:57:14 
::1 GET /tourism/public-api/v1/countries//continent?limit=1 HTTP/1.1
HTTP headers:
Host: localhost
User-Agent: Ticketing-WebApp
Authorization: Bearer eyJ0eXAiOiJKV1QiLCJhbGciOiJIUzI1NiJ9.eyJpYXQiOjE1MzQ2NDk0MDgsImp0aSI6ImljdEw0WjlYanNFSFdFMzBvVUJtMElwZ1dpQVF4UmYyRDlrOU5cLzlteXprPSIsImlzcyI6Ijo6MSIsIm5iZiI6MTUzNDY0OTQwOCwiZXhwIjoxNTM0NjUxMjA4LCJkYXRhIjp7InVzZXJuYW1lIjoiYWRlIiwicGFzc3dvcmQiOiJiNzAxNjZkMjM1OWU1NWZmMzQ4NGY1ZDcwMjBjNzBkODZkODkwNzk2IiwiaXAiOiI6OjEiLCJ1c2VyX2FnZW50IjoiVGlja2V0aW5nLVdlYkFwcCJ9fQ.3Q8JzH_IimzPh3_fSuBbnayjpz3S-K5IokAW7YdIwW4
Connection: close
Request body:

========================================
2018-08-19 10:57:14 
::1 POST /tourism/public-api/v1/users/token HTTP/1.1
HTTP headers:
Host: localhost
Content-Length: 25
User-Agent: Ticketing-WebApp
Connection: close
Content-Type: application/x-www-form-urlencoded
Request body:
username=ade&password=ade
========================================
2018-08-19 10:57:15 
::1 GET /tourism/public-api/v1/countries//continent?limit=1 HTTP/1.1
HTTP headers:
Host: localhost
User-Agent: Ticketing-WebApp
Authorization: Bearer eyJ0eXAiOiJKV1QiLCJhbGciOiJIUzI1NiJ9.eyJpYXQiOjE1MzQ2NTEwMzQsImp0aSI6ImpyRmVSRzB4V2lxRkhPTW5jd2paWU1sODN4cGExQUtGNGk1cG1XSU5DZlU9IiwiaXNzIjoiOjoxIiwibmJmIjoxNTM0NjUxMDM0LCJleHAiOjE1MzQ2NTI4MzQsImRhdGEiOnsidXNlcm5hbWUiOiJhZGUiLCJwYXNzd29yZCI6ImI3MDE2NmQyMzU5ZTU1ZmYzNDg0ZjVkNzAyMGM3MGQ4NmQ4OTA3OTYiLCJpcCI6Ijo6MSIsInVzZXJfYWdlbnQiOiJUaWNrZXRpbmctV2ViQXBwIn19.QnmXffpFx0BLW4lLvmsiv1820DLvw5R5LuoPrzkl-c8
Connection: close
Request body:

========================================
2018-08-19 10:57:15 
::1 POST /tourism/public-api/v1/users/token HTTP/1.1
HTTP headers:
Host: localhost
Content-Length: 25
User-Agent: Ticketing-WebApp
Connection: close
Content-Type: application/x-www-form-urlencoded
Request body:
username=ade&password=ade
========================================
2018-08-19 10:57:16 
::1 GET /tourism/public-api/v1/countries//continent?limit=1 HTTP/1.1
HTTP headers:
Host: localhost
User-Agent: Ticketing-WebApp
Authorization: Bearer eyJ0eXAiOiJKV1QiLCJhbGciOiJIUzI1NiJ9.eyJpYXQiOjE1MzQ2NTEwMzUsImp0aSI6InhFZ3hyYzNMRzJCdkplU05UcnVhbCtoa0lEVmJFR29NQjE2eisyMndIVDA9IiwiaXNzIjoiOjoxIiwibmJmIjoxNTM0NjUxMDM1LCJleHAiOjE1MzQ2NTI4MzUsImRhdGEiOnsidXNlcm5hbWUiOiJhZGUiLCJwYXNzd29yZCI6ImI3MDE2NmQyMzU5ZTU1ZmYzNDg0ZjVkNzAyMGM3MGQ4NmQ4OTA3OTYiLCJpcCI6Ijo6MSIsInVzZXJfYWdlbnQiOiJUaWNrZXRpbmctV2ViQXBwIn19.yK5rEAyl8StazxjKCyQjMCq6-Ds-w0W_xfmwebEdEsM
Connection: close
Request body:

========================================
2018-08-19 10:57:17 
::1 POST /tourism/public-api/v1/users/token HTTP/1.1
HTTP headers:
Host: localhost
Content-Length: 25
User-Agent: Ticketing-WebApp
Connection: close
Content-Type: application/x-www-form-urlencoded
Request body:
username=ade&password=ade
========================================
2018-08-19 10:57:18 
::1 GET /tourism/public-api/v1/countries//continent?limit=1 HTTP/1.1
HTTP headers:
Host: localhost
User-Agent: Ticketing-WebApp
Authorization: Bearer eyJ0eXAiOiJKV1QiLCJhbGciOiJIUzI1NiJ9.eyJpYXQiOjE1MzQ2NTEwMzcsImp0aSI6IjlUT2J2eStuTDk1WlpVN3BMK29nZ2FQS2dNMHc3SnNHeW9RRnJHbUFwM2c9IiwiaXNzIjoiOjoxIiwibmJmIjoxNTM0NjUxMDM3LCJleHAiOjE1MzQ2NTI4MzcsImRhdGEiOnsidXNlcm5hbWUiOiJhZGUiLCJwYXNzd29yZCI6ImI3MDE2NmQyMzU5ZTU1ZmYzNDg0ZjVkNzAyMGM3MGQ4NmQ4OTA3OTYiLCJpcCI6Ijo6MSIsInVzZXJfYWdlbnQiOiJUaWNrZXRpbmctV2ViQXBwIn19.dgHfWCbqwRAjqIsMa7F99eASL4h0rVQE-uOZ1lRNFBw
Connection: close
Request body:

========================================
2018-08-19 10:57:18 
::1 GET /tourism/public-api/v1/countries//continent?limit= HTTP/1.1
HTTP headers:
Host: localhost
User-Agent: Ticketing-WebApp
Authorization: Bearer eyJ0eXAiOiJKV1QiLCJhbGciOiJIUzI1NiJ9.eyJpYXQiOjE1MzQ2NTEwMzcsImp0aSI6IjlUT2J2eStuTDk1WlpVN3BMK29nZ2FQS2dNMHc3SnNHeW9RRnJHbUFwM2c9IiwiaXNzIjoiOjoxIiwibmJmIjoxNTM0NjUxMDM3LCJleHAiOjE1MzQ2NTI4MzcsImRhdGEiOnsidXNlcm5hbWUiOiJhZGUiLCJwYXNzd29yZCI6ImI3MDE2NmQyMzU5ZTU1ZmYzNDg0ZjVkNzAyMGM3MGQ4NmQ4OTA3OTYiLCJpcCI6Ijo6MSIsInVzZXJfYWdlbnQiOiJUaWNrZXRpbmctV2ViQXBwIn19.dgHfWCbqwRAjqIsMa7F99eASL4h0rVQE-uOZ1lRNFBw
Connection: close
Request body:

========================================
2018-08-19 10:57:18 
::1 POST /tourism/public-api/v1/users/token HTTP/1.1
HTTP headers:
Host: localhost
Content-Length: 25
User-Agent: Ticketing-WebApp
Connection: close
Content-Type: application/x-www-form-urlencoded
Request body:
username=ade&password=ade
========================================
2018-08-19 10:57:19 
::1 GET /tourism/public-api/v1/countries//continent?limit= HTTP/1.1
HTTP headers:
Host: localhost
User-Agent: Ticketing-WebApp
Authorization: Bearer eyJ0eXAiOiJKV1QiLCJhbGciOiJIUzI1NiJ9.eyJpYXQiOjE1MzQ2NTEwMzgsImp0aSI6IjlwZVlrek9SdXJMTjUzM29VOVdEdjBkOTNtTmRJUUdBXC9VVE12OTlGZE53PSIsImlzcyI6Ijo6MSIsIm5iZiI6MTUzNDY1MTAzOCwiZXhwIjoxNTM0NjUyODM4LCJkYXRhIjp7InVzZXJuYW1lIjoiYWRlIiwicGFzc3dvcmQiOiJiNzAxNjZkMjM1OWU1NWZmMzQ4NGY1ZDcwMjBjNzBkODZkODkwNzk2IiwiaXAiOiI6OjEiLCJ1c2VyX2FnZW50IjoiVGlja2V0aW5nLVdlYkFwcCJ9fQ.aQnuyaUFGgwUsMiXmjbeBDeh1OMiIy61livrZJbILg4
Connection: close
Request body:

========================================
2018-08-19 10:57:19 
::1 POST /tourism/public-api/v1/users/token HTTP/1.1
HTTP headers:
Host: localhost
Content-Length: 25
User-Agent: Ticketing-WebApp
Connection: close
Content-Type: application/x-www-form-urlencoded
Request body:
username=ade&password=ade
========================================
2018-08-19 10:57:20 
::1 GET /tourism/public-api/v1/countries//continent?limit= HTTP/1.1
HTTP headers:
Host: localhost
User-Agent: Ticketing-WebApp
Authorization: Bearer eyJ0eXAiOiJKV1QiLCJhbGciOiJIUzI1NiJ9.eyJpYXQiOjE1MzQ2NTEwMzksImp0aSI6IlFcL2pvc0VYMUZRNmhjTTNHa1E1VklhY2k3S0ttYWNPbDM1RXd1dTZ3WnIwPSIsImlzcyI6Ijo6MSIsIm5iZiI6MTUzNDY1MTAzOSwiZXhwIjoxNTM0NjUyODM5LCJkYXRhIjp7InVzZXJuYW1lIjoiYWRlIiwicGFzc3dvcmQiOiJiNzAxNjZkMjM1OWU1NWZmMzQ4NGY1ZDcwMjBjNzBkODZkODkwNzk2IiwiaXAiOiI6OjEiLCJ1c2VyX2FnZW50IjoiVGlja2V0aW5nLVdlYkFwcCJ9fQ.9L73oX8rbwJUQVXaE1Q6peuYp656meeReHtSacfuKVY
Connection: close
Request body:

========================================
2018-08-19 10:57:20 
::1 POST /tourism/public-api/v1/users/token HTTP/1.1
HTTP headers:
Host: localhost
Content-Length: 25
User-Agent: Ticketing-WebApp
Connection: close
Content-Type: application/x-www-form-urlencoded
Request body:
username=ade&password=ade
========================================
2018-08-19 10:57:21 
::1 GET /tourism/public-api/v1/countries//continent?limit= HTTP/1.1
HTTP headers:
Host: localhost
User-Agent: Ticketing-WebApp
Authorization: Bearer eyJ0eXAiOiJKV1QiLCJhbGciOiJIUzI1NiJ9.eyJpYXQiOjE1MzQ2NTEwNDAsImp0aSI6IlppU0VNUUpFNmxNdDEwd1hzZHFZK3lLRWxIZURNcHB1RFFCRjVYWVJHQTQ9IiwiaXNzIjoiOjoxIiwibmJmIjoxNTM0NjUxMDQwLCJleHAiOjE1MzQ2NTI4NDAsImRhdGEiOnsidXNlcm5hbWUiOiJhZGUiLCJwYXNzd29yZCI6ImI3MDE2NmQyMzU5ZTU1ZmYzNDg0ZjVkNzAyMGM3MGQ4NmQ4OTA3OTYiLCJpcCI6Ijo6MSIsInVzZXJfYWdlbnQiOiJUaWNrZXRpbmctV2ViQXBwIn19.aFMjQW1PZInoeaXnkDWcuK11imQHW0wtZ45JaJCUkv4
Connection: close
Request body:

========================================
2018-08-19 10:57:22 
::1 GET /tourism/public-api/v1/countries//continent?limit=1 HTTP/1.1
HTTP headers:
Host: localhost
User-Agent: Ticketing-WebApp
Authorization: Bearer eyJ0eXAiOiJKV1QiLCJhbGciOiJIUzI1NiJ9.eyJpYXQiOjE1MzQ2NTEwNDAsImp0aSI6IlppU0VNUUpFNmxNdDEwd1hzZHFZK3lLRWxIZURNcHB1RFFCRjVYWVJHQTQ9IiwiaXNzIjoiOjoxIiwibmJmIjoxNTM0NjUxMDQwLCJleHAiOjE1MzQ2NTI4NDAsImRhdGEiOnsidXNlcm5hbWUiOiJhZGUiLCJwYXNzd29yZCI6ImI3MDE2NmQyMzU5ZTU1ZmYzNDg0ZjVkNzAyMGM3MGQ4NmQ4OTA3OTYiLCJpcCI6Ijo6MSIsInVzZXJfYWdlbnQiOiJUaWNrZXRpbmctV2ViQXBwIn19.aFMjQW1PZInoeaXnkDWcuK11imQHW0wtZ45JaJCUkv4
Connection: close
Request body:

========================================
2018-08-19 10:57:22 
::1 POST /tourism/public-api/v1/users/token HTTP/1.1
HTTP headers:
Host: localhost
Content-Length: 25
User-Agent: Ticketing-WebApp
Connection: close
Content-Type: application/x-www-form-urlencoded
Request body:
username=ade&password=ade
========================================
2018-08-19 10:57:23 
::1 GET /tourism/public-api/v1/countries//continent?limit=1 HTTP/1.1
HTTP headers:
Host: localhost
User-Agent: Ticketing-WebApp
Authorization: Bearer eyJ0eXAiOiJKV1QiLCJhbGciOiJIUzI1NiJ9.eyJpYXQiOjE1MzQ2NTEwNDIsImp0aSI6IktqNXhNUzg1VHdYaXBNTlVPYnNQNjVHcktyaVFRSU9hakh2OG1KNG0zXC8wPSIsImlzcyI6Ijo6MSIsIm5iZiI6MTUzNDY1MTA0MiwiZXhwIjoxNTM0NjUyODQyLCJkYXRhIjp7InVzZXJuYW1lIjoiYWRlIiwicGFzc3dvcmQiOiJiNzAxNjZkMjM1OWU1NWZmMzQ4NGY1ZDcwMjBjNzBkODZkODkwNzk2IiwiaXAiOiI6OjEiLCJ1c2VyX2FnZW50IjoiVGlja2V0aW5nLVdlYkFwcCJ9fQ.NsjdcRHZEWg32SbczTUQKDhozcE20v2WFBQ5JVlUEbM
Connection: close
Request body:

========================================
2018-08-19 10:57:23 
::1 POST /tourism/public-api/v1/users/token HTTP/1.1
HTTP headers:
Host: localhost
Content-Length: 25
User-Agent: Ticketing-WebApp
Connection: close
Content-Type: application/x-www-form-urlencoded
Request body:
username=ade&password=ade
========================================
2018-08-19 10:57:24 
::1 GET /tourism/public-api/v1/countries//continent?limit=1 HTTP/1.1
HTTP headers:
Host: localhost
User-Agent: Ticketing-WebApp
Authorization: Bearer eyJ0eXAiOiJKV1QiLCJhbGciOiJIUzI1NiJ9.eyJpYXQiOjE1MzQ2NTEwNDMsImp0aSI6IkRcL3Q2eEozTjlmdXU1U2dwRUdINEY5XC9WWEZyalJcL0xmSm1kS0tcL25Oa0VnPSIsImlzcyI6Ijo6MSIsIm5iZiI6MTUzNDY1MTA0MywiZXhwIjoxNTM0NjUyODQzLCJkYXRhIjp7InVzZXJuYW1lIjoiYWRlIiwicGFzc3dvcmQiOiJiNzAxNjZkMjM1OWU1NWZmMzQ4NGY1ZDcwMjBjNzBkODZkODkwNzk2IiwiaXAiOiI6OjEiLCJ1c2VyX2FnZW50IjoiVGlja2V0aW5nLVdlYkFwcCJ9fQ.z2PxURdGe0xZPfHSTGv7weGvs6BSjbyQAknT3o82U6k
Connection: close
Request body:

========================================
2018-08-19 10:57:24 
::1 POST /tourism/public-api/v1/users/token HTTP/1.1
HTTP headers:
Host: localhost
Content-Length: 25
User-Agent: Ticketing-WebApp
Connection: close
Content-Type: application/x-www-form-urlencoded
Request body:
username=ade&password=ade
========================================
2018-08-19 10:57:25 
::1 GET /tourism/public-api/v1/countries//continent?limit=1 HTTP/1.1
HTTP headers:
Host: localhost
User-Agent: Ticketing-WebApp
Authorization: Bearer eyJ0eXAiOiJKV1QiLCJhbGciOiJIUzI1NiJ9.eyJpYXQiOjE1MzQ2NTEwNDQsImp0aSI6Im12dVp1eDIzYWQ5YUU4XC9lQm82RGdraWRqTWtVZ2grb0xVOXBWZTJlRmtFPSIsImlzcyI6Ijo6MSIsIm5iZiI6MTUzNDY1MTA0NCwiZXhwIjoxNTM0NjUyODQ0LCJkYXRhIjp7InVzZXJuYW1lIjoiYWRlIiwicGFzc3dvcmQiOiJiNzAxNjZkMjM1OWU1NWZmMzQ4NGY1ZDcwMjBjNzBkODZkODkwNzk2IiwiaXAiOiI6OjEiLCJ1c2VyX2FnZW50IjoiVGlja2V0aW5nLVdlYkFwcCJ9fQ.5pe_sUI90LaMSY1lxndPVLi8O05G8G3ee1OjZL-4Qoc
Connection: close
Request body:

========================================
2018-08-19 10:57:25 
::1 GET /tourism/public-api/v1/countries//continent?limit= HTTP/1.1
HTTP headers:
Host: localhost
User-Agent: Ticketing-WebApp
Authorization: Bearer eyJ0eXAiOiJKV1QiLCJhbGciOiJIUzI1NiJ9.eyJpYXQiOjE1MzQ2NTEwNDQsImp0aSI6Im12dVp1eDIzYWQ5YUU4XC9lQm82RGdraWRqTWtVZ2grb0xVOXBWZTJlRmtFPSIsImlzcyI6Ijo6MSIsIm5iZiI6MTUzNDY1MTA0NCwiZXhwIjoxNTM0NjUyODQ0LCJkYXRhIjp7InVzZXJuYW1lIjoiYWRlIiwicGFzc3dvcmQiOiJiNzAxNjZkMjM1OWU1NWZmMzQ4NGY1ZDcwMjBjNzBkODZkODkwNzk2IiwiaXAiOiI6OjEiLCJ1c2VyX2FnZW50IjoiVGlja2V0aW5nLVdlYkFwcCJ9fQ.5pe_sUI90LaMSY1lxndPVLi8O05G8G3ee1OjZL-4Qoc
Connection: close
Request body:

========================================
2018-08-19 10:57:25 
::1 POST /tourism/public-api/v1/users/token HTTP/1.1
HTTP headers:
Host: localhost
Content-Length: 25
User-Agent: Ticketing-WebApp
Connection: close
Content-Type: application/x-www-form-urlencoded
Request body:
username=ade&password=ade
========================================
2018-08-19 10:57:26 
::1 GET /tourism/public-api/v1/countries//continent?limit= HTTP/1.1
HTTP headers:
Host: localhost
User-Agent: Ticketing-WebApp
Authorization: Bearer eyJ0eXAiOiJKV1QiLCJhbGciOiJIUzI1NiJ9.eyJpYXQiOjE1MzQ2NTEwNDUsImp0aSI6IlwvXC8xZ2N4XC85Z0hRenVJZjI1VWVJek83anFuYUZyTGdmd3p2VnRzUzdWZUU9IiwiaXNzIjoiOjoxIiwibmJmIjoxNTM0NjUxMDQ1LCJleHAiOjE1MzQ2NTI4NDUsImRhdGEiOnsidXNlcm5hbWUiOiJhZGUiLCJwYXNzd29yZCI6ImI3MDE2NmQyMzU5ZTU1ZmYzNDg0ZjVkNzAyMGM3MGQ4NmQ4OTA3OTYiLCJpcCI6Ijo6MSIsInVzZXJfYWdlbnQiOiJUaWNrZXRpbmctV2ViQXBwIn19.PXuLiXkAjC4seuIEovWKGvQ-XWXbUakdGhQSQeyA5SY
Connection: close
Request body:

========================================
2018-08-19 10:57:26 
::1 POST /tourism/public-api/v1/users/token HTTP/1.1
HTTP headers:
Host: localhost
Content-Length: 25
User-Agent: Ticketing-WebApp
Connection: close
Content-Type: application/x-www-form-urlencoded
Request body:
username=ade&password=ade
========================================
2018-08-19 10:57:28 
::1 GET /tourism/public-api/v1/countries//continent?limit= HTTP/1.1
HTTP headers:
Host: localhost
User-Agent: Ticketing-WebApp
Authorization: Bearer eyJ0eXAiOiJKV1QiLCJhbGciOiJIUzI1NiJ9.eyJpYXQiOjE1MzQ2NTEwNDcsImp0aSI6IkpwWlpxVWdYRE80a3lRS011bkZcLzNROFE4NlZUT0pBVVdLMnFZUWNRM2dNPSIsImlzcyI6Ijo6MSIsIm5iZiI6MTUzNDY1MTA0NywiZXhwIjoxNTM0NjUyODQ3LCJkYXRhIjp7InVzZXJuYW1lIjoiYWRlIiwicGFzc3dvcmQiOiJiNzAxNjZkMjM1OWU1NWZmMzQ4NGY1ZDcwMjBjNzBkODZkODkwNzk2IiwiaXAiOiI6OjEiLCJ1c2VyX2FnZW50IjoiVGlja2V0aW5nLVdlYkFwcCJ9fQ.1A58S0RR8FLSuMzdEjAgnlMftgy6Q1K5YQp5iZJOIgY
Connection: close
Request body:

========================================
2018-08-19 10:57:28 
::1 POST /tourism/public-api/v1/users/token HTTP/1.1
HTTP headers:
Host: localhost
Content-Length: 25
User-Agent: Ticketing-WebApp
Connection: close
Content-Type: application/x-www-form-urlencoded
Request body:
username=ade&password=ade
========================================
2018-08-19 10:57:29 
::1 GET /tourism/public-api/v1/countries//continent?limit= HTTP/1.1
HTTP headers:
Host: localhost
User-Agent: Ticketing-WebApp
Authorization: Bearer eyJ0eXAiOiJKV1QiLCJhbGciOiJIUzI1NiJ9.eyJpYXQiOjE1MzQ2NTEwNDgsImp0aSI6IkdMUThTNWNoS0FUWE85WmVjNnlcL1ZCRnh1WGlWOWdHVVZsOGY4Q29ZR2xJPSIsImlzcyI6Ijo6MSIsIm5iZiI6MTUzNDY1MTA0OCwiZXhwIjoxNTM0NjUyODQ4LCJkYXRhIjp7InVzZXJuYW1lIjoiYWRlIiwicGFzc3dvcmQiOiJiNzAxNjZkMjM1OWU1NWZmMzQ4NGY1ZDcwMjBjNzBkODZkODkwNzk2IiwiaXAiOiI6OjEiLCJ1c2VyX2FnZW50IjoiVGlja2V0aW5nLVdlYkFwcCJ9fQ.BCoFO9A8QiVe0TXFFlj_o_e1ug_tumPeoVGPWS371pM
Connection: close
Request body:

========================================
2018-08-19 10:57:33 
::1 GET /tourism/public-api/v1/countries//continent?limit=1 HTTP/1.1
HTTP headers:
Host: localhost
User-Agent: Ticketing-WebApp
Authorization: Bearer eyJ0eXAiOiJKV1QiLCJhbGciOiJIUzI1NiJ9.eyJpYXQiOjE1MzQ2NTEwNDgsImp0aSI6IkdMUThTNWNoS0FUWE85WmVjNnlcL1ZCRnh1WGlWOWdHVVZsOGY4Q29ZR2xJPSIsImlzcyI6Ijo6MSIsIm5iZiI6MTUzNDY1MTA0OCwiZXhwIjoxNTM0NjUyODQ4LCJkYXRhIjp7InVzZXJuYW1lIjoiYWRlIiwicGFzc3dvcmQiOiJiNzAxNjZkMjM1OWU1NWZmMzQ4NGY1ZDcwMjBjNzBkODZkODkwNzk2IiwiaXAiOiI6OjEiLCJ1c2VyX2FnZW50IjoiVGlja2V0aW5nLVdlYkFwcCJ9fQ.BCoFO9A8QiVe0TXFFlj_o_e1ug_tumPeoVGPWS371pM
Connection: close
Request body:

========================================
2018-08-19 10:57:33 
::1 POST /tourism/public-api/v1/users/token HTTP/1.1
HTTP headers:
Host: localhost
Content-Length: 25
User-Agent: Ticketing-WebApp
Connection: close
Content-Type: application/x-www-form-urlencoded
Request body:
username=ade&password=ade
========================================
2018-08-19 10:57:34 
::1 GET /tourism/public-api/v1/countries//continent?limit=1 HTTP/1.1
HTTP headers:
Host: localhost
User-Agent: Ticketing-WebApp
Authorization: Bearer eyJ0eXAiOiJKV1QiLCJhbGciOiJIUzI1NiJ9.eyJpYXQiOjE1MzQ2NTEwNTMsImp0aSI6Ikh0QkhLa3Q1TjNHZEZuZDdkazNjckVkZTRINmwyN2dXWW1HUFZRRFI3dTA9IiwiaXNzIjoiOjoxIiwibmJmIjoxNTM0NjUxMDUzLCJleHAiOjE1MzQ2NTI4NTMsImRhdGEiOnsidXNlcm5hbWUiOiJhZGUiLCJwYXNzd29yZCI6ImI3MDE2NmQyMzU5ZTU1ZmYzNDg0ZjVkNzAyMGM3MGQ4NmQ4OTA3OTYiLCJpcCI6Ijo6MSIsInVzZXJfYWdlbnQiOiJUaWNrZXRpbmctV2ViQXBwIn19.Dj_Tu0xb3s9QsVcC_5LVHzQ6wGBPN7akmn4MIbAQYJc
Connection: close
Request body:

========================================
2018-08-19 10:57:34 
::1 POST /tourism/public-api/v1/users/token HTTP/1.1
HTTP headers:
Host: localhost
Content-Length: 25
User-Agent: Ticketing-WebApp
Connection: close
Content-Type: application/x-www-form-urlencoded
Request body:
username=ade&password=ade
========================================
2018-08-19 10:57:35 
::1 GET /tourism/public-api/v1/countries//continent?limit=1 HTTP/1.1
HTTP headers:
Host: localhost
User-Agent: Ticketing-WebApp
Authorization: Bearer eyJ0eXAiOiJKV1QiLCJhbGciOiJIUzI1NiJ9.eyJpYXQiOjE1MzQ2NTEwNTQsImp0aSI6IkdRaExlXC9rU2UzV0xIVzF3RTRlXC9mbWd0Z09rMGlheE5xUWdvUVNNSjcwdz0iLCJpc3MiOiI6OjEiLCJuYmYiOjE1MzQ2NTEwNTQsImV4cCI6MTUzNDY1Mjg1NCwiZGF0YSI6eyJ1c2VybmFtZSI6ImFkZSIsInBhc3N3b3JkIjoiYjcwMTY2ZDIzNTllNTVmZjM0ODRmNWQ3MDIwYzcwZDg2ZDg5MDc5NiIsImlwIjoiOjoxIiwidXNlcl9hZ2VudCI6IlRpY2tldGluZy1XZWJBcHAifX0.2ANcWqaX_lsRI-lP6O_10i_0WFnto5siOQTOXFvGvBE
Connection: close
Request body:

========================================
2018-08-19 10:57:36 
::1 POST /tourism/public-api/v1/users/token HTTP/1.1
HTTP headers:
Host: localhost
Content-Length: 25
User-Agent: Ticketing-WebApp
Connection: close
Content-Type: application/x-www-form-urlencoded
Request body:
username=ade&password=ade
========================================
2018-08-19 10:57:37 
::1 GET /tourism/public-api/v1/countries//continent?limit=1 HTTP/1.1
HTTP headers:
Host: localhost
User-Agent: Ticketing-WebApp
Authorization: Bearer eyJ0eXAiOiJKV1QiLCJhbGciOiJIUzI1NiJ9.eyJpYXQiOjE1MzQ2NTEwNTYsImp0aSI6IjlXXC80VUk1R29taHkxYXFwTWlwTEdoemVoaWwxeEJtdVhNbUlWVDRSb0NRPSIsImlzcyI6Ijo6MSIsIm5iZiI6MTUzNDY1MTA1NiwiZXhwIjoxNTM0NjUyODU2LCJkYXRhIjp7InVzZXJuYW1lIjoiYWRlIiwicGFzc3dvcmQiOiJiNzAxNjZkMjM1OWU1NWZmMzQ4NGY1ZDcwMjBjNzBkODZkODkwNzk2IiwiaXAiOiI6OjEiLCJ1c2VyX2FnZW50IjoiVGlja2V0aW5nLVdlYkFwcCJ9fQ.fqXkVGRe4HlrNG-hW43nnfwbne72YznLFlcIkKfgaQ4
Connection: close
Request body:

========================================
2018-08-19 10:57:37 
::1 GET /tourism/public-api/v1/countries//continent?limit= HTTP/1.1
HTTP headers:
Host: localhost
User-Agent: Ticketing-WebApp
Authorization: Bearer eyJ0eXAiOiJKV1QiLCJhbGciOiJIUzI1NiJ9.eyJpYXQiOjE1MzQ2NTEwNTYsImp0aSI6IjlXXC80VUk1R29taHkxYXFwTWlwTEdoemVoaWwxeEJtdVhNbUlWVDRSb0NRPSIsImlzcyI6Ijo6MSIsIm5iZiI6MTUzNDY1MTA1NiwiZXhwIjoxNTM0NjUyODU2LCJkYXRhIjp7InVzZXJuYW1lIjoiYWRlIiwicGFzc3dvcmQiOiJiNzAxNjZkMjM1OWU1NWZmMzQ4NGY1ZDcwMjBjNzBkODZkODkwNzk2IiwiaXAiOiI6OjEiLCJ1c2VyX2FnZW50IjoiVGlja2V0aW5nLVdlYkFwcCJ9fQ.fqXkVGRe4HlrNG-hW43nnfwbne72YznLFlcIkKfgaQ4
Connection: close
Request body:

========================================
2018-08-19 10:57:37 
::1 POST /tourism/public-api/v1/users/token HTTP/1.1
HTTP headers:
Host: localhost
Content-Length: 25
User-Agent: Ticketing-WebApp
Connection: close
Content-Type: application/x-www-form-urlencoded
Request body:
username=ade&password=ade
========================================
2018-08-19 10:57:38 
::1 GET /tourism/public-api/v1/countries//continent?limit= HTTP/1.1
HTTP headers:
Host: localhost
User-Agent: Ticketing-WebApp
Authorization: Bearer eyJ0eXAiOiJKV1QiLCJhbGciOiJIUzI1NiJ9.eyJpYXQiOjE1MzQ2NTEwNTcsImp0aSI6ImFrSmtLaERxUG1OTzNyOElHRndUNE1aRytaWldoYWxnT3JOakJ0TjAwMmM9IiwiaXNzIjoiOjoxIiwibmJmIjoxNTM0NjUxMDU3LCJleHAiOjE1MzQ2NTI4NTcsImRhdGEiOnsidXNlcm5hbWUiOiJhZGUiLCJwYXNzd29yZCI6ImI3MDE2NmQyMzU5ZTU1ZmYzNDg0ZjVkNzAyMGM3MGQ4NmQ4OTA3OTYiLCJpcCI6Ijo6MSIsInVzZXJfYWdlbnQiOiJUaWNrZXRpbmctV2ViQXBwIn19.LhsxaNRM1P3FB_q6z2e3iH0TEfsv2xZxEytPCc3bnuI
Connection: close
Request body:

========================================
2018-08-19 10:57:38 
::1 POST /tourism/public-api/v1/users/token HTTP/1.1
HTTP headers:
Host: localhost
Content-Length: 25
User-Agent: Ticketing-WebApp
Connection: close
Content-Type: application/x-www-form-urlencoded
Request body:
username=ade&password=ade
========================================
2018-08-19 10:57:39 
::1 GET /tourism/public-api/v1/countries//continent?limit= HTTP/1.1
HTTP headers:
Host: localhost
User-Agent: Ticketing-WebApp
Authorization: Bearer eyJ0eXAiOiJKV1QiLCJhbGciOiJIUzI1NiJ9.eyJpYXQiOjE1MzQ2NTEwNTgsImp0aSI6ImhYS3lybDZBVGV6WDhBWUdJWUIwNlZyU3dIM2g5TDk3R25xWDdVYkpFeDA9IiwiaXNzIjoiOjoxIiwibmJmIjoxNTM0NjUxMDU4LCJleHAiOjE1MzQ2NTI4NTgsImRhdGEiOnsidXNlcm5hbWUiOiJhZGUiLCJwYXNzd29yZCI6ImI3MDE2NmQyMzU5ZTU1ZmYzNDg0ZjVkNzAyMGM3MGQ4NmQ4OTA3OTYiLCJpcCI6Ijo6MSIsInVzZXJfYWdlbnQiOiJUaWNrZXRpbmctV2ViQXBwIn19.K3a2VxE-SuKGw_x4bGQhjP1BYgbx44UOOfI5NQZ85W8
Connection: close
Request body:

========================================
2018-08-19 10:57:39 
::1 POST /tourism/public-api/v1/users/token HTTP/1.1
HTTP headers:
Host: localhost
Content-Length: 25
User-Agent: Ticketing-WebApp
Connection: close
Content-Type: application/x-www-form-urlencoded
Request body:
username=ade&password=ade
========================================
2018-08-19 10:57:40 
::1 GET /tourism/public-api/v1/countries//continent?limit= HTTP/1.1
HTTP headers:
Host: localhost
User-Agent: Ticketing-WebApp
Authorization: Bearer eyJ0eXAiOiJKV1QiLCJhbGciOiJIUzI1NiJ9.eyJpYXQiOjE1MzQ2NTEwNTksImp0aSI6ImpZUE9xb1FMRlJFWHdVQitUVEFYOWRZMDl1bzNTTmVDZHJnZzhvengzUDA9IiwiaXNzIjoiOjoxIiwibmJmIjoxNTM0NjUxMDU5LCJleHAiOjE1MzQ2NTI4NTksImRhdGEiOnsidXNlcm5hbWUiOiJhZGUiLCJwYXNzd29yZCI6ImI3MDE2NmQyMzU5ZTU1ZmYzNDg0ZjVkNzAyMGM3MGQ4NmQ4OTA3OTYiLCJpcCI6Ijo6MSIsInVzZXJfYWdlbnQiOiJUaWNrZXRpbmctV2ViQXBwIn19.aWCkeG1jvRg8ThlTAs7LhZ5-VHdPidfeJLGH0B6Itus
Connection: close
Request body:

========================================
2018-08-19 11:02:33 
::1 GET /tourism/public-api/v1/countries/5/continent?limit=1 HTTP/1.1
HTTP headers:
Host: localhost
User-Agent: Ticketing-WebApp
Authorization: Bearer eyJ0eXAiOiJKV1QiLCJhbGciOiJIUzI1NiJ9.eyJpYXQiOjE1MzQ2NTEwNTksImp0aSI6ImpZUE9xb1FMRlJFWHdVQitUVEFYOWRZMDl1bzNTTmVDZHJnZzhvengzUDA9IiwiaXNzIjoiOjoxIiwibmJmIjoxNTM0NjUxMDU5LCJleHAiOjE1MzQ2NTI4NTksImRhdGEiOnsidXNlcm5hbWUiOiJhZGUiLCJwYXNzd29yZCI6ImI3MDE2NmQyMzU5ZTU1ZmYzNDg0ZjVkNzAyMGM3MGQ4NmQ4OTA3OTYiLCJpcCI6Ijo6MSIsInVzZXJfYWdlbnQiOiJUaWNrZXRpbmctV2ViQXBwIn19.aWCkeG1jvRg8ThlTAs7LhZ5-VHdPidfeJLGH0B6Itus
Connection: close
Request body:

========================================
2018-08-19 11:02:33 
::1 GET /tourism/public-api/v1/countries/5/continent?limit=1 HTTP/1.1
HTTP headers:
Host: localhost
User-Agent: Ticketing-WebApp
Authorization: Bearer eyJ0eXAiOiJKV1QiLCJhbGciOiJIUzI1NiJ9.eyJpYXQiOjE1MzQ2NTEwNTksImp0aSI6ImpZUE9xb1FMRlJFWHdVQitUVEFYOWRZMDl1bzNTTmVDZHJnZzhvengzUDA9IiwiaXNzIjoiOjoxIiwibmJmIjoxNTM0NjUxMDU5LCJleHAiOjE1MzQ2NTI4NTksImRhdGEiOnsidXNlcm5hbWUiOiJhZGUiLCJwYXNzd29yZCI6ImI3MDE2NmQyMzU5ZTU1ZmYzNDg0ZjVkNzAyMGM3MGQ4NmQ4OTA3OTYiLCJpcCI6Ijo6MSIsInVzZXJfYWdlbnQiOiJUaWNrZXRpbmctV2ViQXBwIn19.aWCkeG1jvRg8ThlTAs7LhZ5-VHdPidfeJLGH0B6Itus
Connection: close
Request body:

========================================
2018-08-19 12:01:29 
::1 POST /tourism/public-api/v1/users/token HTTP/1.1
HTTP headers:
Host: localhost
Content-Length: 25
User-Agent: Ticketing-WebApp
Connection: close
Content-Type: application/x-www-form-urlencoded
Request body:
username=ade&password=ade
========================================
2018-08-19 12:01:30 
::1 GET /tourism/public-api/v1/users/1 HTTP/1.1
HTTP headers:
Host: localhost
User-Agent: Ticketing-WebApp
Authorization: Bearer eyJ0eXAiOiJKV1QiLCJhbGciOiJIUzI1NiJ9.eyJpYXQiOjE1MzQ2NTQ4ODksImp0aSI6IktHY3djb3FXVEtCVm5IcUYrTnJaUzNBXC91Z3VyT1wvREhieEpoS0pVd1pTYz0iLCJpc3MiOiI6OjEiLCJuYmYiOjE1MzQ2NTQ4ODksImV4cCI6MTUzNDY1NjY4OSwiZGF0YSI6eyJ1c2VybmFtZSI6ImFkZSIsInBhc3N3b3JkIjoiYjcwMTY2ZDIzNTllNTVmZjM0ODRmNWQ3MDIwYzcwZDg2ZDg5MDc5NiIsImlwIjoiOjoxIiwidXNlcl9hZ2VudCI6IlRpY2tldGluZy1XZWJBcHAifX0.hmSjaSBX5FqmHvpnoPpPhaHRuk1JTSopCRJfqDDeZmM
Connection: close
Request body:

========================================
2018-08-19 12:02:08 
::1 GET /tourism/public-api/v1/countries/5/continent?limit=1 HTTP/1.1
HTTP headers:
Host: localhost
User-Agent: Ticketing-WebApp
Authorization: Bearer eyJ0eXAiOiJKV1QiLCJhbGciOiJIUzI1NiJ9.eyJpYXQiOjE1MzQ2NTQ4ODksImp0aSI6IktHY3djb3FXVEtCVm5IcUYrTnJaUzNBXC91Z3VyT1wvREhieEpoS0pVd1pTYz0iLCJpc3MiOiI6OjEiLCJuYmYiOjE1MzQ2NTQ4ODksImV4cCI6MTUzNDY1NjY4OSwiZGF0YSI6eyJ1c2VybmFtZSI6ImFkZSIsInBhc3N3b3JkIjoiYjcwMTY2ZDIzNTllNTVmZjM0ODRmNWQ3MDIwYzcwZDg2ZDg5MDc5NiIsImlwIjoiOjoxIiwidXNlcl9hZ2VudCI6IlRpY2tldGluZy1XZWJBcHAifX0.hmSjaSBX5FqmHvpnoPpPhaHRuk1JTSopCRJfqDDeZmM
Connection: close
Request body:

========================================
2018-08-19 12:02:08 
::1 GET /tourism/public-api/v1/countries/5/continent?limit=1 HTTP/1.1
HTTP headers:
Host: localhost
User-Agent: Ticketing-WebApp
Authorization: Bearer eyJ0eXAiOiJKV1QiLCJhbGciOiJIUzI1NiJ9.eyJpYXQiOjE1MzQ2NTQ4ODksImp0aSI6IktHY3djb3FXVEtCVm5IcUYrTnJaUzNBXC91Z3VyT1wvREhieEpoS0pVd1pTYz0iLCJpc3MiOiI6OjEiLCJuYmYiOjE1MzQ2NTQ4ODksImV4cCI6MTUzNDY1NjY4OSwiZGF0YSI6eyJ1c2VybmFtZSI6ImFkZSIsInBhc3N3b3JkIjoiYjcwMTY2ZDIzNTllNTVmZjM0ODRmNWQ3MDIwYzcwZDg2ZDg5MDc5NiIsImlwIjoiOjoxIiwidXNlcl9hZ2VudCI6IlRpY2tldGluZy1XZWJBcHAifX0.hmSjaSBX5FqmHvpnoPpPhaHRuk1JTSopCRJfqDDeZmM
Connection: close
Request body:

========================================
2018-08-19 12:03:32 
::1 GET /tourism/public-api/v1/countries/5/continent?limit=1 HTTP/1.1
HTTP headers:
Host: localhost
User-Agent: Ticketing-WebApp
Authorization: Bearer eyJ0eXAiOiJKV1QiLCJhbGciOiJIUzI1NiJ9.eyJpYXQiOjE1MzQ2NTQ4ODksImp0aSI6IktHY3djb3FXVEtCVm5IcUYrTnJaUzNBXC91Z3VyT1wvREhieEpoS0pVd1pTYz0iLCJpc3MiOiI6OjEiLCJuYmYiOjE1MzQ2NTQ4ODksImV4cCI6MTUzNDY1NjY4OSwiZGF0YSI6eyJ1c2VybmFtZSI6ImFkZSIsInBhc3N3b3JkIjoiYjcwMTY2ZDIzNTllNTVmZjM0ODRmNWQ3MDIwYzcwZDg2ZDg5MDc5NiIsImlwIjoiOjoxIiwidXNlcl9hZ2VudCI6IlRpY2tldGluZy1XZWJBcHAifX0.hmSjaSBX5FqmHvpnoPpPhaHRuk1JTSopCRJfqDDeZmM
Connection: close
Request body:

========================================
2018-08-19 12:03:32 
::1 GET /tourism/public-api/v1/countries/5/continent?limit=1 HTTP/1.1
HTTP headers:
Host: localhost
User-Agent: Ticketing-WebApp
Authorization: Bearer eyJ0eXAiOiJKV1QiLCJhbGciOiJIUzI1NiJ9.eyJpYXQiOjE1MzQ2NTQ4ODksImp0aSI6IktHY3djb3FXVEtCVm5IcUYrTnJaUzNBXC91Z3VyT1wvREhieEpoS0pVd1pTYz0iLCJpc3MiOiI6OjEiLCJuYmYiOjE1MzQ2NTQ4ODksImV4cCI6MTUzNDY1NjY4OSwiZGF0YSI6eyJ1c2VybmFtZSI6ImFkZSIsInBhc3N3b3JkIjoiYjcwMTY2ZDIzNTllNTVmZjM0ODRmNWQ3MDIwYzcwZDg2ZDg5MDc5NiIsImlwIjoiOjoxIiwidXNlcl9hZ2VudCI6IlRpY2tldGluZy1XZWJBcHAifX0.hmSjaSBX5FqmHvpnoPpPhaHRuk1JTSopCRJfqDDeZmM
Connection: close
Request body:

========================================
2018-08-19 12:04:38 
::1 GET /tourism/public-api/v1/countries/5/continent?limit=1 HTTP/1.1
HTTP headers:
Host: localhost
User-Agent: Ticketing-WebApp
Authorization: Bearer eyJ0eXAiOiJKV1QiLCJhbGciOiJIUzI1NiJ9.eyJpYXQiOjE1MzQ2NTQ4ODksImp0aSI6IktHY3djb3FXVEtCVm5IcUYrTnJaUzNBXC91Z3VyT1wvREhieEpoS0pVd1pTYz0iLCJpc3MiOiI6OjEiLCJuYmYiOjE1MzQ2NTQ4ODksImV4cCI6MTUzNDY1NjY4OSwiZGF0YSI6eyJ1c2VybmFtZSI6ImFkZSIsInBhc3N3b3JkIjoiYjcwMTY2ZDIzNTllNTVmZjM0ODRmNWQ3MDIwYzcwZDg2ZDg5MDc5NiIsImlwIjoiOjoxIiwidXNlcl9hZ2VudCI6IlRpY2tldGluZy1XZWJBcHAifX0.hmSjaSBX5FqmHvpnoPpPhaHRuk1JTSopCRJfqDDeZmM
Connection: close
Request body:

========================================
2018-08-19 12:04:38 
::1 GET /tourism/public-api/v1/countries/5/continent?limit=1 HTTP/1.1
HTTP headers:
Host: localhost
User-Agent: Ticketing-WebApp
Authorization: Bearer eyJ0eXAiOiJKV1QiLCJhbGciOiJIUzI1NiJ9.eyJpYXQiOjE1MzQ2NTQ4ODksImp0aSI6IktHY3djb3FXVEtCVm5IcUYrTnJaUzNBXC91Z3VyT1wvREhieEpoS0pVd1pTYz0iLCJpc3MiOiI6OjEiLCJuYmYiOjE1MzQ2NTQ4ODksImV4cCI6MTUzNDY1NjY4OSwiZGF0YSI6eyJ1c2VybmFtZSI6ImFkZSIsInBhc3N3b3JkIjoiYjcwMTY2ZDIzNTllNTVmZjM0ODRmNWQ3MDIwYzcwZDg2ZDg5MDc5NiIsImlwIjoiOjoxIiwidXNlcl9hZ2VudCI6IlRpY2tldGluZy1XZWJBcHAifX0.hmSjaSBX5FqmHvpnoPpPhaHRuk1JTSopCRJfqDDeZmM
Connection: close
Request body:

========================================
2018-08-19 12:06:42 
::1 GET /tourism/public-api/v1/countries/5/continent?limit=1 HTTP/1.1
HTTP headers:
Host: localhost
User-Agent: Ticketing-WebApp
Authorization: Bearer eyJ0eXAiOiJKV1QiLCJhbGciOiJIUzI1NiJ9.eyJpYXQiOjE1MzQ2NTQ4ODksImp0aSI6IktHY3djb3FXVEtCVm5IcUYrTnJaUzNBXC91Z3VyT1wvREhieEpoS0pVd1pTYz0iLCJpc3MiOiI6OjEiLCJuYmYiOjE1MzQ2NTQ4ODksImV4cCI6MTUzNDY1NjY4OSwiZGF0YSI6eyJ1c2VybmFtZSI6ImFkZSIsInBhc3N3b3JkIjoiYjcwMTY2ZDIzNTllNTVmZjM0ODRmNWQ3MDIwYzcwZDg2ZDg5MDc5NiIsImlwIjoiOjoxIiwidXNlcl9hZ2VudCI6IlRpY2tldGluZy1XZWJBcHAifX0.hmSjaSBX5FqmHvpnoPpPhaHRuk1JTSopCRJfqDDeZmM
Connection: close
Request body:

========================================
2018-08-19 12:06:43 
::1 GET /tourism/public-api/v1/countries/5/continent?limit=1 HTTP/1.1
HTTP headers:
Host: localhost
User-Agent: Ticketing-WebApp
Authorization: Bearer eyJ0eXAiOiJKV1QiLCJhbGciOiJIUzI1NiJ9.eyJpYXQiOjE1MzQ2NTQ4ODksImp0aSI6IktHY3djb3FXVEtCVm5IcUYrTnJaUzNBXC91Z3VyT1wvREhieEpoS0pVd1pTYz0iLCJpc3MiOiI6OjEiLCJuYmYiOjE1MzQ2NTQ4ODksImV4cCI6MTUzNDY1NjY4OSwiZGF0YSI6eyJ1c2VybmFtZSI6ImFkZSIsInBhc3N3b3JkIjoiYjcwMTY2ZDIzNTllNTVmZjM0ODRmNWQ3MDIwYzcwZDg2ZDg5MDc5NiIsImlwIjoiOjoxIiwidXNlcl9hZ2VudCI6IlRpY2tldGluZy1XZWJBcHAifX0.hmSjaSBX5FqmHvpnoPpPhaHRuk1JTSopCRJfqDDeZmM
Connection: close
Request body:

========================================
2018-08-19 12:24:23 
::1 GET /tourism/public-api/v1/countries/5/continent?limit=1 HTTP/1.1
HTTP headers:
Host: localhost
User-Agent: Ticketing-WebApp
Authorization: Bearer eyJ0eXAiOiJKV1QiLCJhbGciOiJIUzI1NiJ9.eyJpYXQiOjE1MzQ2NTQ4ODksImp0aSI6IktHY3djb3FXVEtCVm5IcUYrTnJaUzNBXC91Z3VyT1wvREhieEpoS0pVd1pTYz0iLCJpc3MiOiI6OjEiLCJuYmYiOjE1MzQ2NTQ4ODksImV4cCI6MTUzNDY1NjY4OSwiZGF0YSI6eyJ1c2VybmFtZSI6ImFkZSIsInBhc3N3b3JkIjoiYjcwMTY2ZDIzNTllNTVmZjM0ODRmNWQ3MDIwYzcwZDg2ZDg5MDc5NiIsImlwIjoiOjoxIiwidXNlcl9hZ2VudCI6IlRpY2tldGluZy1XZWJBcHAifX0.hmSjaSBX5FqmHvpnoPpPhaHRuk1JTSopCRJfqDDeZmM
Connection: close
Request body:

========================================
2018-08-19 12:24:23 
::1 GET /tourism/public-api/v1/countries/5/continent?limit=1 HTTP/1.1
HTTP headers:
Host: localhost
User-Agent: Ticketing-WebApp
Authorization: Bearer eyJ0eXAiOiJKV1QiLCJhbGciOiJIUzI1NiJ9.eyJpYXQiOjE1MzQ2NTQ4ODksImp0aSI6IktHY3djb3FXVEtCVm5IcUYrTnJaUzNBXC91Z3VyT1wvREhieEpoS0pVd1pTYz0iLCJpc3MiOiI6OjEiLCJuYmYiOjE1MzQ2NTQ4ODksImV4cCI6MTUzNDY1NjY4OSwiZGF0YSI6eyJ1c2VybmFtZSI6ImFkZSIsInBhc3N3b3JkIjoiYjcwMTY2ZDIzNTllNTVmZjM0ODRmNWQ3MDIwYzcwZDg2ZDg5MDc5NiIsImlwIjoiOjoxIiwidXNlcl9hZ2VudCI6IlRpY2tldGluZy1XZWJBcHAifX0.hmSjaSBX5FqmHvpnoPpPhaHRuk1JTSopCRJfqDDeZmM
Connection: close
Request body:

========================================
