2018-10-24 10:06:04 
::1 POST /tourism/public-api/v1/users/token HTTP/1.1
HTTP headers:
Host: localhost
Content-Length: 25
User-Agent: Ticketing-WebApp
Connection: close
Content-Type: application/x-www-form-urlencoded
Request body:
username=ade&password=ade
========================================
2018-10-24 10:06:06 
::1 GET /tourism/public-api/v1/users/1 HTTP/1.1
HTTP headers:
Host: localhost
User-Agent: Ticketing-WebApp
Authorization: Bearer eyJ0eXAiOiJKV1QiLCJhbGciOiJIUzI1NiJ9.eyJpYXQiOjE1NDAzNTAzNjUsImp0aSI6Im5UUkFuRkw5YU84c0FkZFFYeTRTWHdzV1FjblJ6QUdaQ3dqOURqS252eWc9IiwiaXNzIjoiOjoxIiwibmJmIjoxNTQwMzUwMzY1LCJleHAiOjE1NDAzNTIxNjUsImRhdGEiOnsidXNlcm5hbWUiOiJhZGUiLCJwYXNzd29yZCI6ImI3MDE2NmQyMzU5ZTU1ZmYzNDg0ZjVkNzAyMGM3MGQ4NmQ4OTA3OTYiLCJpcCI6Ijo6MSIsInVzZXJfYWdlbnQiOiJUaWNrZXRpbmctV2ViQXBwIn19.3ckXw5tsn30AJJr3oRZUbD1DnUo335sRtpomHV4OGbU
Connection: close
Request body:

========================================
2018-10-24 10:51:17 
::1 GET /tourism/public-api/v1/continents HTTP/1.1
HTTP headers:
Host: localhost
User-Agent: Ticketing-WebApp
Connection: close
Request body:

========================================
2018-10-24 13:18:50 
::1 POST /tourism/public-api/v1/users/token HTTP/1.1
HTTP headers:
Host: localhost
Content-Length: 25
User-Agent: Ticketing-WebApp
Connection: close
Content-Type: application/x-www-form-urlencoded
Request body:
username=ade&password=ade
========================================
2018-10-24 13:18:51 
::1 GET /tourism/public-api/v1/users/1 HTTP/1.1
HTTP headers:
Host: localhost
User-Agent: Ticketing-WebApp
Authorization: Bearer eyJ0eXAiOiJKV1QiLCJhbGciOiJIUzI1NiJ9.eyJpYXQiOjE1NDAzNjE5MzAsImp0aSI6IlJ4Q0RKREc1ZDV5TW9GakVYT0p1SktvVm14VCtma0Q3S0k0dXl1TXBjQnc9IiwiaXNzIjoiOjoxIiwibmJmIjoxNTQwMzYxOTMwLCJleHAiOjE1NDAzNjM3MzAsImRhdGEiOnsidXNlcm5hbWUiOiJhZGUiLCJwYXNzd29yZCI6ImI3MDE2NmQyMzU5ZTU1ZmYzNDg0ZjVkNzAyMGM3MGQ4NmQ4OTA3OTYiLCJpcCI6Ijo6MSIsInVzZXJfYWdlbnQiOiJUaWNrZXRpbmctV2ViQXBwIn19.e2UTtlOEMY90JTeLFTogTjgvuv_kFVpe8fz14Q_cIJQ
Connection: close
Request body:

========================================
2018-10-24 13:19:07 
::1 GET /tourism/public-api/v1/continents HTTP/1.1
HTTP headers:
Host: localhost
User-Agent: Ticketing-WebApp
Authorization: Bearer eyJ0eXAiOiJKV1QiLCJhbGciOiJIUzI1NiJ9.eyJpYXQiOjE1NDAzNjE5MzAsImp0aSI6IlJ4Q0RKREc1ZDV5TW9GakVYT0p1SktvVm14VCtma0Q3S0k0dXl1TXBjQnc9IiwiaXNzIjoiOjoxIiwibmJmIjoxNTQwMzYxOTMwLCJleHAiOjE1NDAzNjM3MzAsImRhdGEiOnsidXNlcm5hbWUiOiJhZGUiLCJwYXNzd29yZCI6ImI3MDE2NmQyMzU5ZTU1ZmYzNDg0ZjVkNzAyMGM3MGQ4NmQ4OTA3OTYiLCJpcCI6Ijo6MSIsInVzZXJfYWdlbnQiOiJUaWNrZXRpbmctV2ViQXBwIn19.e2UTtlOEMY90JTeLFTogTjgvuv_kFVpe8fz14Q_cIJQ
Connection: close
Request body:

========================================
2018-10-24 13:19:12 
::1 GET /tourism/public-api/v1/continents HTTP/1.1
HTTP headers:
Host: localhost
User-Agent: Ticketing-WebApp
Authorization: Bearer eyJ0eXAiOiJKV1QiLCJhbGciOiJIUzI1NiJ9.eyJpYXQiOjE1NDAzNjE5MzAsImp0aSI6IlJ4Q0RKREc1ZDV5TW9GakVYT0p1SktvVm14VCtma0Q3S0k0dXl1TXBjQnc9IiwiaXNzIjoiOjoxIiwibmJmIjoxNTQwMzYxOTMwLCJleHAiOjE1NDAzNjM3MzAsImRhdGEiOnsidXNlcm5hbWUiOiJhZGUiLCJwYXNzd29yZCI6ImI3MDE2NmQyMzU5ZTU1ZmYzNDg0ZjVkNzAyMGM3MGQ4NmQ4OTA3OTYiLCJpcCI6Ijo6MSIsInVzZXJfYWdlbnQiOiJUaWNrZXRpbmctV2ViQXBwIn19.e2UTtlOEMY90JTeLFTogTjgvuv_kFVpe8fz14Q_cIJQ
Connection: close
Request body:

========================================
2018-10-24 15:52:06 
::1 POST /tourism/public-api/v1/users/token HTTP/1.1
HTTP headers:
Host: localhost
Content-Length: 25
User-Agent: Ticketing-WebApp
Connection: close
Content-Type: application/x-www-form-urlencoded
Request body:
username=ade&password=ade
========================================
2018-10-24 15:52:07 
::1 GET /tourism/public-api/v1/users/1 HTTP/1.1
HTTP headers:
Host: localhost
User-Agent: Ticketing-WebApp
Authorization: Bearer eyJ0eXAiOiJKV1QiLCJhbGciOiJIUzI1NiJ9.eyJpYXQiOjE1NDAzNzExMjYsImp0aSI6Ik5cL1F3TFNvT1pCYmxiQVwvOGdhK3pDZ3lmTTNIVFl6MXZoeHhZb1dDRE85OD0iLCJpc3MiOiI6OjEiLCJuYmYiOjE1NDAzNzExMjYsImV4cCI6MTU0MDM3MjkyNiwiZGF0YSI6eyJ1c2VybmFtZSI6ImFkZSIsInBhc3N3b3JkIjoiYjcwMTY2ZDIzNTllNTVmZjM0ODRmNWQ3MDIwYzcwZDg2ZDg5MDc5NiIsImlwIjoiOjoxIiwidXNlcl9hZ2VudCI6IlRpY2tldGluZy1XZWJBcHAifX0.BuxrlaUtXFpVH-Maob6XMYzevYbU0NyFFOWcC4KAlTY
Connection: close
Request body:

========================================
2018-10-24 15:52:20 
::1 GET /tourism/public-api/v1/continents HTTP/1.1
HTTP headers:
Host: localhost
User-Agent: Ticketing-WebApp
Authorization: Bearer eyJ0eXAiOiJKV1QiLCJhbGciOiJIUzI1NiJ9.eyJpYXQiOjE1NDAzNzExMjYsImp0aSI6Ik5cL1F3TFNvT1pCYmxiQVwvOGdhK3pDZ3lmTTNIVFl6MXZoeHhZb1dDRE85OD0iLCJpc3MiOiI6OjEiLCJuYmYiOjE1NDAzNzExMjYsImV4cCI6MTU0MDM3MjkyNiwiZGF0YSI6eyJ1c2VybmFtZSI6ImFkZSIsInBhc3N3b3JkIjoiYjcwMTY2ZDIzNTllNTVmZjM0ODRmNWQ3MDIwYzcwZDg2ZDg5MDc5NiIsImlwIjoiOjoxIiwidXNlcl9hZ2VudCI6IlRpY2tldGluZy1XZWJBcHAifX0.BuxrlaUtXFpVH-Maob6XMYzevYbU0NyFFOWcC4KAlTY
Connection: close
Request body:

========================================
2018-10-24 15:52:25 
::1 GET /tourism/public-api/v1/continents HTTP/1.1
HTTP headers:
Host: localhost
User-Agent: Ticketing-WebApp
Authorization: Bearer eyJ0eXAiOiJKV1QiLCJhbGciOiJIUzI1NiJ9.eyJpYXQiOjE1NDAzNzExMjYsImp0aSI6Ik5cL1F3TFNvT1pCYmxiQVwvOGdhK3pDZ3lmTTNIVFl6MXZoeHhZb1dDRE85OD0iLCJpc3MiOiI6OjEiLCJuYmYiOjE1NDAzNzExMjYsImV4cCI6MTU0MDM3MjkyNiwiZGF0YSI6eyJ1c2VybmFtZSI6ImFkZSIsInBhc3N3b3JkIjoiYjcwMTY2ZDIzNTllNTVmZjM0ODRmNWQ3MDIwYzcwZDg2ZDg5MDc5NiIsImlwIjoiOjoxIiwidXNlcl9hZ2VudCI6IlRpY2tldGluZy1XZWJBcHAifX0.BuxrlaUtXFpVH-Maob6XMYzevYbU0NyFFOWcC4KAlTY
Connection: close
Request body:

========================================
2018-10-24 15:53:47 
::1 GET /tourism/public-api/v1/countries/5/continent?limit=1 HTTP/1.1
HTTP headers:
Host: localhost
User-Agent: Ticketing-WebApp
Authorization: Bearer eyJ0eXAiOiJKV1QiLCJhbGciOiJIUzI1NiJ9.eyJpYXQiOjE1NDAzNzExMjYsImp0aSI6Ik5cL1F3TFNvT1pCYmxiQVwvOGdhK3pDZ3lmTTNIVFl6MXZoeHhZb1dDRE85OD0iLCJpc3MiOiI6OjEiLCJuYmYiOjE1NDAzNzExMjYsImV4cCI6MTU0MDM3MjkyNiwiZGF0YSI6eyJ1c2VybmFtZSI6ImFkZSIsInBhc3N3b3JkIjoiYjcwMTY2ZDIzNTllNTVmZjM0ODRmNWQ3MDIwYzcwZDg2ZDg5MDc5NiIsImlwIjoiOjoxIiwidXNlcl9hZ2VudCI6IlRpY2tldGluZy1XZWJBcHAifX0.BuxrlaUtXFpVH-Maob6XMYzevYbU0NyFFOWcC4KAlTY
Connection: close
Request body:

========================================
2018-10-24 15:53:47 
::1 GET /tourism/public-api/v1/countries/5/continent?limit=6 HTTP/1.1
HTTP headers:
Host: localhost
User-Agent: Ticketing-WebApp
Authorization: Bearer eyJ0eXAiOiJKV1QiLCJhbGciOiJIUzI1NiJ9.eyJpYXQiOjE1NDAzNzExMjYsImp0aSI6Ik5cL1F3TFNvT1pCYmxiQVwvOGdhK3pDZ3lmTTNIVFl6MXZoeHhZb1dDRE85OD0iLCJpc3MiOiI6OjEiLCJuYmYiOjE1NDAzNzExMjYsImV4cCI6MTU0MDM3MjkyNiwiZGF0YSI6eyJ1c2VybmFtZSI6ImFkZSIsInBhc3N3b3JkIjoiYjcwMTY2ZDIzNTllNTVmZjM0ODRmNWQ3MDIwYzcwZDg2ZDg5MDc5NiIsImlwIjoiOjoxIiwidXNlcl9hZ2VudCI6IlRpY2tldGluZy1XZWJBcHAifX0.BuxrlaUtXFpVH-Maob6XMYzevYbU0NyFFOWcC4KAlTY
Connection: close
Request body:

========================================
2018-10-24 15:53:49 
::1 GET /tourism/public-api/v1/provinces/1/countries?limit=1 HTTP/1.1
HTTP headers:
Host: localhost
User-Agent: Ticketing-WebApp
Authorization: Bearer eyJ0eXAiOiJKV1QiLCJhbGciOiJIUzI1NiJ9.eyJpYXQiOjE1NDAzNzExMjYsImp0aSI6Ik5cL1F3TFNvT1pCYmxiQVwvOGdhK3pDZ3lmTTNIVFl6MXZoeHhZb1dDRE85OD0iLCJpc3MiOiI6OjEiLCJuYmYiOjE1NDAzNzExMjYsImV4cCI6MTU0MDM3MjkyNiwiZGF0YSI6eyJ1c2VybmFtZSI6ImFkZSIsInBhc3N3b3JkIjoiYjcwMTY2ZDIzNTllNTVmZjM0ODRmNWQ3MDIwYzcwZDg2ZDg5MDc5NiIsImlwIjoiOjoxIiwidXNlcl9hZ2VudCI6IlRpY2tldGluZy1XZWJBcHAifX0.BuxrlaUtXFpVH-Maob6XMYzevYbU0NyFFOWcC4KAlTY
Connection: close
Request body:

========================================
2018-10-24 15:53:49 
::1 GET /tourism/public-api/v1/provinces/1/countries?limit=33 HTTP/1.1
HTTP headers:
Host: localhost
User-Agent: Ticketing-WebApp
Authorization: Bearer eyJ0eXAiOiJKV1QiLCJhbGciOiJIUzI1NiJ9.eyJpYXQiOjE1NDAzNzExMjYsImp0aSI6Ik5cL1F3TFNvT1pCYmxiQVwvOGdhK3pDZ3lmTTNIVFl6MXZoeHhZb1dDRE85OD0iLCJpc3MiOiI6OjEiLCJuYmYiOjE1NDAzNzExMjYsImV4cCI6MTU0MDM3MjkyNiwiZGF0YSI6eyJ1c2VybmFtZSI6ImFkZSIsInBhc3N3b3JkIjoiYjcwMTY2ZDIzNTllNTVmZjM0ODRmNWQ3MDIwYzcwZDg2ZDg5MDc5NiIsImlwIjoiOjoxIiwidXNlcl9hZ2VudCI6IlRpY2tldGluZy1XZWJBcHAifX0.BuxrlaUtXFpVH-Maob6XMYzevYbU0NyFFOWcC4KAlTY
Connection: close
Request body:

========================================
2018-10-24 15:53:52 
::1 GET /tourism/public-api/v1/province/12/cities?limit=1 HTTP/1.1
HTTP headers:
Host: localhost
User-Agent: Ticketing-WebApp
Authorization: Bearer eyJ0eXAiOiJKV1QiLCJhbGciOiJIUzI1NiJ9.eyJpYXQiOjE1NDAzNzExMjYsImp0aSI6Ik5cL1F3TFNvT1pCYmxiQVwvOGdhK3pDZ3lmTTNIVFl6MXZoeHhZb1dDRE85OD0iLCJpc3MiOiI6OjEiLCJuYmYiOjE1NDAzNzExMjYsImV4cCI6MTU0MDM3MjkyNiwiZGF0YSI6eyJ1c2VybmFtZSI6ImFkZSIsInBhc3N3b3JkIjoiYjcwMTY2ZDIzNTllNTVmZjM0ODRmNWQ3MDIwYzcwZDg2ZDg5MDc5NiIsImlwIjoiOjoxIiwidXNlcl9hZ2VudCI6IlRpY2tldGluZy1XZWJBcHAifX0.BuxrlaUtXFpVH-Maob6XMYzevYbU0NyFFOWcC4KAlTY
Connection: close
Request body:

========================================
2018-10-24 15:53:52 
::1 GET /tourism/public-api/v1/province/12/cities?limit=1 HTTP/1.1
HTTP headers:
Host: localhost
User-Agent: Ticketing-WebApp
Authorization: Bearer eyJ0eXAiOiJKV1QiLCJhbGciOiJIUzI1NiJ9.eyJpYXQiOjE1NDAzNzExMjYsImp0aSI6Ik5cL1F3TFNvT1pCYmxiQVwvOGdhK3pDZ3lmTTNIVFl6MXZoeHhZb1dDRE85OD0iLCJpc3MiOiI6OjEiLCJuYmYiOjE1NDAzNzExMjYsImV4cCI6MTU0MDM3MjkyNiwiZGF0YSI6eyJ1c2VybmFtZSI6ImFkZSIsInBhc3N3b3JkIjoiYjcwMTY2ZDIzNTllNTVmZjM0ODRmNWQ3MDIwYzcwZDg2ZDg5MDc5NiIsImlwIjoiOjoxIiwidXNlcl9hZ2VudCI6IlRpY2tldGluZy1XZWJBcHAifX0.BuxrlaUtXFpVH-Maob6XMYzevYbU0NyFFOWcC4KAlTY
Connection: close
Request body:

========================================
2018-10-24 15:54:06 
::1 POST /tourism/public-api/v1/tourism HTTP/1.1
HTTP headers:
Host: localhost
Content-Length: 198
User-Agent: Ticketing-WebApp
Authorization: Bearer eyJ0eXAiOiJKV1QiLCJhbGciOiJIUzI1NiJ9.eyJpYXQiOjE1NDAzNzExMjYsImp0aSI6Ik5cL1F3TFNvT1pCYmxiQVwvOGdhK3pDZ3lmTTNIVFl6MXZoeHhZb1dDRE85OD0iLCJpc3MiOiI6OjEiLCJuYmYiOjE1NDAzNzExMjYsImV4cCI6MTU0MDM3MjkyNiwiZGF0YSI6eyJ1c2VybmFtZSI6ImFkZSIsInBhc3N3b3JkIjoiYjcwMTY2ZDIzNTllNTVmZjM0ODRmNWQ3MDIwYzcwZDg2ZDg5MDc5NiIsImlwIjoiOjoxIiwidXNlcl9hZ2VudCI6IlRpY2tldGluZy1XZWJBcHAifX0.BuxrlaUtXFpVH-Maob6XMYzevYbU0NyFFOWcC4KAlTY
Connection: close
Content-Type: application/x-www-form-urlencoded
Request body:
name=monas&tourism_description=deskripsi+monas&continent_id=5&country_id=1&province_id=12&city_id=1&address=alamat+destinasi&tourism_approval_status=1&create_by=1&create_date=2018-10-24+15%3A54%3A06
========================================
2018-10-24 15:54:06 
::1 POST /tourism/public-api/v1/tourism_attachments/photo HTTP/1.1
HTTP headers:
Host: localhost
Content-Length: 76905
Content-Type: multipart/form-data; boundary="6ec80f3f944c7ce1e358441ad539284c"
Authorization: Bearer eyJ0eXAiOiJKV1QiLCJhbGciOiJIUzI1NiJ9.eyJpYXQiOjE1NDAzNzExMjYsImp0aSI6Ik5cL1F3TFNvT1pCYmxiQVwvOGdhK3pDZ3lmTTNIVFl6MXZoeHhZb1dDRE85OD0iLCJpc3MiOiI6OjEiLCJuYmYiOjE1NDAzNzExMjYsImV4cCI6MTU0MDM3MjkyNiwiZGF0YSI6eyJ1c2VybmFtZSI6ImFkZSIsInBhc3N3b3JkIjoiYjcwMTY2ZDIzNTllNTVmZjM0ODRmNWQ3MDIwYzcwZDg2ZDg5MDc5NiIsImlwIjoiOjoxIiwidXNlcl9hZ2VudCI6IlRpY2tldGluZy1XZWJBcHAifX0.BuxrlaUtXFpVH-Maob6XMYzevYbU0NyFFOWcC4KAlTY
Connection: close
User-Agent: CakePHP
Request body:

========================================
2018-10-24 15:54:06 
::1 PUT /tourism/public-api/v1/tourism/1 HTTP/1.1
HTTP headers:
Host: localhost
Content-Length: 44
User-Agent: Ticketing-WebApp
Authorization: Bearer eyJ0eXAiOiJKV1QiLCJhbGciOiJIUzI1NiJ9.eyJpYXQiOjE1NDAzNzExMjYsImp0aSI6Ik5cL1F3TFNvT1pCYmxiQVwvOGdhK3pDZ3lmTTNIVFl6MXZoeHhZb1dDRE85OD0iLCJpc3MiOiI6OjEiLCJuYmYiOjE1NDAzNzExMjYsImV4cCI6MTU0MDM3MjkyNiwiZGF0YSI6eyJ1c2VybmFtZSI6ImFkZSIsInBhc3N3b3JkIjoiYjcwMTY2ZDIzNTllNTVmZjM0ODRmNWQ3MDIwYzcwZDg2ZDg5MDc5NiIsImlwIjoiOjoxIiwidXNlcl9hZ2VudCI6IlRpY2tldGluZy1XZWJBcHAifX0.BuxrlaUtXFpVH-Maob6XMYzevYbU0NyFFOWcC4KAlTY
Connection: close
Content-Type: application/x-www-form-urlencoded
Request body:
tourism_attachment_photos=s%3A1%3A%223%22%3B
========================================
2018-10-24 16:02:33 
::1 GET /tourism/public-api/v1/continents HTTP/1.1
HTTP headers:
Host: localhost
User-Agent: Ticketing-WebApp
Authorization: Bearer eyJ0eXAiOiJKV1QiLCJhbGciOiJIUzI1NiJ9.eyJpYXQiOjE1NDAzNzExMjYsImp0aSI6Ik5cL1F3TFNvT1pCYmxiQVwvOGdhK3pDZ3lmTTNIVFl6MXZoeHhZb1dDRE85OD0iLCJpc3MiOiI6OjEiLCJuYmYiOjE1NDAzNzExMjYsImV4cCI6MTU0MDM3MjkyNiwiZGF0YSI6eyJ1c2VybmFtZSI6ImFkZSIsInBhc3N3b3JkIjoiYjcwMTY2ZDIzNTllNTVmZjM0ODRmNWQ3MDIwYzcwZDg2ZDg5MDc5NiIsImlwIjoiOjoxIiwidXNlcl9hZ2VudCI6IlRpY2tldGluZy1XZWJBcHAifX0.BuxrlaUtXFpVH-Maob6XMYzevYbU0NyFFOWcC4KAlTY
Connection: close
Request body:

========================================
2018-10-24 16:11:55 
::1 GET /tourism/public-api/v1/continents HTTP/1.1
HTTP headers:
Host: localhost
User-Agent: Ticketing-WebApp
Authorization: Bearer eyJ0eXAiOiJKV1QiLCJhbGciOiJIUzI1NiJ9.eyJpYXQiOjE1NDAzNzExMjYsImp0aSI6Ik5cL1F3TFNvT1pCYmxiQVwvOGdhK3pDZ3lmTTNIVFl6MXZoeHhZb1dDRE85OD0iLCJpc3MiOiI6OjEiLCJuYmYiOjE1NDAzNzExMjYsImV4cCI6MTU0MDM3MjkyNiwiZGF0YSI6eyJ1c2VybmFtZSI6ImFkZSIsInBhc3N3b3JkIjoiYjcwMTY2ZDIzNTllNTVmZjM0ODRmNWQ3MDIwYzcwZDg2ZDg5MDc5NiIsImlwIjoiOjoxIiwidXNlcl9hZ2VudCI6IlRpY2tldGluZy1XZWJBcHAifX0.BuxrlaUtXFpVH-Maob6XMYzevYbU0NyFFOWcC4KAlTY
Connection: close
Request body:

========================================
2018-10-24 16:11:58 
::1 POST /tourism/public-api/v1/tourism HTTP/1.1
HTTP headers:
Host: localhost
Content-Length: 157
User-Agent: Ticketing-WebApp
Authorization: Bearer eyJ0eXAiOiJKV1QiLCJhbGciOiJIUzI1NiJ9.eyJpYXQiOjE1NDAzNzExMjYsImp0aSI6Ik5cL1F3TFNvT1pCYmxiQVwvOGdhK3pDZ3lmTTNIVFl6MXZoeHhZb1dDRE85OD0iLCJpc3MiOiI6OjEiLCJuYmYiOjE1NDAzNzExMjYsImV4cCI6MTU0MDM3MjkyNiwiZGF0YSI6eyJ1c2VybmFtZSI6ImFkZSIsInBhc3N3b3JkIjoiYjcwMTY2ZDIzNTllNTVmZjM0ODRmNWQ3MDIwYzcwZDg2ZDg5MDc5NiIsImlwIjoiOjoxIiwidXNlcl9hZ2VudCI6IlRpY2tldGluZy1XZWJBcHAifX0.BuxrlaUtXFpVH-Maob6XMYzevYbU0NyFFOWcC4KAlTY
Connection: close
Content-Type: application/x-www-form-urlencoded
Request body:
name=&tourism_description=&continent_id=&country_id=&province_id=&city_id=&address=&tourism_approval_status=1&create_by=1&create_date=2018-10-24+16%3A11%3A58
========================================
2018-10-24 16:11:59 
::1 POST /tourism/public-api/v1/tourism_attachments/photo HTTP/1.1
HTTP headers:
Host: localhost
Content-Length: 475
Content-Type: multipart/form-data; boundary="5c5b8cf0eb39c197e42d804616d9e0c6"
Authorization: Bearer eyJ0eXAiOiJKV1QiLCJhbGciOiJIUzI1NiJ9.eyJpYXQiOjE1NDAzNzExMjYsImp0aSI6Ik5cL1F3TFNvT1pCYmxiQVwvOGdhK3pDZ3lmTTNIVFl6MXZoeHhZb1dDRE85OD0iLCJpc3MiOiI6OjEiLCJuYmYiOjE1NDAzNzExMjYsImV4cCI6MTU0MDM3MjkyNiwiZGF0YSI6eyJ1c2VybmFtZSI6ImFkZSIsInBhc3N3b3JkIjoiYjcwMTY2ZDIzNTllNTVmZjM0ODRmNWQ3MDIwYzcwZDg2ZDg5MDc5NiIsImlwIjoiOjoxIiwidXNlcl9hZ2VudCI6IlRpY2tldGluZy1XZWJBcHAifX0.BuxrlaUtXFpVH-Maob6XMYzevYbU0NyFFOWcC4KAlTY
Connection: close
User-Agent: CakePHP
Request body:

========================================
2018-10-24 16:11:59 
::1 DELETE /tourism/public-api/v1/tourism/2 HTTP/1.1
HTTP headers:
Host: localhost
User-Agent: Ticketing-WebApp
Authorization: Bearer eyJ0eXAiOiJKV1QiLCJhbGciOiJIUzI1NiJ9.eyJpYXQiOjE1NDAzNzExMjYsImp0aSI6Ik5cL1F3TFNvT1pCYmxiQVwvOGdhK3pDZ3lmTTNIVFl6MXZoeHhZb1dDRE85OD0iLCJpc3MiOiI6OjEiLCJuYmYiOjE1NDAzNzExMjYsImV4cCI6MTU0MDM3MjkyNiwiZGF0YSI6eyJ1c2VybmFtZSI6ImFkZSIsInBhc3N3b3JkIjoiYjcwMTY2ZDIzNTllNTVmZjM0ODRmNWQ3MDIwYzcwZDg2ZDg5MDc5NiIsImlwIjoiOjoxIiwidXNlcl9hZ2VudCI6IlRpY2tldGluZy1XZWJBcHAifX0.BuxrlaUtXFpVH-Maob6XMYzevYbU0NyFFOWcC4KAlTY
Connection: close
Content-Type: application/x-www-form-urlencoded
Request body:

========================================
2018-10-24 16:41:35 
::1 POST /tourism/public-api/v1/users/token HTTP/1.1
HTTP headers:
Host: localhost
Content-Length: 25
User-Agent: Ticketing-WebApp
Connection: close
Content-Type: application/x-www-form-urlencoded
Request body:
username=ade&password=ade
========================================
2018-10-24 16:41:36 
::1 GET /tourism/public-api/v1/users/1 HTTP/1.1
HTTP headers:
Host: localhost
User-Agent: Ticketing-WebApp
Authorization: Bearer eyJ0eXAiOiJKV1QiLCJhbGciOiJIUzI1NiJ9.eyJpYXQiOjE1NDAzNzQwOTUsImp0aSI6InVBZ21XdytBY3dZU1owcVhVM1Q1NWZhYXpRNzhQd2liaXQ3NG5ldTNQTkk9IiwiaXNzIjoiOjoxIiwibmJmIjoxNTQwMzc0MDk1LCJleHAiOjE1NDAzNzU4OTUsImRhdGEiOnsidXNlcm5hbWUiOiJhZGUiLCJwYXNzd29yZCI6ImI3MDE2NmQyMzU5ZTU1ZmYzNDg0ZjVkNzAyMGM3MGQ4NmQ4OTA3OTYiLCJpcCI6Ijo6MSIsInVzZXJfYWdlbnQiOiJUaWNrZXRpbmctV2ViQXBwIn19.oOsmT1rP5G3qKSZcGa_gyHeIBy2i2nffVczfydyo-Pc
Connection: close
Request body:

========================================
2018-10-24 16:41:45 
::1 GET /tourism/public-api/v1/continents HTTP/1.1
HTTP headers:
Host: localhost
User-Agent: Ticketing-WebApp
Authorization: Bearer eyJ0eXAiOiJKV1QiLCJhbGciOiJIUzI1NiJ9.eyJpYXQiOjE1NDAzNzQwOTUsImp0aSI6InVBZ21XdytBY3dZU1owcVhVM1Q1NWZhYXpRNzhQd2liaXQ3NG5ldTNQTkk9IiwiaXNzIjoiOjoxIiwibmJmIjoxNTQwMzc0MDk1LCJleHAiOjE1NDAzNzU4OTUsImRhdGEiOnsidXNlcm5hbWUiOiJhZGUiLCJwYXNzd29yZCI6ImI3MDE2NmQyMzU5ZTU1ZmYzNDg0ZjVkNzAyMGM3MGQ4NmQ4OTA3OTYiLCJpcCI6Ijo6MSIsInVzZXJfYWdlbnQiOiJUaWNrZXRpbmctV2ViQXBwIn19.oOsmT1rP5G3qKSZcGa_gyHeIBy2i2nffVczfydyo-Pc
Connection: close
Request body:

========================================
2018-10-24 16:43:04 
::1 GET /tourism/public-api/v1/continents HTTP/1.1
HTTP headers:
Host: localhost
User-Agent: Ticketing-WebApp
Authorization: Bearer eyJ0eXAiOiJKV1QiLCJhbGciOiJIUzI1NiJ9.eyJpYXQiOjE1NDAzNzQwOTUsImp0aSI6InVBZ21XdytBY3dZU1owcVhVM1Q1NWZhYXpRNzhQd2liaXQ3NG5ldTNQTkk9IiwiaXNzIjoiOjoxIiwibmJmIjoxNTQwMzc0MDk1LCJleHAiOjE1NDAzNzU4OTUsImRhdGEiOnsidXNlcm5hbWUiOiJhZGUiLCJwYXNzd29yZCI6ImI3MDE2NmQyMzU5ZTU1ZmYzNDg0ZjVkNzAyMGM3MGQ4NmQ4OTA3OTYiLCJpcCI6Ijo6MSIsInVzZXJfYWdlbnQiOiJUaWNrZXRpbmctV2ViQXBwIn19.oOsmT1rP5G3qKSZcGa_gyHeIBy2i2nffVczfydyo-Pc
Connection: close
Request body:

========================================
2018-10-24 16:51:04 
::1 GET /tourism/public-api/v1/continents HTTP/1.1
HTTP headers:
Host: localhost
User-Agent: Ticketing-WebApp
Authorization: Bearer eyJ0eXAiOiJKV1QiLCJhbGciOiJIUzI1NiJ9.eyJpYXQiOjE1NDAzNzQwOTUsImp0aSI6InVBZ21XdytBY3dZU1owcVhVM1Q1NWZhYXpRNzhQd2liaXQ3NG5ldTNQTkk9IiwiaXNzIjoiOjoxIiwibmJmIjoxNTQwMzc0MDk1LCJleHAiOjE1NDAzNzU4OTUsImRhdGEiOnsidXNlcm5hbWUiOiJhZGUiLCJwYXNzd29yZCI6ImI3MDE2NmQyMzU5ZTU1ZmYzNDg0ZjVkNzAyMGM3MGQ4NmQ4OTA3OTYiLCJpcCI6Ijo6MSIsInVzZXJfYWdlbnQiOiJUaWNrZXRpbmctV2ViQXBwIn19.oOsmT1rP5G3qKSZcGa_gyHeIBy2i2nffVczfydyo-Pc
Connection: close
Request body:

========================================
2018-10-24 16:51:48 
::1 GET /tourism/public-api/v1/continents HTTP/1.1
HTTP headers:
Host: localhost
User-Agent: Ticketing-WebApp
Authorization: Bearer eyJ0eXAiOiJKV1QiLCJhbGciOiJIUzI1NiJ9.eyJpYXQiOjE1NDAzNzQwOTUsImp0aSI6InVBZ21XdytBY3dZU1owcVhVM1Q1NWZhYXpRNzhQd2liaXQ3NG5ldTNQTkk9IiwiaXNzIjoiOjoxIiwibmJmIjoxNTQwMzc0MDk1LCJleHAiOjE1NDAzNzU4OTUsImRhdGEiOnsidXNlcm5hbWUiOiJhZGUiLCJwYXNzd29yZCI6ImI3MDE2NmQyMzU5ZTU1ZmYzNDg0ZjVkNzAyMGM3MGQ4NmQ4OTA3OTYiLCJpcCI6Ijo6MSIsInVzZXJfYWdlbnQiOiJUaWNrZXRpbmctV2ViQXBwIn19.oOsmT1rP5G3qKSZcGa_gyHeIBy2i2nffVczfydyo-Pc
Connection: close
Request body:

========================================
2018-10-24 16:54:04 
::1 GET /tourism/public-api/v1/continents HTTP/1.1
HTTP headers:
Host: localhost
User-Agent: Ticketing-WebApp
Authorization: Bearer eyJ0eXAiOiJKV1QiLCJhbGciOiJIUzI1NiJ9.eyJpYXQiOjE1NDAzNzQwOTUsImp0aSI6InVBZ21XdytBY3dZU1owcVhVM1Q1NWZhYXpRNzhQd2liaXQ3NG5ldTNQTkk9IiwiaXNzIjoiOjoxIiwibmJmIjoxNTQwMzc0MDk1LCJleHAiOjE1NDAzNzU4OTUsImRhdGEiOnsidXNlcm5hbWUiOiJhZGUiLCJwYXNzd29yZCI6ImI3MDE2NmQyMzU5ZTU1ZmYzNDg0ZjVkNzAyMGM3MGQ4NmQ4OTA3OTYiLCJpcCI6Ijo6MSIsInVzZXJfYWdlbnQiOiJUaWNrZXRpbmctV2ViQXBwIn19.oOsmT1rP5G3qKSZcGa_gyHeIBy2i2nffVczfydyo-Pc
Connection: close
Request body:

========================================
