2019-04-08 12:43:52 
::1 GET /tourism/public-api/v1/tourism?tourism_approval_status=2 HTTP/1.1
HTTP headers:
Host: localhost
User-Agent: Ticketing-WebApp
Connection: close
Request body:

========================================
2019-04-08 12:43:53 
::1 POST /tourism/public-api/v1/users/token HTTP/1.1
HTTP headers:
Host: localhost
Content-Length: 10
User-Agent: Ticketing-WebApp
Connection: close
Content-Type: application/x-www-form-urlencoded
Request body:
password=0
========================================
2019-04-08 12:43:53 
::1 GET /tourism/public-api/v1/tourism?tourism_approval_status=2 HTTP/1.1
HTTP headers:
Host: localhost
User-Agent: Ticketing-WebApp
Connection: close
Request body:

========================================
2019-04-08 12:43:53 
::1 POST /tourism/public-api/v1/users/token HTTP/1.1
HTTP headers:
Host: localhost
Content-Length: 10
User-Agent: Ticketing-WebApp
Connection: close
Content-Type: application/x-www-form-urlencoded
Request body:
password=0
========================================
2019-04-08 12:43:53 
::1 GET /tourism/public-api/v1/tourism?tourism_approval_status=2 HTTP/1.1
HTTP headers:
Host: localhost
User-Agent: Ticketing-WebApp
Connection: close
Request body:

========================================
2019-04-08 12:43:53 
::1 POST /tourism/public-api/v1/users/token HTTP/1.1
HTTP headers:
Host: localhost
Content-Length: 10
User-Agent: Ticketing-WebApp
Connection: close
Content-Type: application/x-www-form-urlencoded
Request body:
password=0
========================================
2019-04-08 12:43:53 
::1 GET /tourism/public-api/v1/tourism?tourism_approval_status=2 HTTP/1.1
HTTP headers:
Host: localhost
User-Agent: Ticketing-WebApp
Connection: close
Request body:

========================================
2019-04-08 12:43:54 
::1 GET /tourism/public-api/v1/continents HTTP/1.1
HTTP headers:
Host: localhost
User-Agent: Ticketing-WebApp
Connection: close
Request body:

========================================
2019-04-08 12:45:01 
::1 GET /tourism/public-api/v1/tourism?tourism_approval_status=2 HTTP/1.1
HTTP headers:
Host: localhost
User-Agent: Ticketing-WebApp
Connection: close
Request body:

========================================
2019-04-08 12:45:01 
::1 POST /tourism/public-api/v1/users/token HTTP/1.1
HTTP headers:
Host: localhost
Content-Length: 10
User-Agent: Ticketing-WebApp
Connection: close
Content-Type: application/x-www-form-urlencoded
Request body:
password=0
========================================
2019-04-08 12:45:01 
::1 GET /tourism/public-api/v1/tourism?tourism_approval_status=2 HTTP/1.1
HTTP headers:
Host: localhost
User-Agent: Ticketing-WebApp
Connection: close
Request body:

========================================
2019-04-08 12:45:01 
::1 POST /tourism/public-api/v1/users/token HTTP/1.1
HTTP headers:
Host: localhost
Content-Length: 10
User-Agent: Ticketing-WebApp
Connection: close
Content-Type: application/x-www-form-urlencoded
Request body:
password=0
========================================
2019-04-08 12:45:01 
::1 GET /tourism/public-api/v1/tourism?tourism_approval_status=2 HTTP/1.1
HTTP headers:
Host: localhost
User-Agent: Ticketing-WebApp
Connection: close
Request body:

========================================
2019-04-08 12:45:01 
::1 POST /tourism/public-api/v1/users/token HTTP/1.1
HTTP headers:
Host: localhost
Content-Length: 10
User-Agent: Ticketing-WebApp
Connection: close
Content-Type: application/x-www-form-urlencoded
Request body:
password=0
========================================
2019-04-08 12:45:01 
::1 GET /tourism/public-api/v1/tourism?tourism_approval_status=2 HTTP/1.1
HTTP headers:
Host: localhost
User-Agent: Ticketing-WebApp
Connection: close
Request body:

========================================
2019-04-08 12:45:02 
::1 GET /tourism/public-api/v1/continents HTTP/1.1
HTTP headers:
Host: localhost
User-Agent: Ticketing-WebApp
Connection: close
Request body:

========================================
2019-04-08 12:51:18 
::1 POST /tourism/public-api/v1/users/token HTTP/1.1
HTTP headers:
Host: localhost
Content-Length: 25
User-Agent: Ticketing-WebApp
Connection: close
Content-Type: application/x-www-form-urlencoded
Request body:
username=ade&password=ade
========================================
2019-04-08 12:51:19 
::1 GET /tourism/public-api/v1/users/1 HTTP/1.1
HTTP headers:
Host: localhost
User-Agent: Ticketing-WebApp
Authorization: Bearer eyJ0eXAiOiJKV1QiLCJhbGciOiJIUzI1NiJ9.eyJpYXQiOjE1NTQ3MDI2NzgsImp0aSI6IjlFd3JhbHltKzhoZUVtSStLMkRcL2VZSzNkdVwvdUxmUDhWQUVwVTJ5amR4dz0iLCJpc3MiOiI6OjEiLCJuYmYiOjE1NTQ3MDI2NzgsImV4cCI6MTU1NDcwNDQ3OCwiZGF0YSI6eyJ1c2VybmFtZSI6ImFkZSIsInBhc3N3b3JkIjoiYjcwMTY2ZDIzNTllNTVmZjM0ODRmNWQ3MDIwYzcwZDg2ZDg5MDc5NiIsImlwIjoiOjoxIiwidXNlcl9hZ2VudCI6IlRpY2tldGluZy1XZWJBcHAifX0.iwWjWHVwyeaQRYh7C0TI4AyPWwKwp4bWLvRnmkZf-xI
Connection: close
Request body:

========================================
2019-04-08 12:51:29 
::1 GET /tourism/public-api/v1/provinces/1/countries?limit=40 HTTP/1.1
HTTP headers:
Host: localhost
User-Agent: Ticketing-WebApp
Authorization: Bearer eyJ0eXAiOiJKV1QiLCJhbGciOiJIUzI1NiJ9.eyJpYXQiOjE1NTQ3MDI2NzgsImp0aSI6IjlFd3JhbHltKzhoZUVtSStLMkRcL2VZSzNkdVwvdUxmUDhWQUVwVTJ5amR4dz0iLCJpc3MiOiI6OjEiLCJuYmYiOjE1NTQ3MDI2NzgsImV4cCI6MTU1NDcwNDQ3OCwiZGF0YSI6eyJ1c2VybmFtZSI6ImFkZSIsInBhc3N3b3JkIjoiYjcwMTY2ZDIzNTllNTVmZjM0ODRmNWQ3MDIwYzcwZDg2ZDg5MDc5NiIsImlwIjoiOjoxIiwidXNlcl9hZ2VudCI6IlRpY2tldGluZy1XZWJBcHAifX0.iwWjWHVwyeaQRYh7C0TI4AyPWwKwp4bWLvRnmkZf-xI
Connection: close
Request body:

========================================
2019-04-08 12:53:10 
::1 GET /tourism/public-api/v1/destination_accounts/active HTTP/1.1
HTTP headers:
Host: localhost
User-Agent: Ticketing-WebApp
Authorization: Bearer eyJ0eXAiOiJKV1QiLCJhbGciOiJIUzI1NiJ9.eyJpYXQiOjE1NTQ3MDI2NzgsImp0aSI6IjlFd3JhbHltKzhoZUVtSStLMkRcL2VZSzNkdVwvdUxmUDhWQUVwVTJ5amR4dz0iLCJpc3MiOiI6OjEiLCJuYmYiOjE1NTQ3MDI2NzgsImV4cCI6MTU1NDcwNDQ3OCwiZGF0YSI6eyJ1c2VybmFtZSI6ImFkZSIsInBhc3N3b3JkIjoiYjcwMTY2ZDIzNTllNTVmZjM0ODRmNWQ3MDIwYzcwZDg2ZDg5MDc5NiIsImlwIjoiOjoxIiwidXNlcl9hZ2VudCI6IlRpY2tldGluZy1XZWJBcHAifX0.iwWjWHVwyeaQRYh7C0TI4AyPWwKwp4bWLvRnmkZf-xI
Connection: close
Request body:

========================================
2019-04-08 12:53:20 
::1 GET /tourism/public-api/v1/tourism?tourism_approval_status=1 HTTP/1.1
HTTP headers:
Host: localhost
User-Agent: Ticketing-WebApp
Authorization: Bearer eyJ0eXAiOiJKV1QiLCJhbGciOiJIUzI1NiJ9.eyJpYXQiOjE1NTQ3MDI2NzgsImp0aSI6IjlFd3JhbHltKzhoZUVtSStLMkRcL2VZSzNkdVwvdUxmUDhWQUVwVTJ5amR4dz0iLCJpc3MiOiI6OjEiLCJuYmYiOjE1NTQ3MDI2NzgsImV4cCI6MTU1NDcwNDQ3OCwiZGF0YSI6eyJ1c2VybmFtZSI6ImFkZSIsInBhc3N3b3JkIjoiYjcwMTY2ZDIzNTllNTVmZjM0ODRmNWQ3MDIwYzcwZDg2ZDg5MDc5NiIsImlwIjoiOjoxIiwidXNlcl9hZ2VudCI6IlRpY2tldGluZy1XZWJBcHAifX0.iwWjWHVwyeaQRYh7C0TI4AyPWwKwp4bWLvRnmkZf-xI
Connection: close
Request body:

========================================
2019-04-08 12:53:26 
::1 GET /tourism/public-api/v1/destination_accounts/active HTTP/1.1
HTTP headers:
Host: localhost
User-Agent: Ticketing-WebApp
Authorization: Bearer eyJ0eXAiOiJKV1QiLCJhbGciOiJIUzI1NiJ9.eyJpYXQiOjE1NTQ3MDI2NzgsImp0aSI6IjlFd3JhbHltKzhoZUVtSStLMkRcL2VZSzNkdVwvdUxmUDhWQUVwVTJ5amR4dz0iLCJpc3MiOiI6OjEiLCJuYmYiOjE1NTQ3MDI2NzgsImV4cCI6MTU1NDcwNDQ3OCwiZGF0YSI6eyJ1c2VybmFtZSI6ImFkZSIsInBhc3N3b3JkIjoiYjcwMTY2ZDIzNTllNTVmZjM0ODRmNWQ3MDIwYzcwZDg2ZDg5MDc5NiIsImlwIjoiOjoxIiwidXNlcl9hZ2VudCI6IlRpY2tldGluZy1XZWJBcHAifX0.iwWjWHVwyeaQRYh7C0TI4AyPWwKwp4bWLvRnmkZf-xI
Connection: close
Request body:

========================================
2019-04-08 12:53:34 
::1 GET /tourism/public-api/v1/countries/5/continent?limit=1 HTTP/1.1
HTTP headers:
Host: localhost
User-Agent: Ticketing-WebApp
Authorization: Bearer eyJ0eXAiOiJKV1QiLCJhbGciOiJIUzI1NiJ9.eyJpYXQiOjE1NTQ3MDI2NzgsImp0aSI6IjlFd3JhbHltKzhoZUVtSStLMkRcL2VZSzNkdVwvdUxmUDhWQUVwVTJ5amR4dz0iLCJpc3MiOiI6OjEiLCJuYmYiOjE1NTQ3MDI2NzgsImV4cCI6MTU1NDcwNDQ3OCwiZGF0YSI6eyJ1c2VybmFtZSI6ImFkZSIsInBhc3N3b3JkIjoiYjcwMTY2ZDIzNTllNTVmZjM0ODRmNWQ3MDIwYzcwZDg2ZDg5MDc5NiIsImlwIjoiOjoxIiwidXNlcl9hZ2VudCI6IlRpY2tldGluZy1XZWJBcHAifX0.iwWjWHVwyeaQRYh7C0TI4AyPWwKwp4bWLvRnmkZf-xI
Connection: close
Request body:

========================================
2019-04-08 12:53:35 
::1 GET /tourism/public-api/v1/countries/5/continent?limit=6 HTTP/1.1
HTTP headers:
Host: localhost
User-Agent: Ticketing-WebApp
Authorization: Bearer eyJ0eXAiOiJKV1QiLCJhbGciOiJIUzI1NiJ9.eyJpYXQiOjE1NTQ3MDI2NzgsImp0aSI6IjlFd3JhbHltKzhoZUVtSStLMkRcL2VZSzNkdVwvdUxmUDhWQUVwVTJ5amR4dz0iLCJpc3MiOiI6OjEiLCJuYmYiOjE1NTQ3MDI2NzgsImV4cCI6MTU1NDcwNDQ3OCwiZGF0YSI6eyJ1c2VybmFtZSI6ImFkZSIsInBhc3N3b3JkIjoiYjcwMTY2ZDIzNTllNTVmZjM0ODRmNWQ3MDIwYzcwZDg2ZDg5MDc5NiIsImlwIjoiOjoxIiwidXNlcl9hZ2VudCI6IlRpY2tldGluZy1XZWJBcHAifX0.iwWjWHVwyeaQRYh7C0TI4AyPWwKwp4bWLvRnmkZf-xI
Connection: close
Request body:

========================================
