2018-10-26 09:28:27 
::1 POST /tourism/public-api/v1/users/token HTTP/1.1
HTTP headers:
Host: localhost
Content-Length: 25
User-Agent: Ticketing-WebApp
Connection: close
Content-Type: application/x-www-form-urlencoded
Request body:
username=ade&password=ade
========================================
2018-10-26 09:28:28 
::1 GET /tourism/public-api/v1/users/1 HTTP/1.1
HTTP headers:
Host: localhost
User-Agent: Ticketing-WebApp
Authorization: Bearer eyJ0eXAiOiJKV1QiLCJhbGciOiJIUzI1NiJ9.eyJpYXQiOjE1NDA1MjA5MDcsImp0aSI6IklteXVcL3B4ZnNRaTFEdTI3a0JSV3I5SGF1OXEyRjE5b1g3UUdERGM4ZXNNPSIsImlzcyI6Ijo6MSIsIm5iZiI6MTU0MDUyMDkwNywiZXhwIjoxNTQwNTIyNzA3LCJkYXRhIjp7InVzZXJuYW1lIjoiYWRlIiwicGFzc3dvcmQiOiJiNzAxNjZkMjM1OWU1NWZmMzQ4NGY1ZDcwMjBjNzBkODZkODkwNzk2IiwiaXAiOiI6OjEiLCJ1c2VyX2FnZW50IjoiVGlja2V0aW5nLVdlYkFwcCJ9fQ.qzxb-7exs5QTAcHb4GaeGepLAO-rpLM0c9BDPHjVhnU
Connection: close
Request body:

========================================
2018-10-26 10:08:02 
::1 POST /tourism/public-api/v1/users/token HTTP/1.1
HTTP headers:
Host: localhost
Content-Length: 25
User-Agent: Ticketing-WebApp
Connection: close
Content-Type: application/x-www-form-urlencoded
Request body:
username=ade&password=ade
========================================
2018-10-26 10:08:03 
::1 GET /tourism/public-api/v1/users/1 HTTP/1.1
HTTP headers:
Host: localhost
User-Agent: Ticketing-WebApp
Authorization: Bearer eyJ0eXAiOiJKV1QiLCJhbGciOiJIUzI1NiJ9.eyJpYXQiOjE1NDA1MjMyODIsImp0aSI6IjVlNjhUT1AxRkVOY0V3cmJXQnVUbmZobHBERDVac21sNmhaaHJFNGkxeUk9IiwiaXNzIjoiOjoxIiwibmJmIjoxNTQwNTIzMjgyLCJleHAiOjE1NDA1MjUwODIsImRhdGEiOnsidXNlcm5hbWUiOiJhZGUiLCJwYXNzd29yZCI6ImI3MDE2NmQyMzU5ZTU1ZmYzNDg0ZjVkNzAyMGM3MGQ4NmQ4OTA3OTYiLCJpcCI6Ijo6MSIsInVzZXJfYWdlbnQiOiJUaWNrZXRpbmctV2ViQXBwIn19.ihEmJfSaMyEqQdP7etqlPqsKw_lUQphvaWiN2V7AcNQ
Connection: close
Request body:

========================================
2018-10-26 10:15:51 
::1 POST /tourism/public-api/v1/user_attachments HTTP/1.1
HTTP headers:
Host: localhost
Content-Length: 9234
Content-Type: multipart/form-data; boundary="3e6a6f72478daa79c5faec0b268f0d9d"
Authorization: Bearer eyJ0eXAiOiJKV1QiLCJhbGciOiJIUzI1NiJ9.eyJpYXQiOjE1NDA1MjMyODIsImp0aSI6IjVlNjhUT1AxRkVOY0V3cmJXQnVUbmZobHBERDVac21sNmhaaHJFNGkxeUk9IiwiaXNzIjoiOjoxIiwibmJmIjoxNTQwNTIzMjgyLCJleHAiOjE1NDA1MjUwODIsImRhdGEiOnsidXNlcm5hbWUiOiJhZGUiLCJwYXNzd29yZCI6ImI3MDE2NmQyMzU5ZTU1ZmYzNDg0ZjVkNzAyMGM3MGQ4NmQ4OTA3OTYiLCJpcCI6Ijo6MSIsInVzZXJfYWdlbnQiOiJUaWNrZXRpbmctV2ViQXBwIn19.ihEmJfSaMyEqQdP7etqlPqsKw_lUQphvaWiN2V7AcNQ
Connection: close
User-Agent: CakePHP
Request body:

========================================
2018-10-26 10:15:51 
::1 POST /tourism/public-api/v1/user_attachments HTTP/1.1
HTTP headers:
Host: localhost
Content-Length: 34604
Content-Type: multipart/form-data; boundary="3e6a6f72478daa79c5faec0b268f0d9d"
Authorization: Bearer eyJ0eXAiOiJKV1QiLCJhbGciOiJIUzI1NiJ9.eyJpYXQiOjE1NDA1MjMyODIsImp0aSI6IjVlNjhUT1AxRkVOY0V3cmJXQnVUbmZobHBERDVac21sNmhaaHJFNGkxeUk9IiwiaXNzIjoiOjoxIiwibmJmIjoxNTQwNTIzMjgyLCJleHAiOjE1NDA1MjUwODIsImRhdGEiOnsidXNlcm5hbWUiOiJhZGUiLCJwYXNzd29yZCI6ImI3MDE2NmQyMzU5ZTU1ZmYzNDg0ZjVkNzAyMGM3MGQ4NmQ4OTA3OTYiLCJpcCI6Ijo6MSIsInVzZXJfYWdlbnQiOiJUaWNrZXRpbmctV2ViQXBwIn19.ihEmJfSaMyEqQdP7etqlPqsKw_lUQphvaWiN2V7AcNQ
Connection: close
User-Agent: CakePHP
Request body:

========================================
2018-10-26 10:15:51 
::1 PUT /tourism/public-api/v1/users/1 HTTP/1.1
HTTP headers:
Host: localhost
Content-Length: 87
User-Agent: Ticketing-WebApp
Authorization: Bearer eyJ0eXAiOiJKV1QiLCJhbGciOiJIUzI1NiJ9.eyJpYXQiOjE1NDA1MjMyODIsImp0aSI6IjVlNjhUT1AxRkVOY0V3cmJXQnVUbmZobHBERDVac21sNmhaaHJFNGkxeUk9IiwiaXNzIjoiOjoxIiwibmJmIjoxNTQwNTIzMjgyLCJleHAiOjE1NDA1MjUwODIsImRhdGEiOnsidXNlcm5hbWUiOiJhZGUiLCJwYXNzd29yZCI6ImI3MDE2NmQyMzU5ZTU1ZmYzNDg0ZjVkNzAyMGM3MGQ4NmQ4OTA3OTYiLCJpcCI6Ijo6MSIsInVzZXJfYWdlbnQiOiJUaWNrZXRpbmctV2ViQXBwIn19.ihEmJfSaMyEqQdP7etqlPqsKw_lUQphvaWiN2V7AcNQ
Connection: close
Content-Type: application/x-www-form-urlencoded
Request body:
email=adeardian1994%40gmail.com&user_attachment_id_profile=1&user_attachment_id_cover=2
========================================
2018-10-26 10:16:30 
::1 POST /tourism/public-api/v1/user_attachments HTTP/1.1
HTTP headers:
Host: localhost
Content-Length: 9234
Content-Type: multipart/form-data; boundary="e54a2655372f67f496dffcec0c79d153"
Authorization: Bearer eyJ0eXAiOiJKV1QiLCJhbGciOiJIUzI1NiJ9.eyJpYXQiOjE1NDA1MjMyODIsImp0aSI6IjVlNjhUT1AxRkVOY0V3cmJXQnVUbmZobHBERDVac21sNmhaaHJFNGkxeUk9IiwiaXNzIjoiOjoxIiwibmJmIjoxNTQwNTIzMjgyLCJleHAiOjE1NDA1MjUwODIsImRhdGEiOnsidXNlcm5hbWUiOiJhZGUiLCJwYXNzd29yZCI6ImI3MDE2NmQyMzU5ZTU1ZmYzNDg0ZjVkNzAyMGM3MGQ4NmQ4OTA3OTYiLCJpcCI6Ijo6MSIsInVzZXJfYWdlbnQiOiJUaWNrZXRpbmctV2ViQXBwIn19.ihEmJfSaMyEqQdP7etqlPqsKw_lUQphvaWiN2V7AcNQ
Connection: close
User-Agent: CakePHP
Request body:

========================================
2018-10-26 10:16:31 
::1 POST /tourism/public-api/v1/user_attachments HTTP/1.1
HTTP headers:
Host: localhost
Content-Length: 34604
Content-Type: multipart/form-data; boundary="e54a2655372f67f496dffcec0c79d153"
Authorization: Bearer eyJ0eXAiOiJKV1QiLCJhbGciOiJIUzI1NiJ9.eyJpYXQiOjE1NDA1MjMyODIsImp0aSI6IjVlNjhUT1AxRkVOY0V3cmJXQnVUbmZobHBERDVac21sNmhaaHJFNGkxeUk9IiwiaXNzIjoiOjoxIiwibmJmIjoxNTQwNTIzMjgyLCJleHAiOjE1NDA1MjUwODIsImRhdGEiOnsidXNlcm5hbWUiOiJhZGUiLCJwYXNzd29yZCI6ImI3MDE2NmQyMzU5ZTU1ZmYzNDg0ZjVkNzAyMGM3MGQ4NmQ4OTA3OTYiLCJpcCI6Ijo6MSIsInVzZXJfYWdlbnQiOiJUaWNrZXRpbmctV2ViQXBwIn19.ihEmJfSaMyEqQdP7etqlPqsKw_lUQphvaWiN2V7AcNQ
Connection: close
User-Agent: CakePHP
Request body:

========================================
2018-10-26 10:16:31 
::1 PUT /tourism/public-api/v1/users/1 HTTP/1.1
HTTP headers:
Host: localhost
Content-Length: 87
User-Agent: Ticketing-WebApp
Authorization: Bearer eyJ0eXAiOiJKV1QiLCJhbGciOiJIUzI1NiJ9.eyJpYXQiOjE1NDA1MjMyODIsImp0aSI6IjVlNjhUT1AxRkVOY0V3cmJXQnVUbmZobHBERDVac21sNmhaaHJFNGkxeUk9IiwiaXNzIjoiOjoxIiwibmJmIjoxNTQwNTIzMjgyLCJleHAiOjE1NDA1MjUwODIsImRhdGEiOnsidXNlcm5hbWUiOiJhZGUiLCJwYXNzd29yZCI6ImI3MDE2NmQyMzU5ZTU1ZmYzNDg0ZjVkNzAyMGM3MGQ4NmQ4OTA3OTYiLCJpcCI6Ijo6MSIsInVzZXJfYWdlbnQiOiJUaWNrZXRpbmctV2ViQXBwIn19.ihEmJfSaMyEqQdP7etqlPqsKw_lUQphvaWiN2V7AcNQ
Connection: close
Content-Type: application/x-www-form-urlencoded
Request body:
email=adeardian1994%40gmail.com&user_attachment_id_profile=3&user_attachment_id_cover=4
========================================
2018-10-26 10:17:03 
::1 POST /tourism/public-api/v1/user_attachments HTTP/1.1
HTTP headers:
Host: localhost
Content-Length: 9234
Content-Type: multipart/form-data; boundary="5903c0a204d73d8b679b23fa1d3dcbb8"
Authorization: Bearer eyJ0eXAiOiJKV1QiLCJhbGciOiJIUzI1NiJ9.eyJpYXQiOjE1NDA1MjMyODIsImp0aSI6IjVlNjhUT1AxRkVOY0V3cmJXQnVUbmZobHBERDVac21sNmhaaHJFNGkxeUk9IiwiaXNzIjoiOjoxIiwibmJmIjoxNTQwNTIzMjgyLCJleHAiOjE1NDA1MjUwODIsImRhdGEiOnsidXNlcm5hbWUiOiJhZGUiLCJwYXNzd29yZCI6ImI3MDE2NmQyMzU5ZTU1ZmYzNDg0ZjVkNzAyMGM3MGQ4NmQ4OTA3OTYiLCJpcCI6Ijo6MSIsInVzZXJfYWdlbnQiOiJUaWNrZXRpbmctV2ViQXBwIn19.ihEmJfSaMyEqQdP7etqlPqsKw_lUQphvaWiN2V7AcNQ
Connection: close
User-Agent: CakePHP
Request body:

========================================
2018-10-26 10:17:04 
::1 POST /tourism/public-api/v1/user_attachments HTTP/1.1
HTTP headers:
Host: localhost
Content-Length: 34604
Content-Type: multipart/form-data; boundary="5903c0a204d73d8b679b23fa1d3dcbb8"
Authorization: Bearer eyJ0eXAiOiJKV1QiLCJhbGciOiJIUzI1NiJ9.eyJpYXQiOjE1NDA1MjMyODIsImp0aSI6IjVlNjhUT1AxRkVOY0V3cmJXQnVUbmZobHBERDVac21sNmhaaHJFNGkxeUk9IiwiaXNzIjoiOjoxIiwibmJmIjoxNTQwNTIzMjgyLCJleHAiOjE1NDA1MjUwODIsImRhdGEiOnsidXNlcm5hbWUiOiJhZGUiLCJwYXNzd29yZCI6ImI3MDE2NmQyMzU5ZTU1ZmYzNDg0ZjVkNzAyMGM3MGQ4NmQ4OTA3OTYiLCJpcCI6Ijo6MSIsInVzZXJfYWdlbnQiOiJUaWNrZXRpbmctV2ViQXBwIn19.ihEmJfSaMyEqQdP7etqlPqsKw_lUQphvaWiN2V7AcNQ
Connection: close
User-Agent: CakePHP
Request body:

========================================
2018-10-26 10:17:04 
::1 PUT /tourism/public-api/v1/users/1 HTTP/1.1
HTTP headers:
Host: localhost
Content-Length: 87
User-Agent: Ticketing-WebApp
Authorization: Bearer eyJ0eXAiOiJKV1QiLCJhbGciOiJIUzI1NiJ9.eyJpYXQiOjE1NDA1MjMyODIsImp0aSI6IjVlNjhUT1AxRkVOY0V3cmJXQnVUbmZobHBERDVac21sNmhaaHJFNGkxeUk9IiwiaXNzIjoiOjoxIiwibmJmIjoxNTQwNTIzMjgyLCJleHAiOjE1NDA1MjUwODIsImRhdGEiOnsidXNlcm5hbWUiOiJhZGUiLCJwYXNzd29yZCI6ImI3MDE2NmQyMzU5ZTU1ZmYzNDg0ZjVkNzAyMGM3MGQ4NmQ4OTA3OTYiLCJpcCI6Ijo6MSIsInVzZXJfYWdlbnQiOiJUaWNrZXRpbmctV2ViQXBwIn19.ihEmJfSaMyEqQdP7etqlPqsKw_lUQphvaWiN2V7AcNQ
Connection: close
Content-Type: application/x-www-form-urlencoded
Request body:
email=adeardian1994%40gmail.com&user_attachment_id_profile=5&user_attachment_id_cover=6
========================================
2018-10-26 10:23:29 
::1 POST /tourism/public-api/v1/user_attachments HTTP/1.1
HTTP headers:
Host: localhost
Content-Length: 9234
Content-Type: multipart/form-data; boundary="779d155504ca8cc39d2d08ca0101c35c"
Authorization: Bearer eyJ0eXAiOiJKV1QiLCJhbGciOiJIUzI1NiJ9.eyJpYXQiOjE1NDA1MjMyODIsImp0aSI6IjVlNjhUT1AxRkVOY0V3cmJXQnVUbmZobHBERDVac21sNmhaaHJFNGkxeUk9IiwiaXNzIjoiOjoxIiwibmJmIjoxNTQwNTIzMjgyLCJleHAiOjE1NDA1MjUwODIsImRhdGEiOnsidXNlcm5hbWUiOiJhZGUiLCJwYXNzd29yZCI6ImI3MDE2NmQyMzU5ZTU1ZmYzNDg0ZjVkNzAyMGM3MGQ4NmQ4OTA3OTYiLCJpcCI6Ijo6MSIsInVzZXJfYWdlbnQiOiJUaWNrZXRpbmctV2ViQXBwIn19.ihEmJfSaMyEqQdP7etqlPqsKw_lUQphvaWiN2V7AcNQ
Connection: close
User-Agent: CakePHP
Request body:

========================================
2018-10-26 10:23:29 
::1 POST /tourism/public-api/v1/user_attachments HTTP/1.1
HTTP headers:
Host: localhost
Content-Length: 34604
Content-Type: multipart/form-data; boundary="779d155504ca8cc39d2d08ca0101c35c"
Authorization: Bearer eyJ0eXAiOiJKV1QiLCJhbGciOiJIUzI1NiJ9.eyJpYXQiOjE1NDA1MjMyODIsImp0aSI6IjVlNjhUT1AxRkVOY0V3cmJXQnVUbmZobHBERDVac21sNmhaaHJFNGkxeUk9IiwiaXNzIjoiOjoxIiwibmJmIjoxNTQwNTIzMjgyLCJleHAiOjE1NDA1MjUwODIsImRhdGEiOnsidXNlcm5hbWUiOiJhZGUiLCJwYXNzd29yZCI6ImI3MDE2NmQyMzU5ZTU1ZmYzNDg0ZjVkNzAyMGM3MGQ4NmQ4OTA3OTYiLCJpcCI6Ijo6MSIsInVzZXJfYWdlbnQiOiJUaWNrZXRpbmctV2ViQXBwIn19.ihEmJfSaMyEqQdP7etqlPqsKw_lUQphvaWiN2V7AcNQ
Connection: close
User-Agent: CakePHP
Request body:

========================================
2018-10-26 10:23:29 
::1 PUT /tourism/public-api/v1/users/1 HTTP/1.1
HTTP headers:
Host: localhost
Content-Length: 87
User-Agent: Ticketing-WebApp
Authorization: Bearer eyJ0eXAiOiJKV1QiLCJhbGciOiJIUzI1NiJ9.eyJpYXQiOjE1NDA1MjMyODIsImp0aSI6IjVlNjhUT1AxRkVOY0V3cmJXQnVUbmZobHBERDVac21sNmhaaHJFNGkxeUk9IiwiaXNzIjoiOjoxIiwibmJmIjoxNTQwNTIzMjgyLCJleHAiOjE1NDA1MjUwODIsImRhdGEiOnsidXNlcm5hbWUiOiJhZGUiLCJwYXNzd29yZCI6ImI3MDE2NmQyMzU5ZTU1ZmYzNDg0ZjVkNzAyMGM3MGQ4NmQ4OTA3OTYiLCJpcCI6Ijo6MSIsInVzZXJfYWdlbnQiOiJUaWNrZXRpbmctV2ViQXBwIn19.ihEmJfSaMyEqQdP7etqlPqsKw_lUQphvaWiN2V7AcNQ
Connection: close
Content-Type: application/x-www-form-urlencoded
Request body:
email=adeardian1994%40gmail.com&user_attachment_id_profile=7&user_attachment_id_cover=8
========================================
2018-10-26 10:30:01 
::1 POST /tourism/public-api/v1/user_attachments HTTP/1.1
HTTP headers:
Host: localhost
Content-Length: 9234
Content-Type: multipart/form-data; boundary="62217b77cdc7adc30c9496b5fd434468"
Authorization: Bearer eyJ0eXAiOiJKV1QiLCJhbGciOiJIUzI1NiJ9.eyJpYXQiOjE1NDA1MjMyODIsImp0aSI6IjVlNjhUT1AxRkVOY0V3cmJXQnVUbmZobHBERDVac21sNmhaaHJFNGkxeUk9IiwiaXNzIjoiOjoxIiwibmJmIjoxNTQwNTIzMjgyLCJleHAiOjE1NDA1MjUwODIsImRhdGEiOnsidXNlcm5hbWUiOiJhZGUiLCJwYXNzd29yZCI6ImI3MDE2NmQyMzU5ZTU1ZmYzNDg0ZjVkNzAyMGM3MGQ4NmQ4OTA3OTYiLCJpcCI6Ijo6MSIsInVzZXJfYWdlbnQiOiJUaWNrZXRpbmctV2ViQXBwIn19.ihEmJfSaMyEqQdP7etqlPqsKw_lUQphvaWiN2V7AcNQ
Connection: close
User-Agent: CakePHP
Request body:

========================================
2018-10-26 10:30:01 
::1 POST /tourism/public-api/v1/user_attachments HTTP/1.1
HTTP headers:
Host: localhost
Content-Length: 34604
Content-Type: multipart/form-data; boundary="62217b77cdc7adc30c9496b5fd434468"
Authorization: Bearer eyJ0eXAiOiJKV1QiLCJhbGciOiJIUzI1NiJ9.eyJpYXQiOjE1NDA1MjMyODIsImp0aSI6IjVlNjhUT1AxRkVOY0V3cmJXQnVUbmZobHBERDVac21sNmhaaHJFNGkxeUk9IiwiaXNzIjoiOjoxIiwibmJmIjoxNTQwNTIzMjgyLCJleHAiOjE1NDA1MjUwODIsImRhdGEiOnsidXNlcm5hbWUiOiJhZGUiLCJwYXNzd29yZCI6ImI3MDE2NmQyMzU5ZTU1ZmYzNDg0ZjVkNzAyMGM3MGQ4NmQ4OTA3OTYiLCJpcCI6Ijo6MSIsInVzZXJfYWdlbnQiOiJUaWNrZXRpbmctV2ViQXBwIn19.ihEmJfSaMyEqQdP7etqlPqsKw_lUQphvaWiN2V7AcNQ
Connection: close
User-Agent: CakePHP
Request body:

========================================
2018-10-26 10:30:01 
::1 PUT /tourism/public-api/v1/users/1 HTTP/1.1
HTTP headers:
Host: localhost
Content-Length: 88
User-Agent: Ticketing-WebApp
Authorization: Bearer eyJ0eXAiOiJKV1QiLCJhbGciOiJIUzI1NiJ9.eyJpYXQiOjE1NDA1MjMyODIsImp0aSI6IjVlNjhUT1AxRkVOY0V3cmJXQnVUbmZobHBERDVac21sNmhaaHJFNGkxeUk9IiwiaXNzIjoiOjoxIiwibmJmIjoxNTQwNTIzMjgyLCJleHAiOjE1NDA1MjUwODIsImRhdGEiOnsidXNlcm5hbWUiOiJhZGUiLCJwYXNzd29yZCI6ImI3MDE2NmQyMzU5ZTU1ZmYzNDg0ZjVkNzAyMGM3MGQ4NmQ4OTA3OTYiLCJpcCI6Ijo6MSIsInVzZXJfYWdlbnQiOiJUaWNrZXRpbmctV2ViQXBwIn19.ihEmJfSaMyEqQdP7etqlPqsKw_lUQphvaWiN2V7AcNQ
Connection: close
Content-Type: application/x-www-form-urlencoded
Request body:
email=adeardian1994%40gmail.com&user_attachment_id_profile=9&user_attachment_id_cover=10
========================================
2018-10-26 14:09:54 
::1 POST /tourism/public-api/v1/users/token HTTP/1.1
HTTP headers:
Host: localhost
Content-Length: 25
User-Agent: Ticketing-WebApp
Connection: close
Content-Type: application/x-www-form-urlencoded
Request body:
username=ade&password=ade
========================================
2018-10-26 14:09:56 
::1 GET /tourism/public-api/v1/users/1 HTTP/1.1
HTTP headers:
Host: localhost
User-Agent: Ticketing-WebApp
Authorization: Bearer eyJ0eXAiOiJKV1QiLCJhbGciOiJIUzI1NiJ9.eyJpYXQiOjE1NDA1Mzc3OTUsImp0aSI6IjBET29uNzk1M3NFR0o4RW9EUTlEUFROeFJOMGd0ZU5kWTlSQzlBZVwvU3V3PSIsImlzcyI6Ijo6MSIsIm5iZiI6MTU0MDUzNzc5NSwiZXhwIjoxNTQwNTM5NTk1LCJkYXRhIjp7InVzZXJuYW1lIjoiYWRlIiwicGFzc3dvcmQiOiJiNzAxNjZkMjM1OWU1NWZmMzQ4NGY1ZDcwMjBjNzBkODZkODkwNzk2IiwiaXAiOiI6OjEiLCJ1c2VyX2FnZW50IjoiVGlja2V0aW5nLVdlYkFwcCJ9fQ.3Lxh_Iric9kAB88lur4nmx8CsIklCVmKFuafdWlOp8Y
Connection: close
Request body:

========================================
2018-10-26 14:36:54 
::1 POST /tourism/public-api/v1/users/token HTTP/1.1
HTTP headers:
Host: localhost
Content-Length: 25
User-Agent: Ticketing-WebApp
Connection: close
Content-Type: application/x-www-form-urlencoded
Request body:
username=ade&password=ade
========================================
2018-10-26 14:36:55 
::1 GET /tourism/public-api/v1/users/1 HTTP/1.1
HTTP headers:
Host: localhost
User-Agent: Ticketing-WebApp
Authorization: Bearer eyJ0eXAiOiJKV1QiLCJhbGciOiJIUzI1NiJ9.eyJpYXQiOjE1NDA1Mzk0MTQsImp0aSI6IkhOYVhFM3pYRVpFckx1dU1BbVZUbkxIMW1oNVZQZ1wvYmZoQnFaZkowY1ZNPSIsImlzcyI6Ijo6MSIsIm5iZiI6MTU0MDUzOTQxNCwiZXhwIjoxNTQwNTQxMjE0LCJkYXRhIjp7InVzZXJuYW1lIjoiYWRlIiwicGFzc3dvcmQiOiJiNzAxNjZkMjM1OWU1NWZmMzQ4NGY1ZDcwMjBjNzBkODZkODkwNzk2IiwiaXAiOiI6OjEiLCJ1c2VyX2FnZW50IjoiVGlja2V0aW5nLVdlYkFwcCJ9fQ.t749IsT5m8UVaPpTiXJ6Gxr5SxsYF7_QkSakkjcr8UU
Connection: close
Request body:

========================================
2018-10-26 14:37:10 
::1 GET /tourism/public-api/v1/continents HTTP/1.1
HTTP headers:
Host: localhost
User-Agent: Ticketing-WebApp
Authorization: Bearer eyJ0eXAiOiJKV1QiLCJhbGciOiJIUzI1NiJ9.eyJpYXQiOjE1NDA1Mzk0MTQsImp0aSI6IkhOYVhFM3pYRVpFckx1dU1BbVZUbkxIMW1oNVZQZ1wvYmZoQnFaZkowY1ZNPSIsImlzcyI6Ijo6MSIsIm5iZiI6MTU0MDUzOTQxNCwiZXhwIjoxNTQwNTQxMjE0LCJkYXRhIjp7InVzZXJuYW1lIjoiYWRlIiwicGFzc3dvcmQiOiJiNzAxNjZkMjM1OWU1NWZmMzQ4NGY1ZDcwMjBjNzBkODZkODkwNzk2IiwiaXAiOiI6OjEiLCJ1c2VyX2FnZW50IjoiVGlja2V0aW5nLVdlYkFwcCJ9fQ.t749IsT5m8UVaPpTiXJ6Gxr5SxsYF7_QkSakkjcr8UU
Connection: close
Request body:

========================================
2018-10-26 14:45:28 
::1 POST /tourism/public-api/v1/user_attachments HTTP/1.1
HTTP headers:
Host: localhost
Content-Length: 9234
Content-Type: multipart/form-data; boundary="d1809664fc1c417295d0f2cf80d62a78"
Authorization: Bearer eyJ0eXAiOiJKV1QiLCJhbGciOiJIUzI1NiJ9.eyJpYXQiOjE1NDA1Mzk0MTQsImp0aSI6IkhOYVhFM3pYRVpFckx1dU1BbVZUbkxIMW1oNVZQZ1wvYmZoQnFaZkowY1ZNPSIsImlzcyI6Ijo6MSIsIm5iZiI6MTU0MDUzOTQxNCwiZXhwIjoxNTQwNTQxMjE0LCJkYXRhIjp7InVzZXJuYW1lIjoiYWRlIiwicGFzc3dvcmQiOiJiNzAxNjZkMjM1OWU1NWZmMzQ4NGY1ZDcwMjBjNzBkODZkODkwNzk2IiwiaXAiOiI6OjEiLCJ1c2VyX2FnZW50IjoiVGlja2V0aW5nLVdlYkFwcCJ9fQ.t749IsT5m8UVaPpTiXJ6Gxr5SxsYF7_QkSakkjcr8UU
Connection: close
User-Agent: CakePHP
Request body:

========================================
2018-10-26 14:45:28 
::1 POST /tourism/public-api/v1/user_attachments HTTP/1.1
HTTP headers:
Host: localhost
Content-Length: 34604
Content-Type: multipart/form-data; boundary="d1809664fc1c417295d0f2cf80d62a78"
Authorization: Bearer eyJ0eXAiOiJKV1QiLCJhbGciOiJIUzI1NiJ9.eyJpYXQiOjE1NDA1Mzk0MTQsImp0aSI6IkhOYVhFM3pYRVpFckx1dU1BbVZUbkxIMW1oNVZQZ1wvYmZoQnFaZkowY1ZNPSIsImlzcyI6Ijo6MSIsIm5iZiI6MTU0MDUzOTQxNCwiZXhwIjoxNTQwNTQxMjE0LCJkYXRhIjp7InVzZXJuYW1lIjoiYWRlIiwicGFzc3dvcmQiOiJiNzAxNjZkMjM1OWU1NWZmMzQ4NGY1ZDcwMjBjNzBkODZkODkwNzk2IiwiaXAiOiI6OjEiLCJ1c2VyX2FnZW50IjoiVGlja2V0aW5nLVdlYkFwcCJ9fQ.t749IsT5m8UVaPpTiXJ6Gxr5SxsYF7_QkSakkjcr8UU
Connection: close
User-Agent: CakePHP
Request body:

========================================
2018-10-26 14:45:28 
::1 PUT /tourism/public-api/v1/users/1 HTTP/1.1
HTTP headers:
Host: localhost
Content-Length: 87
User-Agent: Ticketing-WebApp
Authorization: Bearer eyJ0eXAiOiJKV1QiLCJhbGciOiJIUzI1NiJ9.eyJpYXQiOjE1NDA1Mzk0MTQsImp0aSI6IkhOYVhFM3pYRVpFckx1dU1BbVZUbkxIMW1oNVZQZ1wvYmZoQnFaZkowY1ZNPSIsImlzcyI6Ijo6MSIsIm5iZiI6MTU0MDUzOTQxNCwiZXhwIjoxNTQwNTQxMjE0LCJkYXRhIjp7InVzZXJuYW1lIjoiYWRlIiwicGFzc3dvcmQiOiJiNzAxNjZkMjM1OWU1NWZmMzQ4NGY1ZDcwMjBjNzBkODZkODkwNzk2IiwiaXAiOiI6OjEiLCJ1c2VyX2FnZW50IjoiVGlja2V0aW5nLVdlYkFwcCJ9fQ.t749IsT5m8UVaPpTiXJ6Gxr5SxsYF7_QkSakkjcr8UU
Connection: close
Content-Type: application/x-www-form-urlencoded
Request body:
email=adeardian1994%40gmail.com&user_attachment_id_profile=1&user_attachment_id_cover=2
========================================
2018-10-26 15:39:30 
::1 POST /tourism/public-api/v1/users/token HTTP/1.1
HTTP headers:
Host: localhost
Content-Length: 25
User-Agent: Ticketing-WebApp
Connection: close
Content-Type: application/x-www-form-urlencoded
Request body:
username=ade&password=ade
========================================
2018-10-26 15:39:31 
::1 GET /tourism/public-api/v1/users/1 HTTP/1.1
HTTP headers:
Host: localhost
User-Agent: Ticketing-WebApp
Authorization: Bearer eyJ0eXAiOiJKV1QiLCJhbGciOiJIUzI1NiJ9.eyJpYXQiOjE1NDA1NDMxNzAsImp0aSI6Imh2djQxS2Zua3p1c2RiNVZJODRlYVBUU0psZkd5UHZWVmF5cUtUbzlCdkk9IiwiaXNzIjoiOjoxIiwibmJmIjoxNTQwNTQzMTcwLCJleHAiOjE1NDA1NDQ5NzAsImRhdGEiOnsidXNlcm5hbWUiOiJhZGUiLCJwYXNzd29yZCI6ImI3MDE2NmQyMzU5ZTU1ZmYzNDg0ZjVkNzAyMGM3MGQ4NmQ4OTA3OTYiLCJpcCI6Ijo6MSIsInVzZXJfYWdlbnQiOiJUaWNrZXRpbmctV2ViQXBwIn19.nEGq0S3EufMxY1czJ-LC_MTMZLaoRu-MJWV2Z9kbpas
Connection: close
Request body:

========================================
2018-10-26 16:55:24 
::1 GET /tourism/public-api/v1/users?username=user2 HTTP/1.1
HTTP headers:
Host: localhost
User-Agent: Ticketing-WebApp
Connection: close
Request body:

========================================
2018-10-26 16:55:24 
::1 POST /tourism/public-api/v1/users/token HTTP/1.1
HTTP headers:
Host: localhost
Content-Length: 10
User-Agent: Ticketing-WebApp
Connection: close
Content-Type: application/x-www-form-urlencoded
Request body:
password=0
========================================
2018-10-26 16:55:24 
::1 GET /tourism/public-api/v1/users?username=user2 HTTP/1.1
HTTP headers:
Host: localhost
User-Agent: Ticketing-WebApp
Connection: close
Request body:

========================================
2018-10-26 16:55:24 
::1 POST /tourism/public-api/v1/users/token HTTP/1.1
HTTP headers:
Host: localhost
Content-Length: 10
User-Agent: Ticketing-WebApp
Connection: close
Content-Type: application/x-www-form-urlencoded
Request body:
password=0
========================================
2018-10-26 16:55:25 
::1 GET /tourism/public-api/v1/users?username=user2 HTTP/1.1
HTTP headers:
Host: localhost
User-Agent: Ticketing-WebApp
Connection: close
Request body:

========================================
2018-10-26 16:55:25 
::1 POST /tourism/public-api/v1/users/token HTTP/1.1
HTTP headers:
Host: localhost
Content-Length: 10
User-Agent: Ticketing-WebApp
Connection: close
Content-Type: application/x-www-form-urlencoded
Request body:
password=0
========================================
2018-10-26 16:55:25 
::1 GET /tourism/public-api/v1/users?username=user2 HTTP/1.1
HTTP headers:
Host: localhost
User-Agent: Ticketing-WebApp
Connection: close
Request body:

========================================
2018-10-26 16:55:25 
::1 POST /tourism/public-api/v1/users HTTP/1.1
HTTP headers:
Host: localhost
Content-Length: 111
User-Agent: Ticketing-WebApp
Connection: close
Content-Type: application/x-www-form-urlencoded
Request body:
username=user2&password=user&email=adeardian1994%40gmail.com&user_level_id=2&created_at=2018-10-26+09%3A55%3A25
========================================
2018-10-26 16:55:25 
::1 POST /tourism/public-api/v1/users/token HTTP/1.1
HTTP headers:
Host: localhost
Content-Length: 10
User-Agent: Ticketing-WebApp
Connection: close
Content-Type: application/x-www-form-urlencoded
Request body:
password=0
========================================
2018-10-26 16:55:25 
::1 POST /tourism/public-api/v1/users HTTP/1.1
HTTP headers:
Host: localhost
Content-Length: 111
User-Agent: Ticketing-WebApp
Connection: close
Content-Type: application/x-www-form-urlencoded
Request body:
username=user2&password=user&email=adeardian1994%40gmail.com&user_level_id=2&created_at=2018-10-26+09%3A55%3A25
========================================
2018-10-26 16:55:25 
::1 POST /tourism/public-api/v1/users/token HTTP/1.1
HTTP headers:
Host: localhost
Content-Length: 10
User-Agent: Ticketing-WebApp
Connection: close
Content-Type: application/x-www-form-urlencoded
Request body:
password=0
========================================
2018-10-26 16:55:25 
::1 POST /tourism/public-api/v1/users HTTP/1.1
HTTP headers:
Host: localhost
Content-Length: 111
User-Agent: Ticketing-WebApp
Connection: close
Content-Type: application/x-www-form-urlencoded
Request body:
username=user2&password=user&email=adeardian1994%40gmail.com&user_level_id=2&created_at=2018-10-26+09%3A55%3A25
========================================
2018-10-26 16:55:26 
::1 POST /tourism/public-api/v1/users/token HTTP/1.1
HTTP headers:
Host: localhost
Content-Length: 10
User-Agent: Ticketing-WebApp
Connection: close
Content-Type: application/x-www-form-urlencoded
Request body:
password=0
========================================
2018-10-26 16:55:26 
::1 POST /tourism/public-api/v1/users HTTP/1.1
HTTP headers:
Host: localhost
Content-Length: 111
User-Agent: Ticketing-WebApp
Connection: close
Content-Type: application/x-www-form-urlencoded
Request body:
username=user2&password=user&email=adeardian1994%40gmail.com&user_level_id=2&created_at=2018-10-26+09%3A55%3A25
========================================
2018-10-26 16:57:49 
::1 GET /tourism/public-api/v1/users?username=user2 HTTP/1.1
HTTP headers:
Host: localhost
User-Agent: Ticketing-WebApp
Connection: close
Request body:

========================================
2018-10-26 16:57:49 
::1 POST /tourism/public-api/v1/users/token HTTP/1.1
HTTP headers:
Host: localhost
Content-Length: 10
User-Agent: Ticketing-WebApp
Connection: close
Content-Type: application/x-www-form-urlencoded
Request body:
password=0
========================================
2018-10-26 16:57:49 
::1 GET /tourism/public-api/v1/users?username=user2 HTTP/1.1
HTTP headers:
Host: localhost
User-Agent: Ticketing-WebApp
Connection: close
Request body:

========================================
2018-10-26 16:57:49 
::1 POST /tourism/public-api/v1/users/token HTTP/1.1
HTTP headers:
Host: localhost
Content-Length: 10
User-Agent: Ticketing-WebApp
Connection: close
Content-Type: application/x-www-form-urlencoded
Request body:
password=0
========================================
2018-10-26 16:57:49 
::1 GET /tourism/public-api/v1/users?username=user2 HTTP/1.1
HTTP headers:
Host: localhost
User-Agent: Ticketing-WebApp
Connection: close
Request body:

========================================
2018-10-26 16:57:49 
::1 POST /tourism/public-api/v1/users/token HTTP/1.1
HTTP headers:
Host: localhost
Content-Length: 10
User-Agent: Ticketing-WebApp
Connection: close
Content-Type: application/x-www-form-urlencoded
Request body:
password=0
========================================
2018-10-26 16:57:49 
::1 GET /tourism/public-api/v1/users?username=user2 HTTP/1.1
HTTP headers:
Host: localhost
User-Agent: Ticketing-WebApp
Connection: close
Request body:

========================================
2018-10-26 16:57:50 
::1 POST /tourism/public-api/v1/users HTTP/1.1
HTTP headers:
Host: localhost
Content-Length: 111
User-Agent: Ticketing-WebApp
Connection: close
Content-Type: application/x-www-form-urlencoded
Request body:
username=user2&password=user&email=adeardian1994%40gmail.com&user_level_id=2&created_at=2018-10-26+09%3A57%3A50
========================================
2018-10-26 16:57:50 
::1 POST /tourism/public-api/v1/users/token HTTP/1.1
HTTP headers:
Host: localhost
Content-Length: 10
User-Agent: Ticketing-WebApp
Connection: close
Content-Type: application/x-www-form-urlencoded
Request body:
password=0
========================================
2018-10-26 16:57:50 
::1 POST /tourism/public-api/v1/users HTTP/1.1
HTTP headers:
Host: localhost
Content-Length: 111
User-Agent: Ticketing-WebApp
Connection: close
Content-Type: application/x-www-form-urlencoded
Request body:
username=user2&password=user&email=adeardian1994%40gmail.com&user_level_id=2&created_at=2018-10-26+09%3A57%3A50
========================================
2018-10-26 16:57:50 
::1 POST /tourism/public-api/v1/users/token HTTP/1.1
HTTP headers:
Host: localhost
Content-Length: 10
User-Agent: Ticketing-WebApp
Connection: close
Content-Type: application/x-www-form-urlencoded
Request body:
password=0
========================================
2018-10-26 16:57:50 
::1 POST /tourism/public-api/v1/users HTTP/1.1
HTTP headers:
Host: localhost
Content-Length: 111
User-Agent: Ticketing-WebApp
Connection: close
Content-Type: application/x-www-form-urlencoded
Request body:
username=user2&password=user&email=adeardian1994%40gmail.com&user_level_id=2&created_at=2018-10-26+09%3A57%3A50
========================================
2018-10-26 16:57:50 
::1 POST /tourism/public-api/v1/users/token HTTP/1.1
HTTP headers:
Host: localhost
Content-Length: 10
User-Agent: Ticketing-WebApp
Connection: close
Content-Type: application/x-www-form-urlencoded
Request body:
password=0
========================================
2018-10-26 16:57:50 
::1 POST /tourism/public-api/v1/users HTTP/1.1
HTTP headers:
Host: localhost
Content-Length: 111
User-Agent: Ticketing-WebApp
Connection: close
Content-Type: application/x-www-form-urlencoded
Request body:
username=user2&password=user&email=adeardian1994%40gmail.com&user_level_id=2&created_at=2018-10-26+09%3A57%3A50
========================================
2018-10-26 17:01:05 
::1 GET /tourism/public-api/v1/users?username=user2 HTTP/1.1
HTTP headers:
Host: localhost
User-Agent: Ticketing-WebApp
Connection: close
Request body:

========================================
2018-10-26 17:01:05 
::1 POST /tourism/public-api/v1/users/token HTTP/1.1
HTTP headers:
Host: localhost
Content-Length: 10
User-Agent: Ticketing-WebApp
Connection: close
Content-Type: application/x-www-form-urlencoded
Request body:
password=0
========================================
2018-10-26 17:01:05 
::1 GET /tourism/public-api/v1/users?username=user2 HTTP/1.1
HTTP headers:
Host: localhost
User-Agent: Ticketing-WebApp
Connection: close
Request body:

========================================
2018-10-26 17:01:06 
::1 POST /tourism/public-api/v1/users/token HTTP/1.1
HTTP headers:
Host: localhost
Content-Length: 10
User-Agent: Ticketing-WebApp
Connection: close
Content-Type: application/x-www-form-urlencoded
Request body:
password=0
========================================
2018-10-26 17:01:06 
::1 GET /tourism/public-api/v1/users?username=user2 HTTP/1.1
HTTP headers:
Host: localhost
User-Agent: Ticketing-WebApp
Connection: close
Request body:

========================================
2018-10-26 17:01:06 
::1 POST /tourism/public-api/v1/users/token HTTP/1.1
HTTP headers:
Host: localhost
Content-Length: 10
User-Agent: Ticketing-WebApp
Connection: close
Content-Type: application/x-www-form-urlencoded
Request body:
password=0
========================================
2018-10-26 17:01:06 
::1 GET /tourism/public-api/v1/users?username=user2 HTTP/1.1
HTTP headers:
Host: localhost
User-Agent: Ticketing-WebApp
Connection: close
Request body:

========================================
2018-10-26 17:01:06 
::1 POST /tourism/public-api/v1/users HTTP/1.1
HTTP headers:
Host: localhost
Content-Length: 107
User-Agent: Ticketing-WebApp
Connection: close
Content-Type: application/x-www-form-urlencoded
Request body:
username=user2&password=user&email=adeardian%40jsm.co.id&user_level_id=2&created_at=2018-10-26+10%3A01%3A06
========================================
2018-10-26 17:01:06 
::1 POST /tourism/public-api/v1/users_metas HTTP/1.1
HTTP headers:
Host: localhost
Content-Length: 561
User-Agent: Ticketing-WebApp
Connection: close
Content-Type: application/x-www-form-urlencoded
Request body:
user_id=4&meta_key=user_data&meta_value=%7B%22account_data%22%3A%7B%22username%22%3A%22user2%22%2C%22user_attachment_photo_profile%22%3A%22%22%2C%22user_attachment_photo_cover%22%3A%22%22%2C%22email%22%3A%22adeardian%40jsm.co.id%22%7D%2C%22profile_data%22%3A%7B%22province_id%22%3A%22%22%2C%22province%22%3A%22%22%2C%22city_id%22%3A%22%22%2C%22city%22%3A%22%22%2C%22phone_number%22%3A%22%22%2C%22address%22%3A%22%22%2C%22gender_id%22%3A%22%22%2C%22gender%22%3A%22%22%2C%22fullname%22%3A%22%22%2C%22birth_date%22%3A%22%22%7D%7D&created_at=2018-10-26+10%3A01%3A06
========================================
2018-10-26 17:01:07 
::1 POST /tourism/public-api/v1/users/token HTTP/1.1
HTTP headers:
Host: localhost
Content-Length: 10
User-Agent: Ticketing-WebApp
Connection: close
Content-Type: application/x-www-form-urlencoded
Request body:
password=0
========================================
2018-10-26 17:01:07 
::1 POST /tourism/public-api/v1/users_metas HTTP/1.1
HTTP headers:
Host: localhost
Content-Length: 561
User-Agent: Ticketing-WebApp
Connection: close
Content-Type: application/x-www-form-urlencoded
Request body:
user_id=4&meta_key=user_data&meta_value=%7B%22account_data%22%3A%7B%22username%22%3A%22user2%22%2C%22user_attachment_photo_profile%22%3A%22%22%2C%22user_attachment_photo_cover%22%3A%22%22%2C%22email%22%3A%22adeardian%40jsm.co.id%22%7D%2C%22profile_data%22%3A%7B%22province_id%22%3A%22%22%2C%22province%22%3A%22%22%2C%22city_id%22%3A%22%22%2C%22city%22%3A%22%22%2C%22phone_number%22%3A%22%22%2C%22address%22%3A%22%22%2C%22gender_id%22%3A%22%22%2C%22gender%22%3A%22%22%2C%22fullname%22%3A%22%22%2C%22birth_date%22%3A%22%22%7D%7D&created_at=2018-10-26+10%3A01%3A06
========================================
2018-10-26 17:01:07 
::1 POST /tourism/public-api/v1/users/token HTTP/1.1
HTTP headers:
Host: localhost
Content-Length: 10
User-Agent: Ticketing-WebApp
Connection: close
Content-Type: application/x-www-form-urlencoded
Request body:
password=0
========================================
2018-10-26 17:01:07 
::1 POST /tourism/public-api/v1/users_metas HTTP/1.1
HTTP headers:
Host: localhost
Content-Length: 561
User-Agent: Ticketing-WebApp
Connection: close
Content-Type: application/x-www-form-urlencoded
Request body:
user_id=4&meta_key=user_data&meta_value=%7B%22account_data%22%3A%7B%22username%22%3A%22user2%22%2C%22user_attachment_photo_profile%22%3A%22%22%2C%22user_attachment_photo_cover%22%3A%22%22%2C%22email%22%3A%22adeardian%40jsm.co.id%22%7D%2C%22profile_data%22%3A%7B%22province_id%22%3A%22%22%2C%22province%22%3A%22%22%2C%22city_id%22%3A%22%22%2C%22city%22%3A%22%22%2C%22phone_number%22%3A%22%22%2C%22address%22%3A%22%22%2C%22gender_id%22%3A%22%22%2C%22gender%22%3A%22%22%2C%22fullname%22%3A%22%22%2C%22birth_date%22%3A%22%22%7D%7D&created_at=2018-10-26+10%3A01%3A06
========================================
2018-10-26 17:01:07 
::1 POST /tourism/public-api/v1/users/token HTTP/1.1
HTTP headers:
Host: localhost
Content-Length: 10
User-Agent: Ticketing-WebApp
Connection: close
Content-Type: application/x-www-form-urlencoded
Request body:
password=0
========================================
2018-10-26 17:01:07 
::1 POST /tourism/public-api/v1/users_metas HTTP/1.1
HTTP headers:
Host: localhost
Content-Length: 561
User-Agent: Ticketing-WebApp
Connection: close
Content-Type: application/x-www-form-urlencoded
Request body:
user_id=4&meta_key=user_data&meta_value=%7B%22account_data%22%3A%7B%22username%22%3A%22user2%22%2C%22user_attachment_photo_profile%22%3A%22%22%2C%22user_attachment_photo_cover%22%3A%22%22%2C%22email%22%3A%22adeardian%40jsm.co.id%22%7D%2C%22profile_data%22%3A%7B%22province_id%22%3A%22%22%2C%22province%22%3A%22%22%2C%22city_id%22%3A%22%22%2C%22city%22%3A%22%22%2C%22phone_number%22%3A%22%22%2C%22address%22%3A%22%22%2C%22gender_id%22%3A%22%22%2C%22gender%22%3A%22%22%2C%22fullname%22%3A%22%22%2C%22birth_date%22%3A%22%22%7D%7D&created_at=2018-10-26+10%3A01%3A06
========================================
2018-10-26 17:11:21 
::1 GET /tourism/public-api/v1/users?username=user3 HTTP/1.1
HTTP headers:
Host: localhost
User-Agent: Ticketing-WebApp
Connection: close
Request body:

========================================
2018-10-26 17:11:21 
::1 POST /tourism/public-api/v1/users/token HTTP/1.1
HTTP headers:
Host: localhost
Content-Length: 10
User-Agent: Ticketing-WebApp
Connection: close
Content-Type: application/x-www-form-urlencoded
Request body:
password=0
========================================
2018-10-26 17:11:21 
::1 GET /tourism/public-api/v1/users?username=user3 HTTP/1.1
HTTP headers:
Host: localhost
User-Agent: Ticketing-WebApp
Connection: close
Request body:

========================================
2018-10-26 17:11:21 
::1 POST /tourism/public-api/v1/users/token HTTP/1.1
HTTP headers:
Host: localhost
Content-Length: 10
User-Agent: Ticketing-WebApp
Connection: close
Content-Type: application/x-www-form-urlencoded
Request body:
password=0
========================================
2018-10-26 17:11:21 
::1 GET /tourism/public-api/v1/users?username=user3 HTTP/1.1
HTTP headers:
Host: localhost
User-Agent: Ticketing-WebApp
Connection: close
Request body:

========================================
2018-10-26 17:11:21 
::1 POST /tourism/public-api/v1/users/token HTTP/1.1
HTTP headers:
Host: localhost
Content-Length: 10
User-Agent: Ticketing-WebApp
Connection: close
Content-Type: application/x-www-form-urlencoded
Request body:
password=0
========================================
2018-10-26 17:11:21 
::1 GET /tourism/public-api/v1/users?username=user3 HTTP/1.1
HTTP headers:
Host: localhost
User-Agent: Ticketing-WebApp
Connection: close
Request body:

========================================
2018-10-26 17:11:22 
::1 POST /tourism/public-api/v1/users HTTP/1.1
HTTP headers:
Host: localhost
Content-Length: 103
User-Agent: Ticketing-WebApp
Connection: close
Content-Type: application/x-www-form-urlencoded
Request body:
username=user3&password=user&email=user3%40gmail.com&user_level_id=2&created_at=2018-10-26+17%3A11%3A22
========================================
2018-10-26 17:11:22 
::1 POST /tourism/public-api/v1/users_metas HTTP/1.1
HTTP headers:
Host: localhost
Content-Length: 557
User-Agent: Ticketing-WebApp
Connection: close
Content-Type: application/x-www-form-urlencoded
Request body:
user_id=5&meta_key=user_data&meta_value=%7B%22account_data%22%3A%7B%22username%22%3A%22user3%22%2C%22user_attachment_photo_profile%22%3A%22%22%2C%22user_attachment_photo_cover%22%3A%22%22%2C%22email%22%3A%22user3%40gmail.com%22%7D%2C%22profile_data%22%3A%7B%22province_id%22%3A%22%22%2C%22province%22%3A%22%22%2C%22city_id%22%3A%22%22%2C%22city%22%3A%22%22%2C%22phone_number%22%3A%22%22%2C%22address%22%3A%22%22%2C%22gender_id%22%3A%22%22%2C%22gender%22%3A%22%22%2C%22fullname%22%3A%22%22%2C%22birth_date%22%3A%22%22%7D%7D&created_at=2018-10-26+17%3A11%3A22
========================================
2018-10-26 17:11:22 
::1 POST /tourism/public-api/v1/users/token HTTP/1.1
HTTP headers:
Host: localhost
Content-Length: 10
User-Agent: Ticketing-WebApp
Connection: close
Content-Type: application/x-www-form-urlencoded
Request body:
password=0
========================================
2018-10-26 17:11:22 
::1 POST /tourism/public-api/v1/users_metas HTTP/1.1
HTTP headers:
Host: localhost
Content-Length: 557
User-Agent: Ticketing-WebApp
Connection: close
Content-Type: application/x-www-form-urlencoded
Request body:
user_id=5&meta_key=user_data&meta_value=%7B%22account_data%22%3A%7B%22username%22%3A%22user3%22%2C%22user_attachment_photo_profile%22%3A%22%22%2C%22user_attachment_photo_cover%22%3A%22%22%2C%22email%22%3A%22user3%40gmail.com%22%7D%2C%22profile_data%22%3A%7B%22province_id%22%3A%22%22%2C%22province%22%3A%22%22%2C%22city_id%22%3A%22%22%2C%22city%22%3A%22%22%2C%22phone_number%22%3A%22%22%2C%22address%22%3A%22%22%2C%22gender_id%22%3A%22%22%2C%22gender%22%3A%22%22%2C%22fullname%22%3A%22%22%2C%22birth_date%22%3A%22%22%7D%7D&created_at=2018-10-26+17%3A11%3A22
========================================
2018-10-26 17:11:22 
::1 POST /tourism/public-api/v1/users/token HTTP/1.1
HTTP headers:
Host: localhost
Content-Length: 10
User-Agent: Ticketing-WebApp
Connection: close
Content-Type: application/x-www-form-urlencoded
Request body:
password=0
========================================
2018-10-26 17:11:22 
::1 POST /tourism/public-api/v1/users_metas HTTP/1.1
HTTP headers:
Host: localhost
Content-Length: 557
User-Agent: Ticketing-WebApp
Connection: close
Content-Type: application/x-www-form-urlencoded
Request body:
user_id=5&meta_key=user_data&meta_value=%7B%22account_data%22%3A%7B%22username%22%3A%22user3%22%2C%22user_attachment_photo_profile%22%3A%22%22%2C%22user_attachment_photo_cover%22%3A%22%22%2C%22email%22%3A%22user3%40gmail.com%22%7D%2C%22profile_data%22%3A%7B%22province_id%22%3A%22%22%2C%22province%22%3A%22%22%2C%22city_id%22%3A%22%22%2C%22city%22%3A%22%22%2C%22phone_number%22%3A%22%22%2C%22address%22%3A%22%22%2C%22gender_id%22%3A%22%22%2C%22gender%22%3A%22%22%2C%22fullname%22%3A%22%22%2C%22birth_date%22%3A%22%22%7D%7D&created_at=2018-10-26+17%3A11%3A22
========================================
2018-10-26 17:11:22 
::1 POST /tourism/public-api/v1/users/token HTTP/1.1
HTTP headers:
Host: localhost
Content-Length: 10
User-Agent: Ticketing-WebApp
Connection: close
Content-Type: application/x-www-form-urlencoded
Request body:
password=0
========================================
2018-10-26 17:11:23 
::1 POST /tourism/public-api/v1/users_metas HTTP/1.1
HTTP headers:
Host: localhost
Content-Length: 557
User-Agent: Ticketing-WebApp
Connection: close
Content-Type: application/x-www-form-urlencoded
Request body:
user_id=5&meta_key=user_data&meta_value=%7B%22account_data%22%3A%7B%22username%22%3A%22user3%22%2C%22user_attachment_photo_profile%22%3A%22%22%2C%22user_attachment_photo_cover%22%3A%22%22%2C%22email%22%3A%22user3%40gmail.com%22%7D%2C%22profile_data%22%3A%7B%22province_id%22%3A%22%22%2C%22province%22%3A%22%22%2C%22city_id%22%3A%22%22%2C%22city%22%3A%22%22%2C%22phone_number%22%3A%22%22%2C%22address%22%3A%22%22%2C%22gender_id%22%3A%22%22%2C%22gender%22%3A%22%22%2C%22fullname%22%3A%22%22%2C%22birth_date%22%3A%22%22%7D%7D&created_at=2018-10-26+17%3A11%3A22
========================================
2018-10-26 17:11:44 
::1 GET /tourism/public-api/v1/users?username=user3 HTTP/1.1
HTTP headers:
Host: localhost
User-Agent: Ticketing-WebApp
Connection: close
Request body:

========================================
2018-10-26 17:11:45 
::1 POST /tourism/public-api/v1/users/token HTTP/1.1
HTTP headers:
Host: localhost
Content-Length: 10
User-Agent: Ticketing-WebApp
Connection: close
Content-Type: application/x-www-form-urlencoded
Request body:
password=0
========================================
2018-10-26 17:11:45 
::1 GET /tourism/public-api/v1/users?username=user3 HTTP/1.1
HTTP headers:
Host: localhost
User-Agent: Ticketing-WebApp
Connection: close
Request body:

========================================
2018-10-26 17:11:45 
::1 POST /tourism/public-api/v1/users/token HTTP/1.1
HTTP headers:
Host: localhost
Content-Length: 10
User-Agent: Ticketing-WebApp
Connection: close
Content-Type: application/x-www-form-urlencoded
Request body:
password=0
========================================
2018-10-26 17:11:45 
::1 GET /tourism/public-api/v1/users?username=user3 HTTP/1.1
HTTP headers:
Host: localhost
User-Agent: Ticketing-WebApp
Connection: close
Request body:

========================================
2018-10-26 17:11:45 
::1 POST /tourism/public-api/v1/users/token HTTP/1.1
HTTP headers:
Host: localhost
Content-Length: 10
User-Agent: Ticketing-WebApp
Connection: close
Content-Type: application/x-www-form-urlencoded
Request body:
password=0
========================================
2018-10-26 17:11:45 
::1 GET /tourism/public-api/v1/users?username=user3 HTTP/1.1
HTTP headers:
Host: localhost
User-Agent: Ticketing-WebApp
Connection: close
Request body:

========================================
2018-10-26 17:11:45 
::1 POST /tourism/public-api/v1/users HTTP/1.1
HTTP headers:
Host: localhost
Content-Length: 103
User-Agent: Ticketing-WebApp
Connection: close
Content-Type: application/x-www-form-urlencoded
Request body:
username=user3&password=user&email=user3%40gmail.com&user_level_id=2&created_at=2018-10-26+17%3A11%3A45
========================================
2018-10-26 17:11:46 
::1 POST /tourism/public-api/v1/users/token HTTP/1.1
HTTP headers:
Host: localhost
Content-Length: 10
User-Agent: Ticketing-WebApp
Connection: close
Content-Type: application/x-www-form-urlencoded
Request body:
password=0
========================================
2018-10-26 17:11:46 
::1 POST /tourism/public-api/v1/users HTTP/1.1
HTTP headers:
Host: localhost
Content-Length: 103
User-Agent: Ticketing-WebApp
Connection: close
Content-Type: application/x-www-form-urlencoded
Request body:
username=user3&password=user&email=user3%40gmail.com&user_level_id=2&created_at=2018-10-26+17%3A11%3A45
========================================
2018-10-26 17:11:46 
::1 POST /tourism/public-api/v1/users/token HTTP/1.1
HTTP headers:
Host: localhost
Content-Length: 10
User-Agent: Ticketing-WebApp
Connection: close
Content-Type: application/x-www-form-urlencoded
Request body:
password=0
========================================
2018-10-26 17:11:46 
::1 POST /tourism/public-api/v1/users HTTP/1.1
HTTP headers:
Host: localhost
Content-Length: 103
User-Agent: Ticketing-WebApp
Connection: close
Content-Type: application/x-www-form-urlencoded
Request body:
username=user3&password=user&email=user3%40gmail.com&user_level_id=2&created_at=2018-10-26+17%3A11%3A45
========================================
2018-10-26 17:11:46 
::1 POST /tourism/public-api/v1/users/token HTTP/1.1
HTTP headers:
Host: localhost
Content-Length: 10
User-Agent: Ticketing-WebApp
Connection: close
Content-Type: application/x-www-form-urlencoded
Request body:
password=0
========================================
2018-10-26 17:11:46 
::1 POST /tourism/public-api/v1/users HTTP/1.1
HTTP headers:
Host: localhost
Content-Length: 103
User-Agent: Ticketing-WebApp
Connection: close
Content-Type: application/x-www-form-urlencoded
Request body:
username=user3&password=user&email=user3%40gmail.com&user_level_id=2&created_at=2018-10-26+17%3A11%3A45
========================================
2018-10-26 17:21:53 
::1 GET /tourism/public-api/v1/users?username=user HTTP/1.1
HTTP headers:
Host: localhost
User-Agent: Ticketing-WebApp
Connection: close
Request body:

========================================
2018-10-26 17:21:53 
::1 POST /tourism/public-api/v1/users/token HTTP/1.1
HTTP headers:
Host: localhost
Content-Length: 10
User-Agent: Ticketing-WebApp
Connection: close
Content-Type: application/x-www-form-urlencoded
Request body:
password=0
========================================
2018-10-26 17:21:53 
::1 GET /tourism/public-api/v1/users?username=user HTTP/1.1
HTTP headers:
Host: localhost
User-Agent: Ticketing-WebApp
Connection: close
Request body:

========================================
2018-10-26 17:21:53 
::1 POST /tourism/public-api/v1/users/token HTTP/1.1
HTTP headers:
Host: localhost
Content-Length: 10
User-Agent: Ticketing-WebApp
Connection: close
Content-Type: application/x-www-form-urlencoded
Request body:
password=0
========================================
2018-10-26 17:21:53 
::1 GET /tourism/public-api/v1/users?username=user HTTP/1.1
HTTP headers:
Host: localhost
User-Agent: Ticketing-WebApp
Connection: close
Request body:

========================================
2018-10-26 17:21:53 
::1 POST /tourism/public-api/v1/users/token HTTP/1.1
HTTP headers:
Host: localhost
Content-Length: 10
User-Agent: Ticketing-WebApp
Connection: close
Content-Type: application/x-www-form-urlencoded
Request body:
password=0
========================================
2018-10-26 17:21:53 
::1 GET /tourism/public-api/v1/users?username=user HTTP/1.1
HTTP headers:
Host: localhost
User-Agent: Ticketing-WebApp
Connection: close
Request body:

========================================
2018-10-26 17:21:54 
::1 POST /tourism/public-api/v1/users HTTP/1.1
HTTP headers:
Host: localhost
Content-Length: 101
User-Agent: Ticketing-WebApp
Connection: close
Content-Type: application/x-www-form-urlencoded
Request body:
username=user&password=user&email=user%40gmail.com&user_level_id=2&created_at=2018-10-26+17%3A21%3A54
========================================
2018-10-26 17:21:54 
::1 POST /tourism/public-api/v1/user_metas HTTP/1.1
HTTP headers:
Host: localhost
Content-Length: 555
User-Agent: Ticketing-WebApp
Connection: close
Content-Type: application/x-www-form-urlencoded
Request body:
user_id=6&meta_key=user_data&meta_value=%7B%22account_data%22%3A%7B%22username%22%3A%22user%22%2C%22user_attachment_photo_profile%22%3A%22%22%2C%22user_attachment_photo_cover%22%3A%22%22%2C%22email%22%3A%22user%40gmail.com%22%7D%2C%22profile_data%22%3A%7B%22province_id%22%3A%22%22%2C%22province%22%3A%22%22%2C%22city_id%22%3A%22%22%2C%22city%22%3A%22%22%2C%22phone_number%22%3A%22%22%2C%22address%22%3A%22%22%2C%22gender_id%22%3A%22%22%2C%22gender%22%3A%22%22%2C%22fullname%22%3A%22%22%2C%22birth_date%22%3A%22%22%7D%7D&created_at=2018-10-26+17%3A21%3A54
========================================
2018-10-26 17:21:54 
::1 POST /tourism/public-api/v1/users/token HTTP/1.1
HTTP headers:
Host: localhost
Content-Length: 10
User-Agent: Ticketing-WebApp
Connection: close
Content-Type: application/x-www-form-urlencoded
Request body:
password=0
========================================
2018-10-26 17:21:54 
::1 POST /tourism/public-api/v1/user_metas HTTP/1.1
HTTP headers:
Host: localhost
Content-Length: 555
User-Agent: Ticketing-WebApp
Connection: close
Content-Type: application/x-www-form-urlencoded
Request body:
user_id=6&meta_key=user_data&meta_value=%7B%22account_data%22%3A%7B%22username%22%3A%22user%22%2C%22user_attachment_photo_profile%22%3A%22%22%2C%22user_attachment_photo_cover%22%3A%22%22%2C%22email%22%3A%22user%40gmail.com%22%7D%2C%22profile_data%22%3A%7B%22province_id%22%3A%22%22%2C%22province%22%3A%22%22%2C%22city_id%22%3A%22%22%2C%22city%22%3A%22%22%2C%22phone_number%22%3A%22%22%2C%22address%22%3A%22%22%2C%22gender_id%22%3A%22%22%2C%22gender%22%3A%22%22%2C%22fullname%22%3A%22%22%2C%22birth_date%22%3A%22%22%7D%7D&created_at=2018-10-26+17%3A21%3A54
========================================
2018-10-26 17:21:54 
::1 POST /tourism/public-api/v1/users/token HTTP/1.1
HTTP headers:
Host: localhost
Content-Length: 10
User-Agent: Ticketing-WebApp
Connection: close
Content-Type: application/x-www-form-urlencoded
Request body:
password=0
========================================
2018-10-26 17:21:54 
::1 POST /tourism/public-api/v1/user_metas HTTP/1.1
HTTP headers:
Host: localhost
Content-Length: 555
User-Agent: Ticketing-WebApp
Connection: close
Content-Type: application/x-www-form-urlencoded
Request body:
user_id=6&meta_key=user_data&meta_value=%7B%22account_data%22%3A%7B%22username%22%3A%22user%22%2C%22user_attachment_photo_profile%22%3A%22%22%2C%22user_attachment_photo_cover%22%3A%22%22%2C%22email%22%3A%22user%40gmail.com%22%7D%2C%22profile_data%22%3A%7B%22province_id%22%3A%22%22%2C%22province%22%3A%22%22%2C%22city_id%22%3A%22%22%2C%22city%22%3A%22%22%2C%22phone_number%22%3A%22%22%2C%22address%22%3A%22%22%2C%22gender_id%22%3A%22%22%2C%22gender%22%3A%22%22%2C%22fullname%22%3A%22%22%2C%22birth_date%22%3A%22%22%7D%7D&created_at=2018-10-26+17%3A21%3A54
========================================
2018-10-26 17:21:54 
::1 POST /tourism/public-api/v1/users/token HTTP/1.1
HTTP headers:
Host: localhost
Content-Length: 10
User-Agent: Ticketing-WebApp
Connection: close
Content-Type: application/x-www-form-urlencoded
Request body:
password=0
========================================
2018-10-26 17:21:55 
::1 POST /tourism/public-api/v1/user_metas HTTP/1.1
HTTP headers:
Host: localhost
Content-Length: 555
User-Agent: Ticketing-WebApp
Connection: close
Content-Type: application/x-www-form-urlencoded
Request body:
user_id=6&meta_key=user_data&meta_value=%7B%22account_data%22%3A%7B%22username%22%3A%22user%22%2C%22user_attachment_photo_profile%22%3A%22%22%2C%22user_attachment_photo_cover%22%3A%22%22%2C%22email%22%3A%22user%40gmail.com%22%7D%2C%22profile_data%22%3A%7B%22province_id%22%3A%22%22%2C%22province%22%3A%22%22%2C%22city_id%22%3A%22%22%2C%22city%22%3A%22%22%2C%22phone_number%22%3A%22%22%2C%22address%22%3A%22%22%2C%22gender_id%22%3A%22%22%2C%22gender%22%3A%22%22%2C%22fullname%22%3A%22%22%2C%22birth_date%22%3A%22%22%7D%7D&created_at=2018-10-26+17%3A21%3A54
========================================
2018-10-26 17:21:55 
::1 DELETE /tourism/public-api/v1/users/6 HTTP/1.1
HTTP headers:
Host: localhost
User-Agent: Ticketing-WebApp
Connection: close
Content-Type: application/x-www-form-urlencoded
Request body:

========================================
2018-10-26 17:21:55 
::1 POST /tourism/public-api/v1/users/token HTTP/1.1
HTTP headers:
Host: localhost
Content-Length: 10
User-Agent: Ticketing-WebApp
Connection: close
Content-Type: application/x-www-form-urlencoded
Request body:
password=0
========================================
2018-10-26 17:21:55 
::1 DELETE /tourism/public-api/v1/users/6 HTTP/1.1
HTTP headers:
Host: localhost
User-Agent: Ticketing-WebApp
Connection: close
Content-Type: application/x-www-form-urlencoded
Request body:

========================================
2018-10-26 17:21:55 
::1 POST /tourism/public-api/v1/users/token HTTP/1.1
HTTP headers:
Host: localhost
Content-Length: 10
User-Agent: Ticketing-WebApp
Connection: close
Content-Type: application/x-www-form-urlencoded
Request body:
password=0
========================================
2018-10-26 17:21:55 
::1 DELETE /tourism/public-api/v1/users/6 HTTP/1.1
HTTP headers:
Host: localhost
User-Agent: Ticketing-WebApp
Connection: close
Content-Type: application/x-www-form-urlencoded
Request body:

========================================
2018-10-26 17:21:55 
::1 POST /tourism/public-api/v1/users/token HTTP/1.1
HTTP headers:
Host: localhost
Content-Length: 10
User-Agent: Ticketing-WebApp
Connection: close
Content-Type: application/x-www-form-urlencoded
Request body:
password=0
========================================
2018-10-26 17:21:56 
::1 DELETE /tourism/public-api/v1/users/6 HTTP/1.1
HTTP headers:
Host: localhost
User-Agent: Ticketing-WebApp
Connection: close
Content-Type: application/x-www-form-urlencoded
Request body:

========================================
