2018-05-12 23:59:50 
::1 POST /synergix-takaful/public-api/v1/users/token HTTP/1.1
HTTP headers:
Host: localhost
Content-Length: 35
User-Agent: Ticketing-WebApp
Connection: close
Content-Type: application/x-www-form-urlencoded
Request body:
username=ba_admin&password=ba_admin
========================================
2018-05-12 23:59:51 
::1 GET /synergix-takaful/public-api/v1/users/9 HTTP/1.1
HTTP headers:
Host: localhost
User-Agent: Ticketing-WebApp
Authorization: Bearer eyJ0eXAiOiJKV1QiLCJhbGciOiJIUzI1NiJ9.eyJpYXQiOjE1MjYxNDQzOTAsImp0aSI6InBmRlFJTEYzTG5XZkMwMTRrbWRMVjkyR0FYZThyVmNDaUJtQnV6REpKVnc9IiwiaXNzIjoiOjoxIiwibmJmIjoxNTI2MTQ0MzkwLCJleHAiOjE1MjYxNDYxOTAsImRhdGEiOnsidXNlcm5hbWUiOiJiYV9hZG1pbiIsInBhc3N3b3JkIjoiYTAzNmFjMTM3MjJhYTNjNjg1YjRmYzQ5NWJjYTEwYTcxNzRmMDk3MCIsImlwIjoiOjoxIiwidXNlcl9hZ2VudCI6IlRpY2tldGluZy1XZWJBcHAifX0.IHWWJK4JkJDfA_U8B_m3vMvjrptNeS9sPJpewDsLm04
Connection: close
Request body:

========================================
2018-05-12 23:59:51 
::1 GET /synergix-takaful/public-api/v1/user_level_modules/active?code=TICKET&user_level_id=7 HTTP/1.1
HTTP headers:
Host: localhost
User-Agent: Ticketing-WebApp
Authorization: Bearer eyJ0eXAiOiJKV1QiLCJhbGciOiJIUzI1NiJ9.eyJpYXQiOjE1MjYxNDQzOTAsImp0aSI6InBmRlFJTEYzTG5XZkMwMTRrbWRMVjkyR0FYZThyVmNDaUJtQnV6REpKVnc9IiwiaXNzIjoiOjoxIiwibmJmIjoxNTI2MTQ0MzkwLCJleHAiOjE1MjYxNDYxOTAsImRhdGEiOnsidXNlcm5hbWUiOiJiYV9hZG1pbiIsInBhc3N3b3JkIjoiYTAzNmFjMTM3MjJhYTNjNjg1YjRmYzQ5NWJjYTEwYTcxNzRmMDk3MCIsImlwIjoiOjoxIiwidXNlcl9hZ2VudCI6IlRpY2tldGluZy1XZWJBcHAifX0.IHWWJK4JkJDfA_U8B_m3vMvjrptNeS9sPJpewDsLm04
Connection: close
Request body:

========================================
2018-05-12 23:59:52 
::1 GET /synergix-takaful/public-api/v1/ticket_types?is_active=1 HTTP/1.1
HTTP headers:
Host: localhost
User-Agent: Ticketing-WebApp
Authorization: Bearer eyJ0eXAiOiJKV1QiLCJhbGciOiJIUzI1NiJ9.eyJpYXQiOjE1MjYxNDQzOTAsImp0aSI6InBmRlFJTEYzTG5XZkMwMTRrbWRMVjkyR0FYZThyVmNDaUJtQnV6REpKVnc9IiwiaXNzIjoiOjoxIiwibmJmIjoxNTI2MTQ0MzkwLCJleHAiOjE1MjYxNDYxOTAsImRhdGEiOnsidXNlcm5hbWUiOiJiYV9hZG1pbiIsInBhc3N3b3JkIjoiYTAzNmFjMTM3MjJhYTNjNjg1YjRmYzQ5NWJjYTEwYTcxNzRmMDk3MCIsImlwIjoiOjoxIiwidXNlcl9hZ2VudCI6IlRpY2tldGluZy1XZWJBcHAifX0.IHWWJK4JkJDfA_U8B_m3vMvjrptNeS9sPJpewDsLm04
Connection: close
Request body:

========================================
2018-05-12 23:59:52 
::1 GET /synergix-takaful/public-api/v1/departments?is_active=1&limit=100&order=name HTTP/1.1
HTTP headers:
Host: localhost
User-Agent: Ticketing-WebApp
Authorization: Bearer eyJ0eXAiOiJKV1QiLCJhbGciOiJIUzI1NiJ9.eyJpYXQiOjE1MjYxNDQzOTAsImp0aSI6InBmRlFJTEYzTG5XZkMwMTRrbWRMVjkyR0FYZThyVmNDaUJtQnV6REpKVnc9IiwiaXNzIjoiOjoxIiwibmJmIjoxNTI2MTQ0MzkwLCJleHAiOjE1MjYxNDYxOTAsImRhdGEiOnsidXNlcm5hbWUiOiJiYV9hZG1pbiIsInBhc3N3b3JkIjoiYTAzNmFjMTM3MjJhYTNjNjg1YjRmYzQ5NWJjYTEwYTcxNzRmMDk3MCIsImlwIjoiOjoxIiwidXNlcl9hZ2VudCI6IlRpY2tldGluZy1XZWJBcHAifX0.IHWWJK4JkJDfA_U8B_m3vMvjrptNeS9sPJpewDsLm04
Connection: close
Request body:

========================================
2018-05-12 23:59:52 
::1 GET /synergix-takaful/public-api/v1/ticket_priorities?is_active=1&order=name HTTP/1.1
HTTP headers:
Host: localhost
User-Agent: Ticketing-WebApp
Authorization: Bearer eyJ0eXAiOiJKV1QiLCJhbGciOiJIUzI1NiJ9.eyJpYXQiOjE1MjYxNDQzOTAsImp0aSI6InBmRlFJTEYzTG5XZkMwMTRrbWRMVjkyR0FYZThyVmNDaUJtQnV6REpKVnc9IiwiaXNzIjoiOjoxIiwibmJmIjoxNTI2MTQ0MzkwLCJleHAiOjE1MjYxNDYxOTAsImRhdGEiOnsidXNlcm5hbWUiOiJiYV9hZG1pbiIsInBhc3N3b3JkIjoiYTAzNmFjMTM3MjJhYTNjNjg1YjRmYzQ5NWJjYTEwYTcxNzRmMDk3MCIsImlwIjoiOjoxIiwidXNlcl9hZ2VudCI6IlRpY2tldGluZy1XZWJBcHAifX0.IHWWJK4JkJDfA_U8B_m3vMvjrptNeS9sPJpewDsLm04
Connection: close
Request body:

========================================
2018-05-12 23:59:52 
::1 GET /synergix-takaful/public-api/v1/ticket_statuses/active?order=name HTTP/1.1
HTTP headers:
Host: localhost
User-Agent: Ticketing-WebApp
Authorization: Bearer eyJ0eXAiOiJKV1QiLCJhbGciOiJIUzI1NiJ9.eyJpYXQiOjE1MjYxNDQzOTAsImp0aSI6InBmRlFJTEYzTG5XZkMwMTRrbWRMVjkyR0FYZThyVmNDaUJtQnV6REpKVnc9IiwiaXNzIjoiOjoxIiwibmJmIjoxNTI2MTQ0MzkwLCJleHAiOjE1MjYxNDYxOTAsImRhdGEiOnsidXNlcm5hbWUiOiJiYV9hZG1pbiIsInBhc3N3b3JkIjoiYTAzNmFjMTM3MjJhYTNjNjg1YjRmYzQ5NWJjYTEwYTcxNzRmMDk3MCIsImlwIjoiOjoxIiwidXNlcl9hZ2VudCI6IlRpY2tldGluZy1XZWJBcHAifX0.IHWWJK4JkJDfA_U8B_m3vMvjrptNeS9sPJpewDsLm04
Connection: close
Request body:

========================================
2018-05-12 23:59:52 
::1 GET /synergix-takaful/public-api/v1/product_types/active?limit=50 HTTP/1.1
HTTP headers:
Host: localhost
User-Agent: Ticketing-WebApp
Authorization: Bearer eyJ0eXAiOiJKV1QiLCJhbGciOiJIUzI1NiJ9.eyJpYXQiOjE1MjYxNDQzOTAsImp0aSI6InBmRlFJTEYzTG5XZkMwMTRrbWRMVjkyR0FYZThyVmNDaUJtQnV6REpKVnc9IiwiaXNzIjoiOjoxIiwibmJmIjoxNTI2MTQ0MzkwLCJleHAiOjE1MjYxNDYxOTAsImRhdGEiOnsidXNlcm5hbWUiOiJiYV9hZG1pbiIsInBhc3N3b3JkIjoiYTAzNmFjMTM3MjJhYTNjNjg1YjRmYzQ5NWJjYTEwYTcxNzRmMDk3MCIsImlwIjoiOjoxIiwidXNlcl9hZ2VudCI6IlRpY2tldGluZy1XZWJBcHAifX0.IHWWJK4JkJDfA_U8B_m3vMvjrptNeS9sPJpewDsLm04
Connection: close
Request body:

========================================
2018-05-12 23:59:52 
::1 GET /synergix-takaful/public-api/v1/tickets?need_follow_up=1&ticket_status_id=4&limit=1 HTTP/1.1
HTTP headers:
Host: localhost
User-Agent: Ticketing-WebApp
Authorization: Bearer eyJ0eXAiOiJKV1QiLCJhbGciOiJIUzI1NiJ9.eyJpYXQiOjE1MjYxNDQzOTAsImp0aSI6InBmRlFJTEYzTG5XZkMwMTRrbWRMVjkyR0FYZThyVmNDaUJtQnV6REpKVnc9IiwiaXNzIjoiOjoxIiwibmJmIjoxNTI2MTQ0MzkwLCJleHAiOjE1MjYxNDYxOTAsImRhdGEiOnsidXNlcm5hbWUiOiJiYV9hZG1pbiIsInBhc3N3b3JkIjoiYTAzNmFjMTM3MjJhYTNjNjg1YjRmYzQ5NWJjYTEwYTcxNzRmMDk3MCIsImlwIjoiOjoxIiwidXNlcl9hZ2VudCI6IlRpY2tldGluZy1XZWJBcHAifX0.IHWWJK4JkJDfA_U8B_m3vMvjrptNeS9sPJpewDsLm04
Connection: close
Request body:

========================================
2018-05-12 23:59:52 
::1 GET /synergix-takaful/public-api/v1/tickets?limit=20&start=1526058000&end=1526058000 HTTP/1.1
HTTP headers:
Host: localhost
User-Agent: Ticketing-WebApp
Authorization: Bearer eyJ0eXAiOiJKV1QiLCJhbGciOiJIUzI1NiJ9.eyJpYXQiOjE1MjYxNDQzOTAsImp0aSI6InBmRlFJTEYzTG5XZkMwMTRrbWRMVjkyR0FYZThyVmNDaUJtQnV6REpKVnc9IiwiaXNzIjoiOjoxIiwibmJmIjoxNTI2MTQ0MzkwLCJleHAiOjE1MjYxNDYxOTAsImRhdGEiOnsidXNlcm5hbWUiOiJiYV9hZG1pbiIsInBhc3N3b3JkIjoiYTAzNmFjMTM3MjJhYTNjNjg1YjRmYzQ5NWJjYTEwYTcxNzRmMDk3MCIsImlwIjoiOjoxIiwidXNlcl9hZ2VudCI6IlRpY2tldGluZy1XZWJBcHAifX0.IHWWJK4JkJDfA_U8B_m3vMvjrptNeS9sPJpewDsLm04
Connection: close
Request body:

========================================
