2019-03-30 02:54:26 
::1 POST /tourism/public-api/v1/users/token HTTP/1.1
HTTP headers:
Host: localhost
Content-Length: 25
User-Agent: Ticketing-WebApp
Connection: close
Content-Type: application/x-www-form-urlencoded
Request body:
username=ade&password=ade
========================================
2019-03-30 02:54:28 
::1 GET /tourism/public-api/v1/users/1 HTTP/1.1
HTTP headers:
Host: localhost
User-Agent: Ticketing-WebApp
Authorization: Bearer eyJ0eXAiOiJKV1QiLCJhbGciOiJIUzI1NiJ9.eyJpYXQiOjE1NTM4ODkyNjcsImp0aSI6InF1ZEcxQVhKT1NVZmRORkNPNVJMaitGZFJ1blRvekxqTHBURTVab21rN1E9IiwiaXNzIjoiOjoxIiwibmJmIjoxNTUzODg5MjY3LCJleHAiOjE1NTM4OTEwNjcsImRhdGEiOnsidXNlcm5hbWUiOiJhZGUiLCJwYXNzd29yZCI6ImI3MDE2NmQyMzU5ZTU1ZmYzNDg0ZjVkNzAyMGM3MGQ4NmQ4OTA3OTYiLCJpcCI6Ijo6MSIsInVzZXJfYWdlbnQiOiJUaWNrZXRpbmctV2ViQXBwIn19.fAEV5kizEFGqeSdsCL9BXsBjczCa7GMrlw-8maq_YtY
Connection: close
Request body:

========================================
2019-03-30 03:05:57 
::1 GET /tourism/public-api/v1/continents HTTP/1.1
HTTP headers:
Host: localhost
User-Agent: Ticketing-WebApp
Authorization: Bearer eyJ0eXAiOiJKV1QiLCJhbGciOiJIUzI1NiJ9.eyJpYXQiOjE1NTM4ODkyNjcsImp0aSI6InF1ZEcxQVhKT1NVZmRORkNPNVJMaitGZFJ1blRvekxqTHBURTVab21rN1E9IiwiaXNzIjoiOjoxIiwibmJmIjoxNTUzODg5MjY3LCJleHAiOjE1NTM4OTEwNjcsImRhdGEiOnsidXNlcm5hbWUiOiJhZGUiLCJwYXNzd29yZCI6ImI3MDE2NmQyMzU5ZTU1ZmYzNDg0ZjVkNzAyMGM3MGQ4NmQ4OTA3OTYiLCJpcCI6Ijo6MSIsInVzZXJfYWdlbnQiOiJUaWNrZXRpbmctV2ViQXBwIn19.fAEV5kizEFGqeSdsCL9BXsBjczCa7GMrlw-8maq_YtY
Connection: close
Request body:

========================================
2019-03-30 03:06:37 
::1 GET /tourism/public-api/v1/continents HTTP/1.1
HTTP headers:
Host: localhost
User-Agent: Ticketing-WebApp
Authorization: Bearer eyJ0eXAiOiJKV1QiLCJhbGciOiJIUzI1NiJ9.eyJpYXQiOjE1NTM4ODkyNjcsImp0aSI6InF1ZEcxQVhKT1NVZmRORkNPNVJMaitGZFJ1blRvekxqTHBURTVab21rN1E9IiwiaXNzIjoiOjoxIiwibmJmIjoxNTUzODg5MjY3LCJleHAiOjE1NTM4OTEwNjcsImRhdGEiOnsidXNlcm5hbWUiOiJhZGUiLCJwYXNzd29yZCI6ImI3MDE2NmQyMzU5ZTU1ZmYzNDg0ZjVkNzAyMGM3MGQ4NmQ4OTA3OTYiLCJpcCI6Ijo6MSIsInVzZXJfYWdlbnQiOiJUaWNrZXRpbmctV2ViQXBwIn19.fAEV5kizEFGqeSdsCL9BXsBjczCa7GMrlw-8maq_YtY
Connection: close
Request body:

========================================
2019-03-30 03:06:47 
::1 GET /tourism/public-api/v1/continents HTTP/1.1
HTTP headers:
Host: localhost
User-Agent: Ticketing-WebApp
Authorization: Bearer eyJ0eXAiOiJKV1QiLCJhbGciOiJIUzI1NiJ9.eyJpYXQiOjE1NTM4ODkyNjcsImp0aSI6InF1ZEcxQVhKT1NVZmRORkNPNVJMaitGZFJ1blRvekxqTHBURTVab21rN1E9IiwiaXNzIjoiOjoxIiwibmJmIjoxNTUzODg5MjY3LCJleHAiOjE1NTM4OTEwNjcsImRhdGEiOnsidXNlcm5hbWUiOiJhZGUiLCJwYXNzd29yZCI6ImI3MDE2NmQyMzU5ZTU1ZmYzNDg0ZjVkNzAyMGM3MGQ4NmQ4OTA3OTYiLCJpcCI6Ijo6MSIsInVzZXJfYWdlbnQiOiJUaWNrZXRpbmctV2ViQXBwIn19.fAEV5kizEFGqeSdsCL9BXsBjczCa7GMrlw-8maq_YtY
Connection: close
Request body:

========================================
2019-03-30 03:06:57 
::1 GET /tourism/public-api/v1/continents HTTP/1.1
HTTP headers:
Host: localhost
User-Agent: Ticketing-WebApp
Authorization: Bearer eyJ0eXAiOiJKV1QiLCJhbGciOiJIUzI1NiJ9.eyJpYXQiOjE1NTM4ODkyNjcsImp0aSI6InF1ZEcxQVhKT1NVZmRORkNPNVJMaitGZFJ1blRvekxqTHBURTVab21rN1E9IiwiaXNzIjoiOjoxIiwibmJmIjoxNTUzODg5MjY3LCJleHAiOjE1NTM4OTEwNjcsImRhdGEiOnsidXNlcm5hbWUiOiJhZGUiLCJwYXNzd29yZCI6ImI3MDE2NmQyMzU5ZTU1ZmYzNDg0ZjVkNzAyMGM3MGQ4NmQ4OTA3OTYiLCJpcCI6Ijo6MSIsInVzZXJfYWdlbnQiOiJUaWNrZXRpbmctV2ViQXBwIn19.fAEV5kizEFGqeSdsCL9BXsBjczCa7GMrlw-8maq_YtY
Connection: close
Request body:

========================================
2019-03-30 03:16:14 
::1 GET /tourism/public-api/v1/continents HTTP/1.1
HTTP headers:
Host: localhost
User-Agent: Ticketing-WebApp
Authorization: Bearer eyJ0eXAiOiJKV1QiLCJhbGciOiJIUzI1NiJ9.eyJpYXQiOjE1NTM4ODkyNjcsImp0aSI6InF1ZEcxQVhKT1NVZmRORkNPNVJMaitGZFJ1blRvekxqTHBURTVab21rN1E9IiwiaXNzIjoiOjoxIiwibmJmIjoxNTUzODg5MjY3LCJleHAiOjE1NTM4OTEwNjcsImRhdGEiOnsidXNlcm5hbWUiOiJhZGUiLCJwYXNzd29yZCI6ImI3MDE2NmQyMzU5ZTU1ZmYzNDg0ZjVkNzAyMGM3MGQ4NmQ4OTA3OTYiLCJpcCI6Ijo6MSIsInVzZXJfYWdlbnQiOiJUaWNrZXRpbmctV2ViQXBwIn19.fAEV5kizEFGqeSdsCL9BXsBjczCa7GMrlw-8maq_YtY
Connection: close
Request body:

========================================
2019-03-30 03:18:25 
::1 GET /tourism/public-api/v1/countries/5/continent?limit=1 HTTP/1.1
HTTP headers:
Host: localhost
User-Agent: Ticketing-WebApp
Authorization: Bearer eyJ0eXAiOiJKV1QiLCJhbGciOiJIUzI1NiJ9.eyJpYXQiOjE1NTM4ODkyNjcsImp0aSI6InF1ZEcxQVhKT1NVZmRORkNPNVJMaitGZFJ1blRvekxqTHBURTVab21rN1E9IiwiaXNzIjoiOjoxIiwibmJmIjoxNTUzODg5MjY3LCJleHAiOjE1NTM4OTEwNjcsImRhdGEiOnsidXNlcm5hbWUiOiJhZGUiLCJwYXNzd29yZCI6ImI3MDE2NmQyMzU5ZTU1ZmYzNDg0ZjVkNzAyMGM3MGQ4NmQ4OTA3OTYiLCJpcCI6Ijo6MSIsInVzZXJfYWdlbnQiOiJUaWNrZXRpbmctV2ViQXBwIn19.fAEV5kizEFGqeSdsCL9BXsBjczCa7GMrlw-8maq_YtY
Connection: close
Request body:

========================================
2019-03-30 03:18:25 
::1 GET /tourism/public-api/v1/countries/5/continent?limit=6 HTTP/1.1
HTTP headers:
Host: localhost
User-Agent: Ticketing-WebApp
Authorization: Bearer eyJ0eXAiOiJKV1QiLCJhbGciOiJIUzI1NiJ9.eyJpYXQiOjE1NTM4ODkyNjcsImp0aSI6InF1ZEcxQVhKT1NVZmRORkNPNVJMaitGZFJ1blRvekxqTHBURTVab21rN1E9IiwiaXNzIjoiOjoxIiwibmJmIjoxNTUzODg5MjY3LCJleHAiOjE1NTM4OTEwNjcsImRhdGEiOnsidXNlcm5hbWUiOiJhZGUiLCJwYXNzd29yZCI6ImI3MDE2NmQyMzU5ZTU1ZmYzNDg0ZjVkNzAyMGM3MGQ4NmQ4OTA3OTYiLCJpcCI6Ijo6MSIsInVzZXJfYWdlbnQiOiJUaWNrZXRpbmctV2ViQXBwIn19.fAEV5kizEFGqeSdsCL9BXsBjczCa7GMrlw-8maq_YtY
Connection: close
Request body:

========================================
2019-03-30 03:18:28 
::1 GET /tourism/public-api/v1/provinces/1/countries?limit=1 HTTP/1.1
HTTP headers:
Host: localhost
User-Agent: Ticketing-WebApp
Authorization: Bearer eyJ0eXAiOiJKV1QiLCJhbGciOiJIUzI1NiJ9.eyJpYXQiOjE1NTM4ODkyNjcsImp0aSI6InF1ZEcxQVhKT1NVZmRORkNPNVJMaitGZFJ1blRvekxqTHBURTVab21rN1E9IiwiaXNzIjoiOjoxIiwibmJmIjoxNTUzODg5MjY3LCJleHAiOjE1NTM4OTEwNjcsImRhdGEiOnsidXNlcm5hbWUiOiJhZGUiLCJwYXNzd29yZCI6ImI3MDE2NmQyMzU5ZTU1ZmYzNDg0ZjVkNzAyMGM3MGQ4NmQ4OTA3OTYiLCJpcCI6Ijo6MSIsInVzZXJfYWdlbnQiOiJUaWNrZXRpbmctV2ViQXBwIn19.fAEV5kizEFGqeSdsCL9BXsBjczCa7GMrlw-8maq_YtY
Connection: close
Request body:

========================================
2019-03-30 03:18:28 
::1 GET /tourism/public-api/v1/provinces/1/countries?limit=33 HTTP/1.1
HTTP headers:
Host: localhost
User-Agent: Ticketing-WebApp
Authorization: Bearer eyJ0eXAiOiJKV1QiLCJhbGciOiJIUzI1NiJ9.eyJpYXQiOjE1NTM4ODkyNjcsImp0aSI6InF1ZEcxQVhKT1NVZmRORkNPNVJMaitGZFJ1blRvekxqTHBURTVab21rN1E9IiwiaXNzIjoiOjoxIiwibmJmIjoxNTUzODg5MjY3LCJleHAiOjE1NTM4OTEwNjcsImRhdGEiOnsidXNlcm5hbWUiOiJhZGUiLCJwYXNzd29yZCI6ImI3MDE2NmQyMzU5ZTU1ZmYzNDg0ZjVkNzAyMGM3MGQ4NmQ4OTA3OTYiLCJpcCI6Ijo6MSIsInVzZXJfYWdlbnQiOiJUaWNrZXRpbmctV2ViQXBwIn19.fAEV5kizEFGqeSdsCL9BXsBjczCa7GMrlw-8maq_YtY
Connection: close
Request body:

========================================
2019-03-30 03:18:38 
::1 GET /tourism/public-api/v1/province/13/cities?limit=1 HTTP/1.1
HTTP headers:
Host: localhost
User-Agent: Ticketing-WebApp
Authorization: Bearer eyJ0eXAiOiJKV1QiLCJhbGciOiJIUzI1NiJ9.eyJpYXQiOjE1NTM4ODkyNjcsImp0aSI6InF1ZEcxQVhKT1NVZmRORkNPNVJMaitGZFJ1blRvekxqTHBURTVab21rN1E9IiwiaXNzIjoiOjoxIiwibmJmIjoxNTUzODg5MjY3LCJleHAiOjE1NTM4OTEwNjcsImRhdGEiOnsidXNlcm5hbWUiOiJhZGUiLCJwYXNzd29yZCI6ImI3MDE2NmQyMzU5ZTU1ZmYzNDg0ZjVkNzAyMGM3MGQ4NmQ4OTA3OTYiLCJpcCI6Ijo6MSIsInVzZXJfYWdlbnQiOiJUaWNrZXRpbmctV2ViQXBwIn19.fAEV5kizEFGqeSdsCL9BXsBjczCa7GMrlw-8maq_YtY
Connection: close
Request body:

========================================
2019-03-30 03:18:38 
::1 GET /tourism/public-api/v1/province/13/cities?limit=0 HTTP/1.1
HTTP headers:
Host: localhost
User-Agent: Ticketing-WebApp
Authorization: Bearer eyJ0eXAiOiJKV1QiLCJhbGciOiJIUzI1NiJ9.eyJpYXQiOjE1NTM4ODkyNjcsImp0aSI6InF1ZEcxQVhKT1NVZmRORkNPNVJMaitGZFJ1blRvekxqTHBURTVab21rN1E9IiwiaXNzIjoiOjoxIiwibmJmIjoxNTUzODg5MjY3LCJleHAiOjE1NTM4OTEwNjcsImRhdGEiOnsidXNlcm5hbWUiOiJhZGUiLCJwYXNzd29yZCI6ImI3MDE2NmQyMzU5ZTU1ZmYzNDg0ZjVkNzAyMGM3MGQ4NmQ4OTA3OTYiLCJpcCI6Ijo6MSIsInVzZXJfYWdlbnQiOiJUaWNrZXRpbmctV2ViQXBwIn19.fAEV5kizEFGqeSdsCL9BXsBjczCa7GMrlw-8maq_YtY
Connection: close
Request body:

========================================
2019-03-30 03:18:57 
::1 GET /tourism/public-api/v1/countries/5/continent?limit=1 HTTP/1.1
HTTP headers:
Host: localhost
User-Agent: Ticketing-WebApp
Authorization: Bearer eyJ0eXAiOiJKV1QiLCJhbGciOiJIUzI1NiJ9.eyJpYXQiOjE1NTM4ODkyNjcsImp0aSI6InF1ZEcxQVhKT1NVZmRORkNPNVJMaitGZFJ1blRvekxqTHBURTVab21rN1E9IiwiaXNzIjoiOjoxIiwibmJmIjoxNTUzODg5MjY3LCJleHAiOjE1NTM4OTEwNjcsImRhdGEiOnsidXNlcm5hbWUiOiJhZGUiLCJwYXNzd29yZCI6ImI3MDE2NmQyMzU5ZTU1ZmYzNDg0ZjVkNzAyMGM3MGQ4NmQ4OTA3OTYiLCJpcCI6Ijo6MSIsInVzZXJfYWdlbnQiOiJUaWNrZXRpbmctV2ViQXBwIn19.fAEV5kizEFGqeSdsCL9BXsBjczCa7GMrlw-8maq_YtY
Connection: close
Request body:

========================================
2019-03-30 03:18:57 
::1 GET /tourism/public-api/v1/countries/5/continent?limit=6 HTTP/1.1
HTTP headers:
Host: localhost
User-Agent: Ticketing-WebApp
Authorization: Bearer eyJ0eXAiOiJKV1QiLCJhbGciOiJIUzI1NiJ9.eyJpYXQiOjE1NTM4ODkyNjcsImp0aSI6InF1ZEcxQVhKT1NVZmRORkNPNVJMaitGZFJ1blRvekxqTHBURTVab21rN1E9IiwiaXNzIjoiOjoxIiwibmJmIjoxNTUzODg5MjY3LCJleHAiOjE1NTM4OTEwNjcsImRhdGEiOnsidXNlcm5hbWUiOiJhZGUiLCJwYXNzd29yZCI6ImI3MDE2NmQyMzU5ZTU1ZmYzNDg0ZjVkNzAyMGM3MGQ4NmQ4OTA3OTYiLCJpcCI6Ijo6MSIsInVzZXJfYWdlbnQiOiJUaWNrZXRpbmctV2ViQXBwIn19.fAEV5kizEFGqeSdsCL9BXsBjczCa7GMrlw-8maq_YtY
Connection: close
Request body:

========================================
2019-03-30 03:19:00 
::1 GET /tourism/public-api/v1/countries/5/continent?limit=1 HTTP/1.1
HTTP headers:
Host: localhost
User-Agent: Ticketing-WebApp
Authorization: Bearer eyJ0eXAiOiJKV1QiLCJhbGciOiJIUzI1NiJ9.eyJpYXQiOjE1NTM4ODkyNjcsImp0aSI6InF1ZEcxQVhKT1NVZmRORkNPNVJMaitGZFJ1blRvekxqTHBURTVab21rN1E9IiwiaXNzIjoiOjoxIiwibmJmIjoxNTUzODg5MjY3LCJleHAiOjE1NTM4OTEwNjcsImRhdGEiOnsidXNlcm5hbWUiOiJhZGUiLCJwYXNzd29yZCI6ImI3MDE2NmQyMzU5ZTU1ZmYzNDg0ZjVkNzAyMGM3MGQ4NmQ4OTA3OTYiLCJpcCI6Ijo6MSIsInVzZXJfYWdlbnQiOiJUaWNrZXRpbmctV2ViQXBwIn19.fAEV5kizEFGqeSdsCL9BXsBjczCa7GMrlw-8maq_YtY
Connection: close
Request body:

========================================
2019-03-30 03:19:00 
::1 GET /tourism/public-api/v1/countries/5/continent?limit=6 HTTP/1.1
HTTP headers:
Host: localhost
User-Agent: Ticketing-WebApp
Authorization: Bearer eyJ0eXAiOiJKV1QiLCJhbGciOiJIUzI1NiJ9.eyJpYXQiOjE1NTM4ODkyNjcsImp0aSI6InF1ZEcxQVhKT1NVZmRORkNPNVJMaitGZFJ1blRvekxqTHBURTVab21rN1E9IiwiaXNzIjoiOjoxIiwibmJmIjoxNTUzODg5MjY3LCJleHAiOjE1NTM4OTEwNjcsImRhdGEiOnsidXNlcm5hbWUiOiJhZGUiLCJwYXNzd29yZCI6ImI3MDE2NmQyMzU5ZTU1ZmYzNDg0ZjVkNzAyMGM3MGQ4NmQ4OTA3OTYiLCJpcCI6Ijo6MSIsInVzZXJfYWdlbnQiOiJUaWNrZXRpbmctV2ViQXBwIn19.fAEV5kizEFGqeSdsCL9BXsBjczCa7GMrlw-8maq_YtY
Connection: close
Request body:

========================================
2019-03-30 03:19:04 
::1 GET /tourism/public-api/v1/provinces/1/countries?limit=1 HTTP/1.1
HTTP headers:
Host: localhost
User-Agent: Ticketing-WebApp
Authorization: Bearer eyJ0eXAiOiJKV1QiLCJhbGciOiJIUzI1NiJ9.eyJpYXQiOjE1NTM4ODkyNjcsImp0aSI6InF1ZEcxQVhKT1NVZmRORkNPNVJMaitGZFJ1blRvekxqTHBURTVab21rN1E9IiwiaXNzIjoiOjoxIiwibmJmIjoxNTUzODg5MjY3LCJleHAiOjE1NTM4OTEwNjcsImRhdGEiOnsidXNlcm5hbWUiOiJhZGUiLCJwYXNzd29yZCI6ImI3MDE2NmQyMzU5ZTU1ZmYzNDg0ZjVkNzAyMGM3MGQ4NmQ4OTA3OTYiLCJpcCI6Ijo6MSIsInVzZXJfYWdlbnQiOiJUaWNrZXRpbmctV2ViQXBwIn19.fAEV5kizEFGqeSdsCL9BXsBjczCa7GMrlw-8maq_YtY
Connection: close
Request body:

========================================
2019-03-30 03:19:04 
::1 GET /tourism/public-api/v1/provinces/1/countries?limit=33 HTTP/1.1
HTTP headers:
Host: localhost
User-Agent: Ticketing-WebApp
Authorization: Bearer eyJ0eXAiOiJKV1QiLCJhbGciOiJIUzI1NiJ9.eyJpYXQiOjE1NTM4ODkyNjcsImp0aSI6InF1ZEcxQVhKT1NVZmRORkNPNVJMaitGZFJ1blRvekxqTHBURTVab21rN1E9IiwiaXNzIjoiOjoxIiwibmJmIjoxNTUzODg5MjY3LCJleHAiOjE1NTM4OTEwNjcsImRhdGEiOnsidXNlcm5hbWUiOiJhZGUiLCJwYXNzd29yZCI6ImI3MDE2NmQyMzU5ZTU1ZmYzNDg0ZjVkNzAyMGM3MGQ4NmQ4OTA3OTYiLCJpcCI6Ijo6MSIsInVzZXJfYWdlbnQiOiJUaWNrZXRpbmctV2ViQXBwIn19.fAEV5kizEFGqeSdsCL9BXsBjczCa7GMrlw-8maq_YtY
Connection: close
Request body:

========================================
2019-03-30 03:19:32 
::1 GET /tourism/public-api/v1/countries/5/continent?limit=1 HTTP/1.1
HTTP headers:
Host: localhost
User-Agent: Ticketing-WebApp
Authorization: Bearer eyJ0eXAiOiJKV1QiLCJhbGciOiJIUzI1NiJ9.eyJpYXQiOjE1NTM4ODkyNjcsImp0aSI6InF1ZEcxQVhKT1NVZmRORkNPNVJMaitGZFJ1blRvekxqTHBURTVab21rN1E9IiwiaXNzIjoiOjoxIiwibmJmIjoxNTUzODg5MjY3LCJleHAiOjE1NTM4OTEwNjcsImRhdGEiOnsidXNlcm5hbWUiOiJhZGUiLCJwYXNzd29yZCI6ImI3MDE2NmQyMzU5ZTU1ZmYzNDg0ZjVkNzAyMGM3MGQ4NmQ4OTA3OTYiLCJpcCI6Ijo6MSIsInVzZXJfYWdlbnQiOiJUaWNrZXRpbmctV2ViQXBwIn19.fAEV5kizEFGqeSdsCL9BXsBjczCa7GMrlw-8maq_YtY
Connection: close
Request body:

========================================
2019-03-30 03:19:32 
::1 GET /tourism/public-api/v1/countries/5/continent?limit=6 HTTP/1.1
HTTP headers:
Host: localhost
User-Agent: Ticketing-WebApp
Authorization: Bearer eyJ0eXAiOiJKV1QiLCJhbGciOiJIUzI1NiJ9.eyJpYXQiOjE1NTM4ODkyNjcsImp0aSI6InF1ZEcxQVhKT1NVZmRORkNPNVJMaitGZFJ1blRvekxqTHBURTVab21rN1E9IiwiaXNzIjoiOjoxIiwibmJmIjoxNTUzODg5MjY3LCJleHAiOjE1NTM4OTEwNjcsImRhdGEiOnsidXNlcm5hbWUiOiJhZGUiLCJwYXNzd29yZCI6ImI3MDE2NmQyMzU5ZTU1ZmYzNDg0ZjVkNzAyMGM3MGQ4NmQ4OTA3OTYiLCJpcCI6Ijo6MSIsInVzZXJfYWdlbnQiOiJUaWNrZXRpbmctV2ViQXBwIn19.fAEV5kizEFGqeSdsCL9BXsBjczCa7GMrlw-8maq_YtY
Connection: close
Request body:

========================================
2019-03-30 03:19:38 
::1 GET /tourism/public-api/v1/provinces/1/countries?limit=1 HTTP/1.1
HTTP headers:
Host: localhost
User-Agent: Ticketing-WebApp
Authorization: Bearer eyJ0eXAiOiJKV1QiLCJhbGciOiJIUzI1NiJ9.eyJpYXQiOjE1NTM4ODkyNjcsImp0aSI6InF1ZEcxQVhKT1NVZmRORkNPNVJMaitGZFJ1blRvekxqTHBURTVab21rN1E9IiwiaXNzIjoiOjoxIiwibmJmIjoxNTUzODg5MjY3LCJleHAiOjE1NTM4OTEwNjcsImRhdGEiOnsidXNlcm5hbWUiOiJhZGUiLCJwYXNzd29yZCI6ImI3MDE2NmQyMzU5ZTU1ZmYzNDg0ZjVkNzAyMGM3MGQ4NmQ4OTA3OTYiLCJpcCI6Ijo6MSIsInVzZXJfYWdlbnQiOiJUaWNrZXRpbmctV2ViQXBwIn19.fAEV5kizEFGqeSdsCL9BXsBjczCa7GMrlw-8maq_YtY
Connection: close
Request body:

========================================
2019-03-30 03:19:38 
::1 GET /tourism/public-api/v1/provinces/1/countries?limit=33 HTTP/1.1
HTTP headers:
Host: localhost
User-Agent: Ticketing-WebApp
Authorization: Bearer eyJ0eXAiOiJKV1QiLCJhbGciOiJIUzI1NiJ9.eyJpYXQiOjE1NTM4ODkyNjcsImp0aSI6InF1ZEcxQVhKT1NVZmRORkNPNVJMaitGZFJ1blRvekxqTHBURTVab21rN1E9IiwiaXNzIjoiOjoxIiwibmJmIjoxNTUzODg5MjY3LCJleHAiOjE1NTM4OTEwNjcsImRhdGEiOnsidXNlcm5hbWUiOiJhZGUiLCJwYXNzd29yZCI6ImI3MDE2NmQyMzU5ZTU1ZmYzNDg0ZjVkNzAyMGM3MGQ4NmQ4OTA3OTYiLCJpcCI6Ijo6MSIsInVzZXJfYWdlbnQiOiJUaWNrZXRpbmctV2ViQXBwIn19.fAEV5kizEFGqeSdsCL9BXsBjczCa7GMrlw-8maq_YtY
Connection: close
Request body:

========================================
2019-03-30 03:19:49 
::1 GET /tourism/public-api/v1/cities?name=Jakarta%20Pusat HTTP/1.1
HTTP headers:
Host: localhost
User-Agent: Ticketing-WebApp
Authorization: Bearer eyJ0eXAiOiJKV1QiLCJhbGciOiJIUzI1NiJ9.eyJpYXQiOjE1NTM4ODkyNjcsImp0aSI6InF1ZEcxQVhKT1NVZmRORkNPNVJMaitGZFJ1blRvekxqTHBURTVab21rN1E9IiwiaXNzIjoiOjoxIiwibmJmIjoxNTUzODg5MjY3LCJleHAiOjE1NTM4OTEwNjcsImRhdGEiOnsidXNlcm5hbWUiOiJhZGUiLCJwYXNzd29yZCI6ImI3MDE2NmQyMzU5ZTU1ZmYzNDg0ZjVkNzAyMGM3MGQ4NmQ4OTA3OTYiLCJpcCI6Ijo6MSIsInVzZXJfYWdlbnQiOiJUaWNrZXRpbmctV2ViQXBwIn19.fAEV5kizEFGqeSdsCL9BXsBjczCa7GMrlw-8maq_YtY
Connection: close
Request body:

========================================
2019-03-30 03:19:49 
::1 POST /tourism/public-api/v1/cities HTTP/1.1
HTTP headers:
Host: localhost
Content-Length: 33
User-Agent: Ticketing-WebApp
Authorization: Bearer eyJ0eXAiOiJKV1QiLCJhbGciOiJIUzI1NiJ9.eyJpYXQiOjE1NTM4ODkyNjcsImp0aSI6InF1ZEcxQVhKT1NVZmRORkNPNVJMaitGZFJ1blRvekxqTHBURTVab21rN1E9IiwiaXNzIjoiOjoxIiwibmJmIjoxNTUzODg5MjY3LCJleHAiOjE1NTM4OTEwNjcsImRhdGEiOnsidXNlcm5hbWUiOiJhZGUiLCJwYXNzd29yZCI6ImI3MDE2NmQyMzU5ZTU1ZmYzNDg0ZjVkNzAyMGM3MGQ4NmQ4OTA3OTYiLCJpcCI6Ijo6MSIsInVzZXJfYWdlbnQiOiJUaWNrZXRpbmctV2ViQXBwIn19.fAEV5kizEFGqeSdsCL9BXsBjczCa7GMrlw-8maq_YtY
Connection: close
Content-Type: application/x-www-form-urlencoded
Request body:
name=Jakarta+Pusat&province_id=13
========================================
2019-03-30 03:20:05 
::1 GET /tourism/public-api/v1/continents HTTP/1.1
HTTP headers:
Host: localhost
User-Agent: Ticketing-WebApp
Authorization: Bearer eyJ0eXAiOiJKV1QiLCJhbGciOiJIUzI1NiJ9.eyJpYXQiOjE1NTM4ODkyNjcsImp0aSI6InF1ZEcxQVhKT1NVZmRORkNPNVJMaitGZFJ1blRvekxqTHBURTVab21rN1E9IiwiaXNzIjoiOjoxIiwibmJmIjoxNTUzODg5MjY3LCJleHAiOjE1NTM4OTEwNjcsImRhdGEiOnsidXNlcm5hbWUiOiJhZGUiLCJwYXNzd29yZCI6ImI3MDE2NmQyMzU5ZTU1ZmYzNDg0ZjVkNzAyMGM3MGQ4NmQ4OTA3OTYiLCJpcCI6Ijo6MSIsInVzZXJfYWdlbnQiOiJUaWNrZXRpbmctV2ViQXBwIn19.fAEV5kizEFGqeSdsCL9BXsBjczCa7GMrlw-8maq_YtY
Connection: close
Request body:

========================================
