2018-07-25 10:03:19 
::1 GET /tourism/public-api/v1/ HTTP/1.1
HTTP headers:
cache-control: no-cache
Postman-Token: 8fe4ffb2-69b3-4e69-bb9e-84d1bbebfa24
User-Agent: PostmanRuntime/7.1.5
Accept: */*
accept-encoding: gzip, deflate
referer: http://localhost/tourism/public-api/v1
Host: localhost
Connection: keep-alive
Request body:

========================================
2018-07-25 10:08:59 
::1 GET /tourism/public-api/v1/ HTTP/1.1
HTTP headers:
cache-control: no-cache
Postman-Token: 674f9021-f3ce-411e-ba9f-a8f82ed3cab1
User-Agent: PostmanRuntime/7.1.5
Accept: */*
accept-encoding: gzip, deflate
referer: http://localhost/tourism/public-api/v1
Host: localhost
Connection: keep-alive
Request body:

========================================
2018-07-25 10:11:18 
::1 GET /tourism/public-api/v1/ HTTP/1.1
HTTP headers:
cache-control: no-cache
Postman-Token: e4ea8e6c-d05e-4552-bc54-1f2cad5270a0
User-Agent: PostmanRuntime/7.1.5
Accept: */*
accept-encoding: gzip, deflate
referer: http://localhost/tourism/public-api/v1
Host: localhost
Connection: keep-alive
Request body:

========================================
2018-07-25 10:28:00 
::1 POST /tourism/public-api/v1/users/token HTTP/1.1
HTTP headers:
Content-Type: application/x-www-form-urlencoded
Authorization: 
cache-control: no-cache
Postman-Token: 2c5e2878-8019-45d3-bc20-016fc9991933
User-Agent: PostmanRuntime/7.1.5
Accept: */*
Host: localhost
accept-encoding: gzip, deflate
content-length: 25
Connection: keep-alive
Request body:
username=ade&password=ade
========================================
