2018-08-07 09:53:30 
::1 POST /tourism/public-api/v1/users/token HTTP/1.1
HTTP headers:
Host: localhost
Content-Length: 25
User-Agent: Ticketing-WebApp
Connection: close
Content-Type: application/x-www-form-urlencoded
Request body:
username=ade&password=ade
========================================
2018-08-07 09:53:31 
::1 GET /tourism/public-api/v1/users/1 HTTP/1.1
HTTP headers:
Host: localhost
User-Agent: Ticketing-WebApp
Authorization: Bearer eyJ0eXAiOiJKV1QiLCJhbGciOiJIUzI1NiJ9.eyJpYXQiOjE1MzM2MTA0MTAsImp0aSI6Im9rS3kyZklDdDQrMlUxeW90SkpIbW1ndGRVOVBwYjYxdXZvWWhXYVhNclE9IiwiaXNzIjoiOjoxIiwibmJmIjoxNTMzNjEwNDEwLCJleHAiOjE1MzM2MTIyMTAsImRhdGEiOnsidXNlcm5hbWUiOiJhZGUiLCJwYXNzd29yZCI6ImI3MDE2NmQyMzU5ZTU1ZmYzNDg0ZjVkNzAyMGM3MGQ4NmQ4OTA3OTYiLCJpcCI6Ijo6MSIsInVzZXJfYWdlbnQiOiJUaWNrZXRpbmctV2ViQXBwIn19.jE2qCIuIrThsrao7dHoDIpcqhJotUlgHcLHXcC0nDTI
Connection: close
Request body:

========================================
2018-08-07 09:59:19 
::1 POST /tourism/public-api/v1/users/token HTTP/1.1
HTTP headers:
Host: localhost
Content-Length: 25
User-Agent: Ticketing-WebApp
Connection: close
Content-Type: application/x-www-form-urlencoded
Request body:
username=ade&password=ade
========================================
2018-08-07 09:59:21 
::1 GET /tourism/public-api/v1/users/1 HTTP/1.1
HTTP headers:
Host: localhost
User-Agent: Ticketing-WebApp
Authorization: Bearer eyJ0eXAiOiJKV1QiLCJhbGciOiJIUzI1NiJ9.eyJpYXQiOjE1MzM2MTA3NjAsImp0aSI6InRQeUg3dyt0RFVDc3VuOE5DVkx4YnpDNGttTCtVdkFMemJiUmtQK3dtcU09IiwiaXNzIjoiOjoxIiwibmJmIjoxNTMzNjEwNzYwLCJleHAiOjE1MzM2MTI1NjAsImRhdGEiOnsidXNlcm5hbWUiOiJhZGUiLCJwYXNzd29yZCI6ImI3MDE2NmQyMzU5ZTU1ZmYzNDg0ZjVkNzAyMGM3MGQ4NmQ4OTA3OTYiLCJpcCI6Ijo6MSIsInVzZXJfYWdlbnQiOiJUaWNrZXRpbmctV2ViQXBwIn19.qWpyQfNsM4Vk8po_ePPPPkqd1f7aRsDrJKTctLcOldQ
Connection: close
Request body:

========================================
2018-08-07 10:18:33 
::1 POST /tourism/public-api/v1/users/token HTTP/1.1
HTTP headers:
Host: localhost
Content-Length: 25
User-Agent: Ticketing-WebApp
Connection: close
Content-Type: application/x-www-form-urlencoded
Request body:
username=ade&password=ade
========================================
2018-08-07 10:18:34 
::1 GET /tourism/public-api/v1/users/1 HTTP/1.1
HTTP headers:
Host: localhost
User-Agent: Ticketing-WebApp
Authorization: Bearer eyJ0eXAiOiJKV1QiLCJhbGciOiJIUzI1NiJ9.eyJpYXQiOjE1MzM2MTE5MTMsImp0aSI6IlNtYUU2VWxcL2poVFcxUStvTk5ZSFNQcVFFMmErT1N1TTBnVmNqRjFmU2FFPSIsImlzcyI6Ijo6MSIsIm5iZiI6MTUzMzYxMTkxMywiZXhwIjoxNTMzNjEzNzEzLCJkYXRhIjp7InVzZXJuYW1lIjoiYWRlIiwicGFzc3dvcmQiOiJiNzAxNjZkMjM1OWU1NWZmMzQ4NGY1ZDcwMjBjNzBkODZkODkwNzk2IiwiaXAiOiI6OjEiLCJ1c2VyX2FnZW50IjoiVGlja2V0aW5nLVdlYkFwcCJ9fQ.BKFbMS9_X6yTDrXt9pyEevSvWGZ5VEV1N7QZd3GTBl8
Connection: close
Request body:

========================================
2018-08-07 10:35:04 
::1 POST /tourism/public-api/v1/users/token HTTP/1.1
HTTP headers:
Host: localhost
Content-Length: 25
User-Agent: Ticketing-WebApp
Connection: close
Content-Type: application/x-www-form-urlencoded
Request body:
username=ade&password=ade
========================================
2018-08-07 10:35:05 
::1 GET /tourism/public-api/v1/users/1 HTTP/1.1
HTTP headers:
Host: localhost
User-Agent: Ticketing-WebApp
Authorization: Bearer eyJ0eXAiOiJKV1QiLCJhbGciOiJIUzI1NiJ9.eyJpYXQiOjE1MzM2MTI5MDQsImp0aSI6ImJITWl4SHl3VU1TSmxydElSa3NZT3FvcXpZR3h5c2ZOeG1SNnZxZGxRWE09IiwiaXNzIjoiOjoxIiwibmJmIjoxNTMzNjEyOTA0LCJleHAiOjE1MzM2MTQ3MDQsImRhdGEiOnsidXNlcm5hbWUiOiJhZGUiLCJwYXNzd29yZCI6ImI3MDE2NmQyMzU5ZTU1ZmYzNDg0ZjVkNzAyMGM3MGQ4NmQ4OTA3OTYiLCJpcCI6Ijo6MSIsInVzZXJfYWdlbnQiOiJUaWNrZXRpbmctV2ViQXBwIn19.aYkLMIwgRjDBiTIJRkksERHS6Zlt5PwYXwqaK2ifiV0
Connection: close
Request body:

========================================
2018-08-07 11:27:07 
::1 POST /tourism/public-api/v1/users/token HTTP/1.1
HTTP headers:
Host: localhost
Content-Length: 25
User-Agent: Ticketing-WebApp
Connection: close
Content-Type: application/x-www-form-urlencoded
Request body:
username=ade&password=ade
========================================
2018-08-07 11:40:44 
::1 POST /tourism/public-api/v1/users/token HTTP/1.1
HTTP headers:
Host: localhost
Content-Length: 25
User-Agent: Ticketing-WebApp
Connection: close
Content-Type: application/x-www-form-urlencoded
Request body:
username=ade&password=ade
========================================
2018-08-07 11:40:45 
::1 GET /tourism/public-api/v1/users/1 HTTP/1.1
HTTP headers:
Host: localhost
User-Agent: Ticketing-WebApp
Authorization: Bearer eyJ0eXAiOiJKV1QiLCJhbGciOiJIUzI1NiJ9.eyJpYXQiOjE1MzM2MTY4NDQsImp0aSI6IlpxTU1PQ1owZHM1MVk2ZTVhRHNaZWo1d2xZRHNUbjhGRnhxWTFmMWRyZlU9IiwiaXNzIjoiOjoxIiwibmJmIjoxNTMzNjE2ODQ0LCJleHAiOjE1MzM2MTg2NDQsImRhdGEiOnsidXNlcm5hbWUiOiJhZGUiLCJwYXNzd29yZCI6ImI3MDE2NmQyMzU5ZTU1ZmYzNDg0ZjVkNzAyMGM3MGQ4NmQ4OTA3OTYiLCJpcCI6Ijo6MSIsInVzZXJfYWdlbnQiOiJUaWNrZXRpbmctV2ViQXBwIn19.pqAZOk-N4zj8E6YjVXg9eumPm-5qoZfhYSNT9nUO9fY
Connection: close
Request body:

========================================
2018-08-07 12:52:48 
::1 POST /tourism/public-api/v1/users/token HTTP/1.1
HTTP headers:
Host: localhost
Content-Length: 25
User-Agent: Ticketing-WebApp
Connection: close
Content-Type: application/x-www-form-urlencoded
Request body:
username=ade&password=ade
========================================
2018-08-07 12:52:49 
::1 GET /tourism/public-api/v1/users/1 HTTP/1.1
HTTP headers:
Host: localhost
User-Agent: Ticketing-WebApp
Authorization: Bearer eyJ0eXAiOiJKV1QiLCJhbGciOiJIUzI1NiJ9.eyJpYXQiOjE1MzM2MjExNjgsImp0aSI6IjhmcWRqS3U3NjNPOCt1eU1jQW1hV0V4akcyMFh0TXF1dnEralgrQ2pFWE09IiwiaXNzIjoiOjoxIiwibmJmIjoxNTMzNjIxMTY4LCJleHAiOjE1MzM2MjI5NjgsImRhdGEiOnsidXNlcm5hbWUiOiJhZGUiLCJwYXNzd29yZCI6ImI3MDE2NmQyMzU5ZTU1ZmYzNDg0ZjVkNzAyMGM3MGQ4NmQ4OTA3OTYiLCJpcCI6Ijo6MSIsInVzZXJfYWdlbnQiOiJUaWNrZXRpbmctV2ViQXBwIn19.PGdyeqAaBP-yCkv3KIax_Upe_VX0wfWB3c3KIPx5pcc
Connection: close
Request body:

========================================
2018-08-07 13:21:44 
::1 POST /tourism/public-api/v1/users/token HTTP/1.1
HTTP headers:
Host: localhost
Content-Length: 25
User-Agent: Ticketing-WebApp
Connection: close
Content-Type: application/x-www-form-urlencoded
Request body:
username=ade&password=ade
========================================
2018-08-07 13:21:45 
::1 GET /tourism/public-api/v1/users/1 HTTP/1.1
HTTP headers:
Host: localhost
User-Agent: Ticketing-WebApp
Authorization: Bearer eyJ0eXAiOiJKV1QiLCJhbGciOiJIUzI1NiJ9.eyJpYXQiOjE1MzM2MjI5MDQsImp0aSI6IlljTHpRNnZtWGJvcDNcL1l2M1hyaHoyY2gzUnlBK2orYUNoWXBLalNreFV3PSIsImlzcyI6Ijo6MSIsIm5iZiI6MTUzMzYyMjkwNCwiZXhwIjoxNTMzNjI0NzA0LCJkYXRhIjp7InVzZXJuYW1lIjoiYWRlIiwicGFzc3dvcmQiOiJiNzAxNjZkMjM1OWU1NWZmMzQ4NGY1ZDcwMjBjNzBkODZkODkwNzk2IiwiaXAiOiI6OjEiLCJ1c2VyX2FnZW50IjoiVGlja2V0aW5nLVdlYkFwcCJ9fQ.-KuulLuh2wdUfQDPmNDHY3lIh5RVwQ_cI-kLNI-qTSE
Connection: close
Request body:

========================================
2018-08-07 13:40:42 
::1 POST /tourism/public-api/v1/destination_accounts HTTP/1.1
HTTP headers:
Host: localhost
Content-Length: 97
User-Agent: Ticketing-WebApp
Authorization: Bearer eyJ0eXAiOiJKV1QiLCJhbGciOiJIUzI1NiJ9.eyJpYXQiOjE1MzM2MjI5MDQsImp0aSI6IlljTHpRNnZtWGJvcDNcL1l2M1hyaHoyY2gzUnlBK2orYUNoWXBLalNreFV3PSIsImlzcyI6Ijo6MSIsIm5iZiI6MTUzMzYyMjkwNCwiZXhwIjoxNTMzNjI0NzA0LCJkYXRhIjp7InVzZXJuYW1lIjoiYWRlIiwicGFzc3dvcmQiOiJiNzAxNjZkMjM1OWU1NWZmMzQ4NGY1ZDcwMjBjNzBkODZkODkwNzk2IiwiaXAiOiI6OjEiLCJ1c2VyX2FnZW50IjoiVGlja2V0aW5nLVdlYkFwcCJ9fQ.-KuulLuh2wdUfQDPmNDHY3lIh5RVwQ_cI-kLNI-qTSE
Connection: close
Content-Type: application/x-www-form-urlencoded
Request body:
bank_account=BCA&account_number=123456789&account_fullname=ade&created_at=2018-08-07+06%3A40%3A42
========================================
2018-08-07 13:51:31 
::1 POST /tourism/public-api/v1/destination_accounts HTTP/1.1
HTTP headers:
Host: localhost
Content-Length: 101
User-Agent: Ticketing-WebApp
Authorization: Bearer eyJ0eXAiOiJKV1QiLCJhbGciOiJIUzI1NiJ9.eyJpYXQiOjE1MzM2MjI5MDQsImp0aSI6IlljTHpRNnZtWGJvcDNcL1l2M1hyaHoyY2gzUnlBK2orYUNoWXBLalNreFV3PSIsImlzcyI6Ijo6MSIsIm5iZiI6MTUzMzYyMjkwNCwiZXhwIjoxNTMzNjI0NzA0LCJkYXRhIjp7InVzZXJuYW1lIjoiYWRlIiwicGFzc3dvcmQiOiJiNzAxNjZkMjM1OWU1NWZmMzQ4NGY1ZDcwMjBjNzBkODZkODkwNzk2IiwiaXAiOiI6OjEiLCJ1c2VyX2FnZW50IjoiVGlja2V0aW5nLVdlYkFwcCJ9fQ.-KuulLuh2wdUfQDPmNDHY3lIh5RVwQ_cI-kLNI-qTSE
Connection: close
Content-Type: application/x-www-form-urlencoded
Request body:
bank_account=Mandiri&account_number=123456789&account_fullname=ade&created_at=2018-08-07+06%3A51%3A31
========================================
2018-08-07 13:53:50 
::1 POST /tourism/public-api/v1/destination_accounts HTTP/1.1
HTTP headers:
Host: localhost
Content-Length: 82
User-Agent: Ticketing-WebApp
Authorization: Bearer eyJ0eXAiOiJKV1QiLCJhbGciOiJIUzI1NiJ9.eyJpYXQiOjE1MzM2MjI5MDQsImp0aSI6IlljTHpRNnZtWGJvcDNcL1l2M1hyaHoyY2gzUnlBK2orYUNoWXBLalNreFV3PSIsImlzcyI6Ijo6MSIsIm5iZiI6MTUzMzYyMjkwNCwiZXhwIjoxNTMzNjI0NzA0LCJkYXRhIjp7InVzZXJuYW1lIjoiYWRlIiwicGFzc3dvcmQiOiJiNzAxNjZkMjM1OWU1NWZmMzQ4NGY1ZDcwMjBjNzBkODZkODkwNzk2IiwiaXAiOiI6OjEiLCJ1c2VyX2FnZW50IjoiVGlja2V0aW5nLVdlYkFwcCJ9fQ.-KuulLuh2wdUfQDPmNDHY3lIh5RVwQ_cI-kLNI-qTSE
Connection: close
Content-Type: application/x-www-form-urlencoded
Request body:
bank_account=&account_number=&account_fullname=&created_at=2018-08-07+13%3A53%3A50
========================================
2018-08-07 13:53:50 
::1 POST /tourism/public-api/v1/users/token HTTP/1.1
HTTP headers:
Host: localhost
Content-Length: 23
User-Agent: Ticketing-WebApp
Connection: close
Content-Type: application/x-www-form-urlencoded
Request body:
username=ade&password=0
========================================
2018-08-07 13:53:50 
::1 POST /tourism/public-api/v1/destination_accounts HTTP/1.1
HTTP headers:
Host: localhost
Content-Length: 82
User-Agent: Ticketing-WebApp
Authorization: Bearer eyJ0eXAiOiJKV1QiLCJhbGciOiJIUzI1NiJ9.eyJpYXQiOjE1MzM2MjI5MDQsImp0aSI6IlljTHpRNnZtWGJvcDNcL1l2M1hyaHoyY2gzUnlBK2orYUNoWXBLalNreFV3PSIsImlzcyI6Ijo6MSIsIm5iZiI6MTUzMzYyMjkwNCwiZXhwIjoxNTMzNjI0NzA0LCJkYXRhIjp7InVzZXJuYW1lIjoiYWRlIiwicGFzc3dvcmQiOiJiNzAxNjZkMjM1OWU1NWZmMzQ4NGY1ZDcwMjBjNzBkODZkODkwNzk2IiwiaXAiOiI6OjEiLCJ1c2VyX2FnZW50IjoiVGlja2V0aW5nLVdlYkFwcCJ9fQ.-KuulLuh2wdUfQDPmNDHY3lIh5RVwQ_cI-kLNI-qTSE
Connection: close
Content-Type: application/x-www-form-urlencoded
Request body:
bank_account=&account_number=&account_fullname=&created_at=2018-08-07+13%3A53%3A50
========================================
2018-08-07 13:53:50 
::1 POST /tourism/public-api/v1/users/token HTTP/1.1
HTTP headers:
Host: localhost
Content-Length: 23
User-Agent: Ticketing-WebApp
Connection: close
Content-Type: application/x-www-form-urlencoded
Request body:
username=ade&password=0
========================================
2018-08-07 13:53:50 
::1 POST /tourism/public-api/v1/destination_accounts HTTP/1.1
HTTP headers:
Host: localhost
Content-Length: 82
User-Agent: Ticketing-WebApp
Authorization: Bearer eyJ0eXAiOiJKV1QiLCJhbGciOiJIUzI1NiJ9.eyJpYXQiOjE1MzM2MjI5MDQsImp0aSI6IlljTHpRNnZtWGJvcDNcL1l2M1hyaHoyY2gzUnlBK2orYUNoWXBLalNreFV3PSIsImlzcyI6Ijo6MSIsIm5iZiI6MTUzMzYyMjkwNCwiZXhwIjoxNTMzNjI0NzA0LCJkYXRhIjp7InVzZXJuYW1lIjoiYWRlIiwicGFzc3dvcmQiOiJiNzAxNjZkMjM1OWU1NWZmMzQ4NGY1ZDcwMjBjNzBkODZkODkwNzk2IiwiaXAiOiI6OjEiLCJ1c2VyX2FnZW50IjoiVGlja2V0aW5nLVdlYkFwcCJ9fQ.-KuulLuh2wdUfQDPmNDHY3lIh5RVwQ_cI-kLNI-qTSE
Connection: close
Content-Type: application/x-www-form-urlencoded
Request body:
bank_account=&account_number=&account_fullname=&created_at=2018-08-07+13%3A53%3A50
========================================
2018-08-07 13:53:50 
::1 POST /tourism/public-api/v1/users/token HTTP/1.1
HTTP headers:
Host: localhost
Content-Length: 23
User-Agent: Ticketing-WebApp
Connection: close
Content-Type: application/x-www-form-urlencoded
Request body:
username=ade&password=0
========================================
2018-08-07 13:53:50 
::1 POST /tourism/public-api/v1/destination_accounts HTTP/1.1
HTTP headers:
Host: localhost
Content-Length: 82
User-Agent: Ticketing-WebApp
Authorization: Bearer eyJ0eXAiOiJKV1QiLCJhbGciOiJIUzI1NiJ9.eyJpYXQiOjE1MzM2MjI5MDQsImp0aSI6IlljTHpRNnZtWGJvcDNcL1l2M1hyaHoyY2gzUnlBK2orYUNoWXBLalNreFV3PSIsImlzcyI6Ijo6MSIsIm5iZiI6MTUzMzYyMjkwNCwiZXhwIjoxNTMzNjI0NzA0LCJkYXRhIjp7InVzZXJuYW1lIjoiYWRlIiwicGFzc3dvcmQiOiJiNzAxNjZkMjM1OWU1NWZmMzQ4NGY1ZDcwMjBjNzBkODZkODkwNzk2IiwiaXAiOiI6OjEiLCJ1c2VyX2FnZW50IjoiVGlja2V0aW5nLVdlYkFwcCJ9fQ.-KuulLuh2wdUfQDPmNDHY3lIh5RVwQ_cI-kLNI-qTSE
Connection: close
Content-Type: application/x-www-form-urlencoded
Request body:
bank_account=&account_number=&account_fullname=&created_at=2018-08-07+13%3A53%3A50
========================================
2018-08-07 13:58:42 
::1 POST /tourism/public-api/v1/destination_accounts HTTP/1.1
HTTP headers:
Host: localhost
Content-Length: 99
User-Agent: Ticketing-WebApp
Authorization: Bearer eyJ0eXAiOiJKV1QiLCJhbGciOiJIUzI1NiJ9.eyJpYXQiOjE1MzM2MjI5MDQsImp0aSI6IlljTHpRNnZtWGJvcDNcL1l2M1hyaHoyY2gzUnlBK2orYUNoWXBLalNreFV3PSIsImlzcyI6Ijo6MSIsIm5iZiI6MTUzMzYyMjkwNCwiZXhwIjoxNTMzNjI0NzA0LCJkYXRhIjp7InVzZXJuYW1lIjoiYWRlIiwicGFzc3dvcmQiOiJiNzAxNjZkMjM1OWU1NWZmMzQ4NGY1ZDcwMjBjNzBkODZkODkwNzk2IiwiaXAiOiI6OjEiLCJ1c2VyX2FnZW50IjoiVGlja2V0aW5nLVdlYkFwcCJ9fQ.-KuulLuh2wdUfQDPmNDHY3lIh5RVwQ_cI-kLNI-qTSE
Connection: close
Content-Type: application/x-www-form-urlencoded
Request body:
bank_account=BCA&account_number=12345678&account_fullname=asdsad&created_at=2018-08-07+13%3A58%3A42
========================================
2018-08-07 13:58:42 
::1 POST /tourism/public-api/v1/users/token HTTP/1.1
HTTP headers:
Host: localhost
Content-Length: 23
User-Agent: Ticketing-WebApp
Connection: close
Content-Type: application/x-www-form-urlencoded
Request body:
username=ade&password=0
========================================
2018-08-07 13:58:43 
::1 POST /tourism/public-api/v1/destination_accounts HTTP/1.1
HTTP headers:
Host: localhost
Content-Length: 99
User-Agent: Ticketing-WebApp
Authorization: Bearer eyJ0eXAiOiJKV1QiLCJhbGciOiJIUzI1NiJ9.eyJpYXQiOjE1MzM2MjI5MDQsImp0aSI6IlljTHpRNnZtWGJvcDNcL1l2M1hyaHoyY2gzUnlBK2orYUNoWXBLalNreFV3PSIsImlzcyI6Ijo6MSIsIm5iZiI6MTUzMzYyMjkwNCwiZXhwIjoxNTMzNjI0NzA0LCJkYXRhIjp7InVzZXJuYW1lIjoiYWRlIiwicGFzc3dvcmQiOiJiNzAxNjZkMjM1OWU1NWZmMzQ4NGY1ZDcwMjBjNzBkODZkODkwNzk2IiwiaXAiOiI6OjEiLCJ1c2VyX2FnZW50IjoiVGlja2V0aW5nLVdlYkFwcCJ9fQ.-KuulLuh2wdUfQDPmNDHY3lIh5RVwQ_cI-kLNI-qTSE
Connection: close
Content-Type: application/x-www-form-urlencoded
Request body:
bank_account=BCA&account_number=12345678&account_fullname=asdsad&created_at=2018-08-07+13%3A58%3A42
========================================
2018-08-07 13:58:43 
::1 POST /tourism/public-api/v1/users/token HTTP/1.1
HTTP headers:
Host: localhost
Content-Length: 23
User-Agent: Ticketing-WebApp
Connection: close
Content-Type: application/x-www-form-urlencoded
Request body:
username=ade&password=0
========================================
2018-08-07 13:58:43 
::1 POST /tourism/public-api/v1/destination_accounts HTTP/1.1
HTTP headers:
Host: localhost
Content-Length: 99
User-Agent: Ticketing-WebApp
Authorization: Bearer eyJ0eXAiOiJKV1QiLCJhbGciOiJIUzI1NiJ9.eyJpYXQiOjE1MzM2MjI5MDQsImp0aSI6IlljTHpRNnZtWGJvcDNcL1l2M1hyaHoyY2gzUnlBK2orYUNoWXBLalNreFV3PSIsImlzcyI6Ijo6MSIsIm5iZiI6MTUzMzYyMjkwNCwiZXhwIjoxNTMzNjI0NzA0LCJkYXRhIjp7InVzZXJuYW1lIjoiYWRlIiwicGFzc3dvcmQiOiJiNzAxNjZkMjM1OWU1NWZmMzQ4NGY1ZDcwMjBjNzBkODZkODkwNzk2IiwiaXAiOiI6OjEiLCJ1c2VyX2FnZW50IjoiVGlja2V0aW5nLVdlYkFwcCJ9fQ.-KuulLuh2wdUfQDPmNDHY3lIh5RVwQ_cI-kLNI-qTSE
Connection: close
Content-Type: application/x-www-form-urlencoded
Request body:
bank_account=BCA&account_number=12345678&account_fullname=asdsad&created_at=2018-08-07+13%3A58%3A42
========================================
2018-08-07 13:58:43 
::1 POST /tourism/public-api/v1/users/token HTTP/1.1
HTTP headers:
Host: localhost
Content-Length: 23
User-Agent: Ticketing-WebApp
Connection: close
Content-Type: application/x-www-form-urlencoded
Request body:
username=ade&password=0
========================================
2018-08-07 13:58:43 
::1 POST /tourism/public-api/v1/destination_accounts HTTP/1.1
HTTP headers:
Host: localhost
Content-Length: 99
User-Agent: Ticketing-WebApp
Authorization: Bearer eyJ0eXAiOiJKV1QiLCJhbGciOiJIUzI1NiJ9.eyJpYXQiOjE1MzM2MjI5MDQsImp0aSI6IlljTHpRNnZtWGJvcDNcL1l2M1hyaHoyY2gzUnlBK2orYUNoWXBLalNreFV3PSIsImlzcyI6Ijo6MSIsIm5iZiI6MTUzMzYyMjkwNCwiZXhwIjoxNTMzNjI0NzA0LCJkYXRhIjp7InVzZXJuYW1lIjoiYWRlIiwicGFzc3dvcmQiOiJiNzAxNjZkMjM1OWU1NWZmMzQ4NGY1ZDcwMjBjNzBkODZkODkwNzk2IiwiaXAiOiI6OjEiLCJ1c2VyX2FnZW50IjoiVGlja2V0aW5nLVdlYkFwcCJ9fQ.-KuulLuh2wdUfQDPmNDHY3lIh5RVwQ_cI-kLNI-qTSE
Connection: close
Content-Type: application/x-www-form-urlencoded
Request body:
bank_account=BCA&account_number=12345678&account_fullname=asdsad&created_at=2018-08-07+13%3A58%3A42
========================================
2018-08-07 13:59:05 
::1 POST /tourism/public-api/v1/destination_accounts HTTP/1.1
HTTP headers:
Host: localhost
Content-Length: 104
User-Agent: Ticketing-WebApp
Authorization: Bearer eyJ0eXAiOiJKV1QiLCJhbGciOiJIUzI1NiJ9.eyJpYXQiOjE1MzM2MjI5MDQsImp0aSI6IlljTHpRNnZtWGJvcDNcL1l2M1hyaHoyY2gzUnlBK2orYUNoWXBLalNreFV3PSIsImlzcyI6Ijo6MSIsIm5iZiI6MTUzMzYyMjkwNCwiZXhwIjoxNTMzNjI0NzA0LCJkYXRhIjp7InVzZXJuYW1lIjoiYWRlIiwicGFzc3dvcmQiOiJiNzAxNjZkMjM1OWU1NWZmMzQ4NGY1ZDcwMjBjNzBkODZkODkwNzk2IiwiaXAiOiI6OjEiLCJ1c2VyX2FnZW50IjoiVGlja2V0aW5nLVdlYkFwcCJ9fQ.-KuulLuh2wdUfQDPmNDHY3lIh5RVwQ_cI-kLNI-qTSE
Connection: close
Content-Type: application/x-www-form-urlencoded
Request body:
bank_account=asdasd&account_number=1232141231&account_fullname=asdasd&created_at=2018-08-07+13%3A59%3A05
========================================
2018-08-07 13:59:05 
::1 POST /tourism/public-api/v1/users/token HTTP/1.1
HTTP headers:
Host: localhost
Content-Length: 23
User-Agent: Ticketing-WebApp
Connection: close
Content-Type: application/x-www-form-urlencoded
Request body:
username=ade&password=0
========================================
2018-08-07 13:59:05 
::1 POST /tourism/public-api/v1/destination_accounts HTTP/1.1
HTTP headers:
Host: localhost
Content-Length: 104
User-Agent: Ticketing-WebApp
Authorization: Bearer eyJ0eXAiOiJKV1QiLCJhbGciOiJIUzI1NiJ9.eyJpYXQiOjE1MzM2MjI5MDQsImp0aSI6IlljTHpRNnZtWGJvcDNcL1l2M1hyaHoyY2gzUnlBK2orYUNoWXBLalNreFV3PSIsImlzcyI6Ijo6MSIsIm5iZiI6MTUzMzYyMjkwNCwiZXhwIjoxNTMzNjI0NzA0LCJkYXRhIjp7InVzZXJuYW1lIjoiYWRlIiwicGFzc3dvcmQiOiJiNzAxNjZkMjM1OWU1NWZmMzQ4NGY1ZDcwMjBjNzBkODZkODkwNzk2IiwiaXAiOiI6OjEiLCJ1c2VyX2FnZW50IjoiVGlja2V0aW5nLVdlYkFwcCJ9fQ.-KuulLuh2wdUfQDPmNDHY3lIh5RVwQ_cI-kLNI-qTSE
Connection: close
Content-Type: application/x-www-form-urlencoded
Request body:
bank_account=asdasd&account_number=1232141231&account_fullname=asdasd&created_at=2018-08-07+13%3A59%3A05
========================================
2018-08-07 13:59:05 
::1 POST /tourism/public-api/v1/users/token HTTP/1.1
HTTP headers:
Host: localhost
Content-Length: 23
User-Agent: Ticketing-WebApp
Connection: close
Content-Type: application/x-www-form-urlencoded
Request body:
username=ade&password=0
========================================
2018-08-07 13:59:05 
::1 POST /tourism/public-api/v1/destination_accounts HTTP/1.1
HTTP headers:
Host: localhost
Content-Length: 104
User-Agent: Ticketing-WebApp
Authorization: Bearer eyJ0eXAiOiJKV1QiLCJhbGciOiJIUzI1NiJ9.eyJpYXQiOjE1MzM2MjI5MDQsImp0aSI6IlljTHpRNnZtWGJvcDNcL1l2M1hyaHoyY2gzUnlBK2orYUNoWXBLalNreFV3PSIsImlzcyI6Ijo6MSIsIm5iZiI6MTUzMzYyMjkwNCwiZXhwIjoxNTMzNjI0NzA0LCJkYXRhIjp7InVzZXJuYW1lIjoiYWRlIiwicGFzc3dvcmQiOiJiNzAxNjZkMjM1OWU1NWZmMzQ4NGY1ZDcwMjBjNzBkODZkODkwNzk2IiwiaXAiOiI6OjEiLCJ1c2VyX2FnZW50IjoiVGlja2V0aW5nLVdlYkFwcCJ9fQ.-KuulLuh2wdUfQDPmNDHY3lIh5RVwQ_cI-kLNI-qTSE
Connection: close
Content-Type: application/x-www-form-urlencoded
Request body:
bank_account=asdasd&account_number=1232141231&account_fullname=asdasd&created_at=2018-08-07+13%3A59%3A05
========================================
2018-08-07 13:59:05 
::1 POST /tourism/public-api/v1/users/token HTTP/1.1
HTTP headers:
Host: localhost
Content-Length: 23
User-Agent: Ticketing-WebApp
Connection: close
Content-Type: application/x-www-form-urlencoded
Request body:
username=ade&password=0
========================================
2018-08-07 13:59:05 
::1 POST /tourism/public-api/v1/destination_accounts HTTP/1.1
HTTP headers:
Host: localhost
Content-Length: 104
User-Agent: Ticketing-WebApp
Authorization: Bearer eyJ0eXAiOiJKV1QiLCJhbGciOiJIUzI1NiJ9.eyJpYXQiOjE1MzM2MjI5MDQsImp0aSI6IlljTHpRNnZtWGJvcDNcL1l2M1hyaHoyY2gzUnlBK2orYUNoWXBLalNreFV3PSIsImlzcyI6Ijo6MSIsIm5iZiI6MTUzMzYyMjkwNCwiZXhwIjoxNTMzNjI0NzA0LCJkYXRhIjp7InVzZXJuYW1lIjoiYWRlIiwicGFzc3dvcmQiOiJiNzAxNjZkMjM1OWU1NWZmMzQ4NGY1ZDcwMjBjNzBkODZkODkwNzk2IiwiaXAiOiI6OjEiLCJ1c2VyX2FnZW50IjoiVGlja2V0aW5nLVdlYkFwcCJ9fQ.-KuulLuh2wdUfQDPmNDHY3lIh5RVwQ_cI-kLNI-qTSE
Connection: close
Content-Type: application/x-www-form-urlencoded
Request body:
bank_account=asdasd&account_number=1232141231&account_fullname=asdasd&created_at=2018-08-07+13%3A59%3A05
========================================
2018-08-07 14:05:56 
::1 POST /tourism/public-api/v1/destination_accounts HTTP/1.1
HTTP headers:
Host: localhost
Content-Length: 82
User-Agent: Ticketing-WebApp
Authorization: Bearer eyJ0eXAiOiJKV1QiLCJhbGciOiJIUzI1NiJ9.eyJpYXQiOjE1MzM2MjI5MDQsImp0aSI6IlljTHpRNnZtWGJvcDNcL1l2M1hyaHoyY2gzUnlBK2orYUNoWXBLalNreFV3PSIsImlzcyI6Ijo6MSIsIm5iZiI6MTUzMzYyMjkwNCwiZXhwIjoxNTMzNjI0NzA0LCJkYXRhIjp7InVzZXJuYW1lIjoiYWRlIiwicGFzc3dvcmQiOiJiNzAxNjZkMjM1OWU1NWZmMzQ4NGY1ZDcwMjBjNzBkODZkODkwNzk2IiwiaXAiOiI6OjEiLCJ1c2VyX2FnZW50IjoiVGlja2V0aW5nLVdlYkFwcCJ9fQ.-KuulLuh2wdUfQDPmNDHY3lIh5RVwQ_cI-kLNI-qTSE
Connection: close
Content-Type: application/x-www-form-urlencoded
Request body:
bank_account=&account_number=&account_fullname=&created_at=2018-08-07+14%3A05%3A56
========================================
2018-08-07 14:05:56 
::1 POST /tourism/public-api/v1/users/token HTTP/1.1
HTTP headers:
Host: localhost
Content-Length: 23
User-Agent: Ticketing-WebApp
Connection: close
Content-Type: application/x-www-form-urlencoded
Request body:
username=ade&password=0
========================================
2018-08-07 14:05:56 
::1 POST /tourism/public-api/v1/destination_accounts HTTP/1.1
HTTP headers:
Host: localhost
Content-Length: 82
User-Agent: Ticketing-WebApp
Authorization: Bearer eyJ0eXAiOiJKV1QiLCJhbGciOiJIUzI1NiJ9.eyJpYXQiOjE1MzM2MjI5MDQsImp0aSI6IlljTHpRNnZtWGJvcDNcL1l2M1hyaHoyY2gzUnlBK2orYUNoWXBLalNreFV3PSIsImlzcyI6Ijo6MSIsIm5iZiI6MTUzMzYyMjkwNCwiZXhwIjoxNTMzNjI0NzA0LCJkYXRhIjp7InVzZXJuYW1lIjoiYWRlIiwicGFzc3dvcmQiOiJiNzAxNjZkMjM1OWU1NWZmMzQ4NGY1ZDcwMjBjNzBkODZkODkwNzk2IiwiaXAiOiI6OjEiLCJ1c2VyX2FnZW50IjoiVGlja2V0aW5nLVdlYkFwcCJ9fQ.-KuulLuh2wdUfQDPmNDHY3lIh5RVwQ_cI-kLNI-qTSE
Connection: close
Content-Type: application/x-www-form-urlencoded
Request body:
bank_account=&account_number=&account_fullname=&created_at=2018-08-07+14%3A05%3A56
========================================
2018-08-07 14:05:56 
::1 POST /tourism/public-api/v1/users/token HTTP/1.1
HTTP headers:
Host: localhost
Content-Length: 23
User-Agent: Ticketing-WebApp
Connection: close
Content-Type: application/x-www-form-urlencoded
Request body:
username=ade&password=0
========================================
2018-08-07 14:05:56 
::1 POST /tourism/public-api/v1/destination_accounts HTTP/1.1
HTTP headers:
Host: localhost
Content-Length: 82
User-Agent: Ticketing-WebApp
Authorization: Bearer eyJ0eXAiOiJKV1QiLCJhbGciOiJIUzI1NiJ9.eyJpYXQiOjE1MzM2MjI5MDQsImp0aSI6IlljTHpRNnZtWGJvcDNcL1l2M1hyaHoyY2gzUnlBK2orYUNoWXBLalNreFV3PSIsImlzcyI6Ijo6MSIsIm5iZiI6MTUzMzYyMjkwNCwiZXhwIjoxNTMzNjI0NzA0LCJkYXRhIjp7InVzZXJuYW1lIjoiYWRlIiwicGFzc3dvcmQiOiJiNzAxNjZkMjM1OWU1NWZmMzQ4NGY1ZDcwMjBjNzBkODZkODkwNzk2IiwiaXAiOiI6OjEiLCJ1c2VyX2FnZW50IjoiVGlja2V0aW5nLVdlYkFwcCJ9fQ.-KuulLuh2wdUfQDPmNDHY3lIh5RVwQ_cI-kLNI-qTSE
Connection: close
Content-Type: application/x-www-form-urlencoded
Request body:
bank_account=&account_number=&account_fullname=&created_at=2018-08-07+14%3A05%3A56
========================================
2018-08-07 14:05:56 
::1 POST /tourism/public-api/v1/users/token HTTP/1.1
HTTP headers:
Host: localhost
Content-Length: 23
User-Agent: Ticketing-WebApp
Connection: close
Content-Type: application/x-www-form-urlencoded
Request body:
username=ade&password=0
========================================
2018-08-07 14:05:57 
::1 POST /tourism/public-api/v1/destination_accounts HTTP/1.1
HTTP headers:
Host: localhost
Content-Length: 82
User-Agent: Ticketing-WebApp
Authorization: Bearer eyJ0eXAiOiJKV1QiLCJhbGciOiJIUzI1NiJ9.eyJpYXQiOjE1MzM2MjI5MDQsImp0aSI6IlljTHpRNnZtWGJvcDNcL1l2M1hyaHoyY2gzUnlBK2orYUNoWXBLalNreFV3PSIsImlzcyI6Ijo6MSIsIm5iZiI6MTUzMzYyMjkwNCwiZXhwIjoxNTMzNjI0NzA0LCJkYXRhIjp7InVzZXJuYW1lIjoiYWRlIiwicGFzc3dvcmQiOiJiNzAxNjZkMjM1OWU1NWZmMzQ4NGY1ZDcwMjBjNzBkODZkODkwNzk2IiwiaXAiOiI6OjEiLCJ1c2VyX2FnZW50IjoiVGlja2V0aW5nLVdlYkFwcCJ9fQ.-KuulLuh2wdUfQDPmNDHY3lIh5RVwQ_cI-kLNI-qTSE
Connection: close
Content-Type: application/x-www-form-urlencoded
Request body:
bank_account=&account_number=&account_fullname=&created_at=2018-08-07+14%3A05%3A56
========================================
2018-08-07 14:06:09 
::1 GET /tourism/public-api/v1/ HTTP/1.1
HTTP headers:
cache-control: no-cache
Postman-Token: 468a1312-6b25-4d8b-bf7e-c2e667ca31c5
User-Agent: PostmanRuntime/7.2.0
Accept: */*
accept-encoding: gzip, deflate
referer: http://localhost/tourism/public-api/v1
Host: localhost
Connection: keep-alive
Request body:

========================================
2018-08-07 14:07:07 
::1 POST /tourism/public-api/v1/users/token HTTP/1.1
HTTP headers:
Content-Type: application/x-www-form-urlencoded
cache-control: no-cache
Postman-Token: 6e1a4792-70ba-4c36-af3e-fa5803b9364c
User-Agent: PostmanRuntime/7.2.0
Accept: */*
Host: localhost
accept-encoding: gzip, deflate
content-length: 25
Connection: keep-alive
Request body:
username=ade&password=ade
========================================
2018-08-07 14:13:21 
::1 POST /tourism/public-api/v1/destination_accounts HTTP/1.1
HTTP headers:
Host: localhost
Content-Length: 82
User-Agent: Ticketing-WebApp
Authorization: Bearer eyJ0eXAiOiJKV1QiLCJhbGciOiJIUzI1NiJ9.eyJpYXQiOjE1MzM2MjI5MDQsImp0aSI6IlljTHpRNnZtWGJvcDNcL1l2M1hyaHoyY2gzUnlBK2orYUNoWXBLalNreFV3PSIsImlzcyI6Ijo6MSIsIm5iZiI6MTUzMzYyMjkwNCwiZXhwIjoxNTMzNjI0NzA0LCJkYXRhIjp7InVzZXJuYW1lIjoiYWRlIiwicGFzc3dvcmQiOiJiNzAxNjZkMjM1OWU1NWZmMzQ4NGY1ZDcwMjBjNzBkODZkODkwNzk2IiwiaXAiOiI6OjEiLCJ1c2VyX2FnZW50IjoiVGlja2V0aW5nLVdlYkFwcCJ9fQ.-KuulLuh2wdUfQDPmNDHY3lIh5RVwQ_cI-kLNI-qTSE
Connection: close
Content-Type: application/x-www-form-urlencoded
Request body:
bank_account=&account_number=&account_fullname=&created_at=2018-08-07+14%3A13%3A21
========================================
2018-08-07 14:13:21 
::1 POST /tourism/public-api/v1/users/token HTTP/1.1
HTTP headers:
Host: localhost
Content-Length: 23
User-Agent: Ticketing-WebApp
Connection: close
Content-Type: application/x-www-form-urlencoded
Request body:
username=ade&password=0
========================================
2018-08-07 14:13:21 
::1 POST /tourism/public-api/v1/destination_accounts HTTP/1.1
HTTP headers:
Host: localhost
Content-Length: 82
User-Agent: Ticketing-WebApp
Authorization: Bearer eyJ0eXAiOiJKV1QiLCJhbGciOiJIUzI1NiJ9.eyJpYXQiOjE1MzM2MjI5MDQsImp0aSI6IlljTHpRNnZtWGJvcDNcL1l2M1hyaHoyY2gzUnlBK2orYUNoWXBLalNreFV3PSIsImlzcyI6Ijo6MSIsIm5iZiI6MTUzMzYyMjkwNCwiZXhwIjoxNTMzNjI0NzA0LCJkYXRhIjp7InVzZXJuYW1lIjoiYWRlIiwicGFzc3dvcmQiOiJiNzAxNjZkMjM1OWU1NWZmMzQ4NGY1ZDcwMjBjNzBkODZkODkwNzk2IiwiaXAiOiI6OjEiLCJ1c2VyX2FnZW50IjoiVGlja2V0aW5nLVdlYkFwcCJ9fQ.-KuulLuh2wdUfQDPmNDHY3lIh5RVwQ_cI-kLNI-qTSE
Connection: close
Content-Type: application/x-www-form-urlencoded
Request body:
bank_account=&account_number=&account_fullname=&created_at=2018-08-07+14%3A13%3A21
========================================
2018-08-07 14:13:21 
::1 POST /tourism/public-api/v1/users/token HTTP/1.1
HTTP headers:
Host: localhost
Content-Length: 23
User-Agent: Ticketing-WebApp
Connection: close
Content-Type: application/x-www-form-urlencoded
Request body:
username=ade&password=0
========================================
2018-08-07 14:13:21 
::1 POST /tourism/public-api/v1/destination_accounts HTTP/1.1
HTTP headers:
Host: localhost
Content-Length: 82
User-Agent: Ticketing-WebApp
Authorization: Bearer eyJ0eXAiOiJKV1QiLCJhbGciOiJIUzI1NiJ9.eyJpYXQiOjE1MzM2MjI5MDQsImp0aSI6IlljTHpRNnZtWGJvcDNcL1l2M1hyaHoyY2gzUnlBK2orYUNoWXBLalNreFV3PSIsImlzcyI6Ijo6MSIsIm5iZiI6MTUzMzYyMjkwNCwiZXhwIjoxNTMzNjI0NzA0LCJkYXRhIjp7InVzZXJuYW1lIjoiYWRlIiwicGFzc3dvcmQiOiJiNzAxNjZkMjM1OWU1NWZmMzQ4NGY1ZDcwMjBjNzBkODZkODkwNzk2IiwiaXAiOiI6OjEiLCJ1c2VyX2FnZW50IjoiVGlja2V0aW5nLVdlYkFwcCJ9fQ.-KuulLuh2wdUfQDPmNDHY3lIh5RVwQ_cI-kLNI-qTSE
Connection: close
Content-Type: application/x-www-form-urlencoded
Request body:
bank_account=&account_number=&account_fullname=&created_at=2018-08-07+14%3A13%3A21
========================================
2018-08-07 14:13:21 
::1 POST /tourism/public-api/v1/users/token HTTP/1.1
HTTP headers:
Host: localhost
Content-Length: 23
User-Agent: Ticketing-WebApp
Connection: close
Content-Type: application/x-www-form-urlencoded
Request body:
username=ade&password=0
========================================
2018-08-07 14:13:21 
::1 POST /tourism/public-api/v1/destination_accounts HTTP/1.1
HTTP headers:
Host: localhost
Content-Length: 82
User-Agent: Ticketing-WebApp
Authorization: Bearer eyJ0eXAiOiJKV1QiLCJhbGciOiJIUzI1NiJ9.eyJpYXQiOjE1MzM2MjI5MDQsImp0aSI6IlljTHpRNnZtWGJvcDNcL1l2M1hyaHoyY2gzUnlBK2orYUNoWXBLalNreFV3PSIsImlzcyI6Ijo6MSIsIm5iZiI6MTUzMzYyMjkwNCwiZXhwIjoxNTMzNjI0NzA0LCJkYXRhIjp7InVzZXJuYW1lIjoiYWRlIiwicGFzc3dvcmQiOiJiNzAxNjZkMjM1OWU1NWZmMzQ4NGY1ZDcwMjBjNzBkODZkODkwNzk2IiwiaXAiOiI6OjEiLCJ1c2VyX2FnZW50IjoiVGlja2V0aW5nLVdlYkFwcCJ9fQ.-KuulLuh2wdUfQDPmNDHY3lIh5RVwQ_cI-kLNI-qTSE
Connection: close
Content-Type: application/x-www-form-urlencoded
Request body:
bank_account=&account_number=&account_fullname=&created_at=2018-08-07+14%3A13%3A21
========================================
2018-08-07 14:15:08 
::1 POST /tourism/public-api/v1/users/token HTTP/1.1
HTTP headers:
Host: localhost
Content-Length: 25
User-Agent: Ticketing-WebApp
Connection: close
Content-Type: application/x-www-form-urlencoded
Request body:
username=ade&password=ade
========================================
2018-08-07 14:15:09 
::1 GET /tourism/public-api/v1/users/1 HTTP/1.1
HTTP headers:
Host: localhost
User-Agent: Ticketing-WebApp
Authorization: Bearer eyJ0eXAiOiJKV1QiLCJhbGciOiJIUzI1NiJ9.eyJpYXQiOjE1MzM2MjYxMDgsImp0aSI6InAyR0FlWGNHXC95SkdubEdKVWFmYTJXMWlkUGhDK0d2b0tWNXdSc05Hc0lrPSIsImlzcyI6Ijo6MSIsIm5iZiI6MTUzMzYyNjEwOCwiZXhwIjoxNTMzNjI3OTA4LCJkYXRhIjp7InVzZXJuYW1lIjoiYWRlIiwicGFzc3dvcmQiOiJiNzAxNjZkMjM1OWU1NWZmMzQ4NGY1ZDcwMjBjNzBkODZkODkwNzk2IiwiaXAiOiI6OjEiLCJ1c2VyX2FnZW50IjoiVGlja2V0aW5nLVdlYkFwcCJ9fQ.Q0Uw7Sb8_vvC9cF_ZaGy-YgqKdeBgLqfntSN334OPY4
Connection: close
Request body:

========================================
2018-08-07 14:15:36 
::1 POST /tourism/public-api/v1/destination_accounts HTTP/1.1
HTTP headers:
Host: localhost
Content-Length: 82
User-Agent: Ticketing-WebApp
Authorization: Bearer eyJ0eXAiOiJKV1QiLCJhbGciOiJIUzI1NiJ9.eyJpYXQiOjE1MzM2MjYxMDgsImp0aSI6InAyR0FlWGNHXC95SkdubEdKVWFmYTJXMWlkUGhDK0d2b0tWNXdSc05Hc0lrPSIsImlzcyI6Ijo6MSIsIm5iZiI6MTUzMzYyNjEwOCwiZXhwIjoxNTMzNjI3OTA4LCJkYXRhIjp7InVzZXJuYW1lIjoiYWRlIiwicGFzc3dvcmQiOiJiNzAxNjZkMjM1OWU1NWZmMzQ4NGY1ZDcwMjBjNzBkODZkODkwNzk2IiwiaXAiOiI6OjEiLCJ1c2VyX2FnZW50IjoiVGlja2V0aW5nLVdlYkFwcCJ9fQ.Q0Uw7Sb8_vvC9cF_ZaGy-YgqKdeBgLqfntSN334OPY4
Connection: close
Content-Type: application/x-www-form-urlencoded
Request body:
bank_account=&account_number=&account_fullname=&created_at=2018-08-07+14%3A15%3A36
========================================
2018-08-07 14:29:20 
::1 POST /tourism/public-api/v1/destination_accounts HTTP/1.1
HTTP headers:
Host: localhost
Content-Length: 99
User-Agent: Ticketing-WebApp
Authorization: Bearer eyJ0eXAiOiJKV1QiLCJhbGciOiJIUzI1NiJ9.eyJpYXQiOjE1MzM2MjYxMDgsImp0aSI6InAyR0FlWGNHXC95SkdubEdKVWFmYTJXMWlkUGhDK0d2b0tWNXdSc05Hc0lrPSIsImlzcyI6Ijo6MSIsIm5iZiI6MTUzMzYyNjEwOCwiZXhwIjoxNTMzNjI3OTA4LCJkYXRhIjp7InVzZXJuYW1lIjoiYWRlIiwicGFzc3dvcmQiOiJiNzAxNjZkMjM1OWU1NWZmMzQ4NGY1ZDcwMjBjNzBkODZkODkwNzk2IiwiaXAiOiI6OjEiLCJ1c2VyX2FnZW50IjoiVGlja2V0aW5nLVdlYkFwcCJ9fQ.Q0Uw7Sb8_vvC9cF_ZaGy-YgqKdeBgLqfntSN334OPY4
Connection: close
Content-Type: application/x-www-form-urlencoded
Request body:
bank_account=asdasd&account_number=asasd&account_fullname=asdasd&created_at=2018-08-07+14%3A29%3A20
========================================
2018-08-07 14:38:17 
::1 POST /tourism/public-api/v1/destination_accounts HTTP/1.1
HTTP headers:
Host: localhost
Content-Length: 98
User-Agent: Ticketing-WebApp
Authorization: Bearer eyJ0eXAiOiJKV1QiLCJhbGciOiJIUzI1NiJ9.eyJpYXQiOjE1MzM2MjYxMDgsImp0aSI6InAyR0FlWGNHXC95SkdubEdKVWFmYTJXMWlkUGhDK0d2b0tWNXdSc05Hc0lrPSIsImlzcyI6Ijo6MSIsIm5iZiI6MTUzMzYyNjEwOCwiZXhwIjoxNTMzNjI3OTA4LCJkYXRhIjp7InVzZXJuYW1lIjoiYWRlIiwicGFzc3dvcmQiOiJiNzAxNjZkMjM1OWU1NWZmMzQ4NGY1ZDcwMjBjNzBkODZkODkwNzk2IiwiaXAiOiI6OjEiLCJ1c2VyX2FnZW50IjoiVGlja2V0aW5nLVdlYkFwcCJ9fQ.Q0Uw7Sb8_vvC9cF_ZaGy-YgqKdeBgLqfntSN334OPY4
Connection: close
Content-Type: application/x-www-form-urlencoded
Request body:
bank_account=asdada&account_number=asdad&account_fullname=asdad&created_at=2018-08-07+14%3A38%3A17
========================================
2018-08-07 14:45:44 
::1 GET /tourism/public-api/v1/destination_accounts HTTP/1.1
HTTP headers:
Host: localhost
User-Agent: Ticketing-WebApp
Authorization: Bearer eyJ0eXAiOiJKV1QiLCJhbGciOiJIUzI1NiJ9.eyJpYXQiOjE1MzM2MjYxMDgsImp0aSI6InAyR0FlWGNHXC95SkdubEdKVWFmYTJXMWlkUGhDK0d2b0tWNXdSc05Hc0lrPSIsImlzcyI6Ijo6MSIsIm5iZiI6MTUzMzYyNjEwOCwiZXhwIjoxNTMzNjI3OTA4LCJkYXRhIjp7InVzZXJuYW1lIjoiYWRlIiwicGFzc3dvcmQiOiJiNzAxNjZkMjM1OWU1NWZmMzQ4NGY1ZDcwMjBjNzBkODZkODkwNzk2IiwiaXAiOiI6OjEiLCJ1c2VyX2FnZW50IjoiVGlja2V0aW5nLVdlYkFwcCJ9fQ.Q0Uw7Sb8_vvC9cF_ZaGy-YgqKdeBgLqfntSN334OPY4
Connection: close
Request body:

========================================
2018-08-07 14:45:45 
::1 POST /tourism/public-api/v1/users/token HTTP/1.1
HTTP headers:
Host: localhost
Content-Length: 23
User-Agent: Ticketing-WebApp
Connection: close
Content-Type: application/x-www-form-urlencoded
Request body:
username=ade&password=0
========================================
2018-08-07 14:45:45 
::1 GET /tourism/public-api/v1/destination_accounts HTTP/1.1
HTTP headers:
Host: localhost
User-Agent: Ticketing-WebApp
Authorization: Bearer eyJ0eXAiOiJKV1QiLCJhbGciOiJIUzI1NiJ9.eyJpYXQiOjE1MzM2MjYxMDgsImp0aSI6InAyR0FlWGNHXC95SkdubEdKVWFmYTJXMWlkUGhDK0d2b0tWNXdSc05Hc0lrPSIsImlzcyI6Ijo6MSIsIm5iZiI6MTUzMzYyNjEwOCwiZXhwIjoxNTMzNjI3OTA4LCJkYXRhIjp7InVzZXJuYW1lIjoiYWRlIiwicGFzc3dvcmQiOiJiNzAxNjZkMjM1OWU1NWZmMzQ4NGY1ZDcwMjBjNzBkODZkODkwNzk2IiwiaXAiOiI6OjEiLCJ1c2VyX2FnZW50IjoiVGlja2V0aW5nLVdlYkFwcCJ9fQ.Q0Uw7Sb8_vvC9cF_ZaGy-YgqKdeBgLqfntSN334OPY4
Connection: close
Request body:

========================================
2018-08-07 14:45:45 
::1 POST /tourism/public-api/v1/users/token HTTP/1.1
HTTP headers:
Host: localhost
Content-Length: 23
User-Agent: Ticketing-WebApp
Connection: close
Content-Type: application/x-www-form-urlencoded
Request body:
username=ade&password=0
========================================
2018-08-07 14:45:45 
::1 GET /tourism/public-api/v1/destination_accounts HTTP/1.1
HTTP headers:
Host: localhost
User-Agent: Ticketing-WebApp
Authorization: Bearer eyJ0eXAiOiJKV1QiLCJhbGciOiJIUzI1NiJ9.eyJpYXQiOjE1MzM2MjYxMDgsImp0aSI6InAyR0FlWGNHXC95SkdubEdKVWFmYTJXMWlkUGhDK0d2b0tWNXdSc05Hc0lrPSIsImlzcyI6Ijo6MSIsIm5iZiI6MTUzMzYyNjEwOCwiZXhwIjoxNTMzNjI3OTA4LCJkYXRhIjp7InVzZXJuYW1lIjoiYWRlIiwicGFzc3dvcmQiOiJiNzAxNjZkMjM1OWU1NWZmMzQ4NGY1ZDcwMjBjNzBkODZkODkwNzk2IiwiaXAiOiI6OjEiLCJ1c2VyX2FnZW50IjoiVGlja2V0aW5nLVdlYkFwcCJ9fQ.Q0Uw7Sb8_vvC9cF_ZaGy-YgqKdeBgLqfntSN334OPY4
Connection: close
Request body:

========================================
2018-08-07 14:45:45 
::1 POST /tourism/public-api/v1/users/token HTTP/1.1
HTTP headers:
Host: localhost
Content-Length: 23
User-Agent: Ticketing-WebApp
Connection: close
Content-Type: application/x-www-form-urlencoded
Request body:
username=ade&password=0
========================================
2018-08-07 14:45:45 
::1 GET /tourism/public-api/v1/destination_accounts HTTP/1.1
HTTP headers:
Host: localhost
User-Agent: Ticketing-WebApp
Authorization: Bearer eyJ0eXAiOiJKV1QiLCJhbGciOiJIUzI1NiJ9.eyJpYXQiOjE1MzM2MjYxMDgsImp0aSI6InAyR0FlWGNHXC95SkdubEdKVWFmYTJXMWlkUGhDK0d2b0tWNXdSc05Hc0lrPSIsImlzcyI6Ijo6MSIsIm5iZiI6MTUzMzYyNjEwOCwiZXhwIjoxNTMzNjI3OTA4LCJkYXRhIjp7InVzZXJuYW1lIjoiYWRlIiwicGFzc3dvcmQiOiJiNzAxNjZkMjM1OWU1NWZmMzQ4NGY1ZDcwMjBjNzBkODZkODkwNzk2IiwiaXAiOiI6OjEiLCJ1c2VyX2FnZW50IjoiVGlja2V0aW5nLVdlYkFwcCJ9fQ.Q0Uw7Sb8_vvC9cF_ZaGy-YgqKdeBgLqfntSN334OPY4
Connection: close
Request body:

========================================
2018-08-07 15:07:26 
::1 GET /tourism/public-api/v1/destination_accounts/active HTTP/1.1
HTTP headers:
Host: localhost
User-Agent: Ticketing-WebApp
Authorization: Bearer eyJ0eXAiOiJKV1QiLCJhbGciOiJIUzI1NiJ9.eyJpYXQiOjE1MzM2MjYxMDgsImp0aSI6InAyR0FlWGNHXC95SkdubEdKVWFmYTJXMWlkUGhDK0d2b0tWNXdSc05Hc0lrPSIsImlzcyI6Ijo6MSIsIm5iZiI6MTUzMzYyNjEwOCwiZXhwIjoxNTMzNjI3OTA4LCJkYXRhIjp7InVzZXJuYW1lIjoiYWRlIiwicGFzc3dvcmQiOiJiNzAxNjZkMjM1OWU1NWZmMzQ4NGY1ZDcwMjBjNzBkODZkODkwNzk2IiwiaXAiOiI6OjEiLCJ1c2VyX2FnZW50IjoiVGlja2V0aW5nLVdlYkFwcCJ9fQ.Q0Uw7Sb8_vvC9cF_ZaGy-YgqKdeBgLqfntSN334OPY4
Connection: close
Request body:

========================================
2018-08-07 15:07:26 
::1 POST /tourism/public-api/v1/users/token HTTP/1.1
HTTP headers:
Host: localhost
Content-Length: 23
User-Agent: Ticketing-WebApp
Connection: close
Content-Type: application/x-www-form-urlencoded
Request body:
username=ade&password=0
========================================
2018-08-07 15:07:26 
::1 GET /tourism/public-api/v1/destination_accounts/active HTTP/1.1
HTTP headers:
Host: localhost
User-Agent: Ticketing-WebApp
Authorization: Bearer eyJ0eXAiOiJKV1QiLCJhbGciOiJIUzI1NiJ9.eyJpYXQiOjE1MzM2MjYxMDgsImp0aSI6InAyR0FlWGNHXC95SkdubEdKVWFmYTJXMWlkUGhDK0d2b0tWNXdSc05Hc0lrPSIsImlzcyI6Ijo6MSIsIm5iZiI6MTUzMzYyNjEwOCwiZXhwIjoxNTMzNjI3OTA4LCJkYXRhIjp7InVzZXJuYW1lIjoiYWRlIiwicGFzc3dvcmQiOiJiNzAxNjZkMjM1OWU1NWZmMzQ4NGY1ZDcwMjBjNzBkODZkODkwNzk2IiwiaXAiOiI6OjEiLCJ1c2VyX2FnZW50IjoiVGlja2V0aW5nLVdlYkFwcCJ9fQ.Q0Uw7Sb8_vvC9cF_ZaGy-YgqKdeBgLqfntSN334OPY4
Connection: close
Request body:

========================================
2018-08-07 15:07:26 
::1 POST /tourism/public-api/v1/users/token HTTP/1.1
HTTP headers:
Host: localhost
Content-Length: 23
User-Agent: Ticketing-WebApp
Connection: close
Content-Type: application/x-www-form-urlencoded
Request body:
username=ade&password=0
========================================
2018-08-07 15:07:27 
::1 GET /tourism/public-api/v1/destination_accounts/active HTTP/1.1
HTTP headers:
Host: localhost
User-Agent: Ticketing-WebApp
Authorization: Bearer eyJ0eXAiOiJKV1QiLCJhbGciOiJIUzI1NiJ9.eyJpYXQiOjE1MzM2MjYxMDgsImp0aSI6InAyR0FlWGNHXC95SkdubEdKVWFmYTJXMWlkUGhDK0d2b0tWNXdSc05Hc0lrPSIsImlzcyI6Ijo6MSIsIm5iZiI6MTUzMzYyNjEwOCwiZXhwIjoxNTMzNjI3OTA4LCJkYXRhIjp7InVzZXJuYW1lIjoiYWRlIiwicGFzc3dvcmQiOiJiNzAxNjZkMjM1OWU1NWZmMzQ4NGY1ZDcwMjBjNzBkODZkODkwNzk2IiwiaXAiOiI6OjEiLCJ1c2VyX2FnZW50IjoiVGlja2V0aW5nLVdlYkFwcCJ9fQ.Q0Uw7Sb8_vvC9cF_ZaGy-YgqKdeBgLqfntSN334OPY4
Connection: close
Request body:

========================================
2018-08-07 15:07:27 
::1 POST /tourism/public-api/v1/users/token HTTP/1.1
HTTP headers:
Host: localhost
Content-Length: 23
User-Agent: Ticketing-WebApp
Connection: close
Content-Type: application/x-www-form-urlencoded
Request body:
username=ade&password=0
========================================
2018-08-07 15:07:27 
::1 GET /tourism/public-api/v1/destination_accounts/active HTTP/1.1
HTTP headers:
Host: localhost
User-Agent: Ticketing-WebApp
Authorization: Bearer eyJ0eXAiOiJKV1QiLCJhbGciOiJIUzI1NiJ9.eyJpYXQiOjE1MzM2MjYxMDgsImp0aSI6InAyR0FlWGNHXC95SkdubEdKVWFmYTJXMWlkUGhDK0d2b0tWNXdSc05Hc0lrPSIsImlzcyI6Ijo6MSIsIm5iZiI6MTUzMzYyNjEwOCwiZXhwIjoxNTMzNjI3OTA4LCJkYXRhIjp7InVzZXJuYW1lIjoiYWRlIiwicGFzc3dvcmQiOiJiNzAxNjZkMjM1OWU1NWZmMzQ4NGY1ZDcwMjBjNzBkODZkODkwNzk2IiwiaXAiOiI6OjEiLCJ1c2VyX2FnZW50IjoiVGlja2V0aW5nLVdlYkFwcCJ9fQ.Q0Uw7Sb8_vvC9cF_ZaGy-YgqKdeBgLqfntSN334OPY4
Connection: close
Request body:

========================================
2018-08-07 15:12:26 
::1 POST /tourism/public-api/v1/destination_accounts HTTP/1.1
HTTP headers:
Host: localhost
Content-Length: 82
User-Agent: Ticketing-WebApp
Authorization: Bearer eyJ0eXAiOiJKV1QiLCJhbGciOiJIUzI1NiJ9.eyJpYXQiOjE1MzM2MjYxMDgsImp0aSI6InAyR0FlWGNHXC95SkdubEdKVWFmYTJXMWlkUGhDK0d2b0tWNXdSc05Hc0lrPSIsImlzcyI6Ijo6MSIsIm5iZiI6MTUzMzYyNjEwOCwiZXhwIjoxNTMzNjI3OTA4LCJkYXRhIjp7InVzZXJuYW1lIjoiYWRlIiwicGFzc3dvcmQiOiJiNzAxNjZkMjM1OWU1NWZmMzQ4NGY1ZDcwMjBjNzBkODZkODkwNzk2IiwiaXAiOiI6OjEiLCJ1c2VyX2FnZW50IjoiVGlja2V0aW5nLVdlYkFwcCJ9fQ.Q0Uw7Sb8_vvC9cF_ZaGy-YgqKdeBgLqfntSN334OPY4
Connection: close
Content-Type: application/x-www-form-urlencoded
Request body:
bank_account=&account_number=&account_fullname=&created_at=2018-08-07+15%3A12%3A26
========================================
2018-08-07 15:12:26 
::1 POST /tourism/public-api/v1/users/token HTTP/1.1
HTTP headers:
Host: localhost
Content-Length: 23
User-Agent: Ticketing-WebApp
Connection: close
Content-Type: application/x-www-form-urlencoded
Request body:
username=ade&password=0
========================================
2018-08-07 15:12:26 
::1 POST /tourism/public-api/v1/destination_accounts HTTP/1.1
HTTP headers:
Host: localhost
Content-Length: 82
User-Agent: Ticketing-WebApp
Authorization: Bearer eyJ0eXAiOiJKV1QiLCJhbGciOiJIUzI1NiJ9.eyJpYXQiOjE1MzM2MjYxMDgsImp0aSI6InAyR0FlWGNHXC95SkdubEdKVWFmYTJXMWlkUGhDK0d2b0tWNXdSc05Hc0lrPSIsImlzcyI6Ijo6MSIsIm5iZiI6MTUzMzYyNjEwOCwiZXhwIjoxNTMzNjI3OTA4LCJkYXRhIjp7InVzZXJuYW1lIjoiYWRlIiwicGFzc3dvcmQiOiJiNzAxNjZkMjM1OWU1NWZmMzQ4NGY1ZDcwMjBjNzBkODZkODkwNzk2IiwiaXAiOiI6OjEiLCJ1c2VyX2FnZW50IjoiVGlja2V0aW5nLVdlYkFwcCJ9fQ.Q0Uw7Sb8_vvC9cF_ZaGy-YgqKdeBgLqfntSN334OPY4
Connection: close
Content-Type: application/x-www-form-urlencoded
Request body:
bank_account=&account_number=&account_fullname=&created_at=2018-08-07+15%3A12%3A26
========================================
2018-08-07 15:12:26 
::1 POST /tourism/public-api/v1/users/token HTTP/1.1
HTTP headers:
Host: localhost
Content-Length: 23
User-Agent: Ticketing-WebApp
Connection: close
Content-Type: application/x-www-form-urlencoded
Request body:
username=ade&password=0
========================================
2018-08-07 15:12:26 
::1 POST /tourism/public-api/v1/destination_accounts HTTP/1.1
HTTP headers:
Host: localhost
Content-Length: 82
User-Agent: Ticketing-WebApp
Authorization: Bearer eyJ0eXAiOiJKV1QiLCJhbGciOiJIUzI1NiJ9.eyJpYXQiOjE1MzM2MjYxMDgsImp0aSI6InAyR0FlWGNHXC95SkdubEdKVWFmYTJXMWlkUGhDK0d2b0tWNXdSc05Hc0lrPSIsImlzcyI6Ijo6MSIsIm5iZiI6MTUzMzYyNjEwOCwiZXhwIjoxNTMzNjI3OTA4LCJkYXRhIjp7InVzZXJuYW1lIjoiYWRlIiwicGFzc3dvcmQiOiJiNzAxNjZkMjM1OWU1NWZmMzQ4NGY1ZDcwMjBjNzBkODZkODkwNzk2IiwiaXAiOiI6OjEiLCJ1c2VyX2FnZW50IjoiVGlja2V0aW5nLVdlYkFwcCJ9fQ.Q0Uw7Sb8_vvC9cF_ZaGy-YgqKdeBgLqfntSN334OPY4
Connection: close
Content-Type: application/x-www-form-urlencoded
Request body:
bank_account=&account_number=&account_fullname=&created_at=2018-08-07+15%3A12%3A26
========================================
2018-08-07 15:12:27 
::1 POST /tourism/public-api/v1/users/token HTTP/1.1
HTTP headers:
Host: localhost
Content-Length: 23
User-Agent: Ticketing-WebApp
Connection: close
Content-Type: application/x-www-form-urlencoded
Request body:
username=ade&password=0
========================================
2018-08-07 15:12:27 
::1 POST /tourism/public-api/v1/destination_accounts HTTP/1.1
HTTP headers:
Host: localhost
Content-Length: 82
User-Agent: Ticketing-WebApp
Authorization: Bearer eyJ0eXAiOiJKV1QiLCJhbGciOiJIUzI1NiJ9.eyJpYXQiOjE1MzM2MjYxMDgsImp0aSI6InAyR0FlWGNHXC95SkdubEdKVWFmYTJXMWlkUGhDK0d2b0tWNXdSc05Hc0lrPSIsImlzcyI6Ijo6MSIsIm5iZiI6MTUzMzYyNjEwOCwiZXhwIjoxNTMzNjI3OTA4LCJkYXRhIjp7InVzZXJuYW1lIjoiYWRlIiwicGFzc3dvcmQiOiJiNzAxNjZkMjM1OWU1NWZmMzQ4NGY1ZDcwMjBjNzBkODZkODkwNzk2IiwiaXAiOiI6OjEiLCJ1c2VyX2FnZW50IjoiVGlja2V0aW5nLVdlYkFwcCJ9fQ.Q0Uw7Sb8_vvC9cF_ZaGy-YgqKdeBgLqfntSN334OPY4
Connection: close
Content-Type: application/x-www-form-urlencoded
Request body:
bank_account=&account_number=&account_fullname=&created_at=2018-08-07+15%3A12%3A26
========================================
2018-08-07 15:13:52 
::1 POST /tourism/public-api/v1/destination_accounts HTTP/1.1
HTTP headers:
Host: localhost
Content-Length: 82
User-Agent: Ticketing-WebApp
Authorization: Bearer eyJ0eXAiOiJKV1QiLCJhbGciOiJIUzI1NiJ9.eyJpYXQiOjE1MzM2MjYxMDgsImp0aSI6InAyR0FlWGNHXC95SkdubEdKVWFmYTJXMWlkUGhDK0d2b0tWNXdSc05Hc0lrPSIsImlzcyI6Ijo6MSIsIm5iZiI6MTUzMzYyNjEwOCwiZXhwIjoxNTMzNjI3OTA4LCJkYXRhIjp7InVzZXJuYW1lIjoiYWRlIiwicGFzc3dvcmQiOiJiNzAxNjZkMjM1OWU1NWZmMzQ4NGY1ZDcwMjBjNzBkODZkODkwNzk2IiwiaXAiOiI6OjEiLCJ1c2VyX2FnZW50IjoiVGlja2V0aW5nLVdlYkFwcCJ9fQ.Q0Uw7Sb8_vvC9cF_ZaGy-YgqKdeBgLqfntSN334OPY4
Connection: close
Content-Type: application/x-www-form-urlencoded
Request body:
bank_account=&account_number=&account_fullname=&created_at=2018-08-07+15%3A13%3A52
========================================
2018-08-07 15:13:52 
::1 POST /tourism/public-api/v1/users/token HTTP/1.1
HTTP headers:
Host: localhost
Content-Length: 23
User-Agent: Ticketing-WebApp
Connection: close
Content-Type: application/x-www-form-urlencoded
Request body:
username=ade&password=0
========================================
2018-08-07 15:13:52 
::1 POST /tourism/public-api/v1/destination_accounts HTTP/1.1
HTTP headers:
Host: localhost
Content-Length: 82
User-Agent: Ticketing-WebApp
Authorization: Bearer eyJ0eXAiOiJKV1QiLCJhbGciOiJIUzI1NiJ9.eyJpYXQiOjE1MzM2MjYxMDgsImp0aSI6InAyR0FlWGNHXC95SkdubEdKVWFmYTJXMWlkUGhDK0d2b0tWNXdSc05Hc0lrPSIsImlzcyI6Ijo6MSIsIm5iZiI6MTUzMzYyNjEwOCwiZXhwIjoxNTMzNjI3OTA4LCJkYXRhIjp7InVzZXJuYW1lIjoiYWRlIiwicGFzc3dvcmQiOiJiNzAxNjZkMjM1OWU1NWZmMzQ4NGY1ZDcwMjBjNzBkODZkODkwNzk2IiwiaXAiOiI6OjEiLCJ1c2VyX2FnZW50IjoiVGlja2V0aW5nLVdlYkFwcCJ9fQ.Q0Uw7Sb8_vvC9cF_ZaGy-YgqKdeBgLqfntSN334OPY4
Connection: close
Content-Type: application/x-www-form-urlencoded
Request body:
bank_account=&account_number=&account_fullname=&created_at=2018-08-07+15%3A13%3A52
========================================
2018-08-07 15:13:52 
::1 POST /tourism/public-api/v1/users/token HTTP/1.1
HTTP headers:
Host: localhost
Content-Length: 23
User-Agent: Ticketing-WebApp
Connection: close
Content-Type: application/x-www-form-urlencoded
Request body:
username=ade&password=0
========================================
2018-08-07 15:13:53 
::1 POST /tourism/public-api/v1/destination_accounts HTTP/1.1
HTTP headers:
Host: localhost
Content-Length: 82
User-Agent: Ticketing-WebApp
Authorization: Bearer eyJ0eXAiOiJKV1QiLCJhbGciOiJIUzI1NiJ9.eyJpYXQiOjE1MzM2MjYxMDgsImp0aSI6InAyR0FlWGNHXC95SkdubEdKVWFmYTJXMWlkUGhDK0d2b0tWNXdSc05Hc0lrPSIsImlzcyI6Ijo6MSIsIm5iZiI6MTUzMzYyNjEwOCwiZXhwIjoxNTMzNjI3OTA4LCJkYXRhIjp7InVzZXJuYW1lIjoiYWRlIiwicGFzc3dvcmQiOiJiNzAxNjZkMjM1OWU1NWZmMzQ4NGY1ZDcwMjBjNzBkODZkODkwNzk2IiwiaXAiOiI6OjEiLCJ1c2VyX2FnZW50IjoiVGlja2V0aW5nLVdlYkFwcCJ9fQ.Q0Uw7Sb8_vvC9cF_ZaGy-YgqKdeBgLqfntSN334OPY4
Connection: close
Content-Type: application/x-www-form-urlencoded
Request body:
bank_account=&account_number=&account_fullname=&created_at=2018-08-07+15%3A13%3A52
========================================
2018-08-07 15:13:53 
::1 POST /tourism/public-api/v1/users/token HTTP/1.1
HTTP headers:
Host: localhost
Content-Length: 23
User-Agent: Ticketing-WebApp
Connection: close
Content-Type: application/x-www-form-urlencoded
Request body:
username=ade&password=0
========================================
2018-08-07 15:13:53 
::1 POST /tourism/public-api/v1/destination_accounts HTTP/1.1
HTTP headers:
Host: localhost
Content-Length: 82
User-Agent: Ticketing-WebApp
Authorization: Bearer eyJ0eXAiOiJKV1QiLCJhbGciOiJIUzI1NiJ9.eyJpYXQiOjE1MzM2MjYxMDgsImp0aSI6InAyR0FlWGNHXC95SkdubEdKVWFmYTJXMWlkUGhDK0d2b0tWNXdSc05Hc0lrPSIsImlzcyI6Ijo6MSIsIm5iZiI6MTUzMzYyNjEwOCwiZXhwIjoxNTMzNjI3OTA4LCJkYXRhIjp7InVzZXJuYW1lIjoiYWRlIiwicGFzc3dvcmQiOiJiNzAxNjZkMjM1OWU1NWZmMzQ4NGY1ZDcwMjBjNzBkODZkODkwNzk2IiwiaXAiOiI6OjEiLCJ1c2VyX2FnZW50IjoiVGlja2V0aW5nLVdlYkFwcCJ9fQ.Q0Uw7Sb8_vvC9cF_ZaGy-YgqKdeBgLqfntSN334OPY4
Connection: close
Content-Type: application/x-www-form-urlencoded
Request body:
bank_account=&account_number=&account_fullname=&created_at=2018-08-07+15%3A13%3A52
========================================
2018-08-07 15:14:09 
::1 POST /tourism/public-api/v1/destination_accounts HTTP/1.1
HTTP headers:
Host: localhost
Content-Length: 82
User-Agent: Ticketing-WebApp
Authorization: Bearer eyJ0eXAiOiJKV1QiLCJhbGciOiJIUzI1NiJ9.eyJpYXQiOjE1MzM2MjYxMDgsImp0aSI6InAyR0FlWGNHXC95SkdubEdKVWFmYTJXMWlkUGhDK0d2b0tWNXdSc05Hc0lrPSIsImlzcyI6Ijo6MSIsIm5iZiI6MTUzMzYyNjEwOCwiZXhwIjoxNTMzNjI3OTA4LCJkYXRhIjp7InVzZXJuYW1lIjoiYWRlIiwicGFzc3dvcmQiOiJiNzAxNjZkMjM1OWU1NWZmMzQ4NGY1ZDcwMjBjNzBkODZkODkwNzk2IiwiaXAiOiI6OjEiLCJ1c2VyX2FnZW50IjoiVGlja2V0aW5nLVdlYkFwcCJ9fQ.Q0Uw7Sb8_vvC9cF_ZaGy-YgqKdeBgLqfntSN334OPY4
Connection: close
Content-Type: application/x-www-form-urlencoded
Request body:
bank_account=&account_number=&account_fullname=&created_at=2018-08-07+15%3A14%3A09
========================================
2018-08-07 15:14:09 
::1 POST /tourism/public-api/v1/users/token HTTP/1.1
HTTP headers:
Host: localhost
Content-Length: 23
User-Agent: Ticketing-WebApp
Connection: close
Content-Type: application/x-www-form-urlencoded
Request body:
username=ade&password=0
========================================
2018-08-07 15:14:09 
::1 POST /tourism/public-api/v1/destination_accounts HTTP/1.1
HTTP headers:
Host: localhost
Content-Length: 82
User-Agent: Ticketing-WebApp
Authorization: Bearer eyJ0eXAiOiJKV1QiLCJhbGciOiJIUzI1NiJ9.eyJpYXQiOjE1MzM2MjYxMDgsImp0aSI6InAyR0FlWGNHXC95SkdubEdKVWFmYTJXMWlkUGhDK0d2b0tWNXdSc05Hc0lrPSIsImlzcyI6Ijo6MSIsIm5iZiI6MTUzMzYyNjEwOCwiZXhwIjoxNTMzNjI3OTA4LCJkYXRhIjp7InVzZXJuYW1lIjoiYWRlIiwicGFzc3dvcmQiOiJiNzAxNjZkMjM1OWU1NWZmMzQ4NGY1ZDcwMjBjNzBkODZkODkwNzk2IiwiaXAiOiI6OjEiLCJ1c2VyX2FnZW50IjoiVGlja2V0aW5nLVdlYkFwcCJ9fQ.Q0Uw7Sb8_vvC9cF_ZaGy-YgqKdeBgLqfntSN334OPY4
Connection: close
Content-Type: application/x-www-form-urlencoded
Request body:
bank_account=&account_number=&account_fullname=&created_at=2018-08-07+15%3A14%3A09
========================================
2018-08-07 15:14:09 
::1 POST /tourism/public-api/v1/users/token HTTP/1.1
HTTP headers:
Host: localhost
Content-Length: 23
User-Agent: Ticketing-WebApp
Connection: close
Content-Type: application/x-www-form-urlencoded
Request body:
username=ade&password=0
========================================
2018-08-07 15:14:09 
::1 POST /tourism/public-api/v1/destination_accounts HTTP/1.1
HTTP headers:
Host: localhost
Content-Length: 82
User-Agent: Ticketing-WebApp
Authorization: Bearer eyJ0eXAiOiJKV1QiLCJhbGciOiJIUzI1NiJ9.eyJpYXQiOjE1MzM2MjYxMDgsImp0aSI6InAyR0FlWGNHXC95SkdubEdKVWFmYTJXMWlkUGhDK0d2b0tWNXdSc05Hc0lrPSIsImlzcyI6Ijo6MSIsIm5iZiI6MTUzMzYyNjEwOCwiZXhwIjoxNTMzNjI3OTA4LCJkYXRhIjp7InVzZXJuYW1lIjoiYWRlIiwicGFzc3dvcmQiOiJiNzAxNjZkMjM1OWU1NWZmMzQ4NGY1ZDcwMjBjNzBkODZkODkwNzk2IiwiaXAiOiI6OjEiLCJ1c2VyX2FnZW50IjoiVGlja2V0aW5nLVdlYkFwcCJ9fQ.Q0Uw7Sb8_vvC9cF_ZaGy-YgqKdeBgLqfntSN334OPY4
Connection: close
Content-Type: application/x-www-form-urlencoded
Request body:
bank_account=&account_number=&account_fullname=&created_at=2018-08-07+15%3A14%3A09
========================================
2018-08-07 15:14:09 
::1 POST /tourism/public-api/v1/users/token HTTP/1.1
HTTP headers:
Host: localhost
Content-Length: 23
User-Agent: Ticketing-WebApp
Connection: close
Content-Type: application/x-www-form-urlencoded
Request body:
username=ade&password=0
========================================
2018-08-07 15:14:09 
::1 POST /tourism/public-api/v1/destination_accounts HTTP/1.1
HTTP headers:
Host: localhost
Content-Length: 82
User-Agent: Ticketing-WebApp
Authorization: Bearer eyJ0eXAiOiJKV1QiLCJhbGciOiJIUzI1NiJ9.eyJpYXQiOjE1MzM2MjYxMDgsImp0aSI6InAyR0FlWGNHXC95SkdubEdKVWFmYTJXMWlkUGhDK0d2b0tWNXdSc05Hc0lrPSIsImlzcyI6Ijo6MSIsIm5iZiI6MTUzMzYyNjEwOCwiZXhwIjoxNTMzNjI3OTA4LCJkYXRhIjp7InVzZXJuYW1lIjoiYWRlIiwicGFzc3dvcmQiOiJiNzAxNjZkMjM1OWU1NWZmMzQ4NGY1ZDcwMjBjNzBkODZkODkwNzk2IiwiaXAiOiI6OjEiLCJ1c2VyX2FnZW50IjoiVGlja2V0aW5nLVdlYkFwcCJ9fQ.Q0Uw7Sb8_vvC9cF_ZaGy-YgqKdeBgLqfntSN334OPY4
Connection: close
Content-Type: application/x-www-form-urlencoded
Request body:
bank_account=&account_number=&account_fullname=&created_at=2018-08-07+15%3A14%3A09
========================================
2018-08-07 15:14:34 
::1 POST /tourism/public-api/v1/destination_accounts HTTP/1.1
HTTP headers:
Host: localhost
Content-Length: 82
User-Agent: Ticketing-WebApp
Authorization: Bearer eyJ0eXAiOiJKV1QiLCJhbGciOiJIUzI1NiJ9.eyJpYXQiOjE1MzM2MjYxMDgsImp0aSI6InAyR0FlWGNHXC95SkdubEdKVWFmYTJXMWlkUGhDK0d2b0tWNXdSc05Hc0lrPSIsImlzcyI6Ijo6MSIsIm5iZiI6MTUzMzYyNjEwOCwiZXhwIjoxNTMzNjI3OTA4LCJkYXRhIjp7InVzZXJuYW1lIjoiYWRlIiwicGFzc3dvcmQiOiJiNzAxNjZkMjM1OWU1NWZmMzQ4NGY1ZDcwMjBjNzBkODZkODkwNzk2IiwiaXAiOiI6OjEiLCJ1c2VyX2FnZW50IjoiVGlja2V0aW5nLVdlYkFwcCJ9fQ.Q0Uw7Sb8_vvC9cF_ZaGy-YgqKdeBgLqfntSN334OPY4
Connection: close
Content-Type: application/x-www-form-urlencoded
Request body:
bank_account=&account_number=&account_fullname=&created_at=2018-08-07+15%3A14%3A34
========================================
2018-08-07 15:14:34 
::1 POST /tourism/public-api/v1/users/token HTTP/1.1
HTTP headers:
Host: localhost
Content-Length: 23
User-Agent: Ticketing-WebApp
Connection: close
Content-Type: application/x-www-form-urlencoded
Request body:
username=ade&password=0
========================================
2018-08-07 15:14:34 
::1 POST /tourism/public-api/v1/destination_accounts HTTP/1.1
HTTP headers:
Host: localhost
Content-Length: 82
User-Agent: Ticketing-WebApp
Authorization: Bearer eyJ0eXAiOiJKV1QiLCJhbGciOiJIUzI1NiJ9.eyJpYXQiOjE1MzM2MjYxMDgsImp0aSI6InAyR0FlWGNHXC95SkdubEdKVWFmYTJXMWlkUGhDK0d2b0tWNXdSc05Hc0lrPSIsImlzcyI6Ijo6MSIsIm5iZiI6MTUzMzYyNjEwOCwiZXhwIjoxNTMzNjI3OTA4LCJkYXRhIjp7InVzZXJuYW1lIjoiYWRlIiwicGFzc3dvcmQiOiJiNzAxNjZkMjM1OWU1NWZmMzQ4NGY1ZDcwMjBjNzBkODZkODkwNzk2IiwiaXAiOiI6OjEiLCJ1c2VyX2FnZW50IjoiVGlja2V0aW5nLVdlYkFwcCJ9fQ.Q0Uw7Sb8_vvC9cF_ZaGy-YgqKdeBgLqfntSN334OPY4
Connection: close
Content-Type: application/x-www-form-urlencoded
Request body:
bank_account=&account_number=&account_fullname=&created_at=2018-08-07+15%3A14%3A34
========================================
2018-08-07 15:14:34 
::1 POST /tourism/public-api/v1/users/token HTTP/1.1
HTTP headers:
Host: localhost
Content-Length: 23
User-Agent: Ticketing-WebApp
Connection: close
Content-Type: application/x-www-form-urlencoded
Request body:
username=ade&password=0
========================================
2018-08-07 15:14:34 
::1 POST /tourism/public-api/v1/destination_accounts HTTP/1.1
HTTP headers:
Host: localhost
Content-Length: 82
User-Agent: Ticketing-WebApp
Authorization: Bearer eyJ0eXAiOiJKV1QiLCJhbGciOiJIUzI1NiJ9.eyJpYXQiOjE1MzM2MjYxMDgsImp0aSI6InAyR0FlWGNHXC95SkdubEdKVWFmYTJXMWlkUGhDK0d2b0tWNXdSc05Hc0lrPSIsImlzcyI6Ijo6MSIsIm5iZiI6MTUzMzYyNjEwOCwiZXhwIjoxNTMzNjI3OTA4LCJkYXRhIjp7InVzZXJuYW1lIjoiYWRlIiwicGFzc3dvcmQiOiJiNzAxNjZkMjM1OWU1NWZmMzQ4NGY1ZDcwMjBjNzBkODZkODkwNzk2IiwiaXAiOiI6OjEiLCJ1c2VyX2FnZW50IjoiVGlja2V0aW5nLVdlYkFwcCJ9fQ.Q0Uw7Sb8_vvC9cF_ZaGy-YgqKdeBgLqfntSN334OPY4
Connection: close
Content-Type: application/x-www-form-urlencoded
Request body:
bank_account=&account_number=&account_fullname=&created_at=2018-08-07+15%3A14%3A34
========================================
2018-08-07 15:14:34 
::1 POST /tourism/public-api/v1/users/token HTTP/1.1
HTTP headers:
Host: localhost
Content-Length: 23
User-Agent: Ticketing-WebApp
Connection: close
Content-Type: application/x-www-form-urlencoded
Request body:
username=ade&password=0
========================================
2018-08-07 15:14:35 
::1 POST /tourism/public-api/v1/destination_accounts HTTP/1.1
HTTP headers:
Host: localhost
Content-Length: 82
User-Agent: Ticketing-WebApp
Authorization: Bearer eyJ0eXAiOiJKV1QiLCJhbGciOiJIUzI1NiJ9.eyJpYXQiOjE1MzM2MjYxMDgsImp0aSI6InAyR0FlWGNHXC95SkdubEdKVWFmYTJXMWlkUGhDK0d2b0tWNXdSc05Hc0lrPSIsImlzcyI6Ijo6MSIsIm5iZiI6MTUzMzYyNjEwOCwiZXhwIjoxNTMzNjI3OTA4LCJkYXRhIjp7InVzZXJuYW1lIjoiYWRlIiwicGFzc3dvcmQiOiJiNzAxNjZkMjM1OWU1NWZmMzQ4NGY1ZDcwMjBjNzBkODZkODkwNzk2IiwiaXAiOiI6OjEiLCJ1c2VyX2FnZW50IjoiVGlja2V0aW5nLVdlYkFwcCJ9fQ.Q0Uw7Sb8_vvC9cF_ZaGy-YgqKdeBgLqfntSN334OPY4
Connection: close
Content-Type: application/x-www-form-urlencoded
Request body:
bank_account=&account_number=&account_fullname=&created_at=2018-08-07+15%3A14%3A34
========================================
2018-08-07 15:15:23 
::1 POST /tourism/public-api/v1/destination_accounts HTTP/1.1
HTTP headers:
Host: localhost
Content-Length: 82
User-Agent: Ticketing-WebApp
Authorization: Bearer eyJ0eXAiOiJKV1QiLCJhbGciOiJIUzI1NiJ9.eyJpYXQiOjE1MzM2MjYxMDgsImp0aSI6InAyR0FlWGNHXC95SkdubEdKVWFmYTJXMWlkUGhDK0d2b0tWNXdSc05Hc0lrPSIsImlzcyI6Ijo6MSIsIm5iZiI6MTUzMzYyNjEwOCwiZXhwIjoxNTMzNjI3OTA4LCJkYXRhIjp7InVzZXJuYW1lIjoiYWRlIiwicGFzc3dvcmQiOiJiNzAxNjZkMjM1OWU1NWZmMzQ4NGY1ZDcwMjBjNzBkODZkODkwNzk2IiwiaXAiOiI6OjEiLCJ1c2VyX2FnZW50IjoiVGlja2V0aW5nLVdlYkFwcCJ9fQ.Q0Uw7Sb8_vvC9cF_ZaGy-YgqKdeBgLqfntSN334OPY4
Connection: close
Content-Type: application/x-www-form-urlencoded
Request body:
bank_account=&account_number=&account_fullname=&created_at=2018-08-07+15%3A15%3A23
========================================
2018-08-07 15:15:23 
::1 POST /tourism/public-api/v1/users/token HTTP/1.1
HTTP headers:
Host: localhost
Content-Length: 23
User-Agent: Ticketing-WebApp
Connection: close
Content-Type: application/x-www-form-urlencoded
Request body:
username=ade&password=0
========================================
2018-08-07 15:15:24 
::1 POST /tourism/public-api/v1/destination_accounts HTTP/1.1
HTTP headers:
Host: localhost
Content-Length: 82
User-Agent: Ticketing-WebApp
Authorization: Bearer eyJ0eXAiOiJKV1QiLCJhbGciOiJIUzI1NiJ9.eyJpYXQiOjE1MzM2MjYxMDgsImp0aSI6InAyR0FlWGNHXC95SkdubEdKVWFmYTJXMWlkUGhDK0d2b0tWNXdSc05Hc0lrPSIsImlzcyI6Ijo6MSIsIm5iZiI6MTUzMzYyNjEwOCwiZXhwIjoxNTMzNjI3OTA4LCJkYXRhIjp7InVzZXJuYW1lIjoiYWRlIiwicGFzc3dvcmQiOiJiNzAxNjZkMjM1OWU1NWZmMzQ4NGY1ZDcwMjBjNzBkODZkODkwNzk2IiwiaXAiOiI6OjEiLCJ1c2VyX2FnZW50IjoiVGlja2V0aW5nLVdlYkFwcCJ9fQ.Q0Uw7Sb8_vvC9cF_ZaGy-YgqKdeBgLqfntSN334OPY4
Connection: close
Content-Type: application/x-www-form-urlencoded
Request body:
bank_account=&account_number=&account_fullname=&created_at=2018-08-07+15%3A15%3A23
========================================
2018-08-07 15:15:24 
::1 POST /tourism/public-api/v1/users/token HTTP/1.1
HTTP headers:
Host: localhost
Content-Length: 23
User-Agent: Ticketing-WebApp
Connection: close
Content-Type: application/x-www-form-urlencoded
Request body:
username=ade&password=0
========================================
2018-08-07 15:15:24 
::1 POST /tourism/public-api/v1/destination_accounts HTTP/1.1
HTTP headers:
Host: localhost
Content-Length: 82
User-Agent: Ticketing-WebApp
Authorization: Bearer eyJ0eXAiOiJKV1QiLCJhbGciOiJIUzI1NiJ9.eyJpYXQiOjE1MzM2MjYxMDgsImp0aSI6InAyR0FlWGNHXC95SkdubEdKVWFmYTJXMWlkUGhDK0d2b0tWNXdSc05Hc0lrPSIsImlzcyI6Ijo6MSIsIm5iZiI6MTUzMzYyNjEwOCwiZXhwIjoxNTMzNjI3OTA4LCJkYXRhIjp7InVzZXJuYW1lIjoiYWRlIiwicGFzc3dvcmQiOiJiNzAxNjZkMjM1OWU1NWZmMzQ4NGY1ZDcwMjBjNzBkODZkODkwNzk2IiwiaXAiOiI6OjEiLCJ1c2VyX2FnZW50IjoiVGlja2V0aW5nLVdlYkFwcCJ9fQ.Q0Uw7Sb8_vvC9cF_ZaGy-YgqKdeBgLqfntSN334OPY4
Connection: close
Content-Type: application/x-www-form-urlencoded
Request body:
bank_account=&account_number=&account_fullname=&created_at=2018-08-07+15%3A15%3A23
========================================
2018-08-07 15:15:24 
::1 POST /tourism/public-api/v1/users/token HTTP/1.1
HTTP headers:
Host: localhost
Content-Length: 23
User-Agent: Ticketing-WebApp
Connection: close
Content-Type: application/x-www-form-urlencoded
Request body:
username=ade&password=0
========================================
2018-08-07 15:15:24 
::1 POST /tourism/public-api/v1/destination_accounts HTTP/1.1
HTTP headers:
Host: localhost
Content-Length: 82
User-Agent: Ticketing-WebApp
Authorization: Bearer eyJ0eXAiOiJKV1QiLCJhbGciOiJIUzI1NiJ9.eyJpYXQiOjE1MzM2MjYxMDgsImp0aSI6InAyR0FlWGNHXC95SkdubEdKVWFmYTJXMWlkUGhDK0d2b0tWNXdSc05Hc0lrPSIsImlzcyI6Ijo6MSIsIm5iZiI6MTUzMzYyNjEwOCwiZXhwIjoxNTMzNjI3OTA4LCJkYXRhIjp7InVzZXJuYW1lIjoiYWRlIiwicGFzc3dvcmQiOiJiNzAxNjZkMjM1OWU1NWZmMzQ4NGY1ZDcwMjBjNzBkODZkODkwNzk2IiwiaXAiOiI6OjEiLCJ1c2VyX2FnZW50IjoiVGlja2V0aW5nLVdlYkFwcCJ9fQ.Q0Uw7Sb8_vvC9cF_ZaGy-YgqKdeBgLqfntSN334OPY4
Connection: close
Content-Type: application/x-www-form-urlencoded
Request body:
bank_account=&account_number=&account_fullname=&created_at=2018-08-07+15%3A15%3A23
========================================
2018-08-07 15:15:32 
::1 POST /tourism/public-api/v1/destination_accounts HTTP/1.1
HTTP headers:
Host: localhost
Content-Length: 82
User-Agent: Ticketing-WebApp
Authorization: Bearer eyJ0eXAiOiJKV1QiLCJhbGciOiJIUzI1NiJ9.eyJpYXQiOjE1MzM2MjYxMDgsImp0aSI6InAyR0FlWGNHXC95SkdubEdKVWFmYTJXMWlkUGhDK0d2b0tWNXdSc05Hc0lrPSIsImlzcyI6Ijo6MSIsIm5iZiI6MTUzMzYyNjEwOCwiZXhwIjoxNTMzNjI3OTA4LCJkYXRhIjp7InVzZXJuYW1lIjoiYWRlIiwicGFzc3dvcmQiOiJiNzAxNjZkMjM1OWU1NWZmMzQ4NGY1ZDcwMjBjNzBkODZkODkwNzk2IiwiaXAiOiI6OjEiLCJ1c2VyX2FnZW50IjoiVGlja2V0aW5nLVdlYkFwcCJ9fQ.Q0Uw7Sb8_vvC9cF_ZaGy-YgqKdeBgLqfntSN334OPY4
Connection: close
Content-Type: application/x-www-form-urlencoded
Request body:
bank_account=&account_number=&account_fullname=&created_at=2018-08-07+15%3A15%3A32
========================================
2018-08-07 15:15:33 
::1 POST /tourism/public-api/v1/users/token HTTP/1.1
HTTP headers:
Host: localhost
Content-Length: 23
User-Agent: Ticketing-WebApp
Connection: close
Content-Type: application/x-www-form-urlencoded
Request body:
username=ade&password=0
========================================
2018-08-07 15:15:33 
::1 POST /tourism/public-api/v1/destination_accounts HTTP/1.1
HTTP headers:
Host: localhost
Content-Length: 82
User-Agent: Ticketing-WebApp
Authorization: Bearer eyJ0eXAiOiJKV1QiLCJhbGciOiJIUzI1NiJ9.eyJpYXQiOjE1MzM2MjYxMDgsImp0aSI6InAyR0FlWGNHXC95SkdubEdKVWFmYTJXMWlkUGhDK0d2b0tWNXdSc05Hc0lrPSIsImlzcyI6Ijo6MSIsIm5iZiI6MTUzMzYyNjEwOCwiZXhwIjoxNTMzNjI3OTA4LCJkYXRhIjp7InVzZXJuYW1lIjoiYWRlIiwicGFzc3dvcmQiOiJiNzAxNjZkMjM1OWU1NWZmMzQ4NGY1ZDcwMjBjNzBkODZkODkwNzk2IiwiaXAiOiI6OjEiLCJ1c2VyX2FnZW50IjoiVGlja2V0aW5nLVdlYkFwcCJ9fQ.Q0Uw7Sb8_vvC9cF_ZaGy-YgqKdeBgLqfntSN334OPY4
Connection: close
Content-Type: application/x-www-form-urlencoded
Request body:
bank_account=&account_number=&account_fullname=&created_at=2018-08-07+15%3A15%3A32
========================================
2018-08-07 15:15:33 
::1 POST /tourism/public-api/v1/users/token HTTP/1.1
HTTP headers:
Host: localhost
Content-Length: 23
User-Agent: Ticketing-WebApp
Connection: close
Content-Type: application/x-www-form-urlencoded
Request body:
username=ade&password=0
========================================
2018-08-07 15:15:33 
::1 POST /tourism/public-api/v1/destination_accounts HTTP/1.1
HTTP headers:
Host: localhost
Content-Length: 82
User-Agent: Ticketing-WebApp
Authorization: Bearer eyJ0eXAiOiJKV1QiLCJhbGciOiJIUzI1NiJ9.eyJpYXQiOjE1MzM2MjYxMDgsImp0aSI6InAyR0FlWGNHXC95SkdubEdKVWFmYTJXMWlkUGhDK0d2b0tWNXdSc05Hc0lrPSIsImlzcyI6Ijo6MSIsIm5iZiI6MTUzMzYyNjEwOCwiZXhwIjoxNTMzNjI3OTA4LCJkYXRhIjp7InVzZXJuYW1lIjoiYWRlIiwicGFzc3dvcmQiOiJiNzAxNjZkMjM1OWU1NWZmMzQ4NGY1ZDcwMjBjNzBkODZkODkwNzk2IiwiaXAiOiI6OjEiLCJ1c2VyX2FnZW50IjoiVGlja2V0aW5nLVdlYkFwcCJ9fQ.Q0Uw7Sb8_vvC9cF_ZaGy-YgqKdeBgLqfntSN334OPY4
Connection: close
Content-Type: application/x-www-form-urlencoded
Request body:
bank_account=&account_number=&account_fullname=&created_at=2018-08-07+15%3A15%3A32
========================================
2018-08-07 15:15:33 
::1 POST /tourism/public-api/v1/users/token HTTP/1.1
HTTP headers:
Host: localhost
Content-Length: 23
User-Agent: Ticketing-WebApp
Connection: close
Content-Type: application/x-www-form-urlencoded
Request body:
username=ade&password=0
========================================
2018-08-07 15:15:33 
::1 POST /tourism/public-api/v1/destination_accounts HTTP/1.1
HTTP headers:
Host: localhost
Content-Length: 82
User-Agent: Ticketing-WebApp
Authorization: Bearer eyJ0eXAiOiJKV1QiLCJhbGciOiJIUzI1NiJ9.eyJpYXQiOjE1MzM2MjYxMDgsImp0aSI6InAyR0FlWGNHXC95SkdubEdKVWFmYTJXMWlkUGhDK0d2b0tWNXdSc05Hc0lrPSIsImlzcyI6Ijo6MSIsIm5iZiI6MTUzMzYyNjEwOCwiZXhwIjoxNTMzNjI3OTA4LCJkYXRhIjp7InVzZXJuYW1lIjoiYWRlIiwicGFzc3dvcmQiOiJiNzAxNjZkMjM1OWU1NWZmMzQ4NGY1ZDcwMjBjNzBkODZkODkwNzk2IiwiaXAiOiI6OjEiLCJ1c2VyX2FnZW50IjoiVGlja2V0aW5nLVdlYkFwcCJ9fQ.Q0Uw7Sb8_vvC9cF_ZaGy-YgqKdeBgLqfntSN334OPY4
Connection: close
Content-Type: application/x-www-form-urlencoded
Request body:
bank_account=&account_number=&account_fullname=&created_at=2018-08-07+15%3A15%3A32
========================================
2018-08-07 15:16:04 
::1 POST /tourism/public-api/v1/destination_accounts HTTP/1.1
HTTP headers:
Host: localhost
Content-Length: 82
User-Agent: Ticketing-WebApp
Authorization: Bearer eyJ0eXAiOiJKV1QiLCJhbGciOiJIUzI1NiJ9.eyJpYXQiOjE1MzM2MjYxMDgsImp0aSI6InAyR0FlWGNHXC95SkdubEdKVWFmYTJXMWlkUGhDK0d2b0tWNXdSc05Hc0lrPSIsImlzcyI6Ijo6MSIsIm5iZiI6MTUzMzYyNjEwOCwiZXhwIjoxNTMzNjI3OTA4LCJkYXRhIjp7InVzZXJuYW1lIjoiYWRlIiwicGFzc3dvcmQiOiJiNzAxNjZkMjM1OWU1NWZmMzQ4NGY1ZDcwMjBjNzBkODZkODkwNzk2IiwiaXAiOiI6OjEiLCJ1c2VyX2FnZW50IjoiVGlja2V0aW5nLVdlYkFwcCJ9fQ.Q0Uw7Sb8_vvC9cF_ZaGy-YgqKdeBgLqfntSN334OPY4
Connection: close
Content-Type: application/x-www-form-urlencoded
Request body:
bank_account=&account_number=&account_fullname=&created_at=2018-08-07+15%3A16%3A04
========================================
2018-08-07 15:16:04 
::1 POST /tourism/public-api/v1/users/token HTTP/1.1
HTTP headers:
Host: localhost
Content-Length: 23
User-Agent: Ticketing-WebApp
Connection: close
Content-Type: application/x-www-form-urlencoded
Request body:
username=ade&password=0
========================================
2018-08-07 15:16:04 
::1 POST /tourism/public-api/v1/destination_accounts HTTP/1.1
HTTP headers:
Host: localhost
Content-Length: 82
User-Agent: Ticketing-WebApp
Authorization: Bearer eyJ0eXAiOiJKV1QiLCJhbGciOiJIUzI1NiJ9.eyJpYXQiOjE1MzM2MjYxMDgsImp0aSI6InAyR0FlWGNHXC95SkdubEdKVWFmYTJXMWlkUGhDK0d2b0tWNXdSc05Hc0lrPSIsImlzcyI6Ijo6MSIsIm5iZiI6MTUzMzYyNjEwOCwiZXhwIjoxNTMzNjI3OTA4LCJkYXRhIjp7InVzZXJuYW1lIjoiYWRlIiwicGFzc3dvcmQiOiJiNzAxNjZkMjM1OWU1NWZmMzQ4NGY1ZDcwMjBjNzBkODZkODkwNzk2IiwiaXAiOiI6OjEiLCJ1c2VyX2FnZW50IjoiVGlja2V0aW5nLVdlYkFwcCJ9fQ.Q0Uw7Sb8_vvC9cF_ZaGy-YgqKdeBgLqfntSN334OPY4
Connection: close
Content-Type: application/x-www-form-urlencoded
Request body:
bank_account=&account_number=&account_fullname=&created_at=2018-08-07+15%3A16%3A04
========================================
2018-08-07 15:16:04 
::1 POST /tourism/public-api/v1/users/token HTTP/1.1
HTTP headers:
Host: localhost
Content-Length: 23
User-Agent: Ticketing-WebApp
Connection: close
Content-Type: application/x-www-form-urlencoded
Request body:
username=ade&password=0
========================================
2018-08-07 15:16:04 
::1 POST /tourism/public-api/v1/destination_accounts HTTP/1.1
HTTP headers:
Host: localhost
Content-Length: 82
User-Agent: Ticketing-WebApp
Authorization: Bearer eyJ0eXAiOiJKV1QiLCJhbGciOiJIUzI1NiJ9.eyJpYXQiOjE1MzM2MjYxMDgsImp0aSI6InAyR0FlWGNHXC95SkdubEdKVWFmYTJXMWlkUGhDK0d2b0tWNXdSc05Hc0lrPSIsImlzcyI6Ijo6MSIsIm5iZiI6MTUzMzYyNjEwOCwiZXhwIjoxNTMzNjI3OTA4LCJkYXRhIjp7InVzZXJuYW1lIjoiYWRlIiwicGFzc3dvcmQiOiJiNzAxNjZkMjM1OWU1NWZmMzQ4NGY1ZDcwMjBjNzBkODZkODkwNzk2IiwiaXAiOiI6OjEiLCJ1c2VyX2FnZW50IjoiVGlja2V0aW5nLVdlYkFwcCJ9fQ.Q0Uw7Sb8_vvC9cF_ZaGy-YgqKdeBgLqfntSN334OPY4
Connection: close
Content-Type: application/x-www-form-urlencoded
Request body:
bank_account=&account_number=&account_fullname=&created_at=2018-08-07+15%3A16%3A04
========================================
2018-08-07 15:16:04 
::1 POST /tourism/public-api/v1/users/token HTTP/1.1
HTTP headers:
Host: localhost
Content-Length: 23
User-Agent: Ticketing-WebApp
Connection: close
Content-Type: application/x-www-form-urlencoded
Request body:
username=ade&password=0
========================================
2018-08-07 15:16:04 
::1 POST /tourism/public-api/v1/destination_accounts HTTP/1.1
HTTP headers:
Host: localhost
Content-Length: 82
User-Agent: Ticketing-WebApp
Authorization: Bearer eyJ0eXAiOiJKV1QiLCJhbGciOiJIUzI1NiJ9.eyJpYXQiOjE1MzM2MjYxMDgsImp0aSI6InAyR0FlWGNHXC95SkdubEdKVWFmYTJXMWlkUGhDK0d2b0tWNXdSc05Hc0lrPSIsImlzcyI6Ijo6MSIsIm5iZiI6MTUzMzYyNjEwOCwiZXhwIjoxNTMzNjI3OTA4LCJkYXRhIjp7InVzZXJuYW1lIjoiYWRlIiwicGFzc3dvcmQiOiJiNzAxNjZkMjM1OWU1NWZmMzQ4NGY1ZDcwMjBjNzBkODZkODkwNzk2IiwiaXAiOiI6OjEiLCJ1c2VyX2FnZW50IjoiVGlja2V0aW5nLVdlYkFwcCJ9fQ.Q0Uw7Sb8_vvC9cF_ZaGy-YgqKdeBgLqfntSN334OPY4
Connection: close
Content-Type: application/x-www-form-urlencoded
Request body:
bank_account=&account_number=&account_fullname=&created_at=2018-08-07+15%3A16%3A04
========================================
2018-08-07 15:16:36 
::1 POST /tourism/public-api/v1/destination_accounts HTTP/1.1
HTTP headers:
Host: localhost
Content-Length: 82
User-Agent: Ticketing-WebApp
Authorization: Bearer eyJ0eXAiOiJKV1QiLCJhbGciOiJIUzI1NiJ9.eyJpYXQiOjE1MzM2MjYxMDgsImp0aSI6InAyR0FlWGNHXC95SkdubEdKVWFmYTJXMWlkUGhDK0d2b0tWNXdSc05Hc0lrPSIsImlzcyI6Ijo6MSIsIm5iZiI6MTUzMzYyNjEwOCwiZXhwIjoxNTMzNjI3OTA4LCJkYXRhIjp7InVzZXJuYW1lIjoiYWRlIiwicGFzc3dvcmQiOiJiNzAxNjZkMjM1OWU1NWZmMzQ4NGY1ZDcwMjBjNzBkODZkODkwNzk2IiwiaXAiOiI6OjEiLCJ1c2VyX2FnZW50IjoiVGlja2V0aW5nLVdlYkFwcCJ9fQ.Q0Uw7Sb8_vvC9cF_ZaGy-YgqKdeBgLqfntSN334OPY4
Connection: close
Content-Type: application/x-www-form-urlencoded
Request body:
bank_account=&account_number=&account_fullname=&created_at=2018-08-07+15%3A16%3A36
========================================
2018-08-07 15:16:36 
::1 POST /tourism/public-api/v1/users/token HTTP/1.1
HTTP headers:
Host: localhost
Content-Length: 23
User-Agent: Ticketing-WebApp
Connection: close
Content-Type: application/x-www-form-urlencoded
Request body:
username=ade&password=0
========================================
2018-08-07 15:16:37 
::1 POST /tourism/public-api/v1/destination_accounts HTTP/1.1
HTTP headers:
Host: localhost
Content-Length: 82
User-Agent: Ticketing-WebApp
Authorization: Bearer eyJ0eXAiOiJKV1QiLCJhbGciOiJIUzI1NiJ9.eyJpYXQiOjE1MzM2MjYxMDgsImp0aSI6InAyR0FlWGNHXC95SkdubEdKVWFmYTJXMWlkUGhDK0d2b0tWNXdSc05Hc0lrPSIsImlzcyI6Ijo6MSIsIm5iZiI6MTUzMzYyNjEwOCwiZXhwIjoxNTMzNjI3OTA4LCJkYXRhIjp7InVzZXJuYW1lIjoiYWRlIiwicGFzc3dvcmQiOiJiNzAxNjZkMjM1OWU1NWZmMzQ4NGY1ZDcwMjBjNzBkODZkODkwNzk2IiwiaXAiOiI6OjEiLCJ1c2VyX2FnZW50IjoiVGlja2V0aW5nLVdlYkFwcCJ9fQ.Q0Uw7Sb8_vvC9cF_ZaGy-YgqKdeBgLqfntSN334OPY4
Connection: close
Content-Type: application/x-www-form-urlencoded
Request body:
bank_account=&account_number=&account_fullname=&created_at=2018-08-07+15%3A16%3A36
========================================
2018-08-07 15:16:37 
::1 POST /tourism/public-api/v1/users/token HTTP/1.1
HTTP headers:
Host: localhost
Content-Length: 23
User-Agent: Ticketing-WebApp
Connection: close
Content-Type: application/x-www-form-urlencoded
Request body:
username=ade&password=0
========================================
2018-08-07 15:16:37 
::1 POST /tourism/public-api/v1/destination_accounts HTTP/1.1
HTTP headers:
Host: localhost
Content-Length: 82
User-Agent: Ticketing-WebApp
Authorization: Bearer eyJ0eXAiOiJKV1QiLCJhbGciOiJIUzI1NiJ9.eyJpYXQiOjE1MzM2MjYxMDgsImp0aSI6InAyR0FlWGNHXC95SkdubEdKVWFmYTJXMWlkUGhDK0d2b0tWNXdSc05Hc0lrPSIsImlzcyI6Ijo6MSIsIm5iZiI6MTUzMzYyNjEwOCwiZXhwIjoxNTMzNjI3OTA4LCJkYXRhIjp7InVzZXJuYW1lIjoiYWRlIiwicGFzc3dvcmQiOiJiNzAxNjZkMjM1OWU1NWZmMzQ4NGY1ZDcwMjBjNzBkODZkODkwNzk2IiwiaXAiOiI6OjEiLCJ1c2VyX2FnZW50IjoiVGlja2V0aW5nLVdlYkFwcCJ9fQ.Q0Uw7Sb8_vvC9cF_ZaGy-YgqKdeBgLqfntSN334OPY4
Connection: close
Content-Type: application/x-www-form-urlencoded
Request body:
bank_account=&account_number=&account_fullname=&created_at=2018-08-07+15%3A16%3A36
========================================
2018-08-07 15:16:37 
::1 POST /tourism/public-api/v1/users/token HTTP/1.1
HTTP headers:
Host: localhost
Content-Length: 23
User-Agent: Ticketing-WebApp
Connection: close
Content-Type: application/x-www-form-urlencoded
Request body:
username=ade&password=0
========================================
2018-08-07 15:16:37 
::1 POST /tourism/public-api/v1/destination_accounts HTTP/1.1
HTTP headers:
Host: localhost
Content-Length: 82
User-Agent: Ticketing-WebApp
Authorization: Bearer eyJ0eXAiOiJKV1QiLCJhbGciOiJIUzI1NiJ9.eyJpYXQiOjE1MzM2MjYxMDgsImp0aSI6InAyR0FlWGNHXC95SkdubEdKVWFmYTJXMWlkUGhDK0d2b0tWNXdSc05Hc0lrPSIsImlzcyI6Ijo6MSIsIm5iZiI6MTUzMzYyNjEwOCwiZXhwIjoxNTMzNjI3OTA4LCJkYXRhIjp7InVzZXJuYW1lIjoiYWRlIiwicGFzc3dvcmQiOiJiNzAxNjZkMjM1OWU1NWZmMzQ4NGY1ZDcwMjBjNzBkODZkODkwNzk2IiwiaXAiOiI6OjEiLCJ1c2VyX2FnZW50IjoiVGlja2V0aW5nLVdlYkFwcCJ9fQ.Q0Uw7Sb8_vvC9cF_ZaGy-YgqKdeBgLqfntSN334OPY4
Connection: close
Content-Type: application/x-www-form-urlencoded
Request body:
bank_account=&account_number=&account_fullname=&created_at=2018-08-07+15%3A16%3A36
========================================
2018-08-07 15:19:40 
::1 POST /tourism/public-api/v1/users/token HTTP/1.1
HTTP headers:
Host: localhost
Content-Length: 25
User-Agent: Ticketing-WebApp
Connection: close
Content-Type: application/x-www-form-urlencoded
Request body:
username=ade&password=ade
========================================
2018-08-07 15:19:42 
::1 GET /tourism/public-api/v1/users/1 HTTP/1.1
HTTP headers:
Host: localhost
User-Agent: Ticketing-WebApp
Authorization: Bearer eyJ0eXAiOiJKV1QiLCJhbGciOiJIUzI1NiJ9.eyJpYXQiOjE1MzM2Mjk5ODAsImp0aSI6ImRvcnVKcFFtcW9nMUpvVnN1dXBSS2VXWkJUR0poc2QxVGVXRmtUc2F1NHM9IiwiaXNzIjoiOjoxIiwibmJmIjoxNTMzNjI5OTgwLCJleHAiOjE1MzM2MzE3ODAsImRhdGEiOnsidXNlcm5hbWUiOiJhZGUiLCJwYXNzd29yZCI6ImI3MDE2NmQyMzU5ZTU1ZmYzNDg0ZjVkNzAyMGM3MGQ4NmQ4OTA3OTYiLCJpcCI6Ijo6MSIsInVzZXJfYWdlbnQiOiJUaWNrZXRpbmctV2ViQXBwIn19.k7Hn6D2QnHO_0Ywr3aQ1QAptqlt2MQdJpsksbASlcPI
Connection: close
Request body:

========================================
2018-08-07 15:20:41 
::1 POST /tourism/public-api/v1/users/token HTTP/1.1
HTTP headers:
Host: localhost
Content-Length: 25
User-Agent: Ticketing-WebApp
Connection: close
Content-Type: application/x-www-form-urlencoded
Request body:
username=ade&password=ade
========================================
2018-08-07 15:20:42 
::1 GET /tourism/public-api/v1/users/1 HTTP/1.1
HTTP headers:
Host: localhost
User-Agent: Ticketing-WebApp
Authorization: Bearer eyJ0eXAiOiJKV1QiLCJhbGciOiJIUzI1NiJ9.eyJpYXQiOjE1MzM2MzAwNDEsImp0aSI6IlMyUWRlWTdkM2pnNGlGbk44d2laaUFMck51SnZTXC9JY0R2Q0JuN0MyblFzPSIsImlzcyI6Ijo6MSIsIm5iZiI6MTUzMzYzMDA0MSwiZXhwIjoxNTMzNjMxODQxLCJkYXRhIjp7InVzZXJuYW1lIjoiYWRlIiwicGFzc3dvcmQiOiJiNzAxNjZkMjM1OWU1NWZmMzQ4NGY1ZDcwMjBjNzBkODZkODkwNzk2IiwiaXAiOiI6OjEiLCJ1c2VyX2FnZW50IjoiVGlja2V0aW5nLVdlYkFwcCJ9fQ.c2sH1BZG9Sr6E9PuoAR_gPg-HZZbnQ0CQLAzJ5r8OjY
Connection: close
Request body:

========================================
2018-08-07 15:23:03 
::1 POST /tourism/public-api/v1/users/token HTTP/1.1
HTTP headers:
Host: localhost
Content-Length: 25
User-Agent: Ticketing-WebApp
Connection: close
Content-Type: application/x-www-form-urlencoded
Request body:
username=ade&password=ade
========================================
2018-08-07 15:23:04 
::1 GET /tourism/public-api/v1/users/1 HTTP/1.1
HTTP headers:
Host: localhost
User-Agent: Ticketing-WebApp
Authorization: Bearer eyJ0eXAiOiJKV1QiLCJhbGciOiJIUzI1NiJ9.eyJpYXQiOjE1MzM2MzAxODMsImp0aSI6ImcyM3hvQTJSeDlXXC9tb1FoVTlZZGt6VmxscjBZUUw4clhYSDFkU1Vnd0dRPSIsImlzcyI6Ijo6MSIsIm5iZiI6MTUzMzYzMDE4MywiZXhwIjoxNTMzNjMxOTgzLCJkYXRhIjp7InVzZXJuYW1lIjoiYWRlIiwicGFzc3dvcmQiOiJiNzAxNjZkMjM1OWU1NWZmMzQ4NGY1ZDcwMjBjNzBkODZkODkwNzk2IiwiaXAiOiI6OjEiLCJ1c2VyX2FnZW50IjoiVGlja2V0aW5nLVdlYkFwcCJ9fQ.1YQRAzEsGrwPNynFM6Ugz_98tYOl7ek5TXCz8f08dLY
Connection: close
Request body:

========================================
2018-08-07 16:26:21 
::1 POST /tourism/public-api/v1/users/token HTTP/1.1
HTTP headers:
Host: localhost
Content-Length: 25
User-Agent: Ticketing-WebApp
Connection: close
Content-Type: application/x-www-form-urlencoded
Request body:
username=ade&password=ade
========================================
2018-08-07 16:26:23 
::1 GET /tourism/public-api/v1/users/1 HTTP/1.1
HTTP headers:
Host: localhost
User-Agent: Ticketing-WebApp
Authorization: Bearer eyJ0eXAiOiJKV1QiLCJhbGciOiJIUzI1NiJ9.eyJpYXQiOjE1MzM2MzM5ODIsImp0aSI6ImdOalBQTnd4VUFBaEhqeDM0QVEraXh3VUd5SjBTUVJUY1JkbWJtVTk5OFk9IiwiaXNzIjoiOjoxIiwibmJmIjoxNTMzNjMzOTgyLCJleHAiOjE1MzM2MzU3ODIsImRhdGEiOnsidXNlcm5hbWUiOiJhZGUiLCJwYXNzd29yZCI6ImI3MDE2NmQyMzU5ZTU1ZmYzNDg0ZjVkNzAyMGM3MGQ4NmQ4OTA3OTYiLCJpcCI6Ijo6MSIsInVzZXJfYWdlbnQiOiJUaWNrZXRpbmctV2ViQXBwIn19.FEtMYrM6O9C5GhlNOYSgqoZuvWLcas5E7SBUMBhjdFY
Connection: close
Request body:

========================================
2018-08-07 16:26:32 
::1 GET /tourism/public-api/v1/destination_accounts/active HTTP/1.1
HTTP headers:
Host: localhost
User-Agent: Ticketing-WebApp
Authorization: Bearer eyJ0eXAiOiJKV1QiLCJhbGciOiJIUzI1NiJ9.eyJpYXQiOjE1MzM2MzM5ODIsImp0aSI6ImdOalBQTnd4VUFBaEhqeDM0QVEraXh3VUd5SjBTUVJUY1JkbWJtVTk5OFk9IiwiaXNzIjoiOjoxIiwibmJmIjoxNTMzNjMzOTgyLCJleHAiOjE1MzM2MzU3ODIsImRhdGEiOnsidXNlcm5hbWUiOiJhZGUiLCJwYXNzd29yZCI6ImI3MDE2NmQyMzU5ZTU1ZmYzNDg0ZjVkNzAyMGM3MGQ4NmQ4OTA3OTYiLCJpcCI6Ijo6MSIsInVzZXJfYWdlbnQiOiJUaWNrZXRpbmctV2ViQXBwIn19.FEtMYrM6O9C5GhlNOYSgqoZuvWLcas5E7SBUMBhjdFY
Connection: close
Request body:

========================================
2018-08-07 16:27:57 
::1 GET /tourism/public-api/v1/destination_accounts/active HTTP/1.1
HTTP headers:
Host: localhost
User-Agent: Ticketing-WebApp
Authorization: Bearer eyJ0eXAiOiJKV1QiLCJhbGciOiJIUzI1NiJ9.eyJpYXQiOjE1MzM2MzM5ODIsImp0aSI6ImdOalBQTnd4VUFBaEhqeDM0QVEraXh3VUd5SjBTUVJUY1JkbWJtVTk5OFk9IiwiaXNzIjoiOjoxIiwibmJmIjoxNTMzNjMzOTgyLCJleHAiOjE1MzM2MzU3ODIsImRhdGEiOnsidXNlcm5hbWUiOiJhZGUiLCJwYXNzd29yZCI6ImI3MDE2NmQyMzU5ZTU1ZmYzNDg0ZjVkNzAyMGM3MGQ4NmQ4OTA3OTYiLCJpcCI6Ijo6MSIsInVzZXJfYWdlbnQiOiJUaWNrZXRpbmctV2ViQXBwIn19.FEtMYrM6O9C5GhlNOYSgqoZuvWLcas5E7SBUMBhjdFY
Connection: close
Request body:

========================================
2018-08-07 16:36:13 
::1 GET /tourism/public-api/v1/destination_accounts/active HTTP/1.1
HTTP headers:
Host: localhost
User-Agent: Ticketing-WebApp
Authorization: Bearer eyJ0eXAiOiJKV1QiLCJhbGciOiJIUzI1NiJ9.eyJpYXQiOjE1MzM2MzM5ODIsImp0aSI6ImdOalBQTnd4VUFBaEhqeDM0QVEraXh3VUd5SjBTUVJUY1JkbWJtVTk5OFk9IiwiaXNzIjoiOjoxIiwibmJmIjoxNTMzNjMzOTgyLCJleHAiOjE1MzM2MzU3ODIsImRhdGEiOnsidXNlcm5hbWUiOiJhZGUiLCJwYXNzd29yZCI6ImI3MDE2NmQyMzU5ZTU1ZmYzNDg0ZjVkNzAyMGM3MGQ4NmQ4OTA3OTYiLCJpcCI6Ijo6MSIsInVzZXJfYWdlbnQiOiJUaWNrZXRpbmctV2ViQXBwIn19.FEtMYrM6O9C5GhlNOYSgqoZuvWLcas5E7SBUMBhjdFY
Connection: close
Request body:

========================================
2018-08-07 16:36:31 
::1 GET /tourism/public-api/v1/destination_accounts/active HTTP/1.1
HTTP headers:
Host: localhost
User-Agent: Ticketing-WebApp
Authorization: Bearer eyJ0eXAiOiJKV1QiLCJhbGciOiJIUzI1NiJ9.eyJpYXQiOjE1MzM2MzM5ODIsImp0aSI6ImdOalBQTnd4VUFBaEhqeDM0QVEraXh3VUd5SjBTUVJUY1JkbWJtVTk5OFk9IiwiaXNzIjoiOjoxIiwibmJmIjoxNTMzNjMzOTgyLCJleHAiOjE1MzM2MzU3ODIsImRhdGEiOnsidXNlcm5hbWUiOiJhZGUiLCJwYXNzd29yZCI6ImI3MDE2NmQyMzU5ZTU1ZmYzNDg0ZjVkNzAyMGM3MGQ4NmQ4OTA3OTYiLCJpcCI6Ijo6MSIsInVzZXJfYWdlbnQiOiJUaWNrZXRpbmctV2ViQXBwIn19.FEtMYrM6O9C5GhlNOYSgqoZuvWLcas5E7SBUMBhjdFY
Connection: close
Request body:

========================================
2018-08-07 16:37:24 
::1 GET /tourism/public-api/v1/destination_accounts/active HTTP/1.1
HTTP headers:
Host: localhost
User-Agent: Ticketing-WebApp
Authorization: Bearer eyJ0eXAiOiJKV1QiLCJhbGciOiJIUzI1NiJ9.eyJpYXQiOjE1MzM2MzM5ODIsImp0aSI6ImdOalBQTnd4VUFBaEhqeDM0QVEraXh3VUd5SjBTUVJUY1JkbWJtVTk5OFk9IiwiaXNzIjoiOjoxIiwibmJmIjoxNTMzNjMzOTgyLCJleHAiOjE1MzM2MzU3ODIsImRhdGEiOnsidXNlcm5hbWUiOiJhZGUiLCJwYXNzd29yZCI6ImI3MDE2NmQyMzU5ZTU1ZmYzNDg0ZjVkNzAyMGM3MGQ4NmQ4OTA3OTYiLCJpcCI6Ijo6MSIsInVzZXJfYWdlbnQiOiJUaWNrZXRpbmctV2ViQXBwIn19.FEtMYrM6O9C5GhlNOYSgqoZuvWLcas5E7SBUMBhjdFY
Connection: close
Request body:

========================================
2018-08-07 16:53:17 
::1 GET /tourism/public-api/v1/destination_accounts/active HTTP/1.1
HTTP headers:
Host: localhost
User-Agent: Ticketing-WebApp
Authorization: Bearer eyJ0eXAiOiJKV1QiLCJhbGciOiJIUzI1NiJ9.eyJpYXQiOjE1MzM2MzM5ODIsImp0aSI6ImdOalBQTnd4VUFBaEhqeDM0QVEraXh3VUd5SjBTUVJUY1JkbWJtVTk5OFk9IiwiaXNzIjoiOjoxIiwibmJmIjoxNTMzNjMzOTgyLCJleHAiOjE1MzM2MzU3ODIsImRhdGEiOnsidXNlcm5hbWUiOiJhZGUiLCJwYXNzd29yZCI6ImI3MDE2NmQyMzU5ZTU1ZmYzNDg0ZjVkNzAyMGM3MGQ4NmQ4OTA3OTYiLCJpcCI6Ijo6MSIsInVzZXJfYWdlbnQiOiJUaWNrZXRpbmctV2ViQXBwIn19.FEtMYrM6O9C5GhlNOYSgqoZuvWLcas5E7SBUMBhjdFY
Connection: close
Request body:

========================================
2018-08-07 17:20:03 
::1 POST /tourism/public-api/v1/users/token HTTP/1.1
HTTP headers:
Host: localhost
Content-Length: 25
User-Agent: Ticketing-WebApp
Connection: close
Content-Type: application/x-www-form-urlencoded
Request body:
username=ade&password=ade
========================================
2018-08-07 17:20:04 
::1 GET /tourism/public-api/v1/users/1 HTTP/1.1
HTTP headers:
Host: localhost
User-Agent: Ticketing-WebApp
Authorization: Bearer eyJ0eXAiOiJKV1QiLCJhbGciOiJIUzI1NiJ9.eyJpYXQiOjE1MzM2MzcyMDMsImp0aSI6ImlZdFRkRWtGUVVvcitnT21Cb1lHWjN6Um16QjM2NFBqRytFTExVSkc3bE09IiwiaXNzIjoiOjoxIiwibmJmIjoxNTMzNjM3MjAzLCJleHAiOjE1MzM2MzkwMDMsImRhdGEiOnsidXNlcm5hbWUiOiJhZGUiLCJwYXNzd29yZCI6ImI3MDE2NmQyMzU5ZTU1ZmYzNDg0ZjVkNzAyMGM3MGQ4NmQ4OTA3OTYiLCJpcCI6Ijo6MSIsInVzZXJfYWdlbnQiOiJUaWNrZXRpbmctV2ViQXBwIn19.GsbqtC-fXae7cltTDOSzmsmcx6a1IusoAm6x4BoFjUY
Connection: close
Request body:

========================================
2018-08-07 17:20:19 
::1 GET /tourism/public-api/v1/destination_accounts/active HTTP/1.1
HTTP headers:
Host: localhost
User-Agent: Ticketing-WebApp
Authorization: Bearer eyJ0eXAiOiJKV1QiLCJhbGciOiJIUzI1NiJ9.eyJpYXQiOjE1MzM2MzcyMDMsImp0aSI6ImlZdFRkRWtGUVVvcitnT21Cb1lHWjN6Um16QjM2NFBqRytFTExVSkc3bE09IiwiaXNzIjoiOjoxIiwibmJmIjoxNTMzNjM3MjAzLCJleHAiOjE1MzM2MzkwMDMsImRhdGEiOnsidXNlcm5hbWUiOiJhZGUiLCJwYXNzd29yZCI6ImI3MDE2NmQyMzU5ZTU1ZmYzNDg0ZjVkNzAyMGM3MGQ4NmQ4OTA3OTYiLCJpcCI6Ijo6MSIsInVzZXJfYWdlbnQiOiJUaWNrZXRpbmctV2ViQXBwIn19.GsbqtC-fXae7cltTDOSzmsmcx6a1IusoAm6x4BoFjUY
Connection: close
Request body:

========================================
2018-08-07 17:22:20 
::1 GET /tourism/public-api/v1/destination_accounts/active HTTP/1.1
HTTP headers:
Host: localhost
User-Agent: Ticketing-WebApp
Authorization: Bearer eyJ0eXAiOiJKV1QiLCJhbGciOiJIUzI1NiJ9.eyJpYXQiOjE1MzM2MzcyMDMsImp0aSI6ImlZdFRkRWtGUVVvcitnT21Cb1lHWjN6Um16QjM2NFBqRytFTExVSkc3bE09IiwiaXNzIjoiOjoxIiwibmJmIjoxNTMzNjM3MjAzLCJleHAiOjE1MzM2MzkwMDMsImRhdGEiOnsidXNlcm5hbWUiOiJhZGUiLCJwYXNzd29yZCI6ImI3MDE2NmQyMzU5ZTU1ZmYzNDg0ZjVkNzAyMGM3MGQ4NmQ4OTA3OTYiLCJpcCI6Ijo6MSIsInVzZXJfYWdlbnQiOiJUaWNrZXRpbmctV2ViQXBwIn19.GsbqtC-fXae7cltTDOSzmsmcx6a1IusoAm6x4BoFjUY
Connection: close
Request body:

========================================
2018-08-07 17:24:38 
::1 GET /tourism/public-api/v1/destination_accounts/active HTTP/1.1
HTTP headers:
Host: localhost
User-Agent: Ticketing-WebApp
Authorization: Bearer eyJ0eXAiOiJKV1QiLCJhbGciOiJIUzI1NiJ9.eyJpYXQiOjE1MzM2MzcyMDMsImp0aSI6ImlZdFRkRWtGUVVvcitnT21Cb1lHWjN6Um16QjM2NFBqRytFTExVSkc3bE09IiwiaXNzIjoiOjoxIiwibmJmIjoxNTMzNjM3MjAzLCJleHAiOjE1MzM2MzkwMDMsImRhdGEiOnsidXNlcm5hbWUiOiJhZGUiLCJwYXNzd29yZCI6ImI3MDE2NmQyMzU5ZTU1ZmYzNDg0ZjVkNzAyMGM3MGQ4NmQ4OTA3OTYiLCJpcCI6Ijo6MSIsInVzZXJfYWdlbnQiOiJUaWNrZXRpbmctV2ViQXBwIn19.GsbqtC-fXae7cltTDOSzmsmcx6a1IusoAm6x4BoFjUY
Connection: close
Request body:

========================================
2018-08-07 17:24:42 
::1 GET /tourism/public-api/v1/destination_accounts/1 HTTP/1.1
HTTP headers:
Host: localhost
User-Agent: Ticketing-WebApp
Authorization: Bearer eyJ0eXAiOiJKV1QiLCJhbGciOiJIUzI1NiJ9.eyJpYXQiOjE1MzM2MzcyMDMsImp0aSI6ImlZdFRkRWtGUVVvcitnT21Cb1lHWjN6Um16QjM2NFBqRytFTExVSkc3bE09IiwiaXNzIjoiOjoxIiwibmJmIjoxNTMzNjM3MjAzLCJleHAiOjE1MzM2MzkwMDMsImRhdGEiOnsidXNlcm5hbWUiOiJhZGUiLCJwYXNzd29yZCI6ImI3MDE2NmQyMzU5ZTU1ZmYzNDg0ZjVkNzAyMGM3MGQ4NmQ4OTA3OTYiLCJpcCI6Ijo6MSIsInVzZXJfYWdlbnQiOiJUaWNrZXRpbmctV2ViQXBwIn19.GsbqtC-fXae7cltTDOSzmsmcx6a1IusoAm6x4BoFjUY
Connection: close
Request body:

========================================
2018-08-07 18:41:29 
::1 POST /tourism/public-api/v1/users/token HTTP/1.1
HTTP headers:
Host: localhost
Content-Length: 25
User-Agent: Ticketing-WebApp
Connection: close
Content-Type: application/x-www-form-urlencoded
Request body:
username=ade&password=ade
========================================
2018-08-07 18:41:31 
::1 GET /tourism/public-api/v1/users/1 HTTP/1.1
HTTP headers:
Host: localhost
User-Agent: Ticketing-WebApp
Authorization: Bearer eyJ0eXAiOiJKV1QiLCJhbGciOiJIUzI1NiJ9.eyJpYXQiOjE1MzM2NDIwOTAsImp0aSI6InYwaDRuZDV2QXQ3TlNYSDdMRXZ6aXJwWDVnbzZCK2JBZGhaUEdFRXZQeWM9IiwiaXNzIjoiOjoxIiwibmJmIjoxNTMzNjQyMDkwLCJleHAiOjE1MzM2NDM4OTAsImRhdGEiOnsidXNlcm5hbWUiOiJhZGUiLCJwYXNzd29yZCI6ImI3MDE2NmQyMzU5ZTU1ZmYzNDg0ZjVkNzAyMGM3MGQ4NmQ4OTA3OTYiLCJpcCI6Ijo6MSIsInVzZXJfYWdlbnQiOiJUaWNrZXRpbmctV2ViQXBwIn19.VfJEeVKiJFTkqI05R8qh0xIRr77fXIsQQbEesdlDQks
Connection: close
Request body:

========================================
2018-08-07 18:41:43 
::1 GET /tourism/public-api/v1/destination_accounts/active HTTP/1.1
HTTP headers:
Host: localhost
User-Agent: Ticketing-WebApp
Authorization: Bearer eyJ0eXAiOiJKV1QiLCJhbGciOiJIUzI1NiJ9.eyJpYXQiOjE1MzM2NDIwOTAsImp0aSI6InYwaDRuZDV2QXQ3TlNYSDdMRXZ6aXJwWDVnbzZCK2JBZGhaUEdFRXZQeWM9IiwiaXNzIjoiOjoxIiwibmJmIjoxNTMzNjQyMDkwLCJleHAiOjE1MzM2NDM4OTAsImRhdGEiOnsidXNlcm5hbWUiOiJhZGUiLCJwYXNzd29yZCI6ImI3MDE2NmQyMzU5ZTU1ZmYzNDg0ZjVkNzAyMGM3MGQ4NmQ4OTA3OTYiLCJpcCI6Ijo6MSIsInVzZXJfYWdlbnQiOiJUaWNrZXRpbmctV2ViQXBwIn19.VfJEeVKiJFTkqI05R8qh0xIRr77fXIsQQbEesdlDQks
Connection: close
Request body:

========================================
2018-08-07 18:46:04 
::1 GET /tourism/public-api/v1/destination_accounts/2 HTTP/1.1
HTTP headers:
Host: localhost
User-Agent: Ticketing-WebApp
Authorization: Bearer eyJ0eXAiOiJKV1QiLCJhbGciOiJIUzI1NiJ9.eyJpYXQiOjE1MzM2NDIwOTAsImp0aSI6InYwaDRuZDV2QXQ3TlNYSDdMRXZ6aXJwWDVnbzZCK2JBZGhaUEdFRXZQeWM9IiwiaXNzIjoiOjoxIiwibmJmIjoxNTMzNjQyMDkwLCJleHAiOjE1MzM2NDM4OTAsImRhdGEiOnsidXNlcm5hbWUiOiJhZGUiLCJwYXNzd29yZCI6ImI3MDE2NmQyMzU5ZTU1ZmYzNDg0ZjVkNzAyMGM3MGQ4NmQ4OTA3OTYiLCJpcCI6Ijo6MSIsInVzZXJfYWdlbnQiOiJUaWNrZXRpbmctV2ViQXBwIn19.VfJEeVKiJFTkqI05R8qh0xIRr77fXIsQQbEesdlDQks
Connection: close
Request body:

========================================
2018-08-07 18:51:12 
::1 GET /tourism/public-api/v1/destination_accounts/active HTTP/1.1
HTTP headers:
Host: localhost
User-Agent: Ticketing-WebApp
Authorization: Bearer eyJ0eXAiOiJKV1QiLCJhbGciOiJIUzI1NiJ9.eyJpYXQiOjE1MzM2NDIwOTAsImp0aSI6InYwaDRuZDV2QXQ3TlNYSDdMRXZ6aXJwWDVnbzZCK2JBZGhaUEdFRXZQeWM9IiwiaXNzIjoiOjoxIiwibmJmIjoxNTMzNjQyMDkwLCJleHAiOjE1MzM2NDM4OTAsImRhdGEiOnsidXNlcm5hbWUiOiJhZGUiLCJwYXNzd29yZCI6ImI3MDE2NmQyMzU5ZTU1ZmYzNDg0ZjVkNzAyMGM3MGQ4NmQ4OTA3OTYiLCJpcCI6Ijo6MSIsInVzZXJfYWdlbnQiOiJUaWNrZXRpbmctV2ViQXBwIn19.VfJEeVKiJFTkqI05R8qh0xIRr77fXIsQQbEesdlDQks
Connection: close
Request body:

========================================
2018-08-07 18:51:55 
::1 GET /tourism/public-api/v1/destination_accounts/1 HTTP/1.1
HTTP headers:
Host: localhost
User-Agent: Ticketing-WebApp
Authorization: Bearer eyJ0eXAiOiJKV1QiLCJhbGciOiJIUzI1NiJ9.eyJpYXQiOjE1MzM2NDIwOTAsImp0aSI6InYwaDRuZDV2QXQ3TlNYSDdMRXZ6aXJwWDVnbzZCK2JBZGhaUEdFRXZQeWM9IiwiaXNzIjoiOjoxIiwibmJmIjoxNTMzNjQyMDkwLCJleHAiOjE1MzM2NDM4OTAsImRhdGEiOnsidXNlcm5hbWUiOiJhZGUiLCJwYXNzd29yZCI6ImI3MDE2NmQyMzU5ZTU1ZmYzNDg0ZjVkNzAyMGM3MGQ4NmQ4OTA3OTYiLCJpcCI6Ijo6MSIsInVzZXJfYWdlbnQiOiJUaWNrZXRpbmctV2ViQXBwIn19.VfJEeVKiJFTkqI05R8qh0xIRr77fXIsQQbEesdlDQks
Connection: close
Request body:

========================================
2018-08-07 18:53:44 
::1 GET /tourism/public-api/v1/destination_accounts/active HTTP/1.1
HTTP headers:
Host: localhost
User-Agent: Ticketing-WebApp
Authorization: Bearer eyJ0eXAiOiJKV1QiLCJhbGciOiJIUzI1NiJ9.eyJpYXQiOjE1MzM2NDIwOTAsImp0aSI6InYwaDRuZDV2QXQ3TlNYSDdMRXZ6aXJwWDVnbzZCK2JBZGhaUEdFRXZQeWM9IiwiaXNzIjoiOjoxIiwibmJmIjoxNTMzNjQyMDkwLCJleHAiOjE1MzM2NDM4OTAsImRhdGEiOnsidXNlcm5hbWUiOiJhZGUiLCJwYXNzd29yZCI6ImI3MDE2NmQyMzU5ZTU1ZmYzNDg0ZjVkNzAyMGM3MGQ4NmQ4OTA3OTYiLCJpcCI6Ijo6MSIsInVzZXJfYWdlbnQiOiJUaWNrZXRpbmctV2ViQXBwIn19.VfJEeVKiJFTkqI05R8qh0xIRr77fXIsQQbEesdlDQks
Connection: close
Request body:

========================================
2018-08-07 18:53:54 
::1 GET /tourism/public-api/v1/destination_accounts/1 HTTP/1.1
HTTP headers:
Host: localhost
User-Agent: Ticketing-WebApp
Authorization: Bearer eyJ0eXAiOiJKV1QiLCJhbGciOiJIUzI1NiJ9.eyJpYXQiOjE1MzM2NDIwOTAsImp0aSI6InYwaDRuZDV2QXQ3TlNYSDdMRXZ6aXJwWDVnbzZCK2JBZGhaUEdFRXZQeWM9IiwiaXNzIjoiOjoxIiwibmJmIjoxNTMzNjQyMDkwLCJleHAiOjE1MzM2NDM4OTAsImRhdGEiOnsidXNlcm5hbWUiOiJhZGUiLCJwYXNzd29yZCI6ImI3MDE2NmQyMzU5ZTU1ZmYzNDg0ZjVkNzAyMGM3MGQ4NmQ4OTA3OTYiLCJpcCI6Ijo6MSIsInVzZXJfYWdlbnQiOiJUaWNrZXRpbmctV2ViQXBwIn19.VfJEeVKiJFTkqI05R8qh0xIRr77fXIsQQbEesdlDQks
Connection: close
Request body:

========================================
2018-08-07 18:55:20 
::1 GET /tourism/public-api/v1/destination_accounts/2 HTTP/1.1
HTTP headers:
Host: localhost
User-Agent: Ticketing-WebApp
Authorization: Bearer eyJ0eXAiOiJKV1QiLCJhbGciOiJIUzI1NiJ9.eyJpYXQiOjE1MzM2NDIwOTAsImp0aSI6InYwaDRuZDV2QXQ3TlNYSDdMRXZ6aXJwWDVnbzZCK2JBZGhaUEdFRXZQeWM9IiwiaXNzIjoiOjoxIiwibmJmIjoxNTMzNjQyMDkwLCJleHAiOjE1MzM2NDM4OTAsImRhdGEiOnsidXNlcm5hbWUiOiJhZGUiLCJwYXNzd29yZCI6ImI3MDE2NmQyMzU5ZTU1ZmYzNDg0ZjVkNzAyMGM3MGQ4NmQ4OTA3OTYiLCJpcCI6Ijo6MSIsInVzZXJfYWdlbnQiOiJUaWNrZXRpbmctV2ViQXBwIn19.VfJEeVKiJFTkqI05R8qh0xIRr77fXIsQQbEesdlDQks
Connection: close
Request body:

========================================
2018-08-07 19:08:44 
::1 GET /tourism/public-api/v1/destination_accounts/active HTTP/1.1
HTTP headers:
Host: localhost
User-Agent: Ticketing-WebApp
Authorization: Bearer eyJ0eXAiOiJKV1QiLCJhbGciOiJIUzI1NiJ9.eyJpYXQiOjE1MzM2NDIwOTAsImp0aSI6InYwaDRuZDV2QXQ3TlNYSDdMRXZ6aXJwWDVnbzZCK2JBZGhaUEdFRXZQeWM9IiwiaXNzIjoiOjoxIiwibmJmIjoxNTMzNjQyMDkwLCJleHAiOjE1MzM2NDM4OTAsImRhdGEiOnsidXNlcm5hbWUiOiJhZGUiLCJwYXNzd29yZCI6ImI3MDE2NmQyMzU5ZTU1ZmYzNDg0ZjVkNzAyMGM3MGQ4NmQ4OTA3OTYiLCJpcCI6Ijo6MSIsInVzZXJfYWdlbnQiOiJUaWNrZXRpbmctV2ViQXBwIn19.VfJEeVKiJFTkqI05R8qh0xIRr77fXIsQQbEesdlDQks
Connection: close
Request body:

========================================
