2019-04-27 15:14:01 
::1 POST /tourism/public-api/v1/users/token HTTP/1.1
HTTP headers:
Host: localhost
Content-Length: 25
User-Agent: Ticketing-WebApp
Connection: close
Content-Type: application/x-www-form-urlencoded
Request body:
username=ade&password=ade
========================================
2019-04-27 15:14:02 
::1 GET /tourism/public-api/v1/users/1 HTTP/1.1
HTTP headers:
Host: localhost
User-Agent: Ticketing-WebApp
Authorization: Bearer eyJ0eXAiOiJKV1QiLCJhbGciOiJIUzI1NiJ9.eyJpYXQiOjE1NTYzNTI4NDEsImp0aSI6Ikg1dWt3cjhvZ2RHZ1pEZ1hoNE5jXC91YWJKRUljVjV0QTY1NXFEYm92VjhzPSIsImlzcyI6Ijo6MSIsIm5iZiI6MTU1NjM1Mjg0MSwiZXhwIjoxNTU2MzU0NjQxLCJkYXRhIjp7InVzZXJuYW1lIjoiYWRlIiwicGFzc3dvcmQiOiJiNzAxNjZkMjM1OWU1NWZmMzQ4NGY1ZDcwMjBjNzBkODZkODkwNzk2IiwiaXAiOiI6OjEiLCJ1c2VyX2FnZW50IjoiVGlja2V0aW5nLVdlYkFwcCJ9fQ.oGp8k84J0gvhHPJj4CQaLvdQILMNMBd9G7KjtbEH620
Connection: close
Request body:

========================================
2019-04-27 15:22:57 
::1 GET /tourism/public-api/v1/users/1/tickets HTTP/1.1
HTTP headers:
Host: localhost
User-Agent: Ticketing-WebApp
Authorization: Bearer eyJ0eXAiOiJKV1QiLCJhbGciOiJIUzI1NiJ9.eyJpYXQiOjE1NTYzNTI4NDEsImp0aSI6Ikg1dWt3cjhvZ2RHZ1pEZ1hoNE5jXC91YWJKRUljVjV0QTY1NXFEYm92VjhzPSIsImlzcyI6Ijo6MSIsIm5iZiI6MTU1NjM1Mjg0MSwiZXhwIjoxNTU2MzU0NjQxLCJkYXRhIjp7InVzZXJuYW1lIjoiYWRlIiwicGFzc3dvcmQiOiJiNzAxNjZkMjM1OWU1NWZmMzQ4NGY1ZDcwMjBjNzBkODZkODkwNzk2IiwiaXAiOiI6OjEiLCJ1c2VyX2FnZW50IjoiVGlja2V0aW5nLVdlYkFwcCJ9fQ.oGp8k84J0gvhHPJj4CQaLvdQILMNMBd9G7KjtbEH620
Connection: close
Request body:

========================================
2019-04-27 15:40:20 
::1 GET /tourism/public-api/v1/users/1/tickets HTTP/1.1
HTTP headers:
Host: localhost
User-Agent: Ticketing-WebApp
Authorization: Bearer eyJ0eXAiOiJKV1QiLCJhbGciOiJIUzI1NiJ9.eyJpYXQiOjE1NTYzNTI4NDEsImp0aSI6Ikg1dWt3cjhvZ2RHZ1pEZ1hoNE5jXC91YWJKRUljVjV0QTY1NXFEYm92VjhzPSIsImlzcyI6Ijo6MSIsIm5iZiI6MTU1NjM1Mjg0MSwiZXhwIjoxNTU2MzU0NjQxLCJkYXRhIjp7InVzZXJuYW1lIjoiYWRlIiwicGFzc3dvcmQiOiJiNzAxNjZkMjM1OWU1NWZmMzQ4NGY1ZDcwMjBjNzBkODZkODkwNzk2IiwiaXAiOiI6OjEiLCJ1c2VyX2FnZW50IjoiVGlja2V0aW5nLVdlYkFwcCJ9fQ.oGp8k84J0gvhHPJj4CQaLvdQILMNMBd9G7KjtbEH620
Connection: close
Request body:

========================================
2019-04-27 15:40:28 
::1 GET /tourism/public-api/v1/users/1/tickets HTTP/1.1
HTTP headers:
Host: localhost
User-Agent: Ticketing-WebApp
Authorization: Bearer eyJ0eXAiOiJKV1QiLCJhbGciOiJIUzI1NiJ9.eyJpYXQiOjE1NTYzNTI4NDEsImp0aSI6Ikg1dWt3cjhvZ2RHZ1pEZ1hoNE5jXC91YWJKRUljVjV0QTY1NXFEYm92VjhzPSIsImlzcyI6Ijo6MSIsIm5iZiI6MTU1NjM1Mjg0MSwiZXhwIjoxNTU2MzU0NjQxLCJkYXRhIjp7InVzZXJuYW1lIjoiYWRlIiwicGFzc3dvcmQiOiJiNzAxNjZkMjM1OWU1NWZmMzQ4NGY1ZDcwMjBjNzBkODZkODkwNzk2IiwiaXAiOiI6OjEiLCJ1c2VyX2FnZW50IjoiVGlja2V0aW5nLVdlYkFwcCJ9fQ.oGp8k84J0gvhHPJj4CQaLvdQILMNMBd9G7KjtbEH620
Connection: close
Request body:

========================================
