2018-05-22 14:30:15 
::1 POST /synergix-takaful/public-api/v1/users/token HTTP/1.1
HTTP headers:
Host: localhost
Content-Length: 33
User-Agent: Ticketing-WebApp
Connection: close
Content-Type: application/x-www-form-urlencoded
Request body:
username=cutliza&password=cutliza
========================================
2018-05-22 14:30:29 
::1 POST /synergix-takaful/public-api/v1/users/token HTTP/1.1
HTTP headers:
Host: localhost
Content-Length: 10
User-Agent: Ticketing-WebApp
Connection: close
Content-Type: application/x-www-form-urlencoded
Request body:
password=0
========================================
2018-05-22 14:30:29 
::1 POST /synergix-takaful/public-api/v1/users/token HTTP/1.1
HTTP headers:
Host: localhost
Content-Length: 33
User-Agent: Ticketing-WebApp
Connection: close
Content-Type: application/x-www-form-urlencoded
Request body:
username=cutliza&password=cutliza
========================================
2018-05-22 14:30:43 
::1 POST /synergix-takaful/public-api/v1/users/token HTTP/1.1
HTTP headers:
Host: localhost
Content-Length: 35
User-Agent: Ticketing-WebApp
Connection: close
Content-Type: application/x-www-form-urlencoded
Request body:
username=bs_admin&password=bs_admin
========================================
2018-05-22 14:30:45 
::1 GET /synergix-takaful/public-api/v1/users/85 HTTP/1.1
HTTP headers:
Host: localhost
User-Agent: Ticketing-WebApp
Authorization: Bearer eyJ0eXAiOiJKV1QiLCJhbGciOiJIUzI1NiJ9.eyJpYXQiOjE1MjY5NzQyNDMsImp0aSI6Ijdobkg5SlFLN3pHNlwvMmdTOWlkcXZLRHNYSnpvbkUrUEVlUzNLb05LR1owPSIsImlzcyI6Ijo6MSIsIm5iZiI6MTUyNjk3NDI0MywiZXhwIjoxNTI2OTc2MDQzLCJkYXRhIjp7InVzZXJuYW1lIjoiYnNfYWRtaW4iLCJwYXNzd29yZCI6IjJlNGY2M2M5MDg2MWE3MTE1NWQ5NzNkMzA4MmQyZGQ4MGJkMDUwMmYiLCJpcCI6Ijo6MSIsInVzZXJfYWdlbnQiOiJUaWNrZXRpbmctV2ViQXBwIn19.-e-u1XTGkP9cgZ3oyVB92vpeDLTPkDQ1nhH111EsAJs
Connection: close
Request body:

========================================
2018-05-22 14:30:48 
::1 GET /synergix-takaful/public-api/v1/user_level_modules/active?code=TICKET&user_level_id=7&order=code&limit=100 HTTP/1.1
HTTP headers:
Host: localhost
User-Agent: Ticketing-WebApp
Authorization: Bearer eyJ0eXAiOiJKV1QiLCJhbGciOiJIUzI1NiJ9.eyJpYXQiOjE1MjY5NzQyNDMsImp0aSI6Ijdobkg5SlFLN3pHNlwvMmdTOWlkcXZLRHNYSnpvbkUrUEVlUzNLb05LR1owPSIsImlzcyI6Ijo6MSIsIm5iZiI6MTUyNjk3NDI0MywiZXhwIjoxNTI2OTc2MDQzLCJkYXRhIjp7InVzZXJuYW1lIjoiYnNfYWRtaW4iLCJwYXNzd29yZCI6IjJlNGY2M2M5MDg2MWE3MTE1NWQ5NzNkMzA4MmQyZGQ4MGJkMDUwMmYiLCJpcCI6Ijo6MSIsInVzZXJfYWdlbnQiOiJUaWNrZXRpbmctV2ViQXBwIn19.-e-u1XTGkP9cgZ3oyVB92vpeDLTPkDQ1nhH111EsAJs
Connection: close
Request body:

========================================
2018-05-22 14:30:48 
::1 GET /synergix-takaful/public-api/v1/ticket_statistics HTTP/1.1
HTTP headers:
Host: localhost
User-Agent: Ticketing-WebApp
Authorization: Bearer eyJ0eXAiOiJKV1QiLCJhbGciOiJIUzI1NiJ9.eyJpYXQiOjE1MjY5NzQyNDMsImp0aSI6Ijdobkg5SlFLN3pHNlwvMmdTOWlkcXZLRHNYSnpvbkUrUEVlUzNLb05LR1owPSIsImlzcyI6Ijo6MSIsIm5iZiI6MTUyNjk3NDI0MywiZXhwIjoxNTI2OTc2MDQzLCJkYXRhIjp7InVzZXJuYW1lIjoiYnNfYWRtaW4iLCJwYXNzd29yZCI6IjJlNGY2M2M5MDg2MWE3MTE1NWQ5NzNkMzA4MmQyZGQ4MGJkMDUwMmYiLCJpcCI6Ijo6MSIsInVzZXJfYWdlbnQiOiJUaWNrZXRpbmctV2ViQXBwIn19.-e-u1XTGkP9cgZ3oyVB92vpeDLTPkDQ1nhH111EsAJs
Connection: close
Request body:

========================================
2018-05-22 14:30:48 
::1 GET /synergix-takaful/public-api/v1/ticket_statistics/departments HTTP/1.1
HTTP headers:
Host: localhost
User-Agent: Ticketing-WebApp
Authorization: Bearer eyJ0eXAiOiJKV1QiLCJhbGciOiJIUzI1NiJ9.eyJpYXQiOjE1MjY5NzQyNDMsImp0aSI6Ijdobkg5SlFLN3pHNlwvMmdTOWlkcXZLRHNYSnpvbkUrUEVlUzNLb05LR1owPSIsImlzcyI6Ijo6MSIsIm5iZiI6MTUyNjk3NDI0MywiZXhwIjoxNTI2OTc2MDQzLCJkYXRhIjp7InVzZXJuYW1lIjoiYnNfYWRtaW4iLCJwYXNzd29yZCI6IjJlNGY2M2M5MDg2MWE3MTE1NWQ5NzNkMzA4MmQyZGQ4MGJkMDUwMmYiLCJpcCI6Ijo6MSIsInVzZXJfYWdlbnQiOiJUaWNrZXRpbmctV2ViQXBwIn19.-e-u1XTGkP9cgZ3oyVB92vpeDLTPkDQ1nhH111EsAJs
Connection: close
Request body:

========================================
2018-05-22 14:30:48 
::1 GET /synergix-takaful/public-api/v1/ticket_statistics/categories HTTP/1.1
HTTP headers:
Host: localhost
User-Agent: Ticketing-WebApp
Authorization: Bearer eyJ0eXAiOiJKV1QiLCJhbGciOiJIUzI1NiJ9.eyJpYXQiOjE1MjY5NzQyNDMsImp0aSI6Ijdobkg5SlFLN3pHNlwvMmdTOWlkcXZLRHNYSnpvbkUrUEVlUzNLb05LR1owPSIsImlzcyI6Ijo6MSIsIm5iZiI6MTUyNjk3NDI0MywiZXhwIjoxNTI2OTc2MDQzLCJkYXRhIjp7InVzZXJuYW1lIjoiYnNfYWRtaW4iLCJwYXNzd29yZCI6IjJlNGY2M2M5MDg2MWE3MTE1NWQ5NzNkMzA4MmQyZGQ4MGJkMDUwMmYiLCJpcCI6Ijo6MSIsInVzZXJfYWdlbnQiOiJUaWNrZXRpbmctV2ViQXBwIn19.-e-u1XTGkP9cgZ3oyVB92vpeDLTPkDQ1nhH111EsAJs
Connection: close
Request body:

========================================
2018-05-22 14:30:48 
::1 GET /synergix-takaful/public-api/v1/ticket_statistics/subcategories HTTP/1.1
HTTP headers:
Host: localhost
User-Agent: Ticketing-WebApp
Authorization: Bearer eyJ0eXAiOiJKV1QiLCJhbGciOiJIUzI1NiJ9.eyJpYXQiOjE1MjY5NzQyNDMsImp0aSI6Ijdobkg5SlFLN3pHNlwvMmdTOWlkcXZLRHNYSnpvbkUrUEVlUzNLb05LR1owPSIsImlzcyI6Ijo6MSIsIm5iZiI6MTUyNjk3NDI0MywiZXhwIjoxNTI2OTc2MDQzLCJkYXRhIjp7InVzZXJuYW1lIjoiYnNfYWRtaW4iLCJwYXNzd29yZCI6IjJlNGY2M2M5MDg2MWE3MTE1NWQ5NzNkMzA4MmQyZGQ4MGJkMDUwMmYiLCJpcCI6Ijo6MSIsInVzZXJfYWdlbnQiOiJUaWNrZXRpbmctV2ViQXBwIn19.-e-u1XTGkP9cgZ3oyVB92vpeDLTPkDQ1nhH111EsAJs
Connection: close
Request body:

========================================
2018-05-22 14:30:55 
::1 GET /synergix-takaful/public-api/v1/ticket_statistics HTTP/1.1
HTTP headers:
Host: localhost
User-Agent: Ticketing-WebApp
Authorization: Bearer eyJ0eXAiOiJKV1QiLCJhbGciOiJIUzI1NiJ9.eyJpYXQiOjE1MjY5NzQyNDMsImp0aSI6Ijdobkg5SlFLN3pHNlwvMmdTOWlkcXZLRHNYSnpvbkUrUEVlUzNLb05LR1owPSIsImlzcyI6Ijo6MSIsIm5iZiI6MTUyNjk3NDI0MywiZXhwIjoxNTI2OTc2MDQzLCJkYXRhIjp7InVzZXJuYW1lIjoiYnNfYWRtaW4iLCJwYXNzd29yZCI6IjJlNGY2M2M5MDg2MWE3MTE1NWQ5NzNkMzA4MmQyZGQ4MGJkMDUwMmYiLCJpcCI6Ijo6MSIsInVzZXJfYWdlbnQiOiJUaWNrZXRpbmctV2ViQXBwIn19.-e-u1XTGkP9cgZ3oyVB92vpeDLTPkDQ1nhH111EsAJs
Connection: close
Request body:

========================================
2018-05-22 14:30:55 
::1 GET /synergix-takaful/public-api/v1/ticket_statistics/departments HTTP/1.1
HTTP headers:
Host: localhost
User-Agent: Ticketing-WebApp
Authorization: Bearer eyJ0eXAiOiJKV1QiLCJhbGciOiJIUzI1NiJ9.eyJpYXQiOjE1MjY5NzQyNDMsImp0aSI6Ijdobkg5SlFLN3pHNlwvMmdTOWlkcXZLRHNYSnpvbkUrUEVlUzNLb05LR1owPSIsImlzcyI6Ijo6MSIsIm5iZiI6MTUyNjk3NDI0MywiZXhwIjoxNTI2OTc2MDQzLCJkYXRhIjp7InVzZXJuYW1lIjoiYnNfYWRtaW4iLCJwYXNzd29yZCI6IjJlNGY2M2M5MDg2MWE3MTE1NWQ5NzNkMzA4MmQyZGQ4MGJkMDUwMmYiLCJpcCI6Ijo6MSIsInVzZXJfYWdlbnQiOiJUaWNrZXRpbmctV2ViQXBwIn19.-e-u1XTGkP9cgZ3oyVB92vpeDLTPkDQ1nhH111EsAJs
Connection: close
Request body:

========================================
2018-05-22 14:30:55 
::1 GET /synergix-takaful/public-api/v1/ticket_statistics/categories HTTP/1.1
HTTP headers:
Host: localhost
User-Agent: Ticketing-WebApp
Authorization: Bearer eyJ0eXAiOiJKV1QiLCJhbGciOiJIUzI1NiJ9.eyJpYXQiOjE1MjY5NzQyNDMsImp0aSI6Ijdobkg5SlFLN3pHNlwvMmdTOWlkcXZLRHNYSnpvbkUrUEVlUzNLb05LR1owPSIsImlzcyI6Ijo6MSIsIm5iZiI6MTUyNjk3NDI0MywiZXhwIjoxNTI2OTc2MDQzLCJkYXRhIjp7InVzZXJuYW1lIjoiYnNfYWRtaW4iLCJwYXNzd29yZCI6IjJlNGY2M2M5MDg2MWE3MTE1NWQ5NzNkMzA4MmQyZGQ4MGJkMDUwMmYiLCJpcCI6Ijo6MSIsInVzZXJfYWdlbnQiOiJUaWNrZXRpbmctV2ViQXBwIn19.-e-u1XTGkP9cgZ3oyVB92vpeDLTPkDQ1nhH111EsAJs
Connection: close
Request body:

========================================
2018-05-22 14:30:55 
::1 GET /synergix-takaful/public-api/v1/ticket_statistics/subcategories HTTP/1.1
HTTP headers:
Host: localhost
User-Agent: Ticketing-WebApp
Authorization: Bearer eyJ0eXAiOiJKV1QiLCJhbGciOiJIUzI1NiJ9.eyJpYXQiOjE1MjY5NzQyNDMsImp0aSI6Ijdobkg5SlFLN3pHNlwvMmdTOWlkcXZLRHNYSnpvbkUrUEVlUzNLb05LR1owPSIsImlzcyI6Ijo6MSIsIm5iZiI6MTUyNjk3NDI0MywiZXhwIjoxNTI2OTc2MDQzLCJkYXRhIjp7InVzZXJuYW1lIjoiYnNfYWRtaW4iLCJwYXNzd29yZCI6IjJlNGY2M2M5MDg2MWE3MTE1NWQ5NzNkMzA4MmQyZGQ4MGJkMDUwMmYiLCJpcCI6Ijo6MSIsInVzZXJfYWdlbnQiOiJUaWNrZXRpbmctV2ViQXBwIn19.-e-u1XTGkP9cgZ3oyVB92vpeDLTPkDQ1nhH111EsAJs
Connection: close
Request body:

========================================
2018-05-22 17:00:24 
::1 POST /synergix-takaful/public-api/v1/users/token HTTP/1.1
HTTP headers:
Host: localhost
Content-Length: 29
User-Agent: Ticketing-WebApp
Connection: close
Content-Type: application/x-www-form-urlencoded
Request body:
username=mario&password=mario
========================================
2018-05-22 17:00:24 
::1 POST /synergix-takaful/public-api/v1/users/token HTTP/1.1
HTTP headers:
Host: localhost
Content-Length: 10
User-Agent: Ticketing-WebApp
Connection: close
Content-Type: application/x-www-form-urlencoded
Request body:
password=0
========================================
2018-05-22 17:00:24 
::1 POST /synergix-takaful/public-api/v1/users/token HTTP/1.1
HTTP headers:
Host: localhost
Content-Length: 29
User-Agent: Ticketing-WebApp
Connection: close
Content-Type: application/x-www-form-urlencoded
Request body:
username=mario&password=mario
========================================
2018-05-22 17:00:38 
::1 POST /synergix-takaful/public-api/v1/users/token HTTP/1.1
HTTP headers:
Host: localhost
Content-Length: 29
User-Agent: Ticketing-WebApp
Connection: close
Content-Type: application/x-www-form-urlencoded
Request body:
username=bs_01&password=bs_01
========================================
2018-05-22 17:00:39 
::1 GET /synergix-takaful/public-api/v1/users/84 HTTP/1.1
HTTP headers:
Host: localhost
User-Agent: Ticketing-WebApp
Authorization: Bearer eyJ0eXAiOiJKV1QiLCJhbGciOiJIUzI1NiJ9.eyJpYXQiOjE1MjY5ODMyMzgsImp0aSI6InpnRmhCM2U0ZWFLU0FEYUMwZGxDT3p1WTRsd0Urd2ZEbVJEdTdyc1dUTWM9IiwiaXNzIjoiOjoxIiwibmJmIjoxNTI2OTgzMjM4LCJleHAiOjE1MjY5ODUwMzgsImRhdGEiOnsidXNlcm5hbWUiOiJic18wMSIsInBhc3N3b3JkIjoiMTUzZWJiNGZiM2E3YzlkYzFmY2IxMTYzOTA5NWM4ZWM0NmJkYzQ5MSIsImlwIjoiOjoxIiwidXNlcl9hZ2VudCI6IlRpY2tldGluZy1XZWJBcHAifX0.VkcXYKfV8-awphRrQ0X-Rr-0ICZ9DxQH4e-ngcWhSL0
Connection: close
Request body:

========================================
2018-05-22 17:00:40 
::1 GET /synergix-takaful/public-api/v1/user_level_modules/active?code=TICKET&user_level_id=1&order=code&limit=100 HTTP/1.1
HTTP headers:
Host: localhost
User-Agent: Ticketing-WebApp
Authorization: Bearer eyJ0eXAiOiJKV1QiLCJhbGciOiJIUzI1NiJ9.eyJpYXQiOjE1MjY5ODMyMzgsImp0aSI6InpnRmhCM2U0ZWFLU0FEYUMwZGxDT3p1WTRsd0Urd2ZEbVJEdTdyc1dUTWM9IiwiaXNzIjoiOjoxIiwibmJmIjoxNTI2OTgzMjM4LCJleHAiOjE1MjY5ODUwMzgsImRhdGEiOnsidXNlcm5hbWUiOiJic18wMSIsInBhc3N3b3JkIjoiMTUzZWJiNGZiM2E3YzlkYzFmY2IxMTYzOTA5NWM4ZWM0NmJkYzQ5MSIsImlwIjoiOjoxIiwidXNlcl9hZ2VudCI6IlRpY2tldGluZy1XZWJBcHAifX0.VkcXYKfV8-awphRrQ0X-Rr-0ICZ9DxQH4e-ngcWhSL0
Connection: close
Request body:

========================================
2018-05-22 17:00:41 
::1 GET /synergix-takaful/public-api/v1/ticket_statistics HTTP/1.1
HTTP headers:
Host: localhost
User-Agent: Ticketing-WebApp
Authorization: Bearer eyJ0eXAiOiJKV1QiLCJhbGciOiJIUzI1NiJ9.eyJpYXQiOjE1MjY5ODMyMzgsImp0aSI6InpnRmhCM2U0ZWFLU0FEYUMwZGxDT3p1WTRsd0Urd2ZEbVJEdTdyc1dUTWM9IiwiaXNzIjoiOjoxIiwibmJmIjoxNTI2OTgzMjM4LCJleHAiOjE1MjY5ODUwMzgsImRhdGEiOnsidXNlcm5hbWUiOiJic18wMSIsInBhc3N3b3JkIjoiMTUzZWJiNGZiM2E3YzlkYzFmY2IxMTYzOTA5NWM4ZWM0NmJkYzQ5MSIsImlwIjoiOjoxIiwidXNlcl9hZ2VudCI6IlRpY2tldGluZy1XZWJBcHAifX0.VkcXYKfV8-awphRrQ0X-Rr-0ICZ9DxQH4e-ngcWhSL0
Connection: close
Request body:

========================================
2018-05-22 17:00:41 
::1 GET /synergix-takaful/public-api/v1/ticket_statistics/departments HTTP/1.1
HTTP headers:
Host: localhost
User-Agent: Ticketing-WebApp
Authorization: Bearer eyJ0eXAiOiJKV1QiLCJhbGciOiJIUzI1NiJ9.eyJpYXQiOjE1MjY5ODMyMzgsImp0aSI6InpnRmhCM2U0ZWFLU0FEYUMwZGxDT3p1WTRsd0Urd2ZEbVJEdTdyc1dUTWM9IiwiaXNzIjoiOjoxIiwibmJmIjoxNTI2OTgzMjM4LCJleHAiOjE1MjY5ODUwMzgsImRhdGEiOnsidXNlcm5hbWUiOiJic18wMSIsInBhc3N3b3JkIjoiMTUzZWJiNGZiM2E3YzlkYzFmY2IxMTYzOTA5NWM4ZWM0NmJkYzQ5MSIsImlwIjoiOjoxIiwidXNlcl9hZ2VudCI6IlRpY2tldGluZy1XZWJBcHAifX0.VkcXYKfV8-awphRrQ0X-Rr-0ICZ9DxQH4e-ngcWhSL0
Connection: close
Request body:

========================================
2018-05-22 17:00:41 
::1 GET /synergix-takaful/public-api/v1/ticket_statistics/categories HTTP/1.1
HTTP headers:
Host: localhost
User-Agent: Ticketing-WebApp
Authorization: Bearer eyJ0eXAiOiJKV1QiLCJhbGciOiJIUzI1NiJ9.eyJpYXQiOjE1MjY5ODMyMzgsImp0aSI6InpnRmhCM2U0ZWFLU0FEYUMwZGxDT3p1WTRsd0Urd2ZEbVJEdTdyc1dUTWM9IiwiaXNzIjoiOjoxIiwibmJmIjoxNTI2OTgzMjM4LCJleHAiOjE1MjY5ODUwMzgsImRhdGEiOnsidXNlcm5hbWUiOiJic18wMSIsInBhc3N3b3JkIjoiMTUzZWJiNGZiM2E3YzlkYzFmY2IxMTYzOTA5NWM4ZWM0NmJkYzQ5MSIsImlwIjoiOjoxIiwidXNlcl9hZ2VudCI6IlRpY2tldGluZy1XZWJBcHAifX0.VkcXYKfV8-awphRrQ0X-Rr-0ICZ9DxQH4e-ngcWhSL0
Connection: close
Request body:

========================================
2018-05-22 17:00:41 
::1 GET /synergix-takaful/public-api/v1/ticket_statistics/subcategories HTTP/1.1
HTTP headers:
Host: localhost
User-Agent: Ticketing-WebApp
Authorization: Bearer eyJ0eXAiOiJKV1QiLCJhbGciOiJIUzI1NiJ9.eyJpYXQiOjE1MjY5ODMyMzgsImp0aSI6InpnRmhCM2U0ZWFLU0FEYUMwZGxDT3p1WTRsd0Urd2ZEbVJEdTdyc1dUTWM9IiwiaXNzIjoiOjoxIiwibmJmIjoxNTI2OTgzMjM4LCJleHAiOjE1MjY5ODUwMzgsImRhdGEiOnsidXNlcm5hbWUiOiJic18wMSIsInBhc3N3b3JkIjoiMTUzZWJiNGZiM2E3YzlkYzFmY2IxMTYzOTA5NWM4ZWM0NmJkYzQ5MSIsImlwIjoiOjoxIiwidXNlcl9hZ2VudCI6IlRpY2tldGluZy1XZWJBcHAifX0.VkcXYKfV8-awphRrQ0X-Rr-0ICZ9DxQH4e-ngcWhSL0
Connection: close
Request body:

========================================
2018-05-22 17:00:45 
::1 GET /synergix-takaful/public-api/v1/ticket_types?is_active=1 HTTP/1.1
HTTP headers:
Host: localhost
User-Agent: Ticketing-WebApp
Authorization: Bearer eyJ0eXAiOiJKV1QiLCJhbGciOiJIUzI1NiJ9.eyJpYXQiOjE1MjY5ODMyMzgsImp0aSI6InpnRmhCM2U0ZWFLU0FEYUMwZGxDT3p1WTRsd0Urd2ZEbVJEdTdyc1dUTWM9IiwiaXNzIjoiOjoxIiwibmJmIjoxNTI2OTgzMjM4LCJleHAiOjE1MjY5ODUwMzgsImRhdGEiOnsidXNlcm5hbWUiOiJic18wMSIsInBhc3N3b3JkIjoiMTUzZWJiNGZiM2E3YzlkYzFmY2IxMTYzOTA5NWM4ZWM0NmJkYzQ5MSIsImlwIjoiOjoxIiwidXNlcl9hZ2VudCI6IlRpY2tldGluZy1XZWJBcHAifX0.VkcXYKfV8-awphRrQ0X-Rr-0ICZ9DxQH4e-ngcWhSL0
Connection: close
Request body:

========================================
2018-05-22 17:00:45 
::1 GET /synergix-takaful/public-api/v1/departments?is_active=1&limit=100&order=name HTTP/1.1
HTTP headers:
Host: localhost
User-Agent: Ticketing-WebApp
Authorization: Bearer eyJ0eXAiOiJKV1QiLCJhbGciOiJIUzI1NiJ9.eyJpYXQiOjE1MjY5ODMyMzgsImp0aSI6InpnRmhCM2U0ZWFLU0FEYUMwZGxDT3p1WTRsd0Urd2ZEbVJEdTdyc1dUTWM9IiwiaXNzIjoiOjoxIiwibmJmIjoxNTI2OTgzMjM4LCJleHAiOjE1MjY5ODUwMzgsImRhdGEiOnsidXNlcm5hbWUiOiJic18wMSIsInBhc3N3b3JkIjoiMTUzZWJiNGZiM2E3YzlkYzFmY2IxMTYzOTA5NWM4ZWM0NmJkYzQ5MSIsImlwIjoiOjoxIiwidXNlcl9hZ2VudCI6IlRpY2tldGluZy1XZWJBcHAifX0.VkcXYKfV8-awphRrQ0X-Rr-0ICZ9DxQH4e-ngcWhSL0
Connection: close
Request body:

========================================
2018-05-22 17:00:45 
::1 GET /synergix-takaful/public-api/v1/ticket_priorities?is_active=1&order=name HTTP/1.1
HTTP headers:
Host: localhost
User-Agent: Ticketing-WebApp
Authorization: Bearer eyJ0eXAiOiJKV1QiLCJhbGciOiJIUzI1NiJ9.eyJpYXQiOjE1MjY5ODMyMzgsImp0aSI6InpnRmhCM2U0ZWFLU0FEYUMwZGxDT3p1WTRsd0Urd2ZEbVJEdTdyc1dUTWM9IiwiaXNzIjoiOjoxIiwibmJmIjoxNTI2OTgzMjM4LCJleHAiOjE1MjY5ODUwMzgsImRhdGEiOnsidXNlcm5hbWUiOiJic18wMSIsInBhc3N3b3JkIjoiMTUzZWJiNGZiM2E3YzlkYzFmY2IxMTYzOTA5NWM4ZWM0NmJkYzQ5MSIsImlwIjoiOjoxIiwidXNlcl9hZ2VudCI6IlRpY2tldGluZy1XZWJBcHAifX0.VkcXYKfV8-awphRrQ0X-Rr-0ICZ9DxQH4e-ngcWhSL0
Connection: close
Request body:

========================================
2018-05-22 17:00:46 
::1 GET /synergix-takaful/public-api/v1/ticket_statuses/active?order=name HTTP/1.1
HTTP headers:
Host: localhost
User-Agent: Ticketing-WebApp
Authorization: Bearer eyJ0eXAiOiJKV1QiLCJhbGciOiJIUzI1NiJ9.eyJpYXQiOjE1MjY5ODMyMzgsImp0aSI6InpnRmhCM2U0ZWFLU0FEYUMwZGxDT3p1WTRsd0Urd2ZEbVJEdTdyc1dUTWM9IiwiaXNzIjoiOjoxIiwibmJmIjoxNTI2OTgzMjM4LCJleHAiOjE1MjY5ODUwMzgsImRhdGEiOnsidXNlcm5hbWUiOiJic18wMSIsInBhc3N3b3JkIjoiMTUzZWJiNGZiM2E3YzlkYzFmY2IxMTYzOTA5NWM4ZWM0NmJkYzQ5MSIsImlwIjoiOjoxIiwidXNlcl9hZ2VudCI6IlRpY2tldGluZy1XZWJBcHAifX0.VkcXYKfV8-awphRrQ0X-Rr-0ICZ9DxQH4e-ngcWhSL0
Connection: close
Request body:

========================================
2018-05-22 17:00:46 
::1 GET /synergix-takaful/public-api/v1/product_types/active?limit=50 HTTP/1.1
HTTP headers:
Host: localhost
User-Agent: Ticketing-WebApp
Authorization: Bearer eyJ0eXAiOiJKV1QiLCJhbGciOiJIUzI1NiJ9.eyJpYXQiOjE1MjY5ODMyMzgsImp0aSI6InpnRmhCM2U0ZWFLU0FEYUMwZGxDT3p1WTRsd0Urd2ZEbVJEdTdyc1dUTWM9IiwiaXNzIjoiOjoxIiwibmJmIjoxNTI2OTgzMjM4LCJleHAiOjE1MjY5ODUwMzgsImRhdGEiOnsidXNlcm5hbWUiOiJic18wMSIsInBhc3N3b3JkIjoiMTUzZWJiNGZiM2E3YzlkYzFmY2IxMTYzOTA5NWM4ZWM0NmJkYzQ5MSIsImlwIjoiOjoxIiwidXNlcl9hZ2VudCI6IlRpY2tldGluZy1XZWJBcHAifX0.VkcXYKfV8-awphRrQ0X-Rr-0ICZ9DxQH4e-ngcWhSL0
Connection: close
Request body:

========================================
2018-05-22 17:00:46 
::1 GET /synergix-takaful/public-api/v1/tickets?need_follow_up=1&ticket_status_id=4&limit=1 HTTP/1.1
HTTP headers:
Host: localhost
User-Agent: Ticketing-WebApp
Authorization: Bearer eyJ0eXAiOiJKV1QiLCJhbGciOiJIUzI1NiJ9.eyJpYXQiOjE1MjY5ODMyMzgsImp0aSI6InpnRmhCM2U0ZWFLU0FEYUMwZGxDT3p1WTRsd0Urd2ZEbVJEdTdyc1dUTWM9IiwiaXNzIjoiOjoxIiwibmJmIjoxNTI2OTgzMjM4LCJleHAiOjE1MjY5ODUwMzgsImRhdGEiOnsidXNlcm5hbWUiOiJic18wMSIsInBhc3N3b3JkIjoiMTUzZWJiNGZiM2E3YzlkYzFmY2IxMTYzOTA5NWM4ZWM0NmJkYzQ5MSIsImlwIjoiOjoxIiwidXNlcl9hZ2VudCI6IlRpY2tldGluZy1XZWJBcHAifX0.VkcXYKfV8-awphRrQ0X-Rr-0ICZ9DxQH4e-ngcWhSL0
Connection: close
Request body:

========================================
2018-05-22 17:00:47 
::1 GET /synergix-takaful/public-api/v1/tickets?limit=20&start=1526922000&end=1526922000 HTTP/1.1
HTTP headers:
Host: localhost
User-Agent: Ticketing-WebApp
Authorization: Bearer eyJ0eXAiOiJKV1QiLCJhbGciOiJIUzI1NiJ9.eyJpYXQiOjE1MjY5ODMyMzgsImp0aSI6InpnRmhCM2U0ZWFLU0FEYUMwZGxDT3p1WTRsd0Urd2ZEbVJEdTdyc1dUTWM9IiwiaXNzIjoiOjoxIiwibmJmIjoxNTI2OTgzMjM4LCJleHAiOjE1MjY5ODUwMzgsImRhdGEiOnsidXNlcm5hbWUiOiJic18wMSIsInBhc3N3b3JkIjoiMTUzZWJiNGZiM2E3YzlkYzFmY2IxMTYzOTA5NWM4ZWM0NmJkYzQ5MSIsImlwIjoiOjoxIiwidXNlcl9hZ2VudCI6IlRpY2tldGluZy1XZWJBcHAifX0.VkcXYKfV8-awphRrQ0X-Rr-0ICZ9DxQH4e-ngcWhSL0
Connection: close
Request body:

========================================
2018-05-22 17:01:00 
::1 GET /synergix-takaful/public-api/v1/tickets?need_follow_up=1&ticket_status_id=4&limit=1 HTTP/1.1
HTTP headers:
Host: localhost
User-Agent: Ticketing-WebApp
Authorization: Bearer eyJ0eXAiOiJKV1QiLCJhbGciOiJIUzI1NiJ9.eyJpYXQiOjE1MjY5ODMyMzgsImp0aSI6InpnRmhCM2U0ZWFLU0FEYUMwZGxDT3p1WTRsd0Urd2ZEbVJEdTdyc1dUTWM9IiwiaXNzIjoiOjoxIiwibmJmIjoxNTI2OTgzMjM4LCJleHAiOjE1MjY5ODUwMzgsImRhdGEiOnsidXNlcm5hbWUiOiJic18wMSIsInBhc3N3b3JkIjoiMTUzZWJiNGZiM2E3YzlkYzFmY2IxMTYzOTA5NWM4ZWM0NmJkYzQ5MSIsImlwIjoiOjoxIiwidXNlcl9hZ2VudCI6IlRpY2tldGluZy1XZWJBcHAifX0.VkcXYKfV8-awphRrQ0X-Rr-0ICZ9DxQH4e-ngcWhSL0
Connection: close
Request body:

========================================
2018-05-22 17:01:00 
::1 GET /synergix-takaful/public-api/v1/tickets?limit=20&start=1526576400&end=1526922000 HTTP/1.1
HTTP headers:
Host: localhost
User-Agent: Ticketing-WebApp
Authorization: Bearer eyJ0eXAiOiJKV1QiLCJhbGciOiJIUzI1NiJ9.eyJpYXQiOjE1MjY5ODMyMzgsImp0aSI6InpnRmhCM2U0ZWFLU0FEYUMwZGxDT3p1WTRsd0Urd2ZEbVJEdTdyc1dUTWM9IiwiaXNzIjoiOjoxIiwibmJmIjoxNTI2OTgzMjM4LCJleHAiOjE1MjY5ODUwMzgsImRhdGEiOnsidXNlcm5hbWUiOiJic18wMSIsInBhc3N3b3JkIjoiMTUzZWJiNGZiM2E3YzlkYzFmY2IxMTYzOTA5NWM4ZWM0NmJkYzQ5MSIsImlwIjoiOjoxIiwidXNlcl9hZ2VudCI6IlRpY2tldGluZy1XZWJBcHAifX0.VkcXYKfV8-awphRrQ0X-Rr-0ICZ9DxQH4e-ngcWhSL0
Connection: close
Request body:

========================================
2018-05-22 17:01:24 
::1 GET /synergix-takaful/public-api/v1/tickets/report?start=1526576400&end=1526922000&limit=61 HTTP/1.1
HTTP headers:
Host: localhost
User-Agent: Ticketing-WebApp
Authorization: Bearer eyJ0eXAiOiJKV1QiLCJhbGciOiJIUzI1NiJ9.eyJpYXQiOjE1MjY5ODMyMzgsImp0aSI6InpnRmhCM2U0ZWFLU0FEYUMwZGxDT3p1WTRsd0Urd2ZEbVJEdTdyc1dUTWM9IiwiaXNzIjoiOjoxIiwibmJmIjoxNTI2OTgzMjM4LCJleHAiOjE1MjY5ODUwMzgsImRhdGEiOnsidXNlcm5hbWUiOiJic18wMSIsInBhc3N3b3JkIjoiMTUzZWJiNGZiM2E3YzlkYzFmY2IxMTYzOTA5NWM4ZWM0NmJkYzQ5MSIsImlwIjoiOjoxIiwidXNlcl9hZ2VudCI6IlRpY2tldGluZy1XZWJBcHAifX0.VkcXYKfV8-awphRrQ0X-Rr-0ICZ9DxQH4e-ngcWhSL0
Connection: close
Request body:

========================================
