2018-07-08 17:00:30 
::1 POST /synergix/pos/public-api/v1/users/token HTTP/1.1
HTTP headers:
Host: localhost
Content-Length: 29
User-Agent: Ticketing-WebApp
Connection: close
Content-Type: application/x-www-form-urlencoded
Request body:
username=mario&password=mario
========================================
2018-07-08 17:00:34 
::1 GET /synergix/pos/public-api/v1/users/3 HTTP/1.1
HTTP headers:
Host: localhost
User-Agent: Ticketing-WebApp
Authorization: Bearer eyJ0eXAiOiJKV1QiLCJhbGciOiJIUzI1NiJ9.eyJpYXQiOjE1MzEwNDQwMzMsImp0aSI6IkJJYkxoMTRVUVwvenNsdUJlYVhGVjBcL3BTWndwYWUwdm5OcTYwTFhNWkhTVT0iLCJpc3MiOiI6OjEiLCJuYmYiOjE1MzEwNDQwMzMsImV4cCI6MTUzMTA0NTgzMywiZGF0YSI6eyJ1c2VybmFtZSI6Im1hcmlvIiwicGFzc3dvcmQiOiJkZmViOWIwMWU5MzFlYjY4MTM5NTI4NDg4YTA0NWU3ZWI2MzdhYWM2IiwiaXAiOiI6OjEiLCJ1c2VyX2FnZW50IjoiVGlja2V0aW5nLVdlYkFwcCJ9fQ.n_Ovjlq3fSZKTiWgI83mzIs1V9mjJnOh8Au5Sgzavdw
Connection: close
Request body:

========================================
2018-07-08 17:00:35 
::1 GET /synergix/pos/public-api/v1/user_level_modules/active?code=TICKET&user_level_id=3&order=code&limit=100 HTTP/1.1
HTTP headers:
Host: localhost
User-Agent: Ticketing-WebApp
Authorization: Bearer eyJ0eXAiOiJKV1QiLCJhbGciOiJIUzI1NiJ9.eyJpYXQiOjE1MzEwNDQwMzMsImp0aSI6IkJJYkxoMTRVUVwvenNsdUJlYVhGVjBcL3BTWndwYWUwdm5OcTYwTFhNWkhTVT0iLCJpc3MiOiI6OjEiLCJuYmYiOjE1MzEwNDQwMzMsImV4cCI6MTUzMTA0NTgzMywiZGF0YSI6eyJ1c2VybmFtZSI6Im1hcmlvIiwicGFzc3dvcmQiOiJkZmViOWIwMWU5MzFlYjY4MTM5NTI4NDg4YTA0NWU3ZWI2MzdhYWM2IiwiaXAiOiI6OjEiLCJ1c2VyX2FnZW50IjoiVGlja2V0aW5nLVdlYkFwcCJ9fQ.n_Ovjlq3fSZKTiWgI83mzIs1V9mjJnOh8Au5Sgzavdw
Connection: close
Request body:

========================================
2018-07-08 17:00:36 
::1 GET /synergix/pos/public-api/v1/ticket_statistics HTTP/1.1
HTTP headers:
Host: localhost
User-Agent: Ticketing-WebApp
Authorization: Bearer eyJ0eXAiOiJKV1QiLCJhbGciOiJIUzI1NiJ9.eyJpYXQiOjE1MzEwNDQwMzMsImp0aSI6IkJJYkxoMTRVUVwvenNsdUJlYVhGVjBcL3BTWndwYWUwdm5OcTYwTFhNWkhTVT0iLCJpc3MiOiI6OjEiLCJuYmYiOjE1MzEwNDQwMzMsImV4cCI6MTUzMTA0NTgzMywiZGF0YSI6eyJ1c2VybmFtZSI6Im1hcmlvIiwicGFzc3dvcmQiOiJkZmViOWIwMWU5MzFlYjY4MTM5NTI4NDg4YTA0NWU3ZWI2MzdhYWM2IiwiaXAiOiI6OjEiLCJ1c2VyX2FnZW50IjoiVGlja2V0aW5nLVdlYkFwcCJ9fQ.n_Ovjlq3fSZKTiWgI83mzIs1V9mjJnOh8Au5Sgzavdw
Connection: close
Request body:

========================================
2018-07-08 17:00:36 
::1 GET /synergix/pos/public-api/v1/ticket_statistics/departments HTTP/1.1
HTTP headers:
Host: localhost
User-Agent: Ticketing-WebApp
Authorization: Bearer eyJ0eXAiOiJKV1QiLCJhbGciOiJIUzI1NiJ9.eyJpYXQiOjE1MzEwNDQwMzMsImp0aSI6IkJJYkxoMTRVUVwvenNsdUJlYVhGVjBcL3BTWndwYWUwdm5OcTYwTFhNWkhTVT0iLCJpc3MiOiI6OjEiLCJuYmYiOjE1MzEwNDQwMzMsImV4cCI6MTUzMTA0NTgzMywiZGF0YSI6eyJ1c2VybmFtZSI6Im1hcmlvIiwicGFzc3dvcmQiOiJkZmViOWIwMWU5MzFlYjY4MTM5NTI4NDg4YTA0NWU3ZWI2MzdhYWM2IiwiaXAiOiI6OjEiLCJ1c2VyX2FnZW50IjoiVGlja2V0aW5nLVdlYkFwcCJ9fQ.n_Ovjlq3fSZKTiWgI83mzIs1V9mjJnOh8Au5Sgzavdw
Connection: close
Request body:

========================================
2018-07-08 17:00:36 
::1 GET /synergix/pos/public-api/v1/ticket_statistics/categories HTTP/1.1
HTTP headers:
Host: localhost
User-Agent: Ticketing-WebApp
Authorization: Bearer eyJ0eXAiOiJKV1QiLCJhbGciOiJIUzI1NiJ9.eyJpYXQiOjE1MzEwNDQwMzMsImp0aSI6IkJJYkxoMTRVUVwvenNsdUJlYVhGVjBcL3BTWndwYWUwdm5OcTYwTFhNWkhTVT0iLCJpc3MiOiI6OjEiLCJuYmYiOjE1MzEwNDQwMzMsImV4cCI6MTUzMTA0NTgzMywiZGF0YSI6eyJ1c2VybmFtZSI6Im1hcmlvIiwicGFzc3dvcmQiOiJkZmViOWIwMWU5MzFlYjY4MTM5NTI4NDg4YTA0NWU3ZWI2MzdhYWM2IiwiaXAiOiI6OjEiLCJ1c2VyX2FnZW50IjoiVGlja2V0aW5nLVdlYkFwcCJ9fQ.n_Ovjlq3fSZKTiWgI83mzIs1V9mjJnOh8Au5Sgzavdw
Connection: close
Request body:

========================================
2018-07-08 17:00:37 
::1 GET /synergix/pos/public-api/v1/ticket_statistics/subcategories HTTP/1.1
HTTP headers:
Host: localhost
User-Agent: Ticketing-WebApp
Authorization: Bearer eyJ0eXAiOiJKV1QiLCJhbGciOiJIUzI1NiJ9.eyJpYXQiOjE1MzEwNDQwMzMsImp0aSI6IkJJYkxoMTRVUVwvenNsdUJlYVhGVjBcL3BTWndwYWUwdm5OcTYwTFhNWkhTVT0iLCJpc3MiOiI6OjEiLCJuYmYiOjE1MzEwNDQwMzMsImV4cCI6MTUzMTA0NTgzMywiZGF0YSI6eyJ1c2VybmFtZSI6Im1hcmlvIiwicGFzc3dvcmQiOiJkZmViOWIwMWU5MzFlYjY4MTM5NTI4NDg4YTA0NWU3ZWI2MzdhYWM2IiwiaXAiOiI6OjEiLCJ1c2VyX2FnZW50IjoiVGlja2V0aW5nLVdlYkFwcCJ9fQ.n_Ovjlq3fSZKTiWgI83mzIs1V9mjJnOh8Au5Sgzavdw
Connection: close
Request body:

========================================
2018-07-08 17:00:40 
::1 GET /synergix/pos/public-api/v1/ticket_types?is_active=1 HTTP/1.1
HTTP headers:
Host: localhost
User-Agent: Ticketing-WebApp
Authorization: Bearer eyJ0eXAiOiJKV1QiLCJhbGciOiJIUzI1NiJ9.eyJpYXQiOjE1MzEwNDQwMzMsImp0aSI6IkJJYkxoMTRVUVwvenNsdUJlYVhGVjBcL3BTWndwYWUwdm5OcTYwTFhNWkhTVT0iLCJpc3MiOiI6OjEiLCJuYmYiOjE1MzEwNDQwMzMsImV4cCI6MTUzMTA0NTgzMywiZGF0YSI6eyJ1c2VybmFtZSI6Im1hcmlvIiwicGFzc3dvcmQiOiJkZmViOWIwMWU5MzFlYjY4MTM5NTI4NDg4YTA0NWU3ZWI2MzdhYWM2IiwiaXAiOiI6OjEiLCJ1c2VyX2FnZW50IjoiVGlja2V0aW5nLVdlYkFwcCJ9fQ.n_Ovjlq3fSZKTiWgI83mzIs1V9mjJnOh8Au5Sgzavdw
Connection: close
Request body:

========================================
2018-07-08 17:00:41 
::1 GET /synergix/pos/public-api/v1/departments?is_active=1&limit=100&order=name HTTP/1.1
HTTP headers:
Host: localhost
User-Agent: Ticketing-WebApp
Authorization: Bearer eyJ0eXAiOiJKV1QiLCJhbGciOiJIUzI1NiJ9.eyJpYXQiOjE1MzEwNDQwMzMsImp0aSI6IkJJYkxoMTRVUVwvenNsdUJlYVhGVjBcL3BTWndwYWUwdm5OcTYwTFhNWkhTVT0iLCJpc3MiOiI6OjEiLCJuYmYiOjE1MzEwNDQwMzMsImV4cCI6MTUzMTA0NTgzMywiZGF0YSI6eyJ1c2VybmFtZSI6Im1hcmlvIiwicGFzc3dvcmQiOiJkZmViOWIwMWU5MzFlYjY4MTM5NTI4NDg4YTA0NWU3ZWI2MzdhYWM2IiwiaXAiOiI6OjEiLCJ1c2VyX2FnZW50IjoiVGlja2V0aW5nLVdlYkFwcCJ9fQ.n_Ovjlq3fSZKTiWgI83mzIs1V9mjJnOh8Au5Sgzavdw
Connection: close
Request body:

========================================
2018-07-08 17:00:41 
::1 GET /synergix/pos/public-api/v1/ticket_priorities?is_active=1&order=name HTTP/1.1
HTTP headers:
Host: localhost
User-Agent: Ticketing-WebApp
Authorization: Bearer eyJ0eXAiOiJKV1QiLCJhbGciOiJIUzI1NiJ9.eyJpYXQiOjE1MzEwNDQwMzMsImp0aSI6IkJJYkxoMTRVUVwvenNsdUJlYVhGVjBcL3BTWndwYWUwdm5OcTYwTFhNWkhTVT0iLCJpc3MiOiI6OjEiLCJuYmYiOjE1MzEwNDQwMzMsImV4cCI6MTUzMTA0NTgzMywiZGF0YSI6eyJ1c2VybmFtZSI6Im1hcmlvIiwicGFzc3dvcmQiOiJkZmViOWIwMWU5MzFlYjY4MTM5NTI4NDg4YTA0NWU3ZWI2MzdhYWM2IiwiaXAiOiI6OjEiLCJ1c2VyX2FnZW50IjoiVGlja2V0aW5nLVdlYkFwcCJ9fQ.n_Ovjlq3fSZKTiWgI83mzIs1V9mjJnOh8Au5Sgzavdw
Connection: close
Request body:

========================================
2018-07-08 17:00:42 
::1 GET /synergix/pos/public-api/v1/ticket_statuses/active?order=name HTTP/1.1
HTTP headers:
Host: localhost
User-Agent: Ticketing-WebApp
Authorization: Bearer eyJ0eXAiOiJKV1QiLCJhbGciOiJIUzI1NiJ9.eyJpYXQiOjE1MzEwNDQwMzMsImp0aSI6IkJJYkxoMTRVUVwvenNsdUJlYVhGVjBcL3BTWndwYWUwdm5OcTYwTFhNWkhTVT0iLCJpc3MiOiI6OjEiLCJuYmYiOjE1MzEwNDQwMzMsImV4cCI6MTUzMTA0NTgzMywiZGF0YSI6eyJ1c2VybmFtZSI6Im1hcmlvIiwicGFzc3dvcmQiOiJkZmViOWIwMWU5MzFlYjY4MTM5NTI4NDg4YTA0NWU3ZWI2MzdhYWM2IiwiaXAiOiI6OjEiLCJ1c2VyX2FnZW50IjoiVGlja2V0aW5nLVdlYkFwcCJ9fQ.n_Ovjlq3fSZKTiWgI83mzIs1V9mjJnOh8Au5Sgzavdw
Connection: close
Request body:

========================================
2018-07-08 17:00:42 
::1 GET /synergix/pos/public-api/v1/product_types/active?limit=50 HTTP/1.1
HTTP headers:
Host: localhost
User-Agent: Ticketing-WebApp
Authorization: Bearer eyJ0eXAiOiJKV1QiLCJhbGciOiJIUzI1NiJ9.eyJpYXQiOjE1MzEwNDQwMzMsImp0aSI6IkJJYkxoMTRVUVwvenNsdUJlYVhGVjBcL3BTWndwYWUwdm5OcTYwTFhNWkhTVT0iLCJpc3MiOiI6OjEiLCJuYmYiOjE1MzEwNDQwMzMsImV4cCI6MTUzMTA0NTgzMywiZGF0YSI6eyJ1c2VybmFtZSI6Im1hcmlvIiwicGFzc3dvcmQiOiJkZmViOWIwMWU5MzFlYjY4MTM5NTI4NDg4YTA0NWU3ZWI2MzdhYWM2IiwiaXAiOiI6OjEiLCJ1c2VyX2FnZW50IjoiVGlja2V0aW5nLVdlYkFwcCJ9fQ.n_Ovjlq3fSZKTiWgI83mzIs1V9mjJnOh8Au5Sgzavdw
Connection: close
Request body:

========================================
2018-07-08 17:00:43 
::1 GET /synergix/pos/public-api/v1/tickets?need_follow_up=1&ticket_status_id=4&limit=1 HTTP/1.1
HTTP headers:
Host: localhost
User-Agent: Ticketing-WebApp
Authorization: Bearer eyJ0eXAiOiJKV1QiLCJhbGciOiJIUzI1NiJ9.eyJpYXQiOjE1MzEwNDQwMzMsImp0aSI6IkJJYkxoMTRVUVwvenNsdUJlYVhGVjBcL3BTWndwYWUwdm5OcTYwTFhNWkhTVT0iLCJpc3MiOiI6OjEiLCJuYmYiOjE1MzEwNDQwMzMsImV4cCI6MTUzMTA0NTgzMywiZGF0YSI6eyJ1c2VybmFtZSI6Im1hcmlvIiwicGFzc3dvcmQiOiJkZmViOWIwMWU5MzFlYjY4MTM5NTI4NDg4YTA0NWU3ZWI2MzdhYWM2IiwiaXAiOiI6OjEiLCJ1c2VyX2FnZW50IjoiVGlja2V0aW5nLVdlYkFwcCJ9fQ.n_Ovjlq3fSZKTiWgI83mzIs1V9mjJnOh8Au5Sgzavdw
Connection: close
Request body:

========================================
2018-07-08 17:00:44 
::1 GET /synergix/pos/public-api/v1/tickets?limit=20&start=1530982800&end=1530982800 HTTP/1.1
HTTP headers:
Host: localhost
User-Agent: Ticketing-WebApp
Authorization: Bearer eyJ0eXAiOiJKV1QiLCJhbGciOiJIUzI1NiJ9.eyJpYXQiOjE1MzEwNDQwMzMsImp0aSI6IkJJYkxoMTRVUVwvenNsdUJlYVhGVjBcL3BTWndwYWUwdm5OcTYwTFhNWkhTVT0iLCJpc3MiOiI6OjEiLCJuYmYiOjE1MzEwNDQwMzMsImV4cCI6MTUzMTA0NTgzMywiZGF0YSI6eyJ1c2VybmFtZSI6Im1hcmlvIiwicGFzc3dvcmQiOiJkZmViOWIwMWU5MzFlYjY4MTM5NTI4NDg4YTA0NWU3ZWI2MzdhYWM2IiwiaXAiOiI6OjEiLCJ1c2VyX2FnZW50IjoiVGlja2V0aW5nLVdlYkFwcCJ9fQ.n_Ovjlq3fSZKTiWgI83mzIs1V9mjJnOh8Au5Sgzavdw
Connection: close
Request body:

========================================
2018-07-08 17:00:54 
::1 GET /synergix/pos/public-api/v1/ticket_types?is_active=1 HTTP/1.1
HTTP headers:
Host: localhost
User-Agent: Ticketing-WebApp
Authorization: Bearer eyJ0eXAiOiJKV1QiLCJhbGciOiJIUzI1NiJ9.eyJpYXQiOjE1MzEwNDQwMzMsImp0aSI6IkJJYkxoMTRVUVwvenNsdUJlYVhGVjBcL3BTWndwYWUwdm5OcTYwTFhNWkhTVT0iLCJpc3MiOiI6OjEiLCJuYmYiOjE1MzEwNDQwMzMsImV4cCI6MTUzMTA0NTgzMywiZGF0YSI6eyJ1c2VybmFtZSI6Im1hcmlvIiwicGFzc3dvcmQiOiJkZmViOWIwMWU5MzFlYjY4MTM5NTI4NDg4YTA0NWU3ZWI2MzdhYWM2IiwiaXAiOiI6OjEiLCJ1c2VyX2FnZW50IjoiVGlja2V0aW5nLVdlYkFwcCJ9fQ.n_Ovjlq3fSZKTiWgI83mzIs1V9mjJnOh8Au5Sgzavdw
Connection: close
Request body:

========================================
2018-07-08 17:00:55 
::1 GET /synergix/pos/public-api/v1/departments?is_active=1&limit=100&order=name HTTP/1.1
HTTP headers:
Host: localhost
User-Agent: Ticketing-WebApp
Authorization: Bearer eyJ0eXAiOiJKV1QiLCJhbGciOiJIUzI1NiJ9.eyJpYXQiOjE1MzEwNDQwMzMsImp0aSI6IkJJYkxoMTRVUVwvenNsdUJlYVhGVjBcL3BTWndwYWUwdm5OcTYwTFhNWkhTVT0iLCJpc3MiOiI6OjEiLCJuYmYiOjE1MzEwNDQwMzMsImV4cCI6MTUzMTA0NTgzMywiZGF0YSI6eyJ1c2VybmFtZSI6Im1hcmlvIiwicGFzc3dvcmQiOiJkZmViOWIwMWU5MzFlYjY4MTM5NTI4NDg4YTA0NWU3ZWI2MzdhYWM2IiwiaXAiOiI6OjEiLCJ1c2VyX2FnZW50IjoiVGlja2V0aW5nLVdlYkFwcCJ9fQ.n_Ovjlq3fSZKTiWgI83mzIs1V9mjJnOh8Au5Sgzavdw
Connection: close
Request body:

========================================
2018-07-08 17:00:56 
::1 GET /synergix/pos/public-api/v1/ticket_priorities?is_active=1&order=name HTTP/1.1
HTTP headers:
Host: localhost
User-Agent: Ticketing-WebApp
Authorization: Bearer eyJ0eXAiOiJKV1QiLCJhbGciOiJIUzI1NiJ9.eyJpYXQiOjE1MzEwNDQwMzMsImp0aSI6IkJJYkxoMTRVUVwvenNsdUJlYVhGVjBcL3BTWndwYWUwdm5OcTYwTFhNWkhTVT0iLCJpc3MiOiI6OjEiLCJuYmYiOjE1MzEwNDQwMzMsImV4cCI6MTUzMTA0NTgzMywiZGF0YSI6eyJ1c2VybmFtZSI6Im1hcmlvIiwicGFzc3dvcmQiOiJkZmViOWIwMWU5MzFlYjY4MTM5NTI4NDg4YTA0NWU3ZWI2MzdhYWM2IiwiaXAiOiI6OjEiLCJ1c2VyX2FnZW50IjoiVGlja2V0aW5nLVdlYkFwcCJ9fQ.n_Ovjlq3fSZKTiWgI83mzIs1V9mjJnOh8Au5Sgzavdw
Connection: close
Request body:

========================================
2018-07-08 17:00:56 
::1 GET /synergix/pos/public-api/v1/ticket_statuses/active?order=name HTTP/1.1
HTTP headers:
Host: localhost
User-Agent: Ticketing-WebApp
Authorization: Bearer eyJ0eXAiOiJKV1QiLCJhbGciOiJIUzI1NiJ9.eyJpYXQiOjE1MzEwNDQwMzMsImp0aSI6IkJJYkxoMTRVUVwvenNsdUJlYVhGVjBcL3BTWndwYWUwdm5OcTYwTFhNWkhTVT0iLCJpc3MiOiI6OjEiLCJuYmYiOjE1MzEwNDQwMzMsImV4cCI6MTUzMTA0NTgzMywiZGF0YSI6eyJ1c2VybmFtZSI6Im1hcmlvIiwicGFzc3dvcmQiOiJkZmViOWIwMWU5MzFlYjY4MTM5NTI4NDg4YTA0NWU3ZWI2MzdhYWM2IiwiaXAiOiI6OjEiLCJ1c2VyX2FnZW50IjoiVGlja2V0aW5nLVdlYkFwcCJ9fQ.n_Ovjlq3fSZKTiWgI83mzIs1V9mjJnOh8Au5Sgzavdw
Connection: close
Request body:

========================================
2018-07-08 17:00:57 
::1 GET /synergix/pos/public-api/v1/product_types/active?limit=50 HTTP/1.1
HTTP headers:
Host: localhost
User-Agent: Ticketing-WebApp
Authorization: Bearer eyJ0eXAiOiJKV1QiLCJhbGciOiJIUzI1NiJ9.eyJpYXQiOjE1MzEwNDQwMzMsImp0aSI6IkJJYkxoMTRVUVwvenNsdUJlYVhGVjBcL3BTWndwYWUwdm5OcTYwTFhNWkhTVT0iLCJpc3MiOiI6OjEiLCJuYmYiOjE1MzEwNDQwMzMsImV4cCI6MTUzMTA0NTgzMywiZGF0YSI6eyJ1c2VybmFtZSI6Im1hcmlvIiwicGFzc3dvcmQiOiJkZmViOWIwMWU5MzFlYjY4MTM5NTI4NDg4YTA0NWU3ZWI2MzdhYWM2IiwiaXAiOiI6OjEiLCJ1c2VyX2FnZW50IjoiVGlja2V0aW5nLVdlYkFwcCJ9fQ.n_Ovjlq3fSZKTiWgI83mzIs1V9mjJnOh8Au5Sgzavdw
Connection: close
Request body:

========================================
2018-07-08 17:00:57 
::1 GET /synergix/pos/public-api/v1/tickets?need_follow_up=1&ticket_status_id=4&limit=1 HTTP/1.1
HTTP headers:
Host: localhost
User-Agent: Ticketing-WebApp
Authorization: Bearer eyJ0eXAiOiJKV1QiLCJhbGciOiJIUzI1NiJ9.eyJpYXQiOjE1MzEwNDQwMzMsImp0aSI6IkJJYkxoMTRVUVwvenNsdUJlYVhGVjBcL3BTWndwYWUwdm5OcTYwTFhNWkhTVT0iLCJpc3MiOiI6OjEiLCJuYmYiOjE1MzEwNDQwMzMsImV4cCI6MTUzMTA0NTgzMywiZGF0YSI6eyJ1c2VybmFtZSI6Im1hcmlvIiwicGFzc3dvcmQiOiJkZmViOWIwMWU5MzFlYjY4MTM5NTI4NDg4YTA0NWU3ZWI2MzdhYWM2IiwiaXAiOiI6OjEiLCJ1c2VyX2FnZW50IjoiVGlja2V0aW5nLVdlYkFwcCJ9fQ.n_Ovjlq3fSZKTiWgI83mzIs1V9mjJnOh8Au5Sgzavdw
Connection: close
Request body:

========================================
2018-07-08 17:00:58 
::1 GET /synergix/pos/public-api/v1/tickets?limit=20 HTTP/1.1
HTTP headers:
Host: localhost
User-Agent: Ticketing-WebApp
Authorization: Bearer eyJ0eXAiOiJKV1QiLCJhbGciOiJIUzI1NiJ9.eyJpYXQiOjE1MzEwNDQwMzMsImp0aSI6IkJJYkxoMTRVUVwvenNsdUJlYVhGVjBcL3BTWndwYWUwdm5OcTYwTFhNWkhTVT0iLCJpc3MiOiI6OjEiLCJuYmYiOjE1MzEwNDQwMzMsImV4cCI6MTUzMTA0NTgzMywiZGF0YSI6eyJ1c2VybmFtZSI6Im1hcmlvIiwicGFzc3dvcmQiOiJkZmViOWIwMWU5MzFlYjY4MTM5NTI4NDg4YTA0NWU3ZWI2MzdhYWM2IiwiaXAiOiI6OjEiLCJ1c2VyX2FnZW50IjoiVGlja2V0aW5nLVdlYkFwcCJ9fQ.n_Ovjlq3fSZKTiWgI83mzIs1V9mjJnOh8Au5Sgzavdw
Connection: close
Request body:

========================================
