2018-01-21 17:35:17 
::1 POST /synergix-takaful/public-api/v1/users/token HTTP/1.1
HTTP headers:
Host: localhost
Content-Length: 37
User-Agent: Ticketing-WebApp
Connection: close
Content-Type: application/x-www-form-urlencoded
Request body:
username=rahmat_admin&password=rahmat
========================================
2018-01-21 17:35:18 
::1 GET /synergix-takaful/public-api/v1/users/13 HTTP/1.1
HTTP headers:
Host: localhost
User-Agent: Ticketing-WebApp
Authorization: Bearer eyJ0eXAiOiJKV1QiLCJhbGciOiJIUzI1NiJ9.eyJpYXQiOjE1MTY1MzA5MTcsImp0aSI6Inc5TDJLckNEMmFNb0ZDa3VKK0VPSUM2dWdLcTdUcEl2bk5Da2QzNGdkVHc9IiwiaXNzIjoiOjoxIiwibmJmIjoxNTE2NTMwOTE3LCJleHAiOjE1MTY1MzI3MTcsImRhdGEiOnsidXNlcm5hbWUiOiJyYWhtYXRfYWRtaW4iLCJwYXNzd29yZCI6IjkxZGY3YWE2MjA5OWMzYmY0YTNmNmQ1ZDU0NTYzNzg5NDg5ZTA0YjUiLCJpcCI6Ijo6MSIsInVzZXJfYWdlbnQiOiJUaWNrZXRpbmctV2ViQXBwIn19.55siTXJL8iCKBXd-ALc5_8OhnhvHPj-1Jurxp7jtz_Y
Connection: close
Request body:

========================================
2018-01-21 17:35:19 
::1 GET /synergix-takaful/public-api/v1/user_level_modules/active?code=TICKET&user_level_id=7 HTTP/1.1
HTTP headers:
Host: localhost
User-Agent: Ticketing-WebApp
Authorization: Bearer eyJ0eXAiOiJKV1QiLCJhbGciOiJIUzI1NiJ9.eyJpYXQiOjE1MTY1MzA5MTcsImp0aSI6Inc5TDJLckNEMmFNb0ZDa3VKK0VPSUM2dWdLcTdUcEl2bk5Da2QzNGdkVHc9IiwiaXNzIjoiOjoxIiwibmJmIjoxNTE2NTMwOTE3LCJleHAiOjE1MTY1MzI3MTcsImRhdGEiOnsidXNlcm5hbWUiOiJyYWhtYXRfYWRtaW4iLCJwYXNzd29yZCI6IjkxZGY3YWE2MjA5OWMzYmY0YTNmNmQ1ZDU0NTYzNzg5NDg5ZTA0YjUiLCJpcCI6Ijo6MSIsInVzZXJfYWdlbnQiOiJUaWNrZXRpbmctV2ViQXBwIn19.55siTXJL8iCKBXd-ALc5_8OhnhvHPj-1Jurxp7jtz_Y
Connection: close
Request body:

========================================
2018-01-21 17:35:21 
::1 GET /synergix-takaful/public-api/v1/tickets?limit=20&start=1516467600&end=1516467600 HTTP/1.1
HTTP headers:
Host: localhost
User-Agent: Ticketing-WebApp
Authorization: Bearer eyJ0eXAiOiJKV1QiLCJhbGciOiJIUzI1NiJ9.eyJpYXQiOjE1MTY1MzA5MTcsImp0aSI6Inc5TDJLckNEMmFNb0ZDa3VKK0VPSUM2dWdLcTdUcEl2bk5Da2QzNGdkVHc9IiwiaXNzIjoiOjoxIiwibmJmIjoxNTE2NTMwOTE3LCJleHAiOjE1MTY1MzI3MTcsImRhdGEiOnsidXNlcm5hbWUiOiJyYWhtYXRfYWRtaW4iLCJwYXNzd29yZCI6IjkxZGY3YWE2MjA5OWMzYmY0YTNmNmQ1ZDU0NTYzNzg5NDg5ZTA0YjUiLCJpcCI6Ijo6MSIsInVzZXJfYWdlbnQiOiJUaWNrZXRpbmctV2ViQXBwIn19.55siTXJL8iCKBXd-ALc5_8OhnhvHPj-1Jurxp7jtz_Y
Connection: close
Request body:

========================================
2018-01-21 20:44:38 
::1 POST /synergix-takaful/public-api/v1/users/token HTTP/1.1
HTTP headers:
Host: localhost
Content-Length: 31
User-Agent: Ticketing-WebApp
Connection: close
Content-Type: application/x-www-form-urlencoded
Request body:
username=adil&password=adil1234
========================================
2018-01-21 20:44:39 
::1 GET /synergix-takaful/public-api/v1/users/11 HTTP/1.1
HTTP headers:
Host: localhost
User-Agent: Ticketing-WebApp
Authorization: Bearer eyJ0eXAiOiJKV1QiLCJhbGciOiJIUzI1NiJ9.eyJpYXQiOjE1MTY1NDIyNzgsImp0aSI6InpreHkwTlpMZHhwdDkzMkphM3VTa2lKME5kelNDOUxJQnNBdytRMDJGUDQ9IiwiaXNzIjoiOjoxIiwibmJmIjoxNTE2NTQyMjc4LCJleHAiOjE1MTY1NDQwNzgsImRhdGEiOnsidXNlcm5hbWUiOiJhZGlsIiwicGFzc3dvcmQiOiIyZGE4NTM4MTU4OTYzMjM0YjdjNGFiZWViYzI2ZTkxMmQwZjExMWJhIiwiaXAiOiI6OjEiLCJ1c2VyX2FnZW50IjoiVGlja2V0aW5nLVdlYkFwcCJ9fQ.T7lHRv4o0sROmC2oPJjwM3g-Y6d8pmi3hFRJCYay5kE
Connection: close
Request body:

========================================
2018-01-21 20:44:40 
::1 GET /synergix-takaful/public-api/v1/user_level_modules/active?code=TICKET&user_level_id=7&order=code&limit=100 HTTP/1.1
HTTP headers:
Host: localhost
User-Agent: Ticketing-WebApp
Authorization: Bearer eyJ0eXAiOiJKV1QiLCJhbGciOiJIUzI1NiJ9.eyJpYXQiOjE1MTY1NDIyNzgsImp0aSI6InpreHkwTlpMZHhwdDkzMkphM3VTa2lKME5kelNDOUxJQnNBdytRMDJGUDQ9IiwiaXNzIjoiOjoxIiwibmJmIjoxNTE2NTQyMjc4LCJleHAiOjE1MTY1NDQwNzgsImRhdGEiOnsidXNlcm5hbWUiOiJhZGlsIiwicGFzc3dvcmQiOiIyZGE4NTM4MTU4OTYzMjM0YjdjNGFiZWViYzI2ZTkxMmQwZjExMWJhIiwiaXAiOiI6OjEiLCJ1c2VyX2FnZW50IjoiVGlja2V0aW5nLVdlYkFwcCJ9fQ.T7lHRv4o0sROmC2oPJjwM3g-Y6d8pmi3hFRJCYay5kE
Connection: close
Request body:

========================================
2018-01-21 20:44:40 
::1 GET /synergix-takaful/public-api/v1/ticket_types?is_active=1 HTTP/1.1
HTTP headers:
Host: localhost
User-Agent: Ticketing-WebApp
Authorization: Bearer eyJ0eXAiOiJKV1QiLCJhbGciOiJIUzI1NiJ9.eyJpYXQiOjE1MTY1NDIyNzgsImp0aSI6InpreHkwTlpMZHhwdDkzMkphM3VTa2lKME5kelNDOUxJQnNBdytRMDJGUDQ9IiwiaXNzIjoiOjoxIiwibmJmIjoxNTE2NTQyMjc4LCJleHAiOjE1MTY1NDQwNzgsImRhdGEiOnsidXNlcm5hbWUiOiJhZGlsIiwicGFzc3dvcmQiOiIyZGE4NTM4MTU4OTYzMjM0YjdjNGFiZWViYzI2ZTkxMmQwZjExMWJhIiwiaXAiOiI6OjEiLCJ1c2VyX2FnZW50IjoiVGlja2V0aW5nLVdlYkFwcCJ9fQ.T7lHRv4o0sROmC2oPJjwM3g-Y6d8pmi3hFRJCYay5kE
Connection: close
Request body:

========================================
2018-01-21 20:44:40 
::1 GET /synergix-takaful/public-api/v1/departments?is_active=1&limit=100&order=name HTTP/1.1
HTTP headers:
Host: localhost
User-Agent: Ticketing-WebApp
Authorization: Bearer eyJ0eXAiOiJKV1QiLCJhbGciOiJIUzI1NiJ9.eyJpYXQiOjE1MTY1NDIyNzgsImp0aSI6InpreHkwTlpMZHhwdDkzMkphM3VTa2lKME5kelNDOUxJQnNBdytRMDJGUDQ9IiwiaXNzIjoiOjoxIiwibmJmIjoxNTE2NTQyMjc4LCJleHAiOjE1MTY1NDQwNzgsImRhdGEiOnsidXNlcm5hbWUiOiJhZGlsIiwicGFzc3dvcmQiOiIyZGE4NTM4MTU4OTYzMjM0YjdjNGFiZWViYzI2ZTkxMmQwZjExMWJhIiwiaXAiOiI6OjEiLCJ1c2VyX2FnZW50IjoiVGlja2V0aW5nLVdlYkFwcCJ9fQ.T7lHRv4o0sROmC2oPJjwM3g-Y6d8pmi3hFRJCYay5kE
Connection: close
Request body:

========================================
2018-01-21 20:44:40 
::1 GET /synergix-takaful/public-api/v1/ticket_priorities?is_active=1&order=name HTTP/1.1
HTTP headers:
Host: localhost
User-Agent: Ticketing-WebApp
Authorization: Bearer eyJ0eXAiOiJKV1QiLCJhbGciOiJIUzI1NiJ9.eyJpYXQiOjE1MTY1NDIyNzgsImp0aSI6InpreHkwTlpMZHhwdDkzMkphM3VTa2lKME5kelNDOUxJQnNBdytRMDJGUDQ9IiwiaXNzIjoiOjoxIiwibmJmIjoxNTE2NTQyMjc4LCJleHAiOjE1MTY1NDQwNzgsImRhdGEiOnsidXNlcm5hbWUiOiJhZGlsIiwicGFzc3dvcmQiOiIyZGE4NTM4MTU4OTYzMjM0YjdjNGFiZWViYzI2ZTkxMmQwZjExMWJhIiwiaXAiOiI6OjEiLCJ1c2VyX2FnZW50IjoiVGlja2V0aW5nLVdlYkFwcCJ9fQ.T7lHRv4o0sROmC2oPJjwM3g-Y6d8pmi3hFRJCYay5kE
Connection: close
Request body:

========================================
2018-01-21 20:44:40 
::1 GET /synergix-takaful/public-api/v1/ticket_statuses/active?order=name HTTP/1.1
HTTP headers:
Host: localhost
User-Agent: Ticketing-WebApp
Authorization: Bearer eyJ0eXAiOiJKV1QiLCJhbGciOiJIUzI1NiJ9.eyJpYXQiOjE1MTY1NDIyNzgsImp0aSI6InpreHkwTlpMZHhwdDkzMkphM3VTa2lKME5kelNDOUxJQnNBdytRMDJGUDQ9IiwiaXNzIjoiOjoxIiwibmJmIjoxNTE2NTQyMjc4LCJleHAiOjE1MTY1NDQwNzgsImRhdGEiOnsidXNlcm5hbWUiOiJhZGlsIiwicGFzc3dvcmQiOiIyZGE4NTM4MTU4OTYzMjM0YjdjNGFiZWViYzI2ZTkxMmQwZjExMWJhIiwiaXAiOiI6OjEiLCJ1c2VyX2FnZW50IjoiVGlja2V0aW5nLVdlYkFwcCJ9fQ.T7lHRv4o0sROmC2oPJjwM3g-Y6d8pmi3hFRJCYay5kE
Connection: close
Request body:

========================================
2018-01-21 20:44:40 
::1 GET /synergix-takaful/public-api/v1/product_types/active?limit=50 HTTP/1.1
HTTP headers:
Host: localhost
User-Agent: Ticketing-WebApp
Authorization: Bearer eyJ0eXAiOiJKV1QiLCJhbGciOiJIUzI1NiJ9.eyJpYXQiOjE1MTY1NDIyNzgsImp0aSI6InpreHkwTlpMZHhwdDkzMkphM3VTa2lKME5kelNDOUxJQnNBdytRMDJGUDQ9IiwiaXNzIjoiOjoxIiwibmJmIjoxNTE2NTQyMjc4LCJleHAiOjE1MTY1NDQwNzgsImRhdGEiOnsidXNlcm5hbWUiOiJhZGlsIiwicGFzc3dvcmQiOiIyZGE4NTM4MTU4OTYzMjM0YjdjNGFiZWViYzI2ZTkxMmQwZjExMWJhIiwiaXAiOiI6OjEiLCJ1c2VyX2FnZW50IjoiVGlja2V0aW5nLVdlYkFwcCJ9fQ.T7lHRv4o0sROmC2oPJjwM3g-Y6d8pmi3hFRJCYay5kE
Connection: close
Request body:

========================================
2018-01-21 20:44:40 
::1 GET /synergix-takaful/public-api/v1/tickets?limit=20&start=1516467600&end=1516467600 HTTP/1.1
HTTP headers:
Host: localhost
User-Agent: Ticketing-WebApp
Authorization: Bearer eyJ0eXAiOiJKV1QiLCJhbGciOiJIUzI1NiJ9.eyJpYXQiOjE1MTY1NDIyNzgsImp0aSI6InpreHkwTlpMZHhwdDkzMkphM3VTa2lKME5kelNDOUxJQnNBdytRMDJGUDQ9IiwiaXNzIjoiOjoxIiwibmJmIjoxNTE2NTQyMjc4LCJleHAiOjE1MTY1NDQwNzgsImRhdGEiOnsidXNlcm5hbWUiOiJhZGlsIiwicGFzc3dvcmQiOiIyZGE4NTM4MTU4OTYzMjM0YjdjNGFiZWViYzI2ZTkxMmQwZjExMWJhIiwiaXAiOiI6OjEiLCJ1c2VyX2FnZW50IjoiVGlja2V0aW5nLVdlYkFwcCJ9fQ.T7lHRv4o0sROmC2oPJjwM3g-Y6d8pmi3hFRJCYay5kE
Connection: close
Request body:

========================================
2018-01-21 20:44:47 
::1 GET /synergix-takaful/public-api/v1/tickets?limit=20 HTTP/1.1
HTTP headers:
Host: localhost
User-Agent: Ticketing-WebApp
Authorization: Bearer eyJ0eXAiOiJKV1QiLCJhbGciOiJIUzI1NiJ9.eyJpYXQiOjE1MTY1NDIyNzgsImp0aSI6InpreHkwTlpMZHhwdDkzMkphM3VTa2lKME5kelNDOUxJQnNBdytRMDJGUDQ9IiwiaXNzIjoiOjoxIiwibmJmIjoxNTE2NTQyMjc4LCJleHAiOjE1MTY1NDQwNzgsImRhdGEiOnsidXNlcm5hbWUiOiJhZGlsIiwicGFzc3dvcmQiOiIyZGE4NTM4MTU4OTYzMjM0YjdjNGFiZWViYzI2ZTkxMmQwZjExMWJhIiwiaXAiOiI6OjEiLCJ1c2VyX2FnZW50IjoiVGlja2V0aW5nLVdlYkFwcCJ9fQ.T7lHRv4o0sROmC2oPJjwM3g-Y6d8pmi3hFRJCYay5kE
Connection: close
Request body:

========================================
2018-01-21 20:44:56 
::1 GET /synergix-takaful/public-api/v1/tickets?limit=1&ticket_no=1801100012 HTTP/1.1
HTTP headers:
Host: localhost
User-Agent: Ticketing-WebApp
Authorization: Bearer eyJ0eXAiOiJKV1QiLCJhbGciOiJIUzI1NiJ9.eyJpYXQiOjE1MTY1NDIyNzgsImp0aSI6InpreHkwTlpMZHhwdDkzMkphM3VTa2lKME5kelNDOUxJQnNBdytRMDJGUDQ9IiwiaXNzIjoiOjoxIiwibmJmIjoxNTE2NTQyMjc4LCJleHAiOjE1MTY1NDQwNzgsImRhdGEiOnsidXNlcm5hbWUiOiJhZGlsIiwicGFzc3dvcmQiOiIyZGE4NTM4MTU4OTYzMjM0YjdjNGFiZWViYzI2ZTkxMmQwZjExMWJhIiwiaXAiOiI6OjEiLCJ1c2VyX2FnZW50IjoiVGlja2V0aW5nLVdlYkFwcCJ9fQ.T7lHRv4o0sROmC2oPJjwM3g-Y6d8pmi3hFRJCYay5kE
Connection: close
Request body:

========================================
2018-01-21 20:44:56 
::1 GET /synergix-takaful/public-api/v1/contact_types?is_active=1 HTTP/1.1
HTTP headers:
Host: localhost
User-Agent: Ticketing-WebApp
Authorization: Bearer eyJ0eXAiOiJKV1QiLCJhbGciOiJIUzI1NiJ9.eyJpYXQiOjE1MTY1NDIyNzgsImp0aSI6InpreHkwTlpMZHhwdDkzMkphM3VTa2lKME5kelNDOUxJQnNBdytRMDJGUDQ9IiwiaXNzIjoiOjoxIiwibmJmIjoxNTE2NTQyMjc4LCJleHAiOjE1MTY1NDQwNzgsImRhdGEiOnsidXNlcm5hbWUiOiJhZGlsIiwicGFzc3dvcmQiOiIyZGE4NTM4MTU4OTYzMjM0YjdjNGFiZWViYzI2ZTkxMmQwZjExMWJhIiwiaXAiOiI6OjEiLCJ1c2VyX2FnZW50IjoiVGlja2V0aW5nLVdlYkFwcCJ9fQ.T7lHRv4o0sROmC2oPJjwM3g-Y6d8pmi3hFRJCYay5kE
Connection: close
Request body:

========================================
2018-01-21 20:44:56 
::1 GET /synergix-takaful/public-api/v1/ticket_sources?is_active=1 HTTP/1.1
HTTP headers:
Host: localhost
User-Agent: Ticketing-WebApp
Authorization: Bearer eyJ0eXAiOiJKV1QiLCJhbGciOiJIUzI1NiJ9.eyJpYXQiOjE1MTY1NDIyNzgsImp0aSI6InpreHkwTlpMZHhwdDkzMkphM3VTa2lKME5kelNDOUxJQnNBdytRMDJGUDQ9IiwiaXNzIjoiOjoxIiwibmJmIjoxNTE2NTQyMjc4LCJleHAiOjE1MTY1NDQwNzgsImRhdGEiOnsidXNlcm5hbWUiOiJhZGlsIiwicGFzc3dvcmQiOiIyZGE4NTM4MTU4OTYzMjM0YjdjNGFiZWViYzI2ZTkxMmQwZjExMWJhIiwiaXAiOiI6OjEiLCJ1c2VyX2FnZW50IjoiVGlja2V0aW5nLVdlYkFwcCJ9fQ.T7lHRv4o0sROmC2oPJjwM3g-Y6d8pmi3hFRJCYay5kE
Connection: close
Request body:

========================================
2018-01-21 20:44:56 
::1 GET /synergix-takaful/public-api/v1/ticket_categories?is_active=1&ticket_type_id=5&product_type_id=1 HTTP/1.1
HTTP headers:
Host: localhost
User-Agent: Ticketing-WebApp
Authorization: Bearer eyJ0eXAiOiJKV1QiLCJhbGciOiJIUzI1NiJ9.eyJpYXQiOjE1MTY1NDIyNzgsImp0aSI6InpreHkwTlpMZHhwdDkzMkphM3VTa2lKME5kelNDOUxJQnNBdytRMDJGUDQ9IiwiaXNzIjoiOjoxIiwibmJmIjoxNTE2NTQyMjc4LCJleHAiOjE1MTY1NDQwNzgsImRhdGEiOnsidXNlcm5hbWUiOiJhZGlsIiwicGFzc3dvcmQiOiIyZGE4NTM4MTU4OTYzMjM0YjdjNGFiZWViYzI2ZTkxMmQwZjExMWJhIiwiaXAiOiI6OjEiLCJ1c2VyX2FnZW50IjoiVGlja2V0aW5nLVdlYkFwcCJ9fQ.T7lHRv4o0sROmC2oPJjwM3g-Y6d8pmi3hFRJCYay5kE
Connection: close
Request body:

========================================
2018-01-21 20:44:56 
::1 GET /synergix-takaful/public-api/v1/ticket_subcategories?is_active=1&ticket_category_id=4 HTTP/1.1
HTTP headers:
Host: localhost
User-Agent: Ticketing-WebApp
Authorization: Bearer eyJ0eXAiOiJKV1QiLCJhbGciOiJIUzI1NiJ9.eyJpYXQiOjE1MTY1NDIyNzgsImp0aSI6InpreHkwTlpMZHhwdDkzMkphM3VTa2lKME5kelNDOUxJQnNBdytRMDJGUDQ9IiwiaXNzIjoiOjoxIiwibmJmIjoxNTE2NTQyMjc4LCJleHAiOjE1MTY1NDQwNzgsImRhdGEiOnsidXNlcm5hbWUiOiJhZGlsIiwicGFzc3dvcmQiOiIyZGE4NTM4MTU4OTYzMjM0YjdjNGFiZWViYzI2ZTkxMmQwZjExMWJhIiwiaXAiOiI6OjEiLCJ1c2VyX2FnZW50IjoiVGlja2V0aW5nLVdlYkFwcCJ9fQ.T7lHRv4o0sROmC2oPJjwM3g-Y6d8pmi3hFRJCYay5kE
Connection: close
Request body:

========================================
2018-01-21 20:44:57 
::1 GET /synergix-takaful/public-api/v1/departments?is_active=1&limit=100 HTTP/1.1
HTTP headers:
Host: localhost
User-Agent: Ticketing-WebApp
Authorization: Bearer eyJ0eXAiOiJKV1QiLCJhbGciOiJIUzI1NiJ9.eyJpYXQiOjE1MTY1NDIyNzgsImp0aSI6InpreHkwTlpMZHhwdDkzMkphM3VTa2lKME5kelNDOUxJQnNBdytRMDJGUDQ9IiwiaXNzIjoiOjoxIiwibmJmIjoxNTE2NTQyMjc4LCJleHAiOjE1MTY1NDQwNzgsImRhdGEiOnsidXNlcm5hbWUiOiJhZGlsIiwicGFzc3dvcmQiOiIyZGE4NTM4MTU4OTYzMjM0YjdjNGFiZWViYzI2ZTkxMmQwZjExMWJhIiwiaXAiOiI6OjEiLCJ1c2VyX2FnZW50IjoiVGlja2V0aW5nLVdlYkFwcCJ9fQ.T7lHRv4o0sROmC2oPJjwM3g-Y6d8pmi3hFRJCYay5kE
Connection: close
Request body:

========================================
2018-01-21 20:44:57 
::1 GET /synergix-takaful/public-api/v1/ticket_priorities?is_active=1 HTTP/1.1
HTTP headers:
Host: localhost
User-Agent: Ticketing-WebApp
Authorization: Bearer eyJ0eXAiOiJKV1QiLCJhbGciOiJIUzI1NiJ9.eyJpYXQiOjE1MTY1NDIyNzgsImp0aSI6InpreHkwTlpMZHhwdDkzMkphM3VTa2lKME5kelNDOUxJQnNBdytRMDJGUDQ9IiwiaXNzIjoiOjoxIiwibmJmIjoxNTE2NTQyMjc4LCJleHAiOjE1MTY1NDQwNzgsImRhdGEiOnsidXNlcm5hbWUiOiJhZGlsIiwicGFzc3dvcmQiOiIyZGE4NTM4MTU4OTYzMjM0YjdjNGFiZWViYzI2ZTkxMmQwZjExMWJhIiwiaXAiOiI6OjEiLCJ1c2VyX2FnZW50IjoiVGlja2V0aW5nLVdlYkFwcCJ9fQ.T7lHRv4o0sROmC2oPJjwM3g-Y6d8pmi3hFRJCYay5kE
Connection: close
Request body:

========================================
2018-01-21 20:44:57 
::1 GET /synergix-takaful/public-api/v1/customer_types/active?limit=50 HTTP/1.1
HTTP headers:
Host: localhost
User-Agent: Ticketing-WebApp
Authorization: Bearer eyJ0eXAiOiJKV1QiLCJhbGciOiJIUzI1NiJ9.eyJpYXQiOjE1MTY1NDIyNzgsImp0aSI6InpreHkwTlpMZHhwdDkzMkphM3VTa2lKME5kelNDOUxJQnNBdytRMDJGUDQ9IiwiaXNzIjoiOjoxIiwibmJmIjoxNTE2NTQyMjc4LCJleHAiOjE1MTY1NDQwNzgsImRhdGEiOnsidXNlcm5hbWUiOiJhZGlsIiwicGFzc3dvcmQiOiIyZGE4NTM4MTU4OTYzMjM0YjdjNGFiZWViYzI2ZTkxMmQwZjExMWJhIiwiaXAiOiI6OjEiLCJ1c2VyX2FnZW50IjoiVGlja2V0aW5nLVdlYkFwcCJ9fQ.T7lHRv4o0sROmC2oPJjwM3g-Y6d8pmi3hFRJCYay5kE
Connection: close
Request body:

========================================
2018-01-21 20:45:00 
::1 GET /synergix-takaful/public-api/v1/tickets/12/ticket_histories HTTP/1.1
HTTP headers:
Host: localhost
User-Agent: Ticketing-WebApp
Authorization: Bearer eyJ0eXAiOiJKV1QiLCJhbGciOiJIUzI1NiJ9.eyJpYXQiOjE1MTY1NDIyNzgsImp0aSI6InpreHkwTlpMZHhwdDkzMkphM3VTa2lKME5kelNDOUxJQnNBdytRMDJGUDQ9IiwiaXNzIjoiOjoxIiwibmJmIjoxNTE2NTQyMjc4LCJleHAiOjE1MTY1NDQwNzgsImRhdGEiOnsidXNlcm5hbWUiOiJhZGlsIiwicGFzc3dvcmQiOiIyZGE4NTM4MTU4OTYzMjM0YjdjNGFiZWViYzI2ZTkxMmQwZjExMWJhIiwiaXAiOiI6OjEiLCJ1c2VyX2FnZW50IjoiVGlja2V0aW5nLVdlYkFwcCJ9fQ.T7lHRv4o0sROmC2oPJjwM3g-Y6d8pmi3hFRJCYay5kE
Connection: close
Request body:

========================================
2018-01-21 20:46:06 
::1 GET /synergix-takaful/public-api/v1/tickets/12 HTTP/1.1
HTTP headers:
Host: localhost
User-Agent: Ticketing-WebApp
Authorization: Bearer eyJ0eXAiOiJKV1QiLCJhbGciOiJIUzI1NiJ9.eyJpYXQiOjE1MTY1NDIyNzgsImp0aSI6InpreHkwTlpMZHhwdDkzMkphM3VTa2lKME5kelNDOUxJQnNBdytRMDJGUDQ9IiwiaXNzIjoiOjoxIiwibmJmIjoxNTE2NTQyMjc4LCJleHAiOjE1MTY1NDQwNzgsImRhdGEiOnsidXNlcm5hbWUiOiJhZGlsIiwicGFzc3dvcmQiOiIyZGE4NTM4MTU4OTYzMjM0YjdjNGFiZWViYzI2ZTkxMmQwZjExMWJhIiwiaXAiOiI6OjEiLCJ1c2VyX2FnZW50IjoiVGlja2V0aW5nLVdlYkFwcCJ9fQ.T7lHRv4o0sROmC2oPJjwM3g-Y6d8pmi3hFRJCYay5kE
Connection: close
Request body:

========================================
2018-01-21 20:46:06 
::1 PUT /synergix-takaful/public-api/v1/tickets/12 HTTP/1.1
HTTP headers:
Host: localhost
Content-Length: 74
User-Agent: Ticketing-WebApp
Authorization: Bearer eyJ0eXAiOiJKV1QiLCJhbGciOiJIUzI1NiJ9.eyJpYXQiOjE1MTY1NDIyNzgsImp0aSI6InpreHkwTlpMZHhwdDkzMkphM3VTa2lKME5kelNDOUxJQnNBdytRMDJGUDQ9IiwiaXNzIjoiOjoxIiwibmJmIjoxNTE2NTQyMjc4LCJleHAiOjE1MTY1NDQwNzgsImRhdGEiOnsidXNlcm5hbWUiOiJhZGlsIiwicGFzc3dvcmQiOiIyZGE4NTM4MTU4OTYzMjM0YjdjNGFiZWViYzI2ZTkxMmQwZjExMWJhIiwiaXAiOiI6OjEiLCJ1c2VyX2FnZW50IjoiVGlja2V0aW5nLVdlYkFwcCJ9fQ.T7lHRv4o0sROmC2oPJjwM3g-Y6d8pmi3hFRJCYay5kE
Connection: close
Content-Type: application/x-www-form-urlencoded
Request body:
ticket_status_id=3&process_date=2018-01-21+20%3A46%3A06&process_user_id=11
========================================
2018-01-21 20:46:07 
::1 POST /synergix-takaful/public-api/v1/ticket_histories HTTP/1.1
HTTP headers:
Host: localhost
Content-Length: 60
User-Agent: Ticketing-WebApp
Authorization: Bearer eyJ0eXAiOiJKV1QiLCJhbGciOiJIUzI1NiJ9.eyJpYXQiOjE1MTY1NDIyNzgsImp0aSI6InpreHkwTlpMZHhwdDkzMkphM3VTa2lKME5kelNDOUxJQnNBdytRMDJGUDQ9IiwiaXNzIjoiOjoxIiwibmJmIjoxNTE2NTQyMjc4LCJleHAiOjE1MTY1NDQwNzgsImRhdGEiOnsidXNlcm5hbWUiOiJhZGlsIiwicGFzc3dvcmQiOiIyZGE4NTM4MTU4OTYzMjM0YjdjNGFiZWViYzI2ZTkxMmQwZjExMWJhIiwiaXAiOiI6OjEiLCJ1c2VyX2FnZW50IjoiVGlja2V0aW5nLVdlYkFwcCJ9fQ.T7lHRv4o0sROmC2oPJjwM3g-Y6d8pmi3hFRJCYay5kE
Connection: close
Content-Type: application/x-www-form-urlencoded
Request body:
ticket_id=12&ticket_status_id=3&user_id=11&note=test+process
========================================
2018-01-21 20:46:08 
::1 GET /synergix-takaful/public-api/v1/tickets?limit=1&ticket_no=1801100012 HTTP/1.1
HTTP headers:
Host: localhost
User-Agent: Ticketing-WebApp
Authorization: Bearer eyJ0eXAiOiJKV1QiLCJhbGciOiJIUzI1NiJ9.eyJpYXQiOjE1MTY1NDIyNzgsImp0aSI6InpreHkwTlpMZHhwdDkzMkphM3VTa2lKME5kelNDOUxJQnNBdytRMDJGUDQ9IiwiaXNzIjoiOjoxIiwibmJmIjoxNTE2NTQyMjc4LCJleHAiOjE1MTY1NDQwNzgsImRhdGEiOnsidXNlcm5hbWUiOiJhZGlsIiwicGFzc3dvcmQiOiIyZGE4NTM4MTU4OTYzMjM0YjdjNGFiZWViYzI2ZTkxMmQwZjExMWJhIiwiaXAiOiI6OjEiLCJ1c2VyX2FnZW50IjoiVGlja2V0aW5nLVdlYkFwcCJ9fQ.T7lHRv4o0sROmC2oPJjwM3g-Y6d8pmi3hFRJCYay5kE
Connection: close
Request body:

========================================
2018-01-21 20:46:10 
::1 GET /synergix-takaful/public-api/v1/tickets/12/ticket_histories HTTP/1.1
HTTP headers:
Host: localhost
User-Agent: Ticketing-WebApp
Authorization: Bearer eyJ0eXAiOiJKV1QiLCJhbGciOiJIUzI1NiJ9.eyJpYXQiOjE1MTY1NDIyNzgsImp0aSI6InpreHkwTlpMZHhwdDkzMkphM3VTa2lKME5kelNDOUxJQnNBdytRMDJGUDQ9IiwiaXNzIjoiOjoxIiwibmJmIjoxNTE2NTQyMjc4LCJleHAiOjE1MTY1NDQwNzgsImRhdGEiOnsidXNlcm5hbWUiOiJhZGlsIiwicGFzc3dvcmQiOiIyZGE4NTM4MTU4OTYzMjM0YjdjNGFiZWViYzI2ZTkxMmQwZjExMWJhIiwiaXAiOiI6OjEiLCJ1c2VyX2FnZW50IjoiVGlja2V0aW5nLVdlYkFwcCJ9fQ.T7lHRv4o0sROmC2oPJjwM3g-Y6d8pmi3hFRJCYay5kE
Connection: close
Request body:

========================================
2018-01-21 20:51:32 
::1 GET /synergix-takaful/public-api/v1/tickets?limit=1&ticket_no=1801100012 HTTP/1.1
HTTP headers:
Host: localhost
User-Agent: Ticketing-WebApp
Authorization: Bearer eyJ0eXAiOiJKV1QiLCJhbGciOiJIUzI1NiJ9.eyJpYXQiOjE1MTY1NDIyNzgsImp0aSI6InpreHkwTlpMZHhwdDkzMkphM3VTa2lKME5kelNDOUxJQnNBdytRMDJGUDQ9IiwiaXNzIjoiOjoxIiwibmJmIjoxNTE2NTQyMjc4LCJleHAiOjE1MTY1NDQwNzgsImRhdGEiOnsidXNlcm5hbWUiOiJhZGlsIiwicGFzc3dvcmQiOiIyZGE4NTM4MTU4OTYzMjM0YjdjNGFiZWViYzI2ZTkxMmQwZjExMWJhIiwiaXAiOiI6OjEiLCJ1c2VyX2FnZW50IjoiVGlja2V0aW5nLVdlYkFwcCJ9fQ.T7lHRv4o0sROmC2oPJjwM3g-Y6d8pmi3hFRJCYay5kE
Connection: close
Request body:

========================================
2018-01-21 20:51:37 
::1 GET /synergix-takaful/public-api/v1/tickets/12/ticket_histories HTTP/1.1
HTTP headers:
Host: localhost
User-Agent: Ticketing-WebApp
Authorization: Bearer eyJ0eXAiOiJKV1QiLCJhbGciOiJIUzI1NiJ9.eyJpYXQiOjE1MTY1NDIyNzgsImp0aSI6InpreHkwTlpMZHhwdDkzMkphM3VTa2lKME5kelNDOUxJQnNBdytRMDJGUDQ9IiwiaXNzIjoiOjoxIiwibmJmIjoxNTE2NTQyMjc4LCJleHAiOjE1MTY1NDQwNzgsImRhdGEiOnsidXNlcm5hbWUiOiJhZGlsIiwicGFzc3dvcmQiOiIyZGE4NTM4MTU4OTYzMjM0YjdjNGFiZWViYzI2ZTkxMmQwZjExMWJhIiwiaXAiOiI6OjEiLCJ1c2VyX2FnZW50IjoiVGlja2V0aW5nLVdlYkFwcCJ9fQ.T7lHRv4o0sROmC2oPJjwM3g-Y6d8pmi3hFRJCYay5kE
Connection: close
Request body:

========================================
2018-01-21 20:56:35 
::1 GET /synergix-takaful/public-api/v1/tickets?limit=1&ticket_no=1801100012 HTTP/1.1
HTTP headers:
Host: localhost
User-Agent: Ticketing-WebApp
Authorization: Bearer eyJ0eXAiOiJKV1QiLCJhbGciOiJIUzI1NiJ9.eyJpYXQiOjE1MTY1NDIyNzgsImp0aSI6InpreHkwTlpMZHhwdDkzMkphM3VTa2lKME5kelNDOUxJQnNBdytRMDJGUDQ9IiwiaXNzIjoiOjoxIiwibmJmIjoxNTE2NTQyMjc4LCJleHAiOjE1MTY1NDQwNzgsImRhdGEiOnsidXNlcm5hbWUiOiJhZGlsIiwicGFzc3dvcmQiOiIyZGE4NTM4MTU4OTYzMjM0YjdjNGFiZWViYzI2ZTkxMmQwZjExMWJhIiwiaXAiOiI6OjEiLCJ1c2VyX2FnZW50IjoiVGlja2V0aW5nLVdlYkFwcCJ9fQ.T7lHRv4o0sROmC2oPJjwM3g-Y6d8pmi3hFRJCYay5kE
Connection: close
Request body:

========================================
2018-01-21 20:56:40 
::1 GET /synergix-takaful/public-api/v1/tickets/12/ticket_histories HTTP/1.1
HTTP headers:
Host: localhost
User-Agent: Ticketing-WebApp
Authorization: Bearer eyJ0eXAiOiJKV1QiLCJhbGciOiJIUzI1NiJ9.eyJpYXQiOjE1MTY1NDIyNzgsImp0aSI6InpreHkwTlpMZHhwdDkzMkphM3VTa2lKME5kelNDOUxJQnNBdytRMDJGUDQ9IiwiaXNzIjoiOjoxIiwibmJmIjoxNTE2NTQyMjc4LCJleHAiOjE1MTY1NDQwNzgsImRhdGEiOnsidXNlcm5hbWUiOiJhZGlsIiwicGFzc3dvcmQiOiIyZGE4NTM4MTU4OTYzMjM0YjdjNGFiZWViYzI2ZTkxMmQwZjExMWJhIiwiaXAiOiI6OjEiLCJ1c2VyX2FnZW50IjoiVGlja2V0aW5nLVdlYkFwcCJ9fQ.T7lHRv4o0sROmC2oPJjwM3g-Y6d8pmi3hFRJCYay5kE
Connection: close
Request body:

========================================
2018-01-21 20:56:41 
::1 GET /synergix-takaful/public-api/v1/ticket_status_details/active?ticket_status_id=4 HTTP/1.1
HTTP headers:
Host: localhost
User-Agent: Ticketing-WebApp
Authorization: Bearer eyJ0eXAiOiJKV1QiLCJhbGciOiJIUzI1NiJ9.eyJpYXQiOjE1MTY1NDIyNzgsImp0aSI6InpreHkwTlpMZHhwdDkzMkphM3VTa2lKME5kelNDOUxJQnNBdytRMDJGUDQ9IiwiaXNzIjoiOjoxIiwibmJmIjoxNTE2NTQyMjc4LCJleHAiOjE1MTY1NDQwNzgsImRhdGEiOnsidXNlcm5hbWUiOiJhZGlsIiwicGFzc3dvcmQiOiIyZGE4NTM4MTU4OTYzMjM0YjdjNGFiZWViYzI2ZTkxMmQwZjExMWJhIiwiaXAiOiI6OjEiLCJ1c2VyX2FnZW50IjoiVGlja2V0aW5nLVdlYkFwcCJ9fQ.T7lHRv4o0sROmC2oPJjwM3g-Y6d8pmi3hFRJCYay5kE
Connection: close
Request body:

========================================
2018-01-21 21:16:32 
::1 GET /synergix-takaful/public-api/v1/media_tickets?ticket_id=12&order=created&sort=asc HTTP/1.1
HTTP headers:
Host: localhost
User-Agent: Ticketing-WebApp
Authorization: Bearer eyJ0eXAiOiJKV1QiLCJhbGciOiJIUzI1NiJ9.eyJpYXQiOjE1MTY1NDIyNzgsImp0aSI6InpreHkwTlpMZHhwdDkzMkphM3VTa2lKME5kelNDOUxJQnNBdytRMDJGUDQ9IiwiaXNzIjoiOjoxIiwibmJmIjoxNTE2NTQyMjc4LCJleHAiOjE1MTY1NDQwNzgsImRhdGEiOnsidXNlcm5hbWUiOiJhZGlsIiwicGFzc3dvcmQiOiIyZGE4NTM4MTU4OTYzMjM0YjdjNGFiZWViYzI2ZTkxMmQwZjExMWJhIiwiaXAiOiI6OjEiLCJ1c2VyX2FnZW50IjoiVGlja2V0aW5nLVdlYkFwcCJ9fQ.T7lHRv4o0sROmC2oPJjwM3g-Y6d8pmi3hFRJCYay5kE
Connection: close
Request body:

========================================
2018-01-21 21:16:32 
::1 POST /synergix-takaful/public-api/v1/users/token HTTP/1.1
HTTP headers:
Host: localhost
Content-Length: 31
User-Agent: Ticketing-WebApp
Connection: close
Content-Type: application/x-www-form-urlencoded
Request body:
username=adil&password=adil1234
========================================
2018-01-21 21:16:34 
::1 GET /synergix-takaful/public-api/v1/media_tickets?ticket_id=12&order=created&sort=asc HTTP/1.1
HTTP headers:
Host: localhost
User-Agent: Ticketing-WebApp
Authorization: Bearer eyJ0eXAiOiJKV1QiLCJhbGciOiJIUzI1NiJ9.eyJpYXQiOjE1MTY1NDQxOTMsImp0aSI6InlsbHR6bExJT0dQZlVOMWNSa08xK0VcL0dDWXpWU3ZoQnlwclMrWFROSk9ZPSIsImlzcyI6Ijo6MSIsIm5iZiI6MTUxNjU0NDE5MywiZXhwIjoxNTE2NTQ1OTkzLCJkYXRhIjp7InVzZXJuYW1lIjoiYWRpbCIsInBhc3N3b3JkIjoiMmRhODUzODE1ODk2MzIzNGI3YzRhYmVlYmMyNmU5MTJkMGYxMTFiYSIsImlwIjoiOjoxIiwidXNlcl9hZ2VudCI6IlRpY2tldGluZy1XZWJBcHAifX0.TkK8z-z01ErvgpQZMsUD2c8XKkGTVI_PjzjqSCyz8TM
Connection: close
Request body:

========================================
2018-01-21 21:16:35 
::1 GET /synergix-takaful/public-api/v1/tickets/12/ticket_histories HTTP/1.1
HTTP headers:
Host: localhost
User-Agent: Ticketing-WebApp
Authorization: Bearer eyJ0eXAiOiJKV1QiLCJhbGciOiJIUzI1NiJ9.eyJpYXQiOjE1MTY1NDQxOTMsImp0aSI6InlsbHR6bExJT0dQZlVOMWNSa08xK0VcL0dDWXpWU3ZoQnlwclMrWFROSk9ZPSIsImlzcyI6Ijo6MSIsIm5iZiI6MTUxNjU0NDE5MywiZXhwIjoxNTE2NTQ1OTkzLCJkYXRhIjp7InVzZXJuYW1lIjoiYWRpbCIsInBhc3N3b3JkIjoiMmRhODUzODE1ODk2MzIzNGI3YzRhYmVlYmMyNmU5MTJkMGYxMTFiYSIsImlwIjoiOjoxIiwidXNlcl9hZ2VudCI6IlRpY2tldGluZy1XZWJBcHAifX0.TkK8z-z01ErvgpQZMsUD2c8XKkGTVI_PjzjqSCyz8TM
Connection: close
Request body:

========================================
2018-01-21 21:16:38 
::1 GET /synergix-takaful/public-api/v1/media_tickets?ticket_id=12&order=created&sort=asc HTTP/1.1
HTTP headers:
Host: localhost
User-Agent: Ticketing-WebApp
Authorization: Bearer eyJ0eXAiOiJKV1QiLCJhbGciOiJIUzI1NiJ9.eyJpYXQiOjE1MTY1NDQxOTMsImp0aSI6InlsbHR6bExJT0dQZlVOMWNSa08xK0VcL0dDWXpWU3ZoQnlwclMrWFROSk9ZPSIsImlzcyI6Ijo6MSIsIm5iZiI6MTUxNjU0NDE5MywiZXhwIjoxNTE2NTQ1OTkzLCJkYXRhIjp7InVzZXJuYW1lIjoiYWRpbCIsInBhc3N3b3JkIjoiMmRhODUzODE1ODk2MzIzNGI3YzRhYmVlYmMyNmU5MTJkMGYxMTFiYSIsImlwIjoiOjoxIiwidXNlcl9hZ2VudCI6IlRpY2tldGluZy1XZWJBcHAifX0.TkK8z-z01ErvgpQZMsUD2c8XKkGTVI_PjzjqSCyz8TM
Connection: close
Request body:

========================================
2018-01-21 21:16:46 
::1 GET /synergix-takaful/public-api/v1/tickets/12/ticket_histories HTTP/1.1
HTTP headers:
Host: localhost
User-Agent: Ticketing-WebApp
Authorization: Bearer eyJ0eXAiOiJKV1QiLCJhbGciOiJIUzI1NiJ9.eyJpYXQiOjE1MTY1NDQxOTMsImp0aSI6InlsbHR6bExJT0dQZlVOMWNSa08xK0VcL0dDWXpWU3ZoQnlwclMrWFROSk9ZPSIsImlzcyI6Ijo6MSIsIm5iZiI6MTUxNjU0NDE5MywiZXhwIjoxNTE2NTQ1OTkzLCJkYXRhIjp7InVzZXJuYW1lIjoiYWRpbCIsInBhc3N3b3JkIjoiMmRhODUzODE1ODk2MzIzNGI3YzRhYmVlYmMyNmU5MTJkMGYxMTFiYSIsImlwIjoiOjoxIiwidXNlcl9hZ2VudCI6IlRpY2tldGluZy1XZWJBcHAifX0.TkK8z-z01ErvgpQZMsUD2c8XKkGTVI_PjzjqSCyz8TM
Connection: close
Request body:

========================================
2018-01-21 21:16:55 
::1 GET /synergix-takaful/public-api/v1/tickets/12/ticket_attachments HTTP/1.1
HTTP headers:
Host: localhost
User-Agent: Ticketing-WebApp
Authorization: Bearer eyJ0eXAiOiJKV1QiLCJhbGciOiJIUzI1NiJ9.eyJpYXQiOjE1MTY1NDQxOTMsImp0aSI6InlsbHR6bExJT0dQZlVOMWNSa08xK0VcL0dDWXpWU3ZoQnlwclMrWFROSk9ZPSIsImlzcyI6Ijo6MSIsIm5iZiI6MTUxNjU0NDE5MywiZXhwIjoxNTE2NTQ1OTkzLCJkYXRhIjp7InVzZXJuYW1lIjoiYWRpbCIsInBhc3N3b3JkIjoiMmRhODUzODE1ODk2MzIzNGI3YzRhYmVlYmMyNmU5MTJkMGYxMTFiYSIsImlwIjoiOjoxIiwidXNlcl9hZ2VudCI6IlRpY2tldGluZy1XZWJBcHAifX0.TkK8z-z01ErvgpQZMsUD2c8XKkGTVI_PjzjqSCyz8TM
Connection: close
Request body:

========================================
2018-01-21 21:16:57 
::1 GET /synergix-takaful/public-api/v1/tickets/12/ticket_histories HTTP/1.1
HTTP headers:
Host: localhost
User-Agent: Ticketing-WebApp
Authorization: Bearer eyJ0eXAiOiJKV1QiLCJhbGciOiJIUzI1NiJ9.eyJpYXQiOjE1MTY1NDQxOTMsImp0aSI6InlsbHR6bExJT0dQZlVOMWNSa08xK0VcL0dDWXpWU3ZoQnlwclMrWFROSk9ZPSIsImlzcyI6Ijo6MSIsIm5iZiI6MTUxNjU0NDE5MywiZXhwIjoxNTE2NTQ1OTkzLCJkYXRhIjp7InVzZXJuYW1lIjoiYWRpbCIsInBhc3N3b3JkIjoiMmRhODUzODE1ODk2MzIzNGI3YzRhYmVlYmMyNmU5MTJkMGYxMTFiYSIsImlwIjoiOjoxIiwidXNlcl9hZ2VudCI6IlRpY2tldGluZy1XZWJBcHAifX0.TkK8z-z01ErvgpQZMsUD2c8XKkGTVI_PjzjqSCyz8TM
Connection: close
Request body:

========================================
2018-01-21 21:18:12 
::1 GET /synergix-takaful/public-api/v1/tickets?limit=20&start=1516467600&end=1516467600 HTTP/1.1
HTTP headers:
Host: localhost
User-Agent: Ticketing-WebApp
Authorization: Bearer eyJ0eXAiOiJKV1QiLCJhbGciOiJIUzI1NiJ9.eyJpYXQiOjE1MTY1NDQxOTMsImp0aSI6InlsbHR6bExJT0dQZlVOMWNSa08xK0VcL0dDWXpWU3ZoQnlwclMrWFROSk9ZPSIsImlzcyI6Ijo6MSIsIm5iZiI6MTUxNjU0NDE5MywiZXhwIjoxNTE2NTQ1OTkzLCJkYXRhIjp7InVzZXJuYW1lIjoiYWRpbCIsInBhc3N3b3JkIjoiMmRhODUzODE1ODk2MzIzNGI3YzRhYmVlYmMyNmU5MTJkMGYxMTFiYSIsImlwIjoiOjoxIiwidXNlcl9hZ2VudCI6IlRpY2tldGluZy1XZWJBcHAifX0.TkK8z-z01ErvgpQZMsUD2c8XKkGTVI_PjzjqSCyz8TM
Connection: close
Request body:

========================================
2018-01-21 21:18:18 
::1 GET /synergix-takaful/public-api/v1/tickets?limit=20 HTTP/1.1
HTTP headers:
Host: localhost
User-Agent: Ticketing-WebApp
Authorization: Bearer eyJ0eXAiOiJKV1QiLCJhbGciOiJIUzI1NiJ9.eyJpYXQiOjE1MTY1NDQxOTMsImp0aSI6InlsbHR6bExJT0dQZlVOMWNSa08xK0VcL0dDWXpWU3ZoQnlwclMrWFROSk9ZPSIsImlzcyI6Ijo6MSIsIm5iZiI6MTUxNjU0NDE5MywiZXhwIjoxNTE2NTQ1OTkzLCJkYXRhIjp7InVzZXJuYW1lIjoiYWRpbCIsInBhc3N3b3JkIjoiMmRhODUzODE1ODk2MzIzNGI3YzRhYmVlYmMyNmU5MTJkMGYxMTFiYSIsImlwIjoiOjoxIiwidXNlcl9hZ2VudCI6IlRpY2tldGluZy1XZWJBcHAifX0.TkK8z-z01ErvgpQZMsUD2c8XKkGTVI_PjzjqSCyz8TM
Connection: close
Request body:

========================================
2018-01-21 21:29:31 
::1 GET /synergix-takaful/public-api/v1/tickets?limit=1&ticket_no=1801100011 HTTP/1.1
HTTP headers:
Host: localhost
User-Agent: Ticketing-WebApp
Authorization: Bearer eyJ0eXAiOiJKV1QiLCJhbGciOiJIUzI1NiJ9.eyJpYXQiOjE1MTY1NDQxOTMsImp0aSI6InlsbHR6bExJT0dQZlVOMWNSa08xK0VcL0dDWXpWU3ZoQnlwclMrWFROSk9ZPSIsImlzcyI6Ijo6MSIsIm5iZiI6MTUxNjU0NDE5MywiZXhwIjoxNTE2NTQ1OTkzLCJkYXRhIjp7InVzZXJuYW1lIjoiYWRpbCIsInBhc3N3b3JkIjoiMmRhODUzODE1ODk2MzIzNGI3YzRhYmVlYmMyNmU5MTJkMGYxMTFiYSIsImlwIjoiOjoxIiwidXNlcl9hZ2VudCI6IlRpY2tldGluZy1XZWJBcHAifX0.TkK8z-z01ErvgpQZMsUD2c8XKkGTVI_PjzjqSCyz8TM
Connection: close
Request body:

========================================
2018-01-21 21:29:31 
::1 GET /synergix-takaful/public-api/v1/ticket_subcategories?is_active=1&ticket_category_id=7 HTTP/1.1
HTTP headers:
Host: localhost
User-Agent: Ticketing-WebApp
Authorization: Bearer eyJ0eXAiOiJKV1QiLCJhbGciOiJIUzI1NiJ9.eyJpYXQiOjE1MTY1NDQxOTMsImp0aSI6InlsbHR6bExJT0dQZlVOMWNSa08xK0VcL0dDWXpWU3ZoQnlwclMrWFROSk9ZPSIsImlzcyI6Ijo6MSIsIm5iZiI6MTUxNjU0NDE5MywiZXhwIjoxNTE2NTQ1OTkzLCJkYXRhIjp7InVzZXJuYW1lIjoiYWRpbCIsInBhc3N3b3JkIjoiMmRhODUzODE1ODk2MzIzNGI3YzRhYmVlYmMyNmU5MTJkMGYxMTFiYSIsImlwIjoiOjoxIiwidXNlcl9hZ2VudCI6IlRpY2tldGluZy1XZWJBcHAifX0.TkK8z-z01ErvgpQZMsUD2c8XKkGTVI_PjzjqSCyz8TM
Connection: close
Request body:

========================================
2018-01-21 21:29:38 
::1 GET /synergix-takaful/public-api/v1/tickets/11/ticket_histories HTTP/1.1
HTTP headers:
Host: localhost
User-Agent: Ticketing-WebApp
Authorization: Bearer eyJ0eXAiOiJKV1QiLCJhbGciOiJIUzI1NiJ9.eyJpYXQiOjE1MTY1NDQxOTMsImp0aSI6InlsbHR6bExJT0dQZlVOMWNSa08xK0VcL0dDWXpWU3ZoQnlwclMrWFROSk9ZPSIsImlzcyI6Ijo6MSIsIm5iZiI6MTUxNjU0NDE5MywiZXhwIjoxNTE2NTQ1OTkzLCJkYXRhIjp7InVzZXJuYW1lIjoiYWRpbCIsInBhc3N3b3JkIjoiMmRhODUzODE1ODk2MzIzNGI3YzRhYmVlYmMyNmU5MTJkMGYxMTFiYSIsImlwIjoiOjoxIiwidXNlcl9hZ2VudCI6IlRpY2tldGluZy1XZWJBcHAifX0.TkK8z-z01ErvgpQZMsUD2c8XKkGTVI_PjzjqSCyz8TM
Connection: close
Request body:

========================================
2018-01-21 21:29:46 
::1 GET /synergix-takaful/public-api/v1/media_tickets?ticket_id=11&order=created&sort=asc HTTP/1.1
HTTP headers:
Host: localhost
User-Agent: Ticketing-WebApp
Authorization: Bearer eyJ0eXAiOiJKV1QiLCJhbGciOiJIUzI1NiJ9.eyJpYXQiOjE1MTY1NDQxOTMsImp0aSI6InlsbHR6bExJT0dQZlVOMWNSa08xK0VcL0dDWXpWU3ZoQnlwclMrWFROSk9ZPSIsImlzcyI6Ijo6MSIsIm5iZiI6MTUxNjU0NDE5MywiZXhwIjoxNTE2NTQ1OTkzLCJkYXRhIjp7InVzZXJuYW1lIjoiYWRpbCIsInBhc3N3b3JkIjoiMmRhODUzODE1ODk2MzIzNGI3YzRhYmVlYmMyNmU5MTJkMGYxMTFiYSIsImlwIjoiOjoxIiwidXNlcl9hZ2VudCI6IlRpY2tldGluZy1XZWJBcHAifX0.TkK8z-z01ErvgpQZMsUD2c8XKkGTVI_PjzjqSCyz8TM
Connection: close
Request body:

========================================
2018-01-21 21:29:48 
::1 GET /synergix-takaful/public-api/v1/tickets/11/ticket_histories HTTP/1.1
HTTP headers:
Host: localhost
User-Agent: Ticketing-WebApp
Authorization: Bearer eyJ0eXAiOiJKV1QiLCJhbGciOiJIUzI1NiJ9.eyJpYXQiOjE1MTY1NDQxOTMsImp0aSI6InlsbHR6bExJT0dQZlVOMWNSa08xK0VcL0dDWXpWU3ZoQnlwclMrWFROSk9ZPSIsImlzcyI6Ijo6MSIsIm5iZiI6MTUxNjU0NDE5MywiZXhwIjoxNTE2NTQ1OTkzLCJkYXRhIjp7InVzZXJuYW1lIjoiYWRpbCIsInBhc3N3b3JkIjoiMmRhODUzODE1ODk2MzIzNGI3YzRhYmVlYmMyNmU5MTJkMGYxMTFiYSIsImlwIjoiOjoxIiwidXNlcl9hZ2VudCI6IlRpY2tldGluZy1XZWJBcHAifX0.TkK8z-z01ErvgpQZMsUD2c8XKkGTVI_PjzjqSCyz8TM
Connection: close
Request body:

========================================
2018-01-21 21:34:52 
::1 GET /synergix-takaful/public-api/v1/tickets?limit=1&ticket_no=1801100011 HTTP/1.1
HTTP headers:
Host: localhost
User-Agent: Ticketing-WebApp
Authorization: Bearer eyJ0eXAiOiJKV1QiLCJhbGciOiJIUzI1NiJ9.eyJpYXQiOjE1MTY1NDQxOTMsImp0aSI6InlsbHR6bExJT0dQZlVOMWNSa08xK0VcL0dDWXpWU3ZoQnlwclMrWFROSk9ZPSIsImlzcyI6Ijo6MSIsIm5iZiI6MTUxNjU0NDE5MywiZXhwIjoxNTE2NTQ1OTkzLCJkYXRhIjp7InVzZXJuYW1lIjoiYWRpbCIsInBhc3N3b3JkIjoiMmRhODUzODE1ODk2MzIzNGI3YzRhYmVlYmMyNmU5MTJkMGYxMTFiYSIsImlwIjoiOjoxIiwidXNlcl9hZ2VudCI6IlRpY2tldGluZy1XZWJBcHAifX0.TkK8z-z01ErvgpQZMsUD2c8XKkGTVI_PjzjqSCyz8TM
Connection: close
Request body:

========================================
2018-01-21 21:35:01 
::1 GET /synergix-takaful/public-api/v1/tickets/11/ticket_histories HTTP/1.1
HTTP headers:
Host: localhost
User-Agent: Ticketing-WebApp
Authorization: Bearer eyJ0eXAiOiJKV1QiLCJhbGciOiJIUzI1NiJ9.eyJpYXQiOjE1MTY1NDQxOTMsImp0aSI6InlsbHR6bExJT0dQZlVOMWNSa08xK0VcL0dDWXpWU3ZoQnlwclMrWFROSk9ZPSIsImlzcyI6Ijo6MSIsIm5iZiI6MTUxNjU0NDE5MywiZXhwIjoxNTE2NTQ1OTkzLCJkYXRhIjp7InVzZXJuYW1lIjoiYWRpbCIsInBhc3N3b3JkIjoiMmRhODUzODE1ODk2MzIzNGI3YzRhYmVlYmMyNmU5MTJkMGYxMTFiYSIsImlwIjoiOjoxIiwidXNlcl9hZ2VudCI6IlRpY2tldGluZy1XZWJBcHAifX0.TkK8z-z01ErvgpQZMsUD2c8XKkGTVI_PjzjqSCyz8TM
Connection: close
Request body:

========================================
