2018-08-09 10:38:00 
::1 POST /tourism/public-api/v1/users/token HTTP/1.1
HTTP headers:
Host: localhost
Content-Length: 25
User-Agent: Ticketing-WebApp
Connection: close
Content-Type: application/x-www-form-urlencoded
Request body:
username=ade&password=ade
========================================
2018-08-09 10:38:02 
::1 GET /tourism/public-api/v1/users/1 HTTP/1.1
HTTP headers:
Host: localhost
User-Agent: Ticketing-WebApp
Authorization: Bearer eyJ0eXAiOiJKV1QiLCJhbGciOiJIUzI1NiJ9.eyJpYXQiOjE1MzM3ODU4ODEsImp0aSI6ImhnekczRFRicWdreER0TDQxRVVvMEdIa2s1NmIyVGxkSXZhWlpJY3oxemM9IiwiaXNzIjoiOjoxIiwibmJmIjoxNTMzNzg1ODgxLCJleHAiOjE1MzM3ODc2ODEsImRhdGEiOnsidXNlcm5hbWUiOiJhZGUiLCJwYXNzd29yZCI6ImI3MDE2NmQyMzU5ZTU1ZmYzNDg0ZjVkNzAyMGM3MGQ4NmQ4OTA3OTYiLCJpcCI6Ijo6MSIsInVzZXJfYWdlbnQiOiJUaWNrZXRpbmctV2ViQXBwIn19.4rIJ-zE_bQJZym4fq6Hn8ouXpjbcfebR2JX1zkz60DY
Connection: close
Request body:

========================================
2018-08-09 10:38:13 
::1 GET /tourism/public-api/v1/destination_accounts/active HTTP/1.1
HTTP headers:
Host: localhost
User-Agent: Ticketing-WebApp
Authorization: Bearer eyJ0eXAiOiJKV1QiLCJhbGciOiJIUzI1NiJ9.eyJpYXQiOjE1MzM3ODU4ODEsImp0aSI6ImhnekczRFRicWdreER0TDQxRVVvMEdIa2s1NmIyVGxkSXZhWlpJY3oxemM9IiwiaXNzIjoiOjoxIiwibmJmIjoxNTMzNzg1ODgxLCJleHAiOjE1MzM3ODc2ODEsImRhdGEiOnsidXNlcm5hbWUiOiJhZGUiLCJwYXNzd29yZCI6ImI3MDE2NmQyMzU5ZTU1ZmYzNDg0ZjVkNzAyMGM3MGQ4NmQ4OTA3OTYiLCJpcCI6Ijo6MSIsInVzZXJfYWdlbnQiOiJUaWNrZXRpbmctV2ViQXBwIn19.4rIJ-zE_bQJZym4fq6Hn8ouXpjbcfebR2JX1zkz60DY
Connection: close
Request body:

========================================
2018-08-09 10:55:05 
::1 GET /tourism/public-api/v1/destination_accounts/active HTTP/1.1
HTTP headers:
Host: localhost
User-Agent: Ticketing-WebApp
Authorization: Bearer eyJ0eXAiOiJKV1QiLCJhbGciOiJIUzI1NiJ9.eyJpYXQiOjE1MzM3ODU4ODEsImp0aSI6ImhnekczRFRicWdreER0TDQxRVVvMEdIa2s1NmIyVGxkSXZhWlpJY3oxemM9IiwiaXNzIjoiOjoxIiwibmJmIjoxNTMzNzg1ODgxLCJleHAiOjE1MzM3ODc2ODEsImRhdGEiOnsidXNlcm5hbWUiOiJhZGUiLCJwYXNzd29yZCI6ImI3MDE2NmQyMzU5ZTU1ZmYzNDg0ZjVkNzAyMGM3MGQ4NmQ4OTA3OTYiLCJpcCI6Ijo6MSIsInVzZXJfYWdlbnQiOiJUaWNrZXRpbmctV2ViQXBwIn19.4rIJ-zE_bQJZym4fq6Hn8ouXpjbcfebR2JX1zkz60DY
Connection: close
Request body:

========================================
2018-08-09 11:02:18 
::1 GET /tourism/public-api/v1/destination_accounts/active HTTP/1.1
HTTP headers:
Host: localhost
User-Agent: Ticketing-WebApp
Authorization: Bearer eyJ0eXAiOiJKV1QiLCJhbGciOiJIUzI1NiJ9.eyJpYXQiOjE1MzM3ODU4ODEsImp0aSI6ImhnekczRFRicWdreER0TDQxRVVvMEdIa2s1NmIyVGxkSXZhWlpJY3oxemM9IiwiaXNzIjoiOjoxIiwibmJmIjoxNTMzNzg1ODgxLCJleHAiOjE1MzM3ODc2ODEsImRhdGEiOnsidXNlcm5hbWUiOiJhZGUiLCJwYXNzd29yZCI6ImI3MDE2NmQyMzU5ZTU1ZmYzNDg0ZjVkNzAyMGM3MGQ4NmQ4OTA3OTYiLCJpcCI6Ijo6MSIsInVzZXJfYWdlbnQiOiJUaWNrZXRpbmctV2ViQXBwIn19.4rIJ-zE_bQJZym4fq6Hn8ouXpjbcfebR2JX1zkz60DY
Connection: close
Request body:

========================================
2018-08-09 11:02:32 
::1 GET /tourism/public-api/v1/destination_accounts/active HTTP/1.1
HTTP headers:
Host: localhost
User-Agent: Ticketing-WebApp
Authorization: Bearer eyJ0eXAiOiJKV1QiLCJhbGciOiJIUzI1NiJ9.eyJpYXQiOjE1MzM3ODU4ODEsImp0aSI6ImhnekczRFRicWdreER0TDQxRVVvMEdIa2s1NmIyVGxkSXZhWlpJY3oxemM9IiwiaXNzIjoiOjoxIiwibmJmIjoxNTMzNzg1ODgxLCJleHAiOjE1MzM3ODc2ODEsImRhdGEiOnsidXNlcm5hbWUiOiJhZGUiLCJwYXNzd29yZCI6ImI3MDE2NmQyMzU5ZTU1ZmYzNDg0ZjVkNzAyMGM3MGQ4NmQ4OTA3OTYiLCJpcCI6Ijo6MSIsInVzZXJfYWdlbnQiOiJUaWNrZXRpbmctV2ViQXBwIn19.4rIJ-zE_bQJZym4fq6Hn8ouXpjbcfebR2JX1zkz60DY
Connection: close
Request body:

========================================
2018-08-09 11:04:07 
::1 GET /tourism/public-api/v1/destination_accounts/active HTTP/1.1
HTTP headers:
Host: localhost
User-Agent: Ticketing-WebApp
Authorization: Bearer eyJ0eXAiOiJKV1QiLCJhbGciOiJIUzI1NiJ9.eyJpYXQiOjE1MzM3ODU4ODEsImp0aSI6ImhnekczRFRicWdreER0TDQxRVVvMEdIa2s1NmIyVGxkSXZhWlpJY3oxemM9IiwiaXNzIjoiOjoxIiwibmJmIjoxNTMzNzg1ODgxLCJleHAiOjE1MzM3ODc2ODEsImRhdGEiOnsidXNlcm5hbWUiOiJhZGUiLCJwYXNzd29yZCI6ImI3MDE2NmQyMzU5ZTU1ZmYzNDg0ZjVkNzAyMGM3MGQ4NmQ4OTA3OTYiLCJpcCI6Ijo6MSIsInVzZXJfYWdlbnQiOiJUaWNrZXRpbmctV2ViQXBwIn19.4rIJ-zE_bQJZym4fq6Hn8ouXpjbcfebR2JX1zkz60DY
Connection: close
Request body:

========================================
2018-08-09 11:05:43 
::1 GET /tourism/public-api/v1/destination_accounts/active HTTP/1.1
HTTP headers:
Host: localhost
User-Agent: Ticketing-WebApp
Authorization: Bearer eyJ0eXAiOiJKV1QiLCJhbGciOiJIUzI1NiJ9.eyJpYXQiOjE1MzM3ODU4ODEsImp0aSI6ImhnekczRFRicWdreER0TDQxRVVvMEdIa2s1NmIyVGxkSXZhWlpJY3oxemM9IiwiaXNzIjoiOjoxIiwibmJmIjoxNTMzNzg1ODgxLCJleHAiOjE1MzM3ODc2ODEsImRhdGEiOnsidXNlcm5hbWUiOiJhZGUiLCJwYXNzd29yZCI6ImI3MDE2NmQyMzU5ZTU1ZmYzNDg0ZjVkNzAyMGM3MGQ4NmQ4OTA3OTYiLCJpcCI6Ijo6MSIsInVzZXJfYWdlbnQiOiJUaWNrZXRpbmctV2ViQXBwIn19.4rIJ-zE_bQJZym4fq6Hn8ouXpjbcfebR2JX1zkz60DY
Connection: close
Request body:

========================================
2018-08-09 11:06:01 
::1 GET /tourism/public-api/v1/destination_accounts/active HTTP/1.1
HTTP headers:
Host: localhost
User-Agent: Ticketing-WebApp
Authorization: Bearer eyJ0eXAiOiJKV1QiLCJhbGciOiJIUzI1NiJ9.eyJpYXQiOjE1MzM3ODU4ODEsImp0aSI6ImhnekczRFRicWdreER0TDQxRVVvMEdIa2s1NmIyVGxkSXZhWlpJY3oxemM9IiwiaXNzIjoiOjoxIiwibmJmIjoxNTMzNzg1ODgxLCJleHAiOjE1MzM3ODc2ODEsImRhdGEiOnsidXNlcm5hbWUiOiJhZGUiLCJwYXNzd29yZCI6ImI3MDE2NmQyMzU5ZTU1ZmYzNDg0ZjVkNzAyMGM3MGQ4NmQ4OTA3OTYiLCJpcCI6Ijo6MSIsInVzZXJfYWdlbnQiOiJUaWNrZXRpbmctV2ViQXBwIn19.4rIJ-zE_bQJZym4fq6Hn8ouXpjbcfebR2JX1zkz60DY
Connection: close
Request body:

========================================
2018-08-09 11:06:51 
::1 GET /tourism/public-api/v1/destination_accounts/1 HTTP/1.1
HTTP headers:
Host: localhost
User-Agent: Ticketing-WebApp
Authorization: Bearer eyJ0eXAiOiJKV1QiLCJhbGciOiJIUzI1NiJ9.eyJpYXQiOjE1MzM3ODU4ODEsImp0aSI6ImhnekczRFRicWdreER0TDQxRVVvMEdIa2s1NmIyVGxkSXZhWlpJY3oxemM9IiwiaXNzIjoiOjoxIiwibmJmIjoxNTMzNzg1ODgxLCJleHAiOjE1MzM3ODc2ODEsImRhdGEiOnsidXNlcm5hbWUiOiJhZGUiLCJwYXNzd29yZCI6ImI3MDE2NmQyMzU5ZTU1ZmYzNDg0ZjVkNzAyMGM3MGQ4NmQ4OTA3OTYiLCJpcCI6Ijo6MSIsInVzZXJfYWdlbnQiOiJUaWNrZXRpbmctV2ViQXBwIn19.4rIJ-zE_bQJZym4fq6Hn8ouXpjbcfebR2JX1zkz60DY
Connection: close
Request body:

========================================
2018-08-09 11:21:13 
::1 GET /tourism/public-api/v1/destination_accounts/active HTTP/1.1
HTTP headers:
Host: localhost
User-Agent: Ticketing-WebApp
Authorization: Bearer eyJ0eXAiOiJKV1QiLCJhbGciOiJIUzI1NiJ9.eyJpYXQiOjE1MzM3ODU4ODEsImp0aSI6ImhnekczRFRicWdreER0TDQxRVVvMEdIa2s1NmIyVGxkSXZhWlpJY3oxemM9IiwiaXNzIjoiOjoxIiwibmJmIjoxNTMzNzg1ODgxLCJleHAiOjE1MzM3ODc2ODEsImRhdGEiOnsidXNlcm5hbWUiOiJhZGUiLCJwYXNzd29yZCI6ImI3MDE2NmQyMzU5ZTU1ZmYzNDg0ZjVkNzAyMGM3MGQ4NmQ4OTA3OTYiLCJpcCI6Ijo6MSIsInVzZXJfYWdlbnQiOiJUaWNrZXRpbmctV2ViQXBwIn19.4rIJ-zE_bQJZym4fq6Hn8ouXpjbcfebR2JX1zkz60DY
Connection: close
Request body:

========================================
2018-08-09 11:21:13 
::1 POST /tourism/public-api/v1/users/token HTTP/1.1
HTTP headers:
Host: localhost
Content-Length: 25
User-Agent: Ticketing-WebApp
Connection: close
Content-Type: application/x-www-form-urlencoded
Request body:
username=ade&password=ade
========================================
2018-08-09 11:21:14 
::1 GET /tourism/public-api/v1/destination_accounts/active HTTP/1.1
HTTP headers:
Host: localhost
User-Agent: Ticketing-WebApp
Authorization: Bearer eyJ0eXAiOiJKV1QiLCJhbGciOiJIUzI1NiJ9.eyJpYXQiOjE1MzM3ODg0NzMsImp0aSI6IkxPczYxNkh3dHdpM1NHZ2VRb2ZoN1B1V3BGS1htVmNLbUVGOStEWjBTSnM9IiwiaXNzIjoiOjoxIiwibmJmIjoxNTMzNzg4NDczLCJleHAiOjE1MzM3OTAyNzMsImRhdGEiOnsidXNlcm5hbWUiOiJhZGUiLCJwYXNzd29yZCI6ImI3MDE2NmQyMzU5ZTU1ZmYzNDg0ZjVkNzAyMGM3MGQ4NmQ4OTA3OTYiLCJpcCI6Ijo6MSIsInVzZXJfYWdlbnQiOiJUaWNrZXRpbmctV2ViQXBwIn19.6qK9DGxp52omCpyPe3Udxpc76qrGUEUrtoNpACnqtrQ
Connection: close
Request body:

========================================
2018-08-09 11:21:20 
::1 GET /tourism/public-api/v1/destination_accounts/1 HTTP/1.1
HTTP headers:
Host: localhost
User-Agent: Ticketing-WebApp
Authorization: Bearer eyJ0eXAiOiJKV1QiLCJhbGciOiJIUzI1NiJ9.eyJpYXQiOjE1MzM3ODg0NzMsImp0aSI6IkxPczYxNkh3dHdpM1NHZ2VRb2ZoN1B1V3BGS1htVmNLbUVGOStEWjBTSnM9IiwiaXNzIjoiOjoxIiwibmJmIjoxNTMzNzg4NDczLCJleHAiOjE1MzM3OTAyNzMsImRhdGEiOnsidXNlcm5hbWUiOiJhZGUiLCJwYXNzd29yZCI6ImI3MDE2NmQyMzU5ZTU1ZmYzNDg0ZjVkNzAyMGM3MGQ4NmQ4OTA3OTYiLCJpcCI6Ijo6MSIsInVzZXJfYWdlbnQiOiJUaWNrZXRpbmctV2ViQXBwIn19.6qK9DGxp52omCpyPe3Udxpc76qrGUEUrtoNpACnqtrQ
Connection: close
Request body:

========================================
2018-08-09 11:48:27 
::1 POST /tourism/public-api/v1/users/token HTTP/1.1
HTTP headers:
Host: localhost
Content-Length: 25
User-Agent: Ticketing-WebApp
Connection: close
Content-Type: application/x-www-form-urlencoded
Request body:
username=ade&password=ade
========================================
2018-08-09 11:48:28 
::1 GET /tourism/public-api/v1/users/1 HTTP/1.1
HTTP headers:
Host: localhost
User-Agent: Ticketing-WebApp
Authorization: Bearer eyJ0eXAiOiJKV1QiLCJhbGciOiJIUzI1NiJ9.eyJpYXQiOjE1MzM3OTAxMDcsImp0aSI6ImdWakxKZjZSYyt1U01Yc1wvWkFpU21MZlZsc3JMWGs5dndoSXN2c2Y4OXdBPSIsImlzcyI6Ijo6MSIsIm5iZiI6MTUzMzc5MDEwNywiZXhwIjoxNTMzNzkxOTA3LCJkYXRhIjp7InVzZXJuYW1lIjoiYWRlIiwicGFzc3dvcmQiOiJiNzAxNjZkMjM1OWU1NWZmMzQ4NGY1ZDcwMjBjNzBkODZkODkwNzk2IiwiaXAiOiI6OjEiLCJ1c2VyX2FnZW50IjoiVGlja2V0aW5nLVdlYkFwcCJ9fQ.wrfGKy9CtkDKs46wg-rMYyKoOjdIVvAt5JPGKPWjm_g
Connection: close
Request body:

========================================
2018-08-09 11:48:41 
::1 GET /tourism/public-api/v1/destination_accounts/active HTTP/1.1
HTTP headers:
Host: localhost
User-Agent: Ticketing-WebApp
Authorization: Bearer eyJ0eXAiOiJKV1QiLCJhbGciOiJIUzI1NiJ9.eyJpYXQiOjE1MzM3OTAxMDcsImp0aSI6ImdWakxKZjZSYyt1U01Yc1wvWkFpU21MZlZsc3JMWGs5dndoSXN2c2Y4OXdBPSIsImlzcyI6Ijo6MSIsIm5iZiI6MTUzMzc5MDEwNywiZXhwIjoxNTMzNzkxOTA3LCJkYXRhIjp7InVzZXJuYW1lIjoiYWRlIiwicGFzc3dvcmQiOiJiNzAxNjZkMjM1OWU1NWZmMzQ4NGY1ZDcwMjBjNzBkODZkODkwNzk2IiwiaXAiOiI6OjEiLCJ1c2VyX2FnZW50IjoiVGlja2V0aW5nLVdlYkFwcCJ9fQ.wrfGKy9CtkDKs46wg-rMYyKoOjdIVvAt5JPGKPWjm_g
Connection: close
Request body:

========================================
2018-08-09 11:48:49 
::1 GET /tourism/public-api/v1/destination_accounts/active HTTP/1.1
HTTP headers:
Host: localhost
User-Agent: Ticketing-WebApp
Authorization: Bearer eyJ0eXAiOiJKV1QiLCJhbGciOiJIUzI1NiJ9.eyJpYXQiOjE1MzM3OTAxMDcsImp0aSI6ImdWakxKZjZSYyt1U01Yc1wvWkFpU21MZlZsc3JMWGs5dndoSXN2c2Y4OXdBPSIsImlzcyI6Ijo6MSIsIm5iZiI6MTUzMzc5MDEwNywiZXhwIjoxNTMzNzkxOTA3LCJkYXRhIjp7InVzZXJuYW1lIjoiYWRlIiwicGFzc3dvcmQiOiJiNzAxNjZkMjM1OWU1NWZmMzQ4NGY1ZDcwMjBjNzBkODZkODkwNzk2IiwiaXAiOiI6OjEiLCJ1c2VyX2FnZW50IjoiVGlja2V0aW5nLVdlYkFwcCJ9fQ.wrfGKy9CtkDKs46wg-rMYyKoOjdIVvAt5JPGKPWjm_g
Connection: close
Request body:

========================================
2018-08-09 13:18:52 
::1 POST /tourism/public-api/v1/users/token HTTP/1.1
HTTP headers:
Host: localhost
Content-Length: 25
User-Agent: Ticketing-WebApp
Connection: close
Content-Type: application/x-www-form-urlencoded
Request body:
username=ade&password=ade
========================================
2018-08-09 13:18:53 
::1 GET /tourism/public-api/v1/users/1 HTTP/1.1
HTTP headers:
Host: localhost
User-Agent: Ticketing-WebApp
Authorization: Bearer eyJ0eXAiOiJKV1QiLCJhbGciOiJIUzI1NiJ9.eyJpYXQiOjE1MzM3OTU1MzIsImp0aSI6ImNwakV4S1wvRUtWWGdcL1VnQksrRXBDbDZYQXY0V1FRMFNaOUt4UE5NM2U4ND0iLCJpc3MiOiI6OjEiLCJuYmYiOjE1MzM3OTU1MzIsImV4cCI6MTUzMzc5NzMzMiwiZGF0YSI6eyJ1c2VybmFtZSI6ImFkZSIsInBhc3N3b3JkIjoiYjcwMTY2ZDIzNTllNTVmZjM0ODRmNWQ3MDIwYzcwZDg2ZDg5MDc5NiIsImlwIjoiOjoxIiwidXNlcl9hZ2VudCI6IlRpY2tldGluZy1XZWJBcHAifX0.RpKfwwNMNlrKRcCtkb7OVgq491CvHzu1XVUSmepCG80
Connection: close
Request body:

========================================
2018-08-09 13:19:23 
::1 GET /tourism/public-api/v1/destination_accounts/active HTTP/1.1
HTTP headers:
Host: localhost
User-Agent: Ticketing-WebApp
Authorization: Bearer eyJ0eXAiOiJKV1QiLCJhbGciOiJIUzI1NiJ9.eyJpYXQiOjE1MzM3OTU1MzIsImp0aSI6ImNwakV4S1wvRUtWWGdcL1VnQksrRXBDbDZYQXY0V1FRMFNaOUt4UE5NM2U4ND0iLCJpc3MiOiI6OjEiLCJuYmYiOjE1MzM3OTU1MzIsImV4cCI6MTUzMzc5NzMzMiwiZGF0YSI6eyJ1c2VybmFtZSI6ImFkZSIsInBhc3N3b3JkIjoiYjcwMTY2ZDIzNTllNTVmZjM0ODRmNWQ3MDIwYzcwZDg2ZDg5MDc5NiIsImlwIjoiOjoxIiwidXNlcl9hZ2VudCI6IlRpY2tldGluZy1XZWJBcHAifX0.RpKfwwNMNlrKRcCtkb7OVgq491CvHzu1XVUSmepCG80
Connection: close
Request body:

========================================
2018-08-09 13:29:42 
::1 GET /tourism/public-api/v1/destination_accounts/active HTTP/1.1
HTTP headers:
Host: localhost
User-Agent: Ticketing-WebApp
Authorization: Bearer eyJ0eXAiOiJKV1QiLCJhbGciOiJIUzI1NiJ9.eyJpYXQiOjE1MzM3OTU1MzIsImp0aSI6ImNwakV4S1wvRUtWWGdcL1VnQksrRXBDbDZYQXY0V1FRMFNaOUt4UE5NM2U4ND0iLCJpc3MiOiI6OjEiLCJuYmYiOjE1MzM3OTU1MzIsImV4cCI6MTUzMzc5NzMzMiwiZGF0YSI6eyJ1c2VybmFtZSI6ImFkZSIsInBhc3N3b3JkIjoiYjcwMTY2ZDIzNTllNTVmZjM0ODRmNWQ3MDIwYzcwZDg2ZDg5MDc5NiIsImlwIjoiOjoxIiwidXNlcl9hZ2VudCI6IlRpY2tldGluZy1XZWJBcHAifX0.RpKfwwNMNlrKRcCtkb7OVgq491CvHzu1XVUSmepCG80
Connection: close
Request body:

========================================
2018-08-09 13:55:06 
::1 POST /tourism/public-api/v1/users/token HTTP/1.1
HTTP headers:
Host: localhost
Content-Length: 25
User-Agent: Ticketing-WebApp
Connection: close
Content-Type: application/x-www-form-urlencoded
Request body:
username=ade&password=ade
========================================
2018-08-09 13:55:07 
::1 GET /tourism/public-api/v1/users/1 HTTP/1.1
HTTP headers:
Host: localhost
User-Agent: Ticketing-WebApp
Authorization: Bearer eyJ0eXAiOiJKV1QiLCJhbGciOiJIUzI1NiJ9.eyJpYXQiOjE1MzM3OTc3MDYsImp0aSI6IjBZXC9tXC9JNWowQUZ0Ylg0OUpnY3FUY005V3RyV3g2ckxKcUZrWGcxMFhxaz0iLCJpc3MiOiI6OjEiLCJuYmYiOjE1MzM3OTc3MDYsImV4cCI6MTUzMzc5OTUwNiwiZGF0YSI6eyJ1c2VybmFtZSI6ImFkZSIsInBhc3N3b3JkIjoiYjcwMTY2ZDIzNTllNTVmZjM0ODRmNWQ3MDIwYzcwZDg2ZDg5MDc5NiIsImlwIjoiOjoxIiwidXNlcl9hZ2VudCI6IlRpY2tldGluZy1XZWJBcHAifX0.hHCnKIfnbouVZOzwMLJ-KhaOGqTRlvdilW88i1VEK3o
Connection: close
Request body:

========================================
2018-08-09 14:29:41 
::1 POST /tourism/public-api/v1/users/token HTTP/1.1
HTTP headers:
Host: localhost
Content-Length: 25
User-Agent: Ticketing-WebApp
Connection: close
Content-Type: application/x-www-form-urlencoded
Request body:
username=ade&password=ade
========================================
2018-08-09 14:29:43 
::1 GET /tourism/public-api/v1/users/1 HTTP/1.1
HTTP headers:
Host: localhost
User-Agent: Ticketing-WebApp
Authorization: Bearer eyJ0eXAiOiJKV1QiLCJhbGciOiJIUzI1NiJ9.eyJpYXQiOjE1MzM3OTk3ODIsImp0aSI6IjBvd3YwdElDeTQrZVhCV0hhQmNGTElqK0xqa2NFTUgyVGI4NkxUNzhrbHc9IiwiaXNzIjoiOjoxIiwibmJmIjoxNTMzNzk5NzgyLCJleHAiOjE1MzM4MDE1ODIsImRhdGEiOnsidXNlcm5hbWUiOiJhZGUiLCJwYXNzd29yZCI6ImI3MDE2NmQyMzU5ZTU1ZmYzNDg0ZjVkNzAyMGM3MGQ4NmQ4OTA3OTYiLCJpcCI6Ijo6MSIsInVzZXJfYWdlbnQiOiJUaWNrZXRpbmctV2ViQXBwIn19.9SUHA_Au3437_857Itspft7CiNsyoXiBW84REyWEXNY
Connection: close
Request body:

========================================
2018-08-09 16:49:30 
::1 POST /tourism/public-api/v1/users/token HTTP/1.1
HTTP headers:
Host: localhost
Content-Length: 25
User-Agent: Ticketing-WebApp
Connection: close
Content-Type: application/x-www-form-urlencoded
Request body:
username=ade&password=ade
========================================
2018-08-09 16:49:32 
::1 GET /tourism/public-api/v1/users/1 HTTP/1.1
HTTP headers:
Host: localhost
User-Agent: Ticketing-WebApp
Authorization: Bearer eyJ0eXAiOiJKV1QiLCJhbGciOiJIUzI1NiJ9.eyJpYXQiOjE1MzM4MDgxNzEsImp0aSI6InV4VXJ1SFwvXC95Yno1R092cGlaemdmTFNXNFZmWGZmZ2N2Y3BFMmpcL0E0TWc9IiwiaXNzIjoiOjoxIiwibmJmIjoxNTMzODA4MTcxLCJleHAiOjE1MzM4MDk5NzEsImRhdGEiOnsidXNlcm5hbWUiOiJhZGUiLCJwYXNzd29yZCI6ImI3MDE2NmQyMzU5ZTU1ZmYzNDg0ZjVkNzAyMGM3MGQ4NmQ4OTA3OTYiLCJpcCI6Ijo6MSIsInVzZXJfYWdlbnQiOiJUaWNrZXRpbmctV2ViQXBwIn19.DMUMT2U3bhtJ-h_eQ_nVB_pKqE5QiycM8VtvK7Wk64U
Connection: close
Request body:

========================================
2018-08-09 17:12:13 
::1 GET /tourism/public-api/v1/countries/5/continent HTTP/1.1
HTTP headers:
Host: localhost
User-Agent: Ticketing-WebApp
Authorization: Bearer eyJ0eXAiOiJKV1QiLCJhbGciOiJIUzI1NiJ9.eyJpYXQiOjE1MzM4MDgxNzEsImp0aSI6InV4VXJ1SFwvXC95Yno1R092cGlaemdmTFNXNFZmWGZmZ2N2Y3BFMmpcL0E0TWc9IiwiaXNzIjoiOjoxIiwibmJmIjoxNTMzODA4MTcxLCJleHAiOjE1MzM4MDk5NzEsImRhdGEiOnsidXNlcm5hbWUiOiJhZGUiLCJwYXNzd29yZCI6ImI3MDE2NmQyMzU5ZTU1ZmYzNDg0ZjVkNzAyMGM3MGQ4NmQ4OTA3OTYiLCJpcCI6Ijo6MSIsInVzZXJfYWdlbnQiOiJUaWNrZXRpbmctV2ViQXBwIn19.DMUMT2U3bhtJ-h_eQ_nVB_pKqE5QiycM8VtvK7Wk64U
Connection: close
Request body:

========================================
2018-08-09 17:12:19 
::1 GET /tourism/public-api/v1/countries/3/continent HTTP/1.1
HTTP headers:
Host: localhost
User-Agent: Ticketing-WebApp
Authorization: Bearer eyJ0eXAiOiJKV1QiLCJhbGciOiJIUzI1NiJ9.eyJpYXQiOjE1MzM4MDgxNzEsImp0aSI6InV4VXJ1SFwvXC95Yno1R092cGlaemdmTFNXNFZmWGZmZ2N2Y3BFMmpcL0E0TWc9IiwiaXNzIjoiOjoxIiwibmJmIjoxNTMzODA4MTcxLCJleHAiOjE1MzM4MDk5NzEsImRhdGEiOnsidXNlcm5hbWUiOiJhZGUiLCJwYXNzd29yZCI6ImI3MDE2NmQyMzU5ZTU1ZmYzNDg0ZjVkNzAyMGM3MGQ4NmQ4OTA3OTYiLCJpcCI6Ijo6MSIsInVzZXJfYWdlbnQiOiJUaWNrZXRpbmctV2ViQXBwIn19.DMUMT2U3bhtJ-h_eQ_nVB_pKqE5QiycM8VtvK7Wk64U
Connection: close
Request body:

========================================
2018-08-09 17:22:10 
::1 GET /tourism/public-api/v1/countries/3/continent?limit=1 HTTP/1.1
HTTP headers:
Host: localhost
User-Agent: Ticketing-WebApp
Authorization: Bearer eyJ0eXAiOiJKV1QiLCJhbGciOiJIUzI1NiJ9.eyJpYXQiOjE1MzM4MDgxNzEsImp0aSI6InV4VXJ1SFwvXC95Yno1R092cGlaemdmTFNXNFZmWGZmZ2N2Y3BFMmpcL0E0TWc9IiwiaXNzIjoiOjoxIiwibmJmIjoxNTMzODA4MTcxLCJleHAiOjE1MzM4MDk5NzEsImRhdGEiOnsidXNlcm5hbWUiOiJhZGUiLCJwYXNzd29yZCI6ImI3MDE2NmQyMzU5ZTU1ZmYzNDg0ZjVkNzAyMGM3MGQ4NmQ4OTA3OTYiLCJpcCI6Ijo6MSIsInVzZXJfYWdlbnQiOiJUaWNrZXRpbmctV2ViQXBwIn19.DMUMT2U3bhtJ-h_eQ_nVB_pKqE5QiycM8VtvK7Wk64U
Connection: close
Request body:

========================================
2018-08-09 17:22:10 
::1 POST /tourism/public-api/v1/users/token HTTP/1.1
HTTP headers:
Host: localhost
Content-Length: 25
User-Agent: Ticketing-WebApp
Connection: close
Content-Type: application/x-www-form-urlencoded
Request body:
username=ade&password=ade
========================================
2018-08-09 17:22:11 
::1 GET /tourism/public-api/v1/countries/3/continent?limit=1 HTTP/1.1
HTTP headers:
Host: localhost
User-Agent: Ticketing-WebApp
Authorization: Bearer eyJ0eXAiOiJKV1QiLCJhbGciOiJIUzI1NiJ9.eyJpYXQiOjE1MzM4MTAxMzAsImp0aSI6IlVoaXlwdWdKcG4yajNzVXhOcjluWmJRdVprSlwvMGlTSW5cL0dIRGhyMHh3Yz0iLCJpc3MiOiI6OjEiLCJuYmYiOjE1MzM4MTAxMzAsImV4cCI6MTUzMzgxMTkzMCwiZGF0YSI6eyJ1c2VybmFtZSI6ImFkZSIsInBhc3N3b3JkIjoiYjcwMTY2ZDIzNTllNTVmZjM0ODRmNWQ3MDIwYzcwZDg2ZDg5MDc5NiIsImlwIjoiOjoxIiwidXNlcl9hZ2VudCI6IlRpY2tldGluZy1XZWJBcHAifX0.Oxbv5LSqXgreTlr5d-JETfwyiwog9Mu5iOFzhWmrZfs
Connection: close
Request body:

========================================
2018-08-09 17:22:11 
::1 GET /tourism/public-api/v1/countries/3/continent?limit=Array HTTP/1.1
HTTP headers:
Host: localhost
User-Agent: Ticketing-WebApp
Authorization: Bearer eyJ0eXAiOiJKV1QiLCJhbGciOiJIUzI1NiJ9.eyJpYXQiOjE1MzM4MTAxMzAsImp0aSI6IlVoaXlwdWdKcG4yajNzVXhOcjluWmJRdVprSlwvMGlTSW5cL0dIRGhyMHh3Yz0iLCJpc3MiOiI6OjEiLCJuYmYiOjE1MzM4MTAxMzAsImV4cCI6MTUzMzgxMTkzMCwiZGF0YSI6eyJ1c2VybmFtZSI6ImFkZSIsInBhc3N3b3JkIjoiYjcwMTY2ZDIzNTllNTVmZjM0ODRmNWQ3MDIwYzcwZDg2ZDg5MDc5NiIsImlwIjoiOjoxIiwidXNlcl9hZ2VudCI6IlRpY2tldGluZy1XZWJBcHAifX0.Oxbv5LSqXgreTlr5d-JETfwyiwog9Mu5iOFzhWmrZfs
Connection: close
Request body:

========================================
2018-08-09 17:22:11 
::1 POST /tourism/public-api/v1/users/token HTTP/1.1
HTTP headers:
Host: localhost
Content-Length: 25
User-Agent: Ticketing-WebApp
Connection: close
Content-Type: application/x-www-form-urlencoded
Request body:
username=ade&password=ade
========================================
2018-08-09 17:22:12 
::1 GET /tourism/public-api/v1/countries/3/continent?limit=Array HTTP/1.1
HTTP headers:
Host: localhost
User-Agent: Ticketing-WebApp
Authorization: Bearer eyJ0eXAiOiJKV1QiLCJhbGciOiJIUzI1NiJ9.eyJpYXQiOjE1MzM4MTAxMzEsImp0aSI6InlkeElZeThySW05VkZlRDluWGo3SFlBYWtGd0wxRzhtQUtMRHdERzRLQlk9IiwiaXNzIjoiOjoxIiwibmJmIjoxNTMzODEwMTMxLCJleHAiOjE1MzM4MTE5MzEsImRhdGEiOnsidXNlcm5hbWUiOiJhZGUiLCJwYXNzd29yZCI6ImI3MDE2NmQyMzU5ZTU1ZmYzNDg0ZjVkNzAyMGM3MGQ4NmQ4OTA3OTYiLCJpcCI6Ijo6MSIsInVzZXJfYWdlbnQiOiJUaWNrZXRpbmctV2ViQXBwIn19.bgBXGfueGhHcfM-lVtMuTZxLx7ORRjXytJZ7RcfEqrM
Connection: close
Request body:

========================================
2018-08-09 17:22:12 
::1 POST /tourism/public-api/v1/users/token HTTP/1.1
HTTP headers:
Host: localhost
Content-Length: 25
User-Agent: Ticketing-WebApp
Connection: close
Content-Type: application/x-www-form-urlencoded
Request body:
username=ade&password=ade
========================================
2018-08-09 17:22:13 
::1 GET /tourism/public-api/v1/countries/3/continent?limit=Array HTTP/1.1
HTTP headers:
Host: localhost
User-Agent: Ticketing-WebApp
Authorization: Bearer eyJ0eXAiOiJKV1QiLCJhbGciOiJIUzI1NiJ9.eyJpYXQiOjE1MzM4MTAxMzIsImp0aSI6IkRYdGd1TUxPVXdUdnpIXC9adHR5Rkp5MThMbXBYZXpEelwvbXVjdlRRYmFWUT0iLCJpc3MiOiI6OjEiLCJuYmYiOjE1MzM4MTAxMzIsImV4cCI6MTUzMzgxMTkzMiwiZGF0YSI6eyJ1c2VybmFtZSI6ImFkZSIsInBhc3N3b3JkIjoiYjcwMTY2ZDIzNTllNTVmZjM0ODRmNWQ3MDIwYzcwZDg2ZDg5MDc5NiIsImlwIjoiOjoxIiwidXNlcl9hZ2VudCI6IlRpY2tldGluZy1XZWJBcHAifX0.LG37rnhtJPWsFvu81TmrC7lvT1nBOj29rYL4FlMXt0o
Connection: close
Request body:

========================================
2018-08-09 17:22:13 
::1 POST /tourism/public-api/v1/users/token HTTP/1.1
HTTP headers:
Host: localhost
Content-Length: 25
User-Agent: Ticketing-WebApp
Connection: close
Content-Type: application/x-www-form-urlencoded
Request body:
username=ade&password=ade
========================================
2018-08-09 17:22:15 
::1 GET /tourism/public-api/v1/countries/3/continent?limit=Array HTTP/1.1
HTTP headers:
Host: localhost
User-Agent: Ticketing-WebApp
Authorization: Bearer eyJ0eXAiOiJKV1QiLCJhbGciOiJIUzI1NiJ9.eyJpYXQiOjE1MzM4MTAxMzQsImp0aSI6Ik12QnM2WUd0UVlQS2ZLQWltN1FkYUxyTUQ5RVFUeTExRmRxQjNCZEhhMjA9IiwiaXNzIjoiOjoxIiwibmJmIjoxNTMzODEwMTM0LCJleHAiOjE1MzM4MTE5MzQsImRhdGEiOnsidXNlcm5hbWUiOiJhZGUiLCJwYXNzd29yZCI6ImI3MDE2NmQyMzU5ZTU1ZmYzNDg0ZjVkNzAyMGM3MGQ4NmQ4OTA3OTYiLCJpcCI6Ijo6MSIsInVzZXJfYWdlbnQiOiJUaWNrZXRpbmctV2ViQXBwIn19.AnVKb2QQDvRGrx_D86Z_loPK2fURdw1cuqXyDPzRMCY
Connection: close
Request body:

========================================
2018-08-09 17:22:15 
::1 GET /tourism/public-api/v1/countries/5/continent?limit=1 HTTP/1.1
HTTP headers:
Host: localhost
User-Agent: Ticketing-WebApp
Authorization: Bearer eyJ0eXAiOiJKV1QiLCJhbGciOiJIUzI1NiJ9.eyJpYXQiOjE1MzM4MTAxMzQsImp0aSI6Ik12QnM2WUd0UVlQS2ZLQWltN1FkYUxyTUQ5RVFUeTExRmRxQjNCZEhhMjA9IiwiaXNzIjoiOjoxIiwibmJmIjoxNTMzODEwMTM0LCJleHAiOjE1MzM4MTE5MzQsImRhdGEiOnsidXNlcm5hbWUiOiJhZGUiLCJwYXNzd29yZCI6ImI3MDE2NmQyMzU5ZTU1ZmYzNDg0ZjVkNzAyMGM3MGQ4NmQ4OTA3OTYiLCJpcCI6Ijo6MSIsInVzZXJfYWdlbnQiOiJUaWNrZXRpbmctV2ViQXBwIn19.AnVKb2QQDvRGrx_D86Z_loPK2fURdw1cuqXyDPzRMCY
Connection: close
Request body:

========================================
2018-08-09 17:22:15 
::1 GET /tourism/public-api/v1/countries/5/continent?limit=Array HTTP/1.1
HTTP headers:
Host: localhost
User-Agent: Ticketing-WebApp
Authorization: Bearer eyJ0eXAiOiJKV1QiLCJhbGciOiJIUzI1NiJ9.eyJpYXQiOjE1MzM4MTAxMzQsImp0aSI6Ik12QnM2WUd0UVlQS2ZLQWltN1FkYUxyTUQ5RVFUeTExRmRxQjNCZEhhMjA9IiwiaXNzIjoiOjoxIiwibmJmIjoxNTMzODEwMTM0LCJleHAiOjE1MzM4MTE5MzQsImRhdGEiOnsidXNlcm5hbWUiOiJhZGUiLCJwYXNzd29yZCI6ImI3MDE2NmQyMzU5ZTU1ZmYzNDg0ZjVkNzAyMGM3MGQ4NmQ4OTA3OTYiLCJpcCI6Ijo6MSIsInVzZXJfYWdlbnQiOiJUaWNrZXRpbmctV2ViQXBwIn19.AnVKb2QQDvRGrx_D86Z_loPK2fURdw1cuqXyDPzRMCY
Connection: close
Request body:

========================================
2018-08-09 17:22:15 
::1 POST /tourism/public-api/v1/users/token HTTP/1.1
HTTP headers:
Host: localhost
Content-Length: 25
User-Agent: Ticketing-WebApp
Connection: close
Content-Type: application/x-www-form-urlencoded
Request body:
username=ade&password=ade
========================================
2018-08-09 17:22:17 
::1 GET /tourism/public-api/v1/countries/5/continent?limit=Array HTTP/1.1
HTTP headers:
Host: localhost
User-Agent: Ticketing-WebApp
Authorization: Bearer eyJ0eXAiOiJKV1QiLCJhbGciOiJIUzI1NiJ9.eyJpYXQiOjE1MzM4MTAxMzYsImp0aSI6ImQzUERRTGVCSm9CUW9oY2lGSDRMZDZldnV5OTdkYzVUbmFHTkIzcllmQzQ9IiwiaXNzIjoiOjoxIiwibmJmIjoxNTMzODEwMTM2LCJleHAiOjE1MzM4MTE5MzYsImRhdGEiOnsidXNlcm5hbWUiOiJhZGUiLCJwYXNzd29yZCI6ImI3MDE2NmQyMzU5ZTU1ZmYzNDg0ZjVkNzAyMGM3MGQ4NmQ4OTA3OTYiLCJpcCI6Ijo6MSIsInVzZXJfYWdlbnQiOiJUaWNrZXRpbmctV2ViQXBwIn19.qDA5SI8mCCTsz7LpwSd5sezLh-TXizegC1DEchtFf6M
Connection: close
Request body:

========================================
2018-08-09 17:22:17 
::1 POST /tourism/public-api/v1/users/token HTTP/1.1
HTTP headers:
Host: localhost
Content-Length: 25
User-Agent: Ticketing-WebApp
Connection: close
Content-Type: application/x-www-form-urlencoded
Request body:
username=ade&password=ade
========================================
2018-08-09 17:22:18 
::1 GET /tourism/public-api/v1/countries/5/continent?limit=Array HTTP/1.1
HTTP headers:
Host: localhost
User-Agent: Ticketing-WebApp
Authorization: Bearer eyJ0eXAiOiJKV1QiLCJhbGciOiJIUzI1NiJ9.eyJpYXQiOjE1MzM4MTAxMzcsImp0aSI6IlVMbG1wOHI0T2FoODQyaVJ3ZDVJWVNQTlg4VE1PQ2NwVURqQm44NDZtNk09IiwiaXNzIjoiOjoxIiwibmJmIjoxNTMzODEwMTM3LCJleHAiOjE1MzM4MTE5MzcsImRhdGEiOnsidXNlcm5hbWUiOiJhZGUiLCJwYXNzd29yZCI6ImI3MDE2NmQyMzU5ZTU1ZmYzNDg0ZjVkNzAyMGM3MGQ4NmQ4OTA3OTYiLCJpcCI6Ijo6MSIsInVzZXJfYWdlbnQiOiJUaWNrZXRpbmctV2ViQXBwIn19.PAp19m4qJ0EbFfnwb5FJf96MuZXNKwWOpcPIbgMw_b8
Connection: close
Request body:

========================================
2018-08-09 17:22:18 
::1 POST /tourism/public-api/v1/users/token HTTP/1.1
HTTP headers:
Host: localhost
Content-Length: 25
User-Agent: Ticketing-WebApp
Connection: close
Content-Type: application/x-www-form-urlencoded
Request body:
username=ade&password=ade
========================================
2018-08-09 17:22:19 
::1 GET /tourism/public-api/v1/countries/5/continent?limit=Array HTTP/1.1
HTTP headers:
Host: localhost
User-Agent: Ticketing-WebApp
Authorization: Bearer eyJ0eXAiOiJKV1QiLCJhbGciOiJIUzI1NiJ9.eyJpYXQiOjE1MzM4MTAxMzgsImp0aSI6IjBmaDVKaEhIdFM0SkVNVzJYdnRKZERFcEdLT1JyNjdTZXhqd2JTaUsrMzA9IiwiaXNzIjoiOjoxIiwibmJmIjoxNTMzODEwMTM4LCJleHAiOjE1MzM4MTE5MzgsImRhdGEiOnsidXNlcm5hbWUiOiJhZGUiLCJwYXNzd29yZCI6ImI3MDE2NmQyMzU5ZTU1ZmYzNDg0ZjVkNzAyMGM3MGQ4NmQ4OTA3OTYiLCJpcCI6Ijo6MSIsInVzZXJfYWdlbnQiOiJUaWNrZXRpbmctV2ViQXBwIn19.VFvBBJfRH__T2ylXJfcFHWG-C-n7yixIO-9YXVcjuQE
Connection: close
Request body:

========================================
2018-08-09 17:23:02 
::1 GET /tourism/public-api/v1/countries/5/continent?limit=1 HTTP/1.1
HTTP headers:
Host: localhost
User-Agent: Ticketing-WebApp
Authorization: Bearer eyJ0eXAiOiJKV1QiLCJhbGciOiJIUzI1NiJ9.eyJpYXQiOjE1MzM4MTAxMzgsImp0aSI6IjBmaDVKaEhIdFM0SkVNVzJYdnRKZERFcEdLT1JyNjdTZXhqd2JTaUsrMzA9IiwiaXNzIjoiOjoxIiwibmJmIjoxNTMzODEwMTM4LCJleHAiOjE1MzM4MTE5MzgsImRhdGEiOnsidXNlcm5hbWUiOiJhZGUiLCJwYXNzd29yZCI6ImI3MDE2NmQyMzU5ZTU1ZmYzNDg0ZjVkNzAyMGM3MGQ4NmQ4OTA3OTYiLCJpcCI6Ijo6MSIsInVzZXJfYWdlbnQiOiJUaWNrZXRpbmctV2ViQXBwIn19.VFvBBJfRH__T2ylXJfcFHWG-C-n7yixIO-9YXVcjuQE
Connection: close
Request body:

========================================
2018-08-09 17:23:02 
::1 GET /tourism/public-api/v1/countries/5/continent?limit=Array HTTP/1.1
HTTP headers:
Host: localhost
User-Agent: Ticketing-WebApp
Authorization: Bearer eyJ0eXAiOiJKV1QiLCJhbGciOiJIUzI1NiJ9.eyJpYXQiOjE1MzM4MTAxMzgsImp0aSI6IjBmaDVKaEhIdFM0SkVNVzJYdnRKZERFcEdLT1JyNjdTZXhqd2JTaUsrMzA9IiwiaXNzIjoiOjoxIiwibmJmIjoxNTMzODEwMTM4LCJleHAiOjE1MzM4MTE5MzgsImRhdGEiOnsidXNlcm5hbWUiOiJhZGUiLCJwYXNzd29yZCI6ImI3MDE2NmQyMzU5ZTU1ZmYzNDg0ZjVkNzAyMGM3MGQ4NmQ4OTA3OTYiLCJpcCI6Ijo6MSIsInVzZXJfYWdlbnQiOiJUaWNrZXRpbmctV2ViQXBwIn19.VFvBBJfRH__T2ylXJfcFHWG-C-n7yixIO-9YXVcjuQE
Connection: close
Request body:

========================================
2018-08-09 17:23:03 
::1 POST /tourism/public-api/v1/users/token HTTP/1.1
HTTP headers:
Host: localhost
Content-Length: 25
User-Agent: Ticketing-WebApp
Connection: close
Content-Type: application/x-www-form-urlencoded
Request body:
username=ade&password=ade
========================================
2018-08-09 17:23:04 
::1 GET /tourism/public-api/v1/countries/5/continent?limit=Array HTTP/1.1
HTTP headers:
Host: localhost
User-Agent: Ticketing-WebApp
Authorization: Bearer eyJ0eXAiOiJKV1QiLCJhbGciOiJIUzI1NiJ9.eyJpYXQiOjE1MzM4MTAxODMsImp0aSI6IjE4UXRqRFFETkxsd2NXdU1xK3RSbm9XVXhCMnFJUDRPdjdzb1RtRFQ3TDA9IiwiaXNzIjoiOjoxIiwibmJmIjoxNTMzODEwMTgzLCJleHAiOjE1MzM4MTE5ODMsImRhdGEiOnsidXNlcm5hbWUiOiJhZGUiLCJwYXNzd29yZCI6ImI3MDE2NmQyMzU5ZTU1ZmYzNDg0ZjVkNzAyMGM3MGQ4NmQ4OTA3OTYiLCJpcCI6Ijo6MSIsInVzZXJfYWdlbnQiOiJUaWNrZXRpbmctV2ViQXBwIn19.uAvM3ZNz8J8qxIp0OG6YxP952LaqJ61883u1VpJFGAM
Connection: close
Request body:

========================================
2018-08-09 17:23:04 
::1 POST /tourism/public-api/v1/users/token HTTP/1.1
HTTP headers:
Host: localhost
Content-Length: 25
User-Agent: Ticketing-WebApp
Connection: close
Content-Type: application/x-www-form-urlencoded
Request body:
username=ade&password=ade
========================================
2018-08-09 17:23:05 
::1 GET /tourism/public-api/v1/countries/5/continent?limit=Array HTTP/1.1
HTTP headers:
Host: localhost
User-Agent: Ticketing-WebApp
Authorization: Bearer eyJ0eXAiOiJKV1QiLCJhbGciOiJIUzI1NiJ9.eyJpYXQiOjE1MzM4MTAxODQsImp0aSI6ImllOEpiUENUMDdEeTRqdHA1M2V0RXRxaWV6UHQ4WTlVNDc4Y3Y5bDl2aEU9IiwiaXNzIjoiOjoxIiwibmJmIjoxNTMzODEwMTg0LCJleHAiOjE1MzM4MTE5ODQsImRhdGEiOnsidXNlcm5hbWUiOiJhZGUiLCJwYXNzd29yZCI6ImI3MDE2NmQyMzU5ZTU1ZmYzNDg0ZjVkNzAyMGM3MGQ4NmQ4OTA3OTYiLCJpcCI6Ijo6MSIsInVzZXJfYWdlbnQiOiJUaWNrZXRpbmctV2ViQXBwIn19.GBR2jEswLSwpHKzRViCfnkGEE7VukG4aZC8xZkbO9i0
Connection: close
Request body:

========================================
2018-08-09 17:23:05 
::1 POST /tourism/public-api/v1/users/token HTTP/1.1
HTTP headers:
Host: localhost
Content-Length: 25
User-Agent: Ticketing-WebApp
Connection: close
Content-Type: application/x-www-form-urlencoded
Request body:
username=ade&password=ade
========================================
2018-08-09 17:23:06 
::1 GET /tourism/public-api/v1/countries/5/continent?limit=Array HTTP/1.1
HTTP headers:
Host: localhost
User-Agent: Ticketing-WebApp
Authorization: Bearer eyJ0eXAiOiJKV1QiLCJhbGciOiJIUzI1NiJ9.eyJpYXQiOjE1MzM4MTAxODUsImp0aSI6IlFZdW56bU05VmtsUkk4cVFNRFp5OWo0dkNIakh0SjJyNW5IRXdMYUZYS0U9IiwiaXNzIjoiOjoxIiwibmJmIjoxNTMzODEwMTg1LCJleHAiOjE1MzM4MTE5ODUsImRhdGEiOnsidXNlcm5hbWUiOiJhZGUiLCJwYXNzd29yZCI6ImI3MDE2NmQyMzU5ZTU1ZmYzNDg0ZjVkNzAyMGM3MGQ4NmQ4OTA3OTYiLCJpcCI6Ijo6MSIsInVzZXJfYWdlbnQiOiJUaWNrZXRpbmctV2ViQXBwIn19.daZwZXFzd0ej85rOP5XJtJdNg5vHDqrUU2RYBcRJRyY
Connection: close
Request body:

========================================
2018-08-09 17:23:06 
::1 GET /tourism/public-api/v1/countries/5/continent?limit=1 HTTP/1.1
HTTP headers:
Host: localhost
User-Agent: Ticketing-WebApp
Authorization: Bearer eyJ0eXAiOiJKV1QiLCJhbGciOiJIUzI1NiJ9.eyJpYXQiOjE1MzM4MTAxODUsImp0aSI6IlFZdW56bU05VmtsUkk4cVFNRFp5OWo0dkNIakh0SjJyNW5IRXdMYUZYS0U9IiwiaXNzIjoiOjoxIiwibmJmIjoxNTMzODEwMTg1LCJleHAiOjE1MzM4MTE5ODUsImRhdGEiOnsidXNlcm5hbWUiOiJhZGUiLCJwYXNzd29yZCI6ImI3MDE2NmQyMzU5ZTU1ZmYzNDg0ZjVkNzAyMGM3MGQ4NmQ4OTA3OTYiLCJpcCI6Ijo6MSIsInVzZXJfYWdlbnQiOiJUaWNrZXRpbmctV2ViQXBwIn19.daZwZXFzd0ej85rOP5XJtJdNg5vHDqrUU2RYBcRJRyY
Connection: close
Request body:

========================================
2018-08-09 17:23:07 
::1 GET /tourism/public-api/v1/countries/5/continent?limit=Array HTTP/1.1
HTTP headers:
Host: localhost
User-Agent: Ticketing-WebApp
Authorization: Bearer eyJ0eXAiOiJKV1QiLCJhbGciOiJIUzI1NiJ9.eyJpYXQiOjE1MzM4MTAxODUsImp0aSI6IlFZdW56bU05VmtsUkk4cVFNRFp5OWo0dkNIakh0SjJyNW5IRXdMYUZYS0U9IiwiaXNzIjoiOjoxIiwibmJmIjoxNTMzODEwMTg1LCJleHAiOjE1MzM4MTE5ODUsImRhdGEiOnsidXNlcm5hbWUiOiJhZGUiLCJwYXNzd29yZCI6ImI3MDE2NmQyMzU5ZTU1ZmYzNDg0ZjVkNzAyMGM3MGQ4NmQ4OTA3OTYiLCJpcCI6Ijo6MSIsInVzZXJfYWdlbnQiOiJUaWNrZXRpbmctV2ViQXBwIn19.daZwZXFzd0ej85rOP5XJtJdNg5vHDqrUU2RYBcRJRyY
Connection: close
Request body:

========================================
2018-08-09 17:23:07 
::1 POST /tourism/public-api/v1/users/token HTTP/1.1
HTTP headers:
Host: localhost
Content-Length: 25
User-Agent: Ticketing-WebApp
Connection: close
Content-Type: application/x-www-form-urlencoded
Request body:
username=ade&password=ade
========================================
2018-08-09 17:23:08 
::1 GET /tourism/public-api/v1/countries/5/continent?limit=Array HTTP/1.1
HTTP headers:
Host: localhost
User-Agent: Ticketing-WebApp
Authorization: Bearer eyJ0eXAiOiJKV1QiLCJhbGciOiJIUzI1NiJ9.eyJpYXQiOjE1MzM4MTAxODcsImp0aSI6InI0QzJubmNkcE03SVV4dlRKeFV4VG1SUzVBdms4cjRZYndFOVwvZXlpOGhZPSIsImlzcyI6Ijo6MSIsIm5iZiI6MTUzMzgxMDE4NywiZXhwIjoxNTMzODExOTg3LCJkYXRhIjp7InVzZXJuYW1lIjoiYWRlIiwicGFzc3dvcmQiOiJiNzAxNjZkMjM1OWU1NWZmMzQ4NGY1ZDcwMjBjNzBkODZkODkwNzk2IiwiaXAiOiI6OjEiLCJ1c2VyX2FnZW50IjoiVGlja2V0aW5nLVdlYkFwcCJ9fQ.EjOFoFlmdwYdpq00YH_zPs1_PGbrPVyswpVD2UZ5doQ
Connection: close
Request body:

========================================
2018-08-09 17:23:08 
::1 POST /tourism/public-api/v1/users/token HTTP/1.1
HTTP headers:
Host: localhost
Content-Length: 25
User-Agent: Ticketing-WebApp
Connection: close
Content-Type: application/x-www-form-urlencoded
Request body:
username=ade&password=ade
========================================
2018-08-09 17:23:09 
::1 GET /tourism/public-api/v1/countries/5/continent?limit=Array HTTP/1.1
HTTP headers:
Host: localhost
User-Agent: Ticketing-WebApp
Authorization: Bearer eyJ0eXAiOiJKV1QiLCJhbGciOiJIUzI1NiJ9.eyJpYXQiOjE1MzM4MTAxODgsImp0aSI6InBSNTh4MVRES3ZnMmxnUHBGSDY4Y09heWpFYkhIUVlRcGdMUFRCSUxBWFU9IiwiaXNzIjoiOjoxIiwibmJmIjoxNTMzODEwMTg4LCJleHAiOjE1MzM4MTE5ODgsImRhdGEiOnsidXNlcm5hbWUiOiJhZGUiLCJwYXNzd29yZCI6ImI3MDE2NmQyMzU5ZTU1ZmYzNDg0ZjVkNzAyMGM3MGQ4NmQ4OTA3OTYiLCJpcCI6Ijo6MSIsInVzZXJfYWdlbnQiOiJUaWNrZXRpbmctV2ViQXBwIn19.VaFkUeG_9fUP9urTM7FTfhpX90mSBUdgmeiVxex6-LU
Connection: close
Request body:

========================================
2018-08-09 17:23:09 
::1 POST /tourism/public-api/v1/users/token HTTP/1.1
HTTP headers:
Host: localhost
Content-Length: 25
User-Agent: Ticketing-WebApp
Connection: close
Content-Type: application/x-www-form-urlencoded
Request body:
username=ade&password=ade
========================================
2018-08-09 17:23:10 
::1 GET /tourism/public-api/v1/countries/5/continent?limit=Array HTTP/1.1
HTTP headers:
Host: localhost
User-Agent: Ticketing-WebApp
Authorization: Bearer eyJ0eXAiOiJKV1QiLCJhbGciOiJIUzI1NiJ9.eyJpYXQiOjE1MzM4MTAxODksImp0aSI6IjlDVjNYZGc3MHU4bThmK21LNUxUV3RBKzVXTnpybThqUk1kTDRvMGFEWDg9IiwiaXNzIjoiOjoxIiwibmJmIjoxNTMzODEwMTg5LCJleHAiOjE1MzM4MTE5ODksImRhdGEiOnsidXNlcm5hbWUiOiJhZGUiLCJwYXNzd29yZCI6ImI3MDE2NmQyMzU5ZTU1ZmYzNDg0ZjVkNzAyMGM3MGQ4NmQ4OTA3OTYiLCJpcCI6Ijo6MSIsInVzZXJfYWdlbnQiOiJUaWNrZXRpbmctV2ViQXBwIn19.rMZuZtieBg3Wc3FygiuZI3w5EfOHtKWiJZvO7Be2jZ0
Connection: close
Request body:

========================================
2018-08-09 17:23:44 
::1 GET /tourism/public-api/v1/countries/5/continent?limit=1 HTTP/1.1
HTTP headers:
Host: localhost
User-Agent: Ticketing-WebApp
Authorization: Bearer eyJ0eXAiOiJKV1QiLCJhbGciOiJIUzI1NiJ9.eyJpYXQiOjE1MzM4MTAxODksImp0aSI6IjlDVjNYZGc3MHU4bThmK21LNUxUV3RBKzVXTnpybThqUk1kTDRvMGFEWDg9IiwiaXNzIjoiOjoxIiwibmJmIjoxNTMzODEwMTg5LCJleHAiOjE1MzM4MTE5ODksImRhdGEiOnsidXNlcm5hbWUiOiJhZGUiLCJwYXNzd29yZCI6ImI3MDE2NmQyMzU5ZTU1ZmYzNDg0ZjVkNzAyMGM3MGQ4NmQ4OTA3OTYiLCJpcCI6Ijo6MSIsInVzZXJfYWdlbnQiOiJUaWNrZXRpbmctV2ViQXBwIn19.rMZuZtieBg3Wc3FygiuZI3w5EfOHtKWiJZvO7Be2jZ0
Connection: close
Request body:

========================================
2018-08-09 17:23:44 
::1 GET /tourism/public-api/v1/countries/5/continent?limit=1 HTTP/1.1
HTTP headers:
Host: localhost
User-Agent: Ticketing-WebApp
Authorization: Bearer eyJ0eXAiOiJKV1QiLCJhbGciOiJIUzI1NiJ9.eyJpYXQiOjE1MzM4MTAxODksImp0aSI6IjlDVjNYZGc3MHU4bThmK21LNUxUV3RBKzVXTnpybThqUk1kTDRvMGFEWDg9IiwiaXNzIjoiOjoxIiwibmJmIjoxNTMzODEwMTg5LCJleHAiOjE1MzM4MTE5ODksImRhdGEiOnsidXNlcm5hbWUiOiJhZGUiLCJwYXNzd29yZCI6ImI3MDE2NmQyMzU5ZTU1ZmYzNDg0ZjVkNzAyMGM3MGQ4NmQ4OTA3OTYiLCJpcCI6Ijo6MSIsInVzZXJfYWdlbnQiOiJUaWNrZXRpbmctV2ViQXBwIn19.rMZuZtieBg3Wc3FygiuZI3w5EfOHtKWiJZvO7Be2jZ0
Connection: close
Request body:

========================================
2018-08-09 17:25:07 
::1 GET /tourism/public-api/v1/countries/5/continent?limit=1 HTTP/1.1
HTTP headers:
Host: localhost
User-Agent: Ticketing-WebApp
Authorization: Bearer eyJ0eXAiOiJKV1QiLCJhbGciOiJIUzI1NiJ9.eyJpYXQiOjE1MzM4MTAxODksImp0aSI6IjlDVjNYZGc3MHU4bThmK21LNUxUV3RBKzVXTnpybThqUk1kTDRvMGFEWDg9IiwiaXNzIjoiOjoxIiwibmJmIjoxNTMzODEwMTg5LCJleHAiOjE1MzM4MTE5ODksImRhdGEiOnsidXNlcm5hbWUiOiJhZGUiLCJwYXNzd29yZCI6ImI3MDE2NmQyMzU5ZTU1ZmYzNDg0ZjVkNzAyMGM3MGQ4NmQ4OTA3OTYiLCJpcCI6Ijo6MSIsInVzZXJfYWdlbnQiOiJUaWNrZXRpbmctV2ViQXBwIn19.rMZuZtieBg3Wc3FygiuZI3w5EfOHtKWiJZvO7Be2jZ0
Connection: close
Request body:

========================================
2018-08-09 17:25:07 
::1 GET /tourism/public-api/v1/countries/5/continent?limit=1 HTTP/1.1
HTTP headers:
Host: localhost
User-Agent: Ticketing-WebApp
Authorization: Bearer eyJ0eXAiOiJKV1QiLCJhbGciOiJIUzI1NiJ9.eyJpYXQiOjE1MzM4MTAxODksImp0aSI6IjlDVjNYZGc3MHU4bThmK21LNUxUV3RBKzVXTnpybThqUk1kTDRvMGFEWDg9IiwiaXNzIjoiOjoxIiwibmJmIjoxNTMzODEwMTg5LCJleHAiOjE1MzM4MTE5ODksImRhdGEiOnsidXNlcm5hbWUiOiJhZGUiLCJwYXNzd29yZCI6ImI3MDE2NmQyMzU5ZTU1ZmYzNDg0ZjVkNzAyMGM3MGQ4NmQ4OTA3OTYiLCJpcCI6Ijo6MSIsInVzZXJfYWdlbnQiOiJUaWNrZXRpbmctV2ViQXBwIn19.rMZuZtieBg3Wc3FygiuZI3w5EfOHtKWiJZvO7Be2jZ0
Connection: close
Request body:

========================================
2018-08-09 17:27:26 
::1 GET /tourism/public-api/v1/countries/5/continent?limit=1 HTTP/1.1
HTTP headers:
Host: localhost
User-Agent: Ticketing-WebApp
Authorization: Bearer eyJ0eXAiOiJKV1QiLCJhbGciOiJIUzI1NiJ9.eyJpYXQiOjE1MzM4MTAxODksImp0aSI6IjlDVjNYZGc3MHU4bThmK21LNUxUV3RBKzVXTnpybThqUk1kTDRvMGFEWDg9IiwiaXNzIjoiOjoxIiwibmJmIjoxNTMzODEwMTg5LCJleHAiOjE1MzM4MTE5ODksImRhdGEiOnsidXNlcm5hbWUiOiJhZGUiLCJwYXNzd29yZCI6ImI3MDE2NmQyMzU5ZTU1ZmYzNDg0ZjVkNzAyMGM3MGQ4NmQ4OTA3OTYiLCJpcCI6Ijo6MSIsInVzZXJfYWdlbnQiOiJUaWNrZXRpbmctV2ViQXBwIn19.rMZuZtieBg3Wc3FygiuZI3w5EfOHtKWiJZvO7Be2jZ0
Connection: close
Request body:

========================================
2018-08-09 17:27:26 
::1 GET /tourism/public-api/v1/countries/5/continent?limit=1 HTTP/1.1
HTTP headers:
Host: localhost
User-Agent: Ticketing-WebApp
Authorization: Bearer eyJ0eXAiOiJKV1QiLCJhbGciOiJIUzI1NiJ9.eyJpYXQiOjE1MzM4MTAxODksImp0aSI6IjlDVjNYZGc3MHU4bThmK21LNUxUV3RBKzVXTnpybThqUk1kTDRvMGFEWDg9IiwiaXNzIjoiOjoxIiwibmJmIjoxNTMzODEwMTg5LCJleHAiOjE1MzM4MTE5ODksImRhdGEiOnsidXNlcm5hbWUiOiJhZGUiLCJwYXNzd29yZCI6ImI3MDE2NmQyMzU5ZTU1ZmYzNDg0ZjVkNzAyMGM3MGQ4NmQ4OTA3OTYiLCJpcCI6Ijo6MSIsInVzZXJfYWdlbnQiOiJUaWNrZXRpbmctV2ViQXBwIn19.rMZuZtieBg3Wc3FygiuZI3w5EfOHtKWiJZvO7Be2jZ0
Connection: close
Request body:

========================================
2018-08-09 17:43:16 
::1 GET /tourism/public-api/v1/destination_accounts/active HTTP/1.1
HTTP headers:
Host: localhost
User-Agent: Ticketing-WebApp
Authorization: Bearer eyJ0eXAiOiJKV1QiLCJhbGciOiJIUzI1NiJ9.eyJpYXQiOjE1MzM4MTAxODksImp0aSI6IjlDVjNYZGc3MHU4bThmK21LNUxUV3RBKzVXTnpybThqUk1kTDRvMGFEWDg9IiwiaXNzIjoiOjoxIiwibmJmIjoxNTMzODEwMTg5LCJleHAiOjE1MzM4MTE5ODksImRhdGEiOnsidXNlcm5hbWUiOiJhZGUiLCJwYXNzd29yZCI6ImI3MDE2NmQyMzU5ZTU1ZmYzNDg0ZjVkNzAyMGM3MGQ4NmQ4OTA3OTYiLCJpcCI6Ijo6MSIsInVzZXJfYWdlbnQiOiJUaWNrZXRpbmctV2ViQXBwIn19.rMZuZtieBg3Wc3FygiuZI3w5EfOHtKWiJZvO7Be2jZ0
Connection: close
Request body:

========================================
2018-08-09 17:43:16 
::1 GET /tourism/public-api/v1/destination_accounts/active HTTP/1.1
HTTP headers:
Host: localhost
User-Agent: Ticketing-WebApp
Authorization: Bearer eyJ0eXAiOiJKV1QiLCJhbGciOiJIUzI1NiJ9.eyJpYXQiOjE1MzM4MTAxODksImp0aSI6IjlDVjNYZGc3MHU4bThmK21LNUxUV3RBKzVXTnpybThqUk1kTDRvMGFEWDg9IiwiaXNzIjoiOjoxIiwibmJmIjoxNTMzODEwMTg5LCJleHAiOjE1MzM4MTE5ODksImRhdGEiOnsidXNlcm5hbWUiOiJhZGUiLCJwYXNzd29yZCI6ImI3MDE2NmQyMzU5ZTU1ZmYzNDg0ZjVkNzAyMGM3MGQ4NmQ4OTA3OTYiLCJpcCI6Ijo6MSIsInVzZXJfYWdlbnQiOiJUaWNrZXRpbmctV2ViQXBwIn19.rMZuZtieBg3Wc3FygiuZI3w5EfOHtKWiJZvO7Be2jZ0
Connection: close
Request body:

========================================
2018-08-09 17:43:25 
::1 GET /tourism/public-api/v1/destination_accounts/active HTTP/1.1
HTTP headers:
Host: localhost
User-Agent: Ticketing-WebApp
Authorization: Bearer eyJ0eXAiOiJKV1QiLCJhbGciOiJIUzI1NiJ9.eyJpYXQiOjE1MzM4MTAxODksImp0aSI6IjlDVjNYZGc3MHU4bThmK21LNUxUV3RBKzVXTnpybThqUk1kTDRvMGFEWDg9IiwiaXNzIjoiOjoxIiwibmJmIjoxNTMzODEwMTg5LCJleHAiOjE1MzM4MTE5ODksImRhdGEiOnsidXNlcm5hbWUiOiJhZGUiLCJwYXNzd29yZCI6ImI3MDE2NmQyMzU5ZTU1ZmYzNDg0ZjVkNzAyMGM3MGQ4NmQ4OTA3OTYiLCJpcCI6Ijo6MSIsInVzZXJfYWdlbnQiOiJUaWNrZXRpbmctV2ViQXBwIn19.rMZuZtieBg3Wc3FygiuZI3w5EfOHtKWiJZvO7Be2jZ0
Connection: close
Request body:

========================================
2018-08-09 17:43:25 
::1 GET /tourism/public-api/v1/destination_accounts/active HTTP/1.1
HTTP headers:
Host: localhost
User-Agent: Ticketing-WebApp
Authorization: Bearer eyJ0eXAiOiJKV1QiLCJhbGciOiJIUzI1NiJ9.eyJpYXQiOjE1MzM4MTAxODksImp0aSI6IjlDVjNYZGc3MHU4bThmK21LNUxUV3RBKzVXTnpybThqUk1kTDRvMGFEWDg9IiwiaXNzIjoiOjoxIiwibmJmIjoxNTMzODEwMTg5LCJleHAiOjE1MzM4MTE5ODksImRhdGEiOnsidXNlcm5hbWUiOiJhZGUiLCJwYXNzd29yZCI6ImI3MDE2NmQyMzU5ZTU1ZmYzNDg0ZjVkNzAyMGM3MGQ4NmQ4OTA3OTYiLCJpcCI6Ijo6MSIsInVzZXJfYWdlbnQiOiJUaWNrZXRpbmctV2ViQXBwIn19.rMZuZtieBg3Wc3FygiuZI3w5EfOHtKWiJZvO7Be2jZ0
Connection: close
Request body:

========================================
2018-08-09 17:43:34 
::1 GET /tourism/public-api/v1/destination_accounts/active HTTP/1.1
HTTP headers:
Host: localhost
User-Agent: Ticketing-WebApp
Authorization: Bearer eyJ0eXAiOiJKV1QiLCJhbGciOiJIUzI1NiJ9.eyJpYXQiOjE1MzM4MTAxODksImp0aSI6IjlDVjNYZGc3MHU4bThmK21LNUxUV3RBKzVXTnpybThqUk1kTDRvMGFEWDg9IiwiaXNzIjoiOjoxIiwibmJmIjoxNTMzODEwMTg5LCJleHAiOjE1MzM4MTE5ODksImRhdGEiOnsidXNlcm5hbWUiOiJhZGUiLCJwYXNzd29yZCI6ImI3MDE2NmQyMzU5ZTU1ZmYzNDg0ZjVkNzAyMGM3MGQ4NmQ4OTA3OTYiLCJpcCI6Ijo6MSIsInVzZXJfYWdlbnQiOiJUaWNrZXRpbmctV2ViQXBwIn19.rMZuZtieBg3Wc3FygiuZI3w5EfOHtKWiJZvO7Be2jZ0
Connection: close
Request body:

========================================
2018-08-09 17:43:34 
::1 GET /tourism/public-api/v1/destination_accounts/active HTTP/1.1
HTTP headers:
Host: localhost
User-Agent: Ticketing-WebApp
Authorization: Bearer eyJ0eXAiOiJKV1QiLCJhbGciOiJIUzI1NiJ9.eyJpYXQiOjE1MzM4MTAxODksImp0aSI6IjlDVjNYZGc3MHU4bThmK21LNUxUV3RBKzVXTnpybThqUk1kTDRvMGFEWDg9IiwiaXNzIjoiOjoxIiwibmJmIjoxNTMzODEwMTg5LCJleHAiOjE1MzM4MTE5ODksImRhdGEiOnsidXNlcm5hbWUiOiJhZGUiLCJwYXNzd29yZCI6ImI3MDE2NmQyMzU5ZTU1ZmYzNDg0ZjVkNzAyMGM3MGQ4NmQ4OTA3OTYiLCJpcCI6Ijo6MSIsInVzZXJfYWdlbnQiOiJUaWNrZXRpbmctV2ViQXBwIn19.rMZuZtieBg3Wc3FygiuZI3w5EfOHtKWiJZvO7Be2jZ0
Connection: close
Request body:

========================================
