2018-08-08 09:35:52 
::1 POST /tourism/public-api/v1/users/token HTTP/1.1
HTTP headers:
Host: localhost
Content-Length: 25
User-Agent: Ticketing-WebApp
Connection: close
Content-Type: application/x-www-form-urlencoded
Request body:
username=ade&password=ade
========================================
2018-08-08 09:35:54 
::1 GET /tourism/public-api/v1/users/1 HTTP/1.1
HTTP headers:
Host: localhost
User-Agent: Ticketing-WebApp
Authorization: Bearer eyJ0eXAiOiJKV1QiLCJhbGciOiJIUzI1NiJ9.eyJpYXQiOjE1MzM2OTU3NTMsImp0aSI6IjRwNDdlMytkKzdVSWdcLzQrSU41dEk5eUVhQktJSGpGYnd6RG1Icm1JdVZzPSIsImlzcyI6Ijo6MSIsIm5iZiI6MTUzMzY5NTc1MywiZXhwIjoxNTMzNjk3NTUzLCJkYXRhIjp7InVzZXJuYW1lIjoiYWRlIiwicGFzc3dvcmQiOiJiNzAxNjZkMjM1OWU1NWZmMzQ4NGY1ZDcwMjBjNzBkODZkODkwNzk2IiwiaXAiOiI6OjEiLCJ1c2VyX2FnZW50IjoiVGlja2V0aW5nLVdlYkFwcCJ9fQ.EEJyxxN8cSrNGASQ39JVYTD05-Q3KJ5OFzArofC4__E
Connection: close
Request body:

========================================
2018-08-08 09:36:04 
::1 GET /tourism/public-api/v1/destination_accounts/active HTTP/1.1
HTTP headers:
Host: localhost
User-Agent: Ticketing-WebApp
Authorization: Bearer eyJ0eXAiOiJKV1QiLCJhbGciOiJIUzI1NiJ9.eyJpYXQiOjE1MzM2OTU3NTMsImp0aSI6IjRwNDdlMytkKzdVSWdcLzQrSU41dEk5eUVhQktJSGpGYnd6RG1Icm1JdVZzPSIsImlzcyI6Ijo6MSIsIm5iZiI6MTUzMzY5NTc1MywiZXhwIjoxNTMzNjk3NTUzLCJkYXRhIjp7InVzZXJuYW1lIjoiYWRlIiwicGFzc3dvcmQiOiJiNzAxNjZkMjM1OWU1NWZmMzQ4NGY1ZDcwMjBjNzBkODZkODkwNzk2IiwiaXAiOiI6OjEiLCJ1c2VyX2FnZW50IjoiVGlja2V0aW5nLVdlYkFwcCJ9fQ.EEJyxxN8cSrNGASQ39JVYTD05-Q3KJ5OFzArofC4__E
Connection: close
Request body:

========================================
2018-08-08 09:39:04 
::1 GET /tourism/public-api/v1/destination_accounts/1 HTTP/1.1
HTTP headers:
Host: localhost
User-Agent: Ticketing-WebApp
Authorization: Bearer eyJ0eXAiOiJKV1QiLCJhbGciOiJIUzI1NiJ9.eyJpYXQiOjE1MzM2OTU3NTMsImp0aSI6IjRwNDdlMytkKzdVSWdcLzQrSU41dEk5eUVhQktJSGpGYnd6RG1Icm1JdVZzPSIsImlzcyI6Ijo6MSIsIm5iZiI6MTUzMzY5NTc1MywiZXhwIjoxNTMzNjk3NTUzLCJkYXRhIjp7InVzZXJuYW1lIjoiYWRlIiwicGFzc3dvcmQiOiJiNzAxNjZkMjM1OWU1NWZmMzQ4NGY1ZDcwMjBjNzBkODZkODkwNzk2IiwiaXAiOiI6OjEiLCJ1c2VyX2FnZW50IjoiVGlja2V0aW5nLVdlYkFwcCJ9fQ.EEJyxxN8cSrNGASQ39JVYTD05-Q3KJ5OFzArofC4__E
Connection: close
Request body:

========================================
2018-08-08 09:43:00 
::1 GET /tourism/public-api/v1/destination_accounts/active HTTP/1.1
HTTP headers:
Host: localhost
User-Agent: Ticketing-WebApp
Authorization: Bearer eyJ0eXAiOiJKV1QiLCJhbGciOiJIUzI1NiJ9.eyJpYXQiOjE1MzM2OTU3NTMsImp0aSI6IjRwNDdlMytkKzdVSWdcLzQrSU41dEk5eUVhQktJSGpGYnd6RG1Icm1JdVZzPSIsImlzcyI6Ijo6MSIsIm5iZiI6MTUzMzY5NTc1MywiZXhwIjoxNTMzNjk3NTUzLCJkYXRhIjp7InVzZXJuYW1lIjoiYWRlIiwicGFzc3dvcmQiOiJiNzAxNjZkMjM1OWU1NWZmMzQ4NGY1ZDcwMjBjNzBkODZkODkwNzk2IiwiaXAiOiI6OjEiLCJ1c2VyX2FnZW50IjoiVGlja2V0aW5nLVdlYkFwcCJ9fQ.EEJyxxN8cSrNGASQ39JVYTD05-Q3KJ5OFzArofC4__E
Connection: close
Request body:

========================================
2018-08-08 09:43:03 
::1 GET /tourism/public-api/v1/destination_accounts/1 HTTP/1.1
HTTP headers:
Host: localhost
User-Agent: Ticketing-WebApp
Authorization: Bearer eyJ0eXAiOiJKV1QiLCJhbGciOiJIUzI1NiJ9.eyJpYXQiOjE1MzM2OTU3NTMsImp0aSI6IjRwNDdlMytkKzdVSWdcLzQrSU41dEk5eUVhQktJSGpGYnd6RG1Icm1JdVZzPSIsImlzcyI6Ijo6MSIsIm5iZiI6MTUzMzY5NTc1MywiZXhwIjoxNTMzNjk3NTUzLCJkYXRhIjp7InVzZXJuYW1lIjoiYWRlIiwicGFzc3dvcmQiOiJiNzAxNjZkMjM1OWU1NWZmMzQ4NGY1ZDcwMjBjNzBkODZkODkwNzk2IiwiaXAiOiI6OjEiLCJ1c2VyX2FnZW50IjoiVGlja2V0aW5nLVdlYkFwcCJ9fQ.EEJyxxN8cSrNGASQ39JVYTD05-Q3KJ5OFzArofC4__E
Connection: close
Request body:

========================================
2018-08-08 09:46:41 
::1 GET /tourism/public-api/v1/destination_accounts/active HTTP/1.1
HTTP headers:
Host: localhost
User-Agent: Ticketing-WebApp
Authorization: Bearer eyJ0eXAiOiJKV1QiLCJhbGciOiJIUzI1NiJ9.eyJpYXQiOjE1MzM2OTU3NTMsImp0aSI6IjRwNDdlMytkKzdVSWdcLzQrSU41dEk5eUVhQktJSGpGYnd6RG1Icm1JdVZzPSIsImlzcyI6Ijo6MSIsIm5iZiI6MTUzMzY5NTc1MywiZXhwIjoxNTMzNjk3NTUzLCJkYXRhIjp7InVzZXJuYW1lIjoiYWRlIiwicGFzc3dvcmQiOiJiNzAxNjZkMjM1OWU1NWZmMzQ4NGY1ZDcwMjBjNzBkODZkODkwNzk2IiwiaXAiOiI6OjEiLCJ1c2VyX2FnZW50IjoiVGlja2V0aW5nLVdlYkFwcCJ9fQ.EEJyxxN8cSrNGASQ39JVYTD05-Q3KJ5OFzArofC4__E
Connection: close
Request body:

========================================
2018-08-08 09:46:49 
::1 GET /tourism/public-api/v1/destination_accounts/2 HTTP/1.1
HTTP headers:
Host: localhost
User-Agent: Ticketing-WebApp
Authorization: Bearer eyJ0eXAiOiJKV1QiLCJhbGciOiJIUzI1NiJ9.eyJpYXQiOjE1MzM2OTU3NTMsImp0aSI6IjRwNDdlMytkKzdVSWdcLzQrSU41dEk5eUVhQktJSGpGYnd6RG1Icm1JdVZzPSIsImlzcyI6Ijo6MSIsIm5iZiI6MTUzMzY5NTc1MywiZXhwIjoxNTMzNjk3NTUzLCJkYXRhIjp7InVzZXJuYW1lIjoiYWRlIiwicGFzc3dvcmQiOiJiNzAxNjZkMjM1OWU1NWZmMzQ4NGY1ZDcwMjBjNzBkODZkODkwNzk2IiwiaXAiOiI6OjEiLCJ1c2VyX2FnZW50IjoiVGlja2V0aW5nLVdlYkFwcCJ9fQ.EEJyxxN8cSrNGASQ39JVYTD05-Q3KJ5OFzArofC4__E
Connection: close
Request body:

========================================
2018-08-08 09:47:03 
::1 GET /tourism/public-api/v1/destination_accounts/active HTTP/1.1
HTTP headers:
Host: localhost
User-Agent: Ticketing-WebApp
Authorization: Bearer eyJ0eXAiOiJKV1QiLCJhbGciOiJIUzI1NiJ9.eyJpYXQiOjE1MzM2OTU3NTMsImp0aSI6IjRwNDdlMytkKzdVSWdcLzQrSU41dEk5eUVhQktJSGpGYnd6RG1Icm1JdVZzPSIsImlzcyI6Ijo6MSIsIm5iZiI6MTUzMzY5NTc1MywiZXhwIjoxNTMzNjk3NTUzLCJkYXRhIjp7InVzZXJuYW1lIjoiYWRlIiwicGFzc3dvcmQiOiJiNzAxNjZkMjM1OWU1NWZmMzQ4NGY1ZDcwMjBjNzBkODZkODkwNzk2IiwiaXAiOiI6OjEiLCJ1c2VyX2FnZW50IjoiVGlja2V0aW5nLVdlYkFwcCJ9fQ.EEJyxxN8cSrNGASQ39JVYTD05-Q3KJ5OFzArofC4__E
Connection: close
Request body:

========================================
2018-08-08 09:47:05 
::1 GET /tourism/public-api/v1/destination_accounts/2 HTTP/1.1
HTTP headers:
Host: localhost
User-Agent: Ticketing-WebApp
Authorization: Bearer eyJ0eXAiOiJKV1QiLCJhbGciOiJIUzI1NiJ9.eyJpYXQiOjE1MzM2OTU3NTMsImp0aSI6IjRwNDdlMytkKzdVSWdcLzQrSU41dEk5eUVhQktJSGpGYnd6RG1Icm1JdVZzPSIsImlzcyI6Ijo6MSIsIm5iZiI6MTUzMzY5NTc1MywiZXhwIjoxNTMzNjk3NTUzLCJkYXRhIjp7InVzZXJuYW1lIjoiYWRlIiwicGFzc3dvcmQiOiJiNzAxNjZkMjM1OWU1NWZmMzQ4NGY1ZDcwMjBjNzBkODZkODkwNzk2IiwiaXAiOiI6OjEiLCJ1c2VyX2FnZW50IjoiVGlja2V0aW5nLVdlYkFwcCJ9fQ.EEJyxxN8cSrNGASQ39JVYTD05-Q3KJ5OFzArofC4__E
Connection: close
Request body:

========================================
2018-08-08 10:14:16 
::1 POST /tourism/public-api/v1/users/token HTTP/1.1
HTTP headers:
Host: localhost
Content-Length: 25
User-Agent: Ticketing-WebApp
Connection: close
Content-Type: application/x-www-form-urlencoded
Request body:
username=ade&password=ade
========================================
2018-08-08 10:14:17 
::1 GET /tourism/public-api/v1/users/1 HTTP/1.1
HTTP headers:
Host: localhost
User-Agent: Ticketing-WebApp
Authorization: Bearer eyJ0eXAiOiJKV1QiLCJhbGciOiJIUzI1NiJ9.eyJpYXQiOjE1MzM2OTgwNTYsImp0aSI6IktrY1JDUmZTTjh0Q3BFeXJDUFYzb3ZDUHRlclcxYkpsVEVDUEtvbW1nZms9IiwiaXNzIjoiOjoxIiwibmJmIjoxNTMzNjk4MDU2LCJleHAiOjE1MzM2OTk4NTYsImRhdGEiOnsidXNlcm5hbWUiOiJhZGUiLCJwYXNzd29yZCI6ImI3MDE2NmQyMzU5ZTU1ZmYzNDg0ZjVkNzAyMGM3MGQ4NmQ4OTA3OTYiLCJpcCI6Ijo6MSIsInVzZXJfYWdlbnQiOiJUaWNrZXRpbmctV2ViQXBwIn19.sKHxmifqVeVvQyuL3OG3bcPvXofkk5soQ_knQ0PBI0Q
Connection: close
Request body:

========================================
2018-08-08 10:14:25 
::1 GET /tourism/public-api/v1/destination_accounts/active HTTP/1.1
HTTP headers:
Host: localhost
User-Agent: Ticketing-WebApp
Authorization: Bearer eyJ0eXAiOiJKV1QiLCJhbGciOiJIUzI1NiJ9.eyJpYXQiOjE1MzM2OTgwNTYsImp0aSI6IktrY1JDUmZTTjh0Q3BFeXJDUFYzb3ZDUHRlclcxYkpsVEVDUEtvbW1nZms9IiwiaXNzIjoiOjoxIiwibmJmIjoxNTMzNjk4MDU2LCJleHAiOjE1MzM2OTk4NTYsImRhdGEiOnsidXNlcm5hbWUiOiJhZGUiLCJwYXNzd29yZCI6ImI3MDE2NmQyMzU5ZTU1ZmYzNDg0ZjVkNzAyMGM3MGQ4NmQ4OTA3OTYiLCJpcCI6Ijo6MSIsInVzZXJfYWdlbnQiOiJUaWNrZXRpbmctV2ViQXBwIn19.sKHxmifqVeVvQyuL3OG3bcPvXofkk5soQ_knQ0PBI0Q
Connection: close
Request body:

========================================
2018-08-08 10:14:31 
::1 GET /tourism/public-api/v1/destination_accounts/2 HTTP/1.1
HTTP headers:
Host: localhost
User-Agent: Ticketing-WebApp
Authorization: Bearer eyJ0eXAiOiJKV1QiLCJhbGciOiJIUzI1NiJ9.eyJpYXQiOjE1MzM2OTgwNTYsImp0aSI6IktrY1JDUmZTTjh0Q3BFeXJDUFYzb3ZDUHRlclcxYkpsVEVDUEtvbW1nZms9IiwiaXNzIjoiOjoxIiwibmJmIjoxNTMzNjk4MDU2LCJleHAiOjE1MzM2OTk4NTYsImRhdGEiOnsidXNlcm5hbWUiOiJhZGUiLCJwYXNzd29yZCI6ImI3MDE2NmQyMzU5ZTU1ZmYzNDg0ZjVkNzAyMGM3MGQ4NmQ4OTA3OTYiLCJpcCI6Ijo6MSIsInVzZXJfYWdlbnQiOiJUaWNrZXRpbmctV2ViQXBwIn19.sKHxmifqVeVvQyuL3OG3bcPvXofkk5soQ_knQ0PBI0Q
Connection: close
Request body:

========================================
2018-08-08 10:15:01 
::1 GET /tourism/public-api/v1/destination_accounts/active HTTP/1.1
HTTP headers:
Host: localhost
User-Agent: Ticketing-WebApp
Authorization: Bearer eyJ0eXAiOiJKV1QiLCJhbGciOiJIUzI1NiJ9.eyJpYXQiOjE1MzM2OTgwNTYsImp0aSI6IktrY1JDUmZTTjh0Q3BFeXJDUFYzb3ZDUHRlclcxYkpsVEVDUEtvbW1nZms9IiwiaXNzIjoiOjoxIiwibmJmIjoxNTMzNjk4MDU2LCJleHAiOjE1MzM2OTk4NTYsImRhdGEiOnsidXNlcm5hbWUiOiJhZGUiLCJwYXNzd29yZCI6ImI3MDE2NmQyMzU5ZTU1ZmYzNDg0ZjVkNzAyMGM3MGQ4NmQ4OTA3OTYiLCJpcCI6Ijo6MSIsInVzZXJfYWdlbnQiOiJUaWNrZXRpbmctV2ViQXBwIn19.sKHxmifqVeVvQyuL3OG3bcPvXofkk5soQ_knQ0PBI0Q
Connection: close
Request body:

========================================
2018-08-08 10:15:04 
::1 GET /tourism/public-api/v1/destination_accounts/2 HTTP/1.1
HTTP headers:
Host: localhost
User-Agent: Ticketing-WebApp
Authorization: Bearer eyJ0eXAiOiJKV1QiLCJhbGciOiJIUzI1NiJ9.eyJpYXQiOjE1MzM2OTgwNTYsImp0aSI6IktrY1JDUmZTTjh0Q3BFeXJDUFYzb3ZDUHRlclcxYkpsVEVDUEtvbW1nZms9IiwiaXNzIjoiOjoxIiwibmJmIjoxNTMzNjk4MDU2LCJleHAiOjE1MzM2OTk4NTYsImRhdGEiOnsidXNlcm5hbWUiOiJhZGUiLCJwYXNzd29yZCI6ImI3MDE2NmQyMzU5ZTU1ZmYzNDg0ZjVkNzAyMGM3MGQ4NmQ4OTA3OTYiLCJpcCI6Ijo6MSIsInVzZXJfYWdlbnQiOiJUaWNrZXRpbmctV2ViQXBwIn19.sKHxmifqVeVvQyuL3OG3bcPvXofkk5soQ_knQ0PBI0Q
Connection: close
Request body:

========================================
2018-08-08 10:16:55 
::1 GET /tourism/public-api/v1/destination_accounts/active HTTP/1.1
HTTP headers:
Host: localhost
User-Agent: Ticketing-WebApp
Authorization: Bearer eyJ0eXAiOiJKV1QiLCJhbGciOiJIUzI1NiJ9.eyJpYXQiOjE1MzM2OTgwNTYsImp0aSI6IktrY1JDUmZTTjh0Q3BFeXJDUFYzb3ZDUHRlclcxYkpsVEVDUEtvbW1nZms9IiwiaXNzIjoiOjoxIiwibmJmIjoxNTMzNjk4MDU2LCJleHAiOjE1MzM2OTk4NTYsImRhdGEiOnsidXNlcm5hbWUiOiJhZGUiLCJwYXNzd29yZCI6ImI3MDE2NmQyMzU5ZTU1ZmYzNDg0ZjVkNzAyMGM3MGQ4NmQ4OTA3OTYiLCJpcCI6Ijo6MSIsInVzZXJfYWdlbnQiOiJUaWNrZXRpbmctV2ViQXBwIn19.sKHxmifqVeVvQyuL3OG3bcPvXofkk5soQ_knQ0PBI0Q
Connection: close
Request body:

========================================
2018-08-08 10:16:58 
::1 GET /tourism/public-api/v1/destination_accounts/2 HTTP/1.1
HTTP headers:
Host: localhost
User-Agent: Ticketing-WebApp
Authorization: Bearer eyJ0eXAiOiJKV1QiLCJhbGciOiJIUzI1NiJ9.eyJpYXQiOjE1MzM2OTgwNTYsImp0aSI6IktrY1JDUmZTTjh0Q3BFeXJDUFYzb3ZDUHRlclcxYkpsVEVDUEtvbW1nZms9IiwiaXNzIjoiOjoxIiwibmJmIjoxNTMzNjk4MDU2LCJleHAiOjE1MzM2OTk4NTYsImRhdGEiOnsidXNlcm5hbWUiOiJhZGUiLCJwYXNzd29yZCI6ImI3MDE2NmQyMzU5ZTU1ZmYzNDg0ZjVkNzAyMGM3MGQ4NmQ4OTA3OTYiLCJpcCI6Ijo6MSIsInVzZXJfYWdlbnQiOiJUaWNrZXRpbmctV2ViQXBwIn19.sKHxmifqVeVvQyuL3OG3bcPvXofkk5soQ_knQ0PBI0Q
Connection: close
Request body:

========================================
2018-08-08 10:17:01 
::1 GET /tourism/public-api/v1/destination_accounts/1 HTTP/1.1
HTTP headers:
Host: localhost
User-Agent: Ticketing-WebApp
Authorization: Bearer eyJ0eXAiOiJKV1QiLCJhbGciOiJIUzI1NiJ9.eyJpYXQiOjE1MzM2OTgwNTYsImp0aSI6IktrY1JDUmZTTjh0Q3BFeXJDUFYzb3ZDUHRlclcxYkpsVEVDUEtvbW1nZms9IiwiaXNzIjoiOjoxIiwibmJmIjoxNTMzNjk4MDU2LCJleHAiOjE1MzM2OTk4NTYsImRhdGEiOnsidXNlcm5hbWUiOiJhZGUiLCJwYXNzd29yZCI6ImI3MDE2NmQyMzU5ZTU1ZmYzNDg0ZjVkNzAyMGM3MGQ4NmQ4OTA3OTYiLCJpcCI6Ijo6MSIsInVzZXJfYWdlbnQiOiJUaWNrZXRpbmctV2ViQXBwIn19.sKHxmifqVeVvQyuL3OG3bcPvXofkk5soQ_knQ0PBI0Q
Connection: close
Request body:

========================================
2018-08-08 10:22:21 
::1 GET /tourism/public-api/v1/destination_accounts/active HTTP/1.1
HTTP headers:
Host: localhost
User-Agent: Ticketing-WebApp
Authorization: Bearer eyJ0eXAiOiJKV1QiLCJhbGciOiJIUzI1NiJ9.eyJpYXQiOjE1MzM2OTgwNTYsImp0aSI6IktrY1JDUmZTTjh0Q3BFeXJDUFYzb3ZDUHRlclcxYkpsVEVDUEtvbW1nZms9IiwiaXNzIjoiOjoxIiwibmJmIjoxNTMzNjk4MDU2LCJleHAiOjE1MzM2OTk4NTYsImRhdGEiOnsidXNlcm5hbWUiOiJhZGUiLCJwYXNzd29yZCI6ImI3MDE2NmQyMzU5ZTU1ZmYzNDg0ZjVkNzAyMGM3MGQ4NmQ4OTA3OTYiLCJpcCI6Ijo6MSIsInVzZXJfYWdlbnQiOiJUaWNrZXRpbmctV2ViQXBwIn19.sKHxmifqVeVvQyuL3OG3bcPvXofkk5soQ_knQ0PBI0Q
Connection: close
Request body:

========================================
2018-08-08 10:22:26 
::1 GET /tourism/public-api/v1/destination_accounts/2 HTTP/1.1
HTTP headers:
Host: localhost
User-Agent: Ticketing-WebApp
Authorization: Bearer eyJ0eXAiOiJKV1QiLCJhbGciOiJIUzI1NiJ9.eyJpYXQiOjE1MzM2OTgwNTYsImp0aSI6IktrY1JDUmZTTjh0Q3BFeXJDUFYzb3ZDUHRlclcxYkpsVEVDUEtvbW1nZms9IiwiaXNzIjoiOjoxIiwibmJmIjoxNTMzNjk4MDU2LCJleHAiOjE1MzM2OTk4NTYsImRhdGEiOnsidXNlcm5hbWUiOiJhZGUiLCJwYXNzd29yZCI6ImI3MDE2NmQyMzU5ZTU1ZmYzNDg0ZjVkNzAyMGM3MGQ4NmQ4OTA3OTYiLCJpcCI6Ijo6MSIsInVzZXJfYWdlbnQiOiJUaWNrZXRpbmctV2ViQXBwIn19.sKHxmifqVeVvQyuL3OG3bcPvXofkk5soQ_knQ0PBI0Q
Connection: close
Request body:

========================================
2018-08-08 10:22:30 
::1 PUT /tourism/public-api/v1/destination_accounts/2 HTTP/1.1
HTTP headers:
Host: localhost
Content-Length: 78
User-Agent: Ticketing-WebApp
Authorization: Bearer eyJ0eXAiOiJKV1QiLCJhbGciOiJIUzI1NiJ9.eyJpYXQiOjE1MzM2OTgwNTYsImp0aSI6IktrY1JDUmZTTjh0Q3BFeXJDUFYzb3ZDUHRlclcxYkpsVEVDUEtvbW1nZms9IiwiaXNzIjoiOjoxIiwibmJmIjoxNTMzNjk4MDU2LCJleHAiOjE1MzM2OTk4NTYsImRhdGEiOnsidXNlcm5hbWUiOiJhZGUiLCJwYXNzd29yZCI6ImI3MDE2NmQyMzU5ZTU1ZmYzNDg0ZjVkNzAyMGM3MGQ4NmQ4OTA3OTYiLCJpcCI6Ijo6MSIsInVzZXJfYWdlbnQiOiJUaWNrZXRpbmctV2ViQXBwIn19.sKHxmifqVeVvQyuL3OG3bcPvXofkk5soQ_knQ0PBI0Q
Connection: close
Content-Type: application/x-www-form-urlencoded
Request body:
bank_account=Mandiri&account_number=123456789&account_fullname=ade&is_active=1
========================================
2018-08-08 10:22:34 
::1 GET /tourism/public-api/v1/destination_accounts/active HTTP/1.1
HTTP headers:
Host: localhost
User-Agent: Ticketing-WebApp
Authorization: Bearer eyJ0eXAiOiJKV1QiLCJhbGciOiJIUzI1NiJ9.eyJpYXQiOjE1MzM2OTgwNTYsImp0aSI6IktrY1JDUmZTTjh0Q3BFeXJDUFYzb3ZDUHRlclcxYkpsVEVDUEtvbW1nZms9IiwiaXNzIjoiOjoxIiwibmJmIjoxNTMzNjk4MDU2LCJleHAiOjE1MzM2OTk4NTYsImRhdGEiOnsidXNlcm5hbWUiOiJhZGUiLCJwYXNzd29yZCI6ImI3MDE2NmQyMzU5ZTU1ZmYzNDg0ZjVkNzAyMGM3MGQ4NmQ4OTA3OTYiLCJpcCI6Ijo6MSIsInVzZXJfYWdlbnQiOiJUaWNrZXRpbmctV2ViQXBwIn19.sKHxmifqVeVvQyuL3OG3bcPvXofkk5soQ_knQ0PBI0Q
Connection: close
Request body:

========================================
2018-08-08 10:23:11 
::1 POST /tourism/public-api/v1/users/token HTTP/1.1
HTTP headers:
Content-Type: application/x-www-form-urlencoded
cache-control: no-cache
Postman-Token: 7d349a03-142d-4004-8f51-b2c6633b5664
User-Agent: PostmanRuntime/7.2.0
Accept: */*
Host: localhost
accept-encoding: gzip, deflate
content-length: 25
Connection: keep-alive
Request body:
username=ade&password=ade
========================================
2018-08-08 10:24:18 
::1 PUT /tourism/public-api/v1/destination_accounts/2 HTTP/1.1
HTTP headers:
Authorization: Bearer eyJ0eXAiOiJKV1QiLCJhbGciOiJIUzI1NiJ9.eyJpYXQiOjE1MzM2OTg1OTEsImp0aSI6IjB1eDZxQTlwbitDNGlWRXdiRXRsY2gwSTV4a1poR2x3WlNSamVRUHBTYjg9IiwiaXNzIjoiOjoxIiwibmJmIjoxNTMzNjk4NTkxLCJleHAiOjE1MzM3MDAzOTEsImRhdGEiOnsidXNlcm5hbWUiOiJhZGUiLCJwYXNzd29yZCI6ImI3MDE2NmQyMzU5ZTU1ZmYzNDg0ZjVkNzAyMGM3MGQ4NmQ4OTA3OTYiLCJpcCI6Ijo6MSIsInVzZXJfYWdlbnQiOiJQb3N0bWFuUnVudGltZVwvNy4yLjAifX0.P-t0ccNYe0MXU2aAX15eGnr59kvQoHP7ehbth1Y2tW8
Content-Type: application/x-www-form-urlencoded
cache-control: no-cache
Postman-Token: f1399609-228b-4954-b13a-798b83c5d8cd
User-Agent: PostmanRuntime/7.2.0
Accept: */*
Host: localhost
accept-encoding: gzip, deflate
content-length: 11
Connection: keep-alive
Request body:
is_active=0
========================================
2018-08-08 10:24:53 
::1 PUT /tourism/public-api/v1/destination_accounts/2 HTTP/1.1
HTTP headers:
Authorization: Bearer eyJ0eXAiOiJKV1QiLCJhbGciOiJIUzI1NiJ9.eyJpYXQiOjE1MzM2OTg1OTEsImp0aSI6IjB1eDZxQTlwbitDNGlWRXdiRXRsY2gwSTV4a1poR2x3WlNSamVRUHBTYjg9IiwiaXNzIjoiOjoxIiwibmJmIjoxNTMzNjk4NTkxLCJleHAiOjE1MzM3MDAzOTEsImRhdGEiOnsidXNlcm5hbWUiOiJhZGUiLCJwYXNzd29yZCI6ImI3MDE2NmQyMzU5ZTU1ZmYzNDg0ZjVkNzAyMGM3MGQ4NmQ4OTA3OTYiLCJpcCI6Ijo6MSIsInVzZXJfYWdlbnQiOiJQb3N0bWFuUnVudGltZVwvNy4yLjAifX0.P-t0ccNYe0MXU2aAX15eGnr59kvQoHP7ehbth1Y2tW8
Content-Type: application/x-www-form-urlencoded
cache-control: no-cache
Postman-Token: f9fc2bb0-38c5-46bc-a52e-4be82a96b553
User-Agent: PostmanRuntime/7.2.0
Accept: */*
Host: localhost
accept-encoding: gzip, deflate
content-length: 14
Connection: keep-alive
Request body:
is_active=NULL
========================================
2018-08-08 10:25:03 
::1 PUT /tourism/public-api/v1/destination_accounts/2 HTTP/1.1
HTTP headers:
Authorization: Bearer eyJ0eXAiOiJKV1QiLCJhbGciOiJIUzI1NiJ9.eyJpYXQiOjE1MzM2OTg1OTEsImp0aSI6IjB1eDZxQTlwbitDNGlWRXdiRXRsY2gwSTV4a1poR2x3WlNSamVRUHBTYjg9IiwiaXNzIjoiOjoxIiwibmJmIjoxNTMzNjk4NTkxLCJleHAiOjE1MzM3MDAzOTEsImRhdGEiOnsidXNlcm5hbWUiOiJhZGUiLCJwYXNzd29yZCI6ImI3MDE2NmQyMzU5ZTU1ZmYzNDg0ZjVkNzAyMGM3MGQ4NmQ4OTA3OTYiLCJpcCI6Ijo6MSIsInVzZXJfYWdlbnQiOiJQb3N0bWFuUnVudGltZVwvNy4yLjAifX0.P-t0ccNYe0MXU2aAX15eGnr59kvQoHP7ehbth1Y2tW8
Content-Type: application/x-www-form-urlencoded
cache-control: no-cache
Postman-Token: 621bbe59-3b8e-4564-9d38-5140fb968bdd
User-Agent: PostmanRuntime/7.2.0
Accept: */*
Host: localhost
accept-encoding: gzip, deflate
content-length: 14
Connection: keep-alive
Request body:
is_active=NULL
========================================
2018-08-08 10:25:24 
::1 GET /tourism/public-api/v1/destination_accounts/active HTTP/1.1
HTTP headers:
Host: localhost
User-Agent: Ticketing-WebApp
Authorization: Bearer eyJ0eXAiOiJKV1QiLCJhbGciOiJIUzI1NiJ9.eyJpYXQiOjE1MzM2OTgwNTYsImp0aSI6IktrY1JDUmZTTjh0Q3BFeXJDUFYzb3ZDUHRlclcxYkpsVEVDUEtvbW1nZms9IiwiaXNzIjoiOjoxIiwibmJmIjoxNTMzNjk4MDU2LCJleHAiOjE1MzM2OTk4NTYsImRhdGEiOnsidXNlcm5hbWUiOiJhZGUiLCJwYXNzd29yZCI6ImI3MDE2NmQyMzU5ZTU1ZmYzNDg0ZjVkNzAyMGM3MGQ4NmQ4OTA3OTYiLCJpcCI6Ijo6MSIsInVzZXJfYWdlbnQiOiJUaWNrZXRpbmctV2ViQXBwIn19.sKHxmifqVeVvQyuL3OG3bcPvXofkk5soQ_knQ0PBI0Q
Connection: close
Request body:

========================================
2018-08-08 10:25:27 
::1 GET /tourism/public-api/v1/destination_accounts/2 HTTP/1.1
HTTP headers:
Host: localhost
User-Agent: Ticketing-WebApp
Authorization: Bearer eyJ0eXAiOiJKV1QiLCJhbGciOiJIUzI1NiJ9.eyJpYXQiOjE1MzM2OTgwNTYsImp0aSI6IktrY1JDUmZTTjh0Q3BFeXJDUFYzb3ZDUHRlclcxYkpsVEVDUEtvbW1nZms9IiwiaXNzIjoiOjoxIiwibmJmIjoxNTMzNjk4MDU2LCJleHAiOjE1MzM2OTk4NTYsImRhdGEiOnsidXNlcm5hbWUiOiJhZGUiLCJwYXNzd29yZCI6ImI3MDE2NmQyMzU5ZTU1ZmYzNDg0ZjVkNzAyMGM3MGQ4NmQ4OTA3OTYiLCJpcCI6Ijo6MSIsInVzZXJfYWdlbnQiOiJUaWNrZXRpbmctV2ViQXBwIn19.sKHxmifqVeVvQyuL3OG3bcPvXofkk5soQ_knQ0PBI0Q
Connection: close
Request body:

========================================
2018-08-08 10:25:29 
::1 PUT /tourism/public-api/v1/destination_accounts/2 HTTP/1.1
HTTP headers:
Host: localhost
Content-Length: 78
User-Agent: Ticketing-WebApp
Authorization: Bearer eyJ0eXAiOiJKV1QiLCJhbGciOiJIUzI1NiJ9.eyJpYXQiOjE1MzM2OTgwNTYsImp0aSI6IktrY1JDUmZTTjh0Q3BFeXJDUFYzb3ZDUHRlclcxYkpsVEVDUEtvbW1nZms9IiwiaXNzIjoiOjoxIiwibmJmIjoxNTMzNjk4MDU2LCJleHAiOjE1MzM2OTk4NTYsImRhdGEiOnsidXNlcm5hbWUiOiJhZGUiLCJwYXNzd29yZCI6ImI3MDE2NmQyMzU5ZTU1ZmYzNDg0ZjVkNzAyMGM3MGQ4NmQ4OTA3OTYiLCJpcCI6Ijo6MSIsInVzZXJfYWdlbnQiOiJUaWNrZXRpbmctV2ViQXBwIn19.sKHxmifqVeVvQyuL3OG3bcPvXofkk5soQ_knQ0PBI0Q
Connection: close
Content-Type: application/x-www-form-urlencoded
Request body:
bank_account=Mandiri&account_number=123456789&account_fullname=ade&is_active=1
========================================
2018-08-08 10:25:45 
::1 GET /tourism/public-api/v1/destination_accounts/active HTTP/1.1
HTTP headers:
Host: localhost
User-Agent: Ticketing-WebApp
Authorization: Bearer eyJ0eXAiOiJKV1QiLCJhbGciOiJIUzI1NiJ9.eyJpYXQiOjE1MzM2OTgwNTYsImp0aSI6IktrY1JDUmZTTjh0Q3BFeXJDUFYzb3ZDUHRlclcxYkpsVEVDUEtvbW1nZms9IiwiaXNzIjoiOjoxIiwibmJmIjoxNTMzNjk4MDU2LCJleHAiOjE1MzM2OTk4NTYsImRhdGEiOnsidXNlcm5hbWUiOiJhZGUiLCJwYXNzd29yZCI6ImI3MDE2NmQyMzU5ZTU1ZmYzNDg0ZjVkNzAyMGM3MGQ4NmQ4OTA3OTYiLCJpcCI6Ijo6MSIsInVzZXJfYWdlbnQiOiJUaWNrZXRpbmctV2ViQXBwIn19.sKHxmifqVeVvQyuL3OG3bcPvXofkk5soQ_knQ0PBI0Q
Connection: close
Request body:

========================================
2018-08-08 10:25:48 
::1 GET /tourism/public-api/v1/destination_accounts/2 HTTP/1.1
HTTP headers:
Host: localhost
User-Agent: Ticketing-WebApp
Authorization: Bearer eyJ0eXAiOiJKV1QiLCJhbGciOiJIUzI1NiJ9.eyJpYXQiOjE1MzM2OTgwNTYsImp0aSI6IktrY1JDUmZTTjh0Q3BFeXJDUFYzb3ZDUHRlclcxYkpsVEVDUEtvbW1nZms9IiwiaXNzIjoiOjoxIiwibmJmIjoxNTMzNjk4MDU2LCJleHAiOjE1MzM2OTk4NTYsImRhdGEiOnsidXNlcm5hbWUiOiJhZGUiLCJwYXNzd29yZCI6ImI3MDE2NmQyMzU5ZTU1ZmYzNDg0ZjVkNzAyMGM3MGQ4NmQ4OTA3OTYiLCJpcCI6Ijo6MSIsInVzZXJfYWdlbnQiOiJUaWNrZXRpbmctV2ViQXBwIn19.sKHxmifqVeVvQyuL3OG3bcPvXofkk5soQ_knQ0PBI0Q
Connection: close
Request body:

========================================
2018-08-08 10:25:51 
::1 PUT /tourism/public-api/v1/destination_accounts/2 HTTP/1.1
HTTP headers:
Host: localhost
Content-Length: 78
User-Agent: Ticketing-WebApp
Authorization: Bearer eyJ0eXAiOiJKV1QiLCJhbGciOiJIUzI1NiJ9.eyJpYXQiOjE1MzM2OTgwNTYsImp0aSI6IktrY1JDUmZTTjh0Q3BFeXJDUFYzb3ZDUHRlclcxYkpsVEVDUEtvbW1nZms9IiwiaXNzIjoiOjoxIiwibmJmIjoxNTMzNjk4MDU2LCJleHAiOjE1MzM2OTk4NTYsImRhdGEiOnsidXNlcm5hbWUiOiJhZGUiLCJwYXNzd29yZCI6ImI3MDE2NmQyMzU5ZTU1ZmYzNDg0ZjVkNzAyMGM3MGQ4NmQ4OTA3OTYiLCJpcCI6Ijo6MSIsInVzZXJfYWdlbnQiOiJUaWNrZXRpbmctV2ViQXBwIn19.sKHxmifqVeVvQyuL3OG3bcPvXofkk5soQ_knQ0PBI0Q
Connection: close
Content-Type: application/x-www-form-urlencoded
Request body:
bank_account=Mandiri&account_number=123456789&account_fullname=ade&is_active=1
========================================
2018-08-08 10:26:33 
::1 GET /tourism/public-api/v1/destination_accounts/active HTTP/1.1
HTTP headers:
Host: localhost
User-Agent: Ticketing-WebApp
Authorization: Bearer eyJ0eXAiOiJKV1QiLCJhbGciOiJIUzI1NiJ9.eyJpYXQiOjE1MzM2OTgwNTYsImp0aSI6IktrY1JDUmZTTjh0Q3BFeXJDUFYzb3ZDUHRlclcxYkpsVEVDUEtvbW1nZms9IiwiaXNzIjoiOjoxIiwibmJmIjoxNTMzNjk4MDU2LCJleHAiOjE1MzM2OTk4NTYsImRhdGEiOnsidXNlcm5hbWUiOiJhZGUiLCJwYXNzd29yZCI6ImI3MDE2NmQyMzU5ZTU1ZmYzNDg0ZjVkNzAyMGM3MGQ4NmQ4OTA3OTYiLCJpcCI6Ijo6MSIsInVzZXJfYWdlbnQiOiJUaWNrZXRpbmctV2ViQXBwIn19.sKHxmifqVeVvQyuL3OG3bcPvXofkk5soQ_knQ0PBI0Q
Connection: close
Request body:

========================================
2018-08-08 10:26:36 
::1 GET /tourism/public-api/v1/destination_accounts/2 HTTP/1.1
HTTP headers:
Host: localhost
User-Agent: Ticketing-WebApp
Authorization: Bearer eyJ0eXAiOiJKV1QiLCJhbGciOiJIUzI1NiJ9.eyJpYXQiOjE1MzM2OTgwNTYsImp0aSI6IktrY1JDUmZTTjh0Q3BFeXJDUFYzb3ZDUHRlclcxYkpsVEVDUEtvbW1nZms9IiwiaXNzIjoiOjoxIiwibmJmIjoxNTMzNjk4MDU2LCJleHAiOjE1MzM2OTk4NTYsImRhdGEiOnsidXNlcm5hbWUiOiJhZGUiLCJwYXNzd29yZCI6ImI3MDE2NmQyMzU5ZTU1ZmYzNDg0ZjVkNzAyMGM3MGQ4NmQ4OTA3OTYiLCJpcCI6Ijo6MSIsInVzZXJfYWdlbnQiOiJUaWNrZXRpbmctV2ViQXBwIn19.sKHxmifqVeVvQyuL3OG3bcPvXofkk5soQ_knQ0PBI0Q
Connection: close
Request body:

========================================
2018-08-08 10:26:52 
::1 GET /tourism/public-api/v1/destination_accounts/active HTTP/1.1
HTTP headers:
Host: localhost
User-Agent: Ticketing-WebApp
Authorization: Bearer eyJ0eXAiOiJKV1QiLCJhbGciOiJIUzI1NiJ9.eyJpYXQiOjE1MzM2OTgwNTYsImp0aSI6IktrY1JDUmZTTjh0Q3BFeXJDUFYzb3ZDUHRlclcxYkpsVEVDUEtvbW1nZms9IiwiaXNzIjoiOjoxIiwibmJmIjoxNTMzNjk4MDU2LCJleHAiOjE1MzM2OTk4NTYsImRhdGEiOnsidXNlcm5hbWUiOiJhZGUiLCJwYXNzd29yZCI6ImI3MDE2NmQyMzU5ZTU1ZmYzNDg0ZjVkNzAyMGM3MGQ4NmQ4OTA3OTYiLCJpcCI6Ijo6MSIsInVzZXJfYWdlbnQiOiJUaWNrZXRpbmctV2ViQXBwIn19.sKHxmifqVeVvQyuL3OG3bcPvXofkk5soQ_knQ0PBI0Q
Connection: close
Request body:

========================================
2018-08-08 10:26:56 
::1 GET /tourism/public-api/v1/destination_accounts/2 HTTP/1.1
HTTP headers:
Host: localhost
User-Agent: Ticketing-WebApp
Authorization: Bearer eyJ0eXAiOiJKV1QiLCJhbGciOiJIUzI1NiJ9.eyJpYXQiOjE1MzM2OTgwNTYsImp0aSI6IktrY1JDUmZTTjh0Q3BFeXJDUFYzb3ZDUHRlclcxYkpsVEVDUEtvbW1nZms9IiwiaXNzIjoiOjoxIiwibmJmIjoxNTMzNjk4MDU2LCJleHAiOjE1MzM2OTk4NTYsImRhdGEiOnsidXNlcm5hbWUiOiJhZGUiLCJwYXNzd29yZCI6ImI3MDE2NmQyMzU5ZTU1ZmYzNDg0ZjVkNzAyMGM3MGQ4NmQ4OTA3OTYiLCJpcCI6Ijo6MSIsInVzZXJfYWdlbnQiOiJUaWNrZXRpbmctV2ViQXBwIn19.sKHxmifqVeVvQyuL3OG3bcPvXofkk5soQ_knQ0PBI0Q
Connection: close
Request body:

========================================
2018-08-08 10:26:59 
::1 PUT /tourism/public-api/v1/destination_accounts/2 HTTP/1.1
HTTP headers:
Host: localhost
Content-Length: 78
User-Agent: Ticketing-WebApp
Authorization: Bearer eyJ0eXAiOiJKV1QiLCJhbGciOiJIUzI1NiJ9.eyJpYXQiOjE1MzM2OTgwNTYsImp0aSI6IktrY1JDUmZTTjh0Q3BFeXJDUFYzb3ZDUHRlclcxYkpsVEVDUEtvbW1nZms9IiwiaXNzIjoiOjoxIiwibmJmIjoxNTMzNjk4MDU2LCJleHAiOjE1MzM2OTk4NTYsImRhdGEiOnsidXNlcm5hbWUiOiJhZGUiLCJwYXNzd29yZCI6ImI3MDE2NmQyMzU5ZTU1ZmYzNDg0ZjVkNzAyMGM3MGQ4NmQ4OTA3OTYiLCJpcCI6Ijo6MSIsInVzZXJfYWdlbnQiOiJUaWNrZXRpbmctV2ViQXBwIn19.sKHxmifqVeVvQyuL3OG3bcPvXofkk5soQ_knQ0PBI0Q
Connection: close
Content-Type: application/x-www-form-urlencoded
Request body:
bank_account=Mandiri&account_number=123456789&account_fullname=ade&is_active=0
========================================
2018-08-08 10:29:32 
::1 GET /tourism/public-api/v1/destination_accounts/active HTTP/1.1
HTTP headers:
Host: localhost
User-Agent: Ticketing-WebApp
Authorization: Bearer eyJ0eXAiOiJKV1QiLCJhbGciOiJIUzI1NiJ9.eyJpYXQiOjE1MzM2OTgwNTYsImp0aSI6IktrY1JDUmZTTjh0Q3BFeXJDUFYzb3ZDUHRlclcxYkpsVEVDUEtvbW1nZms9IiwiaXNzIjoiOjoxIiwibmJmIjoxNTMzNjk4MDU2LCJleHAiOjE1MzM2OTk4NTYsImRhdGEiOnsidXNlcm5hbWUiOiJhZGUiLCJwYXNzd29yZCI6ImI3MDE2NmQyMzU5ZTU1ZmYzNDg0ZjVkNzAyMGM3MGQ4NmQ4OTA3OTYiLCJpcCI6Ijo6MSIsInVzZXJfYWdlbnQiOiJUaWNrZXRpbmctV2ViQXBwIn19.sKHxmifqVeVvQyuL3OG3bcPvXofkk5soQ_knQ0PBI0Q
Connection: close
Request body:

========================================
2018-08-08 10:30:22 
::1 GET /tourism/public-api/v1/destination_accounts/active HTTP/1.1
HTTP headers:
Host: localhost
User-Agent: Ticketing-WebApp
Authorization: Bearer eyJ0eXAiOiJKV1QiLCJhbGciOiJIUzI1NiJ9.eyJpYXQiOjE1MzM2OTgwNTYsImp0aSI6IktrY1JDUmZTTjh0Q3BFeXJDUFYzb3ZDUHRlclcxYkpsVEVDUEtvbW1nZms9IiwiaXNzIjoiOjoxIiwibmJmIjoxNTMzNjk4MDU2LCJleHAiOjE1MzM2OTk4NTYsImRhdGEiOnsidXNlcm5hbWUiOiJhZGUiLCJwYXNzd29yZCI6ImI3MDE2NmQyMzU5ZTU1ZmYzNDg0ZjVkNzAyMGM3MGQ4NmQ4OTA3OTYiLCJpcCI6Ijo6MSIsInVzZXJfYWdlbnQiOiJUaWNrZXRpbmctV2ViQXBwIn19.sKHxmifqVeVvQyuL3OG3bcPvXofkk5soQ_knQ0PBI0Q
Connection: close
Request body:

========================================
2018-08-08 10:55:56 
::1 POST /tourism/public-api/v1/users/token HTTP/1.1
HTTP headers:
Host: localhost
Content-Length: 25
User-Agent: Ticketing-WebApp
Connection: close
Content-Type: application/x-www-form-urlencoded
Request body:
username=ade&password=ade
========================================
2018-08-08 10:55:57 
::1 GET /tourism/public-api/v1/users/1 HTTP/1.1
HTTP headers:
Host: localhost
User-Agent: Ticketing-WebApp
Authorization: Bearer eyJ0eXAiOiJKV1QiLCJhbGciOiJIUzI1NiJ9.eyJpYXQiOjE1MzM3MDA1NTYsImp0aSI6Ik5BUEJDcnZ0aUdqa09zenBxaHpsWGdJTHpXdys5ZzJRXC9ieDVrTkdxSXZNPSIsImlzcyI6Ijo6MSIsIm5iZiI6MTUzMzcwMDU1NiwiZXhwIjoxNTMzNzAyMzU2LCJkYXRhIjp7InVzZXJuYW1lIjoiYWRlIiwicGFzc3dvcmQiOiJiNzAxNjZkMjM1OWU1NWZmMzQ4NGY1ZDcwMjBjNzBkODZkODkwNzk2IiwiaXAiOiI6OjEiLCJ1c2VyX2FnZW50IjoiVGlja2V0aW5nLVdlYkFwcCJ9fQ.biFWV26cZuOiqk4GB-u78J1AW9kQi9M_dFLhJeeX5nk
Connection: close
Request body:

========================================
2018-08-08 10:56:04 
::1 GET /tourism/public-api/v1/destination_accounts/active HTTP/1.1
HTTP headers:
Host: localhost
User-Agent: Ticketing-WebApp
Authorization: Bearer eyJ0eXAiOiJKV1QiLCJhbGciOiJIUzI1NiJ9.eyJpYXQiOjE1MzM3MDA1NTYsImp0aSI6Ik5BUEJDcnZ0aUdqa09zenBxaHpsWGdJTHpXdys5ZzJRXC9ieDVrTkdxSXZNPSIsImlzcyI6Ijo6MSIsIm5iZiI6MTUzMzcwMDU1NiwiZXhwIjoxNTMzNzAyMzU2LCJkYXRhIjp7InVzZXJuYW1lIjoiYWRlIiwicGFzc3dvcmQiOiJiNzAxNjZkMjM1OWU1NWZmMzQ4NGY1ZDcwMjBjNzBkODZkODkwNzk2IiwiaXAiOiI6OjEiLCJ1c2VyX2FnZW50IjoiVGlja2V0aW5nLVdlYkFwcCJ9fQ.biFWV26cZuOiqk4GB-u78J1AW9kQi9M_dFLhJeeX5nk
Connection: close
Request body:

========================================
2018-08-08 10:56:08 
::1 GET /tourism/public-api/v1/destination_accounts/2 HTTP/1.1
HTTP headers:
Host: localhost
User-Agent: Ticketing-WebApp
Authorization: Bearer eyJ0eXAiOiJKV1QiLCJhbGciOiJIUzI1NiJ9.eyJpYXQiOjE1MzM3MDA1NTYsImp0aSI6Ik5BUEJDcnZ0aUdqa09zenBxaHpsWGdJTHpXdys5ZzJRXC9ieDVrTkdxSXZNPSIsImlzcyI6Ijo6MSIsIm5iZiI6MTUzMzcwMDU1NiwiZXhwIjoxNTMzNzAyMzU2LCJkYXRhIjp7InVzZXJuYW1lIjoiYWRlIiwicGFzc3dvcmQiOiJiNzAxNjZkMjM1OWU1NWZmMzQ4NGY1ZDcwMjBjNzBkODZkODkwNzk2IiwiaXAiOiI6OjEiLCJ1c2VyX2FnZW50IjoiVGlja2V0aW5nLVdlYkFwcCJ9fQ.biFWV26cZuOiqk4GB-u78J1AW9kQi9M_dFLhJeeX5nk
Connection: close
Request body:

========================================
2018-08-08 10:56:12 
::1 PUT /tourism/public-api/v1/destination_accounts/2 HTTP/1.1
HTTP headers:
Host: localhost
Content-Length: 78
User-Agent: Ticketing-WebApp
Authorization: Bearer eyJ0eXAiOiJKV1QiLCJhbGciOiJIUzI1NiJ9.eyJpYXQiOjE1MzM3MDA1NTYsImp0aSI6Ik5BUEJDcnZ0aUdqa09zenBxaHpsWGdJTHpXdys5ZzJRXC9ieDVrTkdxSXZNPSIsImlzcyI6Ijo6MSIsIm5iZiI6MTUzMzcwMDU1NiwiZXhwIjoxNTMzNzAyMzU2LCJkYXRhIjp7InVzZXJuYW1lIjoiYWRlIiwicGFzc3dvcmQiOiJiNzAxNjZkMjM1OWU1NWZmMzQ4NGY1ZDcwMjBjNzBkODZkODkwNzk2IiwiaXAiOiI6OjEiLCJ1c2VyX2FnZW50IjoiVGlja2V0aW5nLVdlYkFwcCJ9fQ.biFWV26cZuOiqk4GB-u78J1AW9kQi9M_dFLhJeeX5nk
Connection: close
Content-Type: application/x-www-form-urlencoded
Request body:
bank_account=Mandiri&account_number=123456789&account_fullname=ade&is_active=1
========================================
2018-08-08 10:56:24 
::1 GET /tourism/public-api/v1/destination_accounts/active HTTP/1.1
HTTP headers:
Host: localhost
User-Agent: Ticketing-WebApp
Authorization: Bearer eyJ0eXAiOiJKV1QiLCJhbGciOiJIUzI1NiJ9.eyJpYXQiOjE1MzM3MDA1NTYsImp0aSI6Ik5BUEJDcnZ0aUdqa09zenBxaHpsWGdJTHpXdys5ZzJRXC9ieDVrTkdxSXZNPSIsImlzcyI6Ijo6MSIsIm5iZiI6MTUzMzcwMDU1NiwiZXhwIjoxNTMzNzAyMzU2LCJkYXRhIjp7InVzZXJuYW1lIjoiYWRlIiwicGFzc3dvcmQiOiJiNzAxNjZkMjM1OWU1NWZmMzQ4NGY1ZDcwMjBjNzBkODZkODkwNzk2IiwiaXAiOiI6OjEiLCJ1c2VyX2FnZW50IjoiVGlja2V0aW5nLVdlYkFwcCJ9fQ.biFWV26cZuOiqk4GB-u78J1AW9kQi9M_dFLhJeeX5nk
Connection: close
Request body:

========================================
2018-08-08 10:58:09 
::1 GET /tourism/public-api/v1/destination_accounts/active HTTP/1.1
HTTP headers:
Host: localhost
User-Agent: Ticketing-WebApp
Authorization: Bearer eyJ0eXAiOiJKV1QiLCJhbGciOiJIUzI1NiJ9.eyJpYXQiOjE1MzM3MDA1NTYsImp0aSI6Ik5BUEJDcnZ0aUdqa09zenBxaHpsWGdJTHpXdys5ZzJRXC9ieDVrTkdxSXZNPSIsImlzcyI6Ijo6MSIsIm5iZiI6MTUzMzcwMDU1NiwiZXhwIjoxNTMzNzAyMzU2LCJkYXRhIjp7InVzZXJuYW1lIjoiYWRlIiwicGFzc3dvcmQiOiJiNzAxNjZkMjM1OWU1NWZmMzQ4NGY1ZDcwMjBjNzBkODZkODkwNzk2IiwiaXAiOiI6OjEiLCJ1c2VyX2FnZW50IjoiVGlja2V0aW5nLVdlYkFwcCJ9fQ.biFWV26cZuOiqk4GB-u78J1AW9kQi9M_dFLhJeeX5nk
Connection: close
Request body:

========================================
2018-08-08 10:58:14 
::1 GET /tourism/public-api/v1/destination_accounts/2 HTTP/1.1
HTTP headers:
Host: localhost
User-Agent: Ticketing-WebApp
Authorization: Bearer eyJ0eXAiOiJKV1QiLCJhbGciOiJIUzI1NiJ9.eyJpYXQiOjE1MzM3MDA1NTYsImp0aSI6Ik5BUEJDcnZ0aUdqa09zenBxaHpsWGdJTHpXdys5ZzJRXC9ieDVrTkdxSXZNPSIsImlzcyI6Ijo6MSIsIm5iZiI6MTUzMzcwMDU1NiwiZXhwIjoxNTMzNzAyMzU2LCJkYXRhIjp7InVzZXJuYW1lIjoiYWRlIiwicGFzc3dvcmQiOiJiNzAxNjZkMjM1OWU1NWZmMzQ4NGY1ZDcwMjBjNzBkODZkODkwNzk2IiwiaXAiOiI6OjEiLCJ1c2VyX2FnZW50IjoiVGlja2V0aW5nLVdlYkFwcCJ9fQ.biFWV26cZuOiqk4GB-u78J1AW9kQi9M_dFLhJeeX5nk
Connection: close
Request body:

========================================
2018-08-08 10:58:18 
::1 PUT /tourism/public-api/v1/destination_accounts/2 HTTP/1.1
HTTP headers:
Host: localhost
Content-Length: 78
User-Agent: Ticketing-WebApp
Authorization: Bearer eyJ0eXAiOiJKV1QiLCJhbGciOiJIUzI1NiJ9.eyJpYXQiOjE1MzM3MDA1NTYsImp0aSI6Ik5BUEJDcnZ0aUdqa09zenBxaHpsWGdJTHpXdys5ZzJRXC9ieDVrTkdxSXZNPSIsImlzcyI6Ijo6MSIsIm5iZiI6MTUzMzcwMDU1NiwiZXhwIjoxNTMzNzAyMzU2LCJkYXRhIjp7InVzZXJuYW1lIjoiYWRlIiwicGFzc3dvcmQiOiJiNzAxNjZkMjM1OWU1NWZmMzQ4NGY1ZDcwMjBjNzBkODZkODkwNzk2IiwiaXAiOiI6OjEiLCJ1c2VyX2FnZW50IjoiVGlja2V0aW5nLVdlYkFwcCJ9fQ.biFWV26cZuOiqk4GB-u78J1AW9kQi9M_dFLhJeeX5nk
Connection: close
Content-Type: application/x-www-form-urlencoded
Request body:
bank_account=Mandiri&account_number=123456789&account_fullname=ade&is_active=0
========================================
2018-08-08 10:58:55 
::1 GET /tourism/public-api/v1/destination_accounts/2 HTTP/1.1
HTTP headers:
Host: localhost
User-Agent: Ticketing-WebApp
Authorization: Bearer eyJ0eXAiOiJKV1QiLCJhbGciOiJIUzI1NiJ9.eyJpYXQiOjE1MzM3MDA1NTYsImp0aSI6Ik5BUEJDcnZ0aUdqa09zenBxaHpsWGdJTHpXdys5ZzJRXC9ieDVrTkdxSXZNPSIsImlzcyI6Ijo6MSIsIm5iZiI6MTUzMzcwMDU1NiwiZXhwIjoxNTMzNzAyMzU2LCJkYXRhIjp7InVzZXJuYW1lIjoiYWRlIiwicGFzc3dvcmQiOiJiNzAxNjZkMjM1OWU1NWZmMzQ4NGY1ZDcwMjBjNzBkODZkODkwNzk2IiwiaXAiOiI6OjEiLCJ1c2VyX2FnZW50IjoiVGlja2V0aW5nLVdlYkFwcCJ9fQ.biFWV26cZuOiqk4GB-u78J1AW9kQi9M_dFLhJeeX5nk
Connection: close
Request body:

========================================
2018-08-08 10:59:00 
::1 PUT /tourism/public-api/v1/destination_accounts/2 HTTP/1.1
HTTP headers:
Host: localhost
Content-Length: 78
User-Agent: Ticketing-WebApp
Authorization: Bearer eyJ0eXAiOiJKV1QiLCJhbGciOiJIUzI1NiJ9.eyJpYXQiOjE1MzM3MDA1NTYsImp0aSI6Ik5BUEJDcnZ0aUdqa09zenBxaHpsWGdJTHpXdys5ZzJRXC9ieDVrTkdxSXZNPSIsImlzcyI6Ijo6MSIsIm5iZiI6MTUzMzcwMDU1NiwiZXhwIjoxNTMzNzAyMzU2LCJkYXRhIjp7InVzZXJuYW1lIjoiYWRlIiwicGFzc3dvcmQiOiJiNzAxNjZkMjM1OWU1NWZmMzQ4NGY1ZDcwMjBjNzBkODZkODkwNzk2IiwiaXAiOiI6OjEiLCJ1c2VyX2FnZW50IjoiVGlja2V0aW5nLVdlYkFwcCJ9fQ.biFWV26cZuOiqk4GB-u78J1AW9kQi9M_dFLhJeeX5nk
Connection: close
Content-Type: application/x-www-form-urlencoded
Request body:
bank_account=Mandiri&account_number=123456789&account_fullname=ade&is_active=1
========================================
2018-08-08 10:59:36 
::1 GET /tourism/public-api/v1/destination_accounts/active HTTP/1.1
HTTP headers:
Host: localhost
User-Agent: Ticketing-WebApp
Authorization: Bearer eyJ0eXAiOiJKV1QiLCJhbGciOiJIUzI1NiJ9.eyJpYXQiOjE1MzM3MDA1NTYsImp0aSI6Ik5BUEJDcnZ0aUdqa09zenBxaHpsWGdJTHpXdys5ZzJRXC9ieDVrTkdxSXZNPSIsImlzcyI6Ijo6MSIsIm5iZiI6MTUzMzcwMDU1NiwiZXhwIjoxNTMzNzAyMzU2LCJkYXRhIjp7InVzZXJuYW1lIjoiYWRlIiwicGFzc3dvcmQiOiJiNzAxNjZkMjM1OWU1NWZmMzQ4NGY1ZDcwMjBjNzBkODZkODkwNzk2IiwiaXAiOiI6OjEiLCJ1c2VyX2FnZW50IjoiVGlja2V0aW5nLVdlYkFwcCJ9fQ.biFWV26cZuOiqk4GB-u78J1AW9kQi9M_dFLhJeeX5nk
Connection: close
Request body:

========================================
2018-08-08 10:59:39 
::1 GET /tourism/public-api/v1/destination_accounts/2 HTTP/1.1
HTTP headers:
Host: localhost
User-Agent: Ticketing-WebApp
Authorization: Bearer eyJ0eXAiOiJKV1QiLCJhbGciOiJIUzI1NiJ9.eyJpYXQiOjE1MzM3MDA1NTYsImp0aSI6Ik5BUEJDcnZ0aUdqa09zenBxaHpsWGdJTHpXdys5ZzJRXC9ieDVrTkdxSXZNPSIsImlzcyI6Ijo6MSIsIm5iZiI6MTUzMzcwMDU1NiwiZXhwIjoxNTMzNzAyMzU2LCJkYXRhIjp7InVzZXJuYW1lIjoiYWRlIiwicGFzc3dvcmQiOiJiNzAxNjZkMjM1OWU1NWZmMzQ4NGY1ZDcwMjBjNzBkODZkODkwNzk2IiwiaXAiOiI6OjEiLCJ1c2VyX2FnZW50IjoiVGlja2V0aW5nLVdlYkFwcCJ9fQ.biFWV26cZuOiqk4GB-u78J1AW9kQi9M_dFLhJeeX5nk
Connection: close
Request body:

========================================
2018-08-08 10:59:43 
::1 PUT /tourism/public-api/v1/destination_accounts/2 HTTP/1.1
HTTP headers:
Host: localhost
Content-Length: 85
User-Agent: Ticketing-WebApp
Authorization: Bearer eyJ0eXAiOiJKV1QiLCJhbGciOiJIUzI1NiJ9.eyJpYXQiOjE1MzM3MDA1NTYsImp0aSI6Ik5BUEJDcnZ0aUdqa09zenBxaHpsWGdJTHpXdys5ZzJRXC9ieDVrTkdxSXZNPSIsImlzcyI6Ijo6MSIsIm5iZiI6MTUzMzcwMDU1NiwiZXhwIjoxNTMzNzAyMzU2LCJkYXRhIjp7InVzZXJuYW1lIjoiYWRlIiwicGFzc3dvcmQiOiJiNzAxNjZkMjM1OWU1NWZmMzQ4NGY1ZDcwMjBjNzBkODZkODkwNzk2IiwiaXAiOiI6OjEiLCJ1c2VyX2FnZW50IjoiVGlja2V0aW5nLVdlYkFwcCJ9fQ.biFWV26cZuOiqk4GB-u78J1AW9kQi9M_dFLhJeeX5nk
Connection: close
Content-Type: application/x-www-form-urlencoded
Request body:
bank_account=Mandiri&account_number=123456789&account_fullname=ade+update&is_active=1
========================================
2018-08-08 11:00:45 
::1 GET /tourism/public-api/v1/destination_accounts/active HTTP/1.1
HTTP headers:
Host: localhost
User-Agent: Ticketing-WebApp
Authorization: Bearer eyJ0eXAiOiJKV1QiLCJhbGciOiJIUzI1NiJ9.eyJpYXQiOjE1MzM3MDA1NTYsImp0aSI6Ik5BUEJDcnZ0aUdqa09zenBxaHpsWGdJTHpXdys5ZzJRXC9ieDVrTkdxSXZNPSIsImlzcyI6Ijo6MSIsIm5iZiI6MTUzMzcwMDU1NiwiZXhwIjoxNTMzNzAyMzU2LCJkYXRhIjp7InVzZXJuYW1lIjoiYWRlIiwicGFzc3dvcmQiOiJiNzAxNjZkMjM1OWU1NWZmMzQ4NGY1ZDcwMjBjNzBkODZkODkwNzk2IiwiaXAiOiI6OjEiLCJ1c2VyX2FnZW50IjoiVGlja2V0aW5nLVdlYkFwcCJ9fQ.biFWV26cZuOiqk4GB-u78J1AW9kQi9M_dFLhJeeX5nk
Connection: close
Request body:

========================================
2018-08-08 11:00:52 
::1 GET /tourism/public-api/v1/destination_accounts/2 HTTP/1.1
HTTP headers:
Host: localhost
User-Agent: Ticketing-WebApp
Authorization: Bearer eyJ0eXAiOiJKV1QiLCJhbGciOiJIUzI1NiJ9.eyJpYXQiOjE1MzM3MDA1NTYsImp0aSI6Ik5BUEJDcnZ0aUdqa09zenBxaHpsWGdJTHpXdys5ZzJRXC9ieDVrTkdxSXZNPSIsImlzcyI6Ijo6MSIsIm5iZiI6MTUzMzcwMDU1NiwiZXhwIjoxNTMzNzAyMzU2LCJkYXRhIjp7InVzZXJuYW1lIjoiYWRlIiwicGFzc3dvcmQiOiJiNzAxNjZkMjM1OWU1NWZmMzQ4NGY1ZDcwMjBjNzBkODZkODkwNzk2IiwiaXAiOiI6OjEiLCJ1c2VyX2FnZW50IjoiVGlja2V0aW5nLVdlYkFwcCJ9fQ.biFWV26cZuOiqk4GB-u78J1AW9kQi9M_dFLhJeeX5nk
Connection: close
Request body:

========================================
2018-08-08 11:00:57 
::1 PUT /tourism/public-api/v1/destination_accounts/2 HTTP/1.1
HTTP headers:
Host: localhost
Content-Length: 78
User-Agent: Ticketing-WebApp
Authorization: Bearer eyJ0eXAiOiJKV1QiLCJhbGciOiJIUzI1NiJ9.eyJpYXQiOjE1MzM3MDA1NTYsImp0aSI6Ik5BUEJDcnZ0aUdqa09zenBxaHpsWGdJTHpXdys5ZzJRXC9ieDVrTkdxSXZNPSIsImlzcyI6Ijo6MSIsIm5iZiI6MTUzMzcwMDU1NiwiZXhwIjoxNTMzNzAyMzU2LCJkYXRhIjp7InVzZXJuYW1lIjoiYWRlIiwicGFzc3dvcmQiOiJiNzAxNjZkMjM1OWU1NWZmMzQ4NGY1ZDcwMjBjNzBkODZkODkwNzk2IiwiaXAiOiI6OjEiLCJ1c2VyX2FnZW50IjoiVGlja2V0aW5nLVdlYkFwcCJ9fQ.biFWV26cZuOiqk4GB-u78J1AW9kQi9M_dFLhJeeX5nk
Connection: close
Content-Type: application/x-www-form-urlencoded
Request body:
bank_account=Mandiri&account_number=123456789&account_fullname=ade&is_active=0
========================================
2018-08-08 11:02:00 
::1 GET /tourism/public-api/v1/destination_accounts/active HTTP/1.1
HTTP headers:
Host: localhost
User-Agent: Ticketing-WebApp
Authorization: Bearer eyJ0eXAiOiJKV1QiLCJhbGciOiJIUzI1NiJ9.eyJpYXQiOjE1MzM3MDA1NTYsImp0aSI6Ik5BUEJDcnZ0aUdqa09zenBxaHpsWGdJTHpXdys5ZzJRXC9ieDVrTkdxSXZNPSIsImlzcyI6Ijo6MSIsIm5iZiI6MTUzMzcwMDU1NiwiZXhwIjoxNTMzNzAyMzU2LCJkYXRhIjp7InVzZXJuYW1lIjoiYWRlIiwicGFzc3dvcmQiOiJiNzAxNjZkMjM1OWU1NWZmMzQ4NGY1ZDcwMjBjNzBkODZkODkwNzk2IiwiaXAiOiI6OjEiLCJ1c2VyX2FnZW50IjoiVGlja2V0aW5nLVdlYkFwcCJ9fQ.biFWV26cZuOiqk4GB-u78J1AW9kQi9M_dFLhJeeX5nk
Connection: close
Request body:

========================================
2018-08-08 14:08:30 
::1 POST /tourism/public-api/v1/users/token HTTP/1.1
HTTP headers:
Host: localhost
Content-Length: 25
User-Agent: Ticketing-WebApp
Connection: close
Content-Type: application/x-www-form-urlencoded
Request body:
username=ade&password=ade
========================================
2018-08-08 14:08:31 
::1 GET /tourism/public-api/v1/users/1 HTTP/1.1
HTTP headers:
Host: localhost
User-Agent: Ticketing-WebApp
Authorization: Bearer eyJ0eXAiOiJKV1QiLCJhbGciOiJIUzI1NiJ9.eyJpYXQiOjE1MzM3MTIxMTAsImp0aSI6InZvNnFqeUtEUzlnRkxrd1hxZk9kZHBpTXFNQlR3NGJuQ3A3T2NIZVhUcFU9IiwiaXNzIjoiOjoxIiwibmJmIjoxNTMzNzEyMTEwLCJleHAiOjE1MzM3MTM5MTAsImRhdGEiOnsidXNlcm5hbWUiOiJhZGUiLCJwYXNzd29yZCI6ImI3MDE2NmQyMzU5ZTU1ZmYzNDg0ZjVkNzAyMGM3MGQ4NmQ4OTA3OTYiLCJpcCI6Ijo6MSIsInVzZXJfYWdlbnQiOiJUaWNrZXRpbmctV2ViQXBwIn19.awrka9cUFKg2LNHPjjs1f0JNVGdMPjAsGgj4TXx3JVE
Connection: close
Request body:

========================================
2018-08-08 14:08:45 
::1 GET /tourism/public-api/v1/destination_accounts/active HTTP/1.1
HTTP headers:
Host: localhost
User-Agent: Ticketing-WebApp
Authorization: Bearer eyJ0eXAiOiJKV1QiLCJhbGciOiJIUzI1NiJ9.eyJpYXQiOjE1MzM3MTIxMTAsImp0aSI6InZvNnFqeUtEUzlnRkxrd1hxZk9kZHBpTXFNQlR3NGJuQ3A3T2NIZVhUcFU9IiwiaXNzIjoiOjoxIiwibmJmIjoxNTMzNzEyMTEwLCJleHAiOjE1MzM3MTM5MTAsImRhdGEiOnsidXNlcm5hbWUiOiJhZGUiLCJwYXNzd29yZCI6ImI3MDE2NmQyMzU5ZTU1ZmYzNDg0ZjVkNzAyMGM3MGQ4NmQ4OTA3OTYiLCJpcCI6Ijo6MSIsInVzZXJfYWdlbnQiOiJUaWNrZXRpbmctV2ViQXBwIn19.awrka9cUFKg2LNHPjjs1f0JNVGdMPjAsGgj4TXx3JVE
Connection: close
Request body:

========================================
2018-08-08 14:08:52 
::1 GET /tourism/public-api/v1/destination_accounts/2 HTTP/1.1
HTTP headers:
Host: localhost
User-Agent: Ticketing-WebApp
Authorization: Bearer eyJ0eXAiOiJKV1QiLCJhbGciOiJIUzI1NiJ9.eyJpYXQiOjE1MzM3MTIxMTAsImp0aSI6InZvNnFqeUtEUzlnRkxrd1hxZk9kZHBpTXFNQlR3NGJuQ3A3T2NIZVhUcFU9IiwiaXNzIjoiOjoxIiwibmJmIjoxNTMzNzEyMTEwLCJleHAiOjE1MzM3MTM5MTAsImRhdGEiOnsidXNlcm5hbWUiOiJhZGUiLCJwYXNzd29yZCI6ImI3MDE2NmQyMzU5ZTU1ZmYzNDg0ZjVkNzAyMGM3MGQ4NmQ4OTA3OTYiLCJpcCI6Ijo6MSIsInVzZXJfYWdlbnQiOiJUaWNrZXRpbmctV2ViQXBwIn19.awrka9cUFKg2LNHPjjs1f0JNVGdMPjAsGgj4TXx3JVE
Connection: close
Request body:

========================================
2018-08-08 14:08:56 
::1 PUT /tourism/public-api/v1/destination_accounts/2 HTTP/1.1
HTTP headers:
Host: localhost
Content-Length: 78
User-Agent: Ticketing-WebApp
Authorization: Bearer eyJ0eXAiOiJKV1QiLCJhbGciOiJIUzI1NiJ9.eyJpYXQiOjE1MzM3MTIxMTAsImp0aSI6InZvNnFqeUtEUzlnRkxrd1hxZk9kZHBpTXFNQlR3NGJuQ3A3T2NIZVhUcFU9IiwiaXNzIjoiOjoxIiwibmJmIjoxNTMzNzEyMTEwLCJleHAiOjE1MzM3MTM5MTAsImRhdGEiOnsidXNlcm5hbWUiOiJhZGUiLCJwYXNzd29yZCI6ImI3MDE2NmQyMzU5ZTU1ZmYzNDg0ZjVkNzAyMGM3MGQ4NmQ4OTA3OTYiLCJpcCI6Ijo6MSIsInVzZXJfYWdlbnQiOiJUaWNrZXRpbmctV2ViQXBwIn19.awrka9cUFKg2LNHPjjs1f0JNVGdMPjAsGgj4TXx3JVE
Connection: close
Content-Type: application/x-www-form-urlencoded
Request body:
bank_account=Mandiri&account_number=123456789&account_fullname=ade&is_active=1
========================================
2018-08-08 14:09:34 
::1 GET /tourism/public-api/v1/destination_accounts/active HTTP/1.1
HTTP headers:
Host: localhost
User-Agent: Ticketing-WebApp
Authorization: Bearer eyJ0eXAiOiJKV1QiLCJhbGciOiJIUzI1NiJ9.eyJpYXQiOjE1MzM3MTIxMTAsImp0aSI6InZvNnFqeUtEUzlnRkxrd1hxZk9kZHBpTXFNQlR3NGJuQ3A3T2NIZVhUcFU9IiwiaXNzIjoiOjoxIiwibmJmIjoxNTMzNzEyMTEwLCJleHAiOjE1MzM3MTM5MTAsImRhdGEiOnsidXNlcm5hbWUiOiJhZGUiLCJwYXNzd29yZCI6ImI3MDE2NmQyMzU5ZTU1ZmYzNDg0ZjVkNzAyMGM3MGQ4NmQ4OTA3OTYiLCJpcCI6Ijo6MSIsInVzZXJfYWdlbnQiOiJUaWNrZXRpbmctV2ViQXBwIn19.awrka9cUFKg2LNHPjjs1f0JNVGdMPjAsGgj4TXx3JVE
Connection: close
Request body:

========================================
2018-08-08 14:09:37 
::1 GET /tourism/public-api/v1/destination_accounts/2 HTTP/1.1
HTTP headers:
Host: localhost
User-Agent: Ticketing-WebApp
Authorization: Bearer eyJ0eXAiOiJKV1QiLCJhbGciOiJIUzI1NiJ9.eyJpYXQiOjE1MzM3MTIxMTAsImp0aSI6InZvNnFqeUtEUzlnRkxrd1hxZk9kZHBpTXFNQlR3NGJuQ3A3T2NIZVhUcFU9IiwiaXNzIjoiOjoxIiwibmJmIjoxNTMzNzEyMTEwLCJleHAiOjE1MzM3MTM5MTAsImRhdGEiOnsidXNlcm5hbWUiOiJhZGUiLCJwYXNzd29yZCI6ImI3MDE2NmQyMzU5ZTU1ZmYzNDg0ZjVkNzAyMGM3MGQ4NmQ4OTA3OTYiLCJpcCI6Ijo6MSIsInVzZXJfYWdlbnQiOiJUaWNrZXRpbmctV2ViQXBwIn19.awrka9cUFKg2LNHPjjs1f0JNVGdMPjAsGgj4TXx3JVE
Connection: close
Request body:

========================================
2018-08-08 14:10:00 
::1 GET /tourism/public-api/v1/destination_accounts/2 HTTP/1.1
HTTP headers:
Host: localhost
User-Agent: Ticketing-WebApp
Authorization: Bearer eyJ0eXAiOiJKV1QiLCJhbGciOiJIUzI1NiJ9.eyJpYXQiOjE1MzM3MTIxMTAsImp0aSI6InZvNnFqeUtEUzlnRkxrd1hxZk9kZHBpTXFNQlR3NGJuQ3A3T2NIZVhUcFU9IiwiaXNzIjoiOjoxIiwibmJmIjoxNTMzNzEyMTEwLCJleHAiOjE1MzM3MTM5MTAsImRhdGEiOnsidXNlcm5hbWUiOiJhZGUiLCJwYXNzd29yZCI6ImI3MDE2NmQyMzU5ZTU1ZmYzNDg0ZjVkNzAyMGM3MGQ4NmQ4OTA3OTYiLCJpcCI6Ijo6MSIsInVzZXJfYWdlbnQiOiJUaWNrZXRpbmctV2ViQXBwIn19.awrka9cUFKg2LNHPjjs1f0JNVGdMPjAsGgj4TXx3JVE
Connection: close
Request body:

========================================
2018-08-08 14:10:02 
::1 PUT /tourism/public-api/v1/destination_accounts/2 HTTP/1.1
HTTP headers:
Host: localhost
Content-Length: 78
User-Agent: Ticketing-WebApp
Authorization: Bearer eyJ0eXAiOiJKV1QiLCJhbGciOiJIUzI1NiJ9.eyJpYXQiOjE1MzM3MTIxMTAsImp0aSI6InZvNnFqeUtEUzlnRkxrd1hxZk9kZHBpTXFNQlR3NGJuQ3A3T2NIZVhUcFU9IiwiaXNzIjoiOjoxIiwibmJmIjoxNTMzNzEyMTEwLCJleHAiOjE1MzM3MTM5MTAsImRhdGEiOnsidXNlcm5hbWUiOiJhZGUiLCJwYXNzd29yZCI6ImI3MDE2NmQyMzU5ZTU1ZmYzNDg0ZjVkNzAyMGM3MGQ4NmQ4OTA3OTYiLCJpcCI6Ijo6MSIsInVzZXJfYWdlbnQiOiJUaWNrZXRpbmctV2ViQXBwIn19.awrka9cUFKg2LNHPjjs1f0JNVGdMPjAsGgj4TXx3JVE
Connection: close
Content-Type: application/x-www-form-urlencoded
Request body:
bank_account=Mandiri&account_number=123456789&account_fullname=ade&is_active=0
========================================
2018-08-08 14:10:07 
::1 GET /tourism/public-api/v1/destination_accounts/active HTTP/1.1
HTTP headers:
Host: localhost
User-Agent: Ticketing-WebApp
Authorization: Bearer eyJ0eXAiOiJKV1QiLCJhbGciOiJIUzI1NiJ9.eyJpYXQiOjE1MzM3MTIxMTAsImp0aSI6InZvNnFqeUtEUzlnRkxrd1hxZk9kZHBpTXFNQlR3NGJuQ3A3T2NIZVhUcFU9IiwiaXNzIjoiOjoxIiwibmJmIjoxNTMzNzEyMTEwLCJleHAiOjE1MzM3MTM5MTAsImRhdGEiOnsidXNlcm5hbWUiOiJhZGUiLCJwYXNzd29yZCI6ImI3MDE2NmQyMzU5ZTU1ZmYzNDg0ZjVkNzAyMGM3MGQ4NmQ4OTA3OTYiLCJpcCI6Ijo6MSIsInVzZXJfYWdlbnQiOiJUaWNrZXRpbmctV2ViQXBwIn19.awrka9cUFKg2LNHPjjs1f0JNVGdMPjAsGgj4TXx3JVE
Connection: close
Request body:

========================================
2018-08-08 14:10:10 
::1 GET /tourism/public-api/v1/destination_accounts/2 HTTP/1.1
HTTP headers:
Host: localhost
User-Agent: Ticketing-WebApp
Authorization: Bearer eyJ0eXAiOiJKV1QiLCJhbGciOiJIUzI1NiJ9.eyJpYXQiOjE1MzM3MTIxMTAsImp0aSI6InZvNnFqeUtEUzlnRkxrd1hxZk9kZHBpTXFNQlR3NGJuQ3A3T2NIZVhUcFU9IiwiaXNzIjoiOjoxIiwibmJmIjoxNTMzNzEyMTEwLCJleHAiOjE1MzM3MTM5MTAsImRhdGEiOnsidXNlcm5hbWUiOiJhZGUiLCJwYXNzd29yZCI6ImI3MDE2NmQyMzU5ZTU1ZmYzNDg0ZjVkNzAyMGM3MGQ4NmQ4OTA3OTYiLCJpcCI6Ijo6MSIsInVzZXJfYWdlbnQiOiJUaWNrZXRpbmctV2ViQXBwIn19.awrka9cUFKg2LNHPjjs1f0JNVGdMPjAsGgj4TXx3JVE
Connection: close
Request body:

========================================
2018-08-08 14:10:13 
::1 PUT /tourism/public-api/v1/destination_accounts/2 HTTP/1.1
HTTP headers:
Host: localhost
Content-Length: 78
User-Agent: Ticketing-WebApp
Authorization: Bearer eyJ0eXAiOiJKV1QiLCJhbGciOiJIUzI1NiJ9.eyJpYXQiOjE1MzM3MTIxMTAsImp0aSI6InZvNnFqeUtEUzlnRkxrd1hxZk9kZHBpTXFNQlR3NGJuQ3A3T2NIZVhUcFU9IiwiaXNzIjoiOjoxIiwibmJmIjoxNTMzNzEyMTEwLCJleHAiOjE1MzM3MTM5MTAsImRhdGEiOnsidXNlcm5hbWUiOiJhZGUiLCJwYXNzd29yZCI6ImI3MDE2NmQyMzU5ZTU1ZmYzNDg0ZjVkNzAyMGM3MGQ4NmQ4OTA3OTYiLCJpcCI6Ijo6MSIsInVzZXJfYWdlbnQiOiJUaWNrZXRpbmctV2ViQXBwIn19.awrka9cUFKg2LNHPjjs1f0JNVGdMPjAsGgj4TXx3JVE
Connection: close
Content-Type: application/x-www-form-urlencoded
Request body:
bank_account=Mandiri&account_number=123456789&account_fullname=ade&is_active=1
========================================
2018-08-08 14:10:19 
::1 GET /tourism/public-api/v1/destination_accounts/2 HTTP/1.1
HTTP headers:
Host: localhost
User-Agent: Ticketing-WebApp
Authorization: Bearer eyJ0eXAiOiJKV1QiLCJhbGciOiJIUzI1NiJ9.eyJpYXQiOjE1MzM3MTIxMTAsImp0aSI6InZvNnFqeUtEUzlnRkxrd1hxZk9kZHBpTXFNQlR3NGJuQ3A3T2NIZVhUcFU9IiwiaXNzIjoiOjoxIiwibmJmIjoxNTMzNzEyMTEwLCJleHAiOjE1MzM3MTM5MTAsImRhdGEiOnsidXNlcm5hbWUiOiJhZGUiLCJwYXNzd29yZCI6ImI3MDE2NmQyMzU5ZTU1ZmYzNDg0ZjVkNzAyMGM3MGQ4NmQ4OTA3OTYiLCJpcCI6Ijo6MSIsInVzZXJfYWdlbnQiOiJUaWNrZXRpbmctV2ViQXBwIn19.awrka9cUFKg2LNHPjjs1f0JNVGdMPjAsGgj4TXx3JVE
Connection: close
Request body:

========================================
2018-08-08 14:10:22 
::1 PUT /tourism/public-api/v1/destination_accounts/2 HTTP/1.1
HTTP headers:
Host: localhost
Content-Length: 78
User-Agent: Ticketing-WebApp
Authorization: Bearer eyJ0eXAiOiJKV1QiLCJhbGciOiJIUzI1NiJ9.eyJpYXQiOjE1MzM3MTIxMTAsImp0aSI6InZvNnFqeUtEUzlnRkxrd1hxZk9kZHBpTXFNQlR3NGJuQ3A3T2NIZVhUcFU9IiwiaXNzIjoiOjoxIiwibmJmIjoxNTMzNzEyMTEwLCJleHAiOjE1MzM3MTM5MTAsImRhdGEiOnsidXNlcm5hbWUiOiJhZGUiLCJwYXNzd29yZCI6ImI3MDE2NmQyMzU5ZTU1ZmYzNDg0ZjVkNzAyMGM3MGQ4NmQ4OTA3OTYiLCJpcCI6Ijo6MSIsInVzZXJfYWdlbnQiOiJUaWNrZXRpbmctV2ViQXBwIn19.awrka9cUFKg2LNHPjjs1f0JNVGdMPjAsGgj4TXx3JVE
Connection: close
Content-Type: application/x-www-form-urlencoded
Request body:
bank_account=Mandiri&account_number=123456789&account_fullname=ade&is_active=0
========================================
2018-08-08 14:14:03 
::1 GET /tourism/public-api/v1/destination_accounts/active HTTP/1.1
HTTP headers:
Host: localhost
User-Agent: Ticketing-WebApp
Authorization: Bearer eyJ0eXAiOiJKV1QiLCJhbGciOiJIUzI1NiJ9.eyJpYXQiOjE1MzM3MTIxMTAsImp0aSI6InZvNnFqeUtEUzlnRkxrd1hxZk9kZHBpTXFNQlR3NGJuQ3A3T2NIZVhUcFU9IiwiaXNzIjoiOjoxIiwibmJmIjoxNTMzNzEyMTEwLCJleHAiOjE1MzM3MTM5MTAsImRhdGEiOnsidXNlcm5hbWUiOiJhZGUiLCJwYXNzd29yZCI6ImI3MDE2NmQyMzU5ZTU1ZmYzNDg0ZjVkNzAyMGM3MGQ4NmQ4OTA3OTYiLCJpcCI6Ijo6MSIsInVzZXJfYWdlbnQiOiJUaWNrZXRpbmctV2ViQXBwIn19.awrka9cUFKg2LNHPjjs1f0JNVGdMPjAsGgj4TXx3JVE
Connection: close
Request body:

========================================
2018-08-08 14:21:13 
::1 GET /tourism/public-api/v1/destination_accounts/active HTTP/1.1
HTTP headers:
Host: localhost
User-Agent: Ticketing-WebApp
Authorization: Bearer eyJ0eXAiOiJKV1QiLCJhbGciOiJIUzI1NiJ9.eyJpYXQiOjE1MzM3MTIxMTAsImp0aSI6InZvNnFqeUtEUzlnRkxrd1hxZk9kZHBpTXFNQlR3NGJuQ3A3T2NIZVhUcFU9IiwiaXNzIjoiOjoxIiwibmJmIjoxNTMzNzEyMTEwLCJleHAiOjE1MzM3MTM5MTAsImRhdGEiOnsidXNlcm5hbWUiOiJhZGUiLCJwYXNzd29yZCI6ImI3MDE2NmQyMzU5ZTU1ZmYzNDg0ZjVkNzAyMGM3MGQ4NmQ4OTA3OTYiLCJpcCI6Ijo6MSIsInVzZXJfYWdlbnQiOiJUaWNrZXRpbmctV2ViQXBwIn19.awrka9cUFKg2LNHPjjs1f0JNVGdMPjAsGgj4TXx3JVE
Connection: close
Request body:

========================================
2018-08-08 14:38:33 
::1 GET /tourism/public-api/v1/destination_accounts/active HTTP/1.1
HTTP headers:
Host: localhost
User-Agent: Ticketing-WebApp
Authorization: Bearer eyJ0eXAiOiJKV1QiLCJhbGciOiJIUzI1NiJ9.eyJpYXQiOjE1MzM3MTIxMTAsImp0aSI6InZvNnFqeUtEUzlnRkxrd1hxZk9kZHBpTXFNQlR3NGJuQ3A3T2NIZVhUcFU9IiwiaXNzIjoiOjoxIiwibmJmIjoxNTMzNzEyMTEwLCJleHAiOjE1MzM3MTM5MTAsImRhdGEiOnsidXNlcm5hbWUiOiJhZGUiLCJwYXNzd29yZCI6ImI3MDE2NmQyMzU5ZTU1ZmYzNDg0ZjVkNzAyMGM3MGQ4NmQ4OTA3OTYiLCJpcCI6Ijo6MSIsInVzZXJfYWdlbnQiOiJUaWNrZXRpbmctV2ViQXBwIn19.awrka9cUFKg2LNHPjjs1f0JNVGdMPjAsGgj4TXx3JVE
Connection: close
Request body:

========================================
2018-08-08 14:38:34 
::1 POST /tourism/public-api/v1/users/token HTTP/1.1
HTTP headers:
Host: localhost
Content-Length: 25
User-Agent: Ticketing-WebApp
Connection: close
Content-Type: application/x-www-form-urlencoded
Request body:
username=ade&password=ade
========================================
2018-08-08 14:38:35 
::1 GET /tourism/public-api/v1/destination_accounts/active HTTP/1.1
HTTP headers:
Host: localhost
User-Agent: Ticketing-WebApp
Authorization: Bearer eyJ0eXAiOiJKV1QiLCJhbGciOiJIUzI1NiJ9.eyJpYXQiOjE1MzM3MTM5MTQsImp0aSI6IlRcLzRMNmV1Y0paRklSb2Y1MXd1U2FzS2owWGpZaTRZRVwvc3U4anBTbFJyWT0iLCJpc3MiOiI6OjEiLCJuYmYiOjE1MzM3MTM5MTQsImV4cCI6MTUzMzcxNTcxNCwiZGF0YSI6eyJ1c2VybmFtZSI6ImFkZSIsInBhc3N3b3JkIjoiYjcwMTY2ZDIzNTllNTVmZjM0ODRmNWQ3MDIwYzcwZDg2ZDg5MDc5NiIsImlwIjoiOjoxIiwidXNlcl9hZ2VudCI6IlRpY2tldGluZy1XZWJBcHAifX0.R4ZhJRyKy-4xPeHWoyQjrj236zwwa5cQGVcW8Avr6j0
Connection: close
Request body:

========================================
2018-08-08 14:39:04 
::1 GET /tourism/public-api/v1/destination_accounts/active HTTP/1.1
HTTP headers:
Host: localhost
User-Agent: Ticketing-WebApp
Authorization: Bearer eyJ0eXAiOiJKV1QiLCJhbGciOiJIUzI1NiJ9.eyJpYXQiOjE1MzM3MTM5MTQsImp0aSI6IlRcLzRMNmV1Y0paRklSb2Y1MXd1U2FzS2owWGpZaTRZRVwvc3U4anBTbFJyWT0iLCJpc3MiOiI6OjEiLCJuYmYiOjE1MzM3MTM5MTQsImV4cCI6MTUzMzcxNTcxNCwiZGF0YSI6eyJ1c2VybmFtZSI6ImFkZSIsInBhc3N3b3JkIjoiYjcwMTY2ZDIzNTllNTVmZjM0ODRmNWQ3MDIwYzcwZDg2ZDg5MDc5NiIsImlwIjoiOjoxIiwidXNlcl9hZ2VudCI6IlRpY2tldGluZy1XZWJBcHAifX0.R4ZhJRyKy-4xPeHWoyQjrj236zwwa5cQGVcW8Avr6j0
Connection: close
Request body:

========================================
2018-08-08 14:39:07 
::1 GET /tourism/public-api/v1/destination_accounts/2 HTTP/1.1
HTTP headers:
Host: localhost
User-Agent: Ticketing-WebApp
Authorization: Bearer eyJ0eXAiOiJKV1QiLCJhbGciOiJIUzI1NiJ9.eyJpYXQiOjE1MzM3MTM5MTQsImp0aSI6IlRcLzRMNmV1Y0paRklSb2Y1MXd1U2FzS2owWGpZaTRZRVwvc3U4anBTbFJyWT0iLCJpc3MiOiI6OjEiLCJuYmYiOjE1MzM3MTM5MTQsImV4cCI6MTUzMzcxNTcxNCwiZGF0YSI6eyJ1c2VybmFtZSI6ImFkZSIsInBhc3N3b3JkIjoiYjcwMTY2ZDIzNTllNTVmZjM0ODRmNWQ3MDIwYzcwZDg2ZDg5MDc5NiIsImlwIjoiOjoxIiwidXNlcl9hZ2VudCI6IlRpY2tldGluZy1XZWJBcHAifX0.R4ZhJRyKy-4xPeHWoyQjrj236zwwa5cQGVcW8Avr6j0
Connection: close
Request body:

========================================
2018-08-08 14:39:48 
::1 GET /tourism/public-api/v1/destination_accounts/active HTTP/1.1
HTTP headers:
Host: localhost
User-Agent: Ticketing-WebApp
Authorization: Bearer eyJ0eXAiOiJKV1QiLCJhbGciOiJIUzI1NiJ9.eyJpYXQiOjE1MzM3MTM5MTQsImp0aSI6IlRcLzRMNmV1Y0paRklSb2Y1MXd1U2FzS2owWGpZaTRZRVwvc3U4anBTbFJyWT0iLCJpc3MiOiI6OjEiLCJuYmYiOjE1MzM3MTM5MTQsImV4cCI6MTUzMzcxNTcxNCwiZGF0YSI6eyJ1c2VybmFtZSI6ImFkZSIsInBhc3N3b3JkIjoiYjcwMTY2ZDIzNTllNTVmZjM0ODRmNWQ3MDIwYzcwZDg2ZDg5MDc5NiIsImlwIjoiOjoxIiwidXNlcl9hZ2VudCI6IlRpY2tldGluZy1XZWJBcHAifX0.R4ZhJRyKy-4xPeHWoyQjrj236zwwa5cQGVcW8Avr6j0
Connection: close
Request body:

========================================
2018-08-08 14:40:21 
::1 GET /tourism/public-api/v1/destination_accounts/active HTTP/1.1
HTTP headers:
Host: localhost
User-Agent: Ticketing-WebApp
Authorization: Bearer eyJ0eXAiOiJKV1QiLCJhbGciOiJIUzI1NiJ9.eyJpYXQiOjE1MzM3MTM5MTQsImp0aSI6IlRcLzRMNmV1Y0paRklSb2Y1MXd1U2FzS2owWGpZaTRZRVwvc3U4anBTbFJyWT0iLCJpc3MiOiI6OjEiLCJuYmYiOjE1MzM3MTM5MTQsImV4cCI6MTUzMzcxNTcxNCwiZGF0YSI6eyJ1c2VybmFtZSI6ImFkZSIsInBhc3N3b3JkIjoiYjcwMTY2ZDIzNTllNTVmZjM0ODRmNWQ3MDIwYzcwZDg2ZDg5MDc5NiIsImlwIjoiOjoxIiwidXNlcl9hZ2VudCI6IlRpY2tldGluZy1XZWJBcHAifX0.R4ZhJRyKy-4xPeHWoyQjrj236zwwa5cQGVcW8Avr6j0
Connection: close
Request body:

========================================
2018-08-08 14:40:25 
::1 GET /tourism/public-api/v1/destination_accounts/2 HTTP/1.1
HTTP headers:
Host: localhost
User-Agent: Ticketing-WebApp
Authorization: Bearer eyJ0eXAiOiJKV1QiLCJhbGciOiJIUzI1NiJ9.eyJpYXQiOjE1MzM3MTM5MTQsImp0aSI6IlRcLzRMNmV1Y0paRklSb2Y1MXd1U2FzS2owWGpZaTRZRVwvc3U4anBTbFJyWT0iLCJpc3MiOiI6OjEiLCJuYmYiOjE1MzM3MTM5MTQsImV4cCI6MTUzMzcxNTcxNCwiZGF0YSI6eyJ1c2VybmFtZSI6ImFkZSIsInBhc3N3b3JkIjoiYjcwMTY2ZDIzNTllNTVmZjM0ODRmNWQ3MDIwYzcwZDg2ZDg5MDc5NiIsImlwIjoiOjoxIiwidXNlcl9hZ2VudCI6IlRpY2tldGluZy1XZWJBcHAifX0.R4ZhJRyKy-4xPeHWoyQjrj236zwwa5cQGVcW8Avr6j0
Connection: close
Request body:

========================================
2018-08-08 14:41:19 
::1 POST /tourism/public-api/v1/users/token HTTP/1.1
HTTP headers:
Content-Type: application/x-www-form-urlencoded
cache-control: no-cache
Postman-Token: 878edb19-c009-4003-8282-423d05138fdc
User-Agent: PostmanRuntime/7.2.0
Accept: */*
Host: localhost
accept-encoding: gzip, deflate
content-length: 25
Connection: keep-alive
Request body:
username=ade&password=ade
========================================
2018-08-08 14:41:39 
::1 DELETE /tourism/public-api/v1/destination_accounts/2 HTTP/1.1
HTTP headers:
Authorization: Bearer eyJ0eXAiOiJKV1QiLCJhbGciOiJIUzI1NiJ9.eyJpYXQiOjE1MzM3MTQwNzksImp0aSI6IitxZklZQkJPYStFWGZwandqWEdLUEFuXC9ueDB6N0hpejRZNTdcL0NobHFaVT0iLCJpc3MiOiI6OjEiLCJuYmYiOjE1MzM3MTQwNzksImV4cCI6MTUzMzcxNTg3OSwiZGF0YSI6eyJ1c2VybmFtZSI6ImFkZSIsInBhc3N3b3JkIjoiYjcwMTY2ZDIzNTllNTVmZjM0ODRmNWQ3MDIwYzcwZDg2ZDg5MDc5NiIsImlwIjoiOjoxIiwidXNlcl9hZ2VudCI6IlBvc3RtYW5SdW50aW1lXC83LjIuMCJ9fQ.IFqVBwUQVxpBAEa4wnn2A_YQAb9k-6UZ3nM6k95TVU0
Content-Type: application/x-www-form-urlencoded
cache-control: no-cache
Postman-Token: b9a93eb4-d676-4c74-a0cb-b32cef813b62
User-Agent: PostmanRuntime/7.2.0
Accept: */*
Host: localhost
accept-encoding: gzip, deflate
content-length: 14
Connection: keep-alive
Request body:
is_active=NULL
========================================
2018-08-08 14:41:58 
::1 GET /tourism/public-api/v1/destination_accounts/active HTTP/1.1
HTTP headers:
Host: localhost
User-Agent: Ticketing-WebApp
Authorization: Bearer eyJ0eXAiOiJKV1QiLCJhbGciOiJIUzI1NiJ9.eyJpYXQiOjE1MzM3MTM5MTQsImp0aSI6IlRcLzRMNmV1Y0paRklSb2Y1MXd1U2FzS2owWGpZaTRZRVwvc3U4anBTbFJyWT0iLCJpc3MiOiI6OjEiLCJuYmYiOjE1MzM3MTM5MTQsImV4cCI6MTUzMzcxNTcxNCwiZGF0YSI6eyJ1c2VybmFtZSI6ImFkZSIsInBhc3N3b3JkIjoiYjcwMTY2ZDIzNTllNTVmZjM0ODRmNWQ3MDIwYzcwZDg2ZDg5MDc5NiIsImlwIjoiOjoxIiwidXNlcl9hZ2VudCI6IlRpY2tldGluZy1XZWJBcHAifX0.R4ZhJRyKy-4xPeHWoyQjrj236zwwa5cQGVcW8Avr6j0
Connection: close
Request body:

========================================
2018-08-08 14:42:44 
::1 GET /tourism/public-api/v1/destination_accounts/active HTTP/1.1
HTTP headers:
Host: localhost
User-Agent: Ticketing-WebApp
Authorization: Bearer eyJ0eXAiOiJKV1QiLCJhbGciOiJIUzI1NiJ9.eyJpYXQiOjE1MzM3MTM5MTQsImp0aSI6IlRcLzRMNmV1Y0paRklSb2Y1MXd1U2FzS2owWGpZaTRZRVwvc3U4anBTbFJyWT0iLCJpc3MiOiI6OjEiLCJuYmYiOjE1MzM3MTM5MTQsImV4cCI6MTUzMzcxNTcxNCwiZGF0YSI6eyJ1c2VybmFtZSI6ImFkZSIsInBhc3N3b3JkIjoiYjcwMTY2ZDIzNTllNTVmZjM0ODRmNWQ3MDIwYzcwZDg2ZDg5MDc5NiIsImlwIjoiOjoxIiwidXNlcl9hZ2VudCI6IlRpY2tldGluZy1XZWJBcHAifX0.R4ZhJRyKy-4xPeHWoyQjrj236zwwa5cQGVcW8Avr6j0
Connection: close
Request body:

========================================
2018-08-08 14:42:48 
::1 GET /tourism/public-api/v1/destination_accounts/3 HTTP/1.1
HTTP headers:
Host: localhost
User-Agent: Ticketing-WebApp
Authorization: Bearer eyJ0eXAiOiJKV1QiLCJhbGciOiJIUzI1NiJ9.eyJpYXQiOjE1MzM3MTM5MTQsImp0aSI6IlRcLzRMNmV1Y0paRklSb2Y1MXd1U2FzS2owWGpZaTRZRVwvc3U4anBTbFJyWT0iLCJpc3MiOiI6OjEiLCJuYmYiOjE1MzM3MTM5MTQsImV4cCI6MTUzMzcxNTcxNCwiZGF0YSI6eyJ1c2VybmFtZSI6ImFkZSIsInBhc3N3b3JkIjoiYjcwMTY2ZDIzNTllNTVmZjM0ODRmNWQ3MDIwYzcwZDg2ZDg5MDc5NiIsImlwIjoiOjoxIiwidXNlcl9hZ2VudCI6IlRpY2tldGluZy1XZWJBcHAifX0.R4ZhJRyKy-4xPeHWoyQjrj236zwwa5cQGVcW8Avr6j0
Connection: close
Request body:

========================================
2018-08-08 14:43:19 
::1 GET /tourism/public-api/v1/destination_accounts/active HTTP/1.1
HTTP headers:
Host: localhost
User-Agent: Ticketing-WebApp
Authorization: Bearer eyJ0eXAiOiJKV1QiLCJhbGciOiJIUzI1NiJ9.eyJpYXQiOjE1MzM3MTM5MTQsImp0aSI6IlRcLzRMNmV1Y0paRklSb2Y1MXd1U2FzS2owWGpZaTRZRVwvc3U4anBTbFJyWT0iLCJpc3MiOiI6OjEiLCJuYmYiOjE1MzM3MTM5MTQsImV4cCI6MTUzMzcxNTcxNCwiZGF0YSI6eyJ1c2VybmFtZSI6ImFkZSIsInBhc3N3b3JkIjoiYjcwMTY2ZDIzNTllNTVmZjM0ODRmNWQ3MDIwYzcwZDg2ZDg5MDc5NiIsImlwIjoiOjoxIiwidXNlcl9hZ2VudCI6IlRpY2tldGluZy1XZWJBcHAifX0.R4ZhJRyKy-4xPeHWoyQjrj236zwwa5cQGVcW8Avr6j0
Connection: close
Request body:

========================================
2018-08-08 14:43:23 
::1 DELETE /tourism/public-api/v1/destination_accounts/3 HTTP/1.1
HTTP headers:
Host: localhost
User-Agent: Ticketing-WebApp
Authorization: Bearer eyJ0eXAiOiJKV1QiLCJhbGciOiJIUzI1NiJ9.eyJpYXQiOjE1MzM3MTM5MTQsImp0aSI6IlRcLzRMNmV1Y0paRklSb2Y1MXd1U2FzS2owWGpZaTRZRVwvc3U4anBTbFJyWT0iLCJpc3MiOiI6OjEiLCJuYmYiOjE1MzM3MTM5MTQsImV4cCI6MTUzMzcxNTcxNCwiZGF0YSI6eyJ1c2VybmFtZSI6ImFkZSIsInBhc3N3b3JkIjoiYjcwMTY2ZDIzNTllNTVmZjM0ODRmNWQ3MDIwYzcwZDg2ZDg5MDc5NiIsImlwIjoiOjoxIiwidXNlcl9hZ2VudCI6IlRpY2tldGluZy1XZWJBcHAifX0.R4ZhJRyKy-4xPeHWoyQjrj236zwwa5cQGVcW8Avr6j0
Connection: close
Content-Type: application/x-www-form-urlencoded
Request body:

========================================
2018-08-08 14:43:59 
::1 GET /tourism/public-api/v1/destination_accounts/active HTTP/1.1
HTTP headers:
Host: localhost
User-Agent: Ticketing-WebApp
Authorization: Bearer eyJ0eXAiOiJKV1QiLCJhbGciOiJIUzI1NiJ9.eyJpYXQiOjE1MzM3MTM5MTQsImp0aSI6IlRcLzRMNmV1Y0paRklSb2Y1MXd1U2FzS2owWGpZaTRZRVwvc3U4anBTbFJyWT0iLCJpc3MiOiI6OjEiLCJuYmYiOjE1MzM3MTM5MTQsImV4cCI6MTUzMzcxNTcxNCwiZGF0YSI6eyJ1c2VybmFtZSI6ImFkZSIsInBhc3N3b3JkIjoiYjcwMTY2ZDIzNTllNTVmZjM0ODRmNWQ3MDIwYzcwZDg2ZDg5MDc5NiIsImlwIjoiOjoxIiwidXNlcl9hZ2VudCI6IlRpY2tldGluZy1XZWJBcHAifX0.R4ZhJRyKy-4xPeHWoyQjrj236zwwa5cQGVcW8Avr6j0
Connection: close
Request body:

========================================
2018-08-08 17:14:51 
::1 POST /tourism/public-api/v1/users/token HTTP/1.1
HTTP headers:
Host: localhost
Content-Length: 25
User-Agent: Ticketing-WebApp
Connection: close
Content-Type: application/x-www-form-urlencoded
Request body:
username=ade&password=ade
========================================
2018-08-08 17:14:53 
::1 GET /tourism/public-api/v1/users/1 HTTP/1.1
HTTP headers:
Host: localhost
User-Agent: Ticketing-WebApp
Authorization: Bearer eyJ0eXAiOiJKV1QiLCJhbGciOiJIUzI1NiJ9.eyJpYXQiOjE1MzM3MjMyOTIsImp0aSI6Im9nMnZaa055VndXUmU2QVdXY2VZRVFaTHR3dlNkMGJXemhHc2ZvZnA0eWM9IiwiaXNzIjoiOjoxIiwibmJmIjoxNTMzNzIzMjkyLCJleHAiOjE1MzM3MjUwOTIsImRhdGEiOnsidXNlcm5hbWUiOiJhZGUiLCJwYXNzd29yZCI6ImI3MDE2NmQyMzU5ZTU1ZmYzNDg0ZjVkNzAyMGM3MGQ4NmQ4OTA3OTYiLCJpcCI6Ijo6MSIsInVzZXJfYWdlbnQiOiJUaWNrZXRpbmctV2ViQXBwIn19.JL2TitpmJygZO1gRj6GIQ3a_XQJERtCSJtygZoo-6Hw
Connection: close
Request body:

========================================
2018-08-08 17:15:06 
::1 GET /tourism/public-api/v1/destination_accounts/active HTTP/1.1
HTTP headers:
Host: localhost
User-Agent: Ticketing-WebApp
Authorization: Bearer eyJ0eXAiOiJKV1QiLCJhbGciOiJIUzI1NiJ9.eyJpYXQiOjE1MzM3MjMyOTIsImp0aSI6Im9nMnZaa055VndXUmU2QVdXY2VZRVFaTHR3dlNkMGJXemhHc2ZvZnA0eWM9IiwiaXNzIjoiOjoxIiwibmJmIjoxNTMzNzIzMjkyLCJleHAiOjE1MzM3MjUwOTIsImRhdGEiOnsidXNlcm5hbWUiOiJhZGUiLCJwYXNzd29yZCI6ImI3MDE2NmQyMzU5ZTU1ZmYzNDg0ZjVkNzAyMGM3MGQ4NmQ4OTA3OTYiLCJpcCI6Ijo6MSIsInVzZXJfYWdlbnQiOiJUaWNrZXRpbmctV2ViQXBwIn19.JL2TitpmJygZO1gRj6GIQ3a_XQJERtCSJtygZoo-6Hw
Connection: close
Request body:

========================================
2018-08-08 17:21:41 
::1 GET /tourism/public-api/v1/destination_accounts/active HTTP/1.1
HTTP headers:
Host: localhost
User-Agent: Ticketing-WebApp
Authorization: Bearer eyJ0eXAiOiJKV1QiLCJhbGciOiJIUzI1NiJ9.eyJpYXQiOjE1MzM3MjMyOTIsImp0aSI6Im9nMnZaa055VndXUmU2QVdXY2VZRVFaTHR3dlNkMGJXemhHc2ZvZnA0eWM9IiwiaXNzIjoiOjoxIiwibmJmIjoxNTMzNzIzMjkyLCJleHAiOjE1MzM3MjUwOTIsImRhdGEiOnsidXNlcm5hbWUiOiJhZGUiLCJwYXNzd29yZCI6ImI3MDE2NmQyMzU5ZTU1ZmYzNDg0ZjVkNzAyMGM3MGQ4NmQ4OTA3OTYiLCJpcCI6Ijo6MSIsInVzZXJfYWdlbnQiOiJUaWNrZXRpbmctV2ViQXBwIn19.JL2TitpmJygZO1gRj6GIQ3a_XQJERtCSJtygZoo-6Hw
Connection: close
Request body:

========================================
2018-08-08 17:22:27 
::1 GET /tourism/public-api/v1/destination_accounts/active HTTP/1.1
HTTP headers:
Host: localhost
User-Agent: Ticketing-WebApp
Authorization: Bearer eyJ0eXAiOiJKV1QiLCJhbGciOiJIUzI1NiJ9.eyJpYXQiOjE1MzM3MjMyOTIsImp0aSI6Im9nMnZaa055VndXUmU2QVdXY2VZRVFaTHR3dlNkMGJXemhHc2ZvZnA0eWM9IiwiaXNzIjoiOjoxIiwibmJmIjoxNTMzNzIzMjkyLCJleHAiOjE1MzM3MjUwOTIsImRhdGEiOnsidXNlcm5hbWUiOiJhZGUiLCJwYXNzd29yZCI6ImI3MDE2NmQyMzU5ZTU1ZmYzNDg0ZjVkNzAyMGM3MGQ4NmQ4OTA3OTYiLCJpcCI6Ijo6MSIsInVzZXJfYWdlbnQiOiJUaWNrZXRpbmctV2ViQXBwIn19.JL2TitpmJygZO1gRj6GIQ3a_XQJERtCSJtygZoo-6Hw
Connection: close
Request body:

========================================
2018-08-08 17:25:30 
::1 GET /tourism/public-api/v1/destination_accounts/active HTTP/1.1
HTTP headers:
Host: localhost
User-Agent: Ticketing-WebApp
Authorization: Bearer eyJ0eXAiOiJKV1QiLCJhbGciOiJIUzI1NiJ9.eyJpYXQiOjE1MzM3MjMyOTIsImp0aSI6Im9nMnZaa055VndXUmU2QVdXY2VZRVFaTHR3dlNkMGJXemhHc2ZvZnA0eWM9IiwiaXNzIjoiOjoxIiwibmJmIjoxNTMzNzIzMjkyLCJleHAiOjE1MzM3MjUwOTIsImRhdGEiOnsidXNlcm5hbWUiOiJhZGUiLCJwYXNzd29yZCI6ImI3MDE2NmQyMzU5ZTU1ZmYzNDg0ZjVkNzAyMGM3MGQ4NmQ4OTA3OTYiLCJpcCI6Ijo6MSIsInVzZXJfYWdlbnQiOiJUaWNrZXRpbmctV2ViQXBwIn19.JL2TitpmJygZO1gRj6GIQ3a_XQJERtCSJtygZoo-6Hw
Connection: close
Request body:

========================================
2018-08-08 17:31:24 
::1 GET /tourism/public-api/v1/destination_accounts/active HTTP/1.1
HTTP headers:
Host: localhost
User-Agent: Ticketing-WebApp
Authorization: Bearer eyJ0eXAiOiJKV1QiLCJhbGciOiJIUzI1NiJ9.eyJpYXQiOjE1MzM3MjMyOTIsImp0aSI6Im9nMnZaa055VndXUmU2QVdXY2VZRVFaTHR3dlNkMGJXemhHc2ZvZnA0eWM9IiwiaXNzIjoiOjoxIiwibmJmIjoxNTMzNzIzMjkyLCJleHAiOjE1MzM3MjUwOTIsImRhdGEiOnsidXNlcm5hbWUiOiJhZGUiLCJwYXNzd29yZCI6ImI3MDE2NmQyMzU5ZTU1ZmYzNDg0ZjVkNzAyMGM3MGQ4NmQ4OTA3OTYiLCJpcCI6Ijo6MSIsInVzZXJfYWdlbnQiOiJUaWNrZXRpbmctV2ViQXBwIn19.JL2TitpmJygZO1gRj6GIQ3a_XQJERtCSJtygZoo-6Hw
Connection: close
Request body:

========================================
2018-08-08 17:31:32 
::1 GET /tourism/public-api/v1/destination_accounts/active HTTP/1.1
HTTP headers:
Host: localhost
User-Agent: Ticketing-WebApp
Authorization: Bearer eyJ0eXAiOiJKV1QiLCJhbGciOiJIUzI1NiJ9.eyJpYXQiOjE1MzM3MjMyOTIsImp0aSI6Im9nMnZaa055VndXUmU2QVdXY2VZRVFaTHR3dlNkMGJXemhHc2ZvZnA0eWM9IiwiaXNzIjoiOjoxIiwibmJmIjoxNTMzNzIzMjkyLCJleHAiOjE1MzM3MjUwOTIsImRhdGEiOnsidXNlcm5hbWUiOiJhZGUiLCJwYXNzd29yZCI6ImI3MDE2NmQyMzU5ZTU1ZmYzNDg0ZjVkNzAyMGM3MGQ4NmQ4OTA3OTYiLCJpcCI6Ijo6MSIsInVzZXJfYWdlbnQiOiJUaWNrZXRpbmctV2ViQXBwIn19.JL2TitpmJygZO1gRj6GIQ3a_XQJERtCSJtygZoo-6Hw
Connection: close
Request body:

========================================
2018-08-08 17:32:49 
::1 GET /tourism/public-api/v1/destination_accounts/active HTTP/1.1
HTTP headers:
Host: localhost
User-Agent: Ticketing-WebApp
Authorization: Bearer eyJ0eXAiOiJKV1QiLCJhbGciOiJIUzI1NiJ9.eyJpYXQiOjE1MzM3MjMyOTIsImp0aSI6Im9nMnZaa055VndXUmU2QVdXY2VZRVFaTHR3dlNkMGJXemhHc2ZvZnA0eWM9IiwiaXNzIjoiOjoxIiwibmJmIjoxNTMzNzIzMjkyLCJleHAiOjE1MzM3MjUwOTIsImRhdGEiOnsidXNlcm5hbWUiOiJhZGUiLCJwYXNzd29yZCI6ImI3MDE2NmQyMzU5ZTU1ZmYzNDg0ZjVkNzAyMGM3MGQ4NmQ4OTA3OTYiLCJpcCI6Ijo6MSIsInVzZXJfYWdlbnQiOiJUaWNrZXRpbmctV2ViQXBwIn19.JL2TitpmJygZO1gRj6GIQ3a_XQJERtCSJtygZoo-6Hw
Connection: close
Request body:

========================================
2018-08-08 17:33:02 
::1 GET /tourism/public-api/v1/destination_accounts/active HTTP/1.1
HTTP headers:
Host: localhost
User-Agent: Ticketing-WebApp
Authorization: Bearer eyJ0eXAiOiJKV1QiLCJhbGciOiJIUzI1NiJ9.eyJpYXQiOjE1MzM3MjMyOTIsImp0aSI6Im9nMnZaa055VndXUmU2QVdXY2VZRVFaTHR3dlNkMGJXemhHc2ZvZnA0eWM9IiwiaXNzIjoiOjoxIiwibmJmIjoxNTMzNzIzMjkyLCJleHAiOjE1MzM3MjUwOTIsImRhdGEiOnsidXNlcm5hbWUiOiJhZGUiLCJwYXNzd29yZCI6ImI3MDE2NmQyMzU5ZTU1ZmYzNDg0ZjVkNzAyMGM3MGQ4NmQ4OTA3OTYiLCJpcCI6Ijo6MSIsInVzZXJfYWdlbnQiOiJUaWNrZXRpbmctV2ViQXBwIn19.JL2TitpmJygZO1gRj6GIQ3a_XQJERtCSJtygZoo-6Hw
Connection: close
Request body:

========================================
2018-08-08 17:47:10 
::1 GET /tourism/public-api/v1/destination_accounts/active HTTP/1.1
HTTP headers:
Host: localhost
User-Agent: Ticketing-WebApp
Authorization: Bearer eyJ0eXAiOiJKV1QiLCJhbGciOiJIUzI1NiJ9.eyJpYXQiOjE1MzM3MjMyOTIsImp0aSI6Im9nMnZaa055VndXUmU2QVdXY2VZRVFaTHR3dlNkMGJXemhHc2ZvZnA0eWM9IiwiaXNzIjoiOjoxIiwibmJmIjoxNTMzNzIzMjkyLCJleHAiOjE1MzM3MjUwOTIsImRhdGEiOnsidXNlcm5hbWUiOiJhZGUiLCJwYXNzd29yZCI6ImI3MDE2NmQyMzU5ZTU1ZmYzNDg0ZjVkNzAyMGM3MGQ4NmQ4OTA3OTYiLCJpcCI6Ijo6MSIsInVzZXJfYWdlbnQiOiJUaWNrZXRpbmctV2ViQXBwIn19.JL2TitpmJygZO1gRj6GIQ3a_XQJERtCSJtygZoo-6Hw
Connection: close
Request body:

========================================
2018-08-08 17:47:10 
::1 POST /tourism/public-api/v1/users/token HTTP/1.1
HTTP headers:
Host: localhost
Content-Length: 25
User-Agent: Ticketing-WebApp
Connection: close
Content-Type: application/x-www-form-urlencoded
Request body:
username=ade&password=ade
========================================
2018-08-08 17:47:11 
::1 GET /tourism/public-api/v1/destination_accounts/active HTTP/1.1
HTTP headers:
Host: localhost
User-Agent: Ticketing-WebApp
Authorization: Bearer eyJ0eXAiOiJKV1QiLCJhbGciOiJIUzI1NiJ9.eyJpYXQiOjE1MzM3MjUyMzAsImp0aSI6Ik5jVDJnUGRMYkl5VEJ1b0NJekFKT3p1ZHFHalZhRnAxZzlJWk01Zm94eGc9IiwiaXNzIjoiOjoxIiwibmJmIjoxNTMzNzI1MjMwLCJleHAiOjE1MzM3MjcwMzAsImRhdGEiOnsidXNlcm5hbWUiOiJhZGUiLCJwYXNzd29yZCI6ImI3MDE2NmQyMzU5ZTU1ZmYzNDg0ZjVkNzAyMGM3MGQ4NmQ4OTA3OTYiLCJpcCI6Ijo6MSIsInVzZXJfYWdlbnQiOiJUaWNrZXRpbmctV2ViQXBwIn19.QPXo--AHH-vn5i8J61HPIZxya2nNXDF_KynSp3PcgwE
Connection: close
Request body:

========================================
2018-08-08 19:31:20 
::1 POST /tourism/public-api/v1/users/token HTTP/1.1
HTTP headers:
Host: localhost
Content-Length: 25
User-Agent: Ticketing-WebApp
Connection: close
Content-Type: application/x-www-form-urlencoded
Request body:
username=ade&password=ade
========================================
2018-08-08 19:31:21 
::1 GET /tourism/public-api/v1/users/1 HTTP/1.1
HTTP headers:
Host: localhost
User-Agent: Ticketing-WebApp
Authorization: Bearer eyJ0eXAiOiJKV1QiLCJhbGciOiJIUzI1NiJ9.eyJpYXQiOjE1MzM3MzE0ODAsImp0aSI6ImxkN2xDTHRLWmVlY1VZMk5ETDBNMncrT1ZuUGN5MjRrUmVUbjJUY2RVXC80PSIsImlzcyI6Ijo6MSIsIm5iZiI6MTUzMzczMTQ4MCwiZXhwIjoxNTMzNzMzMjgwLCJkYXRhIjp7InVzZXJuYW1lIjoiYWRlIiwicGFzc3dvcmQiOiJiNzAxNjZkMjM1OWU1NWZmMzQ4NGY1ZDcwMjBjNzBkODZkODkwNzk2IiwiaXAiOiI6OjEiLCJ1c2VyX2FnZW50IjoiVGlja2V0aW5nLVdlYkFwcCJ9fQ.UHWT26xtUPcS7vFI-p_QavYn7XAEtoNuREIH6y7HLHs
Connection: close
Request body:

========================================
2018-08-08 19:31:33 
::1 GET /tourism/public-api/v1/destination_accounts/active HTTP/1.1
HTTP headers:
Host: localhost
User-Agent: Ticketing-WebApp
Authorization: Bearer eyJ0eXAiOiJKV1QiLCJhbGciOiJIUzI1NiJ9.eyJpYXQiOjE1MzM3MzE0ODAsImp0aSI6ImxkN2xDTHRLWmVlY1VZMk5ETDBNMncrT1ZuUGN5MjRrUmVUbjJUY2RVXC80PSIsImlzcyI6Ijo6MSIsIm5iZiI6MTUzMzczMTQ4MCwiZXhwIjoxNTMzNzMzMjgwLCJkYXRhIjp7InVzZXJuYW1lIjoiYWRlIiwicGFzc3dvcmQiOiJiNzAxNjZkMjM1OWU1NWZmMzQ4NGY1ZDcwMjBjNzBkODZkODkwNzk2IiwiaXAiOiI6OjEiLCJ1c2VyX2FnZW50IjoiVGlja2V0aW5nLVdlYkFwcCJ9fQ.UHWT26xtUPcS7vFI-p_QavYn7XAEtoNuREIH6y7HLHs
Connection: close
Request body:

========================================
2018-08-08 19:36:21 
::1 GET /tourism/public-api/v1/destination_accounts/active HTTP/1.1
HTTP headers:
Host: localhost
User-Agent: Ticketing-WebApp
Authorization: Bearer eyJ0eXAiOiJKV1QiLCJhbGciOiJIUzI1NiJ9.eyJpYXQiOjE1MzM3MzE0ODAsImp0aSI6ImxkN2xDTHRLWmVlY1VZMk5ETDBNMncrT1ZuUGN5MjRrUmVUbjJUY2RVXC80PSIsImlzcyI6Ijo6MSIsIm5iZiI6MTUzMzczMTQ4MCwiZXhwIjoxNTMzNzMzMjgwLCJkYXRhIjp7InVzZXJuYW1lIjoiYWRlIiwicGFzc3dvcmQiOiJiNzAxNjZkMjM1OWU1NWZmMzQ4NGY1ZDcwMjBjNzBkODZkODkwNzk2IiwiaXAiOiI6OjEiLCJ1c2VyX2FnZW50IjoiVGlja2V0aW5nLVdlYkFwcCJ9fQ.UHWT26xtUPcS7vFI-p_QavYn7XAEtoNuREIH6y7HLHs
Connection: close
Request body:

========================================
2018-08-08 19:36:35 
::1 GET /tourism/public-api/v1/destination_accounts/active HTTP/1.1
HTTP headers:
Host: localhost
User-Agent: Ticketing-WebApp
Authorization: Bearer eyJ0eXAiOiJKV1QiLCJhbGciOiJIUzI1NiJ9.eyJpYXQiOjE1MzM3MzE0ODAsImp0aSI6ImxkN2xDTHRLWmVlY1VZMk5ETDBNMncrT1ZuUGN5MjRrUmVUbjJUY2RVXC80PSIsImlzcyI6Ijo6MSIsIm5iZiI6MTUzMzczMTQ4MCwiZXhwIjoxNTMzNzMzMjgwLCJkYXRhIjp7InVzZXJuYW1lIjoiYWRlIiwicGFzc3dvcmQiOiJiNzAxNjZkMjM1OWU1NWZmMzQ4NGY1ZDcwMjBjNzBkODZkODkwNzk2IiwiaXAiOiI6OjEiLCJ1c2VyX2FnZW50IjoiVGlja2V0aW5nLVdlYkFwcCJ9fQ.UHWT26xtUPcS7vFI-p_QavYn7XAEtoNuREIH6y7HLHs
Connection: close
Request body:

========================================
2018-08-08 19:40:41 
::1 GET /tourism/public-api/v1/destination_accounts/active HTTP/1.1
HTTP headers:
Host: localhost
User-Agent: Ticketing-WebApp
Authorization: Bearer eyJ0eXAiOiJKV1QiLCJhbGciOiJIUzI1NiJ9.eyJpYXQiOjE1MzM3MzE0ODAsImp0aSI6ImxkN2xDTHRLWmVlY1VZMk5ETDBNMncrT1ZuUGN5MjRrUmVUbjJUY2RVXC80PSIsImlzcyI6Ijo6MSIsIm5iZiI6MTUzMzczMTQ4MCwiZXhwIjoxNTMzNzMzMjgwLCJkYXRhIjp7InVzZXJuYW1lIjoiYWRlIiwicGFzc3dvcmQiOiJiNzAxNjZkMjM1OWU1NWZmMzQ4NGY1ZDcwMjBjNzBkODZkODkwNzk2IiwiaXAiOiI6OjEiLCJ1c2VyX2FnZW50IjoiVGlja2V0aW5nLVdlYkFwcCJ9fQ.UHWT26xtUPcS7vFI-p_QavYn7XAEtoNuREIH6y7HLHs
Connection: close
Request body:

========================================
2018-08-08 19:42:42 
::1 GET /tourism/public-api/v1/destination_accounts/active HTTP/1.1
HTTP headers:
Host: localhost
User-Agent: Ticketing-WebApp
Authorization: Bearer eyJ0eXAiOiJKV1QiLCJhbGciOiJIUzI1NiJ9.eyJpYXQiOjE1MzM3MzE0ODAsImp0aSI6ImxkN2xDTHRLWmVlY1VZMk5ETDBNMncrT1ZuUGN5MjRrUmVUbjJUY2RVXC80PSIsImlzcyI6Ijo6MSIsIm5iZiI6MTUzMzczMTQ4MCwiZXhwIjoxNTMzNzMzMjgwLCJkYXRhIjp7InVzZXJuYW1lIjoiYWRlIiwicGFzc3dvcmQiOiJiNzAxNjZkMjM1OWU1NWZmMzQ4NGY1ZDcwMjBjNzBkODZkODkwNzk2IiwiaXAiOiI6OjEiLCJ1c2VyX2FnZW50IjoiVGlja2V0aW5nLVdlYkFwcCJ9fQ.UHWT26xtUPcS7vFI-p_QavYn7XAEtoNuREIH6y7HLHs
Connection: close
Request body:

========================================
2018-08-08 19:43:17 
::1 GET /tourism/public-api/v1/destination_accounts/active HTTP/1.1
HTTP headers:
Host: localhost
User-Agent: Ticketing-WebApp
Authorization: Bearer eyJ0eXAiOiJKV1QiLCJhbGciOiJIUzI1NiJ9.eyJpYXQiOjE1MzM3MzE0ODAsImp0aSI6ImxkN2xDTHRLWmVlY1VZMk5ETDBNMncrT1ZuUGN5MjRrUmVUbjJUY2RVXC80PSIsImlzcyI6Ijo6MSIsIm5iZiI6MTUzMzczMTQ4MCwiZXhwIjoxNTMzNzMzMjgwLCJkYXRhIjp7InVzZXJuYW1lIjoiYWRlIiwicGFzc3dvcmQiOiJiNzAxNjZkMjM1OWU1NWZmMzQ4NGY1ZDcwMjBjNzBkODZkODkwNzk2IiwiaXAiOiI6OjEiLCJ1c2VyX2FnZW50IjoiVGlja2V0aW5nLVdlYkFwcCJ9fQ.UHWT26xtUPcS7vFI-p_QavYn7XAEtoNuREIH6y7HLHs
Connection: close
Request body:

========================================
2018-08-08 19:45:00 
::1 GET /tourism/public-api/v1/destination_accounts/active HTTP/1.1
HTTP headers:
Host: localhost
User-Agent: Ticketing-WebApp
Authorization: Bearer eyJ0eXAiOiJKV1QiLCJhbGciOiJIUzI1NiJ9.eyJpYXQiOjE1MzM3MzE0ODAsImp0aSI6ImxkN2xDTHRLWmVlY1VZMk5ETDBNMncrT1ZuUGN5MjRrUmVUbjJUY2RVXC80PSIsImlzcyI6Ijo6MSIsIm5iZiI6MTUzMzczMTQ4MCwiZXhwIjoxNTMzNzMzMjgwLCJkYXRhIjp7InVzZXJuYW1lIjoiYWRlIiwicGFzc3dvcmQiOiJiNzAxNjZkMjM1OWU1NWZmMzQ4NGY1ZDcwMjBjNzBkODZkODkwNzk2IiwiaXAiOiI6OjEiLCJ1c2VyX2FnZW50IjoiVGlja2V0aW5nLVdlYkFwcCJ9fQ.UHWT26xtUPcS7vFI-p_QavYn7XAEtoNuREIH6y7HLHs
Connection: close
Request body:

========================================
2018-08-08 19:45:46 
::1 GET /tourism/public-api/v1/destination_accounts/active HTTP/1.1
HTTP headers:
Host: localhost
User-Agent: Ticketing-WebApp
Authorization: Bearer eyJ0eXAiOiJKV1QiLCJhbGciOiJIUzI1NiJ9.eyJpYXQiOjE1MzM3MzE0ODAsImp0aSI6ImxkN2xDTHRLWmVlY1VZMk5ETDBNMncrT1ZuUGN5MjRrUmVUbjJUY2RVXC80PSIsImlzcyI6Ijo6MSIsIm5iZiI6MTUzMzczMTQ4MCwiZXhwIjoxNTMzNzMzMjgwLCJkYXRhIjp7InVzZXJuYW1lIjoiYWRlIiwicGFzc3dvcmQiOiJiNzAxNjZkMjM1OWU1NWZmMzQ4NGY1ZDcwMjBjNzBkODZkODkwNzk2IiwiaXAiOiI6OjEiLCJ1c2VyX2FnZW50IjoiVGlja2V0aW5nLVdlYkFwcCJ9fQ.UHWT26xtUPcS7vFI-p_QavYn7XAEtoNuREIH6y7HLHs
Connection: close
Request body:

========================================
2018-08-08 19:46:56 
::1 GET /tourism/public-api/v1/destination_accounts/active HTTP/1.1
HTTP headers:
Host: localhost
User-Agent: Ticketing-WebApp
Authorization: Bearer eyJ0eXAiOiJKV1QiLCJhbGciOiJIUzI1NiJ9.eyJpYXQiOjE1MzM3MzE0ODAsImp0aSI6ImxkN2xDTHRLWmVlY1VZMk5ETDBNMncrT1ZuUGN5MjRrUmVUbjJUY2RVXC80PSIsImlzcyI6Ijo6MSIsIm5iZiI6MTUzMzczMTQ4MCwiZXhwIjoxNTMzNzMzMjgwLCJkYXRhIjp7InVzZXJuYW1lIjoiYWRlIiwicGFzc3dvcmQiOiJiNzAxNjZkMjM1OWU1NWZmMzQ4NGY1ZDcwMjBjNzBkODZkODkwNzk2IiwiaXAiOiI6OjEiLCJ1c2VyX2FnZW50IjoiVGlja2V0aW5nLVdlYkFwcCJ9fQ.UHWT26xtUPcS7vFI-p_QavYn7XAEtoNuREIH6y7HLHs
Connection: close
Request body:

========================================
2018-08-08 19:47:05 
::1 GET /tourism/public-api/v1/destination_accounts/active HTTP/1.1
HTTP headers:
Host: localhost
User-Agent: Ticketing-WebApp
Authorization: Bearer eyJ0eXAiOiJKV1QiLCJhbGciOiJIUzI1NiJ9.eyJpYXQiOjE1MzM3MzE0ODAsImp0aSI6ImxkN2xDTHRLWmVlY1VZMk5ETDBNMncrT1ZuUGN5MjRrUmVUbjJUY2RVXC80PSIsImlzcyI6Ijo6MSIsIm5iZiI6MTUzMzczMTQ4MCwiZXhwIjoxNTMzNzMzMjgwLCJkYXRhIjp7InVzZXJuYW1lIjoiYWRlIiwicGFzc3dvcmQiOiJiNzAxNjZkMjM1OWU1NWZmMzQ4NGY1ZDcwMjBjNzBkODZkODkwNzk2IiwiaXAiOiI6OjEiLCJ1c2VyX2FnZW50IjoiVGlja2V0aW5nLVdlYkFwcCJ9fQ.UHWT26xtUPcS7vFI-p_QavYn7XAEtoNuREIH6y7HLHs
Connection: close
Request body:

========================================
2018-08-08 19:47:32 
::1 GET /tourism/public-api/v1/destination_accounts/active HTTP/1.1
HTTP headers:
Host: localhost
User-Agent: Ticketing-WebApp
Authorization: Bearer eyJ0eXAiOiJKV1QiLCJhbGciOiJIUzI1NiJ9.eyJpYXQiOjE1MzM3MzE0ODAsImp0aSI6ImxkN2xDTHRLWmVlY1VZMk5ETDBNMncrT1ZuUGN5MjRrUmVUbjJUY2RVXC80PSIsImlzcyI6Ijo6MSIsIm5iZiI6MTUzMzczMTQ4MCwiZXhwIjoxNTMzNzMzMjgwLCJkYXRhIjp7InVzZXJuYW1lIjoiYWRlIiwicGFzc3dvcmQiOiJiNzAxNjZkMjM1OWU1NWZmMzQ4NGY1ZDcwMjBjNzBkODZkODkwNzk2IiwiaXAiOiI6OjEiLCJ1c2VyX2FnZW50IjoiVGlja2V0aW5nLVdlYkFwcCJ9fQ.UHWT26xtUPcS7vFI-p_QavYn7XAEtoNuREIH6y7HLHs
Connection: close
Request body:

========================================
2018-08-08 19:48:56 
::1 GET /tourism/public-api/v1/destination_accounts/active HTTP/1.1
HTTP headers:
Host: localhost
User-Agent: Ticketing-WebApp
Authorization: Bearer eyJ0eXAiOiJKV1QiLCJhbGciOiJIUzI1NiJ9.eyJpYXQiOjE1MzM3MzE0ODAsImp0aSI6ImxkN2xDTHRLWmVlY1VZMk5ETDBNMncrT1ZuUGN5MjRrUmVUbjJUY2RVXC80PSIsImlzcyI6Ijo6MSIsIm5iZiI6MTUzMzczMTQ4MCwiZXhwIjoxNTMzNzMzMjgwLCJkYXRhIjp7InVzZXJuYW1lIjoiYWRlIiwicGFzc3dvcmQiOiJiNzAxNjZkMjM1OWU1NWZmMzQ4NGY1ZDcwMjBjNzBkODZkODkwNzk2IiwiaXAiOiI6OjEiLCJ1c2VyX2FnZW50IjoiVGlja2V0aW5nLVdlYkFwcCJ9fQ.UHWT26xtUPcS7vFI-p_QavYn7XAEtoNuREIH6y7HLHs
Connection: close
Request body:

========================================
2018-08-08 19:49:02 
::1 GET /tourism/public-api/v1/destination_accounts/active HTTP/1.1
HTTP headers:
Host: localhost
User-Agent: Ticketing-WebApp
Authorization: Bearer eyJ0eXAiOiJKV1QiLCJhbGciOiJIUzI1NiJ9.eyJpYXQiOjE1MzM3MzE0ODAsImp0aSI6ImxkN2xDTHRLWmVlY1VZMk5ETDBNMncrT1ZuUGN5MjRrUmVUbjJUY2RVXC80PSIsImlzcyI6Ijo6MSIsIm5iZiI6MTUzMzczMTQ4MCwiZXhwIjoxNTMzNzMzMjgwLCJkYXRhIjp7InVzZXJuYW1lIjoiYWRlIiwicGFzc3dvcmQiOiJiNzAxNjZkMjM1OWU1NWZmMzQ4NGY1ZDcwMjBjNzBkODZkODkwNzk2IiwiaXAiOiI6OjEiLCJ1c2VyX2FnZW50IjoiVGlja2V0aW5nLVdlYkFwcCJ9fQ.UHWT26xtUPcS7vFI-p_QavYn7XAEtoNuREIH6y7HLHs
Connection: close
Request body:

========================================
2018-08-08 19:49:08 
::1 GET /tourism/public-api/v1/destination_accounts/active HTTP/1.1
HTTP headers:
Host: localhost
User-Agent: Ticketing-WebApp
Authorization: Bearer eyJ0eXAiOiJKV1QiLCJhbGciOiJIUzI1NiJ9.eyJpYXQiOjE1MzM3MzE0ODAsImp0aSI6ImxkN2xDTHRLWmVlY1VZMk5ETDBNMncrT1ZuUGN5MjRrUmVUbjJUY2RVXC80PSIsImlzcyI6Ijo6MSIsIm5iZiI6MTUzMzczMTQ4MCwiZXhwIjoxNTMzNzMzMjgwLCJkYXRhIjp7InVzZXJuYW1lIjoiYWRlIiwicGFzc3dvcmQiOiJiNzAxNjZkMjM1OWU1NWZmMzQ4NGY1ZDcwMjBjNzBkODZkODkwNzk2IiwiaXAiOiI6OjEiLCJ1c2VyX2FnZW50IjoiVGlja2V0aW5nLVdlYkFwcCJ9fQ.UHWT26xtUPcS7vFI-p_QavYn7XAEtoNuREIH6y7HLHs
Connection: close
Request body:

========================================
2018-08-08 19:49:10 
::1 GET /tourism/public-api/v1/destination_accounts/active HTTP/1.1
HTTP headers:
Host: localhost
User-Agent: Ticketing-WebApp
Authorization: Bearer eyJ0eXAiOiJKV1QiLCJhbGciOiJIUzI1NiJ9.eyJpYXQiOjE1MzM3MzE0ODAsImp0aSI6ImxkN2xDTHRLWmVlY1VZMk5ETDBNMncrT1ZuUGN5MjRrUmVUbjJUY2RVXC80PSIsImlzcyI6Ijo6MSIsIm5iZiI6MTUzMzczMTQ4MCwiZXhwIjoxNTMzNzMzMjgwLCJkYXRhIjp7InVzZXJuYW1lIjoiYWRlIiwicGFzc3dvcmQiOiJiNzAxNjZkMjM1OWU1NWZmMzQ4NGY1ZDcwMjBjNzBkODZkODkwNzk2IiwiaXAiOiI6OjEiLCJ1c2VyX2FnZW50IjoiVGlja2V0aW5nLVdlYkFwcCJ9fQ.UHWT26xtUPcS7vFI-p_QavYn7XAEtoNuREIH6y7HLHs
Connection: close
Request body:

========================================
2018-08-08 19:51:31 
::1 GET /tourism/public-api/v1/destination_accounts/active HTTP/1.1
HTTP headers:
Host: localhost
User-Agent: Ticketing-WebApp
Authorization: Bearer eyJ0eXAiOiJKV1QiLCJhbGciOiJIUzI1NiJ9.eyJpYXQiOjE1MzM3MzE0ODAsImp0aSI6ImxkN2xDTHRLWmVlY1VZMk5ETDBNMncrT1ZuUGN5MjRrUmVUbjJUY2RVXC80PSIsImlzcyI6Ijo6MSIsIm5iZiI6MTUzMzczMTQ4MCwiZXhwIjoxNTMzNzMzMjgwLCJkYXRhIjp7InVzZXJuYW1lIjoiYWRlIiwicGFzc3dvcmQiOiJiNzAxNjZkMjM1OWU1NWZmMzQ4NGY1ZDcwMjBjNzBkODZkODkwNzk2IiwiaXAiOiI6OjEiLCJ1c2VyX2FnZW50IjoiVGlja2V0aW5nLVdlYkFwcCJ9fQ.UHWT26xtUPcS7vFI-p_QavYn7XAEtoNuREIH6y7HLHs
Connection: close
Request body:

========================================
2018-08-08 19:52:18 
::1 GET /tourism/public-api/v1/destination_accounts/active HTTP/1.1
HTTP headers:
Host: localhost
User-Agent: Ticketing-WebApp
Authorization: Bearer eyJ0eXAiOiJKV1QiLCJhbGciOiJIUzI1NiJ9.eyJpYXQiOjE1MzM3MzE0ODAsImp0aSI6ImxkN2xDTHRLWmVlY1VZMk5ETDBNMncrT1ZuUGN5MjRrUmVUbjJUY2RVXC80PSIsImlzcyI6Ijo6MSIsIm5iZiI6MTUzMzczMTQ4MCwiZXhwIjoxNTMzNzMzMjgwLCJkYXRhIjp7InVzZXJuYW1lIjoiYWRlIiwicGFzc3dvcmQiOiJiNzAxNjZkMjM1OWU1NWZmMzQ4NGY1ZDcwMjBjNzBkODZkODkwNzk2IiwiaXAiOiI6OjEiLCJ1c2VyX2FnZW50IjoiVGlja2V0aW5nLVdlYkFwcCJ9fQ.UHWT26xtUPcS7vFI-p_QavYn7XAEtoNuREIH6y7HLHs
Connection: close
Request body:

========================================
2018-08-08 19:53:38 
::1 GET /tourism/public-api/v1/destination_accounts/active HTTP/1.1
HTTP headers:
Host: localhost
User-Agent: Ticketing-WebApp
Authorization: Bearer eyJ0eXAiOiJKV1QiLCJhbGciOiJIUzI1NiJ9.eyJpYXQiOjE1MzM3MzE0ODAsImp0aSI6ImxkN2xDTHRLWmVlY1VZMk5ETDBNMncrT1ZuUGN5MjRrUmVUbjJUY2RVXC80PSIsImlzcyI6Ijo6MSIsIm5iZiI6MTUzMzczMTQ4MCwiZXhwIjoxNTMzNzMzMjgwLCJkYXRhIjp7InVzZXJuYW1lIjoiYWRlIiwicGFzc3dvcmQiOiJiNzAxNjZkMjM1OWU1NWZmMzQ4NGY1ZDcwMjBjNzBkODZkODkwNzk2IiwiaXAiOiI6OjEiLCJ1c2VyX2FnZW50IjoiVGlja2V0aW5nLVdlYkFwcCJ9fQ.UHWT26xtUPcS7vFI-p_QavYn7XAEtoNuREIH6y7HLHs
Connection: close
Request body:

========================================
2018-08-08 19:54:29 
::1 GET /tourism/public-api/v1/destination_accounts/active HTTP/1.1
HTTP headers:
Host: localhost
User-Agent: Ticketing-WebApp
Authorization: Bearer eyJ0eXAiOiJKV1QiLCJhbGciOiJIUzI1NiJ9.eyJpYXQiOjE1MzM3MzE0ODAsImp0aSI6ImxkN2xDTHRLWmVlY1VZMk5ETDBNMncrT1ZuUGN5MjRrUmVUbjJUY2RVXC80PSIsImlzcyI6Ijo6MSIsIm5iZiI6MTUzMzczMTQ4MCwiZXhwIjoxNTMzNzMzMjgwLCJkYXRhIjp7InVzZXJuYW1lIjoiYWRlIiwicGFzc3dvcmQiOiJiNzAxNjZkMjM1OWU1NWZmMzQ4NGY1ZDcwMjBjNzBkODZkODkwNzk2IiwiaXAiOiI6OjEiLCJ1c2VyX2FnZW50IjoiVGlja2V0aW5nLVdlYkFwcCJ9fQ.UHWT26xtUPcS7vFI-p_QavYn7XAEtoNuREIH6y7HLHs
Connection: close
Request body:

========================================
2018-08-08 19:56:28 
::1 GET /tourism/public-api/v1/destination_accounts/active HTTP/1.1
HTTP headers:
Host: localhost
User-Agent: Ticketing-WebApp
Authorization: Bearer eyJ0eXAiOiJKV1QiLCJhbGciOiJIUzI1NiJ9.eyJpYXQiOjE1MzM3MzE0ODAsImp0aSI6ImxkN2xDTHRLWmVlY1VZMk5ETDBNMncrT1ZuUGN5MjRrUmVUbjJUY2RVXC80PSIsImlzcyI6Ijo6MSIsIm5iZiI6MTUzMzczMTQ4MCwiZXhwIjoxNTMzNzMzMjgwLCJkYXRhIjp7InVzZXJuYW1lIjoiYWRlIiwicGFzc3dvcmQiOiJiNzAxNjZkMjM1OWU1NWZmMzQ4NGY1ZDcwMjBjNzBkODZkODkwNzk2IiwiaXAiOiI6OjEiLCJ1c2VyX2FnZW50IjoiVGlja2V0aW5nLVdlYkFwcCJ9fQ.UHWT26xtUPcS7vFI-p_QavYn7XAEtoNuREIH6y7HLHs
Connection: close
Request body:

========================================
2018-08-08 20:00:18 
::1 GET /tourism/public-api/v1/destination_accounts/active HTTP/1.1
HTTP headers:
Host: localhost
User-Agent: Ticketing-WebApp
Authorization: Bearer eyJ0eXAiOiJKV1QiLCJhbGciOiJIUzI1NiJ9.eyJpYXQiOjE1MzM3MzE0ODAsImp0aSI6ImxkN2xDTHRLWmVlY1VZMk5ETDBNMncrT1ZuUGN5MjRrUmVUbjJUY2RVXC80PSIsImlzcyI6Ijo6MSIsIm5iZiI6MTUzMzczMTQ4MCwiZXhwIjoxNTMzNzMzMjgwLCJkYXRhIjp7InVzZXJuYW1lIjoiYWRlIiwicGFzc3dvcmQiOiJiNzAxNjZkMjM1OWU1NWZmMzQ4NGY1ZDcwMjBjNzBkODZkODkwNzk2IiwiaXAiOiI6OjEiLCJ1c2VyX2FnZW50IjoiVGlja2V0aW5nLVdlYkFwcCJ9fQ.UHWT26xtUPcS7vFI-p_QavYn7XAEtoNuREIH6y7HLHs
Connection: close
Request body:

========================================
2018-08-08 20:19:01 
::1 GET /tourism/public-api/v1/destination_accounts/active HTTP/1.1
HTTP headers:
Host: localhost
User-Agent: Ticketing-WebApp
Authorization: Bearer eyJ0eXAiOiJKV1QiLCJhbGciOiJIUzI1NiJ9.eyJpYXQiOjE1MzM3MzE0ODAsImp0aSI6ImxkN2xDTHRLWmVlY1VZMk5ETDBNMncrT1ZuUGN5MjRrUmVUbjJUY2RVXC80PSIsImlzcyI6Ijo6MSIsIm5iZiI6MTUzMzczMTQ4MCwiZXhwIjoxNTMzNzMzMjgwLCJkYXRhIjp7InVzZXJuYW1lIjoiYWRlIiwicGFzc3dvcmQiOiJiNzAxNjZkMjM1OWU1NWZmMzQ4NGY1ZDcwMjBjNzBkODZkODkwNzk2IiwiaXAiOiI6OjEiLCJ1c2VyX2FnZW50IjoiVGlja2V0aW5nLVdlYkFwcCJ9fQ.UHWT26xtUPcS7vFI-p_QavYn7XAEtoNuREIH6y7HLHs
Connection: close
Request body:

========================================
2018-08-08 20:19:01 
::1 POST /tourism/public-api/v1/users/token HTTP/1.1
HTTP headers:
Host: localhost
Content-Length: 25
User-Agent: Ticketing-WebApp
Connection: close
Content-Type: application/x-www-form-urlencoded
Request body:
username=ade&password=ade
========================================
2018-08-08 20:19:02 
::1 GET /tourism/public-api/v1/destination_accounts/active HTTP/1.1
HTTP headers:
Host: localhost
User-Agent: Ticketing-WebApp
Authorization: Bearer eyJ0eXAiOiJKV1QiLCJhbGciOiJIUzI1NiJ9.eyJpYXQiOjE1MzM3MzQzNDEsImp0aSI6IjFGWFBiNlNXTTcrR1wvMm55dVU5WXk2NFJLMHc2YXR2VjRGb0hUVUllUVpnPSIsImlzcyI6Ijo6MSIsIm5iZiI6MTUzMzczNDM0MSwiZXhwIjoxNTMzNzM2MTQxLCJkYXRhIjp7InVzZXJuYW1lIjoiYWRlIiwicGFzc3dvcmQiOiJiNzAxNjZkMjM1OWU1NWZmMzQ4NGY1ZDcwMjBjNzBkODZkODkwNzk2IiwiaXAiOiI6OjEiLCJ1c2VyX2FnZW50IjoiVGlja2V0aW5nLVdlYkFwcCJ9fQ.80NYyeIibWAW915w829En8eb-XwINoCP2c8a0nwFFLI
Connection: close
Request body:

========================================
2018-08-08 20:19:16 
::1 GET /tourism/public-api/v1/destination_accounts/active HTTP/1.1
HTTP headers:
Host: localhost
User-Agent: Ticketing-WebApp
Authorization: Bearer eyJ0eXAiOiJKV1QiLCJhbGciOiJIUzI1NiJ9.eyJpYXQiOjE1MzM3MzQzNDEsImp0aSI6IjFGWFBiNlNXTTcrR1wvMm55dVU5WXk2NFJLMHc2YXR2VjRGb0hUVUllUVpnPSIsImlzcyI6Ijo6MSIsIm5iZiI6MTUzMzczNDM0MSwiZXhwIjoxNTMzNzM2MTQxLCJkYXRhIjp7InVzZXJuYW1lIjoiYWRlIiwicGFzc3dvcmQiOiJiNzAxNjZkMjM1OWU1NWZmMzQ4NGY1ZDcwMjBjNzBkODZkODkwNzk2IiwiaXAiOiI6OjEiLCJ1c2VyX2FnZW50IjoiVGlja2V0aW5nLVdlYkFwcCJ9fQ.80NYyeIibWAW915w829En8eb-XwINoCP2c8a0nwFFLI
Connection: close
Request body:

========================================
2018-08-08 20:19:48 
::1 GET /tourism/public-api/v1/destination_accounts/active HTTP/1.1
HTTP headers:
Host: localhost
User-Agent: Ticketing-WebApp
Authorization: Bearer eyJ0eXAiOiJKV1QiLCJhbGciOiJIUzI1NiJ9.eyJpYXQiOjE1MzM3MzQzNDEsImp0aSI6IjFGWFBiNlNXTTcrR1wvMm55dVU5WXk2NFJLMHc2YXR2VjRGb0hUVUllUVpnPSIsImlzcyI6Ijo6MSIsIm5iZiI6MTUzMzczNDM0MSwiZXhwIjoxNTMzNzM2MTQxLCJkYXRhIjp7InVzZXJuYW1lIjoiYWRlIiwicGFzc3dvcmQiOiJiNzAxNjZkMjM1OWU1NWZmMzQ4NGY1ZDcwMjBjNzBkODZkODkwNzk2IiwiaXAiOiI6OjEiLCJ1c2VyX2FnZW50IjoiVGlja2V0aW5nLVdlYkFwcCJ9fQ.80NYyeIibWAW915w829En8eb-XwINoCP2c8a0nwFFLI
Connection: close
Request body:

========================================
2018-08-08 20:20:55 
::1 GET /tourism/public-api/v1/destination_accounts/active HTTP/1.1
HTTP headers:
Host: localhost
User-Agent: Ticketing-WebApp
Authorization: Bearer eyJ0eXAiOiJKV1QiLCJhbGciOiJIUzI1NiJ9.eyJpYXQiOjE1MzM3MzQzNDEsImp0aSI6IjFGWFBiNlNXTTcrR1wvMm55dVU5WXk2NFJLMHc2YXR2VjRGb0hUVUllUVpnPSIsImlzcyI6Ijo6MSIsIm5iZiI6MTUzMzczNDM0MSwiZXhwIjoxNTMzNzM2MTQxLCJkYXRhIjp7InVzZXJuYW1lIjoiYWRlIiwicGFzc3dvcmQiOiJiNzAxNjZkMjM1OWU1NWZmMzQ4NGY1ZDcwMjBjNzBkODZkODkwNzk2IiwiaXAiOiI6OjEiLCJ1c2VyX2FnZW50IjoiVGlja2V0aW5nLVdlYkFwcCJ9fQ.80NYyeIibWAW915w829En8eb-XwINoCP2c8a0nwFFLI
Connection: close
Request body:

========================================
2018-08-08 20:28:19 
::1 GET /tourism/public-api/v1/destination_accounts/active HTTP/1.1
HTTP headers:
Host: localhost
User-Agent: Ticketing-WebApp
Authorization: Bearer eyJ0eXAiOiJKV1QiLCJhbGciOiJIUzI1NiJ9.eyJpYXQiOjE1MzM3MzQzNDEsImp0aSI6IjFGWFBiNlNXTTcrR1wvMm55dVU5WXk2NFJLMHc2YXR2VjRGb0hUVUllUVpnPSIsImlzcyI6Ijo6MSIsIm5iZiI6MTUzMzczNDM0MSwiZXhwIjoxNTMzNzM2MTQxLCJkYXRhIjp7InVzZXJuYW1lIjoiYWRlIiwicGFzc3dvcmQiOiJiNzAxNjZkMjM1OWU1NWZmMzQ4NGY1ZDcwMjBjNzBkODZkODkwNzk2IiwiaXAiOiI6OjEiLCJ1c2VyX2FnZW50IjoiVGlja2V0aW5nLVdlYkFwcCJ9fQ.80NYyeIibWAW915w829En8eb-XwINoCP2c8a0nwFFLI
Connection: close
Request body:

========================================
2018-08-08 20:28:43 
::1 GET /tourism/public-api/v1/destination_accounts/active HTTP/1.1
HTTP headers:
Host: localhost
User-Agent: Ticketing-WebApp
Authorization: Bearer eyJ0eXAiOiJKV1QiLCJhbGciOiJIUzI1NiJ9.eyJpYXQiOjE1MzM3MzQzNDEsImp0aSI6IjFGWFBiNlNXTTcrR1wvMm55dVU5WXk2NFJLMHc2YXR2VjRGb0hUVUllUVpnPSIsImlzcyI6Ijo6MSIsIm5iZiI6MTUzMzczNDM0MSwiZXhwIjoxNTMzNzM2MTQxLCJkYXRhIjp7InVzZXJuYW1lIjoiYWRlIiwicGFzc3dvcmQiOiJiNzAxNjZkMjM1OWU1NWZmMzQ4NGY1ZDcwMjBjNzBkODZkODkwNzk2IiwiaXAiOiI6OjEiLCJ1c2VyX2FnZW50IjoiVGlja2V0aW5nLVdlYkFwcCJ9fQ.80NYyeIibWAW915w829En8eb-XwINoCP2c8a0nwFFLI
Connection: close
Request body:

========================================
2018-08-08 20:29:11 
::1 GET /tourism/public-api/v1/destination_accounts/active HTTP/1.1
HTTP headers:
Host: localhost
User-Agent: Ticketing-WebApp
Authorization: Bearer eyJ0eXAiOiJKV1QiLCJhbGciOiJIUzI1NiJ9.eyJpYXQiOjE1MzM3MzQzNDEsImp0aSI6IjFGWFBiNlNXTTcrR1wvMm55dVU5WXk2NFJLMHc2YXR2VjRGb0hUVUllUVpnPSIsImlzcyI6Ijo6MSIsIm5iZiI6MTUzMzczNDM0MSwiZXhwIjoxNTMzNzM2MTQxLCJkYXRhIjp7InVzZXJuYW1lIjoiYWRlIiwicGFzc3dvcmQiOiJiNzAxNjZkMjM1OWU1NWZmMzQ4NGY1ZDcwMjBjNzBkODZkODkwNzk2IiwiaXAiOiI6OjEiLCJ1c2VyX2FnZW50IjoiVGlja2V0aW5nLVdlYkFwcCJ9fQ.80NYyeIibWAW915w829En8eb-XwINoCP2c8a0nwFFLI
Connection: close
Request body:

========================================
2018-08-08 20:29:54 
::1 GET /tourism/public-api/v1/destination_accounts/active HTTP/1.1
HTTP headers:
Host: localhost
User-Agent: Ticketing-WebApp
Authorization: Bearer eyJ0eXAiOiJKV1QiLCJhbGciOiJIUzI1NiJ9.eyJpYXQiOjE1MzM3MzQzNDEsImp0aSI6IjFGWFBiNlNXTTcrR1wvMm55dVU5WXk2NFJLMHc2YXR2VjRGb0hUVUllUVpnPSIsImlzcyI6Ijo6MSIsIm5iZiI6MTUzMzczNDM0MSwiZXhwIjoxNTMzNzM2MTQxLCJkYXRhIjp7InVzZXJuYW1lIjoiYWRlIiwicGFzc3dvcmQiOiJiNzAxNjZkMjM1OWU1NWZmMzQ4NGY1ZDcwMjBjNzBkODZkODkwNzk2IiwiaXAiOiI6OjEiLCJ1c2VyX2FnZW50IjoiVGlja2V0aW5nLVdlYkFwcCJ9fQ.80NYyeIibWAW915w829En8eb-XwINoCP2c8a0nwFFLI
Connection: close
Request body:

========================================
2018-08-08 20:35:33 
::1 GET /tourism/public-api/v1/destination_accounts/active HTTP/1.1
HTTP headers:
Host: localhost
User-Agent: Ticketing-WebApp
Authorization: Bearer eyJ0eXAiOiJKV1QiLCJhbGciOiJIUzI1NiJ9.eyJpYXQiOjE1MzM3MzQzNDEsImp0aSI6IjFGWFBiNlNXTTcrR1wvMm55dVU5WXk2NFJLMHc2YXR2VjRGb0hUVUllUVpnPSIsImlzcyI6Ijo6MSIsIm5iZiI6MTUzMzczNDM0MSwiZXhwIjoxNTMzNzM2MTQxLCJkYXRhIjp7InVzZXJuYW1lIjoiYWRlIiwicGFzc3dvcmQiOiJiNzAxNjZkMjM1OWU1NWZmMzQ4NGY1ZDcwMjBjNzBkODZkODkwNzk2IiwiaXAiOiI6OjEiLCJ1c2VyX2FnZW50IjoiVGlja2V0aW5nLVdlYkFwcCJ9fQ.80NYyeIibWAW915w829En8eb-XwINoCP2c8a0nwFFLI
Connection: close
Request body:

========================================
