2018-07-13 09:28:39 
::1 POST /synergix/pos/public-api/v1/users/token HTTP/1.1
HTTP headers:
Host: localhost
Content-Length: 29
User-Agent: Ticketing-WebApp
Connection: close
Content-Type: application/x-www-form-urlencoded
Request body:
username=mario&password=mario
========================================
2018-07-13 09:28:43 
::1 GET /synergix/pos/public-api/v1/users/3 HTTP/1.1
HTTP headers:
Host: localhost
User-Agent: Ticketing-WebApp
Authorization: Bearer eyJ0eXAiOiJKV1QiLCJhbGciOiJIUzI1NiJ9.eyJpYXQiOjE1MzE0NDg5MjIsImp0aSI6Ik84Q2NqZGd6bnNwUXJXVEJKS3FNSEMyOXJrcFE4cFVFbDBrQmFDcTdlZEE9IiwiaXNzIjoiOjoxIiwibmJmIjoxNTMxNDQ4OTIyLCJleHAiOjE1MzE0NTA3MjIsImRhdGEiOnsidXNlcm5hbWUiOiJtYXJpbyIsInBhc3N3b3JkIjoiZGZlYjliMDFlOTMxZWI2ODEzOTUyODQ4OGEwNDVlN2ViNjM3YWFjNiIsImlwIjoiOjoxIiwidXNlcl9hZ2VudCI6IlRpY2tldGluZy1XZWJBcHAifX0.z7qfoJeKyFOmdpyxqOVn8uwUXCEHmlevro4OhqK-VzA
Connection: close
Request body:

========================================
2018-07-13 09:28:44 
::1 GET /synergix/pos/public-api/v1/user_level_modules/active?code=TICKET&user_level_id=3&order=code&limit=100 HTTP/1.1
HTTP headers:
Host: localhost
User-Agent: Ticketing-WebApp
Authorization: Bearer eyJ0eXAiOiJKV1QiLCJhbGciOiJIUzI1NiJ9.eyJpYXQiOjE1MzE0NDg5MjIsImp0aSI6Ik84Q2NqZGd6bnNwUXJXVEJKS3FNSEMyOXJrcFE4cFVFbDBrQmFDcTdlZEE9IiwiaXNzIjoiOjoxIiwibmJmIjoxNTMxNDQ4OTIyLCJleHAiOjE1MzE0NTA3MjIsImRhdGEiOnsidXNlcm5hbWUiOiJtYXJpbyIsInBhc3N3b3JkIjoiZGZlYjliMDFlOTMxZWI2ODEzOTUyODQ4OGEwNDVlN2ViNjM3YWFjNiIsImlwIjoiOjoxIiwidXNlcl9hZ2VudCI6IlRpY2tldGluZy1XZWJBcHAifX0.z7qfoJeKyFOmdpyxqOVn8uwUXCEHmlevro4OhqK-VzA
Connection: close
Request body:

========================================
2018-07-13 09:28:44 
::1 GET /synergix/pos/public-api/v1/ticket_types?is_active=1 HTTP/1.1
HTTP headers:
Host: localhost
User-Agent: Ticketing-WebApp
Authorization: Bearer eyJ0eXAiOiJKV1QiLCJhbGciOiJIUzI1NiJ9.eyJpYXQiOjE1MzE0NDg5MjIsImp0aSI6Ik84Q2NqZGd6bnNwUXJXVEJKS3FNSEMyOXJrcFE4cFVFbDBrQmFDcTdlZEE9IiwiaXNzIjoiOjoxIiwibmJmIjoxNTMxNDQ4OTIyLCJleHAiOjE1MzE0NTA3MjIsImRhdGEiOnsidXNlcm5hbWUiOiJtYXJpbyIsInBhc3N3b3JkIjoiZGZlYjliMDFlOTMxZWI2ODEzOTUyODQ4OGEwNDVlN2ViNjM3YWFjNiIsImlwIjoiOjoxIiwidXNlcl9hZ2VudCI6IlRpY2tldGluZy1XZWJBcHAifX0.z7qfoJeKyFOmdpyxqOVn8uwUXCEHmlevro4OhqK-VzA
Connection: close
Request body:

========================================
2018-07-13 09:28:44 
::1 GET /synergix/pos/public-api/v1/departments?is_active=1&limit=100&order=name HTTP/1.1
HTTP headers:
Host: localhost
User-Agent: Ticketing-WebApp
Authorization: Bearer eyJ0eXAiOiJKV1QiLCJhbGciOiJIUzI1NiJ9.eyJpYXQiOjE1MzE0NDg5MjIsImp0aSI6Ik84Q2NqZGd6bnNwUXJXVEJKS3FNSEMyOXJrcFE4cFVFbDBrQmFDcTdlZEE9IiwiaXNzIjoiOjoxIiwibmJmIjoxNTMxNDQ4OTIyLCJleHAiOjE1MzE0NTA3MjIsImRhdGEiOnsidXNlcm5hbWUiOiJtYXJpbyIsInBhc3N3b3JkIjoiZGZlYjliMDFlOTMxZWI2ODEzOTUyODQ4OGEwNDVlN2ViNjM3YWFjNiIsImlwIjoiOjoxIiwidXNlcl9hZ2VudCI6IlRpY2tldGluZy1XZWJBcHAifX0.z7qfoJeKyFOmdpyxqOVn8uwUXCEHmlevro4OhqK-VzA
Connection: close
Request body:

========================================
2018-07-13 09:28:45 
::1 GET /synergix/pos/public-api/v1/ticket_priorities?is_active=1&order=name HTTP/1.1
HTTP headers:
Host: localhost
User-Agent: Ticketing-WebApp
Authorization: Bearer eyJ0eXAiOiJKV1QiLCJhbGciOiJIUzI1NiJ9.eyJpYXQiOjE1MzE0NDg5MjIsImp0aSI6Ik84Q2NqZGd6bnNwUXJXVEJKS3FNSEMyOXJrcFE4cFVFbDBrQmFDcTdlZEE9IiwiaXNzIjoiOjoxIiwibmJmIjoxNTMxNDQ4OTIyLCJleHAiOjE1MzE0NTA3MjIsImRhdGEiOnsidXNlcm5hbWUiOiJtYXJpbyIsInBhc3N3b3JkIjoiZGZlYjliMDFlOTMxZWI2ODEzOTUyODQ4OGEwNDVlN2ViNjM3YWFjNiIsImlwIjoiOjoxIiwidXNlcl9hZ2VudCI6IlRpY2tldGluZy1XZWJBcHAifX0.z7qfoJeKyFOmdpyxqOVn8uwUXCEHmlevro4OhqK-VzA
Connection: close
Request body:

========================================
2018-07-13 09:28:45 
::1 GET /synergix/pos/public-api/v1/ticket_statuses/active?order=name HTTP/1.1
HTTP headers:
Host: localhost
User-Agent: Ticketing-WebApp
Authorization: Bearer eyJ0eXAiOiJKV1QiLCJhbGciOiJIUzI1NiJ9.eyJpYXQiOjE1MzE0NDg5MjIsImp0aSI6Ik84Q2NqZGd6bnNwUXJXVEJKS3FNSEMyOXJrcFE4cFVFbDBrQmFDcTdlZEE9IiwiaXNzIjoiOjoxIiwibmJmIjoxNTMxNDQ4OTIyLCJleHAiOjE1MzE0NTA3MjIsImRhdGEiOnsidXNlcm5hbWUiOiJtYXJpbyIsInBhc3N3b3JkIjoiZGZlYjliMDFlOTMxZWI2ODEzOTUyODQ4OGEwNDVlN2ViNjM3YWFjNiIsImlwIjoiOjoxIiwidXNlcl9hZ2VudCI6IlRpY2tldGluZy1XZWJBcHAifX0.z7qfoJeKyFOmdpyxqOVn8uwUXCEHmlevro4OhqK-VzA
Connection: close
Request body:

========================================
2018-07-13 09:28:45 
::1 GET /synergix/pos/public-api/v1/product_types/active?limit=50 HTTP/1.1
HTTP headers:
Host: localhost
User-Agent: Ticketing-WebApp
Authorization: Bearer eyJ0eXAiOiJKV1QiLCJhbGciOiJIUzI1NiJ9.eyJpYXQiOjE1MzE0NDg5MjIsImp0aSI6Ik84Q2NqZGd6bnNwUXJXVEJKS3FNSEMyOXJrcFE4cFVFbDBrQmFDcTdlZEE9IiwiaXNzIjoiOjoxIiwibmJmIjoxNTMxNDQ4OTIyLCJleHAiOjE1MzE0NTA3MjIsImRhdGEiOnsidXNlcm5hbWUiOiJtYXJpbyIsInBhc3N3b3JkIjoiZGZlYjliMDFlOTMxZWI2ODEzOTUyODQ4OGEwNDVlN2ViNjM3YWFjNiIsImlwIjoiOjoxIiwidXNlcl9hZ2VudCI6IlRpY2tldGluZy1XZWJBcHAifX0.z7qfoJeKyFOmdpyxqOVn8uwUXCEHmlevro4OhqK-VzA
Connection: close
Request body:

========================================
2018-07-13 09:28:46 
::1 GET /synergix/pos/public-api/v1/tickets?need_follow_up=1&ticket_status_id=4&limit=1 HTTP/1.1
HTTP headers:
Host: localhost
User-Agent: Ticketing-WebApp
Authorization: Bearer eyJ0eXAiOiJKV1QiLCJhbGciOiJIUzI1NiJ9.eyJpYXQiOjE1MzE0NDg5MjIsImp0aSI6Ik84Q2NqZGd6bnNwUXJXVEJKS3FNSEMyOXJrcFE4cFVFbDBrQmFDcTdlZEE9IiwiaXNzIjoiOjoxIiwibmJmIjoxNTMxNDQ4OTIyLCJleHAiOjE1MzE0NTA3MjIsImRhdGEiOnsidXNlcm5hbWUiOiJtYXJpbyIsInBhc3N3b3JkIjoiZGZlYjliMDFlOTMxZWI2ODEzOTUyODQ4OGEwNDVlN2ViNjM3YWFjNiIsImlwIjoiOjoxIiwidXNlcl9hZ2VudCI6IlRpY2tldGluZy1XZWJBcHAifX0.z7qfoJeKyFOmdpyxqOVn8uwUXCEHmlevro4OhqK-VzA
Connection: close
Request body:

========================================
2018-07-13 09:28:47 
::1 GET /synergix/pos/public-api/v1/tickets?limit=20&start=1531414800&end=1531414800 HTTP/1.1
HTTP headers:
Host: localhost
User-Agent: Ticketing-WebApp
Authorization: Bearer eyJ0eXAiOiJKV1QiLCJhbGciOiJIUzI1NiJ9.eyJpYXQiOjE1MzE0NDg5MjIsImp0aSI6Ik84Q2NqZGd6bnNwUXJXVEJKS3FNSEMyOXJrcFE4cFVFbDBrQmFDcTdlZEE9IiwiaXNzIjoiOjoxIiwibmJmIjoxNTMxNDQ4OTIyLCJleHAiOjE1MzE0NTA3MjIsImRhdGEiOnsidXNlcm5hbWUiOiJtYXJpbyIsInBhc3N3b3JkIjoiZGZlYjliMDFlOTMxZWI2ODEzOTUyODQ4OGEwNDVlN2ViNjM3YWFjNiIsImlwIjoiOjoxIiwidXNlcl9hZ2VudCI6IlRpY2tldGluZy1XZWJBcHAifX0.z7qfoJeKyFOmdpyxqOVn8uwUXCEHmlevro4OhqK-VzA
Connection: close
Request body:

========================================
2018-07-13 09:42:01 
::1 GET /synergix/pos/public-api/v1/contact_types?is_active=1 HTTP/1.1
HTTP headers:
Host: localhost
User-Agent: Ticketing-WebApp
Authorization: Bearer eyJ0eXAiOiJKV1QiLCJhbGciOiJIUzI1NiJ9.eyJpYXQiOjE1MzE0NDg5MjIsImp0aSI6Ik84Q2NqZGd6bnNwUXJXVEJKS3FNSEMyOXJrcFE4cFVFbDBrQmFDcTdlZEE9IiwiaXNzIjoiOjoxIiwibmJmIjoxNTMxNDQ4OTIyLCJleHAiOjE1MzE0NTA3MjIsImRhdGEiOnsidXNlcm5hbWUiOiJtYXJpbyIsInBhc3N3b3JkIjoiZGZlYjliMDFlOTMxZWI2ODEzOTUyODQ4OGEwNDVlN2ViNjM3YWFjNiIsImlwIjoiOjoxIiwidXNlcl9hZ2VudCI6IlRpY2tldGluZy1XZWJBcHAifX0.z7qfoJeKyFOmdpyxqOVn8uwUXCEHmlevro4OhqK-VzA
Connection: close
Request body:

========================================
2018-07-13 09:42:02 
::1 GET /synergix/pos/public-api/v1/ticket_sources?is_active=1 HTTP/1.1
HTTP headers:
Host: localhost
User-Agent: Ticketing-WebApp
Authorization: Bearer eyJ0eXAiOiJKV1QiLCJhbGciOiJIUzI1NiJ9.eyJpYXQiOjE1MzE0NDg5MjIsImp0aSI6Ik84Q2NqZGd6bnNwUXJXVEJKS3FNSEMyOXJrcFE4cFVFbDBrQmFDcTdlZEE9IiwiaXNzIjoiOjoxIiwibmJmIjoxNTMxNDQ4OTIyLCJleHAiOjE1MzE0NTA3MjIsImRhdGEiOnsidXNlcm5hbWUiOiJtYXJpbyIsInBhc3N3b3JkIjoiZGZlYjliMDFlOTMxZWI2ODEzOTUyODQ4OGEwNDVlN2ViNjM3YWFjNiIsImlwIjoiOjoxIiwidXNlcl9hZ2VudCI6IlRpY2tldGluZy1XZWJBcHAifX0.z7qfoJeKyFOmdpyxqOVn8uwUXCEHmlevro4OhqK-VzA
Connection: close
Request body:

========================================
2018-07-13 09:42:02 
::1 GET /synergix/pos/public-api/v1/ticket_types?is_active=1 HTTP/1.1
HTTP headers:
Host: localhost
User-Agent: Ticketing-WebApp
Authorization: Bearer eyJ0eXAiOiJKV1QiLCJhbGciOiJIUzI1NiJ9.eyJpYXQiOjE1MzE0NDg5MjIsImp0aSI6Ik84Q2NqZGd6bnNwUXJXVEJKS3FNSEMyOXJrcFE4cFVFbDBrQmFDcTdlZEE9IiwiaXNzIjoiOjoxIiwibmJmIjoxNTMxNDQ4OTIyLCJleHAiOjE1MzE0NTA3MjIsImRhdGEiOnsidXNlcm5hbWUiOiJtYXJpbyIsInBhc3N3b3JkIjoiZGZlYjliMDFlOTMxZWI2ODEzOTUyODQ4OGEwNDVlN2ViNjM3YWFjNiIsImlwIjoiOjoxIiwidXNlcl9hZ2VudCI6IlRpY2tldGluZy1XZWJBcHAifX0.z7qfoJeKyFOmdpyxqOVn8uwUXCEHmlevro4OhqK-VzA
Connection: close
Request body:

========================================
2018-07-13 09:42:02 
::1 GET /synergix/pos/public-api/v1/departments?is_active=1&limit=100 HTTP/1.1
HTTP headers:
Host: localhost
User-Agent: Ticketing-WebApp
Authorization: Bearer eyJ0eXAiOiJKV1QiLCJhbGciOiJIUzI1NiJ9.eyJpYXQiOjE1MzE0NDg5MjIsImp0aSI6Ik84Q2NqZGd6bnNwUXJXVEJKS3FNSEMyOXJrcFE4cFVFbDBrQmFDcTdlZEE9IiwiaXNzIjoiOjoxIiwibmJmIjoxNTMxNDQ4OTIyLCJleHAiOjE1MzE0NTA3MjIsImRhdGEiOnsidXNlcm5hbWUiOiJtYXJpbyIsInBhc3N3b3JkIjoiZGZlYjliMDFlOTMxZWI2ODEzOTUyODQ4OGEwNDVlN2ViNjM3YWFjNiIsImlwIjoiOjoxIiwidXNlcl9hZ2VudCI6IlRpY2tldGluZy1XZWJBcHAifX0.z7qfoJeKyFOmdpyxqOVn8uwUXCEHmlevro4OhqK-VzA
Connection: close
Request body:

========================================
2018-07-13 09:42:03 
::1 GET /synergix/pos/public-api/v1/ticket_priorities?is_active=1 HTTP/1.1
HTTP headers:
Host: localhost
User-Agent: Ticketing-WebApp
Authorization: Bearer eyJ0eXAiOiJKV1QiLCJhbGciOiJIUzI1NiJ9.eyJpYXQiOjE1MzE0NDg5MjIsImp0aSI6Ik84Q2NqZGd6bnNwUXJXVEJKS3FNSEMyOXJrcFE4cFVFbDBrQmFDcTdlZEE9IiwiaXNzIjoiOjoxIiwibmJmIjoxNTMxNDQ4OTIyLCJleHAiOjE1MzE0NTA3MjIsImRhdGEiOnsidXNlcm5hbWUiOiJtYXJpbyIsInBhc3N3b3JkIjoiZGZlYjliMDFlOTMxZWI2ODEzOTUyODQ4OGEwNDVlN2ViNjM3YWFjNiIsImlwIjoiOjoxIiwidXNlcl9hZ2VudCI6IlRpY2tldGluZy1XZWJBcHAifX0.z7qfoJeKyFOmdpyxqOVn8uwUXCEHmlevro4OhqK-VzA
Connection: close
Request body:

========================================
2018-07-13 09:42:03 
::1 GET /synergix/pos/public-api/v1/provinces/active?limit=50 HTTP/1.1
HTTP headers:
Host: localhost
User-Agent: Ticketing-WebApp
Authorization: Bearer eyJ0eXAiOiJKV1QiLCJhbGciOiJIUzI1NiJ9.eyJpYXQiOjE1MzE0NDg5MjIsImp0aSI6Ik84Q2NqZGd6bnNwUXJXVEJKS3FNSEMyOXJrcFE4cFVFbDBrQmFDcTdlZEE9IiwiaXNzIjoiOjoxIiwibmJmIjoxNTMxNDQ4OTIyLCJleHAiOjE1MzE0NTA3MjIsImRhdGEiOnsidXNlcm5hbWUiOiJtYXJpbyIsInBhc3N3b3JkIjoiZGZlYjliMDFlOTMxZWI2ODEzOTUyODQ4OGEwNDVlN2ViNjM3YWFjNiIsImlwIjoiOjoxIiwidXNlcl9hZ2VudCI6IlRpY2tldGluZy1XZWJBcHAifX0.z7qfoJeKyFOmdpyxqOVn8uwUXCEHmlevro4OhqK-VzA
Connection: close
Request body:

========================================
2018-07-13 09:42:03 
::1 GET /synergix/pos/public-api/v1/product_types/active?limit=50 HTTP/1.1
HTTP headers:
Host: localhost
User-Agent: Ticketing-WebApp
Authorization: Bearer eyJ0eXAiOiJKV1QiLCJhbGciOiJIUzI1NiJ9.eyJpYXQiOjE1MzE0NDg5MjIsImp0aSI6Ik84Q2NqZGd6bnNwUXJXVEJKS3FNSEMyOXJrcFE4cFVFbDBrQmFDcTdlZEE9IiwiaXNzIjoiOjoxIiwibmJmIjoxNTMxNDQ4OTIyLCJleHAiOjE1MzE0NTA3MjIsImRhdGEiOnsidXNlcm5hbWUiOiJtYXJpbyIsInBhc3N3b3JkIjoiZGZlYjliMDFlOTMxZWI2ODEzOTUyODQ4OGEwNDVlN2ViNjM3YWFjNiIsImlwIjoiOjoxIiwidXNlcl9hZ2VudCI6IlRpY2tldGluZy1XZWJBcHAifX0.z7qfoJeKyFOmdpyxqOVn8uwUXCEHmlevro4OhqK-VzA
Connection: close
Request body:

========================================
2018-07-13 09:42:04 
::1 GET /synergix/pos/public-api/v1/customer_types/active?limit=50 HTTP/1.1
HTTP headers:
Host: localhost
User-Agent: Ticketing-WebApp
Authorization: Bearer eyJ0eXAiOiJKV1QiLCJhbGciOiJIUzI1NiJ9.eyJpYXQiOjE1MzE0NDg5MjIsImp0aSI6Ik84Q2NqZGd6bnNwUXJXVEJKS3FNSEMyOXJrcFE4cFVFbDBrQmFDcTdlZEE9IiwiaXNzIjoiOjoxIiwibmJmIjoxNTMxNDQ4OTIyLCJleHAiOjE1MzE0NTA3MjIsImRhdGEiOnsidXNlcm5hbWUiOiJtYXJpbyIsInBhc3N3b3JkIjoiZGZlYjliMDFlOTMxZWI2ODEzOTUyODQ4OGEwNDVlN2ViNjM3YWFjNiIsImlwIjoiOjoxIiwidXNlcl9hZ2VudCI6IlRpY2tldGluZy1XZWJBcHAifX0.z7qfoJeKyFOmdpyxqOVn8uwUXCEHmlevro4OhqK-VzA
Connection: close
Request body:

========================================
2018-07-13 09:42:04 
::1 GET /synergix/pos/public-api/v1/ticket_sources?is_active=1&limit=50 HTTP/1.1
HTTP headers:
Host: localhost
User-Agent: Ticketing-WebApp
Authorization: Bearer eyJ0eXAiOiJKV1QiLCJhbGciOiJIUzI1NiJ9.eyJpYXQiOjE1MzE0NDg5MjIsImp0aSI6Ik84Q2NqZGd6bnNwUXJXVEJKS3FNSEMyOXJrcFE4cFVFbDBrQmFDcTdlZEE9IiwiaXNzIjoiOjoxIiwibmJmIjoxNTMxNDQ4OTIyLCJleHAiOjE1MzE0NTA3MjIsImRhdGEiOnsidXNlcm5hbWUiOiJtYXJpbyIsInBhc3N3b3JkIjoiZGZlYjliMDFlOTMxZWI2ODEzOTUyODQ4OGEwNDVlN2ViNjM3YWFjNiIsImlwIjoiOjoxIiwidXNlcl9hZ2VudCI6IlRpY2tldGluZy1XZWJBcHAifX0.z7qfoJeKyFOmdpyxqOVn8uwUXCEHmlevro4OhqK-VzA
Connection: close
Request body:

========================================
2018-07-13 20:19:21 
::1 GET /synergix/pos/public-api/v1/ HTTP/1.1
HTTP headers:
Host: localhost
Connection: keep-alive
Authorization: Basic bWFyaW86Y2FyYm9uZWxs
Upgrade-Insecure-Requests: 1
User-Agent: Mozilla/5.0 (Windows NT 10.0; Win64; x64) AppleWebKit/537.36 (KHTML, like Gecko) Chrome/67.0.3396.99 Safari/537.36
Accept: text/html,application/xhtml+xml,application/xml;q=0.9,image/webp,image/apng,*/*;q=0.8
Accept-Encoding: gzip, deflate, br
Accept-Language: en-US,en;q=0.9
Request body:

========================================
2018-07-13 20:20:16 
::1 GET /synergix/pos/public-api/v1/ticket_types?is_active=1 HTTP/1.1
HTTP headers:
Host: localhost
User-Agent: Ticketing-WebApp
Authorization: Bearer eyJ0eXAiOiJKV1QiLCJhbGciOiJIUzI1NiJ9.eyJpYXQiOjE1MzE0ODc3NDgsImp0aSI6IjF2WHA3NjJManVqQ0VhbmRmRHIxM25FZlRnNzJic2pNKzJPS0Z2WkJiVGs9IiwiaXNzIjoiMTcyLjIyLjI0LjEzMSIsIm5iZiI6MTUzMTQ4Nzc0OCwiZXhwIjoxNTMxNDg5NTQ4LCJkYXRhIjp7InVzZXJuYW1lIjoibWFyaW8iLCJwYXNzd29yZCI6ImRmZWI5YjAxZTkzMWViNjgxMzk1Mjg0ODhhMDQ1ZTdlYjYzN2FhYzYiLCJpcCI6IjE3Mi4yMi4yNC4xMzEiLCJ1c2VyX2FnZW50IjoiVGlja2V0aW5nLVdlYkFwcCJ9fQ.SM9Kexm0fK6P1XKJDpLCBrKsAhBw47dkZN25Snd2DVE
Connection: close
Request body:

========================================
2018-07-13 20:20:16 
::1 POST /synergix/pos/public-api/v1/users/token HTTP/1.1
HTTP headers:
Host: localhost
Content-Length: 29
User-Agent: Ticketing-WebApp
Connection: close
Content-Type: application/x-www-form-urlencoded
Request body:
username=mario&password=mario
========================================
2018-07-13 20:20:18 
::1 GET /synergix/pos/public-api/v1/ticket_types?is_active=1 HTTP/1.1
HTTP headers:
Host: localhost
User-Agent: Ticketing-WebApp
Authorization: Bearer eyJ0eXAiOiJKV1QiLCJhbGciOiJIUzI1NiJ9.eyJpYXQiOjE1MzE0ODgwMTcsImp0aSI6InNzSFg0SzBDelgxUGxEXC8ydnBcL0Z1UDBmUkkwdlFrbE5pbXFnSm5VM2t1RT0iLCJpc3MiOiI6OjEiLCJuYmYiOjE1MzE0ODgwMTcsImV4cCI6MTUzMTQ4OTgxNywiZGF0YSI6eyJ1c2VybmFtZSI6Im1hcmlvIiwicGFzc3dvcmQiOiJkZmViOWIwMWU5MzFlYjY4MTM5NTI4NDg4YTA0NWU3ZWI2MzdhYWM2IiwiaXAiOiI6OjEiLCJ1c2VyX2FnZW50IjoiVGlja2V0aW5nLVdlYkFwcCJ9fQ._aYil9g0Ub7yrUbfK7Lq2DN0JWfdXEPUklprCnfvA-4
Connection: close
Request body:

========================================
2018-07-13 20:20:18 
::1 GET /synergix/pos/public-api/v1/departments?is_active=1&limit=100&order=name HTTP/1.1
HTTP headers:
Host: localhost
User-Agent: Ticketing-WebApp
Authorization: Bearer eyJ0eXAiOiJKV1QiLCJhbGciOiJIUzI1NiJ9.eyJpYXQiOjE1MzE0ODgwMTcsImp0aSI6InNzSFg0SzBDelgxUGxEXC8ydnBcL0Z1UDBmUkkwdlFrbE5pbXFnSm5VM2t1RT0iLCJpc3MiOiI6OjEiLCJuYmYiOjE1MzE0ODgwMTcsImV4cCI6MTUzMTQ4OTgxNywiZGF0YSI6eyJ1c2VybmFtZSI6Im1hcmlvIiwicGFzc3dvcmQiOiJkZmViOWIwMWU5MzFlYjY4MTM5NTI4NDg4YTA0NWU3ZWI2MzdhYWM2IiwiaXAiOiI6OjEiLCJ1c2VyX2FnZW50IjoiVGlja2V0aW5nLVdlYkFwcCJ9fQ._aYil9g0Ub7yrUbfK7Lq2DN0JWfdXEPUklprCnfvA-4
Connection: close
Request body:

========================================
2018-07-13 20:20:18 
::1 GET /synergix/pos/public-api/v1/ticket_priorities?is_active=1&order=name HTTP/1.1
HTTP headers:
Host: localhost
User-Agent: Ticketing-WebApp
Authorization: Bearer eyJ0eXAiOiJKV1QiLCJhbGciOiJIUzI1NiJ9.eyJpYXQiOjE1MzE0ODgwMTcsImp0aSI6InNzSFg0SzBDelgxUGxEXC8ydnBcL0Z1UDBmUkkwdlFrbE5pbXFnSm5VM2t1RT0iLCJpc3MiOiI6OjEiLCJuYmYiOjE1MzE0ODgwMTcsImV4cCI6MTUzMTQ4OTgxNywiZGF0YSI6eyJ1c2VybmFtZSI6Im1hcmlvIiwicGFzc3dvcmQiOiJkZmViOWIwMWU5MzFlYjY4MTM5NTI4NDg4YTA0NWU3ZWI2MzdhYWM2IiwiaXAiOiI6OjEiLCJ1c2VyX2FnZW50IjoiVGlja2V0aW5nLVdlYkFwcCJ9fQ._aYil9g0Ub7yrUbfK7Lq2DN0JWfdXEPUklprCnfvA-4
Connection: close
Request body:

========================================
2018-07-13 20:20:19 
::1 GET /synergix/pos/public-api/v1/ticket_statuses/active?order=name HTTP/1.1
HTTP headers:
Host: localhost
User-Agent: Ticketing-WebApp
Authorization: Bearer eyJ0eXAiOiJKV1QiLCJhbGciOiJIUzI1NiJ9.eyJpYXQiOjE1MzE0ODgwMTcsImp0aSI6InNzSFg0SzBDelgxUGxEXC8ydnBcL0Z1UDBmUkkwdlFrbE5pbXFnSm5VM2t1RT0iLCJpc3MiOiI6OjEiLCJuYmYiOjE1MzE0ODgwMTcsImV4cCI6MTUzMTQ4OTgxNywiZGF0YSI6eyJ1c2VybmFtZSI6Im1hcmlvIiwicGFzc3dvcmQiOiJkZmViOWIwMWU5MzFlYjY4MTM5NTI4NDg4YTA0NWU3ZWI2MzdhYWM2IiwiaXAiOiI6OjEiLCJ1c2VyX2FnZW50IjoiVGlja2V0aW5nLVdlYkFwcCJ9fQ._aYil9g0Ub7yrUbfK7Lq2DN0JWfdXEPUklprCnfvA-4
Connection: close
Request body:

========================================
2018-07-13 20:20:19 
::1 GET /synergix/pos/public-api/v1/product_types/active?limit=50 HTTP/1.1
HTTP headers:
Host: localhost
User-Agent: Ticketing-WebApp
Authorization: Bearer eyJ0eXAiOiJKV1QiLCJhbGciOiJIUzI1NiJ9.eyJpYXQiOjE1MzE0ODgwMTcsImp0aSI6InNzSFg0SzBDelgxUGxEXC8ydnBcL0Z1UDBmUkkwdlFrbE5pbXFnSm5VM2t1RT0iLCJpc3MiOiI6OjEiLCJuYmYiOjE1MzE0ODgwMTcsImV4cCI6MTUzMTQ4OTgxNywiZGF0YSI6eyJ1c2VybmFtZSI6Im1hcmlvIiwicGFzc3dvcmQiOiJkZmViOWIwMWU5MzFlYjY4MTM5NTI4NDg4YTA0NWU3ZWI2MzdhYWM2IiwiaXAiOiI6OjEiLCJ1c2VyX2FnZW50IjoiVGlja2V0aW5nLVdlYkFwcCJ9fQ._aYil9g0Ub7yrUbfK7Lq2DN0JWfdXEPUklprCnfvA-4
Connection: close
Request body:

========================================
2018-07-13 20:20:19 
::1 GET /synergix/pos/public-api/v1/tickets?need_follow_up=1&ticket_status_id=4&limit=1 HTTP/1.1
HTTP headers:
Host: localhost
User-Agent: Ticketing-WebApp
Authorization: Bearer eyJ0eXAiOiJKV1QiLCJhbGciOiJIUzI1NiJ9.eyJpYXQiOjE1MzE0ODgwMTcsImp0aSI6InNzSFg0SzBDelgxUGxEXC8ydnBcL0Z1UDBmUkkwdlFrbE5pbXFnSm5VM2t1RT0iLCJpc3MiOiI6OjEiLCJuYmYiOjE1MzE0ODgwMTcsImV4cCI6MTUzMTQ4OTgxNywiZGF0YSI6eyJ1c2VybmFtZSI6Im1hcmlvIiwicGFzc3dvcmQiOiJkZmViOWIwMWU5MzFlYjY4MTM5NTI4NDg4YTA0NWU3ZWI2MzdhYWM2IiwiaXAiOiI6OjEiLCJ1c2VyX2FnZW50IjoiVGlja2V0aW5nLVdlYkFwcCJ9fQ._aYil9g0Ub7yrUbfK7Lq2DN0JWfdXEPUklprCnfvA-4
Connection: close
Request body:

========================================
2018-07-13 20:20:20 
::1 GET /synergix/pos/public-api/v1/tickets?limit=20&start=1531414800&end=1531414800 HTTP/1.1
HTTP headers:
Host: localhost
User-Agent: Ticketing-WebApp
Authorization: Bearer eyJ0eXAiOiJKV1QiLCJhbGciOiJIUzI1NiJ9.eyJpYXQiOjE1MzE0ODgwMTcsImp0aSI6InNzSFg0SzBDelgxUGxEXC8ydnBcL0Z1UDBmUkkwdlFrbE5pbXFnSm5VM2t1RT0iLCJpc3MiOiI6OjEiLCJuYmYiOjE1MzE0ODgwMTcsImV4cCI6MTUzMTQ4OTgxNywiZGF0YSI6eyJ1c2VybmFtZSI6Im1hcmlvIiwicGFzc3dvcmQiOiJkZmViOWIwMWU5MzFlYjY4MTM5NTI4NDg4YTA0NWU3ZWI2MzdhYWM2IiwiaXAiOiI6OjEiLCJ1c2VyX2FnZW50IjoiVGlja2V0aW5nLVdlYkFwcCJ9fQ._aYil9g0Ub7yrUbfK7Lq2DN0JWfdXEPUklprCnfvA-4
Connection: close
Request body:

========================================
2018-07-13 20:20:32 
::1 POST /synergix/pos/public-api/v1/users/token HTTP/1.1
HTTP headers:
Host: localhost
Content-Length: 29
User-Agent: Ticketing-WebApp
Connection: close
Content-Type: application/x-www-form-urlencoded
Request body:
username=mario&password=mario
========================================
2018-07-13 20:20:33 
::1 GET /synergix/pos/public-api/v1/users/3 HTTP/1.1
HTTP headers:
Host: localhost
User-Agent: Ticketing-WebApp
Authorization: Bearer eyJ0eXAiOiJKV1QiLCJhbGciOiJIUzI1NiJ9.eyJpYXQiOjE1MzE0ODgwMzIsImp0aSI6IjR4VHdLY3Z6MkJtb2dCOWJCbGQxelpBMlBoK0hqRlBTeDNDMWRjUkd6bzQ9IiwiaXNzIjoiOjoxIiwibmJmIjoxNTMxNDg4MDMyLCJleHAiOjE1MzE0ODk4MzIsImRhdGEiOnsidXNlcm5hbWUiOiJtYXJpbyIsInBhc3N3b3JkIjoiZGZlYjliMDFlOTMxZWI2ODEzOTUyODQ4OGEwNDVlN2ViNjM3YWFjNiIsImlwIjoiOjoxIiwidXNlcl9hZ2VudCI6IlRpY2tldGluZy1XZWJBcHAifX0.w36_XWk2mDVG1gOdIODnAHuj6_3tE8xq0HSh1yhEsb0
Connection: close
Request body:

========================================
2018-07-13 20:20:33 
::1 GET /synergix/pos/public-api/v1/user_level_modules/active?code=TICKET&user_level_id=3&order=code&limit=100 HTTP/1.1
HTTP headers:
Host: localhost
User-Agent: Ticketing-WebApp
Authorization: Bearer eyJ0eXAiOiJKV1QiLCJhbGciOiJIUzI1NiJ9.eyJpYXQiOjE1MzE0ODgwMzIsImp0aSI6IjR4VHdLY3Z6MkJtb2dCOWJCbGQxelpBMlBoK0hqRlBTeDNDMWRjUkd6bzQ9IiwiaXNzIjoiOjoxIiwibmJmIjoxNTMxNDg4MDMyLCJleHAiOjE1MzE0ODk4MzIsImRhdGEiOnsidXNlcm5hbWUiOiJtYXJpbyIsInBhc3N3b3JkIjoiZGZlYjliMDFlOTMxZWI2ODEzOTUyODQ4OGEwNDVlN2ViNjM3YWFjNiIsImlwIjoiOjoxIiwidXNlcl9hZ2VudCI6IlRpY2tldGluZy1XZWJBcHAifX0.w36_XWk2mDVG1gOdIODnAHuj6_3tE8xq0HSh1yhEsb0
Connection: close
Request body:

========================================
2018-07-13 20:20:34 
::1 GET /synergix/pos/public-api/v1/ticket_statistics HTTP/1.1
HTTP headers:
Host: localhost
User-Agent: Ticketing-WebApp
Authorization: Bearer eyJ0eXAiOiJKV1QiLCJhbGciOiJIUzI1NiJ9.eyJpYXQiOjE1MzE0ODgwMzIsImp0aSI6IjR4VHdLY3Z6MkJtb2dCOWJCbGQxelpBMlBoK0hqRlBTeDNDMWRjUkd6bzQ9IiwiaXNzIjoiOjoxIiwibmJmIjoxNTMxNDg4MDMyLCJleHAiOjE1MzE0ODk4MzIsImRhdGEiOnsidXNlcm5hbWUiOiJtYXJpbyIsInBhc3N3b3JkIjoiZGZlYjliMDFlOTMxZWI2ODEzOTUyODQ4OGEwNDVlN2ViNjM3YWFjNiIsImlwIjoiOjoxIiwidXNlcl9hZ2VudCI6IlRpY2tldGluZy1XZWJBcHAifX0.w36_XWk2mDVG1gOdIODnAHuj6_3tE8xq0HSh1yhEsb0
Connection: close
Request body:

========================================
2018-07-13 20:20:34 
::1 GET /synergix/pos/public-api/v1/ticket_statistics/departments HTTP/1.1
HTTP headers:
Host: localhost
User-Agent: Ticketing-WebApp
Authorization: Bearer eyJ0eXAiOiJKV1QiLCJhbGciOiJIUzI1NiJ9.eyJpYXQiOjE1MzE0ODgwMzIsImp0aSI6IjR4VHdLY3Z6MkJtb2dCOWJCbGQxelpBMlBoK0hqRlBTeDNDMWRjUkd6bzQ9IiwiaXNzIjoiOjoxIiwibmJmIjoxNTMxNDg4MDMyLCJleHAiOjE1MzE0ODk4MzIsImRhdGEiOnsidXNlcm5hbWUiOiJtYXJpbyIsInBhc3N3b3JkIjoiZGZlYjliMDFlOTMxZWI2ODEzOTUyODQ4OGEwNDVlN2ViNjM3YWFjNiIsImlwIjoiOjoxIiwidXNlcl9hZ2VudCI6IlRpY2tldGluZy1XZWJBcHAifX0.w36_XWk2mDVG1gOdIODnAHuj6_3tE8xq0HSh1yhEsb0
Connection: close
Request body:

========================================
2018-07-13 20:20:34 
::1 GET /synergix/pos/public-api/v1/ticket_statistics/categories HTTP/1.1
HTTP headers:
Host: localhost
User-Agent: Ticketing-WebApp
Authorization: Bearer eyJ0eXAiOiJKV1QiLCJhbGciOiJIUzI1NiJ9.eyJpYXQiOjE1MzE0ODgwMzIsImp0aSI6IjR4VHdLY3Z6MkJtb2dCOWJCbGQxelpBMlBoK0hqRlBTeDNDMWRjUkd6bzQ9IiwiaXNzIjoiOjoxIiwibmJmIjoxNTMxNDg4MDMyLCJleHAiOjE1MzE0ODk4MzIsImRhdGEiOnsidXNlcm5hbWUiOiJtYXJpbyIsInBhc3N3b3JkIjoiZGZlYjliMDFlOTMxZWI2ODEzOTUyODQ4OGEwNDVlN2ViNjM3YWFjNiIsImlwIjoiOjoxIiwidXNlcl9hZ2VudCI6IlRpY2tldGluZy1XZWJBcHAifX0.w36_XWk2mDVG1gOdIODnAHuj6_3tE8xq0HSh1yhEsb0
Connection: close
Request body:

========================================
2018-07-13 20:20:35 
::1 GET /synergix/pos/public-api/v1/ticket_statistics/subcategories HTTP/1.1
HTTP headers:
Host: localhost
User-Agent: Ticketing-WebApp
Authorization: Bearer eyJ0eXAiOiJKV1QiLCJhbGciOiJIUzI1NiJ9.eyJpYXQiOjE1MzE0ODgwMzIsImp0aSI6IjR4VHdLY3Z6MkJtb2dCOWJCbGQxelpBMlBoK0hqRlBTeDNDMWRjUkd6bzQ9IiwiaXNzIjoiOjoxIiwibmJmIjoxNTMxNDg4MDMyLCJleHAiOjE1MzE0ODk4MzIsImRhdGEiOnsidXNlcm5hbWUiOiJtYXJpbyIsInBhc3N3b3JkIjoiZGZlYjliMDFlOTMxZWI2ODEzOTUyODQ4OGEwNDVlN2ViNjM3YWFjNiIsImlwIjoiOjoxIiwidXNlcl9hZ2VudCI6IlRpY2tldGluZy1XZWJBcHAifX0.w36_XWk2mDVG1gOdIODnAHuj6_3tE8xq0HSh1yhEsb0
Connection: close
Request body:

========================================
2018-07-13 20:21:55 
::1 GET /synergix/pos/public-api/v1/ticket_types?is_active=1 HTTP/1.1
HTTP headers:
Host: localhost
User-Agent: Ticketing-WebApp
Authorization: Bearer eyJ0eXAiOiJKV1QiLCJhbGciOiJIUzI1NiJ9.eyJpYXQiOjE1MzE0ODgwMzIsImp0aSI6IjR4VHdLY3Z6MkJtb2dCOWJCbGQxelpBMlBoK0hqRlBTeDNDMWRjUkd6bzQ9IiwiaXNzIjoiOjoxIiwibmJmIjoxNTMxNDg4MDMyLCJleHAiOjE1MzE0ODk4MzIsImRhdGEiOnsidXNlcm5hbWUiOiJtYXJpbyIsInBhc3N3b3JkIjoiZGZlYjliMDFlOTMxZWI2ODEzOTUyODQ4OGEwNDVlN2ViNjM3YWFjNiIsImlwIjoiOjoxIiwidXNlcl9hZ2VudCI6IlRpY2tldGluZy1XZWJBcHAifX0.w36_XWk2mDVG1gOdIODnAHuj6_3tE8xq0HSh1yhEsb0
Connection: close
Request body:

========================================
2018-07-13 20:21:56 
::1 GET /synergix/pos/public-api/v1/departments?is_active=1&limit=100&order=name HTTP/1.1
HTTP headers:
Host: localhost
User-Agent: Ticketing-WebApp
Authorization: Bearer eyJ0eXAiOiJKV1QiLCJhbGciOiJIUzI1NiJ9.eyJpYXQiOjE1MzE0ODgwMzIsImp0aSI6IjR4VHdLY3Z6MkJtb2dCOWJCbGQxelpBMlBoK0hqRlBTeDNDMWRjUkd6bzQ9IiwiaXNzIjoiOjoxIiwibmJmIjoxNTMxNDg4MDMyLCJleHAiOjE1MzE0ODk4MzIsImRhdGEiOnsidXNlcm5hbWUiOiJtYXJpbyIsInBhc3N3b3JkIjoiZGZlYjliMDFlOTMxZWI2ODEzOTUyODQ4OGEwNDVlN2ViNjM3YWFjNiIsImlwIjoiOjoxIiwidXNlcl9hZ2VudCI6IlRpY2tldGluZy1XZWJBcHAifX0.w36_XWk2mDVG1gOdIODnAHuj6_3tE8xq0HSh1yhEsb0
Connection: close
Request body:

========================================
2018-07-13 20:21:56 
::1 GET /synergix/pos/public-api/v1/ticket_priorities?is_active=1&order=name HTTP/1.1
HTTP headers:
Host: localhost
User-Agent: Ticketing-WebApp
Authorization: Bearer eyJ0eXAiOiJKV1QiLCJhbGciOiJIUzI1NiJ9.eyJpYXQiOjE1MzE0ODgwMzIsImp0aSI6IjR4VHdLY3Z6MkJtb2dCOWJCbGQxelpBMlBoK0hqRlBTeDNDMWRjUkd6bzQ9IiwiaXNzIjoiOjoxIiwibmJmIjoxNTMxNDg4MDMyLCJleHAiOjE1MzE0ODk4MzIsImRhdGEiOnsidXNlcm5hbWUiOiJtYXJpbyIsInBhc3N3b3JkIjoiZGZlYjliMDFlOTMxZWI2ODEzOTUyODQ4OGEwNDVlN2ViNjM3YWFjNiIsImlwIjoiOjoxIiwidXNlcl9hZ2VudCI6IlRpY2tldGluZy1XZWJBcHAifX0.w36_XWk2mDVG1gOdIODnAHuj6_3tE8xq0HSh1yhEsb0
Connection: close
Request body:

========================================
2018-07-13 20:21:57 
::1 GET /synergix/pos/public-api/v1/ticket_statuses/active?order=name HTTP/1.1
HTTP headers:
Host: localhost
User-Agent: Ticketing-WebApp
Authorization: Bearer eyJ0eXAiOiJKV1QiLCJhbGciOiJIUzI1NiJ9.eyJpYXQiOjE1MzE0ODgwMzIsImp0aSI6IjR4VHdLY3Z6MkJtb2dCOWJCbGQxelpBMlBoK0hqRlBTeDNDMWRjUkd6bzQ9IiwiaXNzIjoiOjoxIiwibmJmIjoxNTMxNDg4MDMyLCJleHAiOjE1MzE0ODk4MzIsImRhdGEiOnsidXNlcm5hbWUiOiJtYXJpbyIsInBhc3N3b3JkIjoiZGZlYjliMDFlOTMxZWI2ODEzOTUyODQ4OGEwNDVlN2ViNjM3YWFjNiIsImlwIjoiOjoxIiwidXNlcl9hZ2VudCI6IlRpY2tldGluZy1XZWJBcHAifX0.w36_XWk2mDVG1gOdIODnAHuj6_3tE8xq0HSh1yhEsb0
Connection: close
Request body:

========================================
2018-07-13 20:21:57 
::1 GET /synergix/pos/public-api/v1/product_types/active?limit=50 HTTP/1.1
HTTP headers:
Host: localhost
User-Agent: Ticketing-WebApp
Authorization: Bearer eyJ0eXAiOiJKV1QiLCJhbGciOiJIUzI1NiJ9.eyJpYXQiOjE1MzE0ODgwMzIsImp0aSI6IjR4VHdLY3Z6MkJtb2dCOWJCbGQxelpBMlBoK0hqRlBTeDNDMWRjUkd6bzQ9IiwiaXNzIjoiOjoxIiwibmJmIjoxNTMxNDg4MDMyLCJleHAiOjE1MzE0ODk4MzIsImRhdGEiOnsidXNlcm5hbWUiOiJtYXJpbyIsInBhc3N3b3JkIjoiZGZlYjliMDFlOTMxZWI2ODEzOTUyODQ4OGEwNDVlN2ViNjM3YWFjNiIsImlwIjoiOjoxIiwidXNlcl9hZ2VudCI6IlRpY2tldGluZy1XZWJBcHAifX0.w36_XWk2mDVG1gOdIODnAHuj6_3tE8xq0HSh1yhEsb0
Connection: close
Request body:

========================================
2018-07-13 20:21:58 
::1 GET /synergix/pos/public-api/v1/tickets?need_follow_up=1&ticket_status_id=4&limit=1 HTTP/1.1
HTTP headers:
Host: localhost
User-Agent: Ticketing-WebApp
Authorization: Bearer eyJ0eXAiOiJKV1QiLCJhbGciOiJIUzI1NiJ9.eyJpYXQiOjE1MzE0ODgwMzIsImp0aSI6IjR4VHdLY3Z6MkJtb2dCOWJCbGQxelpBMlBoK0hqRlBTeDNDMWRjUkd6bzQ9IiwiaXNzIjoiOjoxIiwibmJmIjoxNTMxNDg4MDMyLCJleHAiOjE1MzE0ODk4MzIsImRhdGEiOnsidXNlcm5hbWUiOiJtYXJpbyIsInBhc3N3b3JkIjoiZGZlYjliMDFlOTMxZWI2ODEzOTUyODQ4OGEwNDVlN2ViNjM3YWFjNiIsImlwIjoiOjoxIiwidXNlcl9hZ2VudCI6IlRpY2tldGluZy1XZWJBcHAifX0.w36_XWk2mDVG1gOdIODnAHuj6_3tE8xq0HSh1yhEsb0
Connection: close
Request body:

========================================
2018-07-13 20:21:59 
::1 GET /synergix/pos/public-api/v1/tickets?limit=20&start=1531414800&end=1531414800 HTTP/1.1
HTTP headers:
Host: localhost
User-Agent: Ticketing-WebApp
Authorization: Bearer eyJ0eXAiOiJKV1QiLCJhbGciOiJIUzI1NiJ9.eyJpYXQiOjE1MzE0ODgwMzIsImp0aSI6IjR4VHdLY3Z6MkJtb2dCOWJCbGQxelpBMlBoK0hqRlBTeDNDMWRjUkd6bzQ9IiwiaXNzIjoiOjoxIiwibmJmIjoxNTMxNDg4MDMyLCJleHAiOjE1MzE0ODk4MzIsImRhdGEiOnsidXNlcm5hbWUiOiJtYXJpbyIsInBhc3N3b3JkIjoiZGZlYjliMDFlOTMxZWI2ODEzOTUyODQ4OGEwNDVlN2ViNjM3YWFjNiIsImlwIjoiOjoxIiwidXNlcl9hZ2VudCI6IlRpY2tldGluZy1XZWJBcHAifX0.w36_XWk2mDVG1gOdIODnAHuj6_3tE8xq0HSh1yhEsb0
Connection: close
Request body:

========================================
2018-07-13 20:22:02 
::1 GET /synergix/pos/public-api/v1/contact_types?is_active=1 HTTP/1.1
HTTP headers:
Host: localhost
User-Agent: Ticketing-WebApp
Authorization: Bearer eyJ0eXAiOiJKV1QiLCJhbGciOiJIUzI1NiJ9.eyJpYXQiOjE1MzE0ODgwMzIsImp0aSI6IjR4VHdLY3Z6MkJtb2dCOWJCbGQxelpBMlBoK0hqRlBTeDNDMWRjUkd6bzQ9IiwiaXNzIjoiOjoxIiwibmJmIjoxNTMxNDg4MDMyLCJleHAiOjE1MzE0ODk4MzIsImRhdGEiOnsidXNlcm5hbWUiOiJtYXJpbyIsInBhc3N3b3JkIjoiZGZlYjliMDFlOTMxZWI2ODEzOTUyODQ4OGEwNDVlN2ViNjM3YWFjNiIsImlwIjoiOjoxIiwidXNlcl9hZ2VudCI6IlRpY2tldGluZy1XZWJBcHAifX0.w36_XWk2mDVG1gOdIODnAHuj6_3tE8xq0HSh1yhEsb0
Connection: close
Request body:

========================================
2018-07-13 20:22:02 
::1 GET /synergix/pos/public-api/v1/ticket_sources?is_active=1 HTTP/1.1
HTTP headers:
Host: localhost
User-Agent: Ticketing-WebApp
Authorization: Bearer eyJ0eXAiOiJKV1QiLCJhbGciOiJIUzI1NiJ9.eyJpYXQiOjE1MzE0ODgwMzIsImp0aSI6IjR4VHdLY3Z6MkJtb2dCOWJCbGQxelpBMlBoK0hqRlBTeDNDMWRjUkd6bzQ9IiwiaXNzIjoiOjoxIiwibmJmIjoxNTMxNDg4MDMyLCJleHAiOjE1MzE0ODk4MzIsImRhdGEiOnsidXNlcm5hbWUiOiJtYXJpbyIsInBhc3N3b3JkIjoiZGZlYjliMDFlOTMxZWI2ODEzOTUyODQ4OGEwNDVlN2ViNjM3YWFjNiIsImlwIjoiOjoxIiwidXNlcl9hZ2VudCI6IlRpY2tldGluZy1XZWJBcHAifX0.w36_XWk2mDVG1gOdIODnAHuj6_3tE8xq0HSh1yhEsb0
Connection: close
Request body:

========================================
2018-07-13 20:22:02 
::1 GET /synergix/pos/public-api/v1/ticket_types?is_active=1 HTTP/1.1
HTTP headers:
Host: localhost
User-Agent: Ticketing-WebApp
Authorization: Bearer eyJ0eXAiOiJKV1QiLCJhbGciOiJIUzI1NiJ9.eyJpYXQiOjE1MzE0ODgwMzIsImp0aSI6IjR4VHdLY3Z6MkJtb2dCOWJCbGQxelpBMlBoK0hqRlBTeDNDMWRjUkd6bzQ9IiwiaXNzIjoiOjoxIiwibmJmIjoxNTMxNDg4MDMyLCJleHAiOjE1MzE0ODk4MzIsImRhdGEiOnsidXNlcm5hbWUiOiJtYXJpbyIsInBhc3N3b3JkIjoiZGZlYjliMDFlOTMxZWI2ODEzOTUyODQ4OGEwNDVlN2ViNjM3YWFjNiIsImlwIjoiOjoxIiwidXNlcl9hZ2VudCI6IlRpY2tldGluZy1XZWJBcHAifX0.w36_XWk2mDVG1gOdIODnAHuj6_3tE8xq0HSh1yhEsb0
Connection: close
Request body:

========================================
2018-07-13 20:22:03 
::1 GET /synergix/pos/public-api/v1/departments?is_active=1&limit=100 HTTP/1.1
HTTP headers:
Host: localhost
User-Agent: Ticketing-WebApp
Authorization: Bearer eyJ0eXAiOiJKV1QiLCJhbGciOiJIUzI1NiJ9.eyJpYXQiOjE1MzE0ODgwMzIsImp0aSI6IjR4VHdLY3Z6MkJtb2dCOWJCbGQxelpBMlBoK0hqRlBTeDNDMWRjUkd6bzQ9IiwiaXNzIjoiOjoxIiwibmJmIjoxNTMxNDg4MDMyLCJleHAiOjE1MzE0ODk4MzIsImRhdGEiOnsidXNlcm5hbWUiOiJtYXJpbyIsInBhc3N3b3JkIjoiZGZlYjliMDFlOTMxZWI2ODEzOTUyODQ4OGEwNDVlN2ViNjM3YWFjNiIsImlwIjoiOjoxIiwidXNlcl9hZ2VudCI6IlRpY2tldGluZy1XZWJBcHAifX0.w36_XWk2mDVG1gOdIODnAHuj6_3tE8xq0HSh1yhEsb0
Connection: close
Request body:

========================================
2018-07-13 20:22:03 
::1 GET /synergix/pos/public-api/v1/ticket_priorities?is_active=1 HTTP/1.1
HTTP headers:
Host: localhost
User-Agent: Ticketing-WebApp
Authorization: Bearer eyJ0eXAiOiJKV1QiLCJhbGciOiJIUzI1NiJ9.eyJpYXQiOjE1MzE0ODgwMzIsImp0aSI6IjR4VHdLY3Z6MkJtb2dCOWJCbGQxelpBMlBoK0hqRlBTeDNDMWRjUkd6bzQ9IiwiaXNzIjoiOjoxIiwibmJmIjoxNTMxNDg4MDMyLCJleHAiOjE1MzE0ODk4MzIsImRhdGEiOnsidXNlcm5hbWUiOiJtYXJpbyIsInBhc3N3b3JkIjoiZGZlYjliMDFlOTMxZWI2ODEzOTUyODQ4OGEwNDVlN2ViNjM3YWFjNiIsImlwIjoiOjoxIiwidXNlcl9hZ2VudCI6IlRpY2tldGluZy1XZWJBcHAifX0.w36_XWk2mDVG1gOdIODnAHuj6_3tE8xq0HSh1yhEsb0
Connection: close
Request body:

========================================
2018-07-13 20:22:04 
::1 GET /synergix/pos/public-api/v1/provinces/active?limit=50 HTTP/1.1
HTTP headers:
Host: localhost
User-Agent: Ticketing-WebApp
Authorization: Bearer eyJ0eXAiOiJKV1QiLCJhbGciOiJIUzI1NiJ9.eyJpYXQiOjE1MzE0ODgwMzIsImp0aSI6IjR4VHdLY3Z6MkJtb2dCOWJCbGQxelpBMlBoK0hqRlBTeDNDMWRjUkd6bzQ9IiwiaXNzIjoiOjoxIiwibmJmIjoxNTMxNDg4MDMyLCJleHAiOjE1MzE0ODk4MzIsImRhdGEiOnsidXNlcm5hbWUiOiJtYXJpbyIsInBhc3N3b3JkIjoiZGZlYjliMDFlOTMxZWI2ODEzOTUyODQ4OGEwNDVlN2ViNjM3YWFjNiIsImlwIjoiOjoxIiwidXNlcl9hZ2VudCI6IlRpY2tldGluZy1XZWJBcHAifX0.w36_XWk2mDVG1gOdIODnAHuj6_3tE8xq0HSh1yhEsb0
Connection: close
Request body:

========================================
2018-07-13 20:22:04 
::1 GET /synergix/pos/public-api/v1/product_types/active?limit=50 HTTP/1.1
HTTP headers:
Host: localhost
User-Agent: Ticketing-WebApp
Authorization: Bearer eyJ0eXAiOiJKV1QiLCJhbGciOiJIUzI1NiJ9.eyJpYXQiOjE1MzE0ODgwMzIsImp0aSI6IjR4VHdLY3Z6MkJtb2dCOWJCbGQxelpBMlBoK0hqRlBTeDNDMWRjUkd6bzQ9IiwiaXNzIjoiOjoxIiwibmJmIjoxNTMxNDg4MDMyLCJleHAiOjE1MzE0ODk4MzIsImRhdGEiOnsidXNlcm5hbWUiOiJtYXJpbyIsInBhc3N3b3JkIjoiZGZlYjliMDFlOTMxZWI2ODEzOTUyODQ4OGEwNDVlN2ViNjM3YWFjNiIsImlwIjoiOjoxIiwidXNlcl9hZ2VudCI6IlRpY2tldGluZy1XZWJBcHAifX0.w36_XWk2mDVG1gOdIODnAHuj6_3tE8xq0HSh1yhEsb0
Connection: close
Request body:

========================================
2018-07-13 20:22:04 
::1 GET /synergix/pos/public-api/v1/customer_types/active?limit=50 HTTP/1.1
HTTP headers:
Host: localhost
User-Agent: Ticketing-WebApp
Authorization: Bearer eyJ0eXAiOiJKV1QiLCJhbGciOiJIUzI1NiJ9.eyJpYXQiOjE1MzE0ODgwMzIsImp0aSI6IjR4VHdLY3Z6MkJtb2dCOWJCbGQxelpBMlBoK0hqRlBTeDNDMWRjUkd6bzQ9IiwiaXNzIjoiOjoxIiwibmJmIjoxNTMxNDg4MDMyLCJleHAiOjE1MzE0ODk4MzIsImRhdGEiOnsidXNlcm5hbWUiOiJtYXJpbyIsInBhc3N3b3JkIjoiZGZlYjliMDFlOTMxZWI2ODEzOTUyODQ4OGEwNDVlN2ViNjM3YWFjNiIsImlwIjoiOjoxIiwidXNlcl9hZ2VudCI6IlRpY2tldGluZy1XZWJBcHAifX0.w36_XWk2mDVG1gOdIODnAHuj6_3tE8xq0HSh1yhEsb0
Connection: close
Request body:

========================================
2018-07-13 20:22:05 
::1 GET /synergix/pos/public-api/v1/ticket_sources?is_active=1&limit=50 HTTP/1.1
HTTP headers:
Host: localhost
User-Agent: Ticketing-WebApp
Authorization: Bearer eyJ0eXAiOiJKV1QiLCJhbGciOiJIUzI1NiJ9.eyJpYXQiOjE1MzE0ODgwMzIsImp0aSI6IjR4VHdLY3Z6MkJtb2dCOWJCbGQxelpBMlBoK0hqRlBTeDNDMWRjUkd6bzQ9IiwiaXNzIjoiOjoxIiwibmJmIjoxNTMxNDg4MDMyLCJleHAiOjE1MzE0ODk4MzIsImRhdGEiOnsidXNlcm5hbWUiOiJtYXJpbyIsInBhc3N3b3JkIjoiZGZlYjliMDFlOTMxZWI2ODEzOTUyODQ4OGEwNDVlN2ViNjM3YWFjNiIsImlwIjoiOjoxIiwidXNlcl9hZ2VudCI6IlRpY2tldGluZy1XZWJBcHAifX0.w36_XWk2mDVG1gOdIODnAHuj6_3tE8xq0HSh1yhEsb0
Connection: close
Request body:

========================================
2018-07-13 20:23:10 
::1 GET /synergix/pos/public-api/v1/contact_types?is_active=1 HTTP/1.1
HTTP headers:
Host: localhost
User-Agent: Ticketing-WebApp
Authorization: Bearer eyJ0eXAiOiJKV1QiLCJhbGciOiJIUzI1NiJ9.eyJpYXQiOjE1MzE0ODgwMzIsImp0aSI6IjR4VHdLY3Z6MkJtb2dCOWJCbGQxelpBMlBoK0hqRlBTeDNDMWRjUkd6bzQ9IiwiaXNzIjoiOjoxIiwibmJmIjoxNTMxNDg4MDMyLCJleHAiOjE1MzE0ODk4MzIsImRhdGEiOnsidXNlcm5hbWUiOiJtYXJpbyIsInBhc3N3b3JkIjoiZGZlYjliMDFlOTMxZWI2ODEzOTUyODQ4OGEwNDVlN2ViNjM3YWFjNiIsImlwIjoiOjoxIiwidXNlcl9hZ2VudCI6IlRpY2tldGluZy1XZWJBcHAifX0.w36_XWk2mDVG1gOdIODnAHuj6_3tE8xq0HSh1yhEsb0
Connection: close
Request body:

========================================
2018-07-13 20:23:10 
::1 GET /synergix/pos/public-api/v1/ticket_sources?is_active=1 HTTP/1.1
HTTP headers:
Host: localhost
User-Agent: Ticketing-WebApp
Authorization: Bearer eyJ0eXAiOiJKV1QiLCJhbGciOiJIUzI1NiJ9.eyJpYXQiOjE1MzE0ODgwMzIsImp0aSI6IjR4VHdLY3Z6MkJtb2dCOWJCbGQxelpBMlBoK0hqRlBTeDNDMWRjUkd6bzQ9IiwiaXNzIjoiOjoxIiwibmJmIjoxNTMxNDg4MDMyLCJleHAiOjE1MzE0ODk4MzIsImRhdGEiOnsidXNlcm5hbWUiOiJtYXJpbyIsInBhc3N3b3JkIjoiZGZlYjliMDFlOTMxZWI2ODEzOTUyODQ4OGEwNDVlN2ViNjM3YWFjNiIsImlwIjoiOjoxIiwidXNlcl9hZ2VudCI6IlRpY2tldGluZy1XZWJBcHAifX0.w36_XWk2mDVG1gOdIODnAHuj6_3tE8xq0HSh1yhEsb0
Connection: close
Request body:

========================================
2018-07-13 20:23:10 
::1 GET /synergix/pos/public-api/v1/ticket_types?is_active=1 HTTP/1.1
HTTP headers:
Host: localhost
User-Agent: Ticketing-WebApp
Authorization: Bearer eyJ0eXAiOiJKV1QiLCJhbGciOiJIUzI1NiJ9.eyJpYXQiOjE1MzE0ODgwMzIsImp0aSI6IjR4VHdLY3Z6MkJtb2dCOWJCbGQxelpBMlBoK0hqRlBTeDNDMWRjUkd6bzQ9IiwiaXNzIjoiOjoxIiwibmJmIjoxNTMxNDg4MDMyLCJleHAiOjE1MzE0ODk4MzIsImRhdGEiOnsidXNlcm5hbWUiOiJtYXJpbyIsInBhc3N3b3JkIjoiZGZlYjliMDFlOTMxZWI2ODEzOTUyODQ4OGEwNDVlN2ViNjM3YWFjNiIsImlwIjoiOjoxIiwidXNlcl9hZ2VudCI6IlRpY2tldGluZy1XZWJBcHAifX0.w36_XWk2mDVG1gOdIODnAHuj6_3tE8xq0HSh1yhEsb0
Connection: close
Request body:

========================================
2018-07-13 20:23:11 
::1 GET /synergix/pos/public-api/v1/departments?is_active=1&limit=100 HTTP/1.1
HTTP headers:
Host: localhost
User-Agent: Ticketing-WebApp
Authorization: Bearer eyJ0eXAiOiJKV1QiLCJhbGciOiJIUzI1NiJ9.eyJpYXQiOjE1MzE0ODgwMzIsImp0aSI6IjR4VHdLY3Z6MkJtb2dCOWJCbGQxelpBMlBoK0hqRlBTeDNDMWRjUkd6bzQ9IiwiaXNzIjoiOjoxIiwibmJmIjoxNTMxNDg4MDMyLCJleHAiOjE1MzE0ODk4MzIsImRhdGEiOnsidXNlcm5hbWUiOiJtYXJpbyIsInBhc3N3b3JkIjoiZGZlYjliMDFlOTMxZWI2ODEzOTUyODQ4OGEwNDVlN2ViNjM3YWFjNiIsImlwIjoiOjoxIiwidXNlcl9hZ2VudCI6IlRpY2tldGluZy1XZWJBcHAifX0.w36_XWk2mDVG1gOdIODnAHuj6_3tE8xq0HSh1yhEsb0
Connection: close
Request body:

========================================
2018-07-13 20:23:11 
::1 GET /synergix/pos/public-api/v1/ticket_priorities?is_active=1 HTTP/1.1
HTTP headers:
Host: localhost
User-Agent: Ticketing-WebApp
Authorization: Bearer eyJ0eXAiOiJKV1QiLCJhbGciOiJIUzI1NiJ9.eyJpYXQiOjE1MzE0ODgwMzIsImp0aSI6IjR4VHdLY3Z6MkJtb2dCOWJCbGQxelpBMlBoK0hqRlBTeDNDMWRjUkd6bzQ9IiwiaXNzIjoiOjoxIiwibmJmIjoxNTMxNDg4MDMyLCJleHAiOjE1MzE0ODk4MzIsImRhdGEiOnsidXNlcm5hbWUiOiJtYXJpbyIsInBhc3N3b3JkIjoiZGZlYjliMDFlOTMxZWI2ODEzOTUyODQ4OGEwNDVlN2ViNjM3YWFjNiIsImlwIjoiOjoxIiwidXNlcl9hZ2VudCI6IlRpY2tldGluZy1XZWJBcHAifX0.w36_XWk2mDVG1gOdIODnAHuj6_3tE8xq0HSh1yhEsb0
Connection: close
Request body:

========================================
2018-07-13 20:23:12 
::1 GET /synergix/pos/public-api/v1/provinces/active?limit=50 HTTP/1.1
HTTP headers:
Host: localhost
User-Agent: Ticketing-WebApp
Authorization: Bearer eyJ0eXAiOiJKV1QiLCJhbGciOiJIUzI1NiJ9.eyJpYXQiOjE1MzE0ODgwMzIsImp0aSI6IjR4VHdLY3Z6MkJtb2dCOWJCbGQxelpBMlBoK0hqRlBTeDNDMWRjUkd6bzQ9IiwiaXNzIjoiOjoxIiwibmJmIjoxNTMxNDg4MDMyLCJleHAiOjE1MzE0ODk4MzIsImRhdGEiOnsidXNlcm5hbWUiOiJtYXJpbyIsInBhc3N3b3JkIjoiZGZlYjliMDFlOTMxZWI2ODEzOTUyODQ4OGEwNDVlN2ViNjM3YWFjNiIsImlwIjoiOjoxIiwidXNlcl9hZ2VudCI6IlRpY2tldGluZy1XZWJBcHAifX0.w36_XWk2mDVG1gOdIODnAHuj6_3tE8xq0HSh1yhEsb0
Connection: close
Request body:

========================================
2018-07-13 20:23:12 
::1 GET /synergix/pos/public-api/v1/product_types/active?limit=50 HTTP/1.1
HTTP headers:
Host: localhost
User-Agent: Ticketing-WebApp
Authorization: Bearer eyJ0eXAiOiJKV1QiLCJhbGciOiJIUzI1NiJ9.eyJpYXQiOjE1MzE0ODgwMzIsImp0aSI6IjR4VHdLY3Z6MkJtb2dCOWJCbGQxelpBMlBoK0hqRlBTeDNDMWRjUkd6bzQ9IiwiaXNzIjoiOjoxIiwibmJmIjoxNTMxNDg4MDMyLCJleHAiOjE1MzE0ODk4MzIsImRhdGEiOnsidXNlcm5hbWUiOiJtYXJpbyIsInBhc3N3b3JkIjoiZGZlYjliMDFlOTMxZWI2ODEzOTUyODQ4OGEwNDVlN2ViNjM3YWFjNiIsImlwIjoiOjoxIiwidXNlcl9hZ2VudCI6IlRpY2tldGluZy1XZWJBcHAifX0.w36_XWk2mDVG1gOdIODnAHuj6_3tE8xq0HSh1yhEsb0
Connection: close
Request body:

========================================
2018-07-13 20:23:12 
::1 GET /synergix/pos/public-api/v1/customer_types/active?limit=50 HTTP/1.1
HTTP headers:
Host: localhost
User-Agent: Ticketing-WebApp
Authorization: Bearer eyJ0eXAiOiJKV1QiLCJhbGciOiJIUzI1NiJ9.eyJpYXQiOjE1MzE0ODgwMzIsImp0aSI6IjR4VHdLY3Z6MkJtb2dCOWJCbGQxelpBMlBoK0hqRlBTeDNDMWRjUkd6bzQ9IiwiaXNzIjoiOjoxIiwibmJmIjoxNTMxNDg4MDMyLCJleHAiOjE1MzE0ODk4MzIsImRhdGEiOnsidXNlcm5hbWUiOiJtYXJpbyIsInBhc3N3b3JkIjoiZGZlYjliMDFlOTMxZWI2ODEzOTUyODQ4OGEwNDVlN2ViNjM3YWFjNiIsImlwIjoiOjoxIiwidXNlcl9hZ2VudCI6IlRpY2tldGluZy1XZWJBcHAifX0.w36_XWk2mDVG1gOdIODnAHuj6_3tE8xq0HSh1yhEsb0
Connection: close
Request body:

========================================
2018-07-13 20:23:13 
::1 GET /synergix/pos/public-api/v1/ticket_sources?is_active=1&limit=50 HTTP/1.1
HTTP headers:
Host: localhost
User-Agent: Ticketing-WebApp
Authorization: Bearer eyJ0eXAiOiJKV1QiLCJhbGciOiJIUzI1NiJ9.eyJpYXQiOjE1MzE0ODgwMzIsImp0aSI6IjR4VHdLY3Z6MkJtb2dCOWJCbGQxelpBMlBoK0hqRlBTeDNDMWRjUkd6bzQ9IiwiaXNzIjoiOjoxIiwibmJmIjoxNTMxNDg4MDMyLCJleHAiOjE1MzE0ODk4MzIsImRhdGEiOnsidXNlcm5hbWUiOiJtYXJpbyIsInBhc3N3b3JkIjoiZGZlYjliMDFlOTMxZWI2ODEzOTUyODQ4OGEwNDVlN2ViNjM3YWFjNiIsImlwIjoiOjoxIiwidXNlcl9hZ2VudCI6IlRpY2tldGluZy1XZWJBcHAifX0.w36_XWk2mDVG1gOdIODnAHuj6_3tE8xq0HSh1yhEsb0
Connection: close
Request body:

========================================
2018-07-13 20:23:33 
::1 GET /synergix/pos/public-api/v1/contact_types?is_active=1 HTTP/1.1
HTTP headers:
Host: localhost
User-Agent: Ticketing-WebApp
Authorization: Bearer eyJ0eXAiOiJKV1QiLCJhbGciOiJIUzI1NiJ9.eyJpYXQiOjE1MzE0ODgwMzIsImp0aSI6IjR4VHdLY3Z6MkJtb2dCOWJCbGQxelpBMlBoK0hqRlBTeDNDMWRjUkd6bzQ9IiwiaXNzIjoiOjoxIiwibmJmIjoxNTMxNDg4MDMyLCJleHAiOjE1MzE0ODk4MzIsImRhdGEiOnsidXNlcm5hbWUiOiJtYXJpbyIsInBhc3N3b3JkIjoiZGZlYjliMDFlOTMxZWI2ODEzOTUyODQ4OGEwNDVlN2ViNjM3YWFjNiIsImlwIjoiOjoxIiwidXNlcl9hZ2VudCI6IlRpY2tldGluZy1XZWJBcHAifX0.w36_XWk2mDVG1gOdIODnAHuj6_3tE8xq0HSh1yhEsb0
Connection: close
Request body:

========================================
2018-07-13 20:23:34 
::1 GET /synergix/pos/public-api/v1/ticket_sources?is_active=1 HTTP/1.1
HTTP headers:
Host: localhost
User-Agent: Ticketing-WebApp
Authorization: Bearer eyJ0eXAiOiJKV1QiLCJhbGciOiJIUzI1NiJ9.eyJpYXQiOjE1MzE0ODgwMzIsImp0aSI6IjR4VHdLY3Z6MkJtb2dCOWJCbGQxelpBMlBoK0hqRlBTeDNDMWRjUkd6bzQ9IiwiaXNzIjoiOjoxIiwibmJmIjoxNTMxNDg4MDMyLCJleHAiOjE1MzE0ODk4MzIsImRhdGEiOnsidXNlcm5hbWUiOiJtYXJpbyIsInBhc3N3b3JkIjoiZGZlYjliMDFlOTMxZWI2ODEzOTUyODQ4OGEwNDVlN2ViNjM3YWFjNiIsImlwIjoiOjoxIiwidXNlcl9hZ2VudCI6IlRpY2tldGluZy1XZWJBcHAifX0.w36_XWk2mDVG1gOdIODnAHuj6_3tE8xq0HSh1yhEsb0
Connection: close
Request body:

========================================
2018-07-13 20:23:34 
::1 GET /synergix/pos/public-api/v1/ticket_types?is_active=1 HTTP/1.1
HTTP headers:
Host: localhost
User-Agent: Ticketing-WebApp
Authorization: Bearer eyJ0eXAiOiJKV1QiLCJhbGciOiJIUzI1NiJ9.eyJpYXQiOjE1MzE0ODgwMzIsImp0aSI6IjR4VHdLY3Z6MkJtb2dCOWJCbGQxelpBMlBoK0hqRlBTeDNDMWRjUkd6bzQ9IiwiaXNzIjoiOjoxIiwibmJmIjoxNTMxNDg4MDMyLCJleHAiOjE1MzE0ODk4MzIsImRhdGEiOnsidXNlcm5hbWUiOiJtYXJpbyIsInBhc3N3b3JkIjoiZGZlYjliMDFlOTMxZWI2ODEzOTUyODQ4OGEwNDVlN2ViNjM3YWFjNiIsImlwIjoiOjoxIiwidXNlcl9hZ2VudCI6IlRpY2tldGluZy1XZWJBcHAifX0.w36_XWk2mDVG1gOdIODnAHuj6_3tE8xq0HSh1yhEsb0
Connection: close
Request body:

========================================
2018-07-13 20:23:35 
::1 GET /synergix/pos/public-api/v1/departments?is_active=1&limit=100 HTTP/1.1
HTTP headers:
Host: localhost
User-Agent: Ticketing-WebApp
Authorization: Bearer eyJ0eXAiOiJKV1QiLCJhbGciOiJIUzI1NiJ9.eyJpYXQiOjE1MzE0ODgwMzIsImp0aSI6IjR4VHdLY3Z6MkJtb2dCOWJCbGQxelpBMlBoK0hqRlBTeDNDMWRjUkd6bzQ9IiwiaXNzIjoiOjoxIiwibmJmIjoxNTMxNDg4MDMyLCJleHAiOjE1MzE0ODk4MzIsImRhdGEiOnsidXNlcm5hbWUiOiJtYXJpbyIsInBhc3N3b3JkIjoiZGZlYjliMDFlOTMxZWI2ODEzOTUyODQ4OGEwNDVlN2ViNjM3YWFjNiIsImlwIjoiOjoxIiwidXNlcl9hZ2VudCI6IlRpY2tldGluZy1XZWJBcHAifX0.w36_XWk2mDVG1gOdIODnAHuj6_3tE8xq0HSh1yhEsb0
Connection: close
Request body:

========================================
2018-07-13 20:23:35 
::1 GET /synergix/pos/public-api/v1/ticket_priorities?is_active=1 HTTP/1.1
HTTP headers:
Host: localhost
User-Agent: Ticketing-WebApp
Authorization: Bearer eyJ0eXAiOiJKV1QiLCJhbGciOiJIUzI1NiJ9.eyJpYXQiOjE1MzE0ODgwMzIsImp0aSI6IjR4VHdLY3Z6MkJtb2dCOWJCbGQxelpBMlBoK0hqRlBTeDNDMWRjUkd6bzQ9IiwiaXNzIjoiOjoxIiwibmJmIjoxNTMxNDg4MDMyLCJleHAiOjE1MzE0ODk4MzIsImRhdGEiOnsidXNlcm5hbWUiOiJtYXJpbyIsInBhc3N3b3JkIjoiZGZlYjliMDFlOTMxZWI2ODEzOTUyODQ4OGEwNDVlN2ViNjM3YWFjNiIsImlwIjoiOjoxIiwidXNlcl9hZ2VudCI6IlRpY2tldGluZy1XZWJBcHAifX0.w36_XWk2mDVG1gOdIODnAHuj6_3tE8xq0HSh1yhEsb0
Connection: close
Request body:

========================================
2018-07-13 20:23:35 
::1 GET /synergix/pos/public-api/v1/provinces/active?limit=50 HTTP/1.1
HTTP headers:
Host: localhost
User-Agent: Ticketing-WebApp
Authorization: Bearer eyJ0eXAiOiJKV1QiLCJhbGciOiJIUzI1NiJ9.eyJpYXQiOjE1MzE0ODgwMzIsImp0aSI6IjR4VHdLY3Z6MkJtb2dCOWJCbGQxelpBMlBoK0hqRlBTeDNDMWRjUkd6bzQ9IiwiaXNzIjoiOjoxIiwibmJmIjoxNTMxNDg4MDMyLCJleHAiOjE1MzE0ODk4MzIsImRhdGEiOnsidXNlcm5hbWUiOiJtYXJpbyIsInBhc3N3b3JkIjoiZGZlYjliMDFlOTMxZWI2ODEzOTUyODQ4OGEwNDVlN2ViNjM3YWFjNiIsImlwIjoiOjoxIiwidXNlcl9hZ2VudCI6IlRpY2tldGluZy1XZWJBcHAifX0.w36_XWk2mDVG1gOdIODnAHuj6_3tE8xq0HSh1yhEsb0
Connection: close
Request body:

========================================
2018-07-13 20:23:36 
::1 GET /synergix/pos/public-api/v1/product_types/active?limit=50 HTTP/1.1
HTTP headers:
Host: localhost
User-Agent: Ticketing-WebApp
Authorization: Bearer eyJ0eXAiOiJKV1QiLCJhbGciOiJIUzI1NiJ9.eyJpYXQiOjE1MzE0ODgwMzIsImp0aSI6IjR4VHdLY3Z6MkJtb2dCOWJCbGQxelpBMlBoK0hqRlBTeDNDMWRjUkd6bzQ9IiwiaXNzIjoiOjoxIiwibmJmIjoxNTMxNDg4MDMyLCJleHAiOjE1MzE0ODk4MzIsImRhdGEiOnsidXNlcm5hbWUiOiJtYXJpbyIsInBhc3N3b3JkIjoiZGZlYjliMDFlOTMxZWI2ODEzOTUyODQ4OGEwNDVlN2ViNjM3YWFjNiIsImlwIjoiOjoxIiwidXNlcl9hZ2VudCI6IlRpY2tldGluZy1XZWJBcHAifX0.w36_XWk2mDVG1gOdIODnAHuj6_3tE8xq0HSh1yhEsb0
Connection: close
Request body:

========================================
2018-07-13 20:23:36 
::1 GET /synergix/pos/public-api/v1/customer_types/active?limit=50 HTTP/1.1
HTTP headers:
Host: localhost
User-Agent: Ticketing-WebApp
Authorization: Bearer eyJ0eXAiOiJKV1QiLCJhbGciOiJIUzI1NiJ9.eyJpYXQiOjE1MzE0ODgwMzIsImp0aSI6IjR4VHdLY3Z6MkJtb2dCOWJCbGQxelpBMlBoK0hqRlBTeDNDMWRjUkd6bzQ9IiwiaXNzIjoiOjoxIiwibmJmIjoxNTMxNDg4MDMyLCJleHAiOjE1MzE0ODk4MzIsImRhdGEiOnsidXNlcm5hbWUiOiJtYXJpbyIsInBhc3N3b3JkIjoiZGZlYjliMDFlOTMxZWI2ODEzOTUyODQ4OGEwNDVlN2ViNjM3YWFjNiIsImlwIjoiOjoxIiwidXNlcl9hZ2VudCI6IlRpY2tldGluZy1XZWJBcHAifX0.w36_XWk2mDVG1gOdIODnAHuj6_3tE8xq0HSh1yhEsb0
Connection: close
Request body:

========================================
2018-07-13 20:23:37 
::1 GET /synergix/pos/public-api/v1/ticket_sources?is_active=1&limit=50 HTTP/1.1
HTTP headers:
Host: localhost
User-Agent: Ticketing-WebApp
Authorization: Bearer eyJ0eXAiOiJKV1QiLCJhbGciOiJIUzI1NiJ9.eyJpYXQiOjE1MzE0ODgwMzIsImp0aSI6IjR4VHdLY3Z6MkJtb2dCOWJCbGQxelpBMlBoK0hqRlBTeDNDMWRjUkd6bzQ9IiwiaXNzIjoiOjoxIiwibmJmIjoxNTMxNDg4MDMyLCJleHAiOjE1MzE0ODk4MzIsImRhdGEiOnsidXNlcm5hbWUiOiJtYXJpbyIsInBhc3N3b3JkIjoiZGZlYjliMDFlOTMxZWI2ODEzOTUyODQ4OGEwNDVlN2ViNjM3YWFjNiIsImlwIjoiOjoxIiwidXNlcl9hZ2VudCI6IlRpY2tldGluZy1XZWJBcHAifX0.w36_XWk2mDVG1gOdIODnAHuj6_3tE8xq0HSh1yhEsb0
Connection: close
Request body:

========================================
2018-07-13 20:23:37 
::1 GET /synergix/pos/public-api/v1/calls/1 HTTP/1.1
HTTP headers:
Host: localhost
User-Agent: Ticketing-WebApp
Authorization: Bearer eyJ0eXAiOiJKV1QiLCJhbGciOiJIUzI1NiJ9.eyJpYXQiOjE1MzE0ODgwMzIsImp0aSI6IjR4VHdLY3Z6MkJtb2dCOWJCbGQxelpBMlBoK0hqRlBTeDNDMWRjUkd6bzQ9IiwiaXNzIjoiOjoxIiwibmJmIjoxNTMxNDg4MDMyLCJleHAiOjE1MzE0ODk4MzIsImRhdGEiOnsidXNlcm5hbWUiOiJtYXJpbyIsInBhc3N3b3JkIjoiZGZlYjliMDFlOTMxZWI2ODEzOTUyODQ4OGEwNDVlN2ViNjM3YWFjNiIsImlwIjoiOjoxIiwidXNlcl9hZ2VudCI6IlRpY2tldGluZy1XZWJBcHAifX0.w36_XWk2mDVG1gOdIODnAHuj6_3tE8xq0HSh1yhEsb0
Connection: close
Request body:

========================================
2018-07-13 20:24:01 
::1 GET /synergix/pos/public-api/v1/contact_types?is_active=1 HTTP/1.1
HTTP headers:
Host: localhost
User-Agent: Ticketing-WebApp
Authorization: Bearer eyJ0eXAiOiJKV1QiLCJhbGciOiJIUzI1NiJ9.eyJpYXQiOjE1MzE0ODgwMzIsImp0aSI6IjR4VHdLY3Z6MkJtb2dCOWJCbGQxelpBMlBoK0hqRlBTeDNDMWRjUkd6bzQ9IiwiaXNzIjoiOjoxIiwibmJmIjoxNTMxNDg4MDMyLCJleHAiOjE1MzE0ODk4MzIsImRhdGEiOnsidXNlcm5hbWUiOiJtYXJpbyIsInBhc3N3b3JkIjoiZGZlYjliMDFlOTMxZWI2ODEzOTUyODQ4OGEwNDVlN2ViNjM3YWFjNiIsImlwIjoiOjoxIiwidXNlcl9hZ2VudCI6IlRpY2tldGluZy1XZWJBcHAifX0.w36_XWk2mDVG1gOdIODnAHuj6_3tE8xq0HSh1yhEsb0
Connection: close
Request body:

========================================
2018-07-13 20:24:01 
::1 GET /synergix/pos/public-api/v1/ticket_sources?is_active=1 HTTP/1.1
HTTP headers:
Host: localhost
User-Agent: Ticketing-WebApp
Authorization: Bearer eyJ0eXAiOiJKV1QiLCJhbGciOiJIUzI1NiJ9.eyJpYXQiOjE1MzE0ODgwMzIsImp0aSI6IjR4VHdLY3Z6MkJtb2dCOWJCbGQxelpBMlBoK0hqRlBTeDNDMWRjUkd6bzQ9IiwiaXNzIjoiOjoxIiwibmJmIjoxNTMxNDg4MDMyLCJleHAiOjE1MzE0ODk4MzIsImRhdGEiOnsidXNlcm5hbWUiOiJtYXJpbyIsInBhc3N3b3JkIjoiZGZlYjliMDFlOTMxZWI2ODEzOTUyODQ4OGEwNDVlN2ViNjM3YWFjNiIsImlwIjoiOjoxIiwidXNlcl9hZ2VudCI6IlRpY2tldGluZy1XZWJBcHAifX0.w36_XWk2mDVG1gOdIODnAHuj6_3tE8xq0HSh1yhEsb0
Connection: close
Request body:

========================================
2018-07-13 20:24:01 
::1 GET /synergix/pos/public-api/v1/ticket_types?is_active=1 HTTP/1.1
HTTP headers:
Host: localhost
User-Agent: Ticketing-WebApp
Authorization: Bearer eyJ0eXAiOiJKV1QiLCJhbGciOiJIUzI1NiJ9.eyJpYXQiOjE1MzE0ODgwMzIsImp0aSI6IjR4VHdLY3Z6MkJtb2dCOWJCbGQxelpBMlBoK0hqRlBTeDNDMWRjUkd6bzQ9IiwiaXNzIjoiOjoxIiwibmJmIjoxNTMxNDg4MDMyLCJleHAiOjE1MzE0ODk4MzIsImRhdGEiOnsidXNlcm5hbWUiOiJtYXJpbyIsInBhc3N3b3JkIjoiZGZlYjliMDFlOTMxZWI2ODEzOTUyODQ4OGEwNDVlN2ViNjM3YWFjNiIsImlwIjoiOjoxIiwidXNlcl9hZ2VudCI6IlRpY2tldGluZy1XZWJBcHAifX0.w36_XWk2mDVG1gOdIODnAHuj6_3tE8xq0HSh1yhEsb0
Connection: close
Request body:

========================================
2018-07-13 20:24:02 
::1 GET /synergix/pos/public-api/v1/departments?is_active=1&limit=100 HTTP/1.1
HTTP headers:
Host: localhost
User-Agent: Ticketing-WebApp
Authorization: Bearer eyJ0eXAiOiJKV1QiLCJhbGciOiJIUzI1NiJ9.eyJpYXQiOjE1MzE0ODgwMzIsImp0aSI6IjR4VHdLY3Z6MkJtb2dCOWJCbGQxelpBMlBoK0hqRlBTeDNDMWRjUkd6bzQ9IiwiaXNzIjoiOjoxIiwibmJmIjoxNTMxNDg4MDMyLCJleHAiOjE1MzE0ODk4MzIsImRhdGEiOnsidXNlcm5hbWUiOiJtYXJpbyIsInBhc3N3b3JkIjoiZGZlYjliMDFlOTMxZWI2ODEzOTUyODQ4OGEwNDVlN2ViNjM3YWFjNiIsImlwIjoiOjoxIiwidXNlcl9hZ2VudCI6IlRpY2tldGluZy1XZWJBcHAifX0.w36_XWk2mDVG1gOdIODnAHuj6_3tE8xq0HSh1yhEsb0
Connection: close
Request body:

========================================
2018-07-13 20:24:02 
::1 GET /synergix/pos/public-api/v1/ticket_priorities?is_active=1 HTTP/1.1
HTTP headers:
Host: localhost
User-Agent: Ticketing-WebApp
Authorization: Bearer eyJ0eXAiOiJKV1QiLCJhbGciOiJIUzI1NiJ9.eyJpYXQiOjE1MzE0ODgwMzIsImp0aSI6IjR4VHdLY3Z6MkJtb2dCOWJCbGQxelpBMlBoK0hqRlBTeDNDMWRjUkd6bzQ9IiwiaXNzIjoiOjoxIiwibmJmIjoxNTMxNDg4MDMyLCJleHAiOjE1MzE0ODk4MzIsImRhdGEiOnsidXNlcm5hbWUiOiJtYXJpbyIsInBhc3N3b3JkIjoiZGZlYjliMDFlOTMxZWI2ODEzOTUyODQ4OGEwNDVlN2ViNjM3YWFjNiIsImlwIjoiOjoxIiwidXNlcl9hZ2VudCI6IlRpY2tldGluZy1XZWJBcHAifX0.w36_XWk2mDVG1gOdIODnAHuj6_3tE8xq0HSh1yhEsb0
Connection: close
Request body:

========================================
2018-07-13 20:24:02 
::1 GET /synergix/pos/public-api/v1/provinces/active?limit=50 HTTP/1.1
HTTP headers:
Host: localhost
User-Agent: Ticketing-WebApp
Authorization: Bearer eyJ0eXAiOiJKV1QiLCJhbGciOiJIUzI1NiJ9.eyJpYXQiOjE1MzE0ODgwMzIsImp0aSI6IjR4VHdLY3Z6MkJtb2dCOWJCbGQxelpBMlBoK0hqRlBTeDNDMWRjUkd6bzQ9IiwiaXNzIjoiOjoxIiwibmJmIjoxNTMxNDg4MDMyLCJleHAiOjE1MzE0ODk4MzIsImRhdGEiOnsidXNlcm5hbWUiOiJtYXJpbyIsInBhc3N3b3JkIjoiZGZlYjliMDFlOTMxZWI2ODEzOTUyODQ4OGEwNDVlN2ViNjM3YWFjNiIsImlwIjoiOjoxIiwidXNlcl9hZ2VudCI6IlRpY2tldGluZy1XZWJBcHAifX0.w36_XWk2mDVG1gOdIODnAHuj6_3tE8xq0HSh1yhEsb0
Connection: close
Request body:

========================================
2018-07-13 20:24:03 
::1 GET /synergix/pos/public-api/v1/product_types/active?limit=50 HTTP/1.1
HTTP headers:
Host: localhost
User-Agent: Ticketing-WebApp
Authorization: Bearer eyJ0eXAiOiJKV1QiLCJhbGciOiJIUzI1NiJ9.eyJpYXQiOjE1MzE0ODgwMzIsImp0aSI6IjR4VHdLY3Z6MkJtb2dCOWJCbGQxelpBMlBoK0hqRlBTeDNDMWRjUkd6bzQ9IiwiaXNzIjoiOjoxIiwibmJmIjoxNTMxNDg4MDMyLCJleHAiOjE1MzE0ODk4MzIsImRhdGEiOnsidXNlcm5hbWUiOiJtYXJpbyIsInBhc3N3b3JkIjoiZGZlYjliMDFlOTMxZWI2ODEzOTUyODQ4OGEwNDVlN2ViNjM3YWFjNiIsImlwIjoiOjoxIiwidXNlcl9hZ2VudCI6IlRpY2tldGluZy1XZWJBcHAifX0.w36_XWk2mDVG1gOdIODnAHuj6_3tE8xq0HSh1yhEsb0
Connection: close
Request body:

========================================
2018-07-13 20:24:03 
::1 GET /synergix/pos/public-api/v1/customer_types/active?limit=50 HTTP/1.1
HTTP headers:
Host: localhost
User-Agent: Ticketing-WebApp
Authorization: Bearer eyJ0eXAiOiJKV1QiLCJhbGciOiJIUzI1NiJ9.eyJpYXQiOjE1MzE0ODgwMzIsImp0aSI6IjR4VHdLY3Z6MkJtb2dCOWJCbGQxelpBMlBoK0hqRlBTeDNDMWRjUkd6bzQ9IiwiaXNzIjoiOjoxIiwibmJmIjoxNTMxNDg4MDMyLCJleHAiOjE1MzE0ODk4MzIsImRhdGEiOnsidXNlcm5hbWUiOiJtYXJpbyIsInBhc3N3b3JkIjoiZGZlYjliMDFlOTMxZWI2ODEzOTUyODQ4OGEwNDVlN2ViNjM3YWFjNiIsImlwIjoiOjoxIiwidXNlcl9hZ2VudCI6IlRpY2tldGluZy1XZWJBcHAifX0.w36_XWk2mDVG1gOdIODnAHuj6_3tE8xq0HSh1yhEsb0
Connection: close
Request body:

========================================
2018-07-13 20:24:04 
::1 GET /synergix/pos/public-api/v1/ticket_sources?is_active=1&limit=50 HTTP/1.1
HTTP headers:
Host: localhost
User-Agent: Ticketing-WebApp
Authorization: Bearer eyJ0eXAiOiJKV1QiLCJhbGciOiJIUzI1NiJ9.eyJpYXQiOjE1MzE0ODgwMzIsImp0aSI6IjR4VHdLY3Z6MkJtb2dCOWJCbGQxelpBMlBoK0hqRlBTeDNDMWRjUkd6bzQ9IiwiaXNzIjoiOjoxIiwibmJmIjoxNTMxNDg4MDMyLCJleHAiOjE1MzE0ODk4MzIsImRhdGEiOnsidXNlcm5hbWUiOiJtYXJpbyIsInBhc3N3b3JkIjoiZGZlYjliMDFlOTMxZWI2ODEzOTUyODQ4OGEwNDVlN2ViNjM3YWFjNiIsImlwIjoiOjoxIiwidXNlcl9hZ2VudCI6IlRpY2tldGluZy1XZWJBcHAifX0.w36_XWk2mDVG1gOdIODnAHuj6_3tE8xq0HSh1yhEsb0
Connection: close
Request body:

========================================
2018-07-13 20:24:04 
::1 GET /synergix/pos/public-api/v1/ticket_categories?inbound_type_id=1&is_active=1&limit=500&order=name HTTP/1.1
HTTP headers:
Host: localhost
User-Agent: Ticketing-WebApp
Authorization: Bearer eyJ0eXAiOiJKV1QiLCJhbGciOiJIUzI1NiJ9.eyJpYXQiOjE1MzE0ODgwMzIsImp0aSI6IjR4VHdLY3Z6MkJtb2dCOWJCbGQxelpBMlBoK0hqRlBTeDNDMWRjUkd6bzQ9IiwiaXNzIjoiOjoxIiwibmJmIjoxNTMxNDg4MDMyLCJleHAiOjE1MzE0ODk4MzIsImRhdGEiOnsidXNlcm5hbWUiOiJtYXJpbyIsInBhc3N3b3JkIjoiZGZlYjliMDFlOTMxZWI2ODEzOTUyODQ4OGEwNDVlN2ViNjM3YWFjNiIsImlwIjoiOjoxIiwidXNlcl9hZ2VudCI6IlRpY2tldGluZy1XZWJBcHAifX0.w36_XWk2mDVG1gOdIODnAHuj6_3tE8xq0HSh1yhEsb0
Connection: close
Request body:

========================================
2018-07-13 20:24:35 
::1 GET /synergix/pos/public-api/v1/contact_types?is_active=1 HTTP/1.1
HTTP headers:
Host: localhost
User-Agent: Ticketing-WebApp
Authorization: Bearer eyJ0eXAiOiJKV1QiLCJhbGciOiJIUzI1NiJ9.eyJpYXQiOjE1MzE0ODgwMzIsImp0aSI6IjR4VHdLY3Z6MkJtb2dCOWJCbGQxelpBMlBoK0hqRlBTeDNDMWRjUkd6bzQ9IiwiaXNzIjoiOjoxIiwibmJmIjoxNTMxNDg4MDMyLCJleHAiOjE1MzE0ODk4MzIsImRhdGEiOnsidXNlcm5hbWUiOiJtYXJpbyIsInBhc3N3b3JkIjoiZGZlYjliMDFlOTMxZWI2ODEzOTUyODQ4OGEwNDVlN2ViNjM3YWFjNiIsImlwIjoiOjoxIiwidXNlcl9hZ2VudCI6IlRpY2tldGluZy1XZWJBcHAifX0.w36_XWk2mDVG1gOdIODnAHuj6_3tE8xq0HSh1yhEsb0
Connection: close
Request body:

========================================
2018-07-13 20:24:36 
::1 GET /synergix/pos/public-api/v1/ticket_sources?is_active=1 HTTP/1.1
HTTP headers:
Host: localhost
User-Agent: Ticketing-WebApp
Authorization: Bearer eyJ0eXAiOiJKV1QiLCJhbGciOiJIUzI1NiJ9.eyJpYXQiOjE1MzE0ODgwMzIsImp0aSI6IjR4VHdLY3Z6MkJtb2dCOWJCbGQxelpBMlBoK0hqRlBTeDNDMWRjUkd6bzQ9IiwiaXNzIjoiOjoxIiwibmJmIjoxNTMxNDg4MDMyLCJleHAiOjE1MzE0ODk4MzIsImRhdGEiOnsidXNlcm5hbWUiOiJtYXJpbyIsInBhc3N3b3JkIjoiZGZlYjliMDFlOTMxZWI2ODEzOTUyODQ4OGEwNDVlN2ViNjM3YWFjNiIsImlwIjoiOjoxIiwidXNlcl9hZ2VudCI6IlRpY2tldGluZy1XZWJBcHAifX0.w36_XWk2mDVG1gOdIODnAHuj6_3tE8xq0HSh1yhEsb0
Connection: close
Request body:

========================================
2018-07-13 20:24:36 
::1 GET /synergix/pos/public-api/v1/ticket_types?is_active=1 HTTP/1.1
HTTP headers:
Host: localhost
User-Agent: Ticketing-WebApp
Authorization: Bearer eyJ0eXAiOiJKV1QiLCJhbGciOiJIUzI1NiJ9.eyJpYXQiOjE1MzE0ODgwMzIsImp0aSI6IjR4VHdLY3Z6MkJtb2dCOWJCbGQxelpBMlBoK0hqRlBTeDNDMWRjUkd6bzQ9IiwiaXNzIjoiOjoxIiwibmJmIjoxNTMxNDg4MDMyLCJleHAiOjE1MzE0ODk4MzIsImRhdGEiOnsidXNlcm5hbWUiOiJtYXJpbyIsInBhc3N3b3JkIjoiZGZlYjliMDFlOTMxZWI2ODEzOTUyODQ4OGEwNDVlN2ViNjM3YWFjNiIsImlwIjoiOjoxIiwidXNlcl9hZ2VudCI6IlRpY2tldGluZy1XZWJBcHAifX0.w36_XWk2mDVG1gOdIODnAHuj6_3tE8xq0HSh1yhEsb0
Connection: close
Request body:

========================================
2018-07-13 20:24:37 
::1 GET /synergix/pos/public-api/v1/departments?is_active=1&limit=100 HTTP/1.1
HTTP headers:
Host: localhost
User-Agent: Ticketing-WebApp
Authorization: Bearer eyJ0eXAiOiJKV1QiLCJhbGciOiJIUzI1NiJ9.eyJpYXQiOjE1MzE0ODgwMzIsImp0aSI6IjR4VHdLY3Z6MkJtb2dCOWJCbGQxelpBMlBoK0hqRlBTeDNDMWRjUkd6bzQ9IiwiaXNzIjoiOjoxIiwibmJmIjoxNTMxNDg4MDMyLCJleHAiOjE1MzE0ODk4MzIsImRhdGEiOnsidXNlcm5hbWUiOiJtYXJpbyIsInBhc3N3b3JkIjoiZGZlYjliMDFlOTMxZWI2ODEzOTUyODQ4OGEwNDVlN2ViNjM3YWFjNiIsImlwIjoiOjoxIiwidXNlcl9hZ2VudCI6IlRpY2tldGluZy1XZWJBcHAifX0.w36_XWk2mDVG1gOdIODnAHuj6_3tE8xq0HSh1yhEsb0
Connection: close
Request body:

========================================
2018-07-13 20:24:37 
::1 GET /synergix/pos/public-api/v1/ticket_priorities?is_active=1 HTTP/1.1
HTTP headers:
Host: localhost
User-Agent: Ticketing-WebApp
Authorization: Bearer eyJ0eXAiOiJKV1QiLCJhbGciOiJIUzI1NiJ9.eyJpYXQiOjE1MzE0ODgwMzIsImp0aSI6IjR4VHdLY3Z6MkJtb2dCOWJCbGQxelpBMlBoK0hqRlBTeDNDMWRjUkd6bzQ9IiwiaXNzIjoiOjoxIiwibmJmIjoxNTMxNDg4MDMyLCJleHAiOjE1MzE0ODk4MzIsImRhdGEiOnsidXNlcm5hbWUiOiJtYXJpbyIsInBhc3N3b3JkIjoiZGZlYjliMDFlOTMxZWI2ODEzOTUyODQ4OGEwNDVlN2ViNjM3YWFjNiIsImlwIjoiOjoxIiwidXNlcl9hZ2VudCI6IlRpY2tldGluZy1XZWJBcHAifX0.w36_XWk2mDVG1gOdIODnAHuj6_3tE8xq0HSh1yhEsb0
Connection: close
Request body:

========================================
2018-07-13 20:24:37 
::1 GET /synergix/pos/public-api/v1/provinces/active?limit=50 HTTP/1.1
HTTP headers:
Host: localhost
User-Agent: Ticketing-WebApp
Authorization: Bearer eyJ0eXAiOiJKV1QiLCJhbGciOiJIUzI1NiJ9.eyJpYXQiOjE1MzE0ODgwMzIsImp0aSI6IjR4VHdLY3Z6MkJtb2dCOWJCbGQxelpBMlBoK0hqRlBTeDNDMWRjUkd6bzQ9IiwiaXNzIjoiOjoxIiwibmJmIjoxNTMxNDg4MDMyLCJleHAiOjE1MzE0ODk4MzIsImRhdGEiOnsidXNlcm5hbWUiOiJtYXJpbyIsInBhc3N3b3JkIjoiZGZlYjliMDFlOTMxZWI2ODEzOTUyODQ4OGEwNDVlN2ViNjM3YWFjNiIsImlwIjoiOjoxIiwidXNlcl9hZ2VudCI6IlRpY2tldGluZy1XZWJBcHAifX0.w36_XWk2mDVG1gOdIODnAHuj6_3tE8xq0HSh1yhEsb0
Connection: close
Request body:

========================================
2018-07-13 20:24:38 
::1 GET /synergix/pos/public-api/v1/product_types/active?limit=50 HTTP/1.1
HTTP headers:
Host: localhost
User-Agent: Ticketing-WebApp
Authorization: Bearer eyJ0eXAiOiJKV1QiLCJhbGciOiJIUzI1NiJ9.eyJpYXQiOjE1MzE0ODgwMzIsImp0aSI6IjR4VHdLY3Z6MkJtb2dCOWJCbGQxelpBMlBoK0hqRlBTeDNDMWRjUkd6bzQ9IiwiaXNzIjoiOjoxIiwibmJmIjoxNTMxNDg4MDMyLCJleHAiOjE1MzE0ODk4MzIsImRhdGEiOnsidXNlcm5hbWUiOiJtYXJpbyIsInBhc3N3b3JkIjoiZGZlYjliMDFlOTMxZWI2ODEzOTUyODQ4OGEwNDVlN2ViNjM3YWFjNiIsImlwIjoiOjoxIiwidXNlcl9hZ2VudCI6IlRpY2tldGluZy1XZWJBcHAifX0.w36_XWk2mDVG1gOdIODnAHuj6_3tE8xq0HSh1yhEsb0
Connection: close
Request body:

========================================
2018-07-13 20:24:38 
::1 GET /synergix/pos/public-api/v1/customer_types/active?limit=50 HTTP/1.1
HTTP headers:
Host: localhost
User-Agent: Ticketing-WebApp
Authorization: Bearer eyJ0eXAiOiJKV1QiLCJhbGciOiJIUzI1NiJ9.eyJpYXQiOjE1MzE0ODgwMzIsImp0aSI6IjR4VHdLY3Z6MkJtb2dCOWJCbGQxelpBMlBoK0hqRlBTeDNDMWRjUkd6bzQ9IiwiaXNzIjoiOjoxIiwibmJmIjoxNTMxNDg4MDMyLCJleHAiOjE1MzE0ODk4MzIsImRhdGEiOnsidXNlcm5hbWUiOiJtYXJpbyIsInBhc3N3b3JkIjoiZGZlYjliMDFlOTMxZWI2ODEzOTUyODQ4OGEwNDVlN2ViNjM3YWFjNiIsImlwIjoiOjoxIiwidXNlcl9hZ2VudCI6IlRpY2tldGluZy1XZWJBcHAifX0.w36_XWk2mDVG1gOdIODnAHuj6_3tE8xq0HSh1yhEsb0
Connection: close
Request body:

========================================
2018-07-13 20:24:38 
::1 GET /synergix/pos/public-api/v1/ticket_sources?is_active=1&limit=50 HTTP/1.1
HTTP headers:
Host: localhost
User-Agent: Ticketing-WebApp
Authorization: Bearer eyJ0eXAiOiJKV1QiLCJhbGciOiJIUzI1NiJ9.eyJpYXQiOjE1MzE0ODgwMzIsImp0aSI6IjR4VHdLY3Z6MkJtb2dCOWJCbGQxelpBMlBoK0hqRlBTeDNDMWRjUkd6bzQ9IiwiaXNzIjoiOjoxIiwibmJmIjoxNTMxNDg4MDMyLCJleHAiOjE1MzE0ODk4MzIsImRhdGEiOnsidXNlcm5hbWUiOiJtYXJpbyIsInBhc3N3b3JkIjoiZGZlYjliMDFlOTMxZWI2ODEzOTUyODQ4OGEwNDVlN2ViNjM3YWFjNiIsImlwIjoiOjoxIiwidXNlcl9hZ2VudCI6IlRpY2tldGluZy1XZWJBcHAifX0.w36_XWk2mDVG1gOdIODnAHuj6_3tE8xq0HSh1yhEsb0
Connection: close
Request body:

========================================
2018-07-13 20:24:39 
::1 GET /synergix/pos/public-api/v1/ticket_categories?inbound_type_id=1&is_active=1&limit=500&order=name HTTP/1.1
HTTP headers:
Host: localhost
User-Agent: Ticketing-WebApp
Authorization: Bearer eyJ0eXAiOiJKV1QiLCJhbGciOiJIUzI1NiJ9.eyJpYXQiOjE1MzE0ODgwMzIsImp0aSI6IjR4VHdLY3Z6MkJtb2dCOWJCbGQxelpBMlBoK0hqRlBTeDNDMWRjUkd6bzQ9IiwiaXNzIjoiOjoxIiwibmJmIjoxNTMxNDg4MDMyLCJleHAiOjE1MzE0ODk4MzIsImRhdGEiOnsidXNlcm5hbWUiOiJtYXJpbyIsInBhc3N3b3JkIjoiZGZlYjliMDFlOTMxZWI2ODEzOTUyODQ4OGEwNDVlN2ViNjM3YWFjNiIsImlwIjoiOjoxIiwidXNlcl9hZ2VudCI6IlRpY2tldGluZy1XZWJBcHAifX0.w36_XWk2mDVG1gOdIODnAHuj6_3tE8xq0HSh1yhEsb0
Connection: close
Request body:

========================================
2018-07-13 20:24:53 
::1 GET /synergix/pos/public-api/v1/contact_types?is_active=1 HTTP/1.1
HTTP headers:
Host: localhost
User-Agent: Ticketing-WebApp
Authorization: Bearer eyJ0eXAiOiJKV1QiLCJhbGciOiJIUzI1NiJ9.eyJpYXQiOjE1MzE0ODgwMzIsImp0aSI6IjR4VHdLY3Z6MkJtb2dCOWJCbGQxelpBMlBoK0hqRlBTeDNDMWRjUkd6bzQ9IiwiaXNzIjoiOjoxIiwibmJmIjoxNTMxNDg4MDMyLCJleHAiOjE1MzE0ODk4MzIsImRhdGEiOnsidXNlcm5hbWUiOiJtYXJpbyIsInBhc3N3b3JkIjoiZGZlYjliMDFlOTMxZWI2ODEzOTUyODQ4OGEwNDVlN2ViNjM3YWFjNiIsImlwIjoiOjoxIiwidXNlcl9hZ2VudCI6IlRpY2tldGluZy1XZWJBcHAifX0.w36_XWk2mDVG1gOdIODnAHuj6_3tE8xq0HSh1yhEsb0
Connection: close
Request body:

========================================
2018-07-13 20:24:54 
::1 GET /synergix/pos/public-api/v1/ticket_sources?is_active=1 HTTP/1.1
HTTP headers:
Host: localhost
User-Agent: Ticketing-WebApp
Authorization: Bearer eyJ0eXAiOiJKV1QiLCJhbGciOiJIUzI1NiJ9.eyJpYXQiOjE1MzE0ODgwMzIsImp0aSI6IjR4VHdLY3Z6MkJtb2dCOWJCbGQxelpBMlBoK0hqRlBTeDNDMWRjUkd6bzQ9IiwiaXNzIjoiOjoxIiwibmJmIjoxNTMxNDg4MDMyLCJleHAiOjE1MzE0ODk4MzIsImRhdGEiOnsidXNlcm5hbWUiOiJtYXJpbyIsInBhc3N3b3JkIjoiZGZlYjliMDFlOTMxZWI2ODEzOTUyODQ4OGEwNDVlN2ViNjM3YWFjNiIsImlwIjoiOjoxIiwidXNlcl9hZ2VudCI6IlRpY2tldGluZy1XZWJBcHAifX0.w36_XWk2mDVG1gOdIODnAHuj6_3tE8xq0HSh1yhEsb0
Connection: close
Request body:

========================================
2018-07-13 20:24:54 
::1 GET /synergix/pos/public-api/v1/ticket_types?is_active=1 HTTP/1.1
HTTP headers:
Host: localhost
User-Agent: Ticketing-WebApp
Authorization: Bearer eyJ0eXAiOiJKV1QiLCJhbGciOiJIUzI1NiJ9.eyJpYXQiOjE1MzE0ODgwMzIsImp0aSI6IjR4VHdLY3Z6MkJtb2dCOWJCbGQxelpBMlBoK0hqRlBTeDNDMWRjUkd6bzQ9IiwiaXNzIjoiOjoxIiwibmJmIjoxNTMxNDg4MDMyLCJleHAiOjE1MzE0ODk4MzIsImRhdGEiOnsidXNlcm5hbWUiOiJtYXJpbyIsInBhc3N3b3JkIjoiZGZlYjliMDFlOTMxZWI2ODEzOTUyODQ4OGEwNDVlN2ViNjM3YWFjNiIsImlwIjoiOjoxIiwidXNlcl9hZ2VudCI6IlRpY2tldGluZy1XZWJBcHAifX0.w36_XWk2mDVG1gOdIODnAHuj6_3tE8xq0HSh1yhEsb0
Connection: close
Request body:

========================================
2018-07-13 20:24:54 
::1 GET /synergix/pos/public-api/v1/departments?is_active=1&limit=100 HTTP/1.1
HTTP headers:
Host: localhost
User-Agent: Ticketing-WebApp
Authorization: Bearer eyJ0eXAiOiJKV1QiLCJhbGciOiJIUzI1NiJ9.eyJpYXQiOjE1MzE0ODgwMzIsImp0aSI6IjR4VHdLY3Z6MkJtb2dCOWJCbGQxelpBMlBoK0hqRlBTeDNDMWRjUkd6bzQ9IiwiaXNzIjoiOjoxIiwibmJmIjoxNTMxNDg4MDMyLCJleHAiOjE1MzE0ODk4MzIsImRhdGEiOnsidXNlcm5hbWUiOiJtYXJpbyIsInBhc3N3b3JkIjoiZGZlYjliMDFlOTMxZWI2ODEzOTUyODQ4OGEwNDVlN2ViNjM3YWFjNiIsImlwIjoiOjoxIiwidXNlcl9hZ2VudCI6IlRpY2tldGluZy1XZWJBcHAifX0.w36_XWk2mDVG1gOdIODnAHuj6_3tE8xq0HSh1yhEsb0
Connection: close
Request body:

========================================
2018-07-13 20:24:55 
::1 GET /synergix/pos/public-api/v1/ticket_priorities?is_active=1 HTTP/1.1
HTTP headers:
Host: localhost
User-Agent: Ticketing-WebApp
Authorization: Bearer eyJ0eXAiOiJKV1QiLCJhbGciOiJIUzI1NiJ9.eyJpYXQiOjE1MzE0ODgwMzIsImp0aSI6IjR4VHdLY3Z6MkJtb2dCOWJCbGQxelpBMlBoK0hqRlBTeDNDMWRjUkd6bzQ9IiwiaXNzIjoiOjoxIiwibmJmIjoxNTMxNDg4MDMyLCJleHAiOjE1MzE0ODk4MzIsImRhdGEiOnsidXNlcm5hbWUiOiJtYXJpbyIsInBhc3N3b3JkIjoiZGZlYjliMDFlOTMxZWI2ODEzOTUyODQ4OGEwNDVlN2ViNjM3YWFjNiIsImlwIjoiOjoxIiwidXNlcl9hZ2VudCI6IlRpY2tldGluZy1XZWJBcHAifX0.w36_XWk2mDVG1gOdIODnAHuj6_3tE8xq0HSh1yhEsb0
Connection: close
Request body:

========================================
2018-07-13 20:24:55 
::1 GET /synergix/pos/public-api/v1/provinces/active?limit=50 HTTP/1.1
HTTP headers:
Host: localhost
User-Agent: Ticketing-WebApp
Authorization: Bearer eyJ0eXAiOiJKV1QiLCJhbGciOiJIUzI1NiJ9.eyJpYXQiOjE1MzE0ODgwMzIsImp0aSI6IjR4VHdLY3Z6MkJtb2dCOWJCbGQxelpBMlBoK0hqRlBTeDNDMWRjUkd6bzQ9IiwiaXNzIjoiOjoxIiwibmJmIjoxNTMxNDg4MDMyLCJleHAiOjE1MzE0ODk4MzIsImRhdGEiOnsidXNlcm5hbWUiOiJtYXJpbyIsInBhc3N3b3JkIjoiZGZlYjliMDFlOTMxZWI2ODEzOTUyODQ4OGEwNDVlN2ViNjM3YWFjNiIsImlwIjoiOjoxIiwidXNlcl9hZ2VudCI6IlRpY2tldGluZy1XZWJBcHAifX0.w36_XWk2mDVG1gOdIODnAHuj6_3tE8xq0HSh1yhEsb0
Connection: close
Request body:

========================================
2018-07-13 20:24:56 
::1 GET /synergix/pos/public-api/v1/product_types/active?limit=50 HTTP/1.1
HTTP headers:
Host: localhost
User-Agent: Ticketing-WebApp
Authorization: Bearer eyJ0eXAiOiJKV1QiLCJhbGciOiJIUzI1NiJ9.eyJpYXQiOjE1MzE0ODgwMzIsImp0aSI6IjR4VHdLY3Z6MkJtb2dCOWJCbGQxelpBMlBoK0hqRlBTeDNDMWRjUkd6bzQ9IiwiaXNzIjoiOjoxIiwibmJmIjoxNTMxNDg4MDMyLCJleHAiOjE1MzE0ODk4MzIsImRhdGEiOnsidXNlcm5hbWUiOiJtYXJpbyIsInBhc3N3b3JkIjoiZGZlYjliMDFlOTMxZWI2ODEzOTUyODQ4OGEwNDVlN2ViNjM3YWFjNiIsImlwIjoiOjoxIiwidXNlcl9hZ2VudCI6IlRpY2tldGluZy1XZWJBcHAifX0.w36_XWk2mDVG1gOdIODnAHuj6_3tE8xq0HSh1yhEsb0
Connection: close
Request body:

========================================
2018-07-13 20:24:56 
::1 GET /synergix/pos/public-api/v1/customer_types/active?limit=50 HTTP/1.1
HTTP headers:
Host: localhost
User-Agent: Ticketing-WebApp
Authorization: Bearer eyJ0eXAiOiJKV1QiLCJhbGciOiJIUzI1NiJ9.eyJpYXQiOjE1MzE0ODgwMzIsImp0aSI6IjR4VHdLY3Z6MkJtb2dCOWJCbGQxelpBMlBoK0hqRlBTeDNDMWRjUkd6bzQ9IiwiaXNzIjoiOjoxIiwibmJmIjoxNTMxNDg4MDMyLCJleHAiOjE1MzE0ODk4MzIsImRhdGEiOnsidXNlcm5hbWUiOiJtYXJpbyIsInBhc3N3b3JkIjoiZGZlYjliMDFlOTMxZWI2ODEzOTUyODQ4OGEwNDVlN2ViNjM3YWFjNiIsImlwIjoiOjoxIiwidXNlcl9hZ2VudCI6IlRpY2tldGluZy1XZWJBcHAifX0.w36_XWk2mDVG1gOdIODnAHuj6_3tE8xq0HSh1yhEsb0
Connection: close
Request body:

========================================
2018-07-13 20:24:56 
::1 GET /synergix/pos/public-api/v1/ticket_sources?is_active=1&limit=50 HTTP/1.1
HTTP headers:
Host: localhost
User-Agent: Ticketing-WebApp
Authorization: Bearer eyJ0eXAiOiJKV1QiLCJhbGciOiJIUzI1NiJ9.eyJpYXQiOjE1MzE0ODgwMzIsImp0aSI6IjR4VHdLY3Z6MkJtb2dCOWJCbGQxelpBMlBoK0hqRlBTeDNDMWRjUkd6bzQ9IiwiaXNzIjoiOjoxIiwibmJmIjoxNTMxNDg4MDMyLCJleHAiOjE1MzE0ODk4MzIsImRhdGEiOnsidXNlcm5hbWUiOiJtYXJpbyIsInBhc3N3b3JkIjoiZGZlYjliMDFlOTMxZWI2ODEzOTUyODQ4OGEwNDVlN2ViNjM3YWFjNiIsImlwIjoiOjoxIiwidXNlcl9hZ2VudCI6IlRpY2tldGluZy1XZWJBcHAifX0.w36_XWk2mDVG1gOdIODnAHuj6_3tE8xq0HSh1yhEsb0
Connection: close
Request body:

========================================
2018-07-13 20:24:57 
::1 GET /synergix/pos/public-api/v1/ticket_categories?inbound_type_id=5&is_active=1&limit=500&order=name HTTP/1.1
HTTP headers:
Host: localhost
User-Agent: Ticketing-WebApp
Authorization: Bearer eyJ0eXAiOiJKV1QiLCJhbGciOiJIUzI1NiJ9.eyJpYXQiOjE1MzE0ODgwMzIsImp0aSI6IjR4VHdLY3Z6MkJtb2dCOWJCbGQxelpBMlBoK0hqRlBTeDNDMWRjUkd6bzQ9IiwiaXNzIjoiOjoxIiwibmJmIjoxNTMxNDg4MDMyLCJleHAiOjE1MzE0ODk4MzIsImRhdGEiOnsidXNlcm5hbWUiOiJtYXJpbyIsInBhc3N3b3JkIjoiZGZlYjliMDFlOTMxZWI2ODEzOTUyODQ4OGEwNDVlN2ViNjM3YWFjNiIsImlwIjoiOjoxIiwidXNlcl9hZ2VudCI6IlRpY2tldGluZy1XZWJBcHAifX0.w36_XWk2mDVG1gOdIODnAHuj6_3tE8xq0HSh1yhEsb0
Connection: close
Request body:

========================================
2018-07-13 20:25:36 
::1 GET /synergix/pos/public-api/v1/contact_types?is_active=1 HTTP/1.1
HTTP headers:
Host: localhost
User-Agent: Ticketing-WebApp
Authorization: Bearer eyJ0eXAiOiJKV1QiLCJhbGciOiJIUzI1NiJ9.eyJpYXQiOjE1MzE0ODgwMzIsImp0aSI6IjR4VHdLY3Z6MkJtb2dCOWJCbGQxelpBMlBoK0hqRlBTeDNDMWRjUkd6bzQ9IiwiaXNzIjoiOjoxIiwibmJmIjoxNTMxNDg4MDMyLCJleHAiOjE1MzE0ODk4MzIsImRhdGEiOnsidXNlcm5hbWUiOiJtYXJpbyIsInBhc3N3b3JkIjoiZGZlYjliMDFlOTMxZWI2ODEzOTUyODQ4OGEwNDVlN2ViNjM3YWFjNiIsImlwIjoiOjoxIiwidXNlcl9hZ2VudCI6IlRpY2tldGluZy1XZWJBcHAifX0.w36_XWk2mDVG1gOdIODnAHuj6_3tE8xq0HSh1yhEsb0
Connection: close
Request body:

========================================
2018-07-13 20:25:36 
::1 GET /synergix/pos/public-api/v1/ticket_sources?is_active=1 HTTP/1.1
HTTP headers:
Host: localhost
User-Agent: Ticketing-WebApp
Authorization: Bearer eyJ0eXAiOiJKV1QiLCJhbGciOiJIUzI1NiJ9.eyJpYXQiOjE1MzE0ODgwMzIsImp0aSI6IjR4VHdLY3Z6MkJtb2dCOWJCbGQxelpBMlBoK0hqRlBTeDNDMWRjUkd6bzQ9IiwiaXNzIjoiOjoxIiwibmJmIjoxNTMxNDg4MDMyLCJleHAiOjE1MzE0ODk4MzIsImRhdGEiOnsidXNlcm5hbWUiOiJtYXJpbyIsInBhc3N3b3JkIjoiZGZlYjliMDFlOTMxZWI2ODEzOTUyODQ4OGEwNDVlN2ViNjM3YWFjNiIsImlwIjoiOjoxIiwidXNlcl9hZ2VudCI6IlRpY2tldGluZy1XZWJBcHAifX0.w36_XWk2mDVG1gOdIODnAHuj6_3tE8xq0HSh1yhEsb0
Connection: close
Request body:

========================================
2018-07-13 20:25:37 
::1 GET /synergix/pos/public-api/v1/ticket_types?is_active=1 HTTP/1.1
HTTP headers:
Host: localhost
User-Agent: Ticketing-WebApp
Authorization: Bearer eyJ0eXAiOiJKV1QiLCJhbGciOiJIUzI1NiJ9.eyJpYXQiOjE1MzE0ODgwMzIsImp0aSI6IjR4VHdLY3Z6MkJtb2dCOWJCbGQxelpBMlBoK0hqRlBTeDNDMWRjUkd6bzQ9IiwiaXNzIjoiOjoxIiwibmJmIjoxNTMxNDg4MDMyLCJleHAiOjE1MzE0ODk4MzIsImRhdGEiOnsidXNlcm5hbWUiOiJtYXJpbyIsInBhc3N3b3JkIjoiZGZlYjliMDFlOTMxZWI2ODEzOTUyODQ4OGEwNDVlN2ViNjM3YWFjNiIsImlwIjoiOjoxIiwidXNlcl9hZ2VudCI6IlRpY2tldGluZy1XZWJBcHAifX0.w36_XWk2mDVG1gOdIODnAHuj6_3tE8xq0HSh1yhEsb0
Connection: close
Request body:

========================================
2018-07-13 20:25:37 
::1 GET /synergix/pos/public-api/v1/departments?is_active=1&limit=100 HTTP/1.1
HTTP headers:
Host: localhost
User-Agent: Ticketing-WebApp
Authorization: Bearer eyJ0eXAiOiJKV1QiLCJhbGciOiJIUzI1NiJ9.eyJpYXQiOjE1MzE0ODgwMzIsImp0aSI6IjR4VHdLY3Z6MkJtb2dCOWJCbGQxelpBMlBoK0hqRlBTeDNDMWRjUkd6bzQ9IiwiaXNzIjoiOjoxIiwibmJmIjoxNTMxNDg4MDMyLCJleHAiOjE1MzE0ODk4MzIsImRhdGEiOnsidXNlcm5hbWUiOiJtYXJpbyIsInBhc3N3b3JkIjoiZGZlYjliMDFlOTMxZWI2ODEzOTUyODQ4OGEwNDVlN2ViNjM3YWFjNiIsImlwIjoiOjoxIiwidXNlcl9hZ2VudCI6IlRpY2tldGluZy1XZWJBcHAifX0.w36_XWk2mDVG1gOdIODnAHuj6_3tE8xq0HSh1yhEsb0
Connection: close
Request body:

========================================
2018-07-13 20:25:38 
::1 GET /synergix/pos/public-api/v1/ticket_priorities?is_active=1 HTTP/1.1
HTTP headers:
Host: localhost
User-Agent: Ticketing-WebApp
Authorization: Bearer eyJ0eXAiOiJKV1QiLCJhbGciOiJIUzI1NiJ9.eyJpYXQiOjE1MzE0ODgwMzIsImp0aSI6IjR4VHdLY3Z6MkJtb2dCOWJCbGQxelpBMlBoK0hqRlBTeDNDMWRjUkd6bzQ9IiwiaXNzIjoiOjoxIiwibmJmIjoxNTMxNDg4MDMyLCJleHAiOjE1MzE0ODk4MzIsImRhdGEiOnsidXNlcm5hbWUiOiJtYXJpbyIsInBhc3N3b3JkIjoiZGZlYjliMDFlOTMxZWI2ODEzOTUyODQ4OGEwNDVlN2ViNjM3YWFjNiIsImlwIjoiOjoxIiwidXNlcl9hZ2VudCI6IlRpY2tldGluZy1XZWJBcHAifX0.w36_XWk2mDVG1gOdIODnAHuj6_3tE8xq0HSh1yhEsb0
Connection: close
Request body:

========================================
2018-07-13 20:25:38 
::1 GET /synergix/pos/public-api/v1/provinces/active?limit=50 HTTP/1.1
HTTP headers:
Host: localhost
User-Agent: Ticketing-WebApp
Authorization: Bearer eyJ0eXAiOiJKV1QiLCJhbGciOiJIUzI1NiJ9.eyJpYXQiOjE1MzE0ODgwMzIsImp0aSI6IjR4VHdLY3Z6MkJtb2dCOWJCbGQxelpBMlBoK0hqRlBTeDNDMWRjUkd6bzQ9IiwiaXNzIjoiOjoxIiwibmJmIjoxNTMxNDg4MDMyLCJleHAiOjE1MzE0ODk4MzIsImRhdGEiOnsidXNlcm5hbWUiOiJtYXJpbyIsInBhc3N3b3JkIjoiZGZlYjliMDFlOTMxZWI2ODEzOTUyODQ4OGEwNDVlN2ViNjM3YWFjNiIsImlwIjoiOjoxIiwidXNlcl9hZ2VudCI6IlRpY2tldGluZy1XZWJBcHAifX0.w36_XWk2mDVG1gOdIODnAHuj6_3tE8xq0HSh1yhEsb0
Connection: close
Request body:

========================================
2018-07-13 20:25:38 
::1 GET /synergix/pos/public-api/v1/product_types/active?limit=50 HTTP/1.1
HTTP headers:
Host: localhost
User-Agent: Ticketing-WebApp
Authorization: Bearer eyJ0eXAiOiJKV1QiLCJhbGciOiJIUzI1NiJ9.eyJpYXQiOjE1MzE0ODgwMzIsImp0aSI6IjR4VHdLY3Z6MkJtb2dCOWJCbGQxelpBMlBoK0hqRlBTeDNDMWRjUkd6bzQ9IiwiaXNzIjoiOjoxIiwibmJmIjoxNTMxNDg4MDMyLCJleHAiOjE1MzE0ODk4MzIsImRhdGEiOnsidXNlcm5hbWUiOiJtYXJpbyIsInBhc3N3b3JkIjoiZGZlYjliMDFlOTMxZWI2ODEzOTUyODQ4OGEwNDVlN2ViNjM3YWFjNiIsImlwIjoiOjoxIiwidXNlcl9hZ2VudCI6IlRpY2tldGluZy1XZWJBcHAifX0.w36_XWk2mDVG1gOdIODnAHuj6_3tE8xq0HSh1yhEsb0
Connection: close
Request body:

========================================
2018-07-13 20:25:39 
::1 GET /synergix/pos/public-api/v1/customer_types/active?limit=50 HTTP/1.1
HTTP headers:
Host: localhost
User-Agent: Ticketing-WebApp
Authorization: Bearer eyJ0eXAiOiJKV1QiLCJhbGciOiJIUzI1NiJ9.eyJpYXQiOjE1MzE0ODgwMzIsImp0aSI6IjR4VHdLY3Z6MkJtb2dCOWJCbGQxelpBMlBoK0hqRlBTeDNDMWRjUkd6bzQ9IiwiaXNzIjoiOjoxIiwibmJmIjoxNTMxNDg4MDMyLCJleHAiOjE1MzE0ODk4MzIsImRhdGEiOnsidXNlcm5hbWUiOiJtYXJpbyIsInBhc3N3b3JkIjoiZGZlYjliMDFlOTMxZWI2ODEzOTUyODQ4OGEwNDVlN2ViNjM3YWFjNiIsImlwIjoiOjoxIiwidXNlcl9hZ2VudCI6IlRpY2tldGluZy1XZWJBcHAifX0.w36_XWk2mDVG1gOdIODnAHuj6_3tE8xq0HSh1yhEsb0
Connection: close
Request body:

========================================
2018-07-13 20:25:42 
::1 GET /synergix/pos/public-api/v1/ticket_sources?is_active=1&limit=50 HTTP/1.1
HTTP headers:
Host: localhost
User-Agent: Ticketing-WebApp
Authorization: Bearer eyJ0eXAiOiJKV1QiLCJhbGciOiJIUzI1NiJ9.eyJpYXQiOjE1MzE0ODgwMzIsImp0aSI6IjR4VHdLY3Z6MkJtb2dCOWJCbGQxelpBMlBoK0hqRlBTeDNDMWRjUkd6bzQ9IiwiaXNzIjoiOjoxIiwibmJmIjoxNTMxNDg4MDMyLCJleHAiOjE1MzE0ODk4MzIsImRhdGEiOnsidXNlcm5hbWUiOiJtYXJpbyIsInBhc3N3b3JkIjoiZGZlYjliMDFlOTMxZWI2ODEzOTUyODQ4OGEwNDVlN2ViNjM3YWFjNiIsImlwIjoiOjoxIiwidXNlcl9hZ2VudCI6IlRpY2tldGluZy1XZWJBcHAifX0.w36_XWk2mDVG1gOdIODnAHuj6_3tE8xq0HSh1yhEsb0
Connection: close
Request body:

========================================
2018-07-13 20:25:43 
::1 GET /synergix/pos/public-api/v1/calls/1 HTTP/1.1
HTTP headers:
Host: localhost
User-Agent: Ticketing-WebApp
Authorization: Bearer eyJ0eXAiOiJKV1QiLCJhbGciOiJIUzI1NiJ9.eyJpYXQiOjE1MzE0ODgwMzIsImp0aSI6IjR4VHdLY3Z6MkJtb2dCOWJCbGQxelpBMlBoK0hqRlBTeDNDMWRjUkd6bzQ9IiwiaXNzIjoiOjoxIiwibmJmIjoxNTMxNDg4MDMyLCJleHAiOjE1MzE0ODk4MzIsImRhdGEiOnsidXNlcm5hbWUiOiJtYXJpbyIsInBhc3N3b3JkIjoiZGZlYjliMDFlOTMxZWI2ODEzOTUyODQ4OGEwNDVlN2ViNjM3YWFjNiIsImlwIjoiOjoxIiwidXNlcl9hZ2VudCI6IlRpY2tldGluZy1XZWJBcHAifX0.w36_XWk2mDVG1gOdIODnAHuj6_3tE8xq0HSh1yhEsb0
Connection: close
Request body:

========================================
2018-07-13 20:25:43 
::1 GET /synergix/pos/public-api/v1/ticket_categories?inbound_type_id=5&is_active=1&limit=500&order=name HTTP/1.1
HTTP headers:
Host: localhost
User-Agent: Ticketing-WebApp
Authorization: Bearer eyJ0eXAiOiJKV1QiLCJhbGciOiJIUzI1NiJ9.eyJpYXQiOjE1MzE0ODgwMzIsImp0aSI6IjR4VHdLY3Z6MkJtb2dCOWJCbGQxelpBMlBoK0hqRlBTeDNDMWRjUkd6bzQ9IiwiaXNzIjoiOjoxIiwibmJmIjoxNTMxNDg4MDMyLCJleHAiOjE1MzE0ODk4MzIsImRhdGEiOnsidXNlcm5hbWUiOiJtYXJpbyIsInBhc3N3b3JkIjoiZGZlYjliMDFlOTMxZWI2ODEzOTUyODQ4OGEwNDVlN2ViNjM3YWFjNiIsImlwIjoiOjoxIiwidXNlcl9hZ2VudCI6IlRpY2tldGluZy1XZWJBcHAifX0.w36_XWk2mDVG1gOdIODnAHuj6_3tE8xq0HSh1yhEsb0
Connection: close
Request body:

========================================
2018-07-13 20:26:16 
::1 GET /synergix/pos/public-api/v1/products?product_type_id=2&is_active=1&limit=500 HTTP/1.1
HTTP headers:
Host: localhost
User-Agent: Ticketing-WebApp
Authorization: Bearer eyJ0eXAiOiJKV1QiLCJhbGciOiJIUzI1NiJ9.eyJpYXQiOjE1MzE0ODgwMzIsImp0aSI6IjR4VHdLY3Z6MkJtb2dCOWJCbGQxelpBMlBoK0hqRlBTeDNDMWRjUkd6bzQ9IiwiaXNzIjoiOjoxIiwibmJmIjoxNTMxNDg4MDMyLCJleHAiOjE1MzE0ODk4MzIsImRhdGEiOnsidXNlcm5hbWUiOiJtYXJpbyIsInBhc3N3b3JkIjoiZGZlYjliMDFlOTMxZWI2ODEzOTUyODQ4OGEwNDVlN2ViNjM3YWFjNiIsImlwIjoiOjoxIiwidXNlcl9hZ2VudCI6IlRpY2tldGluZy1XZWJBcHAifX0.w36_XWk2mDVG1gOdIODnAHuj6_3tE8xq0HSh1yhEsb0
Connection: close
Request body:

========================================
2018-07-13 20:26:24 
::1 GET /synergix/pos/public-api/v1/contact_types?is_active=1 HTTP/1.1
HTTP headers:
Host: localhost
User-Agent: Ticketing-WebApp
Authorization: Bearer eyJ0eXAiOiJKV1QiLCJhbGciOiJIUzI1NiJ9.eyJpYXQiOjE1MzE0ODgwMzIsImp0aSI6IjR4VHdLY3Z6MkJtb2dCOWJCbGQxelpBMlBoK0hqRlBTeDNDMWRjUkd6bzQ9IiwiaXNzIjoiOjoxIiwibmJmIjoxNTMxNDg4MDMyLCJleHAiOjE1MzE0ODk4MzIsImRhdGEiOnsidXNlcm5hbWUiOiJtYXJpbyIsInBhc3N3b3JkIjoiZGZlYjliMDFlOTMxZWI2ODEzOTUyODQ4OGEwNDVlN2ViNjM3YWFjNiIsImlwIjoiOjoxIiwidXNlcl9hZ2VudCI6IlRpY2tldGluZy1XZWJBcHAifX0.w36_XWk2mDVG1gOdIODnAHuj6_3tE8xq0HSh1yhEsb0
Connection: close
Request body:

========================================
2018-07-13 20:26:24 
::1 GET /synergix/pos/public-api/v1/ticket_sources?is_active=1 HTTP/1.1
HTTP headers:
Host: localhost
User-Agent: Ticketing-WebApp
Authorization: Bearer eyJ0eXAiOiJKV1QiLCJhbGciOiJIUzI1NiJ9.eyJpYXQiOjE1MzE0ODgwMzIsImp0aSI6IjR4VHdLY3Z6MkJtb2dCOWJCbGQxelpBMlBoK0hqRlBTeDNDMWRjUkd6bzQ9IiwiaXNzIjoiOjoxIiwibmJmIjoxNTMxNDg4MDMyLCJleHAiOjE1MzE0ODk4MzIsImRhdGEiOnsidXNlcm5hbWUiOiJtYXJpbyIsInBhc3N3b3JkIjoiZGZlYjliMDFlOTMxZWI2ODEzOTUyODQ4OGEwNDVlN2ViNjM3YWFjNiIsImlwIjoiOjoxIiwidXNlcl9hZ2VudCI6IlRpY2tldGluZy1XZWJBcHAifX0.w36_XWk2mDVG1gOdIODnAHuj6_3tE8xq0HSh1yhEsb0
Connection: close
Request body:

========================================
2018-07-13 20:26:24 
::1 GET /synergix/pos/public-api/v1/ticket_types?is_active=1 HTTP/1.1
HTTP headers:
Host: localhost
User-Agent: Ticketing-WebApp
Authorization: Bearer eyJ0eXAiOiJKV1QiLCJhbGciOiJIUzI1NiJ9.eyJpYXQiOjE1MzE0ODgwMzIsImp0aSI6IjR4VHdLY3Z6MkJtb2dCOWJCbGQxelpBMlBoK0hqRlBTeDNDMWRjUkd6bzQ9IiwiaXNzIjoiOjoxIiwibmJmIjoxNTMxNDg4MDMyLCJleHAiOjE1MzE0ODk4MzIsImRhdGEiOnsidXNlcm5hbWUiOiJtYXJpbyIsInBhc3N3b3JkIjoiZGZlYjliMDFlOTMxZWI2ODEzOTUyODQ4OGEwNDVlN2ViNjM3YWFjNiIsImlwIjoiOjoxIiwidXNlcl9hZ2VudCI6IlRpY2tldGluZy1XZWJBcHAifX0.w36_XWk2mDVG1gOdIODnAHuj6_3tE8xq0HSh1yhEsb0
Connection: close
Request body:

========================================
2018-07-13 20:26:25 
::1 GET /synergix/pos/public-api/v1/departments?is_active=1&limit=100 HTTP/1.1
HTTP headers:
Host: localhost
User-Agent: Ticketing-WebApp
Authorization: Bearer eyJ0eXAiOiJKV1QiLCJhbGciOiJIUzI1NiJ9.eyJpYXQiOjE1MzE0ODgwMzIsImp0aSI6IjR4VHdLY3Z6MkJtb2dCOWJCbGQxelpBMlBoK0hqRlBTeDNDMWRjUkd6bzQ9IiwiaXNzIjoiOjoxIiwibmJmIjoxNTMxNDg4MDMyLCJleHAiOjE1MzE0ODk4MzIsImRhdGEiOnsidXNlcm5hbWUiOiJtYXJpbyIsInBhc3N3b3JkIjoiZGZlYjliMDFlOTMxZWI2ODEzOTUyODQ4OGEwNDVlN2ViNjM3YWFjNiIsImlwIjoiOjoxIiwidXNlcl9hZ2VudCI6IlRpY2tldGluZy1XZWJBcHAifX0.w36_XWk2mDVG1gOdIODnAHuj6_3tE8xq0HSh1yhEsb0
Connection: close
Request body:

========================================
2018-07-13 20:26:25 
::1 GET /synergix/pos/public-api/v1/ticket_priorities?is_active=1 HTTP/1.1
HTTP headers:
Host: localhost
User-Agent: Ticketing-WebApp
Authorization: Bearer eyJ0eXAiOiJKV1QiLCJhbGciOiJIUzI1NiJ9.eyJpYXQiOjE1MzE0ODgwMzIsImp0aSI6IjR4VHdLY3Z6MkJtb2dCOWJCbGQxelpBMlBoK0hqRlBTeDNDMWRjUkd6bzQ9IiwiaXNzIjoiOjoxIiwibmJmIjoxNTMxNDg4MDMyLCJleHAiOjE1MzE0ODk4MzIsImRhdGEiOnsidXNlcm5hbWUiOiJtYXJpbyIsInBhc3N3b3JkIjoiZGZlYjliMDFlOTMxZWI2ODEzOTUyODQ4OGEwNDVlN2ViNjM3YWFjNiIsImlwIjoiOjoxIiwidXNlcl9hZ2VudCI6IlRpY2tldGluZy1XZWJBcHAifX0.w36_XWk2mDVG1gOdIODnAHuj6_3tE8xq0HSh1yhEsb0
Connection: close
Request body:

========================================
2018-07-13 20:26:25 
::1 GET /synergix/pos/public-api/v1/provinces/active?limit=50 HTTP/1.1
HTTP headers:
Host: localhost
User-Agent: Ticketing-WebApp
Authorization: Bearer eyJ0eXAiOiJKV1QiLCJhbGciOiJIUzI1NiJ9.eyJpYXQiOjE1MzE0ODgwMzIsImp0aSI6IjR4VHdLY3Z6MkJtb2dCOWJCbGQxelpBMlBoK0hqRlBTeDNDMWRjUkd6bzQ9IiwiaXNzIjoiOjoxIiwibmJmIjoxNTMxNDg4MDMyLCJleHAiOjE1MzE0ODk4MzIsImRhdGEiOnsidXNlcm5hbWUiOiJtYXJpbyIsInBhc3N3b3JkIjoiZGZlYjliMDFlOTMxZWI2ODEzOTUyODQ4OGEwNDVlN2ViNjM3YWFjNiIsImlwIjoiOjoxIiwidXNlcl9hZ2VudCI6IlRpY2tldGluZy1XZWJBcHAifX0.w36_XWk2mDVG1gOdIODnAHuj6_3tE8xq0HSh1yhEsb0
Connection: close
Request body:

========================================
2018-07-13 20:26:26 
::1 GET /synergix/pos/public-api/v1/product_types/active?limit=50 HTTP/1.1
HTTP headers:
Host: localhost
User-Agent: Ticketing-WebApp
Authorization: Bearer eyJ0eXAiOiJKV1QiLCJhbGciOiJIUzI1NiJ9.eyJpYXQiOjE1MzE0ODgwMzIsImp0aSI6IjR4VHdLY3Z6MkJtb2dCOWJCbGQxelpBMlBoK0hqRlBTeDNDMWRjUkd6bzQ9IiwiaXNzIjoiOjoxIiwibmJmIjoxNTMxNDg4MDMyLCJleHAiOjE1MzE0ODk4MzIsImRhdGEiOnsidXNlcm5hbWUiOiJtYXJpbyIsInBhc3N3b3JkIjoiZGZlYjliMDFlOTMxZWI2ODEzOTUyODQ4OGEwNDVlN2ViNjM3YWFjNiIsImlwIjoiOjoxIiwidXNlcl9hZ2VudCI6IlRpY2tldGluZy1XZWJBcHAifX0.w36_XWk2mDVG1gOdIODnAHuj6_3tE8xq0HSh1yhEsb0
Connection: close
Request body:

========================================
2018-07-13 20:26:26 
::1 GET /synergix/pos/public-api/v1/customer_types/active?limit=50 HTTP/1.1
HTTP headers:
Host: localhost
User-Agent: Ticketing-WebApp
Authorization: Bearer eyJ0eXAiOiJKV1QiLCJhbGciOiJIUzI1NiJ9.eyJpYXQiOjE1MzE0ODgwMzIsImp0aSI6IjR4VHdLY3Z6MkJtb2dCOWJCbGQxelpBMlBoK0hqRlBTeDNDMWRjUkd6bzQ9IiwiaXNzIjoiOjoxIiwibmJmIjoxNTMxNDg4MDMyLCJleHAiOjE1MzE0ODk4MzIsImRhdGEiOnsidXNlcm5hbWUiOiJtYXJpbyIsInBhc3N3b3JkIjoiZGZlYjliMDFlOTMxZWI2ODEzOTUyODQ4OGEwNDVlN2ViNjM3YWFjNiIsImlwIjoiOjoxIiwidXNlcl9hZ2VudCI6IlRpY2tldGluZy1XZWJBcHAifX0.w36_XWk2mDVG1gOdIODnAHuj6_3tE8xq0HSh1yhEsb0
Connection: close
Request body:

========================================
2018-07-13 20:26:27 
::1 GET /synergix/pos/public-api/v1/ticket_sources?is_active=1&limit=50 HTTP/1.1
HTTP headers:
Host: localhost
User-Agent: Ticketing-WebApp
Authorization: Bearer eyJ0eXAiOiJKV1QiLCJhbGciOiJIUzI1NiJ9.eyJpYXQiOjE1MzE0ODgwMzIsImp0aSI6IjR4VHdLY3Z6MkJtb2dCOWJCbGQxelpBMlBoK0hqRlBTeDNDMWRjUkd6bzQ9IiwiaXNzIjoiOjoxIiwibmJmIjoxNTMxNDg4MDMyLCJleHAiOjE1MzE0ODk4MzIsImRhdGEiOnsidXNlcm5hbWUiOiJtYXJpbyIsInBhc3N3b3JkIjoiZGZlYjliMDFlOTMxZWI2ODEzOTUyODQ4OGEwNDVlN2ViNjM3YWFjNiIsImlwIjoiOjoxIiwidXNlcl9hZ2VudCI6IlRpY2tldGluZy1XZWJBcHAifX0.w36_XWk2mDVG1gOdIODnAHuj6_3tE8xq0HSh1yhEsb0
Connection: close
Request body:

========================================
2018-07-13 20:26:27 
::1 GET /synergix/pos/public-api/v1/ticket_categories?inbound_type_id=5&is_active=1&limit=500&order=name HTTP/1.1
HTTP headers:
Host: localhost
User-Agent: Ticketing-WebApp
Authorization: Bearer eyJ0eXAiOiJKV1QiLCJhbGciOiJIUzI1NiJ9.eyJpYXQiOjE1MzE0ODgwMzIsImp0aSI6IjR4VHdLY3Z6MkJtb2dCOWJCbGQxelpBMlBoK0hqRlBTeDNDMWRjUkd6bzQ9IiwiaXNzIjoiOjoxIiwibmJmIjoxNTMxNDg4MDMyLCJleHAiOjE1MzE0ODk4MzIsImRhdGEiOnsidXNlcm5hbWUiOiJtYXJpbyIsInBhc3N3b3JkIjoiZGZlYjliMDFlOTMxZWI2ODEzOTUyODQ4OGEwNDVlN2ViNjM3YWFjNiIsImlwIjoiOjoxIiwidXNlcl9hZ2VudCI6IlRpY2tldGluZy1XZWJBcHAifX0.w36_XWk2mDVG1gOdIODnAHuj6_3tE8xq0HSh1yhEsb0
Connection: close
Request body:

========================================
2018-07-13 20:26:28 
::1 GET /synergix/pos/public-api/v1/calls/1000 HTTP/1.1
HTTP headers:
Host: localhost
User-Agent: Ticketing-WebApp
Authorization: Bearer eyJ0eXAiOiJKV1QiLCJhbGciOiJIUzI1NiJ9.eyJpYXQiOjE1MzE0ODgwMzIsImp0aSI6IjR4VHdLY3Z6MkJtb2dCOWJCbGQxelpBMlBoK0hqRlBTeDNDMWRjUkd6bzQ9IiwiaXNzIjoiOjoxIiwibmJmIjoxNTMxNDg4MDMyLCJleHAiOjE1MzE0ODk4MzIsImRhdGEiOnsidXNlcm5hbWUiOiJtYXJpbyIsInBhc3N3b3JkIjoiZGZlYjliMDFlOTMxZWI2ODEzOTUyODQ4OGEwNDVlN2ViNjM3YWFjNiIsImlwIjoiOjoxIiwidXNlcl9hZ2VudCI6IlRpY2tldGluZy1XZWJBcHAifX0.w36_XWk2mDVG1gOdIODnAHuj6_3tE8xq0HSh1yhEsb0
Connection: close
Request body:

========================================
2018-07-13 20:26:34 
::1 GET /synergix/pos/public-api/v1/contact_types?is_active=1 HTTP/1.1
HTTP headers:
Host: localhost
User-Agent: Ticketing-WebApp
Authorization: Bearer eyJ0eXAiOiJKV1QiLCJhbGciOiJIUzI1NiJ9.eyJpYXQiOjE1MzE0ODgwMzIsImp0aSI6IjR4VHdLY3Z6MkJtb2dCOWJCbGQxelpBMlBoK0hqRlBTeDNDMWRjUkd6bzQ9IiwiaXNzIjoiOjoxIiwibmJmIjoxNTMxNDg4MDMyLCJleHAiOjE1MzE0ODk4MzIsImRhdGEiOnsidXNlcm5hbWUiOiJtYXJpbyIsInBhc3N3b3JkIjoiZGZlYjliMDFlOTMxZWI2ODEzOTUyODQ4OGEwNDVlN2ViNjM3YWFjNiIsImlwIjoiOjoxIiwidXNlcl9hZ2VudCI6IlRpY2tldGluZy1XZWJBcHAifX0.w36_XWk2mDVG1gOdIODnAHuj6_3tE8xq0HSh1yhEsb0
Connection: close
Request body:

========================================
2018-07-13 20:26:34 
::1 GET /synergix/pos/public-api/v1/ticket_sources?is_active=1 HTTP/1.1
HTTP headers:
Host: localhost
User-Agent: Ticketing-WebApp
Authorization: Bearer eyJ0eXAiOiJKV1QiLCJhbGciOiJIUzI1NiJ9.eyJpYXQiOjE1MzE0ODgwMzIsImp0aSI6IjR4VHdLY3Z6MkJtb2dCOWJCbGQxelpBMlBoK0hqRlBTeDNDMWRjUkd6bzQ9IiwiaXNzIjoiOjoxIiwibmJmIjoxNTMxNDg4MDMyLCJleHAiOjE1MzE0ODk4MzIsImRhdGEiOnsidXNlcm5hbWUiOiJtYXJpbyIsInBhc3N3b3JkIjoiZGZlYjliMDFlOTMxZWI2ODEzOTUyODQ4OGEwNDVlN2ViNjM3YWFjNiIsImlwIjoiOjoxIiwidXNlcl9hZ2VudCI6IlRpY2tldGluZy1XZWJBcHAifX0.w36_XWk2mDVG1gOdIODnAHuj6_3tE8xq0HSh1yhEsb0
Connection: close
Request body:

========================================
2018-07-13 20:26:34 
::1 GET /synergix/pos/public-api/v1/ticket_types?is_active=1 HTTP/1.1
HTTP headers:
Host: localhost
User-Agent: Ticketing-WebApp
Authorization: Bearer eyJ0eXAiOiJKV1QiLCJhbGciOiJIUzI1NiJ9.eyJpYXQiOjE1MzE0ODgwMzIsImp0aSI6IjR4VHdLY3Z6MkJtb2dCOWJCbGQxelpBMlBoK0hqRlBTeDNDMWRjUkd6bzQ9IiwiaXNzIjoiOjoxIiwibmJmIjoxNTMxNDg4MDMyLCJleHAiOjE1MzE0ODk4MzIsImRhdGEiOnsidXNlcm5hbWUiOiJtYXJpbyIsInBhc3N3b3JkIjoiZGZlYjliMDFlOTMxZWI2ODEzOTUyODQ4OGEwNDVlN2ViNjM3YWFjNiIsImlwIjoiOjoxIiwidXNlcl9hZ2VudCI6IlRpY2tldGluZy1XZWJBcHAifX0.w36_XWk2mDVG1gOdIODnAHuj6_3tE8xq0HSh1yhEsb0
Connection: close
Request body:

========================================
2018-07-13 20:26:35 
::1 GET /synergix/pos/public-api/v1/departments?is_active=1&limit=100 HTTP/1.1
HTTP headers:
Host: localhost
User-Agent: Ticketing-WebApp
Authorization: Bearer eyJ0eXAiOiJKV1QiLCJhbGciOiJIUzI1NiJ9.eyJpYXQiOjE1MzE0ODgwMzIsImp0aSI6IjR4VHdLY3Z6MkJtb2dCOWJCbGQxelpBMlBoK0hqRlBTeDNDMWRjUkd6bzQ9IiwiaXNzIjoiOjoxIiwibmJmIjoxNTMxNDg4MDMyLCJleHAiOjE1MzE0ODk4MzIsImRhdGEiOnsidXNlcm5hbWUiOiJtYXJpbyIsInBhc3N3b3JkIjoiZGZlYjliMDFlOTMxZWI2ODEzOTUyODQ4OGEwNDVlN2ViNjM3YWFjNiIsImlwIjoiOjoxIiwidXNlcl9hZ2VudCI6IlRpY2tldGluZy1XZWJBcHAifX0.w36_XWk2mDVG1gOdIODnAHuj6_3tE8xq0HSh1yhEsb0
Connection: close
Request body:

========================================
2018-07-13 20:26:35 
::1 GET /synergix/pos/public-api/v1/ticket_priorities?is_active=1 HTTP/1.1
HTTP headers:
Host: localhost
User-Agent: Ticketing-WebApp
Authorization: Bearer eyJ0eXAiOiJKV1QiLCJhbGciOiJIUzI1NiJ9.eyJpYXQiOjE1MzE0ODgwMzIsImp0aSI6IjR4VHdLY3Z6MkJtb2dCOWJCbGQxelpBMlBoK0hqRlBTeDNDMWRjUkd6bzQ9IiwiaXNzIjoiOjoxIiwibmJmIjoxNTMxNDg4MDMyLCJleHAiOjE1MzE0ODk4MzIsImRhdGEiOnsidXNlcm5hbWUiOiJtYXJpbyIsInBhc3N3b3JkIjoiZGZlYjliMDFlOTMxZWI2ODEzOTUyODQ4OGEwNDVlN2ViNjM3YWFjNiIsImlwIjoiOjoxIiwidXNlcl9hZ2VudCI6IlRpY2tldGluZy1XZWJBcHAifX0.w36_XWk2mDVG1gOdIODnAHuj6_3tE8xq0HSh1yhEsb0
Connection: close
Request body:

========================================
2018-07-13 20:26:36 
::1 GET /synergix/pos/public-api/v1/provinces/active?limit=50 HTTP/1.1
HTTP headers:
Host: localhost
User-Agent: Ticketing-WebApp
Authorization: Bearer eyJ0eXAiOiJKV1QiLCJhbGciOiJIUzI1NiJ9.eyJpYXQiOjE1MzE0ODgwMzIsImp0aSI6IjR4VHdLY3Z6MkJtb2dCOWJCbGQxelpBMlBoK0hqRlBTeDNDMWRjUkd6bzQ9IiwiaXNzIjoiOjoxIiwibmJmIjoxNTMxNDg4MDMyLCJleHAiOjE1MzE0ODk4MzIsImRhdGEiOnsidXNlcm5hbWUiOiJtYXJpbyIsInBhc3N3b3JkIjoiZGZlYjliMDFlOTMxZWI2ODEzOTUyODQ4OGEwNDVlN2ViNjM3YWFjNiIsImlwIjoiOjoxIiwidXNlcl9hZ2VudCI6IlRpY2tldGluZy1XZWJBcHAifX0.w36_XWk2mDVG1gOdIODnAHuj6_3tE8xq0HSh1yhEsb0
Connection: close
Request body:

========================================
2018-07-13 20:26:36 
::1 GET /synergix/pos/public-api/v1/product_types/active?limit=50 HTTP/1.1
HTTP headers:
Host: localhost
User-Agent: Ticketing-WebApp
Authorization: Bearer eyJ0eXAiOiJKV1QiLCJhbGciOiJIUzI1NiJ9.eyJpYXQiOjE1MzE0ODgwMzIsImp0aSI6IjR4VHdLY3Z6MkJtb2dCOWJCbGQxelpBMlBoK0hqRlBTeDNDMWRjUkd6bzQ9IiwiaXNzIjoiOjoxIiwibmJmIjoxNTMxNDg4MDMyLCJleHAiOjE1MzE0ODk4MzIsImRhdGEiOnsidXNlcm5hbWUiOiJtYXJpbyIsInBhc3N3b3JkIjoiZGZlYjliMDFlOTMxZWI2ODEzOTUyODQ4OGEwNDVlN2ViNjM3YWFjNiIsImlwIjoiOjoxIiwidXNlcl9hZ2VudCI6IlRpY2tldGluZy1XZWJBcHAifX0.w36_XWk2mDVG1gOdIODnAHuj6_3tE8xq0HSh1yhEsb0
Connection: close
Request body:

========================================
2018-07-13 20:26:36 
::1 GET /synergix/pos/public-api/v1/customer_types/active?limit=50 HTTP/1.1
HTTP headers:
Host: localhost
User-Agent: Ticketing-WebApp
Authorization: Bearer eyJ0eXAiOiJKV1QiLCJhbGciOiJIUzI1NiJ9.eyJpYXQiOjE1MzE0ODgwMzIsImp0aSI6IjR4VHdLY3Z6MkJtb2dCOWJCbGQxelpBMlBoK0hqRlBTeDNDMWRjUkd6bzQ9IiwiaXNzIjoiOjoxIiwibmJmIjoxNTMxNDg4MDMyLCJleHAiOjE1MzE0ODk4MzIsImRhdGEiOnsidXNlcm5hbWUiOiJtYXJpbyIsInBhc3N3b3JkIjoiZGZlYjliMDFlOTMxZWI2ODEzOTUyODQ4OGEwNDVlN2ViNjM3YWFjNiIsImlwIjoiOjoxIiwidXNlcl9hZ2VudCI6IlRpY2tldGluZy1XZWJBcHAifX0.w36_XWk2mDVG1gOdIODnAHuj6_3tE8xq0HSh1yhEsb0
Connection: close
Request body:

========================================
2018-07-13 20:26:37 
::1 GET /synergix/pos/public-api/v1/ticket_sources?is_active=1&limit=50 HTTP/1.1
HTTP headers:
Host: localhost
User-Agent: Ticketing-WebApp
Authorization: Bearer eyJ0eXAiOiJKV1QiLCJhbGciOiJIUzI1NiJ9.eyJpYXQiOjE1MzE0ODgwMzIsImp0aSI6IjR4VHdLY3Z6MkJtb2dCOWJCbGQxelpBMlBoK0hqRlBTeDNDMWRjUkd6bzQ9IiwiaXNzIjoiOjoxIiwibmJmIjoxNTMxNDg4MDMyLCJleHAiOjE1MzE0ODk4MzIsImRhdGEiOnsidXNlcm5hbWUiOiJtYXJpbyIsInBhc3N3b3JkIjoiZGZlYjliMDFlOTMxZWI2ODEzOTUyODQ4OGEwNDVlN2ViNjM3YWFjNiIsImlwIjoiOjoxIiwidXNlcl9hZ2VudCI6IlRpY2tldGluZy1XZWJBcHAifX0.w36_XWk2mDVG1gOdIODnAHuj6_3tE8xq0HSh1yhEsb0
Connection: close
Request body:

========================================
2018-07-13 20:26:38 
::1 GET /synergix/pos/public-api/v1/calls/500 HTTP/1.1
HTTP headers:
Host: localhost
User-Agent: Ticketing-WebApp
Authorization: Bearer eyJ0eXAiOiJKV1QiLCJhbGciOiJIUzI1NiJ9.eyJpYXQiOjE1MzE0ODgwMzIsImp0aSI6IjR4VHdLY3Z6MkJtb2dCOWJCbGQxelpBMlBoK0hqRlBTeDNDMWRjUkd6bzQ9IiwiaXNzIjoiOjoxIiwibmJmIjoxNTMxNDg4MDMyLCJleHAiOjE1MzE0ODk4MzIsImRhdGEiOnsidXNlcm5hbWUiOiJtYXJpbyIsInBhc3N3b3JkIjoiZGZlYjliMDFlOTMxZWI2ODEzOTUyODQ4OGEwNDVlN2ViNjM3YWFjNiIsImlwIjoiOjoxIiwidXNlcl9hZ2VudCI6IlRpY2tldGluZy1XZWJBcHAifX0.w36_XWk2mDVG1gOdIODnAHuj6_3tE8xq0HSh1yhEsb0
Connection: close
Request body:

========================================
2018-07-13 20:26:38 
::1 GET /synergix/pos/public-api/v1/ticket_categories?inbound_type_id=5&is_active=1&limit=500&order=name HTTP/1.1
HTTP headers:
Host: localhost
User-Agent: Ticketing-WebApp
Authorization: Bearer eyJ0eXAiOiJKV1QiLCJhbGciOiJIUzI1NiJ9.eyJpYXQiOjE1MzE0ODgwMzIsImp0aSI6IjR4VHdLY3Z6MkJtb2dCOWJCbGQxelpBMlBoK0hqRlBTeDNDMWRjUkd6bzQ9IiwiaXNzIjoiOjoxIiwibmJmIjoxNTMxNDg4MDMyLCJleHAiOjE1MzE0ODk4MzIsImRhdGEiOnsidXNlcm5hbWUiOiJtYXJpbyIsInBhc3N3b3JkIjoiZGZlYjliMDFlOTMxZWI2ODEzOTUyODQ4OGEwNDVlN2ViNjM3YWFjNiIsImlwIjoiOjoxIiwidXNlcl9hZ2VudCI6IlRpY2tldGluZy1XZWJBcHAifX0.w36_XWk2mDVG1gOdIODnAHuj6_3tE8xq0HSh1yhEsb0
Connection: close
Request body:

========================================
2018-07-13 20:26:43 
::1 GET /synergix/pos/public-api/v1/products?product_type_id=2&is_active=1&limit=500 HTTP/1.1
HTTP headers:
Host: localhost
User-Agent: Ticketing-WebApp
Authorization: Bearer eyJ0eXAiOiJKV1QiLCJhbGciOiJIUzI1NiJ9.eyJpYXQiOjE1MzE0ODgwMzIsImp0aSI6IjR4VHdLY3Z6MkJtb2dCOWJCbGQxelpBMlBoK0hqRlBTeDNDMWRjUkd6bzQ9IiwiaXNzIjoiOjoxIiwibmJmIjoxNTMxNDg4MDMyLCJleHAiOjE1MzE0ODk4MzIsImRhdGEiOnsidXNlcm5hbWUiOiJtYXJpbyIsInBhc3N3b3JkIjoiZGZlYjliMDFlOTMxZWI2ODEzOTUyODQ4OGEwNDVlN2ViNjM3YWFjNiIsImlwIjoiOjoxIiwidXNlcl9hZ2VudCI6IlRpY2tldGluZy1XZWJBcHAifX0.w36_XWk2mDVG1gOdIODnAHuj6_3tE8xq0HSh1yhEsb0
Connection: close
Request body:

========================================
2018-07-13 20:26:57 
::1 GET /synergix/pos/public-api/v1/customers?order=id&sort=desc&fullname=a&limit=10 HTTP/1.1
HTTP headers:
Host: localhost
User-Agent: Ticketing-WebApp
Authorization: Bearer eyJ0eXAiOiJKV1QiLCJhbGciOiJIUzI1NiJ9.eyJpYXQiOjE1MzE0ODgwMzIsImp0aSI6IjR4VHdLY3Z6MkJtb2dCOWJCbGQxelpBMlBoK0hqRlBTeDNDMWRjUkd6bzQ9IiwiaXNzIjoiOjoxIiwibmJmIjoxNTMxNDg4MDMyLCJleHAiOjE1MzE0ODk4MzIsImRhdGEiOnsidXNlcm5hbWUiOiJtYXJpbyIsInBhc3N3b3JkIjoiZGZlYjliMDFlOTMxZWI2ODEzOTUyODQ4OGEwNDVlN2ViNjM3YWFjNiIsImlwIjoiOjoxIiwidXNlcl9hZ2VudCI6IlRpY2tldGluZy1XZWJBcHAifX0.w36_XWk2mDVG1gOdIODnAHuj6_3tE8xq0HSh1yhEsb0
Connection: close
Request body:

========================================
2018-07-13 20:27:18 
::1 POST /synergix/pos/public-api/v1/tickets HTTP/1.1
HTTP headers:
Host: localhost
Content-Length: 342
User-Agent: Ticketing-WebApp
Authorization: Bearer eyJ0eXAiOiJKV1QiLCJhbGciOiJIUzI1NiJ9.eyJpYXQiOjE1MzE0ODgwMzIsImp0aSI6IjR4VHdLY3Z6MkJtb2dCOWJCbGQxelpBMlBoK0hqRlBTeDNDMWRjUkd6bzQ9IiwiaXNzIjoiOjoxIiwibmJmIjoxNTMxNDg4MDMyLCJleHAiOjE1MzE0ODk4MzIsImRhdGEiOnsidXNlcm5hbWUiOiJtYXJpbyIsInBhc3N3b3JkIjoiZGZlYjliMDFlOTMxZWI2ODEzOTUyODQ4OGEwNDVlN2ViNjM3YWFjNiIsImlwIjoiOjoxIiwidXNlcl9hZ2VudCI6IlRpY2tldGluZy1XZWJBcHAifX0.w36_XWk2mDVG1gOdIODnAHuj6_3tE8xq0HSh1yhEsb0
Connection: close
Content-Type: application/x-www-form-urlencoded
Request body:
media_id=1&contact_type_id=2&ticket_source_id=1&product_type_id=2&ticket_category_id=4&ticket_priority_id=2&ticket_type_id=5&department_id=6&create_date=2018-07-13+20%3A27%3A18&create_user_id=3&open_date=2018-07-13+20%3A27%3A18&open_user_id=3&ticket_detail=asdasdadasd&ticket_solution=asdasd&customer_id=3&sla=&product_id=3&ticket_status_id=1
========================================
2018-07-13 20:27:19 
::1 GET /synergix/pos/public-api/v1/tickets/2483 HTTP/1.1
HTTP headers:
Host: localhost
User-Agent: Ticketing-WebApp
Authorization: Bearer eyJ0eXAiOiJKV1QiLCJhbGciOiJIUzI1NiJ9.eyJpYXQiOjE1MzE0ODgwMzIsImp0aSI6IjR4VHdLY3Z6MkJtb2dCOWJCbGQxelpBMlBoK0hqRlBTeDNDMWRjUkd6bzQ9IiwiaXNzIjoiOjoxIiwibmJmIjoxNTMxNDg4MDMyLCJleHAiOjE1MzE0ODk4MzIsImRhdGEiOnsidXNlcm5hbWUiOiJtYXJpbyIsInBhc3N3b3JkIjoiZGZlYjliMDFlOTMxZWI2ODEzOTUyODQ4OGEwNDVlN2ViNjM3YWFjNiIsImlwIjoiOjoxIiwidXNlcl9hZ2VudCI6IlRpY2tldGluZy1XZWJBcHAifX0.w36_XWk2mDVG1gOdIODnAHuj6_3tE8xq0HSh1yhEsb0
Connection: close
Request body:

========================================
2018-07-13 20:27:20 
::1 GET /synergix/pos/public-api/v1/tickets?limit=1&ticket_no=1807130012 HTTP/1.1
HTTP headers:
Host: localhost
User-Agent: Ticketing-WebApp
Authorization: Bearer eyJ0eXAiOiJKV1QiLCJhbGciOiJIUzI1NiJ9.eyJpYXQiOjE1MzE0ODgwMzIsImp0aSI6IjR4VHdLY3Z6MkJtb2dCOWJCbGQxelpBMlBoK0hqRlBTeDNDMWRjUkd6bzQ9IiwiaXNzIjoiOjoxIiwibmJmIjoxNTMxNDg4MDMyLCJleHAiOjE1MzE0ODk4MzIsImRhdGEiOnsidXNlcm5hbWUiOiJtYXJpbyIsInBhc3N3b3JkIjoiZGZlYjliMDFlOTMxZWI2ODEzOTUyODQ4OGEwNDVlN2ViNjM3YWFjNiIsImlwIjoiOjoxIiwidXNlcl9hZ2VudCI6IlRpY2tldGluZy1XZWJBcHAifX0.w36_XWk2mDVG1gOdIODnAHuj6_3tE8xq0HSh1yhEsb0
Connection: close
Request body:

========================================
2018-07-13 20:27:21 
::1 GET /synergix/pos/public-api/v1/contact_types?is_active=1 HTTP/1.1
HTTP headers:
Host: localhost
User-Agent: Ticketing-WebApp
Authorization: Bearer eyJ0eXAiOiJKV1QiLCJhbGciOiJIUzI1NiJ9.eyJpYXQiOjE1MzE0ODgwMzIsImp0aSI6IjR4VHdLY3Z6MkJtb2dCOWJCbGQxelpBMlBoK0hqRlBTeDNDMWRjUkd6bzQ9IiwiaXNzIjoiOjoxIiwibmJmIjoxNTMxNDg4MDMyLCJleHAiOjE1MzE0ODk4MzIsImRhdGEiOnsidXNlcm5hbWUiOiJtYXJpbyIsInBhc3N3b3JkIjoiZGZlYjliMDFlOTMxZWI2ODEzOTUyODQ4OGEwNDVlN2ViNjM3YWFjNiIsImlwIjoiOjoxIiwidXNlcl9hZ2VudCI6IlRpY2tldGluZy1XZWJBcHAifX0.w36_XWk2mDVG1gOdIODnAHuj6_3tE8xq0HSh1yhEsb0
Connection: close
Request body:

========================================
2018-07-13 20:27:22 
::1 GET /synergix/pos/public-api/v1/ticket_sources?is_active=1 HTTP/1.1
HTTP headers:
Host: localhost
User-Agent: Ticketing-WebApp
Authorization: Bearer eyJ0eXAiOiJKV1QiLCJhbGciOiJIUzI1NiJ9.eyJpYXQiOjE1MzE0ODgwMzIsImp0aSI6IjR4VHdLY3Z6MkJtb2dCOWJCbGQxelpBMlBoK0hqRlBTeDNDMWRjUkd6bzQ9IiwiaXNzIjoiOjoxIiwibmJmIjoxNTMxNDg4MDMyLCJleHAiOjE1MzE0ODk4MzIsImRhdGEiOnsidXNlcm5hbWUiOiJtYXJpbyIsInBhc3N3b3JkIjoiZGZlYjliMDFlOTMxZWI2ODEzOTUyODQ4OGEwNDVlN2ViNjM3YWFjNiIsImlwIjoiOjoxIiwidXNlcl9hZ2VudCI6IlRpY2tldGluZy1XZWJBcHAifX0.w36_XWk2mDVG1gOdIODnAHuj6_3tE8xq0HSh1yhEsb0
Connection: close
Request body:

========================================
2018-07-13 20:27:22 
::1 GET /synergix/pos/public-api/v1/ticket_types?is_active=1 HTTP/1.1
HTTP headers:
Host: localhost
User-Agent: Ticketing-WebApp
Authorization: Bearer eyJ0eXAiOiJKV1QiLCJhbGciOiJIUzI1NiJ9.eyJpYXQiOjE1MzE0ODgwMzIsImp0aSI6IjR4VHdLY3Z6MkJtb2dCOWJCbGQxelpBMlBoK0hqRlBTeDNDMWRjUkd6bzQ9IiwiaXNzIjoiOjoxIiwibmJmIjoxNTMxNDg4MDMyLCJleHAiOjE1MzE0ODk4MzIsImRhdGEiOnsidXNlcm5hbWUiOiJtYXJpbyIsInBhc3N3b3JkIjoiZGZlYjliMDFlOTMxZWI2ODEzOTUyODQ4OGEwNDVlN2ViNjM3YWFjNiIsImlwIjoiOjoxIiwidXNlcl9hZ2VudCI6IlRpY2tldGluZy1XZWJBcHAifX0.w36_XWk2mDVG1gOdIODnAHuj6_3tE8xq0HSh1yhEsb0
Connection: close
Request body:

========================================
2018-07-13 20:27:22 
::1 GET /synergix/pos/public-api/v1/ticket_categories?is_active=1&ticket_type_id=5 HTTP/1.1
HTTP headers:
Host: localhost
User-Agent: Ticketing-WebApp
Authorization: Bearer eyJ0eXAiOiJKV1QiLCJhbGciOiJIUzI1NiJ9.eyJpYXQiOjE1MzE0ODgwMzIsImp0aSI6IjR4VHdLY3Z6MkJtb2dCOWJCbGQxelpBMlBoK0hqRlBTeDNDMWRjUkd6bzQ9IiwiaXNzIjoiOjoxIiwibmJmIjoxNTMxNDg4MDMyLCJleHAiOjE1MzE0ODk4MzIsImRhdGEiOnsidXNlcm5hbWUiOiJtYXJpbyIsInBhc3N3b3JkIjoiZGZlYjliMDFlOTMxZWI2ODEzOTUyODQ4OGEwNDVlN2ViNjM3YWFjNiIsImlwIjoiOjoxIiwidXNlcl9hZ2VudCI6IlRpY2tldGluZy1XZWJBcHAifX0.w36_XWk2mDVG1gOdIODnAHuj6_3tE8xq0HSh1yhEsb0
Connection: close
Request body:

========================================
2018-07-13 20:27:23 
::1 GET /synergix/pos/public-api/v1/ticket_subcategories?is_active=1&ticket_category_id=4 HTTP/1.1
HTTP headers:
Host: localhost
User-Agent: Ticketing-WebApp
Authorization: Bearer eyJ0eXAiOiJKV1QiLCJhbGciOiJIUzI1NiJ9.eyJpYXQiOjE1MzE0ODgwMzIsImp0aSI6IjR4VHdLY3Z6MkJtb2dCOWJCbGQxelpBMlBoK0hqRlBTeDNDMWRjUkd6bzQ9IiwiaXNzIjoiOjoxIiwibmJmIjoxNTMxNDg4MDMyLCJleHAiOjE1MzE0ODk4MzIsImRhdGEiOnsidXNlcm5hbWUiOiJtYXJpbyIsInBhc3N3b3JkIjoiZGZlYjliMDFlOTMxZWI2ODEzOTUyODQ4OGEwNDVlN2ViNjM3YWFjNiIsImlwIjoiOjoxIiwidXNlcl9hZ2VudCI6IlRpY2tldGluZy1XZWJBcHAifX0.w36_XWk2mDVG1gOdIODnAHuj6_3tE8xq0HSh1yhEsb0
Connection: close
Request body:

========================================
2018-07-13 20:27:23 
::1 GET /synergix/pos/public-api/v1/departments?is_active=1&limit=100&order=name HTTP/1.1
HTTP headers:
Host: localhost
User-Agent: Ticketing-WebApp
Authorization: Bearer eyJ0eXAiOiJKV1QiLCJhbGciOiJIUzI1NiJ9.eyJpYXQiOjE1MzE0ODgwMzIsImp0aSI6IjR4VHdLY3Z6MkJtb2dCOWJCbGQxelpBMlBoK0hqRlBTeDNDMWRjUkd6bzQ9IiwiaXNzIjoiOjoxIiwibmJmIjoxNTMxNDg4MDMyLCJleHAiOjE1MzE0ODk4MzIsImRhdGEiOnsidXNlcm5hbWUiOiJtYXJpbyIsInBhc3N3b3JkIjoiZGZlYjliMDFlOTMxZWI2ODEzOTUyODQ4OGEwNDVlN2ViNjM3YWFjNiIsImlwIjoiOjoxIiwidXNlcl9hZ2VudCI6IlRpY2tldGluZy1XZWJBcHAifX0.w36_XWk2mDVG1gOdIODnAHuj6_3tE8xq0HSh1yhEsb0
Connection: close
Request body:

========================================
2018-07-13 20:27:24 
::1 GET /synergix/pos/public-api/v1/ticket_priorities?is_active=1 HTTP/1.1
HTTP headers:
Host: localhost
User-Agent: Ticketing-WebApp
Authorization: Bearer eyJ0eXAiOiJKV1QiLCJhbGciOiJIUzI1NiJ9.eyJpYXQiOjE1MzE0ODgwMzIsImp0aSI6IjR4VHdLY3Z6MkJtb2dCOWJCbGQxelpBMlBoK0hqRlBTeDNDMWRjUkd6bzQ9IiwiaXNzIjoiOjoxIiwibmJmIjoxNTMxNDg4MDMyLCJleHAiOjE1MzE0ODk4MzIsImRhdGEiOnsidXNlcm5hbWUiOiJtYXJpbyIsInBhc3N3b3JkIjoiZGZlYjliMDFlOTMxZWI2ODEzOTUyODQ4OGEwNDVlN2ViNjM3YWFjNiIsImlwIjoiOjoxIiwidXNlcl9hZ2VudCI6IlRpY2tldGluZy1XZWJBcHAifX0.w36_XWk2mDVG1gOdIODnAHuj6_3tE8xq0HSh1yhEsb0
Connection: close
Request body:

========================================
2018-07-13 20:27:24 
::1 GET /synergix/pos/public-api/v1/product_types/active?limit=50 HTTP/1.1
HTTP headers:
Host: localhost
User-Agent: Ticketing-WebApp
Authorization: Bearer eyJ0eXAiOiJKV1QiLCJhbGciOiJIUzI1NiJ9.eyJpYXQiOjE1MzE0ODgwMzIsImp0aSI6IjR4VHdLY3Z6MkJtb2dCOWJCbGQxelpBMlBoK0hqRlBTeDNDMWRjUkd6bzQ9IiwiaXNzIjoiOjoxIiwibmJmIjoxNTMxNDg4MDMyLCJleHAiOjE1MzE0ODk4MzIsImRhdGEiOnsidXNlcm5hbWUiOiJtYXJpbyIsInBhc3N3b3JkIjoiZGZlYjliMDFlOTMxZWI2ODEzOTUyODQ4OGEwNDVlN2ViNjM3YWFjNiIsImlwIjoiOjoxIiwidXNlcl9hZ2VudCI6IlRpY2tldGluZy1XZWJBcHAifX0.w36_XWk2mDVG1gOdIODnAHuj6_3tE8xq0HSh1yhEsb0
Connection: close
Request body:

========================================
2018-07-13 20:27:24 
::1 GET /synergix/pos/public-api/v1/customer_types/active?limit=50 HTTP/1.1
HTTP headers:
Host: localhost
User-Agent: Ticketing-WebApp
Authorization: Bearer eyJ0eXAiOiJKV1QiLCJhbGciOiJIUzI1NiJ9.eyJpYXQiOjE1MzE0ODgwMzIsImp0aSI6IjR4VHdLY3Z6MkJtb2dCOWJCbGQxelpBMlBoK0hqRlBTeDNDMWRjUkd6bzQ9IiwiaXNzIjoiOjoxIiwibmJmIjoxNTMxNDg4MDMyLCJleHAiOjE1MzE0ODk4MzIsImRhdGEiOnsidXNlcm5hbWUiOiJtYXJpbyIsInBhc3N3b3JkIjoiZGZlYjliMDFlOTMxZWI2ODEzOTUyODQ4OGEwNDVlN2ViNjM3YWFjNiIsImlwIjoiOjoxIiwidXNlcl9hZ2VudCI6IlRpY2tldGluZy1XZWJBcHAifX0.w36_XWk2mDVG1gOdIODnAHuj6_3tE8xq0HSh1yhEsb0
Connection: close
Request body:

========================================
2018-07-13 20:27:25 
::1 GET /synergix/pos/public-api/v1/outbound_types/active?limit=50 HTTP/1.1
HTTP headers:
Host: localhost
User-Agent: Ticketing-WebApp
Authorization: Bearer eyJ0eXAiOiJKV1QiLCJhbGciOiJIUzI1NiJ9.eyJpYXQiOjE1MzE0ODgwMzIsImp0aSI6IjR4VHdLY3Z6MkJtb2dCOWJCbGQxelpBMlBoK0hqRlBTeDNDMWRjUkd6bzQ9IiwiaXNzIjoiOjoxIiwibmJmIjoxNTMxNDg4MDMyLCJleHAiOjE1MzE0ODk4MzIsImRhdGEiOnsidXNlcm5hbWUiOiJtYXJpbyIsInBhc3N3b3JkIjoiZGZlYjliMDFlOTMxZWI2ODEzOTUyODQ4OGEwNDVlN2ViNjM3YWFjNiIsImlwIjoiOjoxIiwidXNlcl9hZ2VudCI6IlRpY2tldGluZy1XZWJBcHAifX0.w36_XWk2mDVG1gOdIODnAHuj6_3tE8xq0HSh1yhEsb0
Connection: close
Request body:

========================================
