2018-02-03 07:02:55 
::1 POST /synergix-takaful/public-api/v1/users/token HTTP/1.1
HTTP headers:
Host: localhost
Content-Length: 31
User-Agent: Ticketing-WebApp
Connection: close
Content-Type: application/x-www-form-urlencoded
Request body:
username=rahmat&password=rahmat
========================================
2018-02-03 07:02:57 
::1 GET /synergix-takaful/public-api/v1/users/8 HTTP/1.1
HTTP headers:
Host: localhost
User-Agent: Ticketing-WebApp
Authorization: Bearer eyJ0eXAiOiJKV1QiLCJhbGciOiJIUzI1NiJ9.eyJpYXQiOjE1MTc2MTYxNzYsImp0aSI6Ing5VVphdmZJTllPdmJhXC9cL1FnNU5PbGlCR2ZHWEpqWlk0VjJZSnVtMW1QST0iLCJpc3MiOiI6OjEiLCJuYmYiOjE1MTc2MTYxNzYsImV4cCI6MTUxNzYxNzk3NiwiZGF0YSI6eyJ1c2VybmFtZSI6InJhaG1hdCIsInBhc3N3b3JkIjoiOTFkZjdhYTYyMDk5YzNiZjRhM2Y2ZDVkNTQ1NjM3ODk0ODllMDRiNSIsImlwIjoiOjoxIiwidXNlcl9hZ2VudCI6IlRpY2tldGluZy1XZWJBcHAifX0.smXZMfqnvgDgQ6MKvAflC_sDBP6m7XwhA9vUSSyVmA4
Connection: close
Request body:

========================================
2018-02-03 07:02:57 
::1 GET /synergix-takaful/public-api/v1/user_level_modules/active?code=TICKET&user_level_id=1 HTTP/1.1
HTTP headers:
Host: localhost
User-Agent: Ticketing-WebApp
Authorization: Bearer eyJ0eXAiOiJKV1QiLCJhbGciOiJIUzI1NiJ9.eyJpYXQiOjE1MTc2MTYxNzYsImp0aSI6Ing5VVphdmZJTllPdmJhXC9cL1FnNU5PbGlCR2ZHWEpqWlk0VjJZSnVtMW1QST0iLCJpc3MiOiI6OjEiLCJuYmYiOjE1MTc2MTYxNzYsImV4cCI6MTUxNzYxNzk3NiwiZGF0YSI6eyJ1c2VybmFtZSI6InJhaG1hdCIsInBhc3N3b3JkIjoiOTFkZjdhYTYyMDk5YzNiZjRhM2Y2ZDVkNTQ1NjM3ODk0ODllMDRiNSIsImlwIjoiOjoxIiwidXNlcl9hZ2VudCI6IlRpY2tldGluZy1XZWJBcHAifX0.smXZMfqnvgDgQ6MKvAflC_sDBP6m7XwhA9vUSSyVmA4
Connection: close
Request body:

========================================
2018-02-03 07:02:58 
::1 GET /synergix-takaful/public-api/v1/tickets?need_follow_up=1&ticket_status_id=4&limit=1 HTTP/1.1
HTTP headers:
Host: localhost
User-Agent: Ticketing-WebApp
Authorization: Bearer eyJ0eXAiOiJKV1QiLCJhbGciOiJIUzI1NiJ9.eyJpYXQiOjE1MTc2MTYxNzYsImp0aSI6Ing5VVphdmZJTllPdmJhXC9cL1FnNU5PbGlCR2ZHWEpqWlk0VjJZSnVtMW1QST0iLCJpc3MiOiI6OjEiLCJuYmYiOjE1MTc2MTYxNzYsImV4cCI6MTUxNzYxNzk3NiwiZGF0YSI6eyJ1c2VybmFtZSI6InJhaG1hdCIsInBhc3N3b3JkIjoiOTFkZjdhYTYyMDk5YzNiZjRhM2Y2ZDVkNTQ1NjM3ODk0ODllMDRiNSIsImlwIjoiOjoxIiwidXNlcl9hZ2VudCI6IlRpY2tldGluZy1XZWJBcHAifX0.smXZMfqnvgDgQ6MKvAflC_sDBP6m7XwhA9vUSSyVmA4
Connection: close
Request body:

========================================
2018-02-03 07:02:58 
::1 GET /synergix-takaful/public-api/v1/tickets?limit=20&start=1517590800&end=1517590800 HTTP/1.1
HTTP headers:
Host: localhost
User-Agent: Ticketing-WebApp
Authorization: Bearer eyJ0eXAiOiJKV1QiLCJhbGciOiJIUzI1NiJ9.eyJpYXQiOjE1MTc2MTYxNzYsImp0aSI6Ing5VVphdmZJTllPdmJhXC9cL1FnNU5PbGlCR2ZHWEpqWlk0VjJZSnVtMW1QST0iLCJpc3MiOiI6OjEiLCJuYmYiOjE1MTc2MTYxNzYsImV4cCI6MTUxNzYxNzk3NiwiZGF0YSI6eyJ1c2VybmFtZSI6InJhaG1hdCIsInBhc3N3b3JkIjoiOTFkZjdhYTYyMDk5YzNiZjRhM2Y2ZDVkNTQ1NjM3ODk0ODllMDRiNSIsImlwIjoiOjoxIiwidXNlcl9hZ2VudCI6IlRpY2tldGluZy1XZWJBcHAifX0.smXZMfqnvgDgQ6MKvAflC_sDBP6m7XwhA9vUSSyVmA4
Connection: close
Request body:

========================================
