2018-01-24 08:41:04 
::1 POST /synergix-takaful/public-api/v1/users/token HTTP/1.1
HTTP headers:
Host: localhost
Content-Length: 35
User-Agent: Ticketing-WebApp
Connection: close
Content-Type: application/x-www-form-urlencoded
Request body:
username=ba_admin&password=ba_admin
========================================
2018-01-24 08:41:05 
::1 GET /synergix-takaful/public-api/v1/users/9 HTTP/1.1
HTTP headers:
Host: localhost
User-Agent: Ticketing-WebApp
Authorization: Bearer eyJ0eXAiOiJKV1QiLCJhbGciOiJIUzI1NiJ9.eyJpYXQiOjE1MTY3NTgwNjQsImp0aSI6Im5LWmM2UFZDYTI4VXAwNzVDTlFtVU01cDB6QWRIZWFaTlkrT2VhZHBZU2s9IiwiaXNzIjoiOjoxIiwibmJmIjoxNTE2NzU4MDY0LCJleHAiOjE1MTY3NTk4NjQsImRhdGEiOnsidXNlcm5hbWUiOiJiYV9hZG1pbiIsInBhc3N3b3JkIjoiYTAzNmFjMTM3MjJhYTNjNjg1YjRmYzQ5NWJjYTEwYTcxNzRmMDk3MCIsImlwIjoiOjoxIiwidXNlcl9hZ2VudCI6IlRpY2tldGluZy1XZWJBcHAifX0.MYYZL0W6MORQY55YxvnQl-9-tMwJheZKyqq3rN9w_20
Connection: close
Request body:

========================================
2018-01-24 08:41:05 
::1 GET /synergix-takaful/public-api/v1/user_level_modules/active?code=TICKET&user_level_id=7 HTTP/1.1
HTTP headers:
Host: localhost
User-Agent: Ticketing-WebApp
Authorization: Bearer eyJ0eXAiOiJKV1QiLCJhbGciOiJIUzI1NiJ9.eyJpYXQiOjE1MTY3NTgwNjQsImp0aSI6Im5LWmM2UFZDYTI4VXAwNzVDTlFtVU01cDB6QWRIZWFaTlkrT2VhZHBZU2s9IiwiaXNzIjoiOjoxIiwibmJmIjoxNTE2NzU4MDY0LCJleHAiOjE1MTY3NTk4NjQsImRhdGEiOnsidXNlcm5hbWUiOiJiYV9hZG1pbiIsInBhc3N3b3JkIjoiYTAzNmFjMTM3MjJhYTNjNjg1YjRmYzQ5NWJjYTEwYTcxNzRmMDk3MCIsImlwIjoiOjoxIiwidXNlcl9hZ2VudCI6IlRpY2tldGluZy1XZWJBcHAifX0.MYYZL0W6MORQY55YxvnQl-9-tMwJheZKyqq3rN9w_20
Connection: close
Request body:

========================================
2018-01-24 08:41:06 
::1 GET /synergix-takaful/public-api/v1/ticket_types?is_active=1 HTTP/1.1
HTTP headers:
Host: localhost
User-Agent: Ticketing-WebApp
Authorization: Bearer eyJ0eXAiOiJKV1QiLCJhbGciOiJIUzI1NiJ9.eyJpYXQiOjE1MTY3NTgwNjQsImp0aSI6Im5LWmM2UFZDYTI4VXAwNzVDTlFtVU01cDB6QWRIZWFaTlkrT2VhZHBZU2s9IiwiaXNzIjoiOjoxIiwibmJmIjoxNTE2NzU4MDY0LCJleHAiOjE1MTY3NTk4NjQsImRhdGEiOnsidXNlcm5hbWUiOiJiYV9hZG1pbiIsInBhc3N3b3JkIjoiYTAzNmFjMTM3MjJhYTNjNjg1YjRmYzQ5NWJjYTEwYTcxNzRmMDk3MCIsImlwIjoiOjoxIiwidXNlcl9hZ2VudCI6IlRpY2tldGluZy1XZWJBcHAifX0.MYYZL0W6MORQY55YxvnQl-9-tMwJheZKyqq3rN9w_20
Connection: close
Request body:

========================================
2018-01-24 08:41:06 
::1 GET /synergix-takaful/public-api/v1/ticket_statuses/active?order=name HTTP/1.1
HTTP headers:
Host: localhost
User-Agent: Ticketing-WebApp
Authorization: Bearer eyJ0eXAiOiJKV1QiLCJhbGciOiJIUzI1NiJ9.eyJpYXQiOjE1MTY3NTgwNjQsImp0aSI6Im5LWmM2UFZDYTI4VXAwNzVDTlFtVU01cDB6QWRIZWFaTlkrT2VhZHBZU2s9IiwiaXNzIjoiOjoxIiwibmJmIjoxNTE2NzU4MDY0LCJleHAiOjE1MTY3NTk4NjQsImRhdGEiOnsidXNlcm5hbWUiOiJiYV9hZG1pbiIsInBhc3N3b3JkIjoiYTAzNmFjMTM3MjJhYTNjNjg1YjRmYzQ5NWJjYTEwYTcxNzRmMDk3MCIsImlwIjoiOjoxIiwidXNlcl9hZ2VudCI6IlRpY2tldGluZy1XZWJBcHAifX0.MYYZL0W6MORQY55YxvnQl-9-tMwJheZKyqq3rN9w_20
Connection: close
Request body:

========================================
2018-01-24 08:41:06 
::1 GET /synergix-takaful/public-api/v1/tickets?limit=20&start=1516726800&end=1516726800 HTTP/1.1
HTTP headers:
Host: localhost
User-Agent: Ticketing-WebApp
Authorization: Bearer eyJ0eXAiOiJKV1QiLCJhbGciOiJIUzI1NiJ9.eyJpYXQiOjE1MTY3NTgwNjQsImp0aSI6Im5LWmM2UFZDYTI4VXAwNzVDTlFtVU01cDB6QWRIZWFaTlkrT2VhZHBZU2s9IiwiaXNzIjoiOjoxIiwibmJmIjoxNTE2NzU4MDY0LCJleHAiOjE1MTY3NTk4NjQsImRhdGEiOnsidXNlcm5hbWUiOiJiYV9hZG1pbiIsInBhc3N3b3JkIjoiYTAzNmFjMTM3MjJhYTNjNjg1YjRmYzQ5NWJjYTEwYTcxNzRmMDk3MCIsImlwIjoiOjoxIiwidXNlcl9hZ2VudCI6IlRpY2tldGluZy1XZWJBcHAifX0.MYYZL0W6MORQY55YxvnQl-9-tMwJheZKyqq3rN9w_20
Connection: close
Request body:

========================================
2018-01-24 09:54:17 
::1 POST /synergix-takaful/public-api/v1/users/token HTTP/1.1
HTTP headers:
Host: localhost
Content-Length: 31
User-Agent: Ticketing-WebApp
Connection: close
Content-Type: application/x-www-form-urlencoded
Request body:
username=bs_spv&password=bs_spv
========================================
2018-01-24 09:54:19 
::1 GET /synergix-takaful/public-api/v1/users/4 HTTP/1.1
HTTP headers:
Host: localhost
User-Agent: Ticketing-WebApp
Authorization: Bearer eyJ0eXAiOiJKV1QiLCJhbGciOiJIUzI1NiJ9.eyJpYXQiOjE1MTY3NjI0NTcsImp0aSI6ImI4YjYwXC9UZktoZUMreE1qMzIrRTA3blFEMVNDMncwRjlWcXFnUzBcL2dVND0iLCJpc3MiOiI6OjEiLCJuYmYiOjE1MTY3NjI0NTcsImV4cCI6MTUxNjc2NDI1NywiZGF0YSI6eyJ1c2VybmFtZSI6ImJzX3NwdiIsInBhc3N3b3JkIjoiNzY3MTE0OWU5MDEyMzBiOWMzOTA1MmQ3MzM1OGRkNmZjZjVmOGQ5OCIsImlwIjoiOjoxIiwidXNlcl9hZ2VudCI6IlRpY2tldGluZy1XZWJBcHAifX0.YgxtcqBs__S1L26xqvHrnElbpzbJbzTshSQsdA2w6eM
Connection: close
Request body:

========================================
2018-01-24 09:54:19 
::1 GET /synergix-takaful/public-api/v1/user_level_modules/active?code=TICKET&user_level_id=3&order=code&limit=100 HTTP/1.1
HTTP headers:
Host: localhost
User-Agent: Ticketing-WebApp
Authorization: Bearer eyJ0eXAiOiJKV1QiLCJhbGciOiJIUzI1NiJ9.eyJpYXQiOjE1MTY3NjI0NTcsImp0aSI6ImI4YjYwXC9UZktoZUMreE1qMzIrRTA3blFEMVNDMncwRjlWcXFnUzBcL2dVND0iLCJpc3MiOiI6OjEiLCJuYmYiOjE1MTY3NjI0NTcsImV4cCI6MTUxNjc2NDI1NywiZGF0YSI6eyJ1c2VybmFtZSI6ImJzX3NwdiIsInBhc3N3b3JkIjoiNzY3MTE0OWU5MDEyMzBiOWMzOTA1MmQ3MzM1OGRkNmZjZjVmOGQ5OCIsImlwIjoiOjoxIiwidXNlcl9hZ2VudCI6IlRpY2tldGluZy1XZWJBcHAifX0.YgxtcqBs__S1L26xqvHrnElbpzbJbzTshSQsdA2w6eM
Connection: close
Request body:

========================================
2018-01-24 09:54:19 
::1 GET /synergix-takaful/public-api/v1/ticket_statistics HTTP/1.1
HTTP headers:
Host: localhost
User-Agent: Ticketing-WebApp
Authorization: Bearer eyJ0eXAiOiJKV1QiLCJhbGciOiJIUzI1NiJ9.eyJpYXQiOjE1MTY3NjI0NTcsImp0aSI6ImI4YjYwXC9UZktoZUMreE1qMzIrRTA3blFEMVNDMncwRjlWcXFnUzBcL2dVND0iLCJpc3MiOiI6OjEiLCJuYmYiOjE1MTY3NjI0NTcsImV4cCI6MTUxNjc2NDI1NywiZGF0YSI6eyJ1c2VybmFtZSI6ImJzX3NwdiIsInBhc3N3b3JkIjoiNzY3MTE0OWU5MDEyMzBiOWMzOTA1MmQ3MzM1OGRkNmZjZjVmOGQ5OCIsImlwIjoiOjoxIiwidXNlcl9hZ2VudCI6IlRpY2tldGluZy1XZWJBcHAifX0.YgxtcqBs__S1L26xqvHrnElbpzbJbzTshSQsdA2w6eM
Connection: close
Request body:

========================================
2018-01-24 09:54:19 
::1 GET /synergix-takaful/public-api/v1/ticket_statistics/departments HTTP/1.1
HTTP headers:
Host: localhost
User-Agent: Ticketing-WebApp
Authorization: Bearer eyJ0eXAiOiJKV1QiLCJhbGciOiJIUzI1NiJ9.eyJpYXQiOjE1MTY3NjI0NTcsImp0aSI6ImI4YjYwXC9UZktoZUMreE1qMzIrRTA3blFEMVNDMncwRjlWcXFnUzBcL2dVND0iLCJpc3MiOiI6OjEiLCJuYmYiOjE1MTY3NjI0NTcsImV4cCI6MTUxNjc2NDI1NywiZGF0YSI6eyJ1c2VybmFtZSI6ImJzX3NwdiIsInBhc3N3b3JkIjoiNzY3MTE0OWU5MDEyMzBiOWMzOTA1MmQ3MzM1OGRkNmZjZjVmOGQ5OCIsImlwIjoiOjoxIiwidXNlcl9hZ2VudCI6IlRpY2tldGluZy1XZWJBcHAifX0.YgxtcqBs__S1L26xqvHrnElbpzbJbzTshSQsdA2w6eM
Connection: close
Request body:

========================================
2018-01-24 09:54:19 
::1 GET /synergix-takaful/public-api/v1/ticket_statistics/categories HTTP/1.1
HTTP headers:
Host: localhost
User-Agent: Ticketing-WebApp
Authorization: Bearer eyJ0eXAiOiJKV1QiLCJhbGciOiJIUzI1NiJ9.eyJpYXQiOjE1MTY3NjI0NTcsImp0aSI6ImI4YjYwXC9UZktoZUMreE1qMzIrRTA3blFEMVNDMncwRjlWcXFnUzBcL2dVND0iLCJpc3MiOiI6OjEiLCJuYmYiOjE1MTY3NjI0NTcsImV4cCI6MTUxNjc2NDI1NywiZGF0YSI6eyJ1c2VybmFtZSI6ImJzX3NwdiIsInBhc3N3b3JkIjoiNzY3MTE0OWU5MDEyMzBiOWMzOTA1MmQ3MzM1OGRkNmZjZjVmOGQ5OCIsImlwIjoiOjoxIiwidXNlcl9hZ2VudCI6IlRpY2tldGluZy1XZWJBcHAifX0.YgxtcqBs__S1L26xqvHrnElbpzbJbzTshSQsdA2w6eM
Connection: close
Request body:

========================================
2018-01-24 09:54:20 
::1 GET /synergix-takaful/public-api/v1/ticket_statistics/subcategories HTTP/1.1
HTTP headers:
Host: localhost
User-Agent: Ticketing-WebApp
Authorization: Bearer eyJ0eXAiOiJKV1QiLCJhbGciOiJIUzI1NiJ9.eyJpYXQiOjE1MTY3NjI0NTcsImp0aSI6ImI4YjYwXC9UZktoZUMreE1qMzIrRTA3blFEMVNDMncwRjlWcXFnUzBcL2dVND0iLCJpc3MiOiI6OjEiLCJuYmYiOjE1MTY3NjI0NTcsImV4cCI6MTUxNjc2NDI1NywiZGF0YSI6eyJ1c2VybmFtZSI6ImJzX3NwdiIsInBhc3N3b3JkIjoiNzY3MTE0OWU5MDEyMzBiOWMzOTA1MmQ3MzM1OGRkNmZjZjVmOGQ5OCIsImlwIjoiOjoxIiwidXNlcl9hZ2VudCI6IlRpY2tldGluZy1XZWJBcHAifX0.YgxtcqBs__S1L26xqvHrnElbpzbJbzTshSQsdA2w6eM
Connection: close
Request body:

========================================
2018-01-24 09:57:31 
::1 GET /synergix-takaful/public-api/v1/ticket_statistics HTTP/1.1
HTTP headers:
Host: localhost
User-Agent: Ticketing-WebApp
Authorization: Bearer eyJ0eXAiOiJKV1QiLCJhbGciOiJIUzI1NiJ9.eyJpYXQiOjE1MTY3NjI0NTcsImp0aSI6ImI4YjYwXC9UZktoZUMreE1qMzIrRTA3blFEMVNDMncwRjlWcXFnUzBcL2dVND0iLCJpc3MiOiI6OjEiLCJuYmYiOjE1MTY3NjI0NTcsImV4cCI6MTUxNjc2NDI1NywiZGF0YSI6eyJ1c2VybmFtZSI6ImJzX3NwdiIsInBhc3N3b3JkIjoiNzY3MTE0OWU5MDEyMzBiOWMzOTA1MmQ3MzM1OGRkNmZjZjVmOGQ5OCIsImlwIjoiOjoxIiwidXNlcl9hZ2VudCI6IlRpY2tldGluZy1XZWJBcHAifX0.YgxtcqBs__S1L26xqvHrnElbpzbJbzTshSQsdA2w6eM
Connection: close
Request body:

========================================
2018-01-24 09:57:31 
::1 GET /synergix-takaful/public-api/v1/ticket_statistics/departments HTTP/1.1
HTTP headers:
Host: localhost
User-Agent: Ticketing-WebApp
Authorization: Bearer eyJ0eXAiOiJKV1QiLCJhbGciOiJIUzI1NiJ9.eyJpYXQiOjE1MTY3NjI0NTcsImp0aSI6ImI4YjYwXC9UZktoZUMreE1qMzIrRTA3blFEMVNDMncwRjlWcXFnUzBcL2dVND0iLCJpc3MiOiI6OjEiLCJuYmYiOjE1MTY3NjI0NTcsImV4cCI6MTUxNjc2NDI1NywiZGF0YSI6eyJ1c2VybmFtZSI6ImJzX3NwdiIsInBhc3N3b3JkIjoiNzY3MTE0OWU5MDEyMzBiOWMzOTA1MmQ3MzM1OGRkNmZjZjVmOGQ5OCIsImlwIjoiOjoxIiwidXNlcl9hZ2VudCI6IlRpY2tldGluZy1XZWJBcHAifX0.YgxtcqBs__S1L26xqvHrnElbpzbJbzTshSQsdA2w6eM
Connection: close
Request body:

========================================
2018-01-24 09:57:32 
::1 GET /synergix-takaful/public-api/v1/ticket_statistics/categories HTTP/1.1
HTTP headers:
Host: localhost
User-Agent: Ticketing-WebApp
Authorization: Bearer eyJ0eXAiOiJKV1QiLCJhbGciOiJIUzI1NiJ9.eyJpYXQiOjE1MTY3NjI0NTcsImp0aSI6ImI4YjYwXC9UZktoZUMreE1qMzIrRTA3blFEMVNDMncwRjlWcXFnUzBcL2dVND0iLCJpc3MiOiI6OjEiLCJuYmYiOjE1MTY3NjI0NTcsImV4cCI6MTUxNjc2NDI1NywiZGF0YSI6eyJ1c2VybmFtZSI6ImJzX3NwdiIsInBhc3N3b3JkIjoiNzY3MTE0OWU5MDEyMzBiOWMzOTA1MmQ3MzM1OGRkNmZjZjVmOGQ5OCIsImlwIjoiOjoxIiwidXNlcl9hZ2VudCI6IlRpY2tldGluZy1XZWJBcHAifX0.YgxtcqBs__S1L26xqvHrnElbpzbJbzTshSQsdA2w6eM
Connection: close
Request body:

========================================
2018-01-24 09:57:32 
::1 GET /synergix-takaful/public-api/v1/ticket_statistics/subcategories HTTP/1.1
HTTP headers:
Host: localhost
User-Agent: Ticketing-WebApp
Authorization: Bearer eyJ0eXAiOiJKV1QiLCJhbGciOiJIUzI1NiJ9.eyJpYXQiOjE1MTY3NjI0NTcsImp0aSI6ImI4YjYwXC9UZktoZUMreE1qMzIrRTA3blFEMVNDMncwRjlWcXFnUzBcL2dVND0iLCJpc3MiOiI6OjEiLCJuYmYiOjE1MTY3NjI0NTcsImV4cCI6MTUxNjc2NDI1NywiZGF0YSI6eyJ1c2VybmFtZSI6ImJzX3NwdiIsInBhc3N3b3JkIjoiNzY3MTE0OWU5MDEyMzBiOWMzOTA1MmQ3MzM1OGRkNmZjZjVmOGQ5OCIsImlwIjoiOjoxIiwidXNlcl9hZ2VudCI6IlRpY2tldGluZy1XZWJBcHAifX0.YgxtcqBs__S1L26xqvHrnElbpzbJbzTshSQsdA2w6eM
Connection: close
Request body:

========================================
2018-01-24 09:57:45 
::1 POST /synergix-takaful/public-api/v1/users/token HTTP/1.1
HTTP headers:
Host: localhost
Content-Length: 31
User-Agent: Ticketing-WebApp
Connection: close
Content-Type: application/x-www-form-urlencoded
Request body:
username=bs_spv&password=bs_spv
========================================
2018-01-24 09:57:46 
::1 GET /synergix-takaful/public-api/v1/users/4 HTTP/1.1
HTTP headers:
Host: localhost
User-Agent: Ticketing-WebApp
Authorization: Bearer eyJ0eXAiOiJKV1QiLCJhbGciOiJIUzI1NiJ9.eyJpYXQiOjE1MTY3NjI2NjUsImp0aSI6Iks2eloycnlIbEpjNTl5XC9tVG5vTEJDSEdWUHRJR1RYMTF0Y1hDazBwWlBBPSIsImlzcyI6Ijo6MSIsIm5iZiI6MTUxNjc2MjY2NSwiZXhwIjoxNTE2NzY0NDY1LCJkYXRhIjp7InVzZXJuYW1lIjoiYnNfc3B2IiwicGFzc3dvcmQiOiI3NjcxMTQ5ZTkwMTIzMGI5YzM5MDUyZDczMzU4ZGQ2ZmNmNWY4ZDk4IiwiaXAiOiI6OjEiLCJ1c2VyX2FnZW50IjoiVGlja2V0aW5nLVdlYkFwcCJ9fQ.L5muH4U7dwvzPFcXTNJ6Tp0g5OHvgmorpLWZKjFYBPc
Connection: close
Request body:

========================================
2018-01-24 09:57:47 
::1 GET /synergix-takaful/public-api/v1/user_level_modules/active?code=TICKET&user_level_id=3&order=code&limit=100 HTTP/1.1
HTTP headers:
Host: localhost
User-Agent: Ticketing-WebApp
Authorization: Bearer eyJ0eXAiOiJKV1QiLCJhbGciOiJIUzI1NiJ9.eyJpYXQiOjE1MTY3NjI2NjUsImp0aSI6Iks2eloycnlIbEpjNTl5XC9tVG5vTEJDSEdWUHRJR1RYMTF0Y1hDazBwWlBBPSIsImlzcyI6Ijo6MSIsIm5iZiI6MTUxNjc2MjY2NSwiZXhwIjoxNTE2NzY0NDY1LCJkYXRhIjp7InVzZXJuYW1lIjoiYnNfc3B2IiwicGFzc3dvcmQiOiI3NjcxMTQ5ZTkwMTIzMGI5YzM5MDUyZDczMzU4ZGQ2ZmNmNWY4ZDk4IiwiaXAiOiI6OjEiLCJ1c2VyX2FnZW50IjoiVGlja2V0aW5nLVdlYkFwcCJ9fQ.L5muH4U7dwvzPFcXTNJ6Tp0g5OHvgmorpLWZKjFYBPc
Connection: close
Request body:

========================================
2018-01-24 09:57:47 
::1 GET /synergix-takaful/public-api/v1/ticket_statistics HTTP/1.1
HTTP headers:
Host: localhost
User-Agent: Ticketing-WebApp
Authorization: Bearer eyJ0eXAiOiJKV1QiLCJhbGciOiJIUzI1NiJ9.eyJpYXQiOjE1MTY3NjI2NjUsImp0aSI6Iks2eloycnlIbEpjNTl5XC9tVG5vTEJDSEdWUHRJR1RYMTF0Y1hDazBwWlBBPSIsImlzcyI6Ijo6MSIsIm5iZiI6MTUxNjc2MjY2NSwiZXhwIjoxNTE2NzY0NDY1LCJkYXRhIjp7InVzZXJuYW1lIjoiYnNfc3B2IiwicGFzc3dvcmQiOiI3NjcxMTQ5ZTkwMTIzMGI5YzM5MDUyZDczMzU4ZGQ2ZmNmNWY4ZDk4IiwiaXAiOiI6OjEiLCJ1c2VyX2FnZW50IjoiVGlja2V0aW5nLVdlYkFwcCJ9fQ.L5muH4U7dwvzPFcXTNJ6Tp0g5OHvgmorpLWZKjFYBPc
Connection: close
Request body:

========================================
2018-01-24 09:57:47 
::1 GET /synergix-takaful/public-api/v1/ticket_statistics/departments HTTP/1.1
HTTP headers:
Host: localhost
User-Agent: Ticketing-WebApp
Authorization: Bearer eyJ0eXAiOiJKV1QiLCJhbGciOiJIUzI1NiJ9.eyJpYXQiOjE1MTY3NjI2NjUsImp0aSI6Iks2eloycnlIbEpjNTl5XC9tVG5vTEJDSEdWUHRJR1RYMTF0Y1hDazBwWlBBPSIsImlzcyI6Ijo6MSIsIm5iZiI6MTUxNjc2MjY2NSwiZXhwIjoxNTE2NzY0NDY1LCJkYXRhIjp7InVzZXJuYW1lIjoiYnNfc3B2IiwicGFzc3dvcmQiOiI3NjcxMTQ5ZTkwMTIzMGI5YzM5MDUyZDczMzU4ZGQ2ZmNmNWY4ZDk4IiwiaXAiOiI6OjEiLCJ1c2VyX2FnZW50IjoiVGlja2V0aW5nLVdlYkFwcCJ9fQ.L5muH4U7dwvzPFcXTNJ6Tp0g5OHvgmorpLWZKjFYBPc
Connection: close
Request body:

========================================
2018-01-24 09:57:47 
::1 GET /synergix-takaful/public-api/v1/ticket_statistics/categories HTTP/1.1
HTTP headers:
Host: localhost
User-Agent: Ticketing-WebApp
Authorization: Bearer eyJ0eXAiOiJKV1QiLCJhbGciOiJIUzI1NiJ9.eyJpYXQiOjE1MTY3NjI2NjUsImp0aSI6Iks2eloycnlIbEpjNTl5XC9tVG5vTEJDSEdWUHRJR1RYMTF0Y1hDazBwWlBBPSIsImlzcyI6Ijo6MSIsIm5iZiI6MTUxNjc2MjY2NSwiZXhwIjoxNTE2NzY0NDY1LCJkYXRhIjp7InVzZXJuYW1lIjoiYnNfc3B2IiwicGFzc3dvcmQiOiI3NjcxMTQ5ZTkwMTIzMGI5YzM5MDUyZDczMzU4ZGQ2ZmNmNWY4ZDk4IiwiaXAiOiI6OjEiLCJ1c2VyX2FnZW50IjoiVGlja2V0aW5nLVdlYkFwcCJ9fQ.L5muH4U7dwvzPFcXTNJ6Tp0g5OHvgmorpLWZKjFYBPc
Connection: close
Request body:

========================================
2018-01-24 09:57:47 
::1 GET /synergix-takaful/public-api/v1/ticket_statistics/subcategories HTTP/1.1
HTTP headers:
Host: localhost
User-Agent: Ticketing-WebApp
Authorization: Bearer eyJ0eXAiOiJKV1QiLCJhbGciOiJIUzI1NiJ9.eyJpYXQiOjE1MTY3NjI2NjUsImp0aSI6Iks2eloycnlIbEpjNTl5XC9tVG5vTEJDSEdWUHRJR1RYMTF0Y1hDazBwWlBBPSIsImlzcyI6Ijo6MSIsIm5iZiI6MTUxNjc2MjY2NSwiZXhwIjoxNTE2NzY0NDY1LCJkYXRhIjp7InVzZXJuYW1lIjoiYnNfc3B2IiwicGFzc3dvcmQiOiI3NjcxMTQ5ZTkwMTIzMGI5YzM5MDUyZDczMzU4ZGQ2ZmNmNWY4ZDk4IiwiaXAiOiI6OjEiLCJ1c2VyX2FnZW50IjoiVGlja2V0aW5nLVdlYkFwcCJ9fQ.L5muH4U7dwvzPFcXTNJ6Tp0g5OHvgmorpLWZKjFYBPc
Connection: close
Request body:

========================================
2018-01-24 10:07:53 
::1 GET /synergix-takaful/public-api/v1/customers?limit=20&order=fullname&page= HTTP/1.1
HTTP headers:
Host: localhost
User-Agent: Ticketing-WebApp
Authorization: Bearer eyJ0eXAiOiJKV1QiLCJhbGciOiJIUzI1NiJ9.eyJpYXQiOjE1MTY3NjI2NjUsImp0aSI6Iks2eloycnlIbEpjNTl5XC9tVG5vTEJDSEdWUHRJR1RYMTF0Y1hDazBwWlBBPSIsImlzcyI6Ijo6MSIsIm5iZiI6MTUxNjc2MjY2NSwiZXhwIjoxNTE2NzY0NDY1LCJkYXRhIjp7InVzZXJuYW1lIjoiYnNfc3B2IiwicGFzc3dvcmQiOiI3NjcxMTQ5ZTkwMTIzMGI5YzM5MDUyZDczMzU4ZGQ2ZmNmNWY4ZDk4IiwiaXAiOiI6OjEiLCJ1c2VyX2FnZW50IjoiVGlja2V0aW5nLVdlYkFwcCJ9fQ.L5muH4U7dwvzPFcXTNJ6Tp0g5OHvgmorpLWZKjFYBPc
Connection: close
Request body:

========================================
2018-01-24 10:07:53 
::1 GET /synergix-takaful/public-api/v1/provinces/active?order=name HTTP/1.1
HTTP headers:
Host: localhost
User-Agent: Ticketing-WebApp
Authorization: Bearer eyJ0eXAiOiJKV1QiLCJhbGciOiJIUzI1NiJ9.eyJpYXQiOjE1MTY3NjI2NjUsImp0aSI6Iks2eloycnlIbEpjNTl5XC9tVG5vTEJDSEdWUHRJR1RYMTF0Y1hDazBwWlBBPSIsImlzcyI6Ijo6MSIsIm5iZiI6MTUxNjc2MjY2NSwiZXhwIjoxNTE2NzY0NDY1LCJkYXRhIjp7InVzZXJuYW1lIjoiYnNfc3B2IiwicGFzc3dvcmQiOiI3NjcxMTQ5ZTkwMTIzMGI5YzM5MDUyZDczMzU4ZGQ2ZmNmNWY4ZDk4IiwiaXAiOiI6OjEiLCJ1c2VyX2FnZW50IjoiVGlja2V0aW5nLVdlYkFwcCJ9fQ.L5muH4U7dwvzPFcXTNJ6Tp0g5OHvgmorpLWZKjFYBPc
Connection: close
Request body:

========================================
2018-01-24 10:08:04 
::1 GET /synergix-takaful/public-api/v1/ticket_categories?limit=20&page=1&order=id HTTP/1.1
HTTP headers:
Host: localhost
User-Agent: Ticketing-WebApp
Authorization: Bearer eyJ0eXAiOiJKV1QiLCJhbGciOiJIUzI1NiJ9.eyJpYXQiOjE1MTY3NjI2NjUsImp0aSI6Iks2eloycnlIbEpjNTl5XC9tVG5vTEJDSEdWUHRJR1RYMTF0Y1hDazBwWlBBPSIsImlzcyI6Ijo6MSIsIm5iZiI6MTUxNjc2MjY2NSwiZXhwIjoxNTE2NzY0NDY1LCJkYXRhIjp7InVzZXJuYW1lIjoiYnNfc3B2IiwicGFzc3dvcmQiOiI3NjcxMTQ5ZTkwMTIzMGI5YzM5MDUyZDczMzU4ZGQ2ZmNmNWY4ZDk4IiwiaXAiOiI6OjEiLCJ1c2VyX2FnZW50IjoiVGlja2V0aW5nLVdlYkFwcCJ9fQ.L5muH4U7dwvzPFcXTNJ6Tp0g5OHvgmorpLWZKjFYBPc
Connection: close
Request body:

========================================
2018-01-24 10:15:02 
::1 GET /synergix-takaful/public-api/v1/users?limit=20&order=fullname&page= HTTP/1.1
HTTP headers:
Host: localhost
User-Agent: Ticketing-WebApp
Authorization: Bearer eyJ0eXAiOiJKV1QiLCJhbGciOiJIUzI1NiJ9.eyJpYXQiOjE1MTY3NjI2NjUsImp0aSI6Iks2eloycnlIbEpjNTl5XC9tVG5vTEJDSEdWUHRJR1RYMTF0Y1hDazBwWlBBPSIsImlzcyI6Ijo6MSIsIm5iZiI6MTUxNjc2MjY2NSwiZXhwIjoxNTE2NzY0NDY1LCJkYXRhIjp7InVzZXJuYW1lIjoiYnNfc3B2IiwicGFzc3dvcmQiOiI3NjcxMTQ5ZTkwMTIzMGI5YzM5MDUyZDczMzU4ZGQ2ZmNmNWY4ZDk4IiwiaXAiOiI6OjEiLCJ1c2VyX2FnZW50IjoiVGlja2V0aW5nLVdlYkFwcCJ9fQ.L5muH4U7dwvzPFcXTNJ6Tp0g5OHvgmorpLWZKjFYBPc
Connection: close
Request body:

========================================
2018-01-24 10:15:02 
::1 GET /synergix-takaful/public-api/v1/user_levels/active HTTP/1.1
HTTP headers:
Host: localhost
User-Agent: Ticketing-WebApp
Authorization: Bearer eyJ0eXAiOiJKV1QiLCJhbGciOiJIUzI1NiJ9.eyJpYXQiOjE1MTY3NjI2NjUsImp0aSI6Iks2eloycnlIbEpjNTl5XC9tVG5vTEJDSEdWUHRJR1RYMTF0Y1hDazBwWlBBPSIsImlzcyI6Ijo6MSIsIm5iZiI6MTUxNjc2MjY2NSwiZXhwIjoxNTE2NzY0NDY1LCJkYXRhIjp7InVzZXJuYW1lIjoiYnNfc3B2IiwicGFzc3dvcmQiOiI3NjcxMTQ5ZTkwMTIzMGI5YzM5MDUyZDczMzU4ZGQ2ZmNmNWY4ZDk4IiwiaXAiOiI6OjEiLCJ1c2VyX2FnZW50IjoiVGlja2V0aW5nLVdlYkFwcCJ9fQ.L5muH4U7dwvzPFcXTNJ6Tp0g5OHvgmorpLWZKjFYBPc
Connection: close
Request body:

========================================
2018-01-24 10:18:52 
::1 POST /synergix-takaful/public-api/v1/users/token HTTP/1.1
HTTP headers:
Host: localhost
Content-Length: 29
User-Agent: Ticketing-WebApp
Connection: close
Content-Type: application/x-www-form-urlencoded
Request body:
username=bs_01&password=bs_01
========================================
2018-01-24 10:18:54 
::1 GET /synergix-takaful/public-api/v1/users/6 HTTP/1.1
HTTP headers:
Host: localhost
User-Agent: Ticketing-WebApp
Authorization: Bearer eyJ0eXAiOiJKV1QiLCJhbGciOiJIUzI1NiJ9.eyJpYXQiOjE1MTY3NjM5MzMsImp0aSI6ImhhS00rbkwxNCtIRVwvMTY3dFQwR1FXand0UmIxdHBNbXJMR013WkZLMHRBPSIsImlzcyI6Ijo6MSIsIm5iZiI6MTUxNjc2MzkzMywiZXhwIjoxNTE2NzY1NzMzLCJkYXRhIjp7InVzZXJuYW1lIjoiYnNfMDEiLCJwYXNzd29yZCI6IjE1M2ViYjRmYjNhN2M5ZGMxZmNiMTE2MzkwOTVjOGVjNDZiZGM0OTEiLCJpcCI6Ijo6MSIsInVzZXJfYWdlbnQiOiJUaWNrZXRpbmctV2ViQXBwIn19.Rf_iqTHMy9Gl0VQH1FYbMoX4Ctb5tUmcXwQ0Dfn6cIg
Connection: close
Request body:

========================================
2018-01-24 10:18:54 
::1 GET /synergix-takaful/public-api/v1/user_level_modules/active?code=TICKET&user_level_id=1 HTTP/1.1
HTTP headers:
Host: localhost
User-Agent: Ticketing-WebApp
Authorization: Bearer eyJ0eXAiOiJKV1QiLCJhbGciOiJIUzI1NiJ9.eyJpYXQiOjE1MTY3NjM5MzMsImp0aSI6ImhhS00rbkwxNCtIRVwvMTY3dFQwR1FXand0UmIxdHBNbXJMR013WkZLMHRBPSIsImlzcyI6Ijo6MSIsIm5iZiI6MTUxNjc2MzkzMywiZXhwIjoxNTE2NzY1NzMzLCJkYXRhIjp7InVzZXJuYW1lIjoiYnNfMDEiLCJwYXNzd29yZCI6IjE1M2ViYjRmYjNhN2M5ZGMxZmNiMTE2MzkwOTVjOGVjNDZiZGM0OTEiLCJpcCI6Ijo6MSIsInVzZXJfYWdlbnQiOiJUaWNrZXRpbmctV2ViQXBwIn19.Rf_iqTHMy9Gl0VQH1FYbMoX4Ctb5tUmcXwQ0Dfn6cIg
Connection: close
Request body:

========================================
2018-01-24 10:18:54 
::1 GET /synergix-takaful/public-api/v1/tickets?limit=20&start=1516726800&end=1516726800 HTTP/1.1
HTTP headers:
Host: localhost
User-Agent: Ticketing-WebApp
Authorization: Bearer eyJ0eXAiOiJKV1QiLCJhbGciOiJIUzI1NiJ9.eyJpYXQiOjE1MTY3NjM5MzMsImp0aSI6ImhhS00rbkwxNCtIRVwvMTY3dFQwR1FXand0UmIxdHBNbXJMR013WkZLMHRBPSIsImlzcyI6Ijo6MSIsIm5iZiI6MTUxNjc2MzkzMywiZXhwIjoxNTE2NzY1NzMzLCJkYXRhIjp7InVzZXJuYW1lIjoiYnNfMDEiLCJwYXNzd29yZCI6IjE1M2ViYjRmYjNhN2M5ZGMxZmNiMTE2MzkwOTVjOGVjNDZiZGM0OTEiLCJpcCI6Ijo6MSIsInVzZXJfYWdlbnQiOiJUaWNrZXRpbmctV2ViQXBwIn19.Rf_iqTHMy9Gl0VQH1FYbMoX4Ctb5tUmcXwQ0Dfn6cIg
Connection: close
Request body:

========================================
2018-01-24 10:23:57 
::1 POST /synergix-takaful/public-api/v1/users/token HTTP/1.1
HTTP headers:
Host: localhost
Content-Length: 31
User-Agent: Ticketing-WebApp
Connection: close
Content-Type: application/x-www-form-urlencoded
Request body:
username=bs_spv&password=bs_spv
========================================
2018-01-24 10:23:58 
::1 GET /synergix-takaful/public-api/v1/users/4 HTTP/1.1
HTTP headers:
Host: localhost
User-Agent: Ticketing-WebApp
Authorization: Bearer eyJ0eXAiOiJKV1QiLCJhbGciOiJIUzI1NiJ9.eyJpYXQiOjE1MTY3NjQyMzcsImp0aSI6IjlQQkVOeGxQMUVqSVVEWmt0SFErVXFqVThDcGY4RGRUb0EwblFFOXpBWFE9IiwiaXNzIjoiOjoxIiwibmJmIjoxNTE2NzY0MjM3LCJleHAiOjE1MTY3NjYwMzcsImRhdGEiOnsidXNlcm5hbWUiOiJic19zcHYiLCJwYXNzd29yZCI6Ijc2NzExNDllOTAxMjMwYjljMzkwNTJkNzMzNThkZDZmY2Y1ZjhkOTgiLCJpcCI6Ijo6MSIsInVzZXJfYWdlbnQiOiJUaWNrZXRpbmctV2ViQXBwIn19.vwU_Yh0yHyOQkHZebsMwdRByJ_jkH2IMzl3W52c_c8U
Connection: close
Request body:

========================================
2018-01-24 10:23:58 
::1 GET /synergix-takaful/public-api/v1/user_level_modules/active?code=TICKET&user_level_id=3 HTTP/1.1
HTTP headers:
Host: localhost
User-Agent: Ticketing-WebApp
Authorization: Bearer eyJ0eXAiOiJKV1QiLCJhbGciOiJIUzI1NiJ9.eyJpYXQiOjE1MTY3NjQyMzcsImp0aSI6IjlQQkVOeGxQMUVqSVVEWmt0SFErVXFqVThDcGY4RGRUb0EwblFFOXpBWFE9IiwiaXNzIjoiOjoxIiwibmJmIjoxNTE2NzY0MjM3LCJleHAiOjE1MTY3NjYwMzcsImRhdGEiOnsidXNlcm5hbWUiOiJic19zcHYiLCJwYXNzd29yZCI6Ijc2NzExNDllOTAxMjMwYjljMzkwNTJkNzMzNThkZDZmY2Y1ZjhkOTgiLCJpcCI6Ijo6MSIsInVzZXJfYWdlbnQiOiJUaWNrZXRpbmctV2ViQXBwIn19.vwU_Yh0yHyOQkHZebsMwdRByJ_jkH2IMzl3W52c_c8U
Connection: close
Request body:

========================================
2018-01-24 10:23:59 
::1 GET /synergix-takaful/public-api/v1/tickets?limit=20&start=1516726800&end=1516726800 HTTP/1.1
HTTP headers:
Host: localhost
User-Agent: Ticketing-WebApp
Authorization: Bearer eyJ0eXAiOiJKV1QiLCJhbGciOiJIUzI1NiJ9.eyJpYXQiOjE1MTY3NjQyMzcsImp0aSI6IjlQQkVOeGxQMUVqSVVEWmt0SFErVXFqVThDcGY4RGRUb0EwblFFOXpBWFE9IiwiaXNzIjoiOjoxIiwibmJmIjoxNTE2NzY0MjM3LCJleHAiOjE1MTY3NjYwMzcsImRhdGEiOnsidXNlcm5hbWUiOiJic19zcHYiLCJwYXNzd29yZCI6Ijc2NzExNDllOTAxMjMwYjljMzkwNTJkNzMzNThkZDZmY2Y1ZjhkOTgiLCJpcCI6Ijo6MSIsInVzZXJfYWdlbnQiOiJUaWNrZXRpbmctV2ViQXBwIn19.vwU_Yh0yHyOQkHZebsMwdRByJ_jkH2IMzl3W52c_c8U
Connection: close
Request body:

========================================
2018-01-24 10:27:31 
::1 GET /synergix-takaful/public-api/v1/tickets?limit=20&start=1516726800&end=1516726800 HTTP/1.1
HTTP headers:
Host: localhost
User-Agent: Ticketing-WebApp
Authorization: Bearer eyJ0eXAiOiJKV1QiLCJhbGciOiJIUzI1NiJ9.eyJpYXQiOjE1MTY3NjQyMzcsImp0aSI6IjlQQkVOeGxQMUVqSVVEWmt0SFErVXFqVThDcGY4RGRUb0EwblFFOXpBWFE9IiwiaXNzIjoiOjoxIiwibmJmIjoxNTE2NzY0MjM3LCJleHAiOjE1MTY3NjYwMzcsImRhdGEiOnsidXNlcm5hbWUiOiJic19zcHYiLCJwYXNzd29yZCI6Ijc2NzExNDllOTAxMjMwYjljMzkwNTJkNzMzNThkZDZmY2Y1ZjhkOTgiLCJpcCI6Ijo6MSIsInVzZXJfYWdlbnQiOiJUaWNrZXRpbmctV2ViQXBwIn19.vwU_Yh0yHyOQkHZebsMwdRByJ_jkH2IMzl3W52c_c8U
Connection: close
Request body:

========================================
2018-01-24 10:34:47 
::1 GET /synergix-takaful/public-api/v1/users/39 HTTP/1.1
HTTP headers:
Host: localhost
User-Agent: Ticketing-WebApp
Authorization: Bearer eyJ0eXAiOiJKV1QiLCJhbGciOiJIUzI1NiJ9.eyJpYXQiOjE1MTY3NjI2NjUsImp0aSI6Iks2eloycnlIbEpjNTl5XC9tVG5vTEJDSEdWUHRJR1RYMTF0Y1hDazBwWlBBPSIsImlzcyI6Ijo6MSIsIm5iZiI6MTUxNjc2MjY2NSwiZXhwIjoxNTE2NzY0NDY1LCJkYXRhIjp7InVzZXJuYW1lIjoiYnNfc3B2IiwicGFzc3dvcmQiOiI3NjcxMTQ5ZTkwMTIzMGI5YzM5MDUyZDczMzU4ZGQ2ZmNmNWY4ZDk4IiwiaXAiOiI6OjEiLCJ1c2VyX2FnZW50IjoiVGlja2V0aW5nLVdlYkFwcCJ9fQ.L5muH4U7dwvzPFcXTNJ6Tp0g5OHvgmorpLWZKjFYBPc
Connection: close
Request body:

========================================
2018-01-24 10:34:47 
::1 POST /synergix-takaful/public-api/v1/users/token HTTP/1.1
HTTP headers:
Host: localhost
Content-Length: 31
User-Agent: Ticketing-WebApp
Connection: close
Content-Type: application/x-www-form-urlencoded
Request body:
username=bs_spv&password=bs_spv
========================================
2018-01-24 10:34:48 
::1 GET /synergix-takaful/public-api/v1/users/39 HTTP/1.1
HTTP headers:
Host: localhost
User-Agent: Ticketing-WebApp
Authorization: Bearer eyJ0eXAiOiJKV1QiLCJhbGciOiJIUzI1NiJ9.eyJpYXQiOjE1MTY3NjQ4ODcsImp0aSI6Ik82VGJYdGM5bzluNzhEc0RHbGlOd016QVVoSG9wNTFnNm9kM0pFZndpOFU9IiwiaXNzIjoiOjoxIiwibmJmIjoxNTE2NzY0ODg3LCJleHAiOjE1MTY3NjY2ODcsImRhdGEiOnsidXNlcm5hbWUiOiJic19zcHYiLCJwYXNzd29yZCI6Ijc2NzExNDllOTAxMjMwYjljMzkwNTJkNzMzNThkZDZmY2Y1ZjhkOTgiLCJpcCI6Ijo6MSIsInVzZXJfYWdlbnQiOiJUaWNrZXRpbmctV2ViQXBwIn19.Dp_1QIV-FBMoCkP4CPPRn0KtuU8hNfbOCZ2ASFM1LzI
Connection: close
Request body:

========================================
2018-01-24 10:36:04 
::1 GET /synergix-takaful/public-api/v1/users/39 HTTP/1.1
HTTP headers:
Host: localhost
User-Agent: Ticketing-WebApp
Authorization: Bearer eyJ0eXAiOiJKV1QiLCJhbGciOiJIUzI1NiJ9.eyJpYXQiOjE1MTY3NjQ4ODcsImp0aSI6Ik82VGJYdGM5bzluNzhEc0RHbGlOd016QVVoSG9wNTFnNm9kM0pFZndpOFU9IiwiaXNzIjoiOjoxIiwibmJmIjoxNTE2NzY0ODg3LCJleHAiOjE1MTY3NjY2ODcsImRhdGEiOnsidXNlcm5hbWUiOiJic19zcHYiLCJwYXNzd29yZCI6Ijc2NzExNDllOTAxMjMwYjljMzkwNTJkNzMzNThkZDZmY2Y1ZjhkOTgiLCJpcCI6Ijo6MSIsInVzZXJfYWdlbnQiOiJUaWNrZXRpbmctV2ViQXBwIn19.Dp_1QIV-FBMoCkP4CPPRn0KtuU8hNfbOCZ2ASFM1LzI
Connection: close
Request body:

========================================
2018-01-24 10:40:41 
::1 GET /synergix-takaful/public-api/v1/customers?limit=20&order=fullname&page= HTTP/1.1
HTTP headers:
Host: localhost
User-Agent: Ticketing-WebApp
Authorization: Bearer eyJ0eXAiOiJKV1QiLCJhbGciOiJIUzI1NiJ9.eyJpYXQiOjE1MTY3NjQ4ODcsImp0aSI6Ik82VGJYdGM5bzluNzhEc0RHbGlOd016QVVoSG9wNTFnNm9kM0pFZndpOFU9IiwiaXNzIjoiOjoxIiwibmJmIjoxNTE2NzY0ODg3LCJleHAiOjE1MTY3NjY2ODcsImRhdGEiOnsidXNlcm5hbWUiOiJic19zcHYiLCJwYXNzd29yZCI6Ijc2NzExNDllOTAxMjMwYjljMzkwNTJkNzMzNThkZDZmY2Y1ZjhkOTgiLCJpcCI6Ijo6MSIsInVzZXJfYWdlbnQiOiJUaWNrZXRpbmctV2ViQXBwIn19.Dp_1QIV-FBMoCkP4CPPRn0KtuU8hNfbOCZ2ASFM1LzI
Connection: close
Request body:

========================================
2018-01-24 10:41:21 
::1 GET /synergix-takaful/public-api/v1/users?limit=20&order=fullname&page= HTTP/1.1
HTTP headers:
Host: localhost
User-Agent: Ticketing-WebApp
Authorization: Bearer eyJ0eXAiOiJKV1QiLCJhbGciOiJIUzI1NiJ9.eyJpYXQiOjE1MTY3NjQ4ODcsImp0aSI6Ik82VGJYdGM5bzluNzhEc0RHbGlOd016QVVoSG9wNTFnNm9kM0pFZndpOFU9IiwiaXNzIjoiOjoxIiwibmJmIjoxNTE2NzY0ODg3LCJleHAiOjE1MTY3NjY2ODcsImRhdGEiOnsidXNlcm5hbWUiOiJic19zcHYiLCJwYXNzd29yZCI6Ijc2NzExNDllOTAxMjMwYjljMzkwNTJkNzMzNThkZDZmY2Y1ZjhkOTgiLCJpcCI6Ijo6MSIsInVzZXJfYWdlbnQiOiJUaWNrZXRpbmctV2ViQXBwIn19.Dp_1QIV-FBMoCkP4CPPRn0KtuU8hNfbOCZ2ASFM1LzI
Connection: close
Request body:

========================================
2018-01-24 10:43:49 
::1 GET /synergix-takaful/public-api/v1/customers?limit=20&order=fullname&page= HTTP/1.1
HTTP headers:
Host: localhost
User-Agent: Ticketing-WebApp
Authorization: Bearer eyJ0eXAiOiJKV1QiLCJhbGciOiJIUzI1NiJ9.eyJpYXQiOjE1MTY3NjQ4ODcsImp0aSI6Ik82VGJYdGM5bzluNzhEc0RHbGlOd016QVVoSG9wNTFnNm9kM0pFZndpOFU9IiwiaXNzIjoiOjoxIiwibmJmIjoxNTE2NzY0ODg3LCJleHAiOjE1MTY3NjY2ODcsImRhdGEiOnsidXNlcm5hbWUiOiJic19zcHYiLCJwYXNzd29yZCI6Ijc2NzExNDllOTAxMjMwYjljMzkwNTJkNzMzNThkZDZmY2Y1ZjhkOTgiLCJpcCI6Ijo6MSIsInVzZXJfYWdlbnQiOiJUaWNrZXRpbmctV2ViQXBwIn19.Dp_1QIV-FBMoCkP4CPPRn0KtuU8hNfbOCZ2ASFM1LzI
Connection: close
Request body:

========================================
2018-01-24 10:44:11 
::1 GET /synergix-takaful/public-api/v1/customers/4 HTTP/1.1
HTTP headers:
Host: localhost
User-Agent: Ticketing-WebApp
Authorization: Bearer eyJ0eXAiOiJKV1QiLCJhbGciOiJIUzI1NiJ9.eyJpYXQiOjE1MTY3NjQ4ODcsImp0aSI6Ik82VGJYdGM5bzluNzhEc0RHbGlOd016QVVoSG9wNTFnNm9kM0pFZndpOFU9IiwiaXNzIjoiOjoxIiwibmJmIjoxNTE2NzY0ODg3LCJleHAiOjE1MTY3NjY2ODcsImRhdGEiOnsidXNlcm5hbWUiOiJic19zcHYiLCJwYXNzd29yZCI6Ijc2NzExNDllOTAxMjMwYjljMzkwNTJkNzMzNThkZDZmY2Y1ZjhkOTgiLCJpcCI6Ijo6MSIsInVzZXJfYWdlbnQiOiJUaWNrZXRpbmctV2ViQXBwIn19.Dp_1QIV-FBMoCkP4CPPRn0KtuU8hNfbOCZ2ASFM1LzI
Connection: close
Request body:

========================================
2018-01-24 10:44:11 
::1 GET /synergix-takaful/public-api/v1/genders HTTP/1.1
HTTP headers:
Host: localhost
User-Agent: Ticketing-WebApp
Authorization: Bearer eyJ0eXAiOiJKV1QiLCJhbGciOiJIUzI1NiJ9.eyJpYXQiOjE1MTY3NjQ4ODcsImp0aSI6Ik82VGJYdGM5bzluNzhEc0RHbGlOd016QVVoSG9wNTFnNm9kM0pFZndpOFU9IiwiaXNzIjoiOjoxIiwibmJmIjoxNTE2NzY0ODg3LCJleHAiOjE1MTY3NjY2ODcsImRhdGEiOnsidXNlcm5hbWUiOiJic19zcHYiLCJwYXNzd29yZCI6Ijc2NzExNDllOTAxMjMwYjljMzkwNTJkNzMzNThkZDZmY2Y1ZjhkOTgiLCJpcCI6Ijo6MSIsInVzZXJfYWdlbnQiOiJUaWNrZXRpbmctV2ViQXBwIn19.Dp_1QIV-FBMoCkP4CPPRn0KtuU8hNfbOCZ2ASFM1LzI
Connection: close
Request body:

========================================
2018-01-24 10:44:11 
::1 GET /synergix-takaful/public-api/v1/identity_types/active HTTP/1.1
HTTP headers:
Host: localhost
User-Agent: Ticketing-WebApp
Authorization: Bearer eyJ0eXAiOiJKV1QiLCJhbGciOiJIUzI1NiJ9.eyJpYXQiOjE1MTY3NjQ4ODcsImp0aSI6Ik82VGJYdGM5bzluNzhEc0RHbGlOd016QVVoSG9wNTFnNm9kM0pFZndpOFU9IiwiaXNzIjoiOjoxIiwibmJmIjoxNTE2NzY0ODg3LCJleHAiOjE1MTY3NjY2ODcsImRhdGEiOnsidXNlcm5hbWUiOiJic19zcHYiLCJwYXNzd29yZCI6Ijc2NzExNDllOTAxMjMwYjljMzkwNTJkNzMzNThkZDZmY2Y1ZjhkOTgiLCJpcCI6Ijo6MSIsInVzZXJfYWdlbnQiOiJUaWNrZXRpbmctV2ViQXBwIn19.Dp_1QIV-FBMoCkP4CPPRn0KtuU8hNfbOCZ2ASFM1LzI
Connection: close
Request body:

========================================
2018-01-24 10:44:11 
::1 GET /synergix-takaful/public-api/v1/provinces/active HTTP/1.1
HTTP headers:
Host: localhost
User-Agent: Ticketing-WebApp
Authorization: Bearer eyJ0eXAiOiJKV1QiLCJhbGciOiJIUzI1NiJ9.eyJpYXQiOjE1MTY3NjQ4ODcsImp0aSI6Ik82VGJYdGM5bzluNzhEc0RHbGlOd016QVVoSG9wNTFnNm9kM0pFZndpOFU9IiwiaXNzIjoiOjoxIiwibmJmIjoxNTE2NzY0ODg3LCJleHAiOjE1MTY3NjY2ODcsImRhdGEiOnsidXNlcm5hbWUiOiJic19zcHYiLCJwYXNzd29yZCI6Ijc2NzExNDllOTAxMjMwYjljMzkwNTJkNzMzNThkZDZmY2Y1ZjhkOTgiLCJpcCI6Ijo6MSIsInVzZXJfYWdlbnQiOiJUaWNrZXRpbmctV2ViQXBwIn19.Dp_1QIV-FBMoCkP4CPPRn0KtuU8hNfbOCZ2ASFM1LzI
Connection: close
Request body:

========================================
2018-01-24 10:44:11 
::1 GET /synergix-takaful/public-api/v1/cities HTTP/1.1
HTTP headers:
Host: localhost
User-Agent: Ticketing-WebApp
Authorization: Bearer eyJ0eXAiOiJKV1QiLCJhbGciOiJIUzI1NiJ9.eyJpYXQiOjE1MTY3NjQ4ODcsImp0aSI6Ik82VGJYdGM5bzluNzhEc0RHbGlOd016QVVoSG9wNTFnNm9kM0pFZndpOFU9IiwiaXNzIjoiOjoxIiwibmJmIjoxNTE2NzY0ODg3LCJleHAiOjE1MTY3NjY2ODcsImRhdGEiOnsidXNlcm5hbWUiOiJic19zcHYiLCJwYXNzd29yZCI6Ijc2NzExNDllOTAxMjMwYjljMzkwNTJkNzMzNThkZDZmY2Y1ZjhkOTgiLCJpcCI6Ijo6MSIsInVzZXJfYWdlbnQiOiJUaWNrZXRpbmctV2ViQXBwIn19.Dp_1QIV-FBMoCkP4CPPRn0KtuU8hNfbOCZ2ASFM1LzI
Connection: close
Request body:

========================================
2018-01-24 10:44:11 
::1 GET /synergix-takaful/public-api/v1/customer_types HTTP/1.1
HTTP headers:
Host: localhost
User-Agent: Ticketing-WebApp
Authorization: Bearer eyJ0eXAiOiJKV1QiLCJhbGciOiJIUzI1NiJ9.eyJpYXQiOjE1MTY3NjQ4ODcsImp0aSI6Ik82VGJYdGM5bzluNzhEc0RHbGlOd016QVVoSG9wNTFnNm9kM0pFZndpOFU9IiwiaXNzIjoiOjoxIiwibmJmIjoxNTE2NzY0ODg3LCJleHAiOjE1MTY3NjY2ODcsImRhdGEiOnsidXNlcm5hbWUiOiJic19zcHYiLCJwYXNzd29yZCI6Ijc2NzExNDllOTAxMjMwYjljMzkwNTJkNzMzNThkZDZmY2Y1ZjhkOTgiLCJpcCI6Ijo6MSIsInVzZXJfYWdlbnQiOiJUaWNrZXRpbmctV2ViQXBwIn19.Dp_1QIV-FBMoCkP4CPPRn0KtuU8hNfbOCZ2ASFM1LzI
Connection: close
Request body:

========================================
2018-01-24 10:44:12 
::1 GET /synergix-takaful/public-api/v1/customer_contacts/active?customer_id=4&limit=20&order=id HTTP/1.1
HTTP headers:
Host: localhost
User-Agent: Ticketing-WebApp
Authorization: Bearer eyJ0eXAiOiJKV1QiLCJhbGciOiJIUzI1NiJ9.eyJpYXQiOjE1MTY3NjQ4ODcsImp0aSI6Ik82VGJYdGM5bzluNzhEc0RHbGlOd016QVVoSG9wNTFnNm9kM0pFZndpOFU9IiwiaXNzIjoiOjoxIiwibmJmIjoxNTE2NzY0ODg3LCJleHAiOjE1MTY3NjY2ODcsImRhdGEiOnsidXNlcm5hbWUiOiJic19zcHYiLCJwYXNzd29yZCI6Ijc2NzExNDllOTAxMjMwYjljMzkwNTJkNzMzNThkZDZmY2Y1ZjhkOTgiLCJpcCI6Ijo6MSIsInVzZXJfYWdlbnQiOiJUaWNrZXRpbmctV2ViQXBwIn19.Dp_1QIV-FBMoCkP4CPPRn0KtuU8hNfbOCZ2ASFM1LzI
Connection: close
Request body:

========================================
2018-01-24 10:44:12 
::1 GET /synergix-takaful/public-api/v1/customer_products?customer_id=4&limit=20&page=&order=id HTTP/1.1
HTTP headers:
Host: localhost
User-Agent: Ticketing-WebApp
Authorization: Bearer eyJ0eXAiOiJKV1QiLCJhbGciOiJIUzI1NiJ9.eyJpYXQiOjE1MTY3NjQ4ODcsImp0aSI6Ik82VGJYdGM5bzluNzhEc0RHbGlOd016QVVoSG9wNTFnNm9kM0pFZndpOFU9IiwiaXNzIjoiOjoxIiwibmJmIjoxNTE2NzY0ODg3LCJleHAiOjE1MTY3NjY2ODcsImRhdGEiOnsidXNlcm5hbWUiOiJic19zcHYiLCJwYXNzd29yZCI6Ijc2NzExNDllOTAxMjMwYjljMzkwNTJkNzMzNThkZDZmY2Y1ZjhkOTgiLCJpcCI6Ijo6MSIsInVzZXJfYWdlbnQiOiJUaWNrZXRpbmctV2ViQXBwIn19.Dp_1QIV-FBMoCkP4CPPRn0KtuU8hNfbOCZ2ASFM1LzI
Connection: close
Request body:

========================================
2018-01-24 10:44:12 
::1 GET /synergix-takaful/public-api/v1/tickets?customer_id=4&limit=20&page=1&order=id HTTP/1.1
HTTP headers:
Host: localhost
User-Agent: Ticketing-WebApp
Authorization: Bearer eyJ0eXAiOiJKV1QiLCJhbGciOiJIUzI1NiJ9.eyJpYXQiOjE1MTY3NjQ4ODcsImp0aSI6Ik82VGJYdGM5bzluNzhEc0RHbGlOd016QVVoSG9wNTFnNm9kM0pFZndpOFU9IiwiaXNzIjoiOjoxIiwibmJmIjoxNTE2NzY0ODg3LCJleHAiOjE1MTY3NjY2ODcsImRhdGEiOnsidXNlcm5hbWUiOiJic19zcHYiLCJwYXNzd29yZCI6Ijc2NzExNDllOTAxMjMwYjljMzkwNTJkNzMzNThkZDZmY2Y1ZjhkOTgiLCJpcCI6Ijo6MSIsInVzZXJfYWdlbnQiOiJUaWNrZXRpbmctV2ViQXBwIn19.Dp_1QIV-FBMoCkP4CPPRn0KtuU8hNfbOCZ2ASFM1LzI
Connection: close
Request body:

========================================
2018-01-24 10:44:12 
::1 GET /synergix-takaful/public-api/v1/ticket_categories/active HTTP/1.1
HTTP headers:
Host: localhost
User-Agent: Ticketing-WebApp
Authorization: Bearer eyJ0eXAiOiJKV1QiLCJhbGciOiJIUzI1NiJ9.eyJpYXQiOjE1MTY3NjQ4ODcsImp0aSI6Ik82VGJYdGM5bzluNzhEc0RHbGlOd016QVVoSG9wNTFnNm9kM0pFZndpOFU9IiwiaXNzIjoiOjoxIiwibmJmIjoxNTE2NzY0ODg3LCJleHAiOjE1MTY3NjY2ODcsImRhdGEiOnsidXNlcm5hbWUiOiJic19zcHYiLCJwYXNzd29yZCI6Ijc2NzExNDllOTAxMjMwYjljMzkwNTJkNzMzNThkZDZmY2Y1ZjhkOTgiLCJpcCI6Ijo6MSIsInVzZXJfYWdlbnQiOiJUaWNrZXRpbmctV2ViQXBwIn19.Dp_1QIV-FBMoCkP4CPPRn0KtuU8hNfbOCZ2ASFM1LzI
Connection: close
Request body:

========================================
2018-01-24 10:44:23 
::1 GET /synergix-takaful/public-api/v1/customers?limit=20&order=fullname&page= HTTP/1.1
HTTP headers:
Host: localhost
User-Agent: Ticketing-WebApp
Authorization: Bearer eyJ0eXAiOiJKV1QiLCJhbGciOiJIUzI1NiJ9.eyJpYXQiOjE1MTY3NjQ4ODcsImp0aSI6Ik82VGJYdGM5bzluNzhEc0RHbGlOd016QVVoSG9wNTFnNm9kM0pFZndpOFU9IiwiaXNzIjoiOjoxIiwibmJmIjoxNTE2NzY0ODg3LCJleHAiOjE1MTY3NjY2ODcsImRhdGEiOnsidXNlcm5hbWUiOiJic19zcHYiLCJwYXNzd29yZCI6Ijc2NzExNDllOTAxMjMwYjljMzkwNTJkNzMzNThkZDZmY2Y1ZjhkOTgiLCJpcCI6Ijo6MSIsInVzZXJfYWdlbnQiOiJUaWNrZXRpbmctV2ViQXBwIn19.Dp_1QIV-FBMoCkP4CPPRn0KtuU8hNfbOCZ2ASFM1LzI
Connection: close
Request body:

========================================
2018-01-24 10:54:57 
::1 GET /synergix-takaful/public-api/v1/customers/4 HTTP/1.1
HTTP headers:
Host: localhost
User-Agent: Ticketing-WebApp
Authorization: Bearer eyJ0eXAiOiJKV1QiLCJhbGciOiJIUzI1NiJ9.eyJpYXQiOjE1MTY3NjQ4ODcsImp0aSI6Ik82VGJYdGM5bzluNzhEc0RHbGlOd016QVVoSG9wNTFnNm9kM0pFZndpOFU9IiwiaXNzIjoiOjoxIiwibmJmIjoxNTE2NzY0ODg3LCJleHAiOjE1MTY3NjY2ODcsImRhdGEiOnsidXNlcm5hbWUiOiJic19zcHYiLCJwYXNzd29yZCI6Ijc2NzExNDllOTAxMjMwYjljMzkwNTJkNzMzNThkZDZmY2Y1ZjhkOTgiLCJpcCI6Ijo6MSIsInVzZXJfYWdlbnQiOiJUaWNrZXRpbmctV2ViQXBwIn19.Dp_1QIV-FBMoCkP4CPPRn0KtuU8hNfbOCZ2ASFM1LzI
Connection: close
Request body:

========================================
2018-01-24 10:54:57 
::1 GET /synergix-takaful/public-api/v1/customer_products?customer_id=4&limit=20&page=&order=id HTTP/1.1
HTTP headers:
Host: localhost
User-Agent: Ticketing-WebApp
Authorization: Bearer eyJ0eXAiOiJKV1QiLCJhbGciOiJIUzI1NiJ9.eyJpYXQiOjE1MTY3NjQ4ODcsImp0aSI6Ik82VGJYdGM5bzluNzhEc0RHbGlOd016QVVoSG9wNTFnNm9kM0pFZndpOFU9IiwiaXNzIjoiOjoxIiwibmJmIjoxNTE2NzY0ODg3LCJleHAiOjE1MTY3NjY2ODcsImRhdGEiOnsidXNlcm5hbWUiOiJic19zcHYiLCJwYXNzd29yZCI6Ijc2NzExNDllOTAxMjMwYjljMzkwNTJkNzMzNThkZDZmY2Y1ZjhkOTgiLCJpcCI6Ijo6MSIsInVzZXJfYWdlbnQiOiJUaWNrZXRpbmctV2ViQXBwIn19.Dp_1QIV-FBMoCkP4CPPRn0KtuU8hNfbOCZ2ASFM1LzI
Connection: close
Request body:

========================================
2018-01-24 10:54:57 
::1 GET /synergix-takaful/public-api/v1/tickets?customer_id=4&limit=20&page=1&order=id HTTP/1.1
HTTP headers:
Host: localhost
User-Agent: Ticketing-WebApp
Authorization: Bearer eyJ0eXAiOiJKV1QiLCJhbGciOiJIUzI1NiJ9.eyJpYXQiOjE1MTY3NjQ4ODcsImp0aSI6Ik82VGJYdGM5bzluNzhEc0RHbGlOd016QVVoSG9wNTFnNm9kM0pFZndpOFU9IiwiaXNzIjoiOjoxIiwibmJmIjoxNTE2NzY0ODg3LCJleHAiOjE1MTY3NjY2ODcsImRhdGEiOnsidXNlcm5hbWUiOiJic19zcHYiLCJwYXNzd29yZCI6Ijc2NzExNDllOTAxMjMwYjljMzkwNTJkNzMzNThkZDZmY2Y1ZjhkOTgiLCJpcCI6Ijo6MSIsInVzZXJfYWdlbnQiOiJUaWNrZXRpbmctV2ViQXBwIn19.Dp_1QIV-FBMoCkP4CPPRn0KtuU8hNfbOCZ2ASFM1LzI
Connection: close
Request body:

========================================
2018-01-24 11:06:44 
::1 GET /synergix-takaful/public-api/v1/product_types HTTP/1.1
HTTP headers:
Host: localhost
User-Agent: Ticketing-WebApp
Authorization: Bearer eyJ0eXAiOiJKV1QiLCJhbGciOiJIUzI1NiJ9.eyJpYXQiOjE1MTY3NjQ4ODcsImp0aSI6Ik82VGJYdGM5bzluNzhEc0RHbGlOd016QVVoSG9wNTFnNm9kM0pFZndpOFU9IiwiaXNzIjoiOjoxIiwibmJmIjoxNTE2NzY0ODg3LCJleHAiOjE1MTY3NjY2ODcsImRhdGEiOnsidXNlcm5hbWUiOiJic19zcHYiLCJwYXNzd29yZCI6Ijc2NzExNDllOTAxMjMwYjljMzkwNTJkNzMzNThkZDZmY2Y1ZjhkOTgiLCJpcCI6Ijo6MSIsInVzZXJfYWdlbnQiOiJUaWNrZXRpbmctV2ViQXBwIn19.Dp_1QIV-FBMoCkP4CPPRn0KtuU8hNfbOCZ2ASFM1LzI
Connection: close
Request body:

========================================
2018-01-24 11:06:44 
::1 POST /synergix-takaful/public-api/v1/users/token HTTP/1.1
HTTP headers:
Host: localhost
Content-Length: 31
User-Agent: Ticketing-WebApp
Connection: close
Content-Type: application/x-www-form-urlencoded
Request body:
username=bs_spv&password=bs_spv
========================================
2018-01-24 11:06:45 
::1 GET /synergix-takaful/public-api/v1/product_types HTTP/1.1
HTTP headers:
Host: localhost
User-Agent: Ticketing-WebApp
Authorization: Bearer eyJ0eXAiOiJKV1QiLCJhbGciOiJIUzI1NiJ9.eyJpYXQiOjE1MTY3NjY4MDQsImp0aSI6ImFYR2NWdUtpbytTTXpRTUZWQlVEbHlaK3JYQ1Y2RlNVb05sZmZEaHp3UDA9IiwiaXNzIjoiOjoxIiwibmJmIjoxNTE2NzY2ODA0LCJleHAiOjE1MTY3Njg2MDQsImRhdGEiOnsidXNlcm5hbWUiOiJic19zcHYiLCJwYXNzd29yZCI6Ijc2NzExNDllOTAxMjMwYjljMzkwNTJkNzMzNThkZDZmY2Y1ZjhkOTgiLCJpcCI6Ijo6MSIsInVzZXJfYWdlbnQiOiJUaWNrZXRpbmctV2ViQXBwIn19.xymmRRJ8mM77uuG8E_Mw3wOWsxW-lNLT1qog0OvftoU
Connection: close
Request body:

========================================
2018-01-24 11:06:45 
::1 GET /synergix-takaful/public-api/v1/ticket_types HTTP/1.1
HTTP headers:
Host: localhost
User-Agent: Ticketing-WebApp
Authorization: Bearer eyJ0eXAiOiJKV1QiLCJhbGciOiJIUzI1NiJ9.eyJpYXQiOjE1MTY3NjY4MDQsImp0aSI6ImFYR2NWdUtpbytTTXpRTUZWQlVEbHlaK3JYQ1Y2RlNVb05sZmZEaHp3UDA9IiwiaXNzIjoiOjoxIiwibmJmIjoxNTE2NzY2ODA0LCJleHAiOjE1MTY3Njg2MDQsImRhdGEiOnsidXNlcm5hbWUiOiJic19zcHYiLCJwYXNzd29yZCI6Ijc2NzExNDllOTAxMjMwYjljMzkwNTJkNzMzNThkZDZmY2Y1ZjhkOTgiLCJpcCI6Ijo6MSIsInVzZXJfYWdlbnQiOiJUaWNrZXRpbmctV2ViQXBwIn19.xymmRRJ8mM77uuG8E_Mw3wOWsxW-lNLT1qog0OvftoU
Connection: close
Request body:

========================================
2018-01-24 11:08:18 
::1 GET /synergix-takaful/public-api/v1/ticket_subcategories?limit=20 HTTP/1.1
HTTP headers:
Host: localhost
User-Agent: Ticketing-WebApp
Authorization: Bearer eyJ0eXAiOiJKV1QiLCJhbGciOiJIUzI1NiJ9.eyJpYXQiOjE1MTY3NjY4MDQsImp0aSI6ImFYR2NWdUtpbytTTXpRTUZWQlVEbHlaK3JYQ1Y2RlNVb05sZmZEaHp3UDA9IiwiaXNzIjoiOjoxIiwibmJmIjoxNTE2NzY2ODA0LCJleHAiOjE1MTY3Njg2MDQsImRhdGEiOnsidXNlcm5hbWUiOiJic19zcHYiLCJwYXNzd29yZCI6Ijc2NzExNDllOTAxMjMwYjljMzkwNTJkNzMzNThkZDZmY2Y1ZjhkOTgiLCJpcCI6Ijo6MSIsInVzZXJfYWdlbnQiOiJUaWNrZXRpbmctV2ViQXBwIn19.xymmRRJ8mM77uuG8E_Mw3wOWsxW-lNLT1qog0OvftoU
Connection: close
Request body:

========================================
2018-01-24 11:08:18 
::1 GET /synergix-takaful/public-api/v1/ticket_subcategories?limit=20&page=1&order=id HTTP/1.1
HTTP headers:
Host: localhost
User-Agent: Ticketing-WebApp
Authorization: Bearer eyJ0eXAiOiJKV1QiLCJhbGciOiJIUzI1NiJ9.eyJpYXQiOjE1MTY3NjY4MDQsImp0aSI6ImFYR2NWdUtpbytTTXpRTUZWQlVEbHlaK3JYQ1Y2RlNVb05sZmZEaHp3UDA9IiwiaXNzIjoiOjoxIiwibmJmIjoxNTE2NzY2ODA0LCJleHAiOjE1MTY3Njg2MDQsImRhdGEiOnsidXNlcm5hbWUiOiJic19zcHYiLCJwYXNzd29yZCI6Ijc2NzExNDllOTAxMjMwYjljMzkwNTJkNzMzNThkZDZmY2Y1ZjhkOTgiLCJpcCI6Ijo6MSIsInVzZXJfYWdlbnQiOiJUaWNrZXRpbmctV2ViQXBwIn19.xymmRRJ8mM77uuG8E_Mw3wOWsxW-lNLT1qog0OvftoU
Connection: close
Request body:

========================================
2018-01-24 11:08:18 
::1 GET /synergix-takaful/public-api/v1/ticket_categories/active?limit=60 HTTP/1.1
HTTP headers:
Host: localhost
User-Agent: Ticketing-WebApp
Authorization: Bearer eyJ0eXAiOiJKV1QiLCJhbGciOiJIUzI1NiJ9.eyJpYXQiOjE1MTY3NjY4MDQsImp0aSI6ImFYR2NWdUtpbytTTXpRTUZWQlVEbHlaK3JYQ1Y2RlNVb05sZmZEaHp3UDA9IiwiaXNzIjoiOjoxIiwibmJmIjoxNTE2NzY2ODA0LCJleHAiOjE1MTY3Njg2MDQsImRhdGEiOnsidXNlcm5hbWUiOiJic19zcHYiLCJwYXNzd29yZCI6Ijc2NzExNDllOTAxMjMwYjljMzkwNTJkNzMzNThkZDZmY2Y1ZjhkOTgiLCJpcCI6Ijo6MSIsInVzZXJfYWdlbnQiOiJUaWNrZXRpbmctV2ViQXBwIn19.xymmRRJ8mM77uuG8E_Mw3wOWsxW-lNLT1qog0OvftoU
Connection: close
Request body:

========================================
2018-01-24 11:08:52 
::1 GET /synergix-takaful/public-api/v1/ticket_priorities?limit=20&page=1&order=id HTTP/1.1
HTTP headers:
Host: localhost
User-Agent: Ticketing-WebApp
Authorization: Bearer eyJ0eXAiOiJKV1QiLCJhbGciOiJIUzI1NiJ9.eyJpYXQiOjE1MTY3NjY4MDQsImp0aSI6ImFYR2NWdUtpbytTTXpRTUZWQlVEbHlaK3JYQ1Y2RlNVb05sZmZEaHp3UDA9IiwiaXNzIjoiOjoxIiwibmJmIjoxNTE2NzY2ODA0LCJleHAiOjE1MTY3Njg2MDQsImRhdGEiOnsidXNlcm5hbWUiOiJic19zcHYiLCJwYXNzd29yZCI6Ijc2NzExNDllOTAxMjMwYjljMzkwNTJkNzMzNThkZDZmY2Y1ZjhkOTgiLCJpcCI6Ijo6MSIsInVzZXJfYWdlbnQiOiJUaWNrZXRpbmctV2ViQXBwIn19.xymmRRJ8mM77uuG8E_Mw3wOWsxW-lNLT1qog0OvftoU
Connection: close
Request body:

========================================
2018-01-24 11:09:26 
::1 GET /synergix-takaful/public-api/v1/departments?limit=20&page=1&order=id HTTP/1.1
HTTP headers:
Host: localhost
User-Agent: Ticketing-WebApp
Authorization: Bearer eyJ0eXAiOiJKV1QiLCJhbGciOiJIUzI1NiJ9.eyJpYXQiOjE1MTY3NjY4MDQsImp0aSI6ImFYR2NWdUtpbytTTXpRTUZWQlVEbHlaK3JYQ1Y2RlNVb05sZmZEaHp3UDA9IiwiaXNzIjoiOjoxIiwibmJmIjoxNTE2NzY2ODA0LCJleHAiOjE1MTY3Njg2MDQsImRhdGEiOnsidXNlcm5hbWUiOiJic19zcHYiLCJwYXNzd29yZCI6Ijc2NzExNDllOTAxMjMwYjljMzkwNTJkNzMzNThkZDZmY2Y1ZjhkOTgiLCJpcCI6Ijo6MSIsInVzZXJfYWdlbnQiOiJUaWNrZXRpbmctV2ViQXBwIn19.xymmRRJ8mM77uuG8E_Mw3wOWsxW-lNLT1qog0OvftoU
Connection: close
Request body:

========================================
2018-01-24 11:09:55 
::1 GET /synergix-takaful/public-api/v1/product_types?limit=20&page=1&order=id HTTP/1.1
HTTP headers:
Host: localhost
User-Agent: Ticketing-WebApp
Authorization: Bearer eyJ0eXAiOiJKV1QiLCJhbGciOiJIUzI1NiJ9.eyJpYXQiOjE1MTY3NjY4MDQsImp0aSI6ImFYR2NWdUtpbytTTXpRTUZWQlVEbHlaK3JYQ1Y2RlNVb05sZmZEaHp3UDA9IiwiaXNzIjoiOjoxIiwibmJmIjoxNTE2NzY2ODA0LCJleHAiOjE1MTY3Njg2MDQsImRhdGEiOnsidXNlcm5hbWUiOiJic19zcHYiLCJwYXNzd29yZCI6Ijc2NzExNDllOTAxMjMwYjljMzkwNTJkNzMzNThkZDZmY2Y1ZjhkOTgiLCJpcCI6Ijo6MSIsInVzZXJfYWdlbnQiOiJUaWNrZXRpbmctV2ViQXBwIn19.xymmRRJ8mM77uuG8E_Mw3wOWsxW-lNLT1qog0OvftoU
Connection: close
Request body:

========================================
2018-01-24 11:10:29 
::1 GET /synergix-takaful/public-api/v1/holidays?limit=20&page=1&order=id HTTP/1.1
HTTP headers:
Host: localhost
User-Agent: Ticketing-WebApp
Authorization: Bearer eyJ0eXAiOiJKV1QiLCJhbGciOiJIUzI1NiJ9.eyJpYXQiOjE1MTY3NjY4MDQsImp0aSI6ImFYR2NWdUtpbytTTXpRTUZWQlVEbHlaK3JYQ1Y2RlNVb05sZmZEaHp3UDA9IiwiaXNzIjoiOjoxIiwibmJmIjoxNTE2NzY2ODA0LCJleHAiOjE1MTY3Njg2MDQsImRhdGEiOnsidXNlcm5hbWUiOiJic19zcHYiLCJwYXNzd29yZCI6Ijc2NzExNDllOTAxMjMwYjljMzkwNTJkNzMzNThkZDZmY2Y1ZjhkOTgiLCJpcCI6Ijo6MSIsInVzZXJfYWdlbnQiOiJUaWNrZXRpbmctV2ViQXBwIn19.xymmRRJ8mM77uuG8E_Mw3wOWsxW-lNLT1qog0OvftoU
Connection: close
Request body:

========================================
2018-01-24 11:14:26 
::1 GET /synergix-takaful/public-api/v1/tickets?limit=20&start=1516726800&end=1516726800 HTTP/1.1
HTTP headers:
Host: localhost
User-Agent: Ticketing-WebApp
Authorization: Bearer eyJ0eXAiOiJKV1QiLCJhbGciOiJIUzI1NiJ9.eyJpYXQiOjE1MTY3NjQyMzcsImp0aSI6IjlQQkVOeGxQMUVqSVVEWmt0SFErVXFqVThDcGY4RGRUb0EwblFFOXpBWFE9IiwiaXNzIjoiOjoxIiwibmJmIjoxNTE2NzY0MjM3LCJleHAiOjE1MTY3NjYwMzcsImRhdGEiOnsidXNlcm5hbWUiOiJic19zcHYiLCJwYXNzd29yZCI6Ijc2NzExNDllOTAxMjMwYjljMzkwNTJkNzMzNThkZDZmY2Y1ZjhkOTgiLCJpcCI6Ijo6MSIsInVzZXJfYWdlbnQiOiJUaWNrZXRpbmctV2ViQXBwIn19.vwU_Yh0yHyOQkHZebsMwdRByJ_jkH2IMzl3W52c_c8U
Connection: close
Request body:

========================================
2018-01-24 11:14:26 
::1 POST /synergix-takaful/public-api/v1/users/token HTTP/1.1
HTTP headers:
Host: localhost
Content-Length: 31
User-Agent: Ticketing-WebApp
Connection: close
Content-Type: application/x-www-form-urlencoded
Request body:
username=bs_spv&password=bs_spv
========================================
2018-01-24 11:14:27 
::1 GET /synergix-takaful/public-api/v1/tickets?limit=20&start=1516726800&end=1516726800 HTTP/1.1
HTTP headers:
Host: localhost
User-Agent: Ticketing-WebApp
Authorization: Bearer eyJ0eXAiOiJKV1QiLCJhbGciOiJIUzI1NiJ9.eyJpYXQiOjE1MTY3NjcyNjYsImp0aSI6InAxUnNGXC94OEtNRUR1bDh1VXNqTDVnTFBhcFlzaGd4bFhDYmR3VGZKbHlnPSIsImlzcyI6Ijo6MSIsIm5iZiI6MTUxNjc2NzI2NiwiZXhwIjoxNTE2NzY5MDY2LCJkYXRhIjp7InVzZXJuYW1lIjoiYnNfc3B2IiwicGFzc3dvcmQiOiI3NjcxMTQ5ZTkwMTIzMGI5YzM5MDUyZDczMzU4ZGQ2ZmNmNWY4ZDk4IiwiaXAiOiI6OjEiLCJ1c2VyX2FnZW50IjoiVGlja2V0aW5nLVdlYkFwcCJ9fQ.6ZCWQvoYtAKhUM2rHz1NYnFLqjEww_aQWaphFL1g9qs
Connection: close
Request body:

========================================
2018-01-24 11:43:39 
::1 GET /synergix-takaful/public-api/v1/ticket_categories/1 HTTP/1.1
HTTP headers:
Host: localhost
User-Agent: Ticketing-WebApp
Authorization: Bearer eyJ0eXAiOiJKV1QiLCJhbGciOiJIUzI1NiJ9.eyJpYXQiOjE1MTY3NjY4MDQsImp0aSI6ImFYR2NWdUtpbytTTXpRTUZWQlVEbHlaK3JYQ1Y2RlNVb05sZmZEaHp3UDA9IiwiaXNzIjoiOjoxIiwibmJmIjoxNTE2NzY2ODA0LCJleHAiOjE1MTY3Njg2MDQsImRhdGEiOnsidXNlcm5hbWUiOiJic19zcHYiLCJwYXNzd29yZCI6Ijc2NzExNDllOTAxMjMwYjljMzkwNTJkNzMzNThkZDZmY2Y1ZjhkOTgiLCJpcCI6Ijo6MSIsInVzZXJfYWdlbnQiOiJUaWNrZXRpbmctV2ViQXBwIn19.xymmRRJ8mM77uuG8E_Mw3wOWsxW-lNLT1qog0OvftoU
Connection: close
Request body:

========================================
2018-01-24 11:43:39 
::1 POST /synergix-takaful/public-api/v1/users/token HTTP/1.1
HTTP headers:
Host: localhost
Content-Length: 31
User-Agent: Ticketing-WebApp
Connection: close
Content-Type: application/x-www-form-urlencoded
Request body:
username=bs_spv&password=bs_spv
========================================
2018-01-24 11:43:40 
::1 GET /synergix-takaful/public-api/v1/ticket_categories/1 HTTP/1.1
HTTP headers:
Host: localhost
User-Agent: Ticketing-WebApp
Authorization: Bearer eyJ0eXAiOiJKV1QiLCJhbGciOiJIUzI1NiJ9.eyJpYXQiOjE1MTY3NjkwMTksImp0aSI6ImJlT1VCdW0yeFBGMWNnbm9NQ3FGVFozVVBFZ0xXK0Erd1l1UlMwcjF5Mms9IiwiaXNzIjoiOjoxIiwibmJmIjoxNTE2NzY5MDE5LCJleHAiOjE1MTY3NzA4MTksImRhdGEiOnsidXNlcm5hbWUiOiJic19zcHYiLCJwYXNzd29yZCI6Ijc2NzExNDllOTAxMjMwYjljMzkwNTJkNzMzNThkZDZmY2Y1ZjhkOTgiLCJpcCI6Ijo6MSIsInVzZXJfYWdlbnQiOiJUaWNrZXRpbmctV2ViQXBwIn19.iQKH2dhgcxAb9QUd6PImEaREWHkFmBaGwta13iqT980
Connection: close
Request body:

========================================
2018-01-24 12:03:29 
::1 GET /synergix-takaful/public-api/v1/customers?limit=20&order=fullname&page= HTTP/1.1
HTTP headers:
Host: localhost
User-Agent: Ticketing-WebApp
Authorization: Bearer eyJ0eXAiOiJKV1QiLCJhbGciOiJIUzI1NiJ9.eyJpYXQiOjE1MTY3NjkwMTksImp0aSI6ImJlT1VCdW0yeFBGMWNnbm9NQ3FGVFozVVBFZ0xXK0Erd1l1UlMwcjF5Mms9IiwiaXNzIjoiOjoxIiwibmJmIjoxNTE2NzY5MDE5LCJleHAiOjE1MTY3NzA4MTksImRhdGEiOnsidXNlcm5hbWUiOiJic19zcHYiLCJwYXNzd29yZCI6Ijc2NzExNDllOTAxMjMwYjljMzkwNTJkNzMzNThkZDZmY2Y1ZjhkOTgiLCJpcCI6Ijo6MSIsInVzZXJfYWdlbnQiOiJUaWNrZXRpbmctV2ViQXBwIn19.iQKH2dhgcxAb9QUd6PImEaREWHkFmBaGwta13iqT980
Connection: close
Request body:

========================================
2018-01-24 12:03:32 
::1 GET /synergix-takaful/public-api/v1/customers/21 HTTP/1.1
HTTP headers:
Host: localhost
User-Agent: Ticketing-WebApp
Authorization: Bearer eyJ0eXAiOiJKV1QiLCJhbGciOiJIUzI1NiJ9.eyJpYXQiOjE1MTY3NjkwMTksImp0aSI6ImJlT1VCdW0yeFBGMWNnbm9NQ3FGVFozVVBFZ0xXK0Erd1l1UlMwcjF5Mms9IiwiaXNzIjoiOjoxIiwibmJmIjoxNTE2NzY5MDE5LCJleHAiOjE1MTY3NzA4MTksImRhdGEiOnsidXNlcm5hbWUiOiJic19zcHYiLCJwYXNzd29yZCI6Ijc2NzExNDllOTAxMjMwYjljMzkwNTJkNzMzNThkZDZmY2Y1ZjhkOTgiLCJpcCI6Ijo6MSIsInVzZXJfYWdlbnQiOiJUaWNrZXRpbmctV2ViQXBwIn19.iQKH2dhgcxAb9QUd6PImEaREWHkFmBaGwta13iqT980
Connection: close
Request body:

========================================
2018-01-24 12:03:32 
::1 GET /synergix-takaful/public-api/v1/customer_contacts/active?customer_id=21&limit=20&order=id HTTP/1.1
HTTP headers:
Host: localhost
User-Agent: Ticketing-WebApp
Authorization: Bearer eyJ0eXAiOiJKV1QiLCJhbGciOiJIUzI1NiJ9.eyJpYXQiOjE1MTY3NjkwMTksImp0aSI6ImJlT1VCdW0yeFBGMWNnbm9NQ3FGVFozVVBFZ0xXK0Erd1l1UlMwcjF5Mms9IiwiaXNzIjoiOjoxIiwibmJmIjoxNTE2NzY5MDE5LCJleHAiOjE1MTY3NzA4MTksImRhdGEiOnsidXNlcm5hbWUiOiJic19zcHYiLCJwYXNzd29yZCI6Ijc2NzExNDllOTAxMjMwYjljMzkwNTJkNzMzNThkZDZmY2Y1ZjhkOTgiLCJpcCI6Ijo6MSIsInVzZXJfYWdlbnQiOiJUaWNrZXRpbmctV2ViQXBwIn19.iQKH2dhgcxAb9QUd6PImEaREWHkFmBaGwta13iqT980
Connection: close
Request body:

========================================
2018-01-24 12:03:32 
::1 GET /synergix-takaful/public-api/v1/customer_products?customer_id=21&limit=20&page=&order=id HTTP/1.1
HTTP headers:
Host: localhost
User-Agent: Ticketing-WebApp
Authorization: Bearer eyJ0eXAiOiJKV1QiLCJhbGciOiJIUzI1NiJ9.eyJpYXQiOjE1MTY3NjkwMTksImp0aSI6ImJlT1VCdW0yeFBGMWNnbm9NQ3FGVFozVVBFZ0xXK0Erd1l1UlMwcjF5Mms9IiwiaXNzIjoiOjoxIiwibmJmIjoxNTE2NzY5MDE5LCJleHAiOjE1MTY3NzA4MTksImRhdGEiOnsidXNlcm5hbWUiOiJic19zcHYiLCJwYXNzd29yZCI6Ijc2NzExNDllOTAxMjMwYjljMzkwNTJkNzMzNThkZDZmY2Y1ZjhkOTgiLCJpcCI6Ijo6MSIsInVzZXJfYWdlbnQiOiJUaWNrZXRpbmctV2ViQXBwIn19.iQKH2dhgcxAb9QUd6PImEaREWHkFmBaGwta13iqT980
Connection: close
Request body:

========================================
2018-01-24 12:03:33 
::1 GET /synergix-takaful/public-api/v1/tickets?customer_id=21&limit=20&page=1&order=id HTTP/1.1
HTTP headers:
Host: localhost
User-Agent: Ticketing-WebApp
Authorization: Bearer eyJ0eXAiOiJKV1QiLCJhbGciOiJIUzI1NiJ9.eyJpYXQiOjE1MTY3NjkwMTksImp0aSI6ImJlT1VCdW0yeFBGMWNnbm9NQ3FGVFozVVBFZ0xXK0Erd1l1UlMwcjF5Mms9IiwiaXNzIjoiOjoxIiwibmJmIjoxNTE2NzY5MDE5LCJleHAiOjE1MTY3NzA4MTksImRhdGEiOnsidXNlcm5hbWUiOiJic19zcHYiLCJwYXNzd29yZCI6Ijc2NzExNDllOTAxMjMwYjljMzkwNTJkNzMzNThkZDZmY2Y1ZjhkOTgiLCJpcCI6Ijo6MSIsInVzZXJfYWdlbnQiOiJUaWNrZXRpbmctV2ViQXBwIn19.iQKH2dhgcxAb9QUd6PImEaREWHkFmBaGwta13iqT980
Connection: close
Request body:

========================================
2018-01-24 12:03:36 
::1 GET /synergix-takaful/public-api/v1/customers?limit=20&order=fullname&page= HTTP/1.1
HTTP headers:
Host: localhost
User-Agent: Ticketing-WebApp
Authorization: Bearer eyJ0eXAiOiJKV1QiLCJhbGciOiJIUzI1NiJ9.eyJpYXQiOjE1MTY3NjkwMTksImp0aSI6ImJlT1VCdW0yeFBGMWNnbm9NQ3FGVFozVVBFZ0xXK0Erd1l1UlMwcjF5Mms9IiwiaXNzIjoiOjoxIiwibmJmIjoxNTE2NzY5MDE5LCJleHAiOjE1MTY3NzA4MTksImRhdGEiOnsidXNlcm5hbWUiOiJic19zcHYiLCJwYXNzd29yZCI6Ijc2NzExNDllOTAxMjMwYjljMzkwNTJkNzMzNThkZDZmY2Y1ZjhkOTgiLCJpcCI6Ijo6MSIsInVzZXJfYWdlbnQiOiJUaWNrZXRpbmctV2ViQXBwIn19.iQKH2dhgcxAb9QUd6PImEaREWHkFmBaGwta13iqT980
Connection: close
Request body:

========================================
2018-01-24 14:51:28 
::1 POST /synergix-takaful/public-api/v1/users/token HTTP/1.1
HTTP headers:
Host: localhost
Content-Length: 25
User-Agent: Ticketing-WebApp
Connection: close
Content-Type: application/x-www-form-urlencoded
Request body:
username=spv&password=spv
========================================
2018-01-24 14:51:29 
::1 GET /synergix-takaful/public-api/v1/users/39 HTTP/1.1
HTTP headers:
Host: localhost
User-Agent: Ticketing-WebApp
Authorization: Bearer eyJ0eXAiOiJKV1QiLCJhbGciOiJIUzI1NiJ9.eyJpYXQiOjE1MTY3ODAyODgsImp0aSI6Im5WTDNmTGpsQURuWHZqcUZHRk16cEx6cDljVGJlUWU1V0IyZDdvSkhWMVE9IiwiaXNzIjoiOjoxIiwibmJmIjoxNTE2NzgwMjg4LCJleHAiOjE1MTY3ODIwODgsImRhdGEiOnsidXNlcm5hbWUiOiJzcHYiLCJwYXNzd29yZCI6ImUzNjBhOWI1ZDQ0YjMzZjFmMTJlOTBjMzA2OTM2MzgzZDVmOTQzMGQiLCJpcCI6Ijo6MSIsInVzZXJfYWdlbnQiOiJUaWNrZXRpbmctV2ViQXBwIn19.oqQIBuJpSRJVHydnhDU9hdbUxTJV-wwCs8NVCXik-3Y
Connection: close
Request body:

========================================
2018-01-24 14:51:30 
::1 GET /synergix-takaful/public-api/v1/user_level_modules/active?code=TICKET&user_level_id=3&order=code&limit=100 HTTP/1.1
HTTP headers:
Host: localhost
User-Agent: Ticketing-WebApp
Authorization: Bearer eyJ0eXAiOiJKV1QiLCJhbGciOiJIUzI1NiJ9.eyJpYXQiOjE1MTY3ODAyODgsImp0aSI6Im5WTDNmTGpsQURuWHZqcUZHRk16cEx6cDljVGJlUWU1V0IyZDdvSkhWMVE9IiwiaXNzIjoiOjoxIiwibmJmIjoxNTE2NzgwMjg4LCJleHAiOjE1MTY3ODIwODgsImRhdGEiOnsidXNlcm5hbWUiOiJzcHYiLCJwYXNzd29yZCI6ImUzNjBhOWI1ZDQ0YjMzZjFmMTJlOTBjMzA2OTM2MzgzZDVmOTQzMGQiLCJpcCI6Ijo6MSIsInVzZXJfYWdlbnQiOiJUaWNrZXRpbmctV2ViQXBwIn19.oqQIBuJpSRJVHydnhDU9hdbUxTJV-wwCs8NVCXik-3Y
Connection: close
Request body:

========================================
2018-01-24 14:51:30 
::1 GET /synergix-takaful/public-api/v1/ticket_statistics HTTP/1.1
HTTP headers:
Host: localhost
User-Agent: Ticketing-WebApp
Authorization: Bearer eyJ0eXAiOiJKV1QiLCJhbGciOiJIUzI1NiJ9.eyJpYXQiOjE1MTY3ODAyODgsImp0aSI6Im5WTDNmTGpsQURuWHZqcUZHRk16cEx6cDljVGJlUWU1V0IyZDdvSkhWMVE9IiwiaXNzIjoiOjoxIiwibmJmIjoxNTE2NzgwMjg4LCJleHAiOjE1MTY3ODIwODgsImRhdGEiOnsidXNlcm5hbWUiOiJzcHYiLCJwYXNzd29yZCI6ImUzNjBhOWI1ZDQ0YjMzZjFmMTJlOTBjMzA2OTM2MzgzZDVmOTQzMGQiLCJpcCI6Ijo6MSIsInVzZXJfYWdlbnQiOiJUaWNrZXRpbmctV2ViQXBwIn19.oqQIBuJpSRJVHydnhDU9hdbUxTJV-wwCs8NVCXik-3Y
Connection: close
Request body:

========================================
2018-01-24 14:51:30 
::1 GET /synergix-takaful/public-api/v1/ticket_statistics/departments HTTP/1.1
HTTP headers:
Host: localhost
User-Agent: Ticketing-WebApp
Authorization: Bearer eyJ0eXAiOiJKV1QiLCJhbGciOiJIUzI1NiJ9.eyJpYXQiOjE1MTY3ODAyODgsImp0aSI6Im5WTDNmTGpsQURuWHZqcUZHRk16cEx6cDljVGJlUWU1V0IyZDdvSkhWMVE9IiwiaXNzIjoiOjoxIiwibmJmIjoxNTE2NzgwMjg4LCJleHAiOjE1MTY3ODIwODgsImRhdGEiOnsidXNlcm5hbWUiOiJzcHYiLCJwYXNzd29yZCI6ImUzNjBhOWI1ZDQ0YjMzZjFmMTJlOTBjMzA2OTM2MzgzZDVmOTQzMGQiLCJpcCI6Ijo6MSIsInVzZXJfYWdlbnQiOiJUaWNrZXRpbmctV2ViQXBwIn19.oqQIBuJpSRJVHydnhDU9hdbUxTJV-wwCs8NVCXik-3Y
Connection: close
Request body:

========================================
2018-01-24 14:51:30 
::1 GET /synergix-takaful/public-api/v1/ticket_statistics/categories HTTP/1.1
HTTP headers:
Host: localhost
User-Agent: Ticketing-WebApp
Authorization: Bearer eyJ0eXAiOiJKV1QiLCJhbGciOiJIUzI1NiJ9.eyJpYXQiOjE1MTY3ODAyODgsImp0aSI6Im5WTDNmTGpsQURuWHZqcUZHRk16cEx6cDljVGJlUWU1V0IyZDdvSkhWMVE9IiwiaXNzIjoiOjoxIiwibmJmIjoxNTE2NzgwMjg4LCJleHAiOjE1MTY3ODIwODgsImRhdGEiOnsidXNlcm5hbWUiOiJzcHYiLCJwYXNzd29yZCI6ImUzNjBhOWI1ZDQ0YjMzZjFmMTJlOTBjMzA2OTM2MzgzZDVmOTQzMGQiLCJpcCI6Ijo6MSIsInVzZXJfYWdlbnQiOiJUaWNrZXRpbmctV2ViQXBwIn19.oqQIBuJpSRJVHydnhDU9hdbUxTJV-wwCs8NVCXik-3Y
Connection: close
Request body:

========================================
2018-01-24 14:51:30 
::1 GET /synergix-takaful/public-api/v1/ticket_statistics/subcategories HTTP/1.1
HTTP headers:
Host: localhost
User-Agent: Ticketing-WebApp
Authorization: Bearer eyJ0eXAiOiJKV1QiLCJhbGciOiJIUzI1NiJ9.eyJpYXQiOjE1MTY3ODAyODgsImp0aSI6Im5WTDNmTGpsQURuWHZqcUZHRk16cEx6cDljVGJlUWU1V0IyZDdvSkhWMVE9IiwiaXNzIjoiOjoxIiwibmJmIjoxNTE2NzgwMjg4LCJleHAiOjE1MTY3ODIwODgsImRhdGEiOnsidXNlcm5hbWUiOiJzcHYiLCJwYXNzd29yZCI6ImUzNjBhOWI1ZDQ0YjMzZjFmMTJlOTBjMzA2OTM2MzgzZDVmOTQzMGQiLCJpcCI6Ijo6MSIsInVzZXJfYWdlbnQiOiJUaWNrZXRpbmctV2ViQXBwIn19.oqQIBuJpSRJVHydnhDU9hdbUxTJV-wwCs8NVCXik-3Y
Connection: close
Request body:

========================================
2018-01-24 14:51:32 
::1 GET /synergix-takaful/public-api/v1/users?limit=20&order=fullname&page= HTTP/1.1
HTTP headers:
Host: localhost
User-Agent: Ticketing-WebApp
Authorization: Bearer eyJ0eXAiOiJKV1QiLCJhbGciOiJIUzI1NiJ9.eyJpYXQiOjE1MTY3ODAyODgsImp0aSI6Im5WTDNmTGpsQURuWHZqcUZHRk16cEx6cDljVGJlUWU1V0IyZDdvSkhWMVE9IiwiaXNzIjoiOjoxIiwibmJmIjoxNTE2NzgwMjg4LCJleHAiOjE1MTY3ODIwODgsImRhdGEiOnsidXNlcm5hbWUiOiJzcHYiLCJwYXNzd29yZCI6ImUzNjBhOWI1ZDQ0YjMzZjFmMTJlOTBjMzA2OTM2MzgzZDVmOTQzMGQiLCJpcCI6Ijo6MSIsInVzZXJfYWdlbnQiOiJUaWNrZXRpbmctV2ViQXBwIn19.oqQIBuJpSRJVHydnhDU9hdbUxTJV-wwCs8NVCXik-3Y
Connection: close
Request body:

========================================
2018-01-24 14:52:19 
::1 GET /synergix-takaful/public-api/v1/users/39 HTTP/1.1
HTTP headers:
Host: localhost
User-Agent: Ticketing-WebApp
Authorization: Bearer eyJ0eXAiOiJKV1QiLCJhbGciOiJIUzI1NiJ9.eyJpYXQiOjE1MTY3ODAyODgsImp0aSI6Im5WTDNmTGpsQURuWHZqcUZHRk16cEx6cDljVGJlUWU1V0IyZDdvSkhWMVE9IiwiaXNzIjoiOjoxIiwibmJmIjoxNTE2NzgwMjg4LCJleHAiOjE1MTY3ODIwODgsImRhdGEiOnsidXNlcm5hbWUiOiJzcHYiLCJwYXNzd29yZCI6ImUzNjBhOWI1ZDQ0YjMzZjFmMTJlOTBjMzA2OTM2MzgzZDVmOTQzMGQiLCJpcCI6Ijo6MSIsInVzZXJfYWdlbnQiOiJUaWNrZXRpbmctV2ViQXBwIn19.oqQIBuJpSRJVHydnhDU9hdbUxTJV-wwCs8NVCXik-3Y
Connection: close
Request body:

========================================
2018-01-24 14:52:22 
::1 GET /synergix-takaful/public-api/v1/users/39 HTTP/1.1
HTTP headers:
Host: localhost
User-Agent: Ticketing-WebApp
Authorization: Bearer eyJ0eXAiOiJKV1QiLCJhbGciOiJIUzI1NiJ9.eyJpYXQiOjE1MTY3ODAyODgsImp0aSI6Im5WTDNmTGpsQURuWHZqcUZHRk16cEx6cDljVGJlUWU1V0IyZDdvSkhWMVE9IiwiaXNzIjoiOjoxIiwibmJmIjoxNTE2NzgwMjg4LCJleHAiOjE1MTY3ODIwODgsImRhdGEiOnsidXNlcm5hbWUiOiJzcHYiLCJwYXNzd29yZCI6ImUzNjBhOWI1ZDQ0YjMzZjFmMTJlOTBjMzA2OTM2MzgzZDVmOTQzMGQiLCJpcCI6Ijo6MSIsInVzZXJfYWdlbnQiOiJUaWNrZXRpbmctV2ViQXBwIn19.oqQIBuJpSRJVHydnhDU9hdbUxTJV-wwCs8NVCXik-3Y
Connection: close
Request body:

========================================
2018-01-24 14:52:47 
::1 POST /synergix-takaful/public-api/v1/users/token HTTP/1.1
HTTP headers:
Host: localhost
Content-Length: 25
User-Agent: Ticketing-WebApp
Connection: close
Content-Type: application/x-www-form-urlencoded
Request body:
username=spv&password=spv
========================================
2018-01-24 14:52:48 
::1 GET /synergix-takaful/public-api/v1/users/39 HTTP/1.1
HTTP headers:
Host: localhost
User-Agent: Ticketing-WebApp
Authorization: Bearer eyJ0eXAiOiJKV1QiLCJhbGciOiJIUzI1NiJ9.eyJpYXQiOjE1MTY3ODAzNjcsImp0aSI6IkE0eml6WWJVN1FSZkRhVWU1Q1VsTUJZQUROTDdcL3Z5dlBIekE0SklpY3NvPSIsImlzcyI6Ijo6MSIsIm5iZiI6MTUxNjc4MDM2NywiZXhwIjoxNTE2NzgyMTY3LCJkYXRhIjp7InVzZXJuYW1lIjoic3B2IiwicGFzc3dvcmQiOiJlMzYwYTliNWQ0NGIzM2YxZjEyZTkwYzMwNjkzNjM4M2Q1Zjk0MzBkIiwiaXAiOiI6OjEiLCJ1c2VyX2FnZW50IjoiVGlja2V0aW5nLVdlYkFwcCJ9fQ.j3Ts9jUFLtMhK-fzhGgRkjYW4mqN1qlJjlRiWGDSFXY
Connection: close
Request body:

========================================
2018-01-24 14:52:49 
::1 GET /synergix-takaful/public-api/v1/user_level_modules/active?code=TICKET&user_level_id=3&order=code&limit=100 HTTP/1.1
HTTP headers:
Host: localhost
User-Agent: Ticketing-WebApp
Authorization: Bearer eyJ0eXAiOiJKV1QiLCJhbGciOiJIUzI1NiJ9.eyJpYXQiOjE1MTY3ODAzNjcsImp0aSI6IkE0eml6WWJVN1FSZkRhVWU1Q1VsTUJZQUROTDdcL3Z5dlBIekE0SklpY3NvPSIsImlzcyI6Ijo6MSIsIm5iZiI6MTUxNjc4MDM2NywiZXhwIjoxNTE2NzgyMTY3LCJkYXRhIjp7InVzZXJuYW1lIjoic3B2IiwicGFzc3dvcmQiOiJlMzYwYTliNWQ0NGIzM2YxZjEyZTkwYzMwNjkzNjM4M2Q1Zjk0MzBkIiwiaXAiOiI6OjEiLCJ1c2VyX2FnZW50IjoiVGlja2V0aW5nLVdlYkFwcCJ9fQ.j3Ts9jUFLtMhK-fzhGgRkjYW4mqN1qlJjlRiWGDSFXY
Connection: close
Request body:

========================================
2018-01-24 14:52:49 
::1 GET /synergix-takaful/public-api/v1/ticket_statistics HTTP/1.1
HTTP headers:
Host: localhost
User-Agent: Ticketing-WebApp
Authorization: Bearer eyJ0eXAiOiJKV1QiLCJhbGciOiJIUzI1NiJ9.eyJpYXQiOjE1MTY3ODAzNjcsImp0aSI6IkE0eml6WWJVN1FSZkRhVWU1Q1VsTUJZQUROTDdcL3Z5dlBIekE0SklpY3NvPSIsImlzcyI6Ijo6MSIsIm5iZiI6MTUxNjc4MDM2NywiZXhwIjoxNTE2NzgyMTY3LCJkYXRhIjp7InVzZXJuYW1lIjoic3B2IiwicGFzc3dvcmQiOiJlMzYwYTliNWQ0NGIzM2YxZjEyZTkwYzMwNjkzNjM4M2Q1Zjk0MzBkIiwiaXAiOiI6OjEiLCJ1c2VyX2FnZW50IjoiVGlja2V0aW5nLVdlYkFwcCJ9fQ.j3Ts9jUFLtMhK-fzhGgRkjYW4mqN1qlJjlRiWGDSFXY
Connection: close
Request body:

========================================
2018-01-24 14:52:49 
::1 GET /synergix-takaful/public-api/v1/ticket_statistics/departments HTTP/1.1
HTTP headers:
Host: localhost
User-Agent: Ticketing-WebApp
Authorization: Bearer eyJ0eXAiOiJKV1QiLCJhbGciOiJIUzI1NiJ9.eyJpYXQiOjE1MTY3ODAzNjcsImp0aSI6IkE0eml6WWJVN1FSZkRhVWU1Q1VsTUJZQUROTDdcL3Z5dlBIekE0SklpY3NvPSIsImlzcyI6Ijo6MSIsIm5iZiI6MTUxNjc4MDM2NywiZXhwIjoxNTE2NzgyMTY3LCJkYXRhIjp7InVzZXJuYW1lIjoic3B2IiwicGFzc3dvcmQiOiJlMzYwYTliNWQ0NGIzM2YxZjEyZTkwYzMwNjkzNjM4M2Q1Zjk0MzBkIiwiaXAiOiI6OjEiLCJ1c2VyX2FnZW50IjoiVGlja2V0aW5nLVdlYkFwcCJ9fQ.j3Ts9jUFLtMhK-fzhGgRkjYW4mqN1qlJjlRiWGDSFXY
Connection: close
Request body:

========================================
2018-01-24 14:52:49 
::1 GET /synergix-takaful/public-api/v1/ticket_statistics/categories HTTP/1.1
HTTP headers:
Host: localhost
User-Agent: Ticketing-WebApp
Authorization: Bearer eyJ0eXAiOiJKV1QiLCJhbGciOiJIUzI1NiJ9.eyJpYXQiOjE1MTY3ODAzNjcsImp0aSI6IkE0eml6WWJVN1FSZkRhVWU1Q1VsTUJZQUROTDdcL3Z5dlBIekE0SklpY3NvPSIsImlzcyI6Ijo6MSIsIm5iZiI6MTUxNjc4MDM2NywiZXhwIjoxNTE2NzgyMTY3LCJkYXRhIjp7InVzZXJuYW1lIjoic3B2IiwicGFzc3dvcmQiOiJlMzYwYTliNWQ0NGIzM2YxZjEyZTkwYzMwNjkzNjM4M2Q1Zjk0MzBkIiwiaXAiOiI6OjEiLCJ1c2VyX2FnZW50IjoiVGlja2V0aW5nLVdlYkFwcCJ9fQ.j3Ts9jUFLtMhK-fzhGgRkjYW4mqN1qlJjlRiWGDSFXY
Connection: close
Request body:

========================================
2018-01-24 14:52:49 
::1 GET /synergix-takaful/public-api/v1/ticket_statistics/subcategories HTTP/1.1
HTTP headers:
Host: localhost
User-Agent: Ticketing-WebApp
Authorization: Bearer eyJ0eXAiOiJKV1QiLCJhbGciOiJIUzI1NiJ9.eyJpYXQiOjE1MTY3ODAzNjcsImp0aSI6IkE0eml6WWJVN1FSZkRhVWU1Q1VsTUJZQUROTDdcL3Z5dlBIekE0SklpY3NvPSIsImlzcyI6Ijo6MSIsIm5iZiI6MTUxNjc4MDM2NywiZXhwIjoxNTE2NzgyMTY3LCJkYXRhIjp7InVzZXJuYW1lIjoic3B2IiwicGFzc3dvcmQiOiJlMzYwYTliNWQ0NGIzM2YxZjEyZTkwYzMwNjkzNjM4M2Q1Zjk0MzBkIiwiaXAiOiI6OjEiLCJ1c2VyX2FnZW50IjoiVGlja2V0aW5nLVdlYkFwcCJ9fQ.j3Ts9jUFLtMhK-fzhGgRkjYW4mqN1qlJjlRiWGDSFXY
Connection: close
Request body:

========================================
2018-01-24 14:52:52 
::1 GET /synergix-takaful/public-api/v1/users?limit=20&order=fullname&page= HTTP/1.1
HTTP headers:
Host: localhost
User-Agent: Ticketing-WebApp
Authorization: Bearer eyJ0eXAiOiJKV1QiLCJhbGciOiJIUzI1NiJ9.eyJpYXQiOjE1MTY3ODAzNjcsImp0aSI6IkE0eml6WWJVN1FSZkRhVWU1Q1VsTUJZQUROTDdcL3Z5dlBIekE0SklpY3NvPSIsImlzcyI6Ijo6MSIsIm5iZiI6MTUxNjc4MDM2NywiZXhwIjoxNTE2NzgyMTY3LCJkYXRhIjp7InVzZXJuYW1lIjoic3B2IiwicGFzc3dvcmQiOiJlMzYwYTliNWQ0NGIzM2YxZjEyZTkwYzMwNjkzNjM4M2Q1Zjk0MzBkIiwiaXAiOiI6OjEiLCJ1c2VyX2FnZW50IjoiVGlja2V0aW5nLVdlYkFwcCJ9fQ.j3Ts9jUFLtMhK-fzhGgRkjYW4mqN1qlJjlRiWGDSFXY
Connection: close
Request body:

========================================
2018-01-24 14:59:41 
::1 GET /synergix-takaful/public-api/v1/customers?limit=20&order=fullname&page= HTTP/1.1
HTTP headers:
Host: localhost
User-Agent: Ticketing-WebApp
Authorization: Bearer eyJ0eXAiOiJKV1QiLCJhbGciOiJIUzI1NiJ9.eyJpYXQiOjE1MTY3ODAzNjcsImp0aSI6IkE0eml6WWJVN1FSZkRhVWU1Q1VsTUJZQUROTDdcL3Z5dlBIekE0SklpY3NvPSIsImlzcyI6Ijo6MSIsIm5iZiI6MTUxNjc4MDM2NywiZXhwIjoxNTE2NzgyMTY3LCJkYXRhIjp7InVzZXJuYW1lIjoic3B2IiwicGFzc3dvcmQiOiJlMzYwYTliNWQ0NGIzM2YxZjEyZTkwYzMwNjkzNjM4M2Q1Zjk0MzBkIiwiaXAiOiI6OjEiLCJ1c2VyX2FnZW50IjoiVGlja2V0aW5nLVdlYkFwcCJ9fQ.j3Ts9jUFLtMhK-fzhGgRkjYW4mqN1qlJjlRiWGDSFXY
Connection: close
Request body:

========================================
2018-01-24 15:02:11 
::1 GET /synergix-takaful/public-api/v1/tickets?limit=20&start=1516726800&end=1516726800 HTTP/1.1
HTTP headers:
Host: localhost
User-Agent: Ticketing-WebApp
Authorization: Bearer eyJ0eXAiOiJKV1QiLCJhbGciOiJIUzI1NiJ9.eyJpYXQiOjE1MTY3ODAzNjcsImp0aSI6IkE0eml6WWJVN1FSZkRhVWU1Q1VsTUJZQUROTDdcL3Z5dlBIekE0SklpY3NvPSIsImlzcyI6Ijo6MSIsIm5iZiI6MTUxNjc4MDM2NywiZXhwIjoxNTE2NzgyMTY3LCJkYXRhIjp7InVzZXJuYW1lIjoic3B2IiwicGFzc3dvcmQiOiJlMzYwYTliNWQ0NGIzM2YxZjEyZTkwYzMwNjkzNjM4M2Q1Zjk0MzBkIiwiaXAiOiI6OjEiLCJ1c2VyX2FnZW50IjoiVGlja2V0aW5nLVdlYkFwcCJ9fQ.j3Ts9jUFLtMhK-fzhGgRkjYW4mqN1qlJjlRiWGDSFXY
Connection: close
Request body:

========================================
2018-01-24 15:02:14 
::1 GET /synergix-takaful/public-api/v1/contact_types?is_active=1 HTTP/1.1
HTTP headers:
Host: localhost
User-Agent: Ticketing-WebApp
Authorization: Bearer eyJ0eXAiOiJKV1QiLCJhbGciOiJIUzI1NiJ9.eyJpYXQiOjE1MTY3ODAzNjcsImp0aSI6IkE0eml6WWJVN1FSZkRhVWU1Q1VsTUJZQUROTDdcL3Z5dlBIekE0SklpY3NvPSIsImlzcyI6Ijo6MSIsIm5iZiI6MTUxNjc4MDM2NywiZXhwIjoxNTE2NzgyMTY3LCJkYXRhIjp7InVzZXJuYW1lIjoic3B2IiwicGFzc3dvcmQiOiJlMzYwYTliNWQ0NGIzM2YxZjEyZTkwYzMwNjkzNjM4M2Q1Zjk0MzBkIiwiaXAiOiI6OjEiLCJ1c2VyX2FnZW50IjoiVGlja2V0aW5nLVdlYkFwcCJ9fQ.j3Ts9jUFLtMhK-fzhGgRkjYW4mqN1qlJjlRiWGDSFXY
Connection: close
Request body:

========================================
2018-01-24 15:02:14 
::1 GET /synergix-takaful/public-api/v1/ticket_sources?is_active=1 HTTP/1.1
HTTP headers:
Host: localhost
User-Agent: Ticketing-WebApp
Authorization: Bearer eyJ0eXAiOiJKV1QiLCJhbGciOiJIUzI1NiJ9.eyJpYXQiOjE1MTY3ODAzNjcsImp0aSI6IkE0eml6WWJVN1FSZkRhVWU1Q1VsTUJZQUROTDdcL3Z5dlBIekE0SklpY3NvPSIsImlzcyI6Ijo6MSIsIm5iZiI6MTUxNjc4MDM2NywiZXhwIjoxNTE2NzgyMTY3LCJkYXRhIjp7InVzZXJuYW1lIjoic3B2IiwicGFzc3dvcmQiOiJlMzYwYTliNWQ0NGIzM2YxZjEyZTkwYzMwNjkzNjM4M2Q1Zjk0MzBkIiwiaXAiOiI6OjEiLCJ1c2VyX2FnZW50IjoiVGlja2V0aW5nLVdlYkFwcCJ9fQ.j3Ts9jUFLtMhK-fzhGgRkjYW4mqN1qlJjlRiWGDSFXY
Connection: close
Request body:

========================================
2018-01-24 15:02:14 
::1 GET /synergix-takaful/public-api/v1/ticket_sources?is_active=1&limit=50 HTTP/1.1
HTTP headers:
Host: localhost
User-Agent: Ticketing-WebApp
Authorization: Bearer eyJ0eXAiOiJKV1QiLCJhbGciOiJIUzI1NiJ9.eyJpYXQiOjE1MTY3ODAzNjcsImp0aSI6IkE0eml6WWJVN1FSZkRhVWU1Q1VsTUJZQUROTDdcL3Z5dlBIekE0SklpY3NvPSIsImlzcyI6Ijo6MSIsIm5iZiI6MTUxNjc4MDM2NywiZXhwIjoxNTE2NzgyMTY3LCJkYXRhIjp7InVzZXJuYW1lIjoic3B2IiwicGFzc3dvcmQiOiJlMzYwYTliNWQ0NGIzM2YxZjEyZTkwYzMwNjkzNjM4M2Q1Zjk0MzBkIiwiaXAiOiI6OjEiLCJ1c2VyX2FnZW50IjoiVGlja2V0aW5nLVdlYkFwcCJ9fQ.j3Ts9jUFLtMhK-fzhGgRkjYW4mqN1qlJjlRiWGDSFXY
Connection: close
Request body:

========================================
2018-01-24 15:40:50 
::1 GET /synergix-takaful/public-api/v1/customers?limit=20&order=fullname&page= HTTP/1.1
HTTP headers:
Host: localhost
User-Agent: Ticketing-WebApp
Authorization: Bearer eyJ0eXAiOiJKV1QiLCJhbGciOiJIUzI1NiJ9.eyJpYXQiOjE1MTY3ODAzNjcsImp0aSI6IkE0eml6WWJVN1FSZkRhVWU1Q1VsTUJZQUROTDdcL3Z5dlBIekE0SklpY3NvPSIsImlzcyI6Ijo6MSIsIm5iZiI6MTUxNjc4MDM2NywiZXhwIjoxNTE2NzgyMTY3LCJkYXRhIjp7InVzZXJuYW1lIjoic3B2IiwicGFzc3dvcmQiOiJlMzYwYTliNWQ0NGIzM2YxZjEyZTkwYzMwNjkzNjM4M2Q1Zjk0MzBkIiwiaXAiOiI6OjEiLCJ1c2VyX2FnZW50IjoiVGlja2V0aW5nLVdlYkFwcCJ9fQ.j3Ts9jUFLtMhK-fzhGgRkjYW4mqN1qlJjlRiWGDSFXY
Connection: close
Request body:

========================================
2018-01-24 15:40:50 
::1 POST /synergix-takaful/public-api/v1/users/token HTTP/1.1
HTTP headers:
Host: localhost
Content-Length: 25
User-Agent: Ticketing-WebApp
Connection: close
Content-Type: application/x-www-form-urlencoded
Request body:
username=spv&password=spv
========================================
2018-01-24 15:40:51 
::1 GET /synergix-takaful/public-api/v1/customers?limit=20&order=fullname&page= HTTP/1.1
HTTP headers:
Host: localhost
User-Agent: Ticketing-WebApp
Authorization: Bearer eyJ0eXAiOiJKV1QiLCJhbGciOiJIUzI1NiJ9.eyJpYXQiOjE1MTY3ODMyNTAsImp0aSI6IlZ3Z1wvdVwvQzhIR0szN3luek9qWjgyXC9ERkRDRFZ6eGZTSDJpVjdjSFRzZ3M9IiwiaXNzIjoiOjoxIiwibmJmIjoxNTE2NzgzMjUwLCJleHAiOjE1MTY3ODUwNTAsImRhdGEiOnsidXNlcm5hbWUiOiJzcHYiLCJwYXNzd29yZCI6ImUzNjBhOWI1ZDQ0YjMzZjFmMTJlOTBjMzA2OTM2MzgzZDVmOTQzMGQiLCJpcCI6Ijo6MSIsInVzZXJfYWdlbnQiOiJUaWNrZXRpbmctV2ViQXBwIn19.IQ-uITMKDCyjLpLvfU54Bldcm24w_7zRvGfo9wYwoC4
Connection: close
Request body:

========================================
2018-01-24 16:08:05 
::1 GET /synergix-takaful/public-api/v1/customers?limit=20&order=fullname&page=2 HTTP/1.1
HTTP headers:
Host: localhost
User-Agent: Ticketing-WebApp
Authorization: Bearer eyJ0eXAiOiJKV1QiLCJhbGciOiJIUzI1NiJ9.eyJpYXQiOjE1MTY3ODMyNTAsImp0aSI6IlZ3Z1wvdVwvQzhIR0szN3luek9qWjgyXC9ERkRDRFZ6eGZTSDJpVjdjSFRzZ3M9IiwiaXNzIjoiOjoxIiwibmJmIjoxNTE2NzgzMjUwLCJleHAiOjE1MTY3ODUwNTAsImRhdGEiOnsidXNlcm5hbWUiOiJzcHYiLCJwYXNzd29yZCI6ImUzNjBhOWI1ZDQ0YjMzZjFmMTJlOTBjMzA2OTM2MzgzZDVmOTQzMGQiLCJpcCI6Ijo6MSIsInVzZXJfYWdlbnQiOiJUaWNrZXRpbmctV2ViQXBwIn19.IQ-uITMKDCyjLpLvfU54Bldcm24w_7zRvGfo9wYwoC4
Connection: close
Request body:

========================================
2018-01-24 16:08:12 
::1 GET /synergix-takaful/public-api/v1/customers?limit=20&order=fullname&page=1 HTTP/1.1
HTTP headers:
Host: localhost
User-Agent: Ticketing-WebApp
Authorization: Bearer eyJ0eXAiOiJKV1QiLCJhbGciOiJIUzI1NiJ9.eyJpYXQiOjE1MTY3ODMyNTAsImp0aSI6IlZ3Z1wvdVwvQzhIR0szN3luek9qWjgyXC9ERkRDRFZ6eGZTSDJpVjdjSFRzZ3M9IiwiaXNzIjoiOjoxIiwibmJmIjoxNTE2NzgzMjUwLCJleHAiOjE1MTY3ODUwNTAsImRhdGEiOnsidXNlcm5hbWUiOiJzcHYiLCJwYXNzd29yZCI6ImUzNjBhOWI1ZDQ0YjMzZjFmMTJlOTBjMzA2OTM2MzgzZDVmOTQzMGQiLCJpcCI6Ijo6MSIsInVzZXJfYWdlbnQiOiJUaWNrZXRpbmctV2ViQXBwIn19.IQ-uITMKDCyjLpLvfU54Bldcm24w_7zRvGfo9wYwoC4
Connection: close
Request body:

========================================
2018-01-24 16:13:41 
::1 GET /synergix-takaful/public-api/v1/ticket_statistics HTTP/1.1
HTTP headers:
Host: localhost
User-Agent: Ticketing-WebApp
Authorization: Bearer eyJ0eXAiOiJKV1QiLCJhbGciOiJIUzI1NiJ9.eyJpYXQiOjE1MTY3ODMyNTAsImp0aSI6IlZ3Z1wvdVwvQzhIR0szN3luek9qWjgyXC9ERkRDRFZ6eGZTSDJpVjdjSFRzZ3M9IiwiaXNzIjoiOjoxIiwibmJmIjoxNTE2NzgzMjUwLCJleHAiOjE1MTY3ODUwNTAsImRhdGEiOnsidXNlcm5hbWUiOiJzcHYiLCJwYXNzd29yZCI6ImUzNjBhOWI1ZDQ0YjMzZjFmMTJlOTBjMzA2OTM2MzgzZDVmOTQzMGQiLCJpcCI6Ijo6MSIsInVzZXJfYWdlbnQiOiJUaWNrZXRpbmctV2ViQXBwIn19.IQ-uITMKDCyjLpLvfU54Bldcm24w_7zRvGfo9wYwoC4
Connection: close
Request body:

========================================
2018-01-24 16:13:41 
::1 POST /synergix-takaful/public-api/v1/users/token HTTP/1.1
HTTP headers:
Host: localhost
Content-Length: 25
User-Agent: Ticketing-WebApp
Connection: close
Content-Type: application/x-www-form-urlencoded
Request body:
username=spv&password=spv
========================================
2018-01-24 16:13:42 
::1 GET /synergix-takaful/public-api/v1/ticket_statistics HTTP/1.1
HTTP headers:
Host: localhost
User-Agent: Ticketing-WebApp
Authorization: Bearer eyJ0eXAiOiJKV1QiLCJhbGciOiJIUzI1NiJ9.eyJpYXQiOjE1MTY3ODUyMjEsImp0aSI6Im5lWUJyRHJhcDZlKzBjRTIyZUJIbENVZGV3aVFDQ2hFdkhGbmdINU8wQ2s9IiwiaXNzIjoiOjoxIiwibmJmIjoxNTE2Nzg1MjIxLCJleHAiOjE1MTY3ODcwMjEsImRhdGEiOnsidXNlcm5hbWUiOiJzcHYiLCJwYXNzd29yZCI6ImUzNjBhOWI1ZDQ0YjMzZjFmMTJlOTBjMzA2OTM2MzgzZDVmOTQzMGQiLCJpcCI6Ijo6MSIsInVzZXJfYWdlbnQiOiJUaWNrZXRpbmctV2ViQXBwIn19.9wiCSyO6KVEOQHvYU4kZFeB1wG5LGfg0rLf6kbp7dIk
Connection: close
Request body:

========================================
2018-01-24 16:13:42 
::1 GET /synergix-takaful/public-api/v1/ticket_statistics/departments HTTP/1.1
HTTP headers:
Host: localhost
User-Agent: Ticketing-WebApp
Authorization: Bearer eyJ0eXAiOiJKV1QiLCJhbGciOiJIUzI1NiJ9.eyJpYXQiOjE1MTY3ODUyMjEsImp0aSI6Im5lWUJyRHJhcDZlKzBjRTIyZUJIbENVZGV3aVFDQ2hFdkhGbmdINU8wQ2s9IiwiaXNzIjoiOjoxIiwibmJmIjoxNTE2Nzg1MjIxLCJleHAiOjE1MTY3ODcwMjEsImRhdGEiOnsidXNlcm5hbWUiOiJzcHYiLCJwYXNzd29yZCI6ImUzNjBhOWI1ZDQ0YjMzZjFmMTJlOTBjMzA2OTM2MzgzZDVmOTQzMGQiLCJpcCI6Ijo6MSIsInVzZXJfYWdlbnQiOiJUaWNrZXRpbmctV2ViQXBwIn19.9wiCSyO6KVEOQHvYU4kZFeB1wG5LGfg0rLf6kbp7dIk
Connection: close
Request body:

========================================
2018-01-24 16:13:42 
::1 GET /synergix-takaful/public-api/v1/ticket_statistics/categories HTTP/1.1
HTTP headers:
Host: localhost
User-Agent: Ticketing-WebApp
Authorization: Bearer eyJ0eXAiOiJKV1QiLCJhbGciOiJIUzI1NiJ9.eyJpYXQiOjE1MTY3ODUyMjEsImp0aSI6Im5lWUJyRHJhcDZlKzBjRTIyZUJIbENVZGV3aVFDQ2hFdkhGbmdINU8wQ2s9IiwiaXNzIjoiOjoxIiwibmJmIjoxNTE2Nzg1MjIxLCJleHAiOjE1MTY3ODcwMjEsImRhdGEiOnsidXNlcm5hbWUiOiJzcHYiLCJwYXNzd29yZCI6ImUzNjBhOWI1ZDQ0YjMzZjFmMTJlOTBjMzA2OTM2MzgzZDVmOTQzMGQiLCJpcCI6Ijo6MSIsInVzZXJfYWdlbnQiOiJUaWNrZXRpbmctV2ViQXBwIn19.9wiCSyO6KVEOQHvYU4kZFeB1wG5LGfg0rLf6kbp7dIk
Connection: close
Request body:

========================================
2018-01-24 16:13:42 
::1 GET /synergix-takaful/public-api/v1/ticket_statistics/subcategories HTTP/1.1
HTTP headers:
Host: localhost
User-Agent: Ticketing-WebApp
Authorization: Bearer eyJ0eXAiOiJKV1QiLCJhbGciOiJIUzI1NiJ9.eyJpYXQiOjE1MTY3ODUyMjEsImp0aSI6Im5lWUJyRHJhcDZlKzBjRTIyZUJIbENVZGV3aVFDQ2hFdkhGbmdINU8wQ2s9IiwiaXNzIjoiOjoxIiwibmJmIjoxNTE2Nzg1MjIxLCJleHAiOjE1MTY3ODcwMjEsImRhdGEiOnsidXNlcm5hbWUiOiJzcHYiLCJwYXNzd29yZCI6ImUzNjBhOWI1ZDQ0YjMzZjFmMTJlOTBjMzA2OTM2MzgzZDVmOTQzMGQiLCJpcCI6Ijo6MSIsInVzZXJfYWdlbnQiOiJUaWNrZXRpbmctV2ViQXBwIn19.9wiCSyO6KVEOQHvYU4kZFeB1wG5LGfg0rLf6kbp7dIk
Connection: close
Request body:

========================================
2018-01-24 16:29:00 
::1 GET /synergix-takaful/public-api/v1/departments?limit=100 HTTP/1.1
HTTP headers:
Host: localhost
User-Agent: Ticketing-WebApp
Authorization: Bearer eyJ0eXAiOiJKV1QiLCJhbGciOiJIUzI1NiJ9.eyJpYXQiOjE1MTY3ODUyMjEsImp0aSI6Im5lWUJyRHJhcDZlKzBjRTIyZUJIbENVZGV3aVFDQ2hFdkhGbmdINU8wQ2s9IiwiaXNzIjoiOjoxIiwibmJmIjoxNTE2Nzg1MjIxLCJleHAiOjE1MTY3ODcwMjEsImRhdGEiOnsidXNlcm5hbWUiOiJzcHYiLCJwYXNzd29yZCI6ImUzNjBhOWI1ZDQ0YjMzZjFmMTJlOTBjMzA2OTM2MzgzZDVmOTQzMGQiLCJpcCI6Ijo6MSIsInVzZXJfYWdlbnQiOiJUaWNrZXRpbmctV2ViQXBwIn19.9wiCSyO6KVEOQHvYU4kZFeB1wG5LGfg0rLf6kbp7dIk
Connection: close
Request body:

========================================
