2018-05-13 00:01:25 
::1 GET /synergix-takaful/public-api/v1/tickets?need_follow_up=1&ticket_status_id=4&limit=1 HTTP/1.1
HTTP headers:
Host: localhost
User-Agent: Ticketing-WebApp
Authorization: Bearer eyJ0eXAiOiJKV1QiLCJhbGciOiJIUzI1NiJ9.eyJpYXQiOjE1MjYxNDQzOTAsImp0aSI6InBmRlFJTEYzTG5XZkMwMTRrbWRMVjkyR0FYZThyVmNDaUJtQnV6REpKVnc9IiwiaXNzIjoiOjoxIiwibmJmIjoxNTI2MTQ0MzkwLCJleHAiOjE1MjYxNDYxOTAsImRhdGEiOnsidXNlcm5hbWUiOiJiYV9hZG1pbiIsInBhc3N3b3JkIjoiYTAzNmFjMTM3MjJhYTNjNjg1YjRmYzQ5NWJjYTEwYTcxNzRmMDk3MCIsImlwIjoiOjoxIiwidXNlcl9hZ2VudCI6IlRpY2tldGluZy1XZWJBcHAifX0.IHWWJK4JkJDfA_U8B_m3vMvjrptNeS9sPJpewDsLm04
Connection: close
Request body:

========================================
2018-05-13 00:01:25 
::1 GET /synergix-takaful/public-api/v1/tickets?limit=20 HTTP/1.1
HTTP headers:
Host: localhost
User-Agent: Ticketing-WebApp
Authorization: Bearer eyJ0eXAiOiJKV1QiLCJhbGciOiJIUzI1NiJ9.eyJpYXQiOjE1MjYxNDQzOTAsImp0aSI6InBmRlFJTEYzTG5XZkMwMTRrbWRMVjkyR0FYZThyVmNDaUJtQnV6REpKVnc9IiwiaXNzIjoiOjoxIiwibmJmIjoxNTI2MTQ0MzkwLCJleHAiOjE1MjYxNDYxOTAsImRhdGEiOnsidXNlcm5hbWUiOiJiYV9hZG1pbiIsInBhc3N3b3JkIjoiYTAzNmFjMTM3MjJhYTNjNjg1YjRmYzQ5NWJjYTEwYTcxNzRmMDk3MCIsImlwIjoiOjoxIiwidXNlcl9hZ2VudCI6IlRpY2tldGluZy1XZWJBcHAifX0.IHWWJK4JkJDfA_U8B_m3vMvjrptNeS9sPJpewDsLm04
Connection: close
Request body:

========================================
2018-05-13 00:02:39 
::1 GET /synergix-takaful/public-api/v1/tickets?limit=1&ticket_no=1803160006 HTTP/1.1
HTTP headers:
Host: localhost
User-Agent: Ticketing-WebApp
Authorization: Bearer eyJ0eXAiOiJKV1QiLCJhbGciOiJIUzI1NiJ9.eyJpYXQiOjE1MjYxNDQzOTAsImp0aSI6InBmRlFJTEYzTG5XZkMwMTRrbWRMVjkyR0FYZThyVmNDaUJtQnV6REpKVnc9IiwiaXNzIjoiOjoxIiwibmJmIjoxNTI2MTQ0MzkwLCJleHAiOjE1MjYxNDYxOTAsImRhdGEiOnsidXNlcm5hbWUiOiJiYV9hZG1pbiIsInBhc3N3b3JkIjoiYTAzNmFjMTM3MjJhYTNjNjg1YjRmYzQ5NWJjYTEwYTcxNzRmMDk3MCIsImlwIjoiOjoxIiwidXNlcl9hZ2VudCI6IlRpY2tldGluZy1XZWJBcHAifX0.IHWWJK4JkJDfA_U8B_m3vMvjrptNeS9sPJpewDsLm04
Connection: close
Request body:

========================================
2018-05-13 00:02:39 
::1 GET /synergix-takaful/public-api/v1/contact_types?is_active=1 HTTP/1.1
HTTP headers:
Host: localhost
User-Agent: Ticketing-WebApp
Authorization: Bearer eyJ0eXAiOiJKV1QiLCJhbGciOiJIUzI1NiJ9.eyJpYXQiOjE1MjYxNDQzOTAsImp0aSI6InBmRlFJTEYzTG5XZkMwMTRrbWRMVjkyR0FYZThyVmNDaUJtQnV6REpKVnc9IiwiaXNzIjoiOjoxIiwibmJmIjoxNTI2MTQ0MzkwLCJleHAiOjE1MjYxNDYxOTAsImRhdGEiOnsidXNlcm5hbWUiOiJiYV9hZG1pbiIsInBhc3N3b3JkIjoiYTAzNmFjMTM3MjJhYTNjNjg1YjRmYzQ5NWJjYTEwYTcxNzRmMDk3MCIsImlwIjoiOjoxIiwidXNlcl9hZ2VudCI6IlRpY2tldGluZy1XZWJBcHAifX0.IHWWJK4JkJDfA_U8B_m3vMvjrptNeS9sPJpewDsLm04
Connection: close
Request body:

========================================
2018-05-13 00:02:39 
::1 GET /synergix-takaful/public-api/v1/ticket_sources?is_active=1 HTTP/1.1
HTTP headers:
Host: localhost
User-Agent: Ticketing-WebApp
Authorization: Bearer eyJ0eXAiOiJKV1QiLCJhbGciOiJIUzI1NiJ9.eyJpYXQiOjE1MjYxNDQzOTAsImp0aSI6InBmRlFJTEYzTG5XZkMwMTRrbWRMVjkyR0FYZThyVmNDaUJtQnV6REpKVnc9IiwiaXNzIjoiOjoxIiwibmJmIjoxNTI2MTQ0MzkwLCJleHAiOjE1MjYxNDYxOTAsImRhdGEiOnsidXNlcm5hbWUiOiJiYV9hZG1pbiIsInBhc3N3b3JkIjoiYTAzNmFjMTM3MjJhYTNjNjg1YjRmYzQ5NWJjYTEwYTcxNzRmMDk3MCIsImlwIjoiOjoxIiwidXNlcl9hZ2VudCI6IlRpY2tldGluZy1XZWJBcHAifX0.IHWWJK4JkJDfA_U8B_m3vMvjrptNeS9sPJpewDsLm04
Connection: close
Request body:

========================================
2018-05-13 00:02:39 
::1 GET /synergix-takaful/public-api/v1/ticket_categories?is_active=1&ticket_type_id=6&product_type_id=2 HTTP/1.1
HTTP headers:
Host: localhost
User-Agent: Ticketing-WebApp
Authorization: Bearer eyJ0eXAiOiJKV1QiLCJhbGciOiJIUzI1NiJ9.eyJpYXQiOjE1MjYxNDQzOTAsImp0aSI6InBmRlFJTEYzTG5XZkMwMTRrbWRMVjkyR0FYZThyVmNDaUJtQnV6REpKVnc9IiwiaXNzIjoiOjoxIiwibmJmIjoxNTI2MTQ0MzkwLCJleHAiOjE1MjYxNDYxOTAsImRhdGEiOnsidXNlcm5hbWUiOiJiYV9hZG1pbiIsInBhc3N3b3JkIjoiYTAzNmFjMTM3MjJhYTNjNjg1YjRmYzQ5NWJjYTEwYTcxNzRmMDk3MCIsImlwIjoiOjoxIiwidXNlcl9hZ2VudCI6IlRpY2tldGluZy1XZWJBcHAifX0.IHWWJK4JkJDfA_U8B_m3vMvjrptNeS9sPJpewDsLm04
Connection: close
Request body:

========================================
2018-05-13 00:02:39 
::1 GET /synergix-takaful/public-api/v1/ticket_subcategories?is_active=1&ticket_category_id=41 HTTP/1.1
HTTP headers:
Host: localhost
User-Agent: Ticketing-WebApp
Authorization: Bearer eyJ0eXAiOiJKV1QiLCJhbGciOiJIUzI1NiJ9.eyJpYXQiOjE1MjYxNDQzOTAsImp0aSI6InBmRlFJTEYzTG5XZkMwMTRrbWRMVjkyR0FYZThyVmNDaUJtQnV6REpKVnc9IiwiaXNzIjoiOjoxIiwibmJmIjoxNTI2MTQ0MzkwLCJleHAiOjE1MjYxNDYxOTAsImRhdGEiOnsidXNlcm5hbWUiOiJiYV9hZG1pbiIsInBhc3N3b3JkIjoiYTAzNmFjMTM3MjJhYTNjNjg1YjRmYzQ5NWJjYTEwYTcxNzRmMDk3MCIsImlwIjoiOjoxIiwidXNlcl9hZ2VudCI6IlRpY2tldGluZy1XZWJBcHAifX0.IHWWJK4JkJDfA_U8B_m3vMvjrptNeS9sPJpewDsLm04
Connection: close
Request body:

========================================
2018-05-13 00:02:39 
::1 GET /synergix-takaful/public-api/v1/ticket_priorities?is_active=1 HTTP/1.1
HTTP headers:
Host: localhost
User-Agent: Ticketing-WebApp
Authorization: Bearer eyJ0eXAiOiJKV1QiLCJhbGciOiJIUzI1NiJ9.eyJpYXQiOjE1MjYxNDQzOTAsImp0aSI6InBmRlFJTEYzTG5XZkMwMTRrbWRMVjkyR0FYZThyVmNDaUJtQnV6REpKVnc9IiwiaXNzIjoiOjoxIiwibmJmIjoxNTI2MTQ0MzkwLCJleHAiOjE1MjYxNDYxOTAsImRhdGEiOnsidXNlcm5hbWUiOiJiYV9hZG1pbiIsInBhc3N3b3JkIjoiYTAzNmFjMTM3MjJhYTNjNjg1YjRmYzQ5NWJjYTEwYTcxNzRmMDk3MCIsImlwIjoiOjoxIiwidXNlcl9hZ2VudCI6IlRpY2tldGluZy1XZWJBcHAifX0.IHWWJK4JkJDfA_U8B_m3vMvjrptNeS9sPJpewDsLm04
Connection: close
Request body:

========================================
2018-05-13 00:02:39 
::1 GET /synergix-takaful/public-api/v1/customer_types/active?limit=50 HTTP/1.1
HTTP headers:
Host: localhost
User-Agent: Ticketing-WebApp
Authorization: Bearer eyJ0eXAiOiJKV1QiLCJhbGciOiJIUzI1NiJ9.eyJpYXQiOjE1MjYxNDQzOTAsImp0aSI6InBmRlFJTEYzTG5XZkMwMTRrbWRMVjkyR0FYZThyVmNDaUJtQnV6REpKVnc9IiwiaXNzIjoiOjoxIiwibmJmIjoxNTI2MTQ0MzkwLCJleHAiOjE1MjYxNDYxOTAsImRhdGEiOnsidXNlcm5hbWUiOiJiYV9hZG1pbiIsInBhc3N3b3JkIjoiYTAzNmFjMTM3MjJhYTNjNjg1YjRmYzQ5NWJjYTEwYTcxNzRmMDk3MCIsImlwIjoiOjoxIiwidXNlcl9hZ2VudCI6IlRpY2tldGluZy1XZWJBcHAifX0.IHWWJK4JkJDfA_U8B_m3vMvjrptNeS9sPJpewDsLm04
Connection: close
Request body:

========================================
2018-05-13 00:02:39 
::1 GET /synergix-takaful/public-api/v1/outbound_types/active?limit=50 HTTP/1.1
HTTP headers:
Host: localhost
User-Agent: Ticketing-WebApp
Authorization: Bearer eyJ0eXAiOiJKV1QiLCJhbGciOiJIUzI1NiJ9.eyJpYXQiOjE1MjYxNDQzOTAsImp0aSI6InBmRlFJTEYzTG5XZkMwMTRrbWRMVjkyR0FYZThyVmNDaUJtQnV6REpKVnc9IiwiaXNzIjoiOjoxIiwibmJmIjoxNTI2MTQ0MzkwLCJleHAiOjE1MjYxNDYxOTAsImRhdGEiOnsidXNlcm5hbWUiOiJiYV9hZG1pbiIsInBhc3N3b3JkIjoiYTAzNmFjMTM3MjJhYTNjNjg1YjRmYzQ5NWJjYTEwYTcxNzRmMDk3MCIsImlwIjoiOjoxIiwidXNlcl9hZ2VudCI6IlRpY2tldGluZy1XZWJBcHAifX0.IHWWJK4JkJDfA_U8B_m3vMvjrptNeS9sPJpewDsLm04
Connection: close
Request body:

========================================
