2019-06-13 19:29:06 
::1 GET /tourism/public-api/v1/tourism?tourism_approval_status=2&sort=DESC HTTP/1.1
HTTP headers:
Host: localhost
User-Agent: Ticketing-WebApp
Connection: close
Request body:

========================================
2019-06-13 19:29:29 
::1 POST /tourism/public-api/v1/users/token HTTP/1.1
HTTP headers:
Host: localhost
Content-Length: 43
User-Agent: Ticketing-WebApp
Connection: close
Content-Type: application/x-www-form-urlencoded
Request body:
username=admin_istana&password=admin_istana
========================================
2019-06-13 19:29:30 
::1 GET /tourism/public-api/v1/users/18 HTTP/1.1
HTTP headers:
Host: localhost
User-Agent: Ticketing-WebApp
Authorization: Bearer eyJ0eXAiOiJKV1QiLCJhbGciOiJIUzI1NiJ9.eyJpYXQiOjE1NjA0Mjg5NjksImp0aSI6ImpMSkQ3NzhvaUFCOG1UalBZSEJLa05yREhVczJiVnR6SG40SlJEaVFUUXc9IiwiaXNzIjoiOjoxIiwibmJmIjoxNTYwNDI4OTY5LCJleHAiOjE1NjA0MzA3NjksImRhdGEiOnsidXNlcm5hbWUiOiJhZG1pbl9pc3RhbmEiLCJwYXNzd29yZCI6IjIyNDg0YjRhMzIzMzIwODdhMzA1NTFkYzRkYmUxYjEzMTY0ZDJkYjgiLCJpcCI6Ijo6MSIsInVzZXJfYWdlbnQiOiJUaWNrZXRpbmctV2ViQXBwIn19.r_ZrkUhFcUdDknUxUqiOa3SsRivb16nlwJrlX6gW4pQ
Connection: close
Request body:

========================================
2019-06-13 19:29:30 
::1 GET /tourism/public-api/v1/tourism?tourism_approval_status=2&sort=DESC HTTP/1.1
HTTP headers:
Host: localhost
User-Agent: Ticketing-WebApp
Authorization: Bearer eyJ0eXAiOiJKV1QiLCJhbGciOiJIUzI1NiJ9.eyJpYXQiOjE1NjA0Mjg5NjksImp0aSI6ImpMSkQ3NzhvaUFCOG1UalBZSEJLa05yREhVczJiVnR6SG40SlJEaVFUUXc9IiwiaXNzIjoiOjoxIiwibmJmIjoxNTYwNDI4OTY5LCJleHAiOjE1NjA0MzA3NjksImRhdGEiOnsidXNlcm5hbWUiOiJhZG1pbl9pc3RhbmEiLCJwYXNzd29yZCI6IjIyNDg0YjRhMzIzMzIwODdhMzA1NTFkYzRkYmUxYjEzMTY0ZDJkYjgiLCJpcCI6Ijo6MSIsInVzZXJfYWdlbnQiOiJUaWNrZXRpbmctV2ViQXBwIn19.r_ZrkUhFcUdDknUxUqiOa3SsRivb16nlwJrlX6gW4pQ
Connection: close
Request body:

========================================
2019-06-13 19:29:52 
::1 GET /tourism/public-api/v1/tourism?limit=10&sort=desc&tourism_approval_status=2 HTTP/1.1
HTTP headers:
Host: localhost
User-Agent: Ticketing-WebApp
Authorization: Bearer eyJ0eXAiOiJKV1QiLCJhbGciOiJIUzI1NiJ9.eyJpYXQiOjE1NjA0Mjg5NjksImp0aSI6ImpMSkQ3NzhvaUFCOG1UalBZSEJLa05yREhVczJiVnR6SG40SlJEaVFUUXc9IiwiaXNzIjoiOjoxIiwibmJmIjoxNTYwNDI4OTY5LCJleHAiOjE1NjA0MzA3NjksImRhdGEiOnsidXNlcm5hbWUiOiJhZG1pbl9pc3RhbmEiLCJwYXNzd29yZCI6IjIyNDg0YjRhMzIzMzIwODdhMzA1NTFkYzRkYmUxYjEzMTY0ZDJkYjgiLCJpcCI6Ijo6MSIsInVzZXJfYWdlbnQiOiJUaWNrZXRpbmctV2ViQXBwIn19.r_ZrkUhFcUdDknUxUqiOa3SsRivb16nlwJrlX6gW4pQ
Connection: close
Request body:

========================================
2019-06-13 19:29:53 
::1 GET /tourism/public-api/v1/provinces//countries?limit=1 HTTP/1.1
HTTP headers:
Host: localhost
User-Agent: Ticketing-WebApp
Authorization: Bearer eyJ0eXAiOiJKV1QiLCJhbGciOiJIUzI1NiJ9.eyJpYXQiOjE1NjA0Mjg5NjksImp0aSI6ImpMSkQ3NzhvaUFCOG1UalBZSEJLa05yREhVczJiVnR6SG40SlJEaVFUUXc9IiwiaXNzIjoiOjoxIiwibmJmIjoxNTYwNDI4OTY5LCJleHAiOjE1NjA0MzA3NjksImRhdGEiOnsidXNlcm5hbWUiOiJhZG1pbl9pc3RhbmEiLCJwYXNzd29yZCI6IjIyNDg0YjRhMzIzMzIwODdhMzA1NTFkYzRkYmUxYjEzMTY0ZDJkYjgiLCJpcCI6Ijo6MSIsInVzZXJfYWdlbnQiOiJUaWNrZXRpbmctV2ViQXBwIn19.r_ZrkUhFcUdDknUxUqiOa3SsRivb16nlwJrlX6gW4pQ
Connection: close
Request body:

========================================
2019-06-13 19:29:53 
::1 POST /tourism/public-api/v1/users/token HTTP/1.1
HTTP headers:
Host: localhost
Content-Length: 43
User-Agent: Ticketing-WebApp
Connection: close
Content-Type: application/x-www-form-urlencoded
Request body:
username=admin_istana&password=admin_istana
========================================
2019-06-13 19:29:55 
::1 GET /tourism/public-api/v1/provinces//countries?limit=1 HTTP/1.1
HTTP headers:
Host: localhost
User-Agent: Ticketing-WebApp
Authorization: Bearer eyJ0eXAiOiJKV1QiLCJhbGciOiJIUzI1NiJ9.eyJpYXQiOjE1NjA0Mjg5OTQsImp0aSI6Ikk2TUFLTkJhYkhOZndqU1F0VHlYRXN0UUhUTXVPVUtsTFZzMnNvXC9NTmlVPSIsImlzcyI6Ijo6MSIsIm5iZiI6MTU2MDQyODk5NCwiZXhwIjoxNTYwNDMwNzk0LCJkYXRhIjp7InVzZXJuYW1lIjoiYWRtaW5faXN0YW5hIiwicGFzc3dvcmQiOiIyMjQ4NGI0YTMyMzMyMDg3YTMwNTUxZGM0ZGJlMWIxMzE2NGQyZGI4IiwiaXAiOiI6OjEiLCJ1c2VyX2FnZW50IjoiVGlja2V0aW5nLVdlYkFwcCJ9fQ.Gdu6IIbpInsDrGysiNWpRRey-B3avKWSaMSy1LG2c9I
Connection: close
Request body:

========================================
2019-06-13 19:29:55 
::1 POST /tourism/public-api/v1/users/token HTTP/1.1
HTTP headers:
Host: localhost
Content-Length: 43
User-Agent: Ticketing-WebApp
Connection: close
Content-Type: application/x-www-form-urlencoded
Request body:
username=admin_istana&password=admin_istana
========================================
2019-06-13 19:29:56 
::1 GET /tourism/public-api/v1/provinces//countries?limit=1 HTTP/1.1
HTTP headers:
Host: localhost
User-Agent: Ticketing-WebApp
Authorization: Bearer eyJ0eXAiOiJKV1QiLCJhbGciOiJIUzI1NiJ9.eyJpYXQiOjE1NjA0Mjg5OTUsImp0aSI6IjRhTHE0cGhXTVRKcHlWejE4bnk0RlByVzhPZ3l3RWNCN3VNRERTNURSWGs9IiwiaXNzIjoiOjoxIiwibmJmIjoxNTYwNDI4OTk1LCJleHAiOjE1NjA0MzA3OTUsImRhdGEiOnsidXNlcm5hbWUiOiJhZG1pbl9pc3RhbmEiLCJwYXNzd29yZCI6IjIyNDg0YjRhMzIzMzIwODdhMzA1NTFkYzRkYmUxYjEzMTY0ZDJkYjgiLCJpcCI6Ijo6MSIsInVzZXJfYWdlbnQiOiJUaWNrZXRpbmctV2ViQXBwIn19.0MuQ3N2BgTPgu-kfOgIG89byA5rEnT_65HEQcMvZdas
Connection: close
Request body:

========================================
2019-06-13 19:29:56 
::1 POST /tourism/public-api/v1/users/token HTTP/1.1
HTTP headers:
Host: localhost
Content-Length: 43
User-Agent: Ticketing-WebApp
Connection: close
Content-Type: application/x-www-form-urlencoded
Request body:
username=admin_istana&password=admin_istana
========================================
2019-06-13 19:29:57 
::1 GET /tourism/public-api/v1/provinces//countries?limit=1 HTTP/1.1
HTTP headers:
Host: localhost
User-Agent: Ticketing-WebApp
Authorization: Bearer eyJ0eXAiOiJKV1QiLCJhbGciOiJIUzI1NiJ9.eyJpYXQiOjE1NjA0Mjg5OTYsImp0aSI6Im05OWg2YWxZXC9CQ1pJckZSbkpzQWhxKzRoTnpiczg5a2hwZVZIS1lFbThjPSIsImlzcyI6Ijo6MSIsIm5iZiI6MTU2MDQyODk5NiwiZXhwIjoxNTYwNDMwNzk2LCJkYXRhIjp7InVzZXJuYW1lIjoiYWRtaW5faXN0YW5hIiwicGFzc3dvcmQiOiIyMjQ4NGI0YTMyMzMyMDg3YTMwNTUxZGM0ZGJlMWIxMzE2NGQyZGI4IiwiaXAiOiI6OjEiLCJ1c2VyX2FnZW50IjoiVGlja2V0aW5nLVdlYkFwcCJ9fQ.k_euSGtA7V3vqYaWYsvtn_hhAkxORuNjQFjscc7G2K4
Connection: close
Request body:

========================================
2019-06-13 19:29:57 
::1 GET /tourism/public-api/v1/provinces//countries?limit= HTTP/1.1
HTTP headers:
Host: localhost
User-Agent: Ticketing-WebApp
Authorization: Bearer eyJ0eXAiOiJKV1QiLCJhbGciOiJIUzI1NiJ9.eyJpYXQiOjE1NjA0Mjg5OTYsImp0aSI6Im05OWg2YWxZXC9CQ1pJckZSbkpzQWhxKzRoTnpiczg5a2hwZVZIS1lFbThjPSIsImlzcyI6Ijo6MSIsIm5iZiI6MTU2MDQyODk5NiwiZXhwIjoxNTYwNDMwNzk2LCJkYXRhIjp7InVzZXJuYW1lIjoiYWRtaW5faXN0YW5hIiwicGFzc3dvcmQiOiIyMjQ4NGI0YTMyMzMyMDg3YTMwNTUxZGM0ZGJlMWIxMzE2NGQyZGI4IiwiaXAiOiI6OjEiLCJ1c2VyX2FnZW50IjoiVGlja2V0aW5nLVdlYkFwcCJ9fQ.k_euSGtA7V3vqYaWYsvtn_hhAkxORuNjQFjscc7G2K4
Connection: close
Request body:

========================================
2019-06-13 19:29:57 
::1 POST /tourism/public-api/v1/users/token HTTP/1.1
HTTP headers:
Host: localhost
Content-Length: 43
User-Agent: Ticketing-WebApp
Connection: close
Content-Type: application/x-www-form-urlencoded
Request body:
username=admin_istana&password=admin_istana
========================================
2019-06-13 19:29:58 
::1 GET /tourism/public-api/v1/provinces//countries?limit= HTTP/1.1
HTTP headers:
Host: localhost
User-Agent: Ticketing-WebApp
Authorization: Bearer eyJ0eXAiOiJKV1QiLCJhbGciOiJIUzI1NiJ9.eyJpYXQiOjE1NjA0Mjg5OTcsImp0aSI6Ikl1aVJKdytlVXptWEZnb3FDSW9hRGlDWFJoZGVLRDRSWndSMHFIc3Vvd3M9IiwiaXNzIjoiOjoxIiwibmJmIjoxNTYwNDI4OTk3LCJleHAiOjE1NjA0MzA3OTcsImRhdGEiOnsidXNlcm5hbWUiOiJhZG1pbl9pc3RhbmEiLCJwYXNzd29yZCI6IjIyNDg0YjRhMzIzMzIwODdhMzA1NTFkYzRkYmUxYjEzMTY0ZDJkYjgiLCJpcCI6Ijo6MSIsInVzZXJfYWdlbnQiOiJUaWNrZXRpbmctV2ViQXBwIn19.-3TAsGlFqb5h_1mV3kZbzdsNHEKbbCSdtfYSQlytFOg
Connection: close
Request body:

========================================
2019-06-13 19:29:58 
::1 POST /tourism/public-api/v1/users/token HTTP/1.1
HTTP headers:
Host: localhost
Content-Length: 43
User-Agent: Ticketing-WebApp
Connection: close
Content-Type: application/x-www-form-urlencoded
Request body:
username=admin_istana&password=admin_istana
========================================
2019-06-13 19:30:00 
::1 GET /tourism/public-api/v1/provinces//countries?limit= HTTP/1.1
HTTP headers:
Host: localhost
User-Agent: Ticketing-WebApp
Authorization: Bearer eyJ0eXAiOiJKV1QiLCJhbGciOiJIUzI1NiJ9.eyJpYXQiOjE1NjA0Mjg5OTksImp0aSI6IkhkVVVjMWNFbG80T3ZoYnVraCszbEl2TTF4Y09pN2ZDOVNzd0FKY0xGWmM9IiwiaXNzIjoiOjoxIiwibmJmIjoxNTYwNDI4OTk5LCJleHAiOjE1NjA0MzA3OTksImRhdGEiOnsidXNlcm5hbWUiOiJhZG1pbl9pc3RhbmEiLCJwYXNzd29yZCI6IjIyNDg0YjRhMzIzMzIwODdhMzA1NTFkYzRkYmUxYjEzMTY0ZDJkYjgiLCJpcCI6Ijo6MSIsInVzZXJfYWdlbnQiOiJUaWNrZXRpbmctV2ViQXBwIn19.jDlRpPOZ1grjIR0d8l98tTjgMP3dq9OQF9iIMxg7Z-Q
Connection: close
Request body:

========================================
2019-06-13 19:30:00 
::1 POST /tourism/public-api/v1/users/token HTTP/1.1
HTTP headers:
Host: localhost
Content-Length: 43
User-Agent: Ticketing-WebApp
Connection: close
Content-Type: application/x-www-form-urlencoded
Request body:
username=admin_istana&password=admin_istana
========================================
2019-06-13 19:30:01 
::1 GET /tourism/public-api/v1/provinces//countries?limit= HTTP/1.1
HTTP headers:
Host: localhost
User-Agent: Ticketing-WebApp
Authorization: Bearer eyJ0eXAiOiJKV1QiLCJhbGciOiJIUzI1NiJ9.eyJpYXQiOjE1NjA0MjkwMDAsImp0aSI6Im1Yc0FEcFRwU0VweWxFYkpZQjNQc0srR2t1d0J2a0pWYkxPaENZY1wvbUMwPSIsImlzcyI6Ijo6MSIsIm5iZiI6MTU2MDQyOTAwMCwiZXhwIjoxNTYwNDMwODAwLCJkYXRhIjp7InVzZXJuYW1lIjoiYWRtaW5faXN0YW5hIiwicGFzc3dvcmQiOiIyMjQ4NGI0YTMyMzMyMDg3YTMwNTUxZGM0ZGJlMWIxMzE2NGQyZGI4IiwiaXAiOiI6OjEiLCJ1c2VyX2FnZW50IjoiVGlja2V0aW5nLVdlYkFwcCJ9fQ.6Vpc9wLOWezP_LnWOiFMRYmAhCIX87uj9IfKYdU8Yj0
Connection: close
Request body:

========================================
2019-06-13 19:30:01 
::1 GET /tourism/public-api/v1/province//cities?limit=1 HTTP/1.1
HTTP headers:
Host: localhost
User-Agent: Ticketing-WebApp
Authorization: Bearer eyJ0eXAiOiJKV1QiLCJhbGciOiJIUzI1NiJ9.eyJpYXQiOjE1NjA0MjkwMDAsImp0aSI6Im1Yc0FEcFRwU0VweWxFYkpZQjNQc0srR2t1d0J2a0pWYkxPaENZY1wvbUMwPSIsImlzcyI6Ijo6MSIsIm5iZiI6MTU2MDQyOTAwMCwiZXhwIjoxNTYwNDMwODAwLCJkYXRhIjp7InVzZXJuYW1lIjoiYWRtaW5faXN0YW5hIiwicGFzc3dvcmQiOiIyMjQ4NGI0YTMyMzMyMDg3YTMwNTUxZGM0ZGJlMWIxMzE2NGQyZGI4IiwiaXAiOiI6OjEiLCJ1c2VyX2FnZW50IjoiVGlja2V0aW5nLVdlYkFwcCJ9fQ.6Vpc9wLOWezP_LnWOiFMRYmAhCIX87uj9IfKYdU8Yj0
Connection: close
Request body:

========================================
2019-06-13 19:30:01 
::1 POST /tourism/public-api/v1/users/token HTTP/1.1
HTTP headers:
Host: localhost
Content-Length: 43
User-Agent: Ticketing-WebApp
Connection: close
Content-Type: application/x-www-form-urlencoded
Request body:
username=admin_istana&password=admin_istana
========================================
2019-06-13 19:30:02 
::1 GET /tourism/public-api/v1/province//cities?limit=1 HTTP/1.1
HTTP headers:
Host: localhost
User-Agent: Ticketing-WebApp
Authorization: Bearer eyJ0eXAiOiJKV1QiLCJhbGciOiJIUzI1NiJ9.eyJpYXQiOjE1NjA0MjkwMDEsImp0aSI6IlhmMHpoWGRScmNFUmtSemJHSFFrZEd1ZG45Tzk2VmgrNHNzUHVIYmxrZTQ9IiwiaXNzIjoiOjoxIiwibmJmIjoxNTYwNDI5MDAxLCJleHAiOjE1NjA0MzA4MDEsImRhdGEiOnsidXNlcm5hbWUiOiJhZG1pbl9pc3RhbmEiLCJwYXNzd29yZCI6IjIyNDg0YjRhMzIzMzIwODdhMzA1NTFkYzRkYmUxYjEzMTY0ZDJkYjgiLCJpcCI6Ijo6MSIsInVzZXJfYWdlbnQiOiJUaWNrZXRpbmctV2ViQXBwIn19.0CLFjaI0Hx4pMx5h3habErKTAAX0wIOGIUM9176uL38
Connection: close
Request body:

========================================
2019-06-13 19:30:02 
::1 POST /tourism/public-api/v1/users/token HTTP/1.1
HTTP headers:
Host: localhost
Content-Length: 43
User-Agent: Ticketing-WebApp
Connection: close
Content-Type: application/x-www-form-urlencoded
Request body:
username=admin_istana&password=admin_istana
========================================
2019-06-13 19:30:03 
::1 GET /tourism/public-api/v1/province//cities?limit=1 HTTP/1.1
HTTP headers:
Host: localhost
User-Agent: Ticketing-WebApp
Authorization: Bearer eyJ0eXAiOiJKV1QiLCJhbGciOiJIUzI1NiJ9.eyJpYXQiOjE1NjA0MjkwMDIsImp0aSI6ImZVRWt3V3dLajZNanVTOTdhYzd3VkVONWMzY2g0Z0pHeldid05QMHNxWUk9IiwiaXNzIjoiOjoxIiwibmJmIjoxNTYwNDI5MDAyLCJleHAiOjE1NjA0MzA4MDIsImRhdGEiOnsidXNlcm5hbWUiOiJhZG1pbl9pc3RhbmEiLCJwYXNzd29yZCI6IjIyNDg0YjRhMzIzMzIwODdhMzA1NTFkYzRkYmUxYjEzMTY0ZDJkYjgiLCJpcCI6Ijo6MSIsInVzZXJfYWdlbnQiOiJUaWNrZXRpbmctV2ViQXBwIn19.H6TbFOVi0cJyYE6f-hYeWAb_B0Z1oK7vmNnZ_VWlTkM
Connection: close
Request body:

========================================
2019-06-13 19:30:03 
::1 POST /tourism/public-api/v1/users/token HTTP/1.1
HTTP headers:
Host: localhost
Content-Length: 43
User-Agent: Ticketing-WebApp
Connection: close
Content-Type: application/x-www-form-urlencoded
Request body:
username=admin_istana&password=admin_istana
========================================
2019-06-13 19:30:05 
::1 GET /tourism/public-api/v1/province//cities?limit=1 HTTP/1.1
HTTP headers:
Host: localhost
User-Agent: Ticketing-WebApp
Authorization: Bearer eyJ0eXAiOiJKV1QiLCJhbGciOiJIUzI1NiJ9.eyJpYXQiOjE1NjA0MjkwMDQsImp0aSI6IlhOdUttQUwyeGpXMkMwckh5KzFGREZyNk55OXdqWGVFaDROdUxQQUx3d3c9IiwiaXNzIjoiOjoxIiwibmJmIjoxNTYwNDI5MDA0LCJleHAiOjE1NjA0MzA4MDQsImRhdGEiOnsidXNlcm5hbWUiOiJhZG1pbl9pc3RhbmEiLCJwYXNzd29yZCI6IjIyNDg0YjRhMzIzMzIwODdhMzA1NTFkYzRkYmUxYjEzMTY0ZDJkYjgiLCJpcCI6Ijo6MSIsInVzZXJfYWdlbnQiOiJUaWNrZXRpbmctV2ViQXBwIn19.2N7bpIQK6E2jcJ0PWvLuR7Fd4y9qmZICZNPArMAGA_k
Connection: close
Request body:

========================================
2019-06-13 19:30:05 
::1 GET /tourism/public-api/v1/province//cities?limit= HTTP/1.1
HTTP headers:
Host: localhost
User-Agent: Ticketing-WebApp
Authorization: Bearer eyJ0eXAiOiJKV1QiLCJhbGciOiJIUzI1NiJ9.eyJpYXQiOjE1NjA0MjkwMDQsImp0aSI6IlhOdUttQUwyeGpXMkMwckh5KzFGREZyNk55OXdqWGVFaDROdUxQQUx3d3c9IiwiaXNzIjoiOjoxIiwibmJmIjoxNTYwNDI5MDA0LCJleHAiOjE1NjA0MzA4MDQsImRhdGEiOnsidXNlcm5hbWUiOiJhZG1pbl9pc3RhbmEiLCJwYXNzd29yZCI6IjIyNDg0YjRhMzIzMzIwODdhMzA1NTFkYzRkYmUxYjEzMTY0ZDJkYjgiLCJpcCI6Ijo6MSIsInVzZXJfYWdlbnQiOiJUaWNrZXRpbmctV2ViQXBwIn19.2N7bpIQK6E2jcJ0PWvLuR7Fd4y9qmZICZNPArMAGA_k
Connection: close
Request body:

========================================
2019-06-13 19:30:05 
::1 POST /tourism/public-api/v1/users/token HTTP/1.1
HTTP headers:
Host: localhost
Content-Length: 43
User-Agent: Ticketing-WebApp
Connection: close
Content-Type: application/x-www-form-urlencoded
Request body:
username=admin_istana&password=admin_istana
========================================
2019-06-13 19:30:06 
::1 GET /tourism/public-api/v1/province//cities?limit= HTTP/1.1
HTTP headers:
Host: localhost
User-Agent: Ticketing-WebApp
Authorization: Bearer eyJ0eXAiOiJKV1QiLCJhbGciOiJIUzI1NiJ9.eyJpYXQiOjE1NjA0MjkwMDUsImp0aSI6IkhYbkJ1ZEhpOUhvem1qXC91V0RtS3NFSTV3WnU0WFZzemsyQ0tcLzU1NGlTOD0iLCJpc3MiOiI6OjEiLCJuYmYiOjE1NjA0MjkwMDUsImV4cCI6MTU2MDQzMDgwNSwiZGF0YSI6eyJ1c2VybmFtZSI6ImFkbWluX2lzdGFuYSIsInBhc3N3b3JkIjoiMjI0ODRiNGEzMjMzMjA4N2EzMDU1MWRjNGRiZTFiMTMxNjRkMmRiOCIsImlwIjoiOjoxIiwidXNlcl9hZ2VudCI6IlRpY2tldGluZy1XZWJBcHAifX0.dMd-vWUFWySXJGEcCmuF7S1rzbP0CseUWJa3-uR8wnI
Connection: close
Request body:

========================================
2019-06-13 19:30:06 
::1 POST /tourism/public-api/v1/users/token HTTP/1.1
HTTP headers:
Host: localhost
Content-Length: 43
User-Agent: Ticketing-WebApp
Connection: close
Content-Type: application/x-www-form-urlencoded
Request body:
username=admin_istana&password=admin_istana
========================================
2019-06-13 19:30:07 
::1 GET /tourism/public-api/v1/province//cities?limit= HTTP/1.1
HTTP headers:
Host: localhost
User-Agent: Ticketing-WebApp
Authorization: Bearer eyJ0eXAiOiJKV1QiLCJhbGciOiJIUzI1NiJ9.eyJpYXQiOjE1NjA0MjkwMDYsImp0aSI6IjVJa1ljY3NsSzVma0phZTZINDJWbW1sbmRiVEV3MXNrNE1PRXNjWGl5dHc9IiwiaXNzIjoiOjoxIiwibmJmIjoxNTYwNDI5MDA2LCJleHAiOjE1NjA0MzA4MDYsImRhdGEiOnsidXNlcm5hbWUiOiJhZG1pbl9pc3RhbmEiLCJwYXNzd29yZCI6IjIyNDg0YjRhMzIzMzIwODdhMzA1NTFkYzRkYmUxYjEzMTY0ZDJkYjgiLCJpcCI6Ijo6MSIsInVzZXJfYWdlbnQiOiJUaWNrZXRpbmctV2ViQXBwIn19.1P7WFBY_Lkjmdn9crVoqwi2N7oAQFgdM9sK9wgkopy4
Connection: close
Request body:

========================================
2019-06-13 19:30:07 
::1 POST /tourism/public-api/v1/users/token HTTP/1.1
HTTP headers:
Host: localhost
Content-Length: 43
User-Agent: Ticketing-WebApp
Connection: close
Content-Type: application/x-www-form-urlencoded
Request body:
username=admin_istana&password=admin_istana
========================================
2019-06-13 19:30:08 
::1 GET /tourism/public-api/v1/province//cities?limit= HTTP/1.1
HTTP headers:
Host: localhost
User-Agent: Ticketing-WebApp
Authorization: Bearer eyJ0eXAiOiJKV1QiLCJhbGciOiJIUzI1NiJ9.eyJpYXQiOjE1NjA0MjkwMDcsImp0aSI6Ilhhb29OdWg5K0x5NzBPNmxEV2IzMzFBeUFVXC9LTXhRcjdVZDNXVWhzeEZnPSIsImlzcyI6Ijo6MSIsIm5iZiI6MTU2MDQyOTAwNywiZXhwIjoxNTYwNDMwODA3LCJkYXRhIjp7InVzZXJuYW1lIjoiYWRtaW5faXN0YW5hIiwicGFzc3dvcmQiOiIyMjQ4NGI0YTMyMzMyMDg3YTMwNTUxZGM0ZGJlMWIxMzE2NGQyZGI4IiwiaXAiOiI6OjEiLCJ1c2VyX2FnZW50IjoiVGlja2V0aW5nLVdlYkFwcCJ9fQ.lPYp5XupVCM0jqsdybbINClN4c6ZxpkJLk57d4HEzMY
Connection: close
Request body:

========================================
2019-06-13 19:30:08 
::1 GET /tourism/public-api/v1/countries//continent?limit=1 HTTP/1.1
HTTP headers:
Host: localhost
User-Agent: Ticketing-WebApp
Authorization: Bearer eyJ0eXAiOiJKV1QiLCJhbGciOiJIUzI1NiJ9.eyJpYXQiOjE1NjA0MjkwMDcsImp0aSI6Ilhhb29OdWg5K0x5NzBPNmxEV2IzMzFBeUFVXC9LTXhRcjdVZDNXVWhzeEZnPSIsImlzcyI6Ijo6MSIsIm5iZiI6MTU2MDQyOTAwNywiZXhwIjoxNTYwNDMwODA3LCJkYXRhIjp7InVzZXJuYW1lIjoiYWRtaW5faXN0YW5hIiwicGFzc3dvcmQiOiIyMjQ4NGI0YTMyMzMyMDg3YTMwNTUxZGM0ZGJlMWIxMzE2NGQyZGI4IiwiaXAiOiI6OjEiLCJ1c2VyX2FnZW50IjoiVGlja2V0aW5nLVdlYkFwcCJ9fQ.lPYp5XupVCM0jqsdybbINClN4c6ZxpkJLk57d4HEzMY
Connection: close
Request body:

========================================
2019-06-13 19:30:09 
::1 POST /tourism/public-api/v1/users/token HTTP/1.1
HTTP headers:
Host: localhost
Content-Length: 43
User-Agent: Ticketing-WebApp
Connection: close
Content-Type: application/x-www-form-urlencoded
Request body:
username=admin_istana&password=admin_istana
========================================
2019-06-13 19:30:10 
::1 GET /tourism/public-api/v1/countries//continent?limit=1 HTTP/1.1
HTTP headers:
Host: localhost
User-Agent: Ticketing-WebApp
Authorization: Bearer eyJ0eXAiOiJKV1QiLCJhbGciOiJIUzI1NiJ9.eyJpYXQiOjE1NjA0MjkwMDksImp0aSI6IjdxYkFnc0NwWXNHcUhcL0czRkpjd25nN2s4YVhpZWY1OGp3N0wrQzVlNkNFPSIsImlzcyI6Ijo6MSIsIm5iZiI6MTU2MDQyOTAwOSwiZXhwIjoxNTYwNDMwODA5LCJkYXRhIjp7InVzZXJuYW1lIjoiYWRtaW5faXN0YW5hIiwicGFzc3dvcmQiOiIyMjQ4NGI0YTMyMzMyMDg3YTMwNTUxZGM0ZGJlMWIxMzE2NGQyZGI4IiwiaXAiOiI6OjEiLCJ1c2VyX2FnZW50IjoiVGlja2V0aW5nLVdlYkFwcCJ9fQ.ExUF3mk2dB6OdLQXAU4C141k6kSrj1ocniXfGTFoe6k
Connection: close
Request body:

========================================
2019-06-13 19:30:10 
::1 POST /tourism/public-api/v1/users/token HTTP/1.1
HTTP headers:
Host: localhost
Content-Length: 43
User-Agent: Ticketing-WebApp
Connection: close
Content-Type: application/x-www-form-urlencoded
Request body:
username=admin_istana&password=admin_istana
========================================
2019-06-13 19:30:11 
::1 GET /tourism/public-api/v1/countries//continent?limit=1 HTTP/1.1
HTTP headers:
Host: localhost
User-Agent: Ticketing-WebApp
Authorization: Bearer eyJ0eXAiOiJKV1QiLCJhbGciOiJIUzI1NiJ9.eyJpYXQiOjE1NjA0MjkwMTAsImp0aSI6Ino3b0VkMEhMdndkamw2YnRFaEtrbmdCQlk5NEV2UzJQK3J6dFVIcXJ1VWs9IiwiaXNzIjoiOjoxIiwibmJmIjoxNTYwNDI5MDEwLCJleHAiOjE1NjA0MzA4MTAsImRhdGEiOnsidXNlcm5hbWUiOiJhZG1pbl9pc3RhbmEiLCJwYXNzd29yZCI6IjIyNDg0YjRhMzIzMzIwODdhMzA1NTFkYzRkYmUxYjEzMTY0ZDJkYjgiLCJpcCI6Ijo6MSIsInVzZXJfYWdlbnQiOiJUaWNrZXRpbmctV2ViQXBwIn19.QTZvzgrhevK5fiegjKYiH0YfexRv_Qytr4I0bsz3bIM
Connection: close
Request body:

========================================
2019-06-13 19:30:11 
::1 POST /tourism/public-api/v1/users/token HTTP/1.1
HTTP headers:
Host: localhost
Content-Length: 43
User-Agent: Ticketing-WebApp
Connection: close
Content-Type: application/x-www-form-urlencoded
Request body:
username=admin_istana&password=admin_istana
========================================
2019-06-13 19:30:12 
::1 GET /tourism/public-api/v1/countries//continent?limit=1 HTTP/1.1
HTTP headers:
Host: localhost
User-Agent: Ticketing-WebApp
Authorization: Bearer eyJ0eXAiOiJKV1QiLCJhbGciOiJIUzI1NiJ9.eyJpYXQiOjE1NjA0MjkwMTEsImp0aSI6Im5MSVk2aHRPQmRMdTF4cXcxcURkeHdvVDQ1YVBoWk5Lc2lnUk9DSEhIUTQ9IiwiaXNzIjoiOjoxIiwibmJmIjoxNTYwNDI5MDExLCJleHAiOjE1NjA0MzA4MTEsImRhdGEiOnsidXNlcm5hbWUiOiJhZG1pbl9pc3RhbmEiLCJwYXNzd29yZCI6IjIyNDg0YjRhMzIzMzIwODdhMzA1NTFkYzRkYmUxYjEzMTY0ZDJkYjgiLCJpcCI6Ijo6MSIsInVzZXJfYWdlbnQiOiJUaWNrZXRpbmctV2ViQXBwIn19.T4YsWo1aZwHhG3KUlR8Hdqf3XJzpY9inYDwgo2yWKvc
Connection: close
Request body:

========================================
2019-06-13 19:30:12 
::1 GET /tourism/public-api/v1/countries//continent?limit= HTTP/1.1
HTTP headers:
Host: localhost
User-Agent: Ticketing-WebApp
Authorization: Bearer eyJ0eXAiOiJKV1QiLCJhbGciOiJIUzI1NiJ9.eyJpYXQiOjE1NjA0MjkwMTEsImp0aSI6Im5MSVk2aHRPQmRMdTF4cXcxcURkeHdvVDQ1YVBoWk5Lc2lnUk9DSEhIUTQ9IiwiaXNzIjoiOjoxIiwibmJmIjoxNTYwNDI5MDExLCJleHAiOjE1NjA0MzA4MTEsImRhdGEiOnsidXNlcm5hbWUiOiJhZG1pbl9pc3RhbmEiLCJwYXNzd29yZCI6IjIyNDg0YjRhMzIzMzIwODdhMzA1NTFkYzRkYmUxYjEzMTY0ZDJkYjgiLCJpcCI6Ijo6MSIsInVzZXJfYWdlbnQiOiJUaWNrZXRpbmctV2ViQXBwIn19.T4YsWo1aZwHhG3KUlR8Hdqf3XJzpY9inYDwgo2yWKvc
Connection: close
Request body:

========================================
2019-06-13 19:30:12 
::1 POST /tourism/public-api/v1/users/token HTTP/1.1
HTTP headers:
Host: localhost
Content-Length: 43
User-Agent: Ticketing-WebApp
Connection: close
Content-Type: application/x-www-form-urlencoded
Request body:
username=admin_istana&password=admin_istana
========================================
2019-06-13 19:30:13 
::1 GET /tourism/public-api/v1/countries//continent?limit= HTTP/1.1
HTTP headers:
Host: localhost
User-Agent: Ticketing-WebApp
Authorization: Bearer eyJ0eXAiOiJKV1QiLCJhbGciOiJIUzI1NiJ9.eyJpYXQiOjE1NjA0MjkwMTIsImp0aSI6IkJGb203dXRpYzBjcDk4Skxvd1ozMFVpeWhvUmdOYWx3ZitydmZYSFNVcFU9IiwiaXNzIjoiOjoxIiwibmJmIjoxNTYwNDI5MDEyLCJleHAiOjE1NjA0MzA4MTIsImRhdGEiOnsidXNlcm5hbWUiOiJhZG1pbl9pc3RhbmEiLCJwYXNzd29yZCI6IjIyNDg0YjRhMzIzMzIwODdhMzA1NTFkYzRkYmUxYjEzMTY0ZDJkYjgiLCJpcCI6Ijo6MSIsInVzZXJfYWdlbnQiOiJUaWNrZXRpbmctV2ViQXBwIn19.beHTRUkUYPB_PCPxWj9-hxutP_u70UWyGAKZYy5FbaY
Connection: close
Request body:

========================================
2019-06-13 19:30:14 
::1 POST /tourism/public-api/v1/users/token HTTP/1.1
HTTP headers:
Host: localhost
Content-Length: 43
User-Agent: Ticketing-WebApp
Connection: close
Content-Type: application/x-www-form-urlencoded
Request body:
username=admin_istana&password=admin_istana
========================================
2019-06-13 19:30:15 
::1 GET /tourism/public-api/v1/countries//continent?limit= HTTP/1.1
HTTP headers:
Host: localhost
User-Agent: Ticketing-WebApp
Authorization: Bearer eyJ0eXAiOiJKV1QiLCJhbGciOiJIUzI1NiJ9.eyJpYXQiOjE1NjA0MjkwMTQsImp0aSI6IklNN1lFSmFHeDV5R2pacUpFWkhqK2t3Z0p1b1AzRlowblIrZ1wvUFwvXC9mNWs9IiwiaXNzIjoiOjoxIiwibmJmIjoxNTYwNDI5MDE0LCJleHAiOjE1NjA0MzA4MTQsImRhdGEiOnsidXNlcm5hbWUiOiJhZG1pbl9pc3RhbmEiLCJwYXNzd29yZCI6IjIyNDg0YjRhMzIzMzIwODdhMzA1NTFkYzRkYmUxYjEzMTY0ZDJkYjgiLCJpcCI6Ijo6MSIsInVzZXJfYWdlbnQiOiJUaWNrZXRpbmctV2ViQXBwIn19.mxKF8r5paeBJIRMmQq4FFPxAt7biqMwWZCO2IbViqQ8
Connection: close
Request body:

========================================
2019-06-13 19:30:15 
::1 POST /tourism/public-api/v1/users/token HTTP/1.1
HTTP headers:
Host: localhost
Content-Length: 43
User-Agent: Ticketing-WebApp
Connection: close
Content-Type: application/x-www-form-urlencoded
Request body:
username=admin_istana&password=admin_istana
========================================
2019-06-13 19:30:16 
::1 GET /tourism/public-api/v1/countries//continent?limit= HTTP/1.1
HTTP headers:
Host: localhost
User-Agent: Ticketing-WebApp
Authorization: Bearer eyJ0eXAiOiJKV1QiLCJhbGciOiJIUzI1NiJ9.eyJpYXQiOjE1NjA0MjkwMTUsImp0aSI6Ik9KRFVkVWZNc2FFaXhvY3VySXQ2ZWY0K001YnFWU1VjZ3lTMmRtdXhjcms9IiwiaXNzIjoiOjoxIiwibmJmIjoxNTYwNDI5MDE1LCJleHAiOjE1NjA0MzA4MTUsImRhdGEiOnsidXNlcm5hbWUiOiJhZG1pbl9pc3RhbmEiLCJwYXNzd29yZCI6IjIyNDg0YjRhMzIzMzIwODdhMzA1NTFkYzRkYmUxYjEzMTY0ZDJkYjgiLCJpcCI6Ijo6MSIsInVzZXJfYWdlbnQiOiJUaWNrZXRpbmctV2ViQXBwIn19._kuAU28m1yPeXeUsXw4xsVD1D8EQ_beZWBuS4sZFLWE
Connection: close
Request body:

========================================
2019-06-13 19:30:16 
::1 GET /tourism/public-api/v1/continents HTTP/1.1
HTTP headers:
Host: localhost
User-Agent: Ticketing-WebApp
Authorization: Bearer eyJ0eXAiOiJKV1QiLCJhbGciOiJIUzI1NiJ9.eyJpYXQiOjE1NjA0MjkwMTUsImp0aSI6Ik9KRFVkVWZNc2FFaXhvY3VySXQ2ZWY0K001YnFWU1VjZ3lTMmRtdXhjcms9IiwiaXNzIjoiOjoxIiwibmJmIjoxNTYwNDI5MDE1LCJleHAiOjE1NjA0MzA4MTUsImRhdGEiOnsidXNlcm5hbWUiOiJhZG1pbl9pc3RhbmEiLCJwYXNzd29yZCI6IjIyNDg0YjRhMzIzMzIwODdhMzA1NTFkYzRkYmUxYjEzMTY0ZDJkYjgiLCJpcCI6Ijo6MSIsInVzZXJfYWdlbnQiOiJUaWNrZXRpbmctV2ViQXBwIn19._kuAU28m1yPeXeUsXw4xsVD1D8EQ_beZWBuS4sZFLWE
Connection: close
Request body:

========================================
2019-06-13 19:30:16 
::1 GET /tourism/public-api/v1/tourism/22 HTTP/1.1
HTTP headers:
Host: localhost
User-Agent: Ticketing-WebApp
Authorization: Bearer eyJ0eXAiOiJKV1QiLCJhbGciOiJIUzI1NiJ9.eyJpYXQiOjE1NjA0MjkwMTUsImp0aSI6Ik9KRFVkVWZNc2FFaXhvY3VySXQ2ZWY0K001YnFWU1VjZ3lTMmRtdXhjcms9IiwiaXNzIjoiOjoxIiwibmJmIjoxNTYwNDI5MDE1LCJleHAiOjE1NjA0MzA4MTUsImRhdGEiOnsidXNlcm5hbWUiOiJhZG1pbl9pc3RhbmEiLCJwYXNzd29yZCI6IjIyNDg0YjRhMzIzMzIwODdhMzA1NTFkYzRkYmUxYjEzMTY0ZDJkYjgiLCJpcCI6Ijo6MSIsInVzZXJfYWdlbnQiOiJUaWNrZXRpbmctV2ViQXBwIn19._kuAU28m1yPeXeUsXw4xsVD1D8EQ_beZWBuS4sZFLWE
Connection: close
Request body:

========================================
2019-06-13 19:30:16 
::1 GET /tourism/public-api/v1/tourism/22/tourism_attachments HTTP/1.1
HTTP headers:
Host: localhost
User-Agent: Ticketing-WebApp
Authorization: Bearer eyJ0eXAiOiJKV1QiLCJhbGciOiJIUzI1NiJ9.eyJpYXQiOjE1NjA0MjkwMTUsImp0aSI6Ik9KRFVkVWZNc2FFaXhvY3VySXQ2ZWY0K001YnFWU1VjZ3lTMmRtdXhjcms9IiwiaXNzIjoiOjoxIiwibmJmIjoxNTYwNDI5MDE1LCJleHAiOjE1NjA0MzA4MTUsImRhdGEiOnsidXNlcm5hbWUiOiJhZG1pbl9pc3RhbmEiLCJwYXNzd29yZCI6IjIyNDg0YjRhMzIzMzIwODdhMzA1NTFkYzRkYmUxYjEzMTY0ZDJkYjgiLCJpcCI6Ijo6MSIsInVzZXJfYWdlbnQiOiJUaWNrZXRpbmctV2ViQXBwIn19._kuAU28m1yPeXeUsXw4xsVD1D8EQ_beZWBuS4sZFLWE
Connection: close
Request body:

========================================
2019-06-13 19:30:17 
::1 GET /tourism/public-api/v1/continents HTTP/1.1
HTTP headers:
Host: localhost
User-Agent: Ticketing-WebApp
Authorization: Bearer eyJ0eXAiOiJKV1QiLCJhbGciOiJIUzI1NiJ9.eyJpYXQiOjE1NjA0MjkwMTUsImp0aSI6Ik9KRFVkVWZNc2FFaXhvY3VySXQ2ZWY0K001YnFWU1VjZ3lTMmRtdXhjcms9IiwiaXNzIjoiOjoxIiwibmJmIjoxNTYwNDI5MDE1LCJleHAiOjE1NjA0MzA4MTUsImRhdGEiOnsidXNlcm5hbWUiOiJhZG1pbl9pc3RhbmEiLCJwYXNzd29yZCI6IjIyNDg0YjRhMzIzMzIwODdhMzA1NTFkYzRkYmUxYjEzMTY0ZDJkYjgiLCJpcCI6Ijo6MSIsInVzZXJfYWdlbnQiOiJUaWNrZXRpbmctV2ViQXBwIn19._kuAU28m1yPeXeUsXw4xsVD1D8EQ_beZWBuS4sZFLWE
Connection: close
Request body:

========================================
2019-06-13 19:30:17 
::1 GET /tourism/public-api/v1/countries//continent?limit=1 HTTP/1.1
HTTP headers:
Host: localhost
User-Agent: Ticketing-WebApp
Authorization: Bearer eyJ0eXAiOiJKV1QiLCJhbGciOiJIUzI1NiJ9.eyJpYXQiOjE1NjA0MjkwMTUsImp0aSI6Ik9KRFVkVWZNc2FFaXhvY3VySXQ2ZWY0K001YnFWU1VjZ3lTMmRtdXhjcms9IiwiaXNzIjoiOjoxIiwibmJmIjoxNTYwNDI5MDE1LCJleHAiOjE1NjA0MzA4MTUsImRhdGEiOnsidXNlcm5hbWUiOiJhZG1pbl9pc3RhbmEiLCJwYXNzd29yZCI6IjIyNDg0YjRhMzIzMzIwODdhMzA1NTFkYzRkYmUxYjEzMTY0ZDJkYjgiLCJpcCI6Ijo6MSIsInVzZXJfYWdlbnQiOiJUaWNrZXRpbmctV2ViQXBwIn19._kuAU28m1yPeXeUsXw4xsVD1D8EQ_beZWBuS4sZFLWE
Connection: close
Request body:

========================================
2019-06-13 19:30:17 
::1 POST /tourism/public-api/v1/users/token HTTP/1.1
HTTP headers:
Host: localhost
Content-Length: 43
User-Agent: Ticketing-WebApp
Connection: close
Content-Type: application/x-www-form-urlencoded
Request body:
username=admin_istana&password=admin_istana
========================================
2019-06-13 19:30:19 
::1 GET /tourism/public-api/v1/countries//continent?limit=1 HTTP/1.1
HTTP headers:
Host: localhost
User-Agent: Ticketing-WebApp
Authorization: Bearer eyJ0eXAiOiJKV1QiLCJhbGciOiJIUzI1NiJ9.eyJpYXQiOjE1NjA0MjkwMTgsImp0aSI6IjBjUzlJOEFzbkRjeXFRdkNJVVp6SWRWcDZHblVSSllKa1NLSlo0SFN6bXM9IiwiaXNzIjoiOjoxIiwibmJmIjoxNTYwNDI5MDE4LCJleHAiOjE1NjA0MzA4MTgsImRhdGEiOnsidXNlcm5hbWUiOiJhZG1pbl9pc3RhbmEiLCJwYXNzd29yZCI6IjIyNDg0YjRhMzIzMzIwODdhMzA1NTFkYzRkYmUxYjEzMTY0ZDJkYjgiLCJpcCI6Ijo6MSIsInVzZXJfYWdlbnQiOiJUaWNrZXRpbmctV2ViQXBwIn19.KpNCA27AlmUyVH2wBgTUhD54N2ifWZB6VqzFmDUAtII
Connection: close
Request body:

========================================
2019-06-13 19:30:19 
::1 POST /tourism/public-api/v1/users/token HTTP/1.1
HTTP headers:
Host: localhost
Content-Length: 43
User-Agent: Ticketing-WebApp
Connection: close
Content-Type: application/x-www-form-urlencoded
Request body:
username=admin_istana&password=admin_istana
========================================
2019-06-13 19:30:20 
::1 GET /tourism/public-api/v1/countries//continent?limit=1 HTTP/1.1
HTTP headers:
Host: localhost
User-Agent: Ticketing-WebApp
Authorization: Bearer eyJ0eXAiOiJKV1QiLCJhbGciOiJIUzI1NiJ9.eyJpYXQiOjE1NjA0MjkwMTksImp0aSI6IlRhWmlPdTVkNXlDK0xkVzR2QTlueFUwZkJYNVMxWHVDVTVvM2h4VmNFUzA9IiwiaXNzIjoiOjoxIiwibmJmIjoxNTYwNDI5MDE5LCJleHAiOjE1NjA0MzA4MTksImRhdGEiOnsidXNlcm5hbWUiOiJhZG1pbl9pc3RhbmEiLCJwYXNzd29yZCI6IjIyNDg0YjRhMzIzMzIwODdhMzA1NTFkYzRkYmUxYjEzMTY0ZDJkYjgiLCJpcCI6Ijo6MSIsInVzZXJfYWdlbnQiOiJUaWNrZXRpbmctV2ViQXBwIn19.hWkoGzsUjeUZOEjw2seL3b6P6PnPQ1wNgpGB2iwmyts
Connection: close
Request body:

========================================
2019-06-13 19:30:20 
::1 POST /tourism/public-api/v1/users/token HTTP/1.1
HTTP headers:
Host: localhost
Content-Length: 43
User-Agent: Ticketing-WebApp
Connection: close
Content-Type: application/x-www-form-urlencoded
Request body:
username=admin_istana&password=admin_istana
========================================
2019-06-13 19:30:21 
::1 GET /tourism/public-api/v1/countries//continent?limit=1 HTTP/1.1
HTTP headers:
Host: localhost
User-Agent: Ticketing-WebApp
Authorization: Bearer eyJ0eXAiOiJKV1QiLCJhbGciOiJIUzI1NiJ9.eyJpYXQiOjE1NjA0MjkwMjAsImp0aSI6ImN0Wis5M0x0MHdkVzZjN3JSSmRFR3EzcVlFQjhYUDB2MzZSTWgxSVZ1MXM9IiwiaXNzIjoiOjoxIiwibmJmIjoxNTYwNDI5MDIwLCJleHAiOjE1NjA0MzA4MjAsImRhdGEiOnsidXNlcm5hbWUiOiJhZG1pbl9pc3RhbmEiLCJwYXNzd29yZCI6IjIyNDg0YjRhMzIzMzIwODdhMzA1NTFkYzRkYmUxYjEzMTY0ZDJkYjgiLCJpcCI6Ijo6MSIsInVzZXJfYWdlbnQiOiJUaWNrZXRpbmctV2ViQXBwIn19.sgbWyEP_u9IrjOYX3PfExnkXh3cOkOo2rW6IpInc1sk
Connection: close
Request body:

========================================
2019-06-13 19:30:21 
::1 GET /tourism/public-api/v1/countries//continent?limit= HTTP/1.1
HTTP headers:
Host: localhost
User-Agent: Ticketing-WebApp
Authorization: Bearer eyJ0eXAiOiJKV1QiLCJhbGciOiJIUzI1NiJ9.eyJpYXQiOjE1NjA0MjkwMjAsImp0aSI6ImN0Wis5M0x0MHdkVzZjN3JSSmRFR3EzcVlFQjhYUDB2MzZSTWgxSVZ1MXM9IiwiaXNzIjoiOjoxIiwibmJmIjoxNTYwNDI5MDIwLCJleHAiOjE1NjA0MzA4MjAsImRhdGEiOnsidXNlcm5hbWUiOiJhZG1pbl9pc3RhbmEiLCJwYXNzd29yZCI6IjIyNDg0YjRhMzIzMzIwODdhMzA1NTFkYzRkYmUxYjEzMTY0ZDJkYjgiLCJpcCI6Ijo6MSIsInVzZXJfYWdlbnQiOiJUaWNrZXRpbmctV2ViQXBwIn19.sgbWyEP_u9IrjOYX3PfExnkXh3cOkOo2rW6IpInc1sk
Connection: close
Request body:

========================================
2019-06-13 19:30:21 
::1 POST /tourism/public-api/v1/users/token HTTP/1.1
HTTP headers:
Host: localhost
Content-Length: 43
User-Agent: Ticketing-WebApp
Connection: close
Content-Type: application/x-www-form-urlencoded
Request body:
username=admin_istana&password=admin_istana
========================================
2019-06-13 19:30:23 
::1 GET /tourism/public-api/v1/countries//continent?limit= HTTP/1.1
HTTP headers:
Host: localhost
User-Agent: Ticketing-WebApp
Authorization: Bearer eyJ0eXAiOiJKV1QiLCJhbGciOiJIUzI1NiJ9.eyJpYXQiOjE1NjA0MjkwMjIsImp0aSI6ImFFTjM0RnJPa1k2eTBLNUppWnBzUVhkZHdvMnRSWVwvK2FjRjBLQTFBN05VPSIsImlzcyI6Ijo6MSIsIm5iZiI6MTU2MDQyOTAyMiwiZXhwIjoxNTYwNDMwODIyLCJkYXRhIjp7InVzZXJuYW1lIjoiYWRtaW5faXN0YW5hIiwicGFzc3dvcmQiOiIyMjQ4NGI0YTMyMzMyMDg3YTMwNTUxZGM0ZGJlMWIxMzE2NGQyZGI4IiwiaXAiOiI6OjEiLCJ1c2VyX2FnZW50IjoiVGlja2V0aW5nLVdlYkFwcCJ9fQ.YbPlWHamZ-m9gVUzjBQ-wDTzmjOHyQpKaMdXYjYp6A0
Connection: close
Request body:

========================================
2019-06-13 19:30:23 
::1 POST /tourism/public-api/v1/users/token HTTP/1.1
HTTP headers:
Host: localhost
Content-Length: 43
User-Agent: Ticketing-WebApp
Connection: close
Content-Type: application/x-www-form-urlencoded
Request body:
username=admin_istana&password=admin_istana
========================================
2019-06-13 19:30:24 
::1 GET /tourism/public-api/v1/countries//continent?limit= HTTP/1.1
HTTP headers:
Host: localhost
User-Agent: Ticketing-WebApp
Authorization: Bearer eyJ0eXAiOiJKV1QiLCJhbGciOiJIUzI1NiJ9.eyJpYXQiOjE1NjA0MjkwMjMsImp0aSI6IlwvN2gwdXV4NmxOZjBMTWdnR2c4RXNCNFFLNTRRd2hZdk9uT2lnNjZCZXFnPSIsImlzcyI6Ijo6MSIsIm5iZiI6MTU2MDQyOTAyMywiZXhwIjoxNTYwNDMwODIzLCJkYXRhIjp7InVzZXJuYW1lIjoiYWRtaW5faXN0YW5hIiwicGFzc3dvcmQiOiIyMjQ4NGI0YTMyMzMyMDg3YTMwNTUxZGM0ZGJlMWIxMzE2NGQyZGI4IiwiaXAiOiI6OjEiLCJ1c2VyX2FnZW50IjoiVGlja2V0aW5nLVdlYkFwcCJ9fQ.P-JyWdUjmIoju_-0TOQJvgVDNoxdzWmY2XAW8ZrVh38
Connection: close
Request body:

========================================
2019-06-13 19:30:24 
::1 POST /tourism/public-api/v1/users/token HTTP/1.1
HTTP headers:
Host: localhost
Content-Length: 43
User-Agent: Ticketing-WebApp
Connection: close
Content-Type: application/x-www-form-urlencoded
Request body:
username=admin_istana&password=admin_istana
========================================
2019-06-13 19:30:25 
::1 GET /tourism/public-api/v1/countries//continent?limit= HTTP/1.1
HTTP headers:
Host: localhost
User-Agent: Ticketing-WebApp
Authorization: Bearer eyJ0eXAiOiJKV1QiLCJhbGciOiJIUzI1NiJ9.eyJpYXQiOjE1NjA0MjkwMjQsImp0aSI6IjluNDdyNnp5clVkQ1VSR2dpMjN1XC82dWZid202QVpkeWFaZGVkWWlqenNjPSIsImlzcyI6Ijo6MSIsIm5iZiI6MTU2MDQyOTAyNCwiZXhwIjoxNTYwNDMwODI0LCJkYXRhIjp7InVzZXJuYW1lIjoiYWRtaW5faXN0YW5hIiwicGFzc3dvcmQiOiIyMjQ4NGI0YTMyMzMyMDg3YTMwNTUxZGM0ZGJlMWIxMzE2NGQyZGI4IiwiaXAiOiI6OjEiLCJ1c2VyX2FnZW50IjoiVGlja2V0aW5nLVdlYkFwcCJ9fQ.4u_xaV3cFY66-5Ucnz2CcYrWmrfaqACZIbezsA0YpnU
Connection: close
Request body:

========================================
2019-06-13 19:30:25 
::1 GET /tourism/public-api/v1/province//cities?limit=1 HTTP/1.1
HTTP headers:
Host: localhost
User-Agent: Ticketing-WebApp
Authorization: Bearer eyJ0eXAiOiJKV1QiLCJhbGciOiJIUzI1NiJ9.eyJpYXQiOjE1NjA0MjkwMjQsImp0aSI6IjluNDdyNnp5clVkQ1VSR2dpMjN1XC82dWZid202QVpkeWFaZGVkWWlqenNjPSIsImlzcyI6Ijo6MSIsIm5iZiI6MTU2MDQyOTAyNCwiZXhwIjoxNTYwNDMwODI0LCJkYXRhIjp7InVzZXJuYW1lIjoiYWRtaW5faXN0YW5hIiwicGFzc3dvcmQiOiIyMjQ4NGI0YTMyMzMyMDg3YTMwNTUxZGM0ZGJlMWIxMzE2NGQyZGI4IiwiaXAiOiI6OjEiLCJ1c2VyX2FnZW50IjoiVGlja2V0aW5nLVdlYkFwcCJ9fQ.4u_xaV3cFY66-5Ucnz2CcYrWmrfaqACZIbezsA0YpnU
Connection: close
Request body:

========================================
2019-06-13 19:30:25 
::1 POST /tourism/public-api/v1/users/token HTTP/1.1
HTTP headers:
Host: localhost
Content-Length: 43
User-Agent: Ticketing-WebApp
Connection: close
Content-Type: application/x-www-form-urlencoded
Request body:
username=admin_istana&password=admin_istana
========================================
2019-06-13 19:30:26 
::1 GET /tourism/public-api/v1/province//cities?limit=1 HTTP/1.1
HTTP headers:
Host: localhost
User-Agent: Ticketing-WebApp
Authorization: Bearer eyJ0eXAiOiJKV1QiLCJhbGciOiJIUzI1NiJ9.eyJpYXQiOjE1NjA0MjkwMjUsImp0aSI6Ikdib3JHc0RjWlNhbjNBalU2dkZDSEZrTkx1RU5iRFloUmFNejdCbVVpRDA9IiwiaXNzIjoiOjoxIiwibmJmIjoxNTYwNDI5MDI1LCJleHAiOjE1NjA0MzA4MjUsImRhdGEiOnsidXNlcm5hbWUiOiJhZG1pbl9pc3RhbmEiLCJwYXNzd29yZCI6IjIyNDg0YjRhMzIzMzIwODdhMzA1NTFkYzRkYmUxYjEzMTY0ZDJkYjgiLCJpcCI6Ijo6MSIsInVzZXJfYWdlbnQiOiJUaWNrZXRpbmctV2ViQXBwIn19.Q1jVpyp79dZW7ufRk5my04It1i6kRdJqRTarcHAB0jk
Connection: close
Request body:

========================================
2019-06-13 19:30:26 
::1 POST /tourism/public-api/v1/users/token HTTP/1.1
HTTP headers:
Host: localhost
Content-Length: 43
User-Agent: Ticketing-WebApp
Connection: close
Content-Type: application/x-www-form-urlencoded
Request body:
username=admin_istana&password=admin_istana
========================================
2019-06-13 19:30:28 
::1 GET /tourism/public-api/v1/province//cities?limit=1 HTTP/1.1
HTTP headers:
Host: localhost
User-Agent: Ticketing-WebApp
Authorization: Bearer eyJ0eXAiOiJKV1QiLCJhbGciOiJIUzI1NiJ9.eyJpYXQiOjE1NjA0MjkwMjcsImp0aSI6ImU5eStwZlhBSG45WmRFdHI4ZUI0K3hIQ1dqa21LM0FXTCtcL1h5c1J6dmZnPSIsImlzcyI6Ijo6MSIsIm5iZiI6MTU2MDQyOTAyNywiZXhwIjoxNTYwNDMwODI3LCJkYXRhIjp7InVzZXJuYW1lIjoiYWRtaW5faXN0YW5hIiwicGFzc3dvcmQiOiIyMjQ4NGI0YTMyMzMyMDg3YTMwNTUxZGM0ZGJlMWIxMzE2NGQyZGI4IiwiaXAiOiI6OjEiLCJ1c2VyX2FnZW50IjoiVGlja2V0aW5nLVdlYkFwcCJ9fQ.CrRzkTwTG3Lpj_qUfZQ05ubVNp0zvm2Mcwk62YKLdko
Connection: close
Request body:

========================================
2019-06-13 19:30:28 
::1 POST /tourism/public-api/v1/users/token HTTP/1.1
HTTP headers:
Host: localhost
Content-Length: 43
User-Agent: Ticketing-WebApp
Connection: close
Content-Type: application/x-www-form-urlencoded
Request body:
username=admin_istana&password=admin_istana
========================================
2019-06-13 19:30:29 
::1 GET /tourism/public-api/v1/province//cities?limit=1 HTTP/1.1
HTTP headers:
Host: localhost
User-Agent: Ticketing-WebApp
Authorization: Bearer eyJ0eXAiOiJKV1QiLCJhbGciOiJIUzI1NiJ9.eyJpYXQiOjE1NjA0MjkwMjgsImp0aSI6IlhCbndFQVBCakVtQjAwTU9jTTE1cjlBOFdiTnE5RFFTcElUTzltY2VxZUk9IiwiaXNzIjoiOjoxIiwibmJmIjoxNTYwNDI5MDI4LCJleHAiOjE1NjA0MzA4MjgsImRhdGEiOnsidXNlcm5hbWUiOiJhZG1pbl9pc3RhbmEiLCJwYXNzd29yZCI6IjIyNDg0YjRhMzIzMzIwODdhMzA1NTFkYzRkYmUxYjEzMTY0ZDJkYjgiLCJpcCI6Ijo6MSIsInVzZXJfYWdlbnQiOiJUaWNrZXRpbmctV2ViQXBwIn19.Jb_8e4xGMt97UPQrn5MSD0vQMHkV8Tg20_0PKVYvGfE
Connection: close
Request body:

========================================
2019-06-13 19:30:29 
::1 GET /tourism/public-api/v1/province//cities?limit= HTTP/1.1
HTTP headers:
Host: localhost
User-Agent: Ticketing-WebApp
Authorization: Bearer eyJ0eXAiOiJKV1QiLCJhbGciOiJIUzI1NiJ9.eyJpYXQiOjE1NjA0MjkwMjgsImp0aSI6IlhCbndFQVBCakVtQjAwTU9jTTE1cjlBOFdiTnE5RFFTcElUTzltY2VxZUk9IiwiaXNzIjoiOjoxIiwibmJmIjoxNTYwNDI5MDI4LCJleHAiOjE1NjA0MzA4MjgsImRhdGEiOnsidXNlcm5hbWUiOiJhZG1pbl9pc3RhbmEiLCJwYXNzd29yZCI6IjIyNDg0YjRhMzIzMzIwODdhMzA1NTFkYzRkYmUxYjEzMTY0ZDJkYjgiLCJpcCI6Ijo6MSIsInVzZXJfYWdlbnQiOiJUaWNrZXRpbmctV2ViQXBwIn19.Jb_8e4xGMt97UPQrn5MSD0vQMHkV8Tg20_0PKVYvGfE
Connection: close
Request body:

========================================
2019-06-13 19:30:29 
::1 POST /tourism/public-api/v1/users/token HTTP/1.1
HTTP headers:
Host: localhost
Content-Length: 43
User-Agent: Ticketing-WebApp
Connection: close
Content-Type: application/x-www-form-urlencoded
Request body:
username=admin_istana&password=admin_istana
========================================
2019-06-13 19:30:30 
::1 GET /tourism/public-api/v1/province//cities?limit= HTTP/1.1
HTTP headers:
Host: localhost
User-Agent: Ticketing-WebApp
Authorization: Bearer eyJ0eXAiOiJKV1QiLCJhbGciOiJIUzI1NiJ9.eyJpYXQiOjE1NjA0MjkwMjksImp0aSI6InpkSTlOd2N4UFwvY0lEOFdhXC9wdGVTdk1cL09BbHpsWXJNQ2g4bHBsYjFOQlE9IiwiaXNzIjoiOjoxIiwibmJmIjoxNTYwNDI5MDI5LCJleHAiOjE1NjA0MzA4MjksImRhdGEiOnsidXNlcm5hbWUiOiJhZG1pbl9pc3RhbmEiLCJwYXNzd29yZCI6IjIyNDg0YjRhMzIzMzIwODdhMzA1NTFkYzRkYmUxYjEzMTY0ZDJkYjgiLCJpcCI6Ijo6MSIsInVzZXJfYWdlbnQiOiJUaWNrZXRpbmctV2ViQXBwIn19.vft01w7qDVILQKrnIPIPVp3m3jSBi5yYX6ApotVwrew
Connection: close
Request body:

========================================
2019-06-13 19:30:30 
::1 POST /tourism/public-api/v1/users/token HTTP/1.1
HTTP headers:
Host: localhost
Content-Length: 43
User-Agent: Ticketing-WebApp
Connection: close
Content-Type: application/x-www-form-urlencoded
Request body:
username=admin_istana&password=admin_istana
========================================
2019-06-13 19:30:31 
::1 GET /tourism/public-api/v1/province//cities?limit= HTTP/1.1
HTTP headers:
Host: localhost
User-Agent: Ticketing-WebApp
Authorization: Bearer eyJ0eXAiOiJKV1QiLCJhbGciOiJIUzI1NiJ9.eyJpYXQiOjE1NjA0MjkwMzAsImp0aSI6Im0rK09rM3lzMjFtXC8yR2FiNW5QSW9yU1dxSzFiT3FRakRGbTZFYmc2T1IwPSIsImlzcyI6Ijo6MSIsIm5iZiI6MTU2MDQyOTAzMCwiZXhwIjoxNTYwNDMwODMwLCJkYXRhIjp7InVzZXJuYW1lIjoiYWRtaW5faXN0YW5hIiwicGFzc3dvcmQiOiIyMjQ4NGI0YTMyMzMyMDg3YTMwNTUxZGM0ZGJlMWIxMzE2NGQyZGI4IiwiaXAiOiI6OjEiLCJ1c2VyX2FnZW50IjoiVGlja2V0aW5nLVdlYkFwcCJ9fQ.nWL9Qkugu1-LAAa9y3_bbOoohn4aEnyytEnc4iKvcuo
Connection: close
Request body:

========================================
2019-06-13 19:30:32 
::1 POST /tourism/public-api/v1/users/token HTTP/1.1
HTTP headers:
Host: localhost
Content-Length: 43
User-Agent: Ticketing-WebApp
Connection: close
Content-Type: application/x-www-form-urlencoded
Request body:
username=admin_istana&password=admin_istana
========================================
2019-06-13 19:30:33 
::1 GET /tourism/public-api/v1/province//cities?limit= HTTP/1.1
HTTP headers:
Host: localhost
User-Agent: Ticketing-WebApp
Authorization: Bearer eyJ0eXAiOiJKV1QiLCJhbGciOiJIUzI1NiJ9.eyJpYXQiOjE1NjA0MjkwMzIsImp0aSI6IjhpdCtDWVwvQ29RY2JVZ3hTSCtPM1NsKzdXa1Z2djhvMVA5ekdWUWF3SGRRPSIsImlzcyI6Ijo6MSIsIm5iZiI6MTU2MDQyOTAzMiwiZXhwIjoxNTYwNDMwODMyLCJkYXRhIjp7InVzZXJuYW1lIjoiYWRtaW5faXN0YW5hIiwicGFzc3dvcmQiOiIyMjQ4NGI0YTMyMzMyMDg3YTMwNTUxZGM0ZGJlMWIxMzE2NGQyZGI4IiwiaXAiOiI6OjEiLCJ1c2VyX2FnZW50IjoiVGlja2V0aW5nLVdlYkFwcCJ9fQ.t2VkG5GUji2_nQpv2UodGnkyb3k9CrLmcpR7V0v5Gpg
Connection: close
Request body:

========================================
2019-06-13 19:30:33 
::1 GET /tourism/public-api/v1/provinces//countries?limit=1 HTTP/1.1
HTTP headers:
Host: localhost
User-Agent: Ticketing-WebApp
Authorization: Bearer eyJ0eXAiOiJKV1QiLCJhbGciOiJIUzI1NiJ9.eyJpYXQiOjE1NjA0MjkwMzIsImp0aSI6IjhpdCtDWVwvQ29RY2JVZ3hTSCtPM1NsKzdXa1Z2djhvMVA5ekdWUWF3SGRRPSIsImlzcyI6Ijo6MSIsIm5iZiI6MTU2MDQyOTAzMiwiZXhwIjoxNTYwNDMwODMyLCJkYXRhIjp7InVzZXJuYW1lIjoiYWRtaW5faXN0YW5hIiwicGFzc3dvcmQiOiIyMjQ4NGI0YTMyMzMyMDg3YTMwNTUxZGM0ZGJlMWIxMzE2NGQyZGI4IiwiaXAiOiI6OjEiLCJ1c2VyX2FnZW50IjoiVGlja2V0aW5nLVdlYkFwcCJ9fQ.t2VkG5GUji2_nQpv2UodGnkyb3k9CrLmcpR7V0v5Gpg
Connection: close
Request body:

========================================
2019-06-13 19:30:33 
::1 POST /tourism/public-api/v1/users/token HTTP/1.1
HTTP headers:
Host: localhost
Content-Length: 43
User-Agent: Ticketing-WebApp
Connection: close
Content-Type: application/x-www-form-urlencoded
Request body:
username=admin_istana&password=admin_istana
========================================
2019-06-13 19:30:34 
::1 GET /tourism/public-api/v1/provinces//countries?limit=1 HTTP/1.1
HTTP headers:
Host: localhost
User-Agent: Ticketing-WebApp
Authorization: Bearer eyJ0eXAiOiJKV1QiLCJhbGciOiJIUzI1NiJ9.eyJpYXQiOjE1NjA0MjkwMzMsImp0aSI6IjhkcSthTFlFVWlOditWbEJRRGo2Nk9OYmhjUmpcL3FzN2oxWnVQUkxnVXNJPSIsImlzcyI6Ijo6MSIsIm5iZiI6MTU2MDQyOTAzMywiZXhwIjoxNTYwNDMwODMzLCJkYXRhIjp7InVzZXJuYW1lIjoiYWRtaW5faXN0YW5hIiwicGFzc3dvcmQiOiIyMjQ4NGI0YTMyMzMyMDg3YTMwNTUxZGM0ZGJlMWIxMzE2NGQyZGI4IiwiaXAiOiI6OjEiLCJ1c2VyX2FnZW50IjoiVGlja2V0aW5nLVdlYkFwcCJ9fQ.fcn9TaMIDqTiksIHAsHlO0VR3mquO7RRsSk1FjFUjcU
Connection: close
Request body:

========================================
2019-06-13 19:30:34 
::1 POST /tourism/public-api/v1/users/token HTTP/1.1
HTTP headers:
Host: localhost
Content-Length: 43
User-Agent: Ticketing-WebApp
Connection: close
Content-Type: application/x-www-form-urlencoded
Request body:
username=admin_istana&password=admin_istana
========================================
2019-06-13 19:30:35 
::1 GET /tourism/public-api/v1/provinces//countries?limit=1 HTTP/1.1
HTTP headers:
Host: localhost
User-Agent: Ticketing-WebApp
Authorization: Bearer eyJ0eXAiOiJKV1QiLCJhbGciOiJIUzI1NiJ9.eyJpYXQiOjE1NjA0MjkwMzQsImp0aSI6IllSVGxHXC9yeHdRVmROVFcwV0Y2cFZTWkdGXC9YUUE0ZVpkaDVmMWtFXC8xekk9IiwiaXNzIjoiOjoxIiwibmJmIjoxNTYwNDI5MDM0LCJleHAiOjE1NjA0MzA4MzQsImRhdGEiOnsidXNlcm5hbWUiOiJhZG1pbl9pc3RhbmEiLCJwYXNzd29yZCI6IjIyNDg0YjRhMzIzMzIwODdhMzA1NTFkYzRkYmUxYjEzMTY0ZDJkYjgiLCJpcCI6Ijo6MSIsInVzZXJfYWdlbnQiOiJUaWNrZXRpbmctV2ViQXBwIn19.8Q3of-tYUbyACssWmqxj4RmKi4Bc1IW3sg_c1ouxbp0
Connection: close
Request body:

========================================
2019-06-13 19:30:35 
::1 POST /tourism/public-api/v1/users/token HTTP/1.1
HTTP headers:
Host: localhost
Content-Length: 43
User-Agent: Ticketing-WebApp
Connection: close
Content-Type: application/x-www-form-urlencoded
Request body:
username=admin_istana&password=admin_istana
========================================
2019-06-13 19:30:36 
::1 GET /tourism/public-api/v1/provinces//countries?limit=1 HTTP/1.1
HTTP headers:
Host: localhost
User-Agent: Ticketing-WebApp
Authorization: Bearer eyJ0eXAiOiJKV1QiLCJhbGciOiJIUzI1NiJ9.eyJpYXQiOjE1NjA0MjkwMzUsImp0aSI6Ik1zRWN5VWR1MXlFdXo0NFJoSU1oNTIwNmlwT0p3NVZTakdlSXV1NnIrWEU9IiwiaXNzIjoiOjoxIiwibmJmIjoxNTYwNDI5MDM1LCJleHAiOjE1NjA0MzA4MzUsImRhdGEiOnsidXNlcm5hbWUiOiJhZG1pbl9pc3RhbmEiLCJwYXNzd29yZCI6IjIyNDg0YjRhMzIzMzIwODdhMzA1NTFkYzRkYmUxYjEzMTY0ZDJkYjgiLCJpcCI6Ijo6MSIsInVzZXJfYWdlbnQiOiJUaWNrZXRpbmctV2ViQXBwIn19.a5i5aBr2TKlLyFr_DmPshhyjaI6ik8wZ9-7nlYqYVxg
Connection: close
Request body:

========================================
2019-06-13 19:30:37 
::1 GET /tourism/public-api/v1/provinces//countries?limit= HTTP/1.1
HTTP headers:
Host: localhost
User-Agent: Ticketing-WebApp
Authorization: Bearer eyJ0eXAiOiJKV1QiLCJhbGciOiJIUzI1NiJ9.eyJpYXQiOjE1NjA0MjkwMzUsImp0aSI6Ik1zRWN5VWR1MXlFdXo0NFJoSU1oNTIwNmlwT0p3NVZTakdlSXV1NnIrWEU9IiwiaXNzIjoiOjoxIiwibmJmIjoxNTYwNDI5MDM1LCJleHAiOjE1NjA0MzA4MzUsImRhdGEiOnsidXNlcm5hbWUiOiJhZG1pbl9pc3RhbmEiLCJwYXNzd29yZCI6IjIyNDg0YjRhMzIzMzIwODdhMzA1NTFkYzRkYmUxYjEzMTY0ZDJkYjgiLCJpcCI6Ijo6MSIsInVzZXJfYWdlbnQiOiJUaWNrZXRpbmctV2ViQXBwIn19.a5i5aBr2TKlLyFr_DmPshhyjaI6ik8wZ9-7nlYqYVxg
Connection: close
Request body:

========================================
2019-06-13 19:30:37 
::1 POST /tourism/public-api/v1/users/token HTTP/1.1
HTTP headers:
Host: localhost
Content-Length: 43
User-Agent: Ticketing-WebApp
Connection: close
Content-Type: application/x-www-form-urlencoded
Request body:
username=admin_istana&password=admin_istana
========================================
2019-06-13 19:30:38 
::1 GET /tourism/public-api/v1/provinces//countries?limit= HTTP/1.1
HTTP headers:
Host: localhost
User-Agent: Ticketing-WebApp
Authorization: Bearer eyJ0eXAiOiJKV1QiLCJhbGciOiJIUzI1NiJ9.eyJpYXQiOjE1NjA0MjkwMzcsImp0aSI6IlRtT3U4ek1tUStubHNTUld0VzlQZytQYTlBdTlTY1laVkc4MDBCS245aEk9IiwiaXNzIjoiOjoxIiwibmJmIjoxNTYwNDI5MDM3LCJleHAiOjE1NjA0MzA4MzcsImRhdGEiOnsidXNlcm5hbWUiOiJhZG1pbl9pc3RhbmEiLCJwYXNzd29yZCI6IjIyNDg0YjRhMzIzMzIwODdhMzA1NTFkYzRkYmUxYjEzMTY0ZDJkYjgiLCJpcCI6Ijo6MSIsInVzZXJfYWdlbnQiOiJUaWNrZXRpbmctV2ViQXBwIn19.mAbg8mzBk04rHBBfFp-MYQgFTcUy7Dj3BVrsjoZQgPI
Connection: close
Request body:

========================================
2019-06-13 19:30:38 
::1 POST /tourism/public-api/v1/users/token HTTP/1.1
HTTP headers:
Host: localhost
Content-Length: 43
User-Agent: Ticketing-WebApp
Connection: close
Content-Type: application/x-www-form-urlencoded
Request body:
username=admin_istana&password=admin_istana
========================================
2019-06-13 19:30:39 
::1 GET /tourism/public-api/v1/provinces//countries?limit= HTTP/1.1
HTTP headers:
Host: localhost
User-Agent: Ticketing-WebApp
Authorization: Bearer eyJ0eXAiOiJKV1QiLCJhbGciOiJIUzI1NiJ9.eyJpYXQiOjE1NjA0MjkwMzgsImp0aSI6IlBIb01RUnozUjJpdnhBN3FOemN3TlwvUTFrUEtCejJ4RzF3SUZPSm1NZFFVPSIsImlzcyI6Ijo6MSIsIm5iZiI6MTU2MDQyOTAzOCwiZXhwIjoxNTYwNDMwODM4LCJkYXRhIjp7InVzZXJuYW1lIjoiYWRtaW5faXN0YW5hIiwicGFzc3dvcmQiOiIyMjQ4NGI0YTMyMzMyMDg3YTMwNTUxZGM0ZGJlMWIxMzE2NGQyZGI4IiwiaXAiOiI6OjEiLCJ1c2VyX2FnZW50IjoiVGlja2V0aW5nLVdlYkFwcCJ9fQ.t0dBV_OgDfPj_mEpM8PCAOtJ2XZX-3cQT0AxCJIpH6U
Connection: close
Request body:

========================================
2019-06-13 19:30:39 
::1 POST /tourism/public-api/v1/users/token HTTP/1.1
HTTP headers:
Host: localhost
Content-Length: 43
User-Agent: Ticketing-WebApp
Connection: close
Content-Type: application/x-www-form-urlencoded
Request body:
username=admin_istana&password=admin_istana
========================================
2019-06-13 19:30:40 
::1 GET /tourism/public-api/v1/provinces//countries?limit= HTTP/1.1
HTTP headers:
Host: localhost
User-Agent: Ticketing-WebApp
Authorization: Bearer eyJ0eXAiOiJKV1QiLCJhbGciOiJIUzI1NiJ9.eyJpYXQiOjE1NjA0MjkwMzksImp0aSI6Inpxa0JxYW5HaVRSUmROQ1JKYTE3Wis0aWpYb1RqSDlHQTRoZ2JZa05FODQ9IiwiaXNzIjoiOjoxIiwibmJmIjoxNTYwNDI5MDM5LCJleHAiOjE1NjA0MzA4MzksImRhdGEiOnsidXNlcm5hbWUiOiJhZG1pbl9pc3RhbmEiLCJwYXNzd29yZCI6IjIyNDg0YjRhMzIzMzIwODdhMzA1NTFkYzRkYmUxYjEzMTY0ZDJkYjgiLCJpcCI6Ijo6MSIsInVzZXJfYWdlbnQiOiJUaWNrZXRpbmctV2ViQXBwIn19.r5hLnSliKb8bHYmrbAGO4QF0_56clhgEDtwn8VgrzZM
Connection: close
Request body:

========================================
2019-06-13 19:30:40 
::1 PUT /tourism/public-api/v1/tourism/22 HTTP/1.1
HTTP headers:
Host: localhost
Content-Length: 17
User-Agent: Ticketing-WebApp
Authorization: Bearer eyJ0eXAiOiJKV1QiLCJhbGciOiJIUzI1NiJ9.eyJpYXQiOjE1NjA0MjkwMzksImp0aSI6Inpxa0JxYW5HaVRSUmROQ1JKYTE3Wis0aWpYb1RqSDlHQTRoZ2JZa05FODQ9IiwiaXNzIjoiOjoxIiwibmJmIjoxNTYwNDI5MDM5LCJleHAiOjE1NjA0MzA4MzksImRhdGEiOnsidXNlcm5hbWUiOiJhZG1pbl9pc3RhbmEiLCJwYXNzd29yZCI6IjIyNDg0YjRhMzIzMzIwODdhMzA1NTFkYzRkYmUxYjEzMTY0ZDJkYjgiLCJpcCI6Ijo6MSIsInVzZXJfYWdlbnQiOiJUaWNrZXRpbmctV2ViQXBwIn19.r5hLnSliKb8bHYmrbAGO4QF0_56clhgEDtwn8VgrzZM
Connection: close
Content-Type: application/x-www-form-urlencoded
Request body:
name=istana+bogor
========================================
2019-06-13 19:30:41 
::1 PUT /tourism/public-api/v1/tourism/22 HTTP/1.1
HTTP headers:
Host: localhost
Content-Length: 17
User-Agent: Ticketing-WebApp
Authorization: Bearer eyJ0eXAiOiJKV1QiLCJhbGciOiJIUzI1NiJ9.eyJpYXQiOjE1NjA0MjkwMzksImp0aSI6Inpxa0JxYW5HaVRSUmROQ1JKYTE3Wis0aWpYb1RqSDlHQTRoZ2JZa05FODQ9IiwiaXNzIjoiOjoxIiwibmJmIjoxNTYwNDI5MDM5LCJleHAiOjE1NjA0MzA4MzksImRhdGEiOnsidXNlcm5hbWUiOiJhZG1pbl9pc3RhbmEiLCJwYXNzd29yZCI6IjIyNDg0YjRhMzIzMzIwODdhMzA1NTFkYzRkYmUxYjEzMTY0ZDJkYjgiLCJpcCI6Ijo6MSIsInVzZXJfYWdlbnQiOiJUaWNrZXRpbmctV2ViQXBwIn19.r5hLnSliKb8bHYmrbAGO4QF0_56clhgEDtwn8VgrzZM
Connection: close
Content-Type: application/x-www-form-urlencoded
Request body:
name=istana+bogor
========================================
