2018-10-12 09:47:56 
::1 GET /tourism/public-api/v1/countries/5/continent?limit=1 HTTP/1.1
HTTP headers:
Host: localhost
User-Agent: Ticketing-WebApp
Connection: close
Request body:

========================================
2018-10-12 09:47:56 
::1 GET /tourism/public-api/v1/countries/5/continent?limit=6 HTTP/1.1
HTTP headers:
Host: localhost
User-Agent: Ticketing-WebApp
Connection: close
Request body:

========================================
2018-10-12 10:48:15 
::1 GET /tourism/public-api/v1/countries/5/continent?limit=1 HTTP/1.1
HTTP headers:
Host: localhost
User-Agent: Ticketing-WebApp
Connection: close
Request body:

========================================
2018-10-12 10:48:15 
::1 GET /tourism/public-api/v1/countries/5/continent?limit=6 HTTP/1.1
HTTP headers:
Host: localhost
User-Agent: Ticketing-WebApp
Connection: close
Request body:

========================================
2018-10-12 13:51:20 
::1 GET /tourism/public-api/v1/countries/5/continent?limit=1 HTTP/1.1
HTTP headers:
Host: localhost
User-Agent: Ticketing-WebApp
Connection: close
Request body:

========================================
2018-10-12 13:51:20 
::1 GET /tourism/public-api/v1/countries/5/continent?limit=6 HTTP/1.1
HTTP headers:
Host: localhost
User-Agent: Ticketing-WebApp
Connection: close
Request body:

========================================
2018-10-12 13:58:56 
::1 GET /tourism/public-api/v1/continents HTTP/1.1
HTTP headers:
Host: localhost
User-Agent: Ticketing-WebApp
Connection: close
Request body:

========================================
2018-10-12 14:01:15 
::1 GET /tourism/public-api/v1/continents HTTP/1.1
HTTP headers:
Host: localhost
User-Agent: Ticketing-WebApp
Connection: close
Request body:

========================================
2018-10-12 14:01:18 
::1 GET /tourism/public-api/v1/countries/5/continent?limit=1 HTTP/1.1
HTTP headers:
Host: localhost
User-Agent: Ticketing-WebApp
Connection: close
Request body:

========================================
2018-10-12 14:01:19 
::1 GET /tourism/public-api/v1/countries/5/continent?limit=6 HTTP/1.1
HTTP headers:
Host: localhost
User-Agent: Ticketing-WebApp
Connection: close
Request body:

========================================
2018-10-12 14:01:21 
::1 GET /tourism/public-api/v1/provinces/1/countries?limit=1 HTTP/1.1
HTTP headers:
Host: localhost
User-Agent: Ticketing-WebApp
Connection: close
Request body:

========================================
2018-10-12 14:01:21 
::1 GET /tourism/public-api/v1/provinces/1/countries?limit=33 HTTP/1.1
HTTP headers:
Host: localhost
User-Agent: Ticketing-WebApp
Connection: close
Request body:

========================================
2018-10-12 14:01:25 
::1 GET /tourism/public-api/v1/province/13/cities?limit=1 HTTP/1.1
HTTP headers:
Host: localhost
User-Agent: Ticketing-WebApp
Connection: close
Request body:

========================================
2018-10-12 14:01:25 
::1 GET /tourism/public-api/v1/province/13/cities?limit=0 HTTP/1.1
HTTP headers:
Host: localhost
User-Agent: Ticketing-WebApp
Connection: close
Request body:

========================================
2018-10-12 14:03:46 
::1 GET /tourism/public-api/v1/continents HTTP/1.1
HTTP headers:
Host: localhost
User-Agent: Ticketing-WebApp
Connection: close
Request body:

========================================
2018-10-12 14:04:02 
::1 GET /tourism/public-api/v1/continents HTTP/1.1
HTTP headers:
Host: localhost
User-Agent: Ticketing-WebApp
Connection: close
Request body:

========================================
2018-10-12 14:04:34 
::1 GET /tourism/public-api/v1/continents HTTP/1.1
HTTP headers:
Host: localhost
User-Agent: Ticketing-WebApp
Connection: close
Request body:

========================================
2018-10-12 14:04:47 
::1 GET /tourism/public-api/v1/continents HTTP/1.1
HTTP headers:
Host: localhost
User-Agent: Ticketing-WebApp
Connection: close
Request body:

========================================
2018-10-12 14:07:20 
::1 GET /tourism/public-api/v1/continents HTTP/1.1
HTTP headers:
Host: localhost
User-Agent: Ticketing-WebApp
Connection: close
Request body:

========================================
2018-10-12 14:07:26 
::1 GET /tourism/public-api/v1/continents HTTP/1.1
HTTP headers:
Host: localhost
User-Agent: Ticketing-WebApp
Connection: close
Request body:

========================================
2018-10-12 14:21:20 
::1 GET /tourism/public-api/v1/continents HTTP/1.1
HTTP headers:
Host: localhost
User-Agent: Ticketing-WebApp
Connection: close
Request body:

========================================
2018-10-12 14:23:23 
::1 GET /tourism/public-api/v1/continents HTTP/1.1
HTTP headers:
Host: localhost
User-Agent: Ticketing-WebApp
Connection: close
Request body:

========================================
2018-10-12 14:25:12 
::1 GET /tourism/public-api/v1/continents HTTP/1.1
HTTP headers:
Host: localhost
User-Agent: Ticketing-WebApp
Connection: close
Request body:

========================================
2018-10-12 14:30:14 
::1 GET /tourism/public-api/v1/continents HTTP/1.1
HTTP headers:
Host: localhost
User-Agent: Ticketing-WebApp
Connection: close
Request body:

========================================
2018-10-12 14:30:58 
::1 GET /tourism/public-api/v1/continents HTTP/1.1
HTTP headers:
Host: localhost
User-Agent: Ticketing-WebApp
Connection: close
Request body:

========================================
2018-10-12 14:31:18 
::1 GET /tourism/public-api/v1/continents HTTP/1.1
HTTP headers:
Host: localhost
User-Agent: Ticketing-WebApp
Connection: close
Request body:

========================================
2018-10-12 14:32:13 
::1 GET /tourism/public-api/v1/continents HTTP/1.1
HTTP headers:
Host: localhost
User-Agent: Ticketing-WebApp
Connection: close
Request body:

========================================
2018-10-12 14:32:35 
::1 GET /tourism/public-api/v1/continents HTTP/1.1
HTTP headers:
Host: localhost
User-Agent: Ticketing-WebApp
Connection: close
Request body:

========================================
2018-10-12 17:25:42 
::1 GET /tourism/public-api/v1/continents HTTP/1.1
HTTP headers:
Host: localhost
User-Agent: Ticketing-WebApp
Connection: close
Request body:

========================================
2018-10-12 17:27:31 
::1 GET /tourism/public-api/v1/continents HTTP/1.1
HTTP headers:
Host: localhost
User-Agent: Ticketing-WebApp
Connection: close
Request body:

========================================
2018-10-12 17:27:44 
::1 POST /tourism/public-api/v1/users/token HTTP/1.1
HTTP headers:
Host: localhost
Content-Length: 29
User-Agent: Ticketing-WebApp
Connection: close
Content-Type: application/x-www-form-urlencoded
Request body:
username=user&password=123456
========================================
2018-10-12 17:27:46 
::1 GET /tourism/public-api/v1/users/3 HTTP/1.1
HTTP headers:
Host: localhost
User-Agent: Ticketing-WebApp
Authorization: Bearer eyJ0eXAiOiJKV1QiLCJhbGciOiJIUzI1NiJ9.eyJpYXQiOjE1MzkzNDAwNjUsImp0aSI6IjhqbGRxRWNsTG1VNW1QVERVWDF1YXh6NDkxZXVcL1IrMWRySlB5aUxPazYwPSIsImlzcyI6Ijo6MSIsIm5iZiI6MTUzOTM0MDA2NSwiZXhwIjoxNTM5MzQxODY1LCJkYXRhIjp7InVzZXJuYW1lIjoidXNlciIsInBhc3N3b3JkIjoiMTA0NzBjM2I0YjFmZWQxMmMzYmFhYzAxNGJlMTVmYWM2N2M2ZTgxNSIsImlwIjoiOjoxIiwidXNlcl9hZ2VudCI6IlRpY2tldGluZy1XZWJBcHAifX0.qQVPWCZc6oJ8s7l-ed3Cw3hxY4Zuq8r-eveRXpvNnK4
Connection: close
Request body:

========================================
2018-10-12 17:27:57 
::1 GET /tourism/public-api/v1/continents HTTP/1.1
HTTP headers:
Host: localhost
User-Agent: Ticketing-WebApp
Authorization: Bearer eyJ0eXAiOiJKV1QiLCJhbGciOiJIUzI1NiJ9.eyJpYXQiOjE1MzkzNDAwNjUsImp0aSI6IjhqbGRxRWNsTG1VNW1QVERVWDF1YXh6NDkxZXVcL1IrMWRySlB5aUxPazYwPSIsImlzcyI6Ijo6MSIsIm5iZiI6MTUzOTM0MDA2NSwiZXhwIjoxNTM5MzQxODY1LCJkYXRhIjp7InVzZXJuYW1lIjoidXNlciIsInBhc3N3b3JkIjoiMTA0NzBjM2I0YjFmZWQxMmMzYmFhYzAxNGJlMTVmYWM2N2M2ZTgxNSIsImlwIjoiOjoxIiwidXNlcl9hZ2VudCI6IlRpY2tldGluZy1XZWJBcHAifX0.qQVPWCZc6oJ8s7l-ed3Cw3hxY4Zuq8r-eveRXpvNnK4
Connection: close
Request body:

========================================
2018-10-12 17:31:54 
::1 GET /tourism/public-api/v1/continents HTTP/1.1
HTTP headers:
Host: localhost
User-Agent: Ticketing-WebApp
Authorization: Bearer eyJ0eXAiOiJKV1QiLCJhbGciOiJIUzI1NiJ9.eyJpYXQiOjE1MzkzNDAwNjUsImp0aSI6IjhqbGRxRWNsTG1VNW1QVERVWDF1YXh6NDkxZXVcL1IrMWRySlB5aUxPazYwPSIsImlzcyI6Ijo6MSIsIm5iZiI6MTUzOTM0MDA2NSwiZXhwIjoxNTM5MzQxODY1LCJkYXRhIjp7InVzZXJuYW1lIjoidXNlciIsInBhc3N3b3JkIjoiMTA0NzBjM2I0YjFmZWQxMmMzYmFhYzAxNGJlMTVmYWM2N2M2ZTgxNSIsImlwIjoiOjoxIiwidXNlcl9hZ2VudCI6IlRpY2tldGluZy1XZWJBcHAifX0.qQVPWCZc6oJ8s7l-ed3Cw3hxY4Zuq8r-eveRXpvNnK4
Connection: close
Request body:

========================================
2018-10-12 17:34:14 
::1 GET /tourism/public-api/v1/continents HTTP/1.1
HTTP headers:
Host: localhost
User-Agent: Ticketing-WebApp
Authorization: Bearer eyJ0eXAiOiJKV1QiLCJhbGciOiJIUzI1NiJ9.eyJpYXQiOjE1MzkzNDAwNjUsImp0aSI6IjhqbGRxRWNsTG1VNW1QVERVWDF1YXh6NDkxZXVcL1IrMWRySlB5aUxPazYwPSIsImlzcyI6Ijo6MSIsIm5iZiI6MTUzOTM0MDA2NSwiZXhwIjoxNTM5MzQxODY1LCJkYXRhIjp7InVzZXJuYW1lIjoidXNlciIsInBhc3N3b3JkIjoiMTA0NzBjM2I0YjFmZWQxMmMzYmFhYzAxNGJlMTVmYWM2N2M2ZTgxNSIsImlwIjoiOjoxIiwidXNlcl9hZ2VudCI6IlRpY2tldGluZy1XZWJBcHAifX0.qQVPWCZc6oJ8s7l-ed3Cw3hxY4Zuq8r-eveRXpvNnK4
Connection: close
Request body:

========================================
2018-10-12 17:34:18 
::1 GET /tourism/public-api/v1/countries/5/continent?limit=1 HTTP/1.1
HTTP headers:
Host: localhost
User-Agent: Ticketing-WebApp
Authorization: Bearer eyJ0eXAiOiJKV1QiLCJhbGciOiJIUzI1NiJ9.eyJpYXQiOjE1MzkzNDAwNjUsImp0aSI6IjhqbGRxRWNsTG1VNW1QVERVWDF1YXh6NDkxZXVcL1IrMWRySlB5aUxPazYwPSIsImlzcyI6Ijo6MSIsIm5iZiI6MTUzOTM0MDA2NSwiZXhwIjoxNTM5MzQxODY1LCJkYXRhIjp7InVzZXJuYW1lIjoidXNlciIsInBhc3N3b3JkIjoiMTA0NzBjM2I0YjFmZWQxMmMzYmFhYzAxNGJlMTVmYWM2N2M2ZTgxNSIsImlwIjoiOjoxIiwidXNlcl9hZ2VudCI6IlRpY2tldGluZy1XZWJBcHAifX0.qQVPWCZc6oJ8s7l-ed3Cw3hxY4Zuq8r-eveRXpvNnK4
Connection: close
Request body:

========================================
2018-10-12 17:34:18 
::1 GET /tourism/public-api/v1/countries/5/continent?limit=6 HTTP/1.1
HTTP headers:
Host: localhost
User-Agent: Ticketing-WebApp
Authorization: Bearer eyJ0eXAiOiJKV1QiLCJhbGciOiJIUzI1NiJ9.eyJpYXQiOjE1MzkzNDAwNjUsImp0aSI6IjhqbGRxRWNsTG1VNW1QVERVWDF1YXh6NDkxZXVcL1IrMWRySlB5aUxPazYwPSIsImlzcyI6Ijo6MSIsIm5iZiI6MTUzOTM0MDA2NSwiZXhwIjoxNTM5MzQxODY1LCJkYXRhIjp7InVzZXJuYW1lIjoidXNlciIsInBhc3N3b3JkIjoiMTA0NzBjM2I0YjFmZWQxMmMzYmFhYzAxNGJlMTVmYWM2N2M2ZTgxNSIsImlwIjoiOjoxIiwidXNlcl9hZ2VudCI6IlRpY2tldGluZy1XZWJBcHAifX0.qQVPWCZc6oJ8s7l-ed3Cw3hxY4Zuq8r-eveRXpvNnK4
Connection: close
Request body:

========================================
2018-10-12 17:35:06 
::1 GET /tourism/public-api/v1/continents HTTP/1.1
HTTP headers:
Host: localhost
User-Agent: Ticketing-WebApp
Authorization: Bearer eyJ0eXAiOiJKV1QiLCJhbGciOiJIUzI1NiJ9.eyJpYXQiOjE1MzkzNDAwNjUsImp0aSI6IjhqbGRxRWNsTG1VNW1QVERVWDF1YXh6NDkxZXVcL1IrMWRySlB5aUxPazYwPSIsImlzcyI6Ijo6MSIsIm5iZiI6MTUzOTM0MDA2NSwiZXhwIjoxNTM5MzQxODY1LCJkYXRhIjp7InVzZXJuYW1lIjoidXNlciIsInBhc3N3b3JkIjoiMTA0NzBjM2I0YjFmZWQxMmMzYmFhYzAxNGJlMTVmYWM2N2M2ZTgxNSIsImlwIjoiOjoxIiwidXNlcl9hZ2VudCI6IlRpY2tldGluZy1XZWJBcHAifX0.qQVPWCZc6oJ8s7l-ed3Cw3hxY4Zuq8r-eveRXpvNnK4
Connection: close
Request body:

========================================
2018-10-12 17:35:14 
::1 GET /tourism/public-api/v1/countries/5/continent?limit=1 HTTP/1.1
HTTP headers:
Host: localhost
User-Agent: Ticketing-WebApp
Authorization: Bearer eyJ0eXAiOiJKV1QiLCJhbGciOiJIUzI1NiJ9.eyJpYXQiOjE1MzkzNDAwNjUsImp0aSI6IjhqbGRxRWNsTG1VNW1QVERVWDF1YXh6NDkxZXVcL1IrMWRySlB5aUxPazYwPSIsImlzcyI6Ijo6MSIsIm5iZiI6MTUzOTM0MDA2NSwiZXhwIjoxNTM5MzQxODY1LCJkYXRhIjp7InVzZXJuYW1lIjoidXNlciIsInBhc3N3b3JkIjoiMTA0NzBjM2I0YjFmZWQxMmMzYmFhYzAxNGJlMTVmYWM2N2M2ZTgxNSIsImlwIjoiOjoxIiwidXNlcl9hZ2VudCI6IlRpY2tldGluZy1XZWJBcHAifX0.qQVPWCZc6oJ8s7l-ed3Cw3hxY4Zuq8r-eveRXpvNnK4
Connection: close
Request body:

========================================
2018-10-12 17:35:14 
::1 GET /tourism/public-api/v1/countries/5/continent?limit=6 HTTP/1.1
HTTP headers:
Host: localhost
User-Agent: Ticketing-WebApp
Authorization: Bearer eyJ0eXAiOiJKV1QiLCJhbGciOiJIUzI1NiJ9.eyJpYXQiOjE1MzkzNDAwNjUsImp0aSI6IjhqbGRxRWNsTG1VNW1QVERVWDF1YXh6NDkxZXVcL1IrMWRySlB5aUxPazYwPSIsImlzcyI6Ijo6MSIsIm5iZiI6MTUzOTM0MDA2NSwiZXhwIjoxNTM5MzQxODY1LCJkYXRhIjp7InVzZXJuYW1lIjoidXNlciIsInBhc3N3b3JkIjoiMTA0NzBjM2I0YjFmZWQxMmMzYmFhYzAxNGJlMTVmYWM2N2M2ZTgxNSIsImlwIjoiOjoxIiwidXNlcl9hZ2VudCI6IlRpY2tldGluZy1XZWJBcHAifX0.qQVPWCZc6oJ8s7l-ed3Cw3hxY4Zuq8r-eveRXpvNnK4
Connection: close
Request body:

========================================
2018-10-12 17:35:16 
::1 GET /tourism/public-api/v1/provinces/1/countries?limit=1 HTTP/1.1
HTTP headers:
Host: localhost
User-Agent: Ticketing-WebApp
Authorization: Bearer eyJ0eXAiOiJKV1QiLCJhbGciOiJIUzI1NiJ9.eyJpYXQiOjE1MzkzNDAwNjUsImp0aSI6IjhqbGRxRWNsTG1VNW1QVERVWDF1YXh6NDkxZXVcL1IrMWRySlB5aUxPazYwPSIsImlzcyI6Ijo6MSIsIm5iZiI6MTUzOTM0MDA2NSwiZXhwIjoxNTM5MzQxODY1LCJkYXRhIjp7InVzZXJuYW1lIjoidXNlciIsInBhc3N3b3JkIjoiMTA0NzBjM2I0YjFmZWQxMmMzYmFhYzAxNGJlMTVmYWM2N2M2ZTgxNSIsImlwIjoiOjoxIiwidXNlcl9hZ2VudCI6IlRpY2tldGluZy1XZWJBcHAifX0.qQVPWCZc6oJ8s7l-ed3Cw3hxY4Zuq8r-eveRXpvNnK4
Connection: close
Request body:

========================================
2018-10-12 17:35:16 
::1 GET /tourism/public-api/v1/provinces/1/countries?limit=33 HTTP/1.1
HTTP headers:
Host: localhost
User-Agent: Ticketing-WebApp
Authorization: Bearer eyJ0eXAiOiJKV1QiLCJhbGciOiJIUzI1NiJ9.eyJpYXQiOjE1MzkzNDAwNjUsImp0aSI6IjhqbGRxRWNsTG1VNW1QVERVWDF1YXh6NDkxZXVcL1IrMWRySlB5aUxPazYwPSIsImlzcyI6Ijo6MSIsIm5iZiI6MTUzOTM0MDA2NSwiZXhwIjoxNTM5MzQxODY1LCJkYXRhIjp7InVzZXJuYW1lIjoidXNlciIsInBhc3N3b3JkIjoiMTA0NzBjM2I0YjFmZWQxMmMzYmFhYzAxNGJlMTVmYWM2N2M2ZTgxNSIsImlwIjoiOjoxIiwidXNlcl9hZ2VudCI6IlRpY2tldGluZy1XZWJBcHAifX0.qQVPWCZc6oJ8s7l-ed3Cw3hxY4Zuq8r-eveRXpvNnK4
Connection: close
Request body:

========================================
2018-10-12 17:35:24 
::1 GET /tourism/public-api/v1/province/14/cities?limit=1 HTTP/1.1
HTTP headers:
Host: localhost
User-Agent: Ticketing-WebApp
Authorization: Bearer eyJ0eXAiOiJKV1QiLCJhbGciOiJIUzI1NiJ9.eyJpYXQiOjE1MzkzNDAwNjUsImp0aSI6IjhqbGRxRWNsTG1VNW1QVERVWDF1YXh6NDkxZXVcL1IrMWRySlB5aUxPazYwPSIsImlzcyI6Ijo6MSIsIm5iZiI6MTUzOTM0MDA2NSwiZXhwIjoxNTM5MzQxODY1LCJkYXRhIjp7InVzZXJuYW1lIjoidXNlciIsInBhc3N3b3JkIjoiMTA0NzBjM2I0YjFmZWQxMmMzYmFhYzAxNGJlMTVmYWM2N2M2ZTgxNSIsImlwIjoiOjoxIiwidXNlcl9hZ2VudCI6IlRpY2tldGluZy1XZWJBcHAifX0.qQVPWCZc6oJ8s7l-ed3Cw3hxY4Zuq8r-eveRXpvNnK4
Connection: close
Request body:

========================================
2018-10-12 17:35:24 
::1 GET /tourism/public-api/v1/province/14/cities?limit=0 HTTP/1.1
HTTP headers:
Host: localhost
User-Agent: Ticketing-WebApp
Authorization: Bearer eyJ0eXAiOiJKV1QiLCJhbGciOiJIUzI1NiJ9.eyJpYXQiOjE1MzkzNDAwNjUsImp0aSI6IjhqbGRxRWNsTG1VNW1QVERVWDF1YXh6NDkxZXVcL1IrMWRySlB5aUxPazYwPSIsImlzcyI6Ijo6MSIsIm5iZiI6MTUzOTM0MDA2NSwiZXhwIjoxNTM5MzQxODY1LCJkYXRhIjp7InVzZXJuYW1lIjoidXNlciIsInBhc3N3b3JkIjoiMTA0NzBjM2I0YjFmZWQxMmMzYmFhYzAxNGJlMTVmYWM2N2M2ZTgxNSIsImlwIjoiOjoxIiwidXNlcl9hZ2VudCI6IlRpY2tldGluZy1XZWJBcHAifX0.qQVPWCZc6oJ8s7l-ed3Cw3hxY4Zuq8r-eveRXpvNnK4
Connection: close
Request body:

========================================
2018-10-12 17:35:27 
::1 GET /tourism/public-api/v1/province/12/cities?limit=1 HTTP/1.1
HTTP headers:
Host: localhost
User-Agent: Ticketing-WebApp
Authorization: Bearer eyJ0eXAiOiJKV1QiLCJhbGciOiJIUzI1NiJ9.eyJpYXQiOjE1MzkzNDAwNjUsImp0aSI6IjhqbGRxRWNsTG1VNW1QVERVWDF1YXh6NDkxZXVcL1IrMWRySlB5aUxPazYwPSIsImlzcyI6Ijo6MSIsIm5iZiI6MTUzOTM0MDA2NSwiZXhwIjoxNTM5MzQxODY1LCJkYXRhIjp7InVzZXJuYW1lIjoidXNlciIsInBhc3N3b3JkIjoiMTA0NzBjM2I0YjFmZWQxMmMzYmFhYzAxNGJlMTVmYWM2N2M2ZTgxNSIsImlwIjoiOjoxIiwidXNlcl9hZ2VudCI6IlRpY2tldGluZy1XZWJBcHAifX0.qQVPWCZc6oJ8s7l-ed3Cw3hxY4Zuq8r-eveRXpvNnK4
Connection: close
Request body:

========================================
2018-10-12 17:35:27 
::1 GET /tourism/public-api/v1/province/12/cities?limit=1 HTTP/1.1
HTTP headers:
Host: localhost
User-Agent: Ticketing-WebApp
Authorization: Bearer eyJ0eXAiOiJKV1QiLCJhbGciOiJIUzI1NiJ9.eyJpYXQiOjE1MzkzNDAwNjUsImp0aSI6IjhqbGRxRWNsTG1VNW1QVERVWDF1YXh6NDkxZXVcL1IrMWRySlB5aUxPazYwPSIsImlzcyI6Ijo6MSIsIm5iZiI6MTUzOTM0MDA2NSwiZXhwIjoxNTM5MzQxODY1LCJkYXRhIjp7InVzZXJuYW1lIjoidXNlciIsInBhc3N3b3JkIjoiMTA0NzBjM2I0YjFmZWQxMmMzYmFhYzAxNGJlMTVmYWM2N2M2ZTgxNSIsImlwIjoiOjoxIiwidXNlcl9hZ2VudCI6IlRpY2tldGluZy1XZWJBcHAifX0.qQVPWCZc6oJ8s7l-ed3Cw3hxY4Zuq8r-eveRXpvNnK4
Connection: close
Request body:

========================================
2018-10-12 17:38:41 
::1 GET /tourism/public-api/v1/continents HTTP/1.1
HTTP headers:
Host: localhost
User-Agent: Ticketing-WebApp
Authorization: Bearer eyJ0eXAiOiJKV1QiLCJhbGciOiJIUzI1NiJ9.eyJpYXQiOjE1MzkzNDAwNjUsImp0aSI6IjhqbGRxRWNsTG1VNW1QVERVWDF1YXh6NDkxZXVcL1IrMWRySlB5aUxPazYwPSIsImlzcyI6Ijo6MSIsIm5iZiI6MTUzOTM0MDA2NSwiZXhwIjoxNTM5MzQxODY1LCJkYXRhIjp7InVzZXJuYW1lIjoidXNlciIsInBhc3N3b3JkIjoiMTA0NzBjM2I0YjFmZWQxMmMzYmFhYzAxNGJlMTVmYWM2N2M2ZTgxNSIsImlwIjoiOjoxIiwidXNlcl9hZ2VudCI6IlRpY2tldGluZy1XZWJBcHAifX0.qQVPWCZc6oJ8s7l-ed3Cw3hxY4Zuq8r-eveRXpvNnK4
Connection: close
Request body:

========================================
