2018-03-21 12:50:52 
::1 POST /synergix-takaful/public-api/v1/users/token HTTP/1.1
HTTP headers:
Host: localhost
Content-Length: 43
User-Agent: Ticketing-WebApp
Connection: close
Content-Type: application/x-www-form-urlencoded
Request body:
username=underwriting&password=underwriting
========================================
2018-03-21 12:50:53 
::1 GET /synergix-takaful/public-api/v1/users/36 HTTP/1.1
HTTP headers:
Host: localhost
User-Agent: Ticketing-WebApp
Authorization: Bearer eyJ0eXAiOiJKV1QiLCJhbGciOiJIUzI1NiJ9.eyJpYXQiOjE1MjE2MTE0NTIsImp0aSI6Iks0cFZWV1dCaWc2UCtNRml4K2d5U3I0Z05KXC9tb3NRMEkwSmpoR1g4aHBJPSIsImlzcyI6Ijo6MSIsIm5iZiI6MTUyMTYxMTQ1MiwiZXhwIjoxNTIxNjEzMjUyLCJkYXRhIjp7InVzZXJuYW1lIjoidW5kZXJ3cml0aW5nIiwicGFzc3dvcmQiOiIyYzkzMWIxYzI4YWM2NDRkNTU0NjQzMDYxNTk5ZjI0MDI1NjUxOTE0IiwiaXAiOiI6OjEiLCJ1c2VyX2FnZW50IjoiVGlja2V0aW5nLVdlYkFwcCJ9fQ.Mp0mpwlVY1M9Wa6rWrn3jAZ26O6VN5gO5tDl7OBXruI
Connection: close
Request body:

========================================
2018-03-21 12:50:55 
::1 GET /synergix-takaful/public-api/v1/user_level_modules/active?code=TICKET&user_level_id=6&order=code&limit=100 HTTP/1.1
HTTP headers:
Host: localhost
User-Agent: Ticketing-WebApp
Authorization: Bearer eyJ0eXAiOiJKV1QiLCJhbGciOiJIUzI1NiJ9.eyJpYXQiOjE1MjE2MTE0NTIsImp0aSI6Iks0cFZWV1dCaWc2UCtNRml4K2d5U3I0Z05KXC9tb3NRMEkwSmpoR1g4aHBJPSIsImlzcyI6Ijo6MSIsIm5iZiI6MTUyMTYxMTQ1MiwiZXhwIjoxNTIxNjEzMjUyLCJkYXRhIjp7InVzZXJuYW1lIjoidW5kZXJ3cml0aW5nIiwicGFzc3dvcmQiOiIyYzkzMWIxYzI4YWM2NDRkNTU0NjQzMDYxNTk5ZjI0MDI1NjUxOTE0IiwiaXAiOiI6OjEiLCJ1c2VyX2FnZW50IjoiVGlja2V0aW5nLVdlYkFwcCJ9fQ.Mp0mpwlVY1M9Wa6rWrn3jAZ26O6VN5gO5tDl7OBXruI
Connection: close
Request body:

========================================
2018-03-21 12:50:55 
::1 GET /synergix-takaful/public-api/v1/ticket_statistics/departments?id=17 HTTP/1.1
HTTP headers:
Host: localhost
User-Agent: Ticketing-WebApp
Authorization: Bearer eyJ0eXAiOiJKV1QiLCJhbGciOiJIUzI1NiJ9.eyJpYXQiOjE1MjE2MTE0NTIsImp0aSI6Iks0cFZWV1dCaWc2UCtNRml4K2d5U3I0Z05KXC9tb3NRMEkwSmpoR1g4aHBJPSIsImlzcyI6Ijo6MSIsIm5iZiI6MTUyMTYxMTQ1MiwiZXhwIjoxNTIxNjEzMjUyLCJkYXRhIjp7InVzZXJuYW1lIjoidW5kZXJ3cml0aW5nIiwicGFzc3dvcmQiOiIyYzkzMWIxYzI4YWM2NDRkNTU0NjQzMDYxNTk5ZjI0MDI1NjUxOTE0IiwiaXAiOiI6OjEiLCJ1c2VyX2FnZW50IjoiVGlja2V0aW5nLVdlYkFwcCJ9fQ.Mp0mpwlVY1M9Wa6rWrn3jAZ26O6VN5gO5tDl7OBXruI
Connection: close
Request body:

========================================
2018-03-21 12:50:55 
::1 GET /synergix-takaful/public-api/v1/ticket_statistics/creator_departments?id=17 HTTP/1.1
HTTP headers:
Host: localhost
User-Agent: Ticketing-WebApp
Authorization: Bearer eyJ0eXAiOiJKV1QiLCJhbGciOiJIUzI1NiJ9.eyJpYXQiOjE1MjE2MTE0NTIsImp0aSI6Iks0cFZWV1dCaWc2UCtNRml4K2d5U3I0Z05KXC9tb3NRMEkwSmpoR1g4aHBJPSIsImlzcyI6Ijo6MSIsIm5iZiI6MTUyMTYxMTQ1MiwiZXhwIjoxNTIxNjEzMjUyLCJkYXRhIjp7InVzZXJuYW1lIjoidW5kZXJ3cml0aW5nIiwicGFzc3dvcmQiOiIyYzkzMWIxYzI4YWM2NDRkNTU0NjQzMDYxNTk5ZjI0MDI1NjUxOTE0IiwiaXAiOiI6OjEiLCJ1c2VyX2FnZW50IjoiVGlja2V0aW5nLVdlYkFwcCJ9fQ.Mp0mpwlVY1M9Wa6rWrn3jAZ26O6VN5gO5tDl7OBXruI
Connection: close
Request body:

========================================
2018-03-21 12:50:55 
::1 GET /synergix-takaful/public-api/v1/ticket_statistics/category_departments?department_id=17 HTTP/1.1
HTTP headers:
Host: localhost
User-Agent: Ticketing-WebApp
Authorization: Bearer eyJ0eXAiOiJKV1QiLCJhbGciOiJIUzI1NiJ9.eyJpYXQiOjE1MjE2MTE0NTIsImp0aSI6Iks0cFZWV1dCaWc2UCtNRml4K2d5U3I0Z05KXC9tb3NRMEkwSmpoR1g4aHBJPSIsImlzcyI6Ijo6MSIsIm5iZiI6MTUyMTYxMTQ1MiwiZXhwIjoxNTIxNjEzMjUyLCJkYXRhIjp7InVzZXJuYW1lIjoidW5kZXJ3cml0aW5nIiwicGFzc3dvcmQiOiIyYzkzMWIxYzI4YWM2NDRkNTU0NjQzMDYxNTk5ZjI0MDI1NjUxOTE0IiwiaXAiOiI6OjEiLCJ1c2VyX2FnZW50IjoiVGlja2V0aW5nLVdlYkFwcCJ9fQ.Mp0mpwlVY1M9Wa6rWrn3jAZ26O6VN5gO5tDl7OBXruI
Connection: close
Request body:

========================================
2018-03-21 12:50:55 
::1 GET /synergix-takaful/public-api/v1/ticket_statistics/subcategory_departments?department_id=17 HTTP/1.1
HTTP headers:
Host: localhost
User-Agent: Ticketing-WebApp
Authorization: Bearer eyJ0eXAiOiJKV1QiLCJhbGciOiJIUzI1NiJ9.eyJpYXQiOjE1MjE2MTE0NTIsImp0aSI6Iks0cFZWV1dCaWc2UCtNRml4K2d5U3I0Z05KXC9tb3NRMEkwSmpoR1g4aHBJPSIsImlzcyI6Ijo6MSIsIm5iZiI6MTUyMTYxMTQ1MiwiZXhwIjoxNTIxNjEzMjUyLCJkYXRhIjp7InVzZXJuYW1lIjoidW5kZXJ3cml0aW5nIiwicGFzc3dvcmQiOiIyYzkzMWIxYzI4YWM2NDRkNTU0NjQzMDYxNTk5ZjI0MDI1NjUxOTE0IiwiaXAiOiI6OjEiLCJ1c2VyX2FnZW50IjoiVGlja2V0aW5nLVdlYkFwcCJ9fQ.Mp0mpwlVY1M9Wa6rWrn3jAZ26O6VN5gO5tDl7OBXruI
Connection: close
Request body:

========================================
2018-03-21 14:02:35 
::1 POST /synergix-takaful/public-api/v1/users/token HTTP/1.1
HTTP headers:
Host: localhost
Content-Length: 35
User-Agent: Ticketing-WebApp
Connection: close
Content-Type: application/x-www-form-urlencoded
Request body:
username=ba_admin&password=ba_admin
========================================
2018-03-21 14:02:36 
::1 GET /synergix-takaful/public-api/v1/users/9 HTTP/1.1
HTTP headers:
Host: localhost
User-Agent: Ticketing-WebApp
Authorization: Bearer eyJ0eXAiOiJKV1QiLCJhbGciOiJIUzI1NiJ9.eyJpYXQiOjE1MjE2MTU3NTUsImp0aSI6ImZHYVpmU0JzSTc1a2F2TVd6bVVoV1pxQ1ZOQnh0VEF1RHBhU3lTQStRNGM9IiwiaXNzIjoiOjoxIiwibmJmIjoxNTIxNjE1NzU1LCJleHAiOjE1MjE2MTc1NTUsImRhdGEiOnsidXNlcm5hbWUiOiJiYV9hZG1pbiIsInBhc3N3b3JkIjoiYTAzNmFjMTM3MjJhYTNjNjg1YjRmYzQ5NWJjYTEwYTcxNzRmMDk3MCIsImlwIjoiOjoxIiwidXNlcl9hZ2VudCI6IlRpY2tldGluZy1XZWJBcHAifX0.r6MYbuDk61x6TfKsJ1kGTnXq28I4Q00-_KYk92nxTZs
Connection: close
Request body:

========================================
2018-03-21 14:02:36 
::1 GET /synergix-takaful/public-api/v1/user_level_modules/active?code=TICKET&user_level_id=7&order=code&limit=100 HTTP/1.1
HTTP headers:
Host: localhost
User-Agent: Ticketing-WebApp
Authorization: Bearer eyJ0eXAiOiJKV1QiLCJhbGciOiJIUzI1NiJ9.eyJpYXQiOjE1MjE2MTU3NTUsImp0aSI6ImZHYVpmU0JzSTc1a2F2TVd6bVVoV1pxQ1ZOQnh0VEF1RHBhU3lTQStRNGM9IiwiaXNzIjoiOjoxIiwibmJmIjoxNTIxNjE1NzU1LCJleHAiOjE1MjE2MTc1NTUsImRhdGEiOnsidXNlcm5hbWUiOiJiYV9hZG1pbiIsInBhc3N3b3JkIjoiYTAzNmFjMTM3MjJhYTNjNjg1YjRmYzQ5NWJjYTEwYTcxNzRmMDk3MCIsImlwIjoiOjoxIiwidXNlcl9hZ2VudCI6IlRpY2tldGluZy1XZWJBcHAifX0.r6MYbuDk61x6TfKsJ1kGTnXq28I4Q00-_KYk92nxTZs
Connection: close
Request body:

========================================
2018-03-21 14:02:36 
::1 GET /synergix-takaful/public-api/v1/tickets?need_follow_up=1&ticket_status_id=4&limit=1 HTTP/1.1
HTTP headers:
Host: localhost
User-Agent: Ticketing-WebApp
Authorization: Bearer eyJ0eXAiOiJKV1QiLCJhbGciOiJIUzI1NiJ9.eyJpYXQiOjE1MjE2MTU3NTUsImp0aSI6ImZHYVpmU0JzSTc1a2F2TVd6bVVoV1pxQ1ZOQnh0VEF1RHBhU3lTQStRNGM9IiwiaXNzIjoiOjoxIiwibmJmIjoxNTIxNjE1NzU1LCJleHAiOjE1MjE2MTc1NTUsImRhdGEiOnsidXNlcm5hbWUiOiJiYV9hZG1pbiIsInBhc3N3b3JkIjoiYTAzNmFjMTM3MjJhYTNjNjg1YjRmYzQ5NWJjYTEwYTcxNzRmMDk3MCIsImlwIjoiOjoxIiwidXNlcl9hZ2VudCI6IlRpY2tldGluZy1XZWJBcHAifX0.r6MYbuDk61x6TfKsJ1kGTnXq28I4Q00-_KYk92nxTZs
Connection: close
Request body:

========================================
2018-03-21 14:02:37 
::1 GET /synergix-takaful/public-api/v1/tickets?limit=20&start=1521565200&end=1521565200 HTTP/1.1
HTTP headers:
Host: localhost
User-Agent: Ticketing-WebApp
Authorization: Bearer eyJ0eXAiOiJKV1QiLCJhbGciOiJIUzI1NiJ9.eyJpYXQiOjE1MjE2MTU3NTUsImp0aSI6ImZHYVpmU0JzSTc1a2F2TVd6bVVoV1pxQ1ZOQnh0VEF1RHBhU3lTQStRNGM9IiwiaXNzIjoiOjoxIiwibmJmIjoxNTIxNjE1NzU1LCJleHAiOjE1MjE2MTc1NTUsImRhdGEiOnsidXNlcm5hbWUiOiJiYV9hZG1pbiIsInBhc3N3b3JkIjoiYTAzNmFjMTM3MjJhYTNjNjg1YjRmYzQ5NWJjYTEwYTcxNzRmMDk3MCIsImlwIjoiOjoxIiwidXNlcl9hZ2VudCI6IlRpY2tldGluZy1XZWJBcHAifX0.r6MYbuDk61x6TfKsJ1kGTnXq28I4Q00-_KYk92nxTZs
Connection: close
Request body:

========================================
2018-03-21 14:02:44 
::1 GET /synergix-takaful/public-api/v1/tickets?need_follow_up=1&ticket_status_id=4&limit=1 HTTP/1.1
HTTP headers:
Host: localhost
User-Agent: Ticketing-WebApp
Authorization: Bearer eyJ0eXAiOiJKV1QiLCJhbGciOiJIUzI1NiJ9.eyJpYXQiOjE1MjE2MTU3NTUsImp0aSI6ImZHYVpmU0JzSTc1a2F2TVd6bVVoV1pxQ1ZOQnh0VEF1RHBhU3lTQStRNGM9IiwiaXNzIjoiOjoxIiwibmJmIjoxNTIxNjE1NzU1LCJleHAiOjE1MjE2MTc1NTUsImRhdGEiOnsidXNlcm5hbWUiOiJiYV9hZG1pbiIsInBhc3N3b3JkIjoiYTAzNmFjMTM3MjJhYTNjNjg1YjRmYzQ5NWJjYTEwYTcxNzRmMDk3MCIsImlwIjoiOjoxIiwidXNlcl9hZ2VudCI6IlRpY2tldGluZy1XZWJBcHAifX0.r6MYbuDk61x6TfKsJ1kGTnXq28I4Q00-_KYk92nxTZs
Connection: close
Request body:

========================================
2018-03-21 14:02:44 
::1 GET /synergix-takaful/public-api/v1/tickets?limit=20 HTTP/1.1
HTTP headers:
Host: localhost
User-Agent: Ticketing-WebApp
Authorization: Bearer eyJ0eXAiOiJKV1QiLCJhbGciOiJIUzI1NiJ9.eyJpYXQiOjE1MjE2MTU3NTUsImp0aSI6ImZHYVpmU0JzSTc1a2F2TVd6bVVoV1pxQ1ZOQnh0VEF1RHBhU3lTQStRNGM9IiwiaXNzIjoiOjoxIiwibmJmIjoxNTIxNjE1NzU1LCJleHAiOjE1MjE2MTc1NTUsImRhdGEiOnsidXNlcm5hbWUiOiJiYV9hZG1pbiIsInBhc3N3b3JkIjoiYTAzNmFjMTM3MjJhYTNjNjg1YjRmYzQ5NWJjYTEwYTcxNzRmMDk3MCIsImlwIjoiOjoxIiwidXNlcl9hZ2VudCI6IlRpY2tldGluZy1XZWJBcHAifX0.r6MYbuDk61x6TfKsJ1kGTnXq28I4Q00-_KYk92nxTZs
Connection: close
Request body:

========================================
2018-03-21 14:02:48 
::1 GET /synergix-takaful/public-api/v1/tickets?limit=1&ticket_no=1803190014 HTTP/1.1
HTTP headers:
Host: localhost
User-Agent: Ticketing-WebApp
Authorization: Bearer eyJ0eXAiOiJKV1QiLCJhbGciOiJIUzI1NiJ9.eyJpYXQiOjE1MjE2MTU3NTUsImp0aSI6ImZHYVpmU0JzSTc1a2F2TVd6bVVoV1pxQ1ZOQnh0VEF1RHBhU3lTQStRNGM9IiwiaXNzIjoiOjoxIiwibmJmIjoxNTIxNjE1NzU1LCJleHAiOjE1MjE2MTc1NTUsImRhdGEiOnsidXNlcm5hbWUiOiJiYV9hZG1pbiIsInBhc3N3b3JkIjoiYTAzNmFjMTM3MjJhYTNjNjg1YjRmYzQ5NWJjYTEwYTcxNzRmMDk3MCIsImlwIjoiOjoxIiwidXNlcl9hZ2VudCI6IlRpY2tldGluZy1XZWJBcHAifX0.r6MYbuDk61x6TfKsJ1kGTnXq28I4Q00-_KYk92nxTZs
Connection: close
Request body:

========================================
2018-03-21 14:02:48 
::1 GET /synergix-takaful/public-api/v1/contact_types?is_active=1 HTTP/1.1
HTTP headers:
Host: localhost
User-Agent: Ticketing-WebApp
Authorization: Bearer eyJ0eXAiOiJKV1QiLCJhbGciOiJIUzI1NiJ9.eyJpYXQiOjE1MjE2MTU3NTUsImp0aSI6ImZHYVpmU0JzSTc1a2F2TVd6bVVoV1pxQ1ZOQnh0VEF1RHBhU3lTQStRNGM9IiwiaXNzIjoiOjoxIiwibmJmIjoxNTIxNjE1NzU1LCJleHAiOjE1MjE2MTc1NTUsImRhdGEiOnsidXNlcm5hbWUiOiJiYV9hZG1pbiIsInBhc3N3b3JkIjoiYTAzNmFjMTM3MjJhYTNjNjg1YjRmYzQ5NWJjYTEwYTcxNzRmMDk3MCIsImlwIjoiOjoxIiwidXNlcl9hZ2VudCI6IlRpY2tldGluZy1XZWJBcHAifX0.r6MYbuDk61x6TfKsJ1kGTnXq28I4Q00-_KYk92nxTZs
Connection: close
Request body:

========================================
2018-03-21 14:02:48 
::1 GET /synergix-takaful/public-api/v1/ticket_sources?is_active=1 HTTP/1.1
HTTP headers:
Host: localhost
User-Agent: Ticketing-WebApp
Authorization: Bearer eyJ0eXAiOiJKV1QiLCJhbGciOiJIUzI1NiJ9.eyJpYXQiOjE1MjE2MTU3NTUsImp0aSI6ImZHYVpmU0JzSTc1a2F2TVd6bVVoV1pxQ1ZOQnh0VEF1RHBhU3lTQStRNGM9IiwiaXNzIjoiOjoxIiwibmJmIjoxNTIxNjE1NzU1LCJleHAiOjE1MjE2MTc1NTUsImRhdGEiOnsidXNlcm5hbWUiOiJiYV9hZG1pbiIsInBhc3N3b3JkIjoiYTAzNmFjMTM3MjJhYTNjNjg1YjRmYzQ5NWJjYTEwYTcxNzRmMDk3MCIsImlwIjoiOjoxIiwidXNlcl9hZ2VudCI6IlRpY2tldGluZy1XZWJBcHAifX0.r6MYbuDk61x6TfKsJ1kGTnXq28I4Q00-_KYk92nxTZs
Connection: close
Request body:

========================================
2018-03-21 14:02:49 
::1 GET /synergix-takaful/public-api/v1/ticket_categories?is_active=1&ticket_type_id=5&product_type_id=2 HTTP/1.1
HTTP headers:
Host: localhost
User-Agent: Ticketing-WebApp
Authorization: Bearer eyJ0eXAiOiJKV1QiLCJhbGciOiJIUzI1NiJ9.eyJpYXQiOjE1MjE2MTU3NTUsImp0aSI6ImZHYVpmU0JzSTc1a2F2TVd6bVVoV1pxQ1ZOQnh0VEF1RHBhU3lTQStRNGM9IiwiaXNzIjoiOjoxIiwibmJmIjoxNTIxNjE1NzU1LCJleHAiOjE1MjE2MTc1NTUsImRhdGEiOnsidXNlcm5hbWUiOiJiYV9hZG1pbiIsInBhc3N3b3JkIjoiYTAzNmFjMTM3MjJhYTNjNjg1YjRmYzQ5NWJjYTEwYTcxNzRmMDk3MCIsImlwIjoiOjoxIiwidXNlcl9hZ2VudCI6IlRpY2tldGluZy1XZWJBcHAifX0.r6MYbuDk61x6TfKsJ1kGTnXq28I4Q00-_KYk92nxTZs
Connection: close
Request body:

========================================
2018-03-21 14:02:49 
::1 GET /synergix-takaful/public-api/v1/ticket_subcategories?is_active=1&ticket_category_id=22 HTTP/1.1
HTTP headers:
Host: localhost
User-Agent: Ticketing-WebApp
Authorization: Bearer eyJ0eXAiOiJKV1QiLCJhbGciOiJIUzI1NiJ9.eyJpYXQiOjE1MjE2MTU3NTUsImp0aSI6ImZHYVpmU0JzSTc1a2F2TVd6bVVoV1pxQ1ZOQnh0VEF1RHBhU3lTQStRNGM9IiwiaXNzIjoiOjoxIiwibmJmIjoxNTIxNjE1NzU1LCJleHAiOjE1MjE2MTc1NTUsImRhdGEiOnsidXNlcm5hbWUiOiJiYV9hZG1pbiIsInBhc3N3b3JkIjoiYTAzNmFjMTM3MjJhYTNjNjg1YjRmYzQ5NWJjYTEwYTcxNzRmMDk3MCIsImlwIjoiOjoxIiwidXNlcl9hZ2VudCI6IlRpY2tldGluZy1XZWJBcHAifX0.r6MYbuDk61x6TfKsJ1kGTnXq28I4Q00-_KYk92nxTZs
Connection: close
Request body:

========================================
2018-03-21 14:02:49 
::1 GET /synergix-takaful/public-api/v1/ticket_priorities?is_active=1 HTTP/1.1
HTTP headers:
Host: localhost
User-Agent: Ticketing-WebApp
Authorization: Bearer eyJ0eXAiOiJKV1QiLCJhbGciOiJIUzI1NiJ9.eyJpYXQiOjE1MjE2MTU3NTUsImp0aSI6ImZHYVpmU0JzSTc1a2F2TVd6bVVoV1pxQ1ZOQnh0VEF1RHBhU3lTQStRNGM9IiwiaXNzIjoiOjoxIiwibmJmIjoxNTIxNjE1NzU1LCJleHAiOjE1MjE2MTc1NTUsImRhdGEiOnsidXNlcm5hbWUiOiJiYV9hZG1pbiIsInBhc3N3b3JkIjoiYTAzNmFjMTM3MjJhYTNjNjg1YjRmYzQ5NWJjYTEwYTcxNzRmMDk3MCIsImlwIjoiOjoxIiwidXNlcl9hZ2VudCI6IlRpY2tldGluZy1XZWJBcHAifX0.r6MYbuDk61x6TfKsJ1kGTnXq28I4Q00-_KYk92nxTZs
Connection: close
Request body:

========================================
2018-03-21 14:02:49 
::1 GET /synergix-takaful/public-api/v1/customer_types/active?limit=50 HTTP/1.1
HTTP headers:
Host: localhost
User-Agent: Ticketing-WebApp
Authorization: Bearer eyJ0eXAiOiJKV1QiLCJhbGciOiJIUzI1NiJ9.eyJpYXQiOjE1MjE2MTU3NTUsImp0aSI6ImZHYVpmU0JzSTc1a2F2TVd6bVVoV1pxQ1ZOQnh0VEF1RHBhU3lTQStRNGM9IiwiaXNzIjoiOjoxIiwibmJmIjoxNTIxNjE1NzU1LCJleHAiOjE1MjE2MTc1NTUsImRhdGEiOnsidXNlcm5hbWUiOiJiYV9hZG1pbiIsInBhc3N3b3JkIjoiYTAzNmFjMTM3MjJhYTNjNjg1YjRmYzQ5NWJjYTEwYTcxNzRmMDk3MCIsImlwIjoiOjoxIiwidXNlcl9hZ2VudCI6IlRpY2tldGluZy1XZWJBcHAifX0.r6MYbuDk61x6TfKsJ1kGTnXq28I4Q00-_KYk92nxTZs
Connection: close
Request body:

========================================
2018-03-21 14:02:51 
::1 GET /synergix-takaful/public-api/v1/tickets/14/ticket_histories HTTP/1.1
HTTP headers:
Host: localhost
User-Agent: Ticketing-WebApp
Authorization: Bearer eyJ0eXAiOiJKV1QiLCJhbGciOiJIUzI1NiJ9.eyJpYXQiOjE1MjE2MTU3NTUsImp0aSI6ImZHYVpmU0JzSTc1a2F2TVd6bVVoV1pxQ1ZOQnh0VEF1RHBhU3lTQStRNGM9IiwiaXNzIjoiOjoxIiwibmJmIjoxNTIxNjE1NzU1LCJleHAiOjE1MjE2MTc1NTUsImRhdGEiOnsidXNlcm5hbWUiOiJiYV9hZG1pbiIsInBhc3N3b3JkIjoiYTAzNmFjMTM3MjJhYTNjNjg1YjRmYzQ5NWJjYTEwYTcxNzRmMDk3MCIsImlwIjoiOjoxIiwidXNlcl9hZ2VudCI6IlRpY2tldGluZy1XZWJBcHAifX0.r6MYbuDk61x6TfKsJ1kGTnXq28I4Q00-_KYk92nxTZs
Connection: close
Request body:

========================================
2018-03-21 14:02:59 
::1 GET /synergix-takaful/public-api/v1/tickets?need_follow_up=1&ticket_status_id=4&limit=1 HTTP/1.1
HTTP headers:
Host: localhost
User-Agent: Ticketing-WebApp
Authorization: Bearer eyJ0eXAiOiJKV1QiLCJhbGciOiJIUzI1NiJ9.eyJpYXQiOjE1MjE2MTU3NTUsImp0aSI6ImZHYVpmU0JzSTc1a2F2TVd6bVVoV1pxQ1ZOQnh0VEF1RHBhU3lTQStRNGM9IiwiaXNzIjoiOjoxIiwibmJmIjoxNTIxNjE1NzU1LCJleHAiOjE1MjE2MTc1NTUsImRhdGEiOnsidXNlcm5hbWUiOiJiYV9hZG1pbiIsInBhc3N3b3JkIjoiYTAzNmFjMTM3MjJhYTNjNjg1YjRmYzQ5NWJjYTEwYTcxNzRmMDk3MCIsImlwIjoiOjoxIiwidXNlcl9hZ2VudCI6IlRpY2tldGluZy1XZWJBcHAifX0.r6MYbuDk61x6TfKsJ1kGTnXq28I4Q00-_KYk92nxTZs
Connection: close
Request body:

========================================
2018-03-21 14:02:59 
::1 GET /synergix-takaful/public-api/v1/tickets?limit=20&start=1521565200&end=1521565200 HTTP/1.1
HTTP headers:
Host: localhost
User-Agent: Ticketing-WebApp
Authorization: Bearer eyJ0eXAiOiJKV1QiLCJhbGciOiJIUzI1NiJ9.eyJpYXQiOjE1MjE2MTU3NTUsImp0aSI6ImZHYVpmU0JzSTc1a2F2TVd6bVVoV1pxQ1ZOQnh0VEF1RHBhU3lTQStRNGM9IiwiaXNzIjoiOjoxIiwibmJmIjoxNTIxNjE1NzU1LCJleHAiOjE1MjE2MTc1NTUsImRhdGEiOnsidXNlcm5hbWUiOiJiYV9hZG1pbiIsInBhc3N3b3JkIjoiYTAzNmFjMTM3MjJhYTNjNjg1YjRmYzQ5NWJjYTEwYTcxNzRmMDk3MCIsImlwIjoiOjoxIiwidXNlcl9hZ2VudCI6IlRpY2tldGluZy1XZWJBcHAifX0.r6MYbuDk61x6TfKsJ1kGTnXq28I4Q00-_KYk92nxTZs
Connection: close
Request body:

========================================
2018-03-21 14:03:04 
::1 GET /synergix-takaful/public-api/v1/tickets?need_follow_up=1&ticket_status_id=4&limit=1 HTTP/1.1
HTTP headers:
Host: localhost
User-Agent: Ticketing-WebApp
Authorization: Bearer eyJ0eXAiOiJKV1QiLCJhbGciOiJIUzI1NiJ9.eyJpYXQiOjE1MjE2MTU3NTUsImp0aSI6ImZHYVpmU0JzSTc1a2F2TVd6bVVoV1pxQ1ZOQnh0VEF1RHBhU3lTQStRNGM9IiwiaXNzIjoiOjoxIiwibmJmIjoxNTIxNjE1NzU1LCJleHAiOjE1MjE2MTc1NTUsImRhdGEiOnsidXNlcm5hbWUiOiJiYV9hZG1pbiIsInBhc3N3b3JkIjoiYTAzNmFjMTM3MjJhYTNjNjg1YjRmYzQ5NWJjYTEwYTcxNzRmMDk3MCIsImlwIjoiOjoxIiwidXNlcl9hZ2VudCI6IlRpY2tldGluZy1XZWJBcHAifX0.r6MYbuDk61x6TfKsJ1kGTnXq28I4Q00-_KYk92nxTZs
Connection: close
Request body:

========================================
2018-03-21 14:03:04 
::1 GET /synergix-takaful/public-api/v1/tickets?limit=20 HTTP/1.1
HTTP headers:
Host: localhost
User-Agent: Ticketing-WebApp
Authorization: Bearer eyJ0eXAiOiJKV1QiLCJhbGciOiJIUzI1NiJ9.eyJpYXQiOjE1MjE2MTU3NTUsImp0aSI6ImZHYVpmU0JzSTc1a2F2TVd6bVVoV1pxQ1ZOQnh0VEF1RHBhU3lTQStRNGM9IiwiaXNzIjoiOjoxIiwibmJmIjoxNTIxNjE1NzU1LCJleHAiOjE1MjE2MTc1NTUsImRhdGEiOnsidXNlcm5hbWUiOiJiYV9hZG1pbiIsInBhc3N3b3JkIjoiYTAzNmFjMTM3MjJhYTNjNjg1YjRmYzQ5NWJjYTEwYTcxNzRmMDk3MCIsImlwIjoiOjoxIiwidXNlcl9hZ2VudCI6IlRpY2tldGluZy1XZWJBcHAifX0.r6MYbuDk61x6TfKsJ1kGTnXq28I4Q00-_KYk92nxTZs
Connection: close
Request body:

========================================
2018-03-21 14:03:08 
::1 GET /synergix-takaful/public-api/v1/tickets?limit=1&ticket_no=1803160001 HTTP/1.1
HTTP headers:
Host: localhost
User-Agent: Ticketing-WebApp
Authorization: Bearer eyJ0eXAiOiJKV1QiLCJhbGciOiJIUzI1NiJ9.eyJpYXQiOjE1MjE2MTU3NTUsImp0aSI6ImZHYVpmU0JzSTc1a2F2TVd6bVVoV1pxQ1ZOQnh0VEF1RHBhU3lTQStRNGM9IiwiaXNzIjoiOjoxIiwibmJmIjoxNTIxNjE1NzU1LCJleHAiOjE1MjE2MTc1NTUsImRhdGEiOnsidXNlcm5hbWUiOiJiYV9hZG1pbiIsInBhc3N3b3JkIjoiYTAzNmFjMTM3MjJhYTNjNjg1YjRmYzQ5NWJjYTEwYTcxNzRmMDk3MCIsImlwIjoiOjoxIiwidXNlcl9hZ2VudCI6IlRpY2tldGluZy1XZWJBcHAifX0.r6MYbuDk61x6TfKsJ1kGTnXq28I4Q00-_KYk92nxTZs
Connection: close
Request body:

========================================
2018-03-21 14:03:08 
::1 GET /synergix-takaful/public-api/v1/ticket_categories?is_active=1&ticket_type_id=5&product_type_id=1 HTTP/1.1
HTTP headers:
Host: localhost
User-Agent: Ticketing-WebApp
Authorization: Bearer eyJ0eXAiOiJKV1QiLCJhbGciOiJIUzI1NiJ9.eyJpYXQiOjE1MjE2MTU3NTUsImp0aSI6ImZHYVpmU0JzSTc1a2F2TVd6bVVoV1pxQ1ZOQnh0VEF1RHBhU3lTQStRNGM9IiwiaXNzIjoiOjoxIiwibmJmIjoxNTIxNjE1NzU1LCJleHAiOjE1MjE2MTc1NTUsImRhdGEiOnsidXNlcm5hbWUiOiJiYV9hZG1pbiIsInBhc3N3b3JkIjoiYTAzNmFjMTM3MjJhYTNjNjg1YjRmYzQ5NWJjYTEwYTcxNzRmMDk3MCIsImlwIjoiOjoxIiwidXNlcl9hZ2VudCI6IlRpY2tldGluZy1XZWJBcHAifX0.r6MYbuDk61x6TfKsJ1kGTnXq28I4Q00-_KYk92nxTZs
Connection: close
Request body:

========================================
2018-03-21 14:03:09 
::1 GET /synergix-takaful/public-api/v1/ticket_subcategories?is_active=1&ticket_category_id=9 HTTP/1.1
HTTP headers:
Host: localhost
User-Agent: Ticketing-WebApp
Authorization: Bearer eyJ0eXAiOiJKV1QiLCJhbGciOiJIUzI1NiJ9.eyJpYXQiOjE1MjE2MTU3NTUsImp0aSI6ImZHYVpmU0JzSTc1a2F2TVd6bVVoV1pxQ1ZOQnh0VEF1RHBhU3lTQStRNGM9IiwiaXNzIjoiOjoxIiwibmJmIjoxNTIxNjE1NzU1LCJleHAiOjE1MjE2MTc1NTUsImRhdGEiOnsidXNlcm5hbWUiOiJiYV9hZG1pbiIsInBhc3N3b3JkIjoiYTAzNmFjMTM3MjJhYTNjNjg1YjRmYzQ5NWJjYTEwYTcxNzRmMDk3MCIsImlwIjoiOjoxIiwidXNlcl9hZ2VudCI6IlRpY2tldGluZy1XZWJBcHAifX0.r6MYbuDk61x6TfKsJ1kGTnXq28I4Q00-_KYk92nxTZs
Connection: close
Request body:

========================================
2018-03-21 14:03:13 
::1 GET /synergix-takaful/public-api/v1/tickets?need_follow_up=1&ticket_status_id=4&limit=1 HTTP/1.1
HTTP headers:
Host: localhost
User-Agent: Ticketing-WebApp
Authorization: Bearer eyJ0eXAiOiJKV1QiLCJhbGciOiJIUzI1NiJ9.eyJpYXQiOjE1MjE2MTU3NTUsImp0aSI6ImZHYVpmU0JzSTc1a2F2TVd6bVVoV1pxQ1ZOQnh0VEF1RHBhU3lTQStRNGM9IiwiaXNzIjoiOjoxIiwibmJmIjoxNTIxNjE1NzU1LCJleHAiOjE1MjE2MTc1NTUsImRhdGEiOnsidXNlcm5hbWUiOiJiYV9hZG1pbiIsInBhc3N3b3JkIjoiYTAzNmFjMTM3MjJhYTNjNjg1YjRmYzQ5NWJjYTEwYTcxNzRmMDk3MCIsImlwIjoiOjoxIiwidXNlcl9hZ2VudCI6IlRpY2tldGluZy1XZWJBcHAifX0.r6MYbuDk61x6TfKsJ1kGTnXq28I4Q00-_KYk92nxTZs
Connection: close
Request body:

========================================
2018-03-21 14:03:13 
::1 GET /synergix-takaful/public-api/v1/tickets?limit=20 HTTP/1.1
HTTP headers:
Host: localhost
User-Agent: Ticketing-WebApp
Authorization: Bearer eyJ0eXAiOiJKV1QiLCJhbGciOiJIUzI1NiJ9.eyJpYXQiOjE1MjE2MTU3NTUsImp0aSI6ImZHYVpmU0JzSTc1a2F2TVd6bVVoV1pxQ1ZOQnh0VEF1RHBhU3lTQStRNGM9IiwiaXNzIjoiOjoxIiwibmJmIjoxNTIxNjE1NzU1LCJleHAiOjE1MjE2MTc1NTUsImRhdGEiOnsidXNlcm5hbWUiOiJiYV9hZG1pbiIsInBhc3N3b3JkIjoiYTAzNmFjMTM3MjJhYTNjNjg1YjRmYzQ5NWJjYTEwYTcxNzRmMDk3MCIsImlwIjoiOjoxIiwidXNlcl9hZ2VudCI6IlRpY2tldGluZy1XZWJBcHAifX0.r6MYbuDk61x6TfKsJ1kGTnXq28I4Q00-_KYk92nxTZs
Connection: close
Request body:

========================================
2018-03-21 14:05:57 
::1 GET /synergix-takaful/public-api/v1/tickets?limit=1&ticket_no=1803190013 HTTP/1.1
HTTP headers:
Host: localhost
User-Agent: Ticketing-WebApp
Authorization: Bearer eyJ0eXAiOiJKV1QiLCJhbGciOiJIUzI1NiJ9.eyJpYXQiOjE1MjE2MTU3NTUsImp0aSI6ImZHYVpmU0JzSTc1a2F2TVd6bVVoV1pxQ1ZOQnh0VEF1RHBhU3lTQStRNGM9IiwiaXNzIjoiOjoxIiwibmJmIjoxNTIxNjE1NzU1LCJleHAiOjE1MjE2MTc1NTUsImRhdGEiOnsidXNlcm5hbWUiOiJiYV9hZG1pbiIsInBhc3N3b3JkIjoiYTAzNmFjMTM3MjJhYTNjNjg1YjRmYzQ5NWJjYTEwYTcxNzRmMDk3MCIsImlwIjoiOjoxIiwidXNlcl9hZ2VudCI6IlRpY2tldGluZy1XZWJBcHAifX0.r6MYbuDk61x6TfKsJ1kGTnXq28I4Q00-_KYk92nxTZs
Connection: close
Request body:

========================================
2018-03-21 14:05:57 
::1 GET /synergix-takaful/public-api/v1/ticket_categories?is_active=1&ticket_type_id=6&product_type_id=3 HTTP/1.1
HTTP headers:
Host: localhost
User-Agent: Ticketing-WebApp
Authorization: Bearer eyJ0eXAiOiJKV1QiLCJhbGciOiJIUzI1NiJ9.eyJpYXQiOjE1MjE2MTU3NTUsImp0aSI6ImZHYVpmU0JzSTc1a2F2TVd6bVVoV1pxQ1ZOQnh0VEF1RHBhU3lTQStRNGM9IiwiaXNzIjoiOjoxIiwibmJmIjoxNTIxNjE1NzU1LCJleHAiOjE1MjE2MTc1NTUsImRhdGEiOnsidXNlcm5hbWUiOiJiYV9hZG1pbiIsInBhc3N3b3JkIjoiYTAzNmFjMTM3MjJhYTNjNjg1YjRmYzQ5NWJjYTEwYTcxNzRmMDk3MCIsImlwIjoiOjoxIiwidXNlcl9hZ2VudCI6IlRpY2tldGluZy1XZWJBcHAifX0.r6MYbuDk61x6TfKsJ1kGTnXq28I4Q00-_KYk92nxTZs
Connection: close
Request body:

========================================
2018-03-21 14:05:57 
::1 GET /synergix-takaful/public-api/v1/ticket_subcategories?is_active=1&ticket_category_id=35 HTTP/1.1
HTTP headers:
Host: localhost
User-Agent: Ticketing-WebApp
Authorization: Bearer eyJ0eXAiOiJKV1QiLCJhbGciOiJIUzI1NiJ9.eyJpYXQiOjE1MjE2MTU3NTUsImp0aSI6ImZHYVpmU0JzSTc1a2F2TVd6bVVoV1pxQ1ZOQnh0VEF1RHBhU3lTQStRNGM9IiwiaXNzIjoiOjoxIiwibmJmIjoxNTIxNjE1NzU1LCJleHAiOjE1MjE2MTc1NTUsImRhdGEiOnsidXNlcm5hbWUiOiJiYV9hZG1pbiIsInBhc3N3b3JkIjoiYTAzNmFjMTM3MjJhYTNjNjg1YjRmYzQ5NWJjYTEwYTcxNzRmMDk3MCIsImlwIjoiOjoxIiwidXNlcl9hZ2VudCI6IlRpY2tldGluZy1XZWJBcHAifX0.r6MYbuDk61x6TfKsJ1kGTnXq28I4Q00-_KYk92nxTZs
Connection: close
Request body:

========================================
2018-03-21 14:05:59 
::1 GET /synergix-takaful/public-api/v1/tickets/13/ticket_histories HTTP/1.1
HTTP headers:
Host: localhost
User-Agent: Ticketing-WebApp
Authorization: Bearer eyJ0eXAiOiJKV1QiLCJhbGciOiJIUzI1NiJ9.eyJpYXQiOjE1MjE2MTU3NTUsImp0aSI6ImZHYVpmU0JzSTc1a2F2TVd6bVVoV1pxQ1ZOQnh0VEF1RHBhU3lTQStRNGM9IiwiaXNzIjoiOjoxIiwibmJmIjoxNTIxNjE1NzU1LCJleHAiOjE1MjE2MTc1NTUsImRhdGEiOnsidXNlcm5hbWUiOiJiYV9hZG1pbiIsInBhc3N3b3JkIjoiYTAzNmFjMTM3MjJhYTNjNjg1YjRmYzQ5NWJjYTEwYTcxNzRmMDk3MCIsImlwIjoiOjoxIiwidXNlcl9hZ2VudCI6IlRpY2tldGluZy1XZWJBcHAifX0.r6MYbuDk61x6TfKsJ1kGTnXq28I4Q00-_KYk92nxTZs
Connection: close
Request body:

========================================
2018-03-21 14:06:07 
::1 GET /synergix-takaful/public-api/v1/tickets/13/ticket_attachments?is_active=1 HTTP/1.1
HTTP headers:
Host: localhost
User-Agent: Ticketing-WebApp
Authorization: Bearer eyJ0eXAiOiJKV1QiLCJhbGciOiJIUzI1NiJ9.eyJpYXQiOjE1MjE2MTU3NTUsImp0aSI6ImZHYVpmU0JzSTc1a2F2TVd6bVVoV1pxQ1ZOQnh0VEF1RHBhU3lTQStRNGM9IiwiaXNzIjoiOjoxIiwibmJmIjoxNTIxNjE1NzU1LCJleHAiOjE1MjE2MTc1NTUsImRhdGEiOnsidXNlcm5hbWUiOiJiYV9hZG1pbiIsInBhc3N3b3JkIjoiYTAzNmFjMTM3MjJhYTNjNjg1YjRmYzQ5NWJjYTEwYTcxNzRmMDk3MCIsImlwIjoiOjoxIiwidXNlcl9hZ2VudCI6IlRpY2tldGluZy1XZWJBcHAifX0.r6MYbuDk61x6TfKsJ1kGTnXq28I4Q00-_KYk92nxTZs
Connection: close
Request body:

========================================
2018-03-21 14:06:10 
::1 GET /synergix-takaful/public-api/v1/tickets/13/ticket_histories HTTP/1.1
HTTP headers:
Host: localhost
User-Agent: Ticketing-WebApp
Authorization: Bearer eyJ0eXAiOiJKV1QiLCJhbGciOiJIUzI1NiJ9.eyJpYXQiOjE1MjE2MTU3NTUsImp0aSI6ImZHYVpmU0JzSTc1a2F2TVd6bVVoV1pxQ1ZOQnh0VEF1RHBhU3lTQStRNGM9IiwiaXNzIjoiOjoxIiwibmJmIjoxNTIxNjE1NzU1LCJleHAiOjE1MjE2MTc1NTUsImRhdGEiOnsidXNlcm5hbWUiOiJiYV9hZG1pbiIsInBhc3N3b3JkIjoiYTAzNmFjMTM3MjJhYTNjNjg1YjRmYzQ5NWJjYTEwYTcxNzRmMDk3MCIsImlwIjoiOjoxIiwidXNlcl9hZ2VudCI6IlRpY2tldGluZy1XZWJBcHAifX0.r6MYbuDk61x6TfKsJ1kGTnXq28I4Q00-_KYk92nxTZs
Connection: close
Request body:

========================================
2018-03-21 14:34:16 
::1 POST /synergix-takaful/public-api/v1/users/token HTTP/1.1
HTTP headers:
Host: localhost
Content-Length: 25
User-Agent: Ticketing-WebApp
Connection: close
Content-Type: application/x-www-form-urlencoded
Request body:
username=crm&password=crm
========================================
2018-03-21 14:34:17 
::1 GET /synergix-takaful/public-api/v1/users/24 HTTP/1.1
HTTP headers:
Host: localhost
User-Agent: Ticketing-WebApp
Authorization: Bearer eyJ0eXAiOiJKV1QiLCJhbGciOiJIUzI1NiJ9.eyJpYXQiOjE1MjE2MTc2NTYsImp0aSI6InFZS05NeThmSUZTZWw3azREZXpiNDlZbHZVSlNXcG40Sm5zTlhGeUVid289IiwiaXNzIjoiOjoxIiwibmJmIjoxNTIxNjE3NjU2LCJleHAiOjE1MjE2MTk0NTYsImRhdGEiOnsidXNlcm5hbWUiOiJjcm0iLCJwYXNzd29yZCI6ImEzNzA1NWFjN2M2MTMyYWM0ZjdmNmQ4ODZkNGVjMDU0Y2Q0YWM2ZGUiLCJpcCI6Ijo6MSIsInVzZXJfYWdlbnQiOiJUaWNrZXRpbmctV2ViQXBwIn19.j6fW3eXqnWReAZ2_biexNFQgwx9oxINM-GlKtRc7OhU
Connection: close
Request body:

========================================
2018-03-21 14:34:18 
::1 GET /synergix-takaful/public-api/v1/user_level_modules/active?code=TICKET&user_level_id=6&order=code&limit=100 HTTP/1.1
HTTP headers:
Host: localhost
User-Agent: Ticketing-WebApp
Authorization: Bearer eyJ0eXAiOiJKV1QiLCJhbGciOiJIUzI1NiJ9.eyJpYXQiOjE1MjE2MTc2NTYsImp0aSI6InFZS05NeThmSUZTZWw3azREZXpiNDlZbHZVSlNXcG40Sm5zTlhGeUVid289IiwiaXNzIjoiOjoxIiwibmJmIjoxNTIxNjE3NjU2LCJleHAiOjE1MjE2MTk0NTYsImRhdGEiOnsidXNlcm5hbWUiOiJjcm0iLCJwYXNzd29yZCI6ImEzNzA1NWFjN2M2MTMyYWM0ZjdmNmQ4ODZkNGVjMDU0Y2Q0YWM2ZGUiLCJpcCI6Ijo6MSIsInVzZXJfYWdlbnQiOiJUaWNrZXRpbmctV2ViQXBwIn19.j6fW3eXqnWReAZ2_biexNFQgwx9oxINM-GlKtRc7OhU
Connection: close
Request body:

========================================
2018-03-21 14:34:18 
::1 GET /synergix-takaful/public-api/v1/ticket_statistics/departments?id=6 HTTP/1.1
HTTP headers:
Host: localhost
User-Agent: Ticketing-WebApp
Authorization: Bearer eyJ0eXAiOiJKV1QiLCJhbGciOiJIUzI1NiJ9.eyJpYXQiOjE1MjE2MTc2NTYsImp0aSI6InFZS05NeThmSUZTZWw3azREZXpiNDlZbHZVSlNXcG40Sm5zTlhGeUVid289IiwiaXNzIjoiOjoxIiwibmJmIjoxNTIxNjE3NjU2LCJleHAiOjE1MjE2MTk0NTYsImRhdGEiOnsidXNlcm5hbWUiOiJjcm0iLCJwYXNzd29yZCI6ImEzNzA1NWFjN2M2MTMyYWM0ZjdmNmQ4ODZkNGVjMDU0Y2Q0YWM2ZGUiLCJpcCI6Ijo6MSIsInVzZXJfYWdlbnQiOiJUaWNrZXRpbmctV2ViQXBwIn19.j6fW3eXqnWReAZ2_biexNFQgwx9oxINM-GlKtRc7OhU
Connection: close
Request body:

========================================
2018-03-21 14:34:18 
::1 GET /synergix-takaful/public-api/v1/ticket_statistics/creator_departments?id=6 HTTP/1.1
HTTP headers:
Host: localhost
User-Agent: Ticketing-WebApp
Authorization: Bearer eyJ0eXAiOiJKV1QiLCJhbGciOiJIUzI1NiJ9.eyJpYXQiOjE1MjE2MTc2NTYsImp0aSI6InFZS05NeThmSUZTZWw3azREZXpiNDlZbHZVSlNXcG40Sm5zTlhGeUVid289IiwiaXNzIjoiOjoxIiwibmJmIjoxNTIxNjE3NjU2LCJleHAiOjE1MjE2MTk0NTYsImRhdGEiOnsidXNlcm5hbWUiOiJjcm0iLCJwYXNzd29yZCI6ImEzNzA1NWFjN2M2MTMyYWM0ZjdmNmQ4ODZkNGVjMDU0Y2Q0YWM2ZGUiLCJpcCI6Ijo6MSIsInVzZXJfYWdlbnQiOiJUaWNrZXRpbmctV2ViQXBwIn19.j6fW3eXqnWReAZ2_biexNFQgwx9oxINM-GlKtRc7OhU
Connection: close
Request body:

========================================
2018-03-21 14:34:18 
::1 GET /synergix-takaful/public-api/v1/ticket_statistics/category_departments?department_id=6 HTTP/1.1
HTTP headers:
Host: localhost
User-Agent: Ticketing-WebApp
Authorization: Bearer eyJ0eXAiOiJKV1QiLCJhbGciOiJIUzI1NiJ9.eyJpYXQiOjE1MjE2MTc2NTYsImp0aSI6InFZS05NeThmSUZTZWw3azREZXpiNDlZbHZVSlNXcG40Sm5zTlhGeUVid289IiwiaXNzIjoiOjoxIiwibmJmIjoxNTIxNjE3NjU2LCJleHAiOjE1MjE2MTk0NTYsImRhdGEiOnsidXNlcm5hbWUiOiJjcm0iLCJwYXNzd29yZCI6ImEzNzA1NWFjN2M2MTMyYWM0ZjdmNmQ4ODZkNGVjMDU0Y2Q0YWM2ZGUiLCJpcCI6Ijo6MSIsInVzZXJfYWdlbnQiOiJUaWNrZXRpbmctV2ViQXBwIn19.j6fW3eXqnWReAZ2_biexNFQgwx9oxINM-GlKtRc7OhU
Connection: close
Request body:

========================================
2018-03-21 14:34:18 
::1 GET /synergix-takaful/public-api/v1/ticket_statistics/subcategory_departments?department_id=6 HTTP/1.1
HTTP headers:
Host: localhost
User-Agent: Ticketing-WebApp
Authorization: Bearer eyJ0eXAiOiJKV1QiLCJhbGciOiJIUzI1NiJ9.eyJpYXQiOjE1MjE2MTc2NTYsImp0aSI6InFZS05NeThmSUZTZWw3azREZXpiNDlZbHZVSlNXcG40Sm5zTlhGeUVid289IiwiaXNzIjoiOjoxIiwibmJmIjoxNTIxNjE3NjU2LCJleHAiOjE1MjE2MTk0NTYsImRhdGEiOnsidXNlcm5hbWUiOiJjcm0iLCJwYXNzd29yZCI6ImEzNzA1NWFjN2M2MTMyYWM0ZjdmNmQ4ODZkNGVjMDU0Y2Q0YWM2ZGUiLCJpcCI6Ijo6MSIsInVzZXJfYWdlbnQiOiJUaWNrZXRpbmctV2ViQXBwIn19.j6fW3eXqnWReAZ2_biexNFQgwx9oxINM-GlKtRc7OhU
Connection: close
Request body:

========================================
2018-03-21 14:40:02 
::1 GET /synergix-takaful/public-api/v1/tickets?department_ticket=6&limit=20&start=1521565200&end=1521565200 HTTP/1.1
HTTP headers:
Host: localhost
User-Agent: Ticketing-WebApp
Authorization: Bearer eyJ0eXAiOiJKV1QiLCJhbGciOiJIUzI1NiJ9.eyJpYXQiOjE1MjE2MTc2NTYsImp0aSI6InFZS05NeThmSUZTZWw3azREZXpiNDlZbHZVSlNXcG40Sm5zTlhGeUVid289IiwiaXNzIjoiOjoxIiwibmJmIjoxNTIxNjE3NjU2LCJleHAiOjE1MjE2MTk0NTYsImRhdGEiOnsidXNlcm5hbWUiOiJjcm0iLCJwYXNzd29yZCI6ImEzNzA1NWFjN2M2MTMyYWM0ZjdmNmQ4ODZkNGVjMDU0Y2Q0YWM2ZGUiLCJpcCI6Ijo6MSIsInVzZXJfYWdlbnQiOiJUaWNrZXRpbmctV2ViQXBwIn19.j6fW3eXqnWReAZ2_biexNFQgwx9oxINM-GlKtRc7OhU
Connection: close
Request body:

========================================
2018-03-21 14:40:09 
::1 GET /synergix-takaful/public-api/v1/tickets?department_ticket=6&limit=20 HTTP/1.1
HTTP headers:
Host: localhost
User-Agent: Ticketing-WebApp
Authorization: Bearer eyJ0eXAiOiJKV1QiLCJhbGciOiJIUzI1NiJ9.eyJpYXQiOjE1MjE2MTc2NTYsImp0aSI6InFZS05NeThmSUZTZWw3azREZXpiNDlZbHZVSlNXcG40Sm5zTlhGeUVid289IiwiaXNzIjoiOjoxIiwibmJmIjoxNTIxNjE3NjU2LCJleHAiOjE1MjE2MTk0NTYsImRhdGEiOnsidXNlcm5hbWUiOiJjcm0iLCJwYXNzd29yZCI6ImEzNzA1NWFjN2M2MTMyYWM0ZjdmNmQ4ODZkNGVjMDU0Y2Q0YWM2ZGUiLCJpcCI6Ijo6MSIsInVzZXJfYWdlbnQiOiJUaWNrZXRpbmctV2ViQXBwIn19.j6fW3eXqnWReAZ2_biexNFQgwx9oxINM-GlKtRc7OhU
Connection: close
Request body:

========================================
2018-03-21 14:41:26 
::1 POST /synergix-takaful/public-api/v1/users/token HTTP/1.1
HTTP headers:
Host: localhost
Content-Length: 43
User-Agent: Ticketing-WebApp
Connection: close
Content-Type: application/x-www-form-urlencoded
Request body:
username=new_business&password=new_business
========================================
2018-03-21 14:41:27 
::1 GET /synergix-takaful/public-api/v1/users/31 HTTP/1.1
HTTP headers:
Host: localhost
User-Agent: Ticketing-WebApp
Authorization: Bearer eyJ0eXAiOiJKV1QiLCJhbGciOiJIUzI1NiJ9.eyJpYXQiOjE1MjE2MTgwODYsImp0aSI6IlhiQ1Qrd2g3Z294bk9Mc05RSlZVajVZaE5UREtDWk96dVZtYXJSRnltUms9IiwiaXNzIjoiOjoxIiwibmJmIjoxNTIxNjE4MDg2LCJleHAiOjE1MjE2MTk4ODYsImRhdGEiOnsidXNlcm5hbWUiOiJuZXdfYnVzaW5lc3MiLCJwYXNzd29yZCI6IjU4MWIzNDMyODJhYTk2Y2MzM2VlOTIyN2VkNzcyODQ5ZjUyYmNkMWYiLCJpcCI6Ijo6MSIsInVzZXJfYWdlbnQiOiJUaWNrZXRpbmctV2ViQXBwIn19.PS4xqboaz5Axwsc5A-yZs5hCovL95aeBo_uTG0RowpQ
Connection: close
Request body:

========================================
2018-03-21 14:41:27 
::1 GET /synergix-takaful/public-api/v1/user_level_modules/active?code=TICKET&user_level_id=6&order=code&limit=100 HTTP/1.1
HTTP headers:
Host: localhost
User-Agent: Ticketing-WebApp
Authorization: Bearer eyJ0eXAiOiJKV1QiLCJhbGciOiJIUzI1NiJ9.eyJpYXQiOjE1MjE2MTgwODYsImp0aSI6IlhiQ1Qrd2g3Z294bk9Mc05RSlZVajVZaE5UREtDWk96dVZtYXJSRnltUms9IiwiaXNzIjoiOjoxIiwibmJmIjoxNTIxNjE4MDg2LCJleHAiOjE1MjE2MTk4ODYsImRhdGEiOnsidXNlcm5hbWUiOiJuZXdfYnVzaW5lc3MiLCJwYXNzd29yZCI6IjU4MWIzNDMyODJhYTk2Y2MzM2VlOTIyN2VkNzcyODQ5ZjUyYmNkMWYiLCJpcCI6Ijo6MSIsInVzZXJfYWdlbnQiOiJUaWNrZXRpbmctV2ViQXBwIn19.PS4xqboaz5Axwsc5A-yZs5hCovL95aeBo_uTG0RowpQ
Connection: close
Request body:

========================================
2018-03-21 14:41:27 
::1 GET /synergix-takaful/public-api/v1/ticket_statistics/departments?id=13 HTTP/1.1
HTTP headers:
Host: localhost
User-Agent: Ticketing-WebApp
Authorization: Bearer eyJ0eXAiOiJKV1QiLCJhbGciOiJIUzI1NiJ9.eyJpYXQiOjE1MjE2MTgwODYsImp0aSI6IlhiQ1Qrd2g3Z294bk9Mc05RSlZVajVZaE5UREtDWk96dVZtYXJSRnltUms9IiwiaXNzIjoiOjoxIiwibmJmIjoxNTIxNjE4MDg2LCJleHAiOjE1MjE2MTk4ODYsImRhdGEiOnsidXNlcm5hbWUiOiJuZXdfYnVzaW5lc3MiLCJwYXNzd29yZCI6IjU4MWIzNDMyODJhYTk2Y2MzM2VlOTIyN2VkNzcyODQ5ZjUyYmNkMWYiLCJpcCI6Ijo6MSIsInVzZXJfYWdlbnQiOiJUaWNrZXRpbmctV2ViQXBwIn19.PS4xqboaz5Axwsc5A-yZs5hCovL95aeBo_uTG0RowpQ
Connection: close
Request body:

========================================
2018-03-21 14:41:28 
::1 GET /synergix-takaful/public-api/v1/ticket_statistics/creator_departments?id=13 HTTP/1.1
HTTP headers:
Host: localhost
User-Agent: Ticketing-WebApp
Authorization: Bearer eyJ0eXAiOiJKV1QiLCJhbGciOiJIUzI1NiJ9.eyJpYXQiOjE1MjE2MTgwODYsImp0aSI6IlhiQ1Qrd2g3Z294bk9Mc05RSlZVajVZaE5UREtDWk96dVZtYXJSRnltUms9IiwiaXNzIjoiOjoxIiwibmJmIjoxNTIxNjE4MDg2LCJleHAiOjE1MjE2MTk4ODYsImRhdGEiOnsidXNlcm5hbWUiOiJuZXdfYnVzaW5lc3MiLCJwYXNzd29yZCI6IjU4MWIzNDMyODJhYTk2Y2MzM2VlOTIyN2VkNzcyODQ5ZjUyYmNkMWYiLCJpcCI6Ijo6MSIsInVzZXJfYWdlbnQiOiJUaWNrZXRpbmctV2ViQXBwIn19.PS4xqboaz5Axwsc5A-yZs5hCovL95aeBo_uTG0RowpQ
Connection: close
Request body:

========================================
2018-03-21 14:41:28 
::1 GET /synergix-takaful/public-api/v1/ticket_statistics/category_departments?department_id=13 HTTP/1.1
HTTP headers:
Host: localhost
User-Agent: Ticketing-WebApp
Authorization: Bearer eyJ0eXAiOiJKV1QiLCJhbGciOiJIUzI1NiJ9.eyJpYXQiOjE1MjE2MTgwODYsImp0aSI6IlhiQ1Qrd2g3Z294bk9Mc05RSlZVajVZaE5UREtDWk96dVZtYXJSRnltUms9IiwiaXNzIjoiOjoxIiwibmJmIjoxNTIxNjE4MDg2LCJleHAiOjE1MjE2MTk4ODYsImRhdGEiOnsidXNlcm5hbWUiOiJuZXdfYnVzaW5lc3MiLCJwYXNzd29yZCI6IjU4MWIzNDMyODJhYTk2Y2MzM2VlOTIyN2VkNzcyODQ5ZjUyYmNkMWYiLCJpcCI6Ijo6MSIsInVzZXJfYWdlbnQiOiJUaWNrZXRpbmctV2ViQXBwIn19.PS4xqboaz5Axwsc5A-yZs5hCovL95aeBo_uTG0RowpQ
Connection: close
Request body:

========================================
2018-03-21 14:41:28 
::1 GET /synergix-takaful/public-api/v1/ticket_statistics/subcategory_departments?department_id=13 HTTP/1.1
HTTP headers:
Host: localhost
User-Agent: Ticketing-WebApp
Authorization: Bearer eyJ0eXAiOiJKV1QiLCJhbGciOiJIUzI1NiJ9.eyJpYXQiOjE1MjE2MTgwODYsImp0aSI6IlhiQ1Qrd2g3Z294bk9Mc05RSlZVajVZaE5UREtDWk96dVZtYXJSRnltUms9IiwiaXNzIjoiOjoxIiwibmJmIjoxNTIxNjE4MDg2LCJleHAiOjE1MjE2MTk4ODYsImRhdGEiOnsidXNlcm5hbWUiOiJuZXdfYnVzaW5lc3MiLCJwYXNzd29yZCI6IjU4MWIzNDMyODJhYTk2Y2MzM2VlOTIyN2VkNzcyODQ5ZjUyYmNkMWYiLCJpcCI6Ijo6MSIsInVzZXJfYWdlbnQiOiJUaWNrZXRpbmctV2ViQXBwIn19.PS4xqboaz5Axwsc5A-yZs5hCovL95aeBo_uTG0RowpQ
Connection: close
Request body:

========================================
2018-03-21 14:41:30 
::1 GET /synergix-takaful/public-api/v1/tickets?department_ticket=13&limit=20&start=1521565200&end=1521565200 HTTP/1.1
HTTP headers:
Host: localhost
User-Agent: Ticketing-WebApp
Authorization: Bearer eyJ0eXAiOiJKV1QiLCJhbGciOiJIUzI1NiJ9.eyJpYXQiOjE1MjE2MTgwODYsImp0aSI6IlhiQ1Qrd2g3Z294bk9Mc05RSlZVajVZaE5UREtDWk96dVZtYXJSRnltUms9IiwiaXNzIjoiOjoxIiwibmJmIjoxNTIxNjE4MDg2LCJleHAiOjE1MjE2MTk4ODYsImRhdGEiOnsidXNlcm5hbWUiOiJuZXdfYnVzaW5lc3MiLCJwYXNzd29yZCI6IjU4MWIzNDMyODJhYTk2Y2MzM2VlOTIyN2VkNzcyODQ5ZjUyYmNkMWYiLCJpcCI6Ijo6MSIsInVzZXJfYWdlbnQiOiJUaWNrZXRpbmctV2ViQXBwIn19.PS4xqboaz5Axwsc5A-yZs5hCovL95aeBo_uTG0RowpQ
Connection: close
Request body:

========================================
2018-03-21 14:41:37 
::1 GET /synergix-takaful/public-api/v1/tickets?department_ticket=13&limit=20 HTTP/1.1
HTTP headers:
Host: localhost
User-Agent: Ticketing-WebApp
Authorization: Bearer eyJ0eXAiOiJKV1QiLCJhbGciOiJIUzI1NiJ9.eyJpYXQiOjE1MjE2MTgwODYsImp0aSI6IlhiQ1Qrd2g3Z294bk9Mc05RSlZVajVZaE5UREtDWk96dVZtYXJSRnltUms9IiwiaXNzIjoiOjoxIiwibmJmIjoxNTIxNjE4MDg2LCJleHAiOjE1MjE2MTk4ODYsImRhdGEiOnsidXNlcm5hbWUiOiJuZXdfYnVzaW5lc3MiLCJwYXNzd29yZCI6IjU4MWIzNDMyODJhYTk2Y2MzM2VlOTIyN2VkNzcyODQ5ZjUyYmNkMWYiLCJpcCI6Ijo6MSIsInVzZXJfYWdlbnQiOiJUaWNrZXRpbmctV2ViQXBwIn19.PS4xqboaz5Axwsc5A-yZs5hCovL95aeBo_uTG0RowpQ
Connection: close
Request body:

========================================
2018-03-21 14:41:42 
::1 GET /synergix-takaful/public-api/v1/tickets?limit=1&ticket_no=1803160002&department_ticket=13 HTTP/1.1
HTTP headers:
Host: localhost
User-Agent: Ticketing-WebApp
Authorization: Bearer eyJ0eXAiOiJKV1QiLCJhbGciOiJIUzI1NiJ9.eyJpYXQiOjE1MjE2MTgwODYsImp0aSI6IlhiQ1Qrd2g3Z294bk9Mc05RSlZVajVZaE5UREtDWk96dVZtYXJSRnltUms9IiwiaXNzIjoiOjoxIiwibmJmIjoxNTIxNjE4MDg2LCJleHAiOjE1MjE2MTk4ODYsImRhdGEiOnsidXNlcm5hbWUiOiJuZXdfYnVzaW5lc3MiLCJwYXNzd29yZCI6IjU4MWIzNDMyODJhYTk2Y2MzM2VlOTIyN2VkNzcyODQ5ZjUyYmNkMWYiLCJpcCI6Ijo6MSIsInVzZXJfYWdlbnQiOiJUaWNrZXRpbmctV2ViQXBwIn19.PS4xqboaz5Axwsc5A-yZs5hCovL95aeBo_uTG0RowpQ
Connection: close
Request body:

========================================
2018-03-21 14:41:42 
::1 GET /synergix-takaful/public-api/v1/ticket_categories?is_active=1&ticket_type_id=6&product_type_id=2 HTTP/1.1
HTTP headers:
Host: localhost
User-Agent: Ticketing-WebApp
Authorization: Bearer eyJ0eXAiOiJKV1QiLCJhbGciOiJIUzI1NiJ9.eyJpYXQiOjE1MjE2MTgwODYsImp0aSI6IlhiQ1Qrd2g3Z294bk9Mc05RSlZVajVZaE5UREtDWk96dVZtYXJSRnltUms9IiwiaXNzIjoiOjoxIiwibmJmIjoxNTIxNjE4MDg2LCJleHAiOjE1MjE2MTk4ODYsImRhdGEiOnsidXNlcm5hbWUiOiJuZXdfYnVzaW5lc3MiLCJwYXNzd29yZCI6IjU4MWIzNDMyODJhYTk2Y2MzM2VlOTIyN2VkNzcyODQ5ZjUyYmNkMWYiLCJpcCI6Ijo6MSIsInVzZXJfYWdlbnQiOiJUaWNrZXRpbmctV2ViQXBwIn19.PS4xqboaz5Axwsc5A-yZs5hCovL95aeBo_uTG0RowpQ
Connection: close
Request body:

========================================
2018-03-21 14:41:42 
::1 GET /synergix-takaful/public-api/v1/ticket_subcategories?is_active=1&ticket_category_id=41 HTTP/1.1
HTTP headers:
Host: localhost
User-Agent: Ticketing-WebApp
Authorization: Bearer eyJ0eXAiOiJKV1QiLCJhbGciOiJIUzI1NiJ9.eyJpYXQiOjE1MjE2MTgwODYsImp0aSI6IlhiQ1Qrd2g3Z294bk9Mc05RSlZVajVZaE5UREtDWk96dVZtYXJSRnltUms9IiwiaXNzIjoiOjoxIiwibmJmIjoxNTIxNjE4MDg2LCJleHAiOjE1MjE2MTk4ODYsImRhdGEiOnsidXNlcm5hbWUiOiJuZXdfYnVzaW5lc3MiLCJwYXNzd29yZCI6IjU4MWIzNDMyODJhYTk2Y2MzM2VlOTIyN2VkNzcyODQ5ZjUyYmNkMWYiLCJpcCI6Ijo6MSIsInVzZXJfYWdlbnQiOiJUaWNrZXRpbmctV2ViQXBwIn19.PS4xqboaz5Axwsc5A-yZs5hCovL95aeBo_uTG0RowpQ
Connection: close
Request body:

========================================
2018-03-21 14:41:45 
::1 GET /synergix-takaful/public-api/v1/media_tickets?ticket_id=2&order=created&sort=asc HTTP/1.1
HTTP headers:
Host: localhost
User-Agent: Ticketing-WebApp
Authorization: Bearer eyJ0eXAiOiJKV1QiLCJhbGciOiJIUzI1NiJ9.eyJpYXQiOjE1MjE2MTgwODYsImp0aSI6IlhiQ1Qrd2g3Z294bk9Mc05RSlZVajVZaE5UREtDWk96dVZtYXJSRnltUms9IiwiaXNzIjoiOjoxIiwibmJmIjoxNTIxNjE4MDg2LCJleHAiOjE1MjE2MTk4ODYsImRhdGEiOnsidXNlcm5hbWUiOiJuZXdfYnVzaW5lc3MiLCJwYXNzd29yZCI6IjU4MWIzNDMyODJhYTk2Y2MzM2VlOTIyN2VkNzcyODQ5ZjUyYmNkMWYiLCJpcCI6Ijo6MSIsInVzZXJfYWdlbnQiOiJUaWNrZXRpbmctV2ViQXBwIn19.PS4xqboaz5Axwsc5A-yZs5hCovL95aeBo_uTG0RowpQ
Connection: close
Request body:

========================================
2018-03-21 14:41:58 
::1 POST /synergix-takaful/public-api/v1/users/token HTTP/1.1
HTTP headers:
Host: localhost
Content-Length: 35
User-Agent: Ticketing-WebApp
Connection: close
Content-Type: application/x-www-form-urlencoded
Request body:
username=ba_admin&password=ba_admin
========================================
2018-03-21 14:41:59 
::1 GET /synergix-takaful/public-api/v1/users/9 HTTP/1.1
HTTP headers:
Host: localhost
User-Agent: Ticketing-WebApp
Authorization: Bearer eyJ0eXAiOiJKV1QiLCJhbGciOiJIUzI1NiJ9.eyJpYXQiOjE1MjE2MTgxMTgsImp0aSI6IklZZkVqcmFsRGJLM2I4bkxIR1Y1VDA4RVZcL0RnK0ZjYU5zdXZmT1FJZVJVPSIsImlzcyI6Ijo6MSIsIm5iZiI6MTUyMTYxODExOCwiZXhwIjoxNTIxNjE5OTE4LCJkYXRhIjp7InVzZXJuYW1lIjoiYmFfYWRtaW4iLCJwYXNzd29yZCI6ImEwMzZhYzEzNzIyYWEzYzY4NWI0ZmM0OTViY2ExMGE3MTc0ZjA5NzAiLCJpcCI6Ijo6MSIsInVzZXJfYWdlbnQiOiJUaWNrZXRpbmctV2ViQXBwIn19.dG4g4025rYDTTHse6Z_vT8CzlNeNgqpSF03fHTTCk2w
Connection: close
Request body:

========================================
2018-03-21 14:42:00 
::1 GET /synergix-takaful/public-api/v1/user_level_modules/active?code=TICKET&user_level_id=7&order=code&limit=100 HTTP/1.1
HTTP headers:
Host: localhost
User-Agent: Ticketing-WebApp
Authorization: Bearer eyJ0eXAiOiJKV1QiLCJhbGciOiJIUzI1NiJ9.eyJpYXQiOjE1MjE2MTgxMTgsImp0aSI6IklZZkVqcmFsRGJLM2I4bkxIR1Y1VDA4RVZcL0RnK0ZjYU5zdXZmT1FJZVJVPSIsImlzcyI6Ijo6MSIsIm5iZiI6MTUyMTYxODExOCwiZXhwIjoxNTIxNjE5OTE4LCJkYXRhIjp7InVzZXJuYW1lIjoiYmFfYWRtaW4iLCJwYXNzd29yZCI6ImEwMzZhYzEzNzIyYWEzYzY4NWI0ZmM0OTViY2ExMGE3MTc0ZjA5NzAiLCJpcCI6Ijo6MSIsInVzZXJfYWdlbnQiOiJUaWNrZXRpbmctV2ViQXBwIn19.dG4g4025rYDTTHse6Z_vT8CzlNeNgqpSF03fHTTCk2w
Connection: close
Request body:

========================================
2018-03-21 14:42:00 
::1 GET /synergix-takaful/public-api/v1/ticket_statistics HTTP/1.1
HTTP headers:
Host: localhost
User-Agent: Ticketing-WebApp
Authorization: Bearer eyJ0eXAiOiJKV1QiLCJhbGciOiJIUzI1NiJ9.eyJpYXQiOjE1MjE2MTgxMTgsImp0aSI6IklZZkVqcmFsRGJLM2I4bkxIR1Y1VDA4RVZcL0RnK0ZjYU5zdXZmT1FJZVJVPSIsImlzcyI6Ijo6MSIsIm5iZiI6MTUyMTYxODExOCwiZXhwIjoxNTIxNjE5OTE4LCJkYXRhIjp7InVzZXJuYW1lIjoiYmFfYWRtaW4iLCJwYXNzd29yZCI6ImEwMzZhYzEzNzIyYWEzYzY4NWI0ZmM0OTViY2ExMGE3MTc0ZjA5NzAiLCJpcCI6Ijo6MSIsInVzZXJfYWdlbnQiOiJUaWNrZXRpbmctV2ViQXBwIn19.dG4g4025rYDTTHse6Z_vT8CzlNeNgqpSF03fHTTCk2w
Connection: close
Request body:

========================================
2018-03-21 14:42:00 
::1 GET /synergix-takaful/public-api/v1/ticket_statistics/departments HTTP/1.1
HTTP headers:
Host: localhost
User-Agent: Ticketing-WebApp
Authorization: Bearer eyJ0eXAiOiJKV1QiLCJhbGciOiJIUzI1NiJ9.eyJpYXQiOjE1MjE2MTgxMTgsImp0aSI6IklZZkVqcmFsRGJLM2I4bkxIR1Y1VDA4RVZcL0RnK0ZjYU5zdXZmT1FJZVJVPSIsImlzcyI6Ijo6MSIsIm5iZiI6MTUyMTYxODExOCwiZXhwIjoxNTIxNjE5OTE4LCJkYXRhIjp7InVzZXJuYW1lIjoiYmFfYWRtaW4iLCJwYXNzd29yZCI6ImEwMzZhYzEzNzIyYWEzYzY4NWI0ZmM0OTViY2ExMGE3MTc0ZjA5NzAiLCJpcCI6Ijo6MSIsInVzZXJfYWdlbnQiOiJUaWNrZXRpbmctV2ViQXBwIn19.dG4g4025rYDTTHse6Z_vT8CzlNeNgqpSF03fHTTCk2w
Connection: close
Request body:

========================================
2018-03-21 14:42:00 
::1 GET /synergix-takaful/public-api/v1/ticket_statistics/categories HTTP/1.1
HTTP headers:
Host: localhost
User-Agent: Ticketing-WebApp
Authorization: Bearer eyJ0eXAiOiJKV1QiLCJhbGciOiJIUzI1NiJ9.eyJpYXQiOjE1MjE2MTgxMTgsImp0aSI6IklZZkVqcmFsRGJLM2I4bkxIR1Y1VDA4RVZcL0RnK0ZjYU5zdXZmT1FJZVJVPSIsImlzcyI6Ijo6MSIsIm5iZiI6MTUyMTYxODExOCwiZXhwIjoxNTIxNjE5OTE4LCJkYXRhIjp7InVzZXJuYW1lIjoiYmFfYWRtaW4iLCJwYXNzd29yZCI6ImEwMzZhYzEzNzIyYWEzYzY4NWI0ZmM0OTViY2ExMGE3MTc0ZjA5NzAiLCJpcCI6Ijo6MSIsInVzZXJfYWdlbnQiOiJUaWNrZXRpbmctV2ViQXBwIn19.dG4g4025rYDTTHse6Z_vT8CzlNeNgqpSF03fHTTCk2w
Connection: close
Request body:

========================================
2018-03-21 14:42:00 
::1 GET /synergix-takaful/public-api/v1/ticket_statistics/subcategories HTTP/1.1
HTTP headers:
Host: localhost
User-Agent: Ticketing-WebApp
Authorization: Bearer eyJ0eXAiOiJKV1QiLCJhbGciOiJIUzI1NiJ9.eyJpYXQiOjE1MjE2MTgxMTgsImp0aSI6IklZZkVqcmFsRGJLM2I4bkxIR1Y1VDA4RVZcL0RnK0ZjYU5zdXZmT1FJZVJVPSIsImlzcyI6Ijo6MSIsIm5iZiI6MTUyMTYxODExOCwiZXhwIjoxNTIxNjE5OTE4LCJkYXRhIjp7InVzZXJuYW1lIjoiYmFfYWRtaW4iLCJwYXNzd29yZCI6ImEwMzZhYzEzNzIyYWEzYzY4NWI0ZmM0OTViY2ExMGE3MTc0ZjA5NzAiLCJpcCI6Ijo6MSIsInVzZXJfYWdlbnQiOiJUaWNrZXRpbmctV2ViQXBwIn19.dG4g4025rYDTTHse6Z_vT8CzlNeNgqpSF03fHTTCk2w
Connection: close
Request body:

========================================
2018-03-21 14:42:07 
::1 GET /synergix-takaful/public-api/v1/tickets?need_follow_up=1&ticket_status_id=4&limit=1 HTTP/1.1
HTTP headers:
Host: localhost
User-Agent: Ticketing-WebApp
Authorization: Bearer eyJ0eXAiOiJKV1QiLCJhbGciOiJIUzI1NiJ9.eyJpYXQiOjE1MjE2MTgxMTgsImp0aSI6IklZZkVqcmFsRGJLM2I4bkxIR1Y1VDA4RVZcL0RnK0ZjYU5zdXZmT1FJZVJVPSIsImlzcyI6Ijo6MSIsIm5iZiI6MTUyMTYxODExOCwiZXhwIjoxNTIxNjE5OTE4LCJkYXRhIjp7InVzZXJuYW1lIjoiYmFfYWRtaW4iLCJwYXNzd29yZCI6ImEwMzZhYzEzNzIyYWEzYzY4NWI0ZmM0OTViY2ExMGE3MTc0ZjA5NzAiLCJpcCI6Ijo6MSIsInVzZXJfYWdlbnQiOiJUaWNrZXRpbmctV2ViQXBwIn19.dG4g4025rYDTTHse6Z_vT8CzlNeNgqpSF03fHTTCk2w
Connection: close
Request body:

========================================
2018-03-21 14:42:07 
::1 GET /synergix-takaful/public-api/v1/tickets?limit=20&start=1521565200&end=1521565200 HTTP/1.1
HTTP headers:
Host: localhost
User-Agent: Ticketing-WebApp
Authorization: Bearer eyJ0eXAiOiJKV1QiLCJhbGciOiJIUzI1NiJ9.eyJpYXQiOjE1MjE2MTgxMTgsImp0aSI6IklZZkVqcmFsRGJLM2I4bkxIR1Y1VDA4RVZcL0RnK0ZjYU5zdXZmT1FJZVJVPSIsImlzcyI6Ijo6MSIsIm5iZiI6MTUyMTYxODExOCwiZXhwIjoxNTIxNjE5OTE4LCJkYXRhIjp7InVzZXJuYW1lIjoiYmFfYWRtaW4iLCJwYXNzd29yZCI6ImEwMzZhYzEzNzIyYWEzYzY4NWI0ZmM0OTViY2ExMGE3MTc0ZjA5NzAiLCJpcCI6Ijo6MSIsInVzZXJfYWdlbnQiOiJUaWNrZXRpbmctV2ViQXBwIn19.dG4g4025rYDTTHse6Z_vT8CzlNeNgqpSF03fHTTCk2w
Connection: close
Request body:

========================================
2018-03-21 14:42:12 
::1 GET /synergix-takaful/public-api/v1/tickets?need_follow_up=1&ticket_status_id=4&limit=1 HTTP/1.1
HTTP headers:
Host: localhost
User-Agent: Ticketing-WebApp
Authorization: Bearer eyJ0eXAiOiJKV1QiLCJhbGciOiJIUzI1NiJ9.eyJpYXQiOjE1MjE2MTgxMTgsImp0aSI6IklZZkVqcmFsRGJLM2I4bkxIR1Y1VDA4RVZcL0RnK0ZjYU5zdXZmT1FJZVJVPSIsImlzcyI6Ijo6MSIsIm5iZiI6MTUyMTYxODExOCwiZXhwIjoxNTIxNjE5OTE4LCJkYXRhIjp7InVzZXJuYW1lIjoiYmFfYWRtaW4iLCJwYXNzd29yZCI6ImEwMzZhYzEzNzIyYWEzYzY4NWI0ZmM0OTViY2ExMGE3MTc0ZjA5NzAiLCJpcCI6Ijo6MSIsInVzZXJfYWdlbnQiOiJUaWNrZXRpbmctV2ViQXBwIn19.dG4g4025rYDTTHse6Z_vT8CzlNeNgqpSF03fHTTCk2w
Connection: close
Request body:

========================================
2018-03-21 14:42:12 
::1 GET /synergix-takaful/public-api/v1/tickets?limit=20 HTTP/1.1
HTTP headers:
Host: localhost
User-Agent: Ticketing-WebApp
Authorization: Bearer eyJ0eXAiOiJKV1QiLCJhbGciOiJIUzI1NiJ9.eyJpYXQiOjE1MjE2MTgxMTgsImp0aSI6IklZZkVqcmFsRGJLM2I4bkxIR1Y1VDA4RVZcL0RnK0ZjYU5zdXZmT1FJZVJVPSIsImlzcyI6Ijo6MSIsIm5iZiI6MTUyMTYxODExOCwiZXhwIjoxNTIxNjE5OTE4LCJkYXRhIjp7InVzZXJuYW1lIjoiYmFfYWRtaW4iLCJwYXNzd29yZCI6ImEwMzZhYzEzNzIyYWEzYzY4NWI0ZmM0OTViY2ExMGE3MTc0ZjA5NzAiLCJpcCI6Ijo6MSIsInVzZXJfYWdlbnQiOiJUaWNrZXRpbmctV2ViQXBwIn19.dG4g4025rYDTTHse6Z_vT8CzlNeNgqpSF03fHTTCk2w
Connection: close
Request body:

========================================
2018-03-21 14:42:17 
::1 GET /synergix-takaful/public-api/v1/tickets?limit=1&ticket_no=1803190010 HTTP/1.1
HTTP headers:
Host: localhost
User-Agent: Ticketing-WebApp
Authorization: Bearer eyJ0eXAiOiJKV1QiLCJhbGciOiJIUzI1NiJ9.eyJpYXQiOjE1MjE2MTgxMTgsImp0aSI6IklZZkVqcmFsRGJLM2I4bkxIR1Y1VDA4RVZcL0RnK0ZjYU5zdXZmT1FJZVJVPSIsImlzcyI6Ijo6MSIsIm5iZiI6MTUyMTYxODExOCwiZXhwIjoxNTIxNjE5OTE4LCJkYXRhIjp7InVzZXJuYW1lIjoiYmFfYWRtaW4iLCJwYXNzd29yZCI6ImEwMzZhYzEzNzIyYWEzYzY4NWI0ZmM0OTViY2ExMGE3MTc0ZjA5NzAiLCJpcCI6Ijo6MSIsInVzZXJfYWdlbnQiOiJUaWNrZXRpbmctV2ViQXBwIn19.dG4g4025rYDTTHse6Z_vT8CzlNeNgqpSF03fHTTCk2w
Connection: close
Request body:

========================================
2018-03-21 14:42:17 
::1 GET /synergix-takaful/public-api/v1/ticket_categories?is_active=1&ticket_type_id=7&product_type_id=3 HTTP/1.1
HTTP headers:
Host: localhost
User-Agent: Ticketing-WebApp
Authorization: Bearer eyJ0eXAiOiJKV1QiLCJhbGciOiJIUzI1NiJ9.eyJpYXQiOjE1MjE2MTgxMTgsImp0aSI6IklZZkVqcmFsRGJLM2I4bkxIR1Y1VDA4RVZcL0RnK0ZjYU5zdXZmT1FJZVJVPSIsImlzcyI6Ijo6MSIsIm5iZiI6MTUyMTYxODExOCwiZXhwIjoxNTIxNjE5OTE4LCJkYXRhIjp7InVzZXJuYW1lIjoiYmFfYWRtaW4iLCJwYXNzd29yZCI6ImEwMzZhYzEzNzIyYWEzYzY4NWI0ZmM0OTViY2ExMGE3MTc0ZjA5NzAiLCJpcCI6Ijo6MSIsInVzZXJfYWdlbnQiOiJUaWNrZXRpbmctV2ViQXBwIn19.dG4g4025rYDTTHse6Z_vT8CzlNeNgqpSF03fHTTCk2w
Connection: close
Request body:

========================================
2018-03-21 14:42:17 
::1 GET /synergix-takaful/public-api/v1/ticket_subcategories?is_active=1&ticket_category_id=61 HTTP/1.1
HTTP headers:
Host: localhost
User-Agent: Ticketing-WebApp
Authorization: Bearer eyJ0eXAiOiJKV1QiLCJhbGciOiJIUzI1NiJ9.eyJpYXQiOjE1MjE2MTgxMTgsImp0aSI6IklZZkVqcmFsRGJLM2I4bkxIR1Y1VDA4RVZcL0RnK0ZjYU5zdXZmT1FJZVJVPSIsImlzcyI6Ijo6MSIsIm5iZiI6MTUyMTYxODExOCwiZXhwIjoxNTIxNjE5OTE4LCJkYXRhIjp7InVzZXJuYW1lIjoiYmFfYWRtaW4iLCJwYXNzd29yZCI6ImEwMzZhYzEzNzIyYWEzYzY4NWI0ZmM0OTViY2ExMGE3MTc0ZjA5NzAiLCJpcCI6Ijo6MSIsInVzZXJfYWdlbnQiOiJUaWNrZXRpbmctV2ViQXBwIn19.dG4g4025rYDTTHse6Z_vT8CzlNeNgqpSF03fHTTCk2w
Connection: close
Request body:

========================================
2018-03-21 14:42:19 
::1 GET /synergix-takaful/public-api/v1/media_tickets?ticket_id=10&order=created&sort=asc HTTP/1.1
HTTP headers:
Host: localhost
User-Agent: Ticketing-WebApp
Authorization: Bearer eyJ0eXAiOiJKV1QiLCJhbGciOiJIUzI1NiJ9.eyJpYXQiOjE1MjE2MTgxMTgsImp0aSI6IklZZkVqcmFsRGJLM2I4bkxIR1Y1VDA4RVZcL0RnK0ZjYU5zdXZmT1FJZVJVPSIsImlzcyI6Ijo6MSIsIm5iZiI6MTUyMTYxODExOCwiZXhwIjoxNTIxNjE5OTE4LCJkYXRhIjp7InVzZXJuYW1lIjoiYmFfYWRtaW4iLCJwYXNzd29yZCI6ImEwMzZhYzEzNzIyYWEzYzY4NWI0ZmM0OTViY2ExMGE3MTc0ZjA5NzAiLCJpcCI6Ijo6MSIsInVzZXJfYWdlbnQiOiJUaWNrZXRpbmctV2ViQXBwIn19.dG4g4025rYDTTHse6Z_vT8CzlNeNgqpSF03fHTTCk2w
Connection: close
Request body:

========================================
2018-03-21 14:42:25 
::1 GET /synergix-takaful/public-api/v1/tickets?need_follow_up=1&ticket_status_id=4&limit=1 HTTP/1.1
HTTP headers:
Host: localhost
User-Agent: Ticketing-WebApp
Authorization: Bearer eyJ0eXAiOiJKV1QiLCJhbGciOiJIUzI1NiJ9.eyJpYXQiOjE1MjE2MTgxMTgsImp0aSI6IklZZkVqcmFsRGJLM2I4bkxIR1Y1VDA4RVZcL0RnK0ZjYU5zdXZmT1FJZVJVPSIsImlzcyI6Ijo6MSIsIm5iZiI6MTUyMTYxODExOCwiZXhwIjoxNTIxNjE5OTE4LCJkYXRhIjp7InVzZXJuYW1lIjoiYmFfYWRtaW4iLCJwYXNzd29yZCI6ImEwMzZhYzEzNzIyYWEzYzY4NWI0ZmM0OTViY2ExMGE3MTc0ZjA5NzAiLCJpcCI6Ijo6MSIsInVzZXJfYWdlbnQiOiJUaWNrZXRpbmctV2ViQXBwIn19.dG4g4025rYDTTHse6Z_vT8CzlNeNgqpSF03fHTTCk2w
Connection: close
Request body:

========================================
2018-03-21 14:42:25 
::1 GET /synergix-takaful/public-api/v1/tickets?limit=20&start=1521565200&end=1521565200 HTTP/1.1
HTTP headers:
Host: localhost
User-Agent: Ticketing-WebApp
Authorization: Bearer eyJ0eXAiOiJKV1QiLCJhbGciOiJIUzI1NiJ9.eyJpYXQiOjE1MjE2MTgxMTgsImp0aSI6IklZZkVqcmFsRGJLM2I4bkxIR1Y1VDA4RVZcL0RnK0ZjYU5zdXZmT1FJZVJVPSIsImlzcyI6Ijo6MSIsIm5iZiI6MTUyMTYxODExOCwiZXhwIjoxNTIxNjE5OTE4LCJkYXRhIjp7InVzZXJuYW1lIjoiYmFfYWRtaW4iLCJwYXNzd29yZCI6ImEwMzZhYzEzNzIyYWEzYzY4NWI0ZmM0OTViY2ExMGE3MTc0ZjA5NzAiLCJpcCI6Ijo6MSIsInVzZXJfYWdlbnQiOiJUaWNrZXRpbmctV2ViQXBwIn19.dG4g4025rYDTTHse6Z_vT8CzlNeNgqpSF03fHTTCk2w
Connection: close
Request body:

========================================
2018-03-21 14:42:30 
::1 GET /synergix-takaful/public-api/v1/tickets?need_follow_up=1&ticket_status_id=4&limit=1 HTTP/1.1
HTTP headers:
Host: localhost
User-Agent: Ticketing-WebApp
Authorization: Bearer eyJ0eXAiOiJKV1QiLCJhbGciOiJIUzI1NiJ9.eyJpYXQiOjE1MjE2MTgxMTgsImp0aSI6IklZZkVqcmFsRGJLM2I4bkxIR1Y1VDA4RVZcL0RnK0ZjYU5zdXZmT1FJZVJVPSIsImlzcyI6Ijo6MSIsIm5iZiI6MTUyMTYxODExOCwiZXhwIjoxNTIxNjE5OTE4LCJkYXRhIjp7InVzZXJuYW1lIjoiYmFfYWRtaW4iLCJwYXNzd29yZCI6ImEwMzZhYzEzNzIyYWEzYzY4NWI0ZmM0OTViY2ExMGE3MTc0ZjA5NzAiLCJpcCI6Ijo6MSIsInVzZXJfYWdlbnQiOiJUaWNrZXRpbmctV2ViQXBwIn19.dG4g4025rYDTTHse6Z_vT8CzlNeNgqpSF03fHTTCk2w
Connection: close
Request body:

========================================
2018-03-21 14:42:30 
::1 GET /synergix-takaful/public-api/v1/tickets?limit=20 HTTP/1.1
HTTP headers:
Host: localhost
User-Agent: Ticketing-WebApp
Authorization: Bearer eyJ0eXAiOiJKV1QiLCJhbGciOiJIUzI1NiJ9.eyJpYXQiOjE1MjE2MTgxMTgsImp0aSI6IklZZkVqcmFsRGJLM2I4bkxIR1Y1VDA4RVZcL0RnK0ZjYU5zdXZmT1FJZVJVPSIsImlzcyI6Ijo6MSIsIm5iZiI6MTUyMTYxODExOCwiZXhwIjoxNTIxNjE5OTE4LCJkYXRhIjp7InVzZXJuYW1lIjoiYmFfYWRtaW4iLCJwYXNzd29yZCI6ImEwMzZhYzEzNzIyYWEzYzY4NWI0ZmM0OTViY2ExMGE3MTc0ZjA5NzAiLCJpcCI6Ijo6MSIsInVzZXJfYWdlbnQiOiJUaWNrZXRpbmctV2ViQXBwIn19.dG4g4025rYDTTHse6Z_vT8CzlNeNgqpSF03fHTTCk2w
Connection: close
Request body:

========================================
2018-03-21 14:42:40 
::1 GET /synergix-takaful/public-api/v1/tickets?limit=1&ticket_no=1803160005 HTTP/1.1
HTTP headers:
Host: localhost
User-Agent: Ticketing-WebApp
Authorization: Bearer eyJ0eXAiOiJKV1QiLCJhbGciOiJIUzI1NiJ9.eyJpYXQiOjE1MjE2MTgxMTgsImp0aSI6IklZZkVqcmFsRGJLM2I4bkxIR1Y1VDA4RVZcL0RnK0ZjYU5zdXZmT1FJZVJVPSIsImlzcyI6Ijo6MSIsIm5iZiI6MTUyMTYxODExOCwiZXhwIjoxNTIxNjE5OTE4LCJkYXRhIjp7InVzZXJuYW1lIjoiYmFfYWRtaW4iLCJwYXNzd29yZCI6ImEwMzZhYzEzNzIyYWEzYzY4NWI0ZmM0OTViY2ExMGE3MTc0ZjA5NzAiLCJpcCI6Ijo6MSIsInVzZXJfYWdlbnQiOiJUaWNrZXRpbmctV2ViQXBwIn19.dG4g4025rYDTTHse6Z_vT8CzlNeNgqpSF03fHTTCk2w
Connection: close
Request body:

========================================
2018-03-21 14:42:40 
::1 GET /synergix-takaful/public-api/v1/ticket_categories?is_active=1&ticket_type_id=7&product_type_id=1 HTTP/1.1
HTTP headers:
Host: localhost
User-Agent: Ticketing-WebApp
Authorization: Bearer eyJ0eXAiOiJKV1QiLCJhbGciOiJIUzI1NiJ9.eyJpYXQiOjE1MjE2MTgxMTgsImp0aSI6IklZZkVqcmFsRGJLM2I4bkxIR1Y1VDA4RVZcL0RnK0ZjYU5zdXZmT1FJZVJVPSIsImlzcyI6Ijo6MSIsIm5iZiI6MTUyMTYxODExOCwiZXhwIjoxNTIxNjE5OTE4LCJkYXRhIjp7InVzZXJuYW1lIjoiYmFfYWRtaW4iLCJwYXNzd29yZCI6ImEwMzZhYzEzNzIyYWEzYzY4NWI0ZmM0OTViY2ExMGE3MTc0ZjA5NzAiLCJpcCI6Ijo6MSIsInVzZXJfYWdlbnQiOiJUaWNrZXRpbmctV2ViQXBwIn19.dG4g4025rYDTTHse6Z_vT8CzlNeNgqpSF03fHTTCk2w
Connection: close
Request body:

========================================
2018-03-21 14:42:40 
::1 GET /synergix-takaful/public-api/v1/ticket_subcategories?is_active=1&ticket_category_id=53 HTTP/1.1
HTTP headers:
Host: localhost
User-Agent: Ticketing-WebApp
Authorization: Bearer eyJ0eXAiOiJKV1QiLCJhbGciOiJIUzI1NiJ9.eyJpYXQiOjE1MjE2MTgxMTgsImp0aSI6IklZZkVqcmFsRGJLM2I4bkxIR1Y1VDA4RVZcL0RnK0ZjYU5zdXZmT1FJZVJVPSIsImlzcyI6Ijo6MSIsIm5iZiI6MTUyMTYxODExOCwiZXhwIjoxNTIxNjE5OTE4LCJkYXRhIjp7InVzZXJuYW1lIjoiYmFfYWRtaW4iLCJwYXNzd29yZCI6ImEwMzZhYzEzNzIyYWEzYzY4NWI0ZmM0OTViY2ExMGE3MTc0ZjA5NzAiLCJpcCI6Ijo6MSIsInVzZXJfYWdlbnQiOiJUaWNrZXRpbmctV2ViQXBwIn19.dG4g4025rYDTTHse6Z_vT8CzlNeNgqpSF03fHTTCk2w
Connection: close
Request body:

========================================
2018-03-21 14:42:44 
::1 GET /synergix-takaful/public-api/v1/media_tickets?ticket_id=5&order=created&sort=asc HTTP/1.1
HTTP headers:
Host: localhost
User-Agent: Ticketing-WebApp
Authorization: Bearer eyJ0eXAiOiJKV1QiLCJhbGciOiJIUzI1NiJ9.eyJpYXQiOjE1MjE2MTgxMTgsImp0aSI6IklZZkVqcmFsRGJLM2I4bkxIR1Y1VDA4RVZcL0RnK0ZjYU5zdXZmT1FJZVJVPSIsImlzcyI6Ijo6MSIsIm5iZiI6MTUyMTYxODExOCwiZXhwIjoxNTIxNjE5OTE4LCJkYXRhIjp7InVzZXJuYW1lIjoiYmFfYWRtaW4iLCJwYXNzd29yZCI6ImEwMzZhYzEzNzIyYWEzYzY4NWI0ZmM0OTViY2ExMGE3MTc0ZjA5NzAiLCJpcCI6Ijo6MSIsInVzZXJfYWdlbnQiOiJUaWNrZXRpbmctV2ViQXBwIn19.dG4g4025rYDTTHse6Z_vT8CzlNeNgqpSF03fHTTCk2w
Connection: close
Request body:

========================================
2018-03-21 14:42:46 
::1 GET /synergix-takaful/public-api/v1/tickets?need_follow_up=1&ticket_status_id=4&limit=1 HTTP/1.1
HTTP headers:
Host: localhost
User-Agent: Ticketing-WebApp
Authorization: Bearer eyJ0eXAiOiJKV1QiLCJhbGciOiJIUzI1NiJ9.eyJpYXQiOjE1MjE2MTgxMTgsImp0aSI6IklZZkVqcmFsRGJLM2I4bkxIR1Y1VDA4RVZcL0RnK0ZjYU5zdXZmT1FJZVJVPSIsImlzcyI6Ijo6MSIsIm5iZiI6MTUyMTYxODExOCwiZXhwIjoxNTIxNjE5OTE4LCJkYXRhIjp7InVzZXJuYW1lIjoiYmFfYWRtaW4iLCJwYXNzd29yZCI6ImEwMzZhYzEzNzIyYWEzYzY4NWI0ZmM0OTViY2ExMGE3MTc0ZjA5NzAiLCJpcCI6Ijo6MSIsInVzZXJfYWdlbnQiOiJUaWNrZXRpbmctV2ViQXBwIn19.dG4g4025rYDTTHse6Z_vT8CzlNeNgqpSF03fHTTCk2w
Connection: close
Request body:

========================================
2018-03-21 14:42:46 
::1 GET /synergix-takaful/public-api/v1/tickets?limit=20 HTTP/1.1
HTTP headers:
Host: localhost
User-Agent: Ticketing-WebApp
Authorization: Bearer eyJ0eXAiOiJKV1QiLCJhbGciOiJIUzI1NiJ9.eyJpYXQiOjE1MjE2MTgxMTgsImp0aSI6IklZZkVqcmFsRGJLM2I4bkxIR1Y1VDA4RVZcL0RnK0ZjYU5zdXZmT1FJZVJVPSIsImlzcyI6Ijo6MSIsIm5iZiI6MTUyMTYxODExOCwiZXhwIjoxNTIxNjE5OTE4LCJkYXRhIjp7InVzZXJuYW1lIjoiYmFfYWRtaW4iLCJwYXNzd29yZCI6ImEwMzZhYzEzNzIyYWEzYzY4NWI0ZmM0OTViY2ExMGE3MTc0ZjA5NzAiLCJpcCI6Ijo6MSIsInVzZXJfYWdlbnQiOiJUaWNrZXRpbmctV2ViQXBwIn19.dG4g4025rYDTTHse6Z_vT8CzlNeNgqpSF03fHTTCk2w
Connection: close
Request body:

========================================
2018-03-21 14:43:05 
::1 GET /synergix-takaful/public-api/v1/tickets?limit=1&ticket_no=1803160003 HTTP/1.1
HTTP headers:
Host: localhost
User-Agent: Ticketing-WebApp
Authorization: Bearer eyJ0eXAiOiJKV1QiLCJhbGciOiJIUzI1NiJ9.eyJpYXQiOjE1MjE2MTgxMTgsImp0aSI6IklZZkVqcmFsRGJLM2I4bkxIR1Y1VDA4RVZcL0RnK0ZjYU5zdXZmT1FJZVJVPSIsImlzcyI6Ijo6MSIsIm5iZiI6MTUyMTYxODExOCwiZXhwIjoxNTIxNjE5OTE4LCJkYXRhIjp7InVzZXJuYW1lIjoiYmFfYWRtaW4iLCJwYXNzd29yZCI6ImEwMzZhYzEzNzIyYWEzYzY4NWI0ZmM0OTViY2ExMGE3MTc0ZjA5NzAiLCJpcCI6Ijo6MSIsInVzZXJfYWdlbnQiOiJUaWNrZXRpbmctV2ViQXBwIn19.dG4g4025rYDTTHse6Z_vT8CzlNeNgqpSF03fHTTCk2w
Connection: close
Request body:

========================================
2018-03-21 14:43:05 
::1 GET /synergix-takaful/public-api/v1/ticket_subcategories?is_active=1&ticket_category_id=46 HTTP/1.1
HTTP headers:
Host: localhost
User-Agent: Ticketing-WebApp
Authorization: Bearer eyJ0eXAiOiJKV1QiLCJhbGciOiJIUzI1NiJ9.eyJpYXQiOjE1MjE2MTgxMTgsImp0aSI6IklZZkVqcmFsRGJLM2I4bkxIR1Y1VDA4RVZcL0RnK0ZjYU5zdXZmT1FJZVJVPSIsImlzcyI6Ijo6MSIsIm5iZiI6MTUyMTYxODExOCwiZXhwIjoxNTIxNjE5OTE4LCJkYXRhIjp7InVzZXJuYW1lIjoiYmFfYWRtaW4iLCJwYXNzd29yZCI6ImEwMzZhYzEzNzIyYWEzYzY4NWI0ZmM0OTViY2ExMGE3MTc0ZjA5NzAiLCJpcCI6Ijo6MSIsInVzZXJfYWdlbnQiOiJUaWNrZXRpbmctV2ViQXBwIn19.dG4g4025rYDTTHse6Z_vT8CzlNeNgqpSF03fHTTCk2w
Connection: close
Request body:

========================================
2018-03-21 14:43:07 
::1 GET /synergix-takaful/public-api/v1/media_tickets?ticket_id=3&order=created&sort=asc HTTP/1.1
HTTP headers:
Host: localhost
User-Agent: Ticketing-WebApp
Authorization: Bearer eyJ0eXAiOiJKV1QiLCJhbGciOiJIUzI1NiJ9.eyJpYXQiOjE1MjE2MTgxMTgsImp0aSI6IklZZkVqcmFsRGJLM2I4bkxIR1Y1VDA4RVZcL0RnK0ZjYU5zdXZmT1FJZVJVPSIsImlzcyI6Ijo6MSIsIm5iZiI6MTUyMTYxODExOCwiZXhwIjoxNTIxNjE5OTE4LCJkYXRhIjp7InVzZXJuYW1lIjoiYmFfYWRtaW4iLCJwYXNzd29yZCI6ImEwMzZhYzEzNzIyYWEzYzY4NWI0ZmM0OTViY2ExMGE3MTc0ZjA5NzAiLCJpcCI6Ijo6MSIsInVzZXJfYWdlbnQiOiJUaWNrZXRpbmctV2ViQXBwIn19.dG4g4025rYDTTHse6Z_vT8CzlNeNgqpSF03fHTTCk2w
Connection: close
Request body:

========================================
2018-03-21 14:45:05 
::1 POST /synergix-takaful/public-api/v1/users/token HTTP/1.1
HTTP headers:
Host: localhost
Content-Length: 35
User-Agent: Ticketing-WebApp
Connection: close
Content-Type: application/x-www-form-urlencoded
Request body:
username=ba_admin&password=ba_admin
========================================
2018-03-21 14:45:06 
::1 GET /synergix-takaful/public-api/v1/users/9 HTTP/1.1
HTTP headers:
Host: localhost
User-Agent: Ticketing-WebApp
Authorization: Bearer eyJ0eXAiOiJKV1QiLCJhbGciOiJIUzI1NiJ9.eyJpYXQiOjE1MjE2MTgzMDUsImp0aSI6Ikp2UkNtV2gyT1dYajRjOHRuTXE3MjBBUmplclJ2emJjY3k5dUtKK3M2a1U9IiwiaXNzIjoiOjoxIiwibmJmIjoxNTIxNjE4MzA1LCJleHAiOjE1MjE2MjAxMDUsImRhdGEiOnsidXNlcm5hbWUiOiJiYV9hZG1pbiIsInBhc3N3b3JkIjoiYTAzNmFjMTM3MjJhYTNjNjg1YjRmYzQ5NWJjYTEwYTcxNzRmMDk3MCIsImlwIjoiOjoxIiwidXNlcl9hZ2VudCI6IlRpY2tldGluZy1XZWJBcHAifX0.rc6RP5zgy6Ltz5Zb7DxsFE77IfXr-Vfi8Hxgdc8CkJE
Connection: close
Request body:

========================================
2018-03-21 14:45:06 
::1 GET /synergix-takaful/public-api/v1/user_level_modules/active?code=TICKET&user_level_id=7 HTTP/1.1
HTTP headers:
Host: localhost
User-Agent: Ticketing-WebApp
Authorization: Bearer eyJ0eXAiOiJKV1QiLCJhbGciOiJIUzI1NiJ9.eyJpYXQiOjE1MjE2MTgzMDUsImp0aSI6Ikp2UkNtV2gyT1dYajRjOHRuTXE3MjBBUmplclJ2emJjY3k5dUtKK3M2a1U9IiwiaXNzIjoiOjoxIiwibmJmIjoxNTIxNjE4MzA1LCJleHAiOjE1MjE2MjAxMDUsImRhdGEiOnsidXNlcm5hbWUiOiJiYV9hZG1pbiIsInBhc3N3b3JkIjoiYTAzNmFjMTM3MjJhYTNjNjg1YjRmYzQ5NWJjYTEwYTcxNzRmMDk3MCIsImlwIjoiOjoxIiwidXNlcl9hZ2VudCI6IlRpY2tldGluZy1XZWJBcHAifX0.rc6RP5zgy6Ltz5Zb7DxsFE77IfXr-Vfi8Hxgdc8CkJE
Connection: close
Request body:

========================================
2018-03-21 14:45:08 
::1 GET /synergix-takaful/public-api/v1/tickets?need_follow_up=1&ticket_status_id=4&limit=1 HTTP/1.1
HTTP headers:
Host: localhost
User-Agent: Ticketing-WebApp
Authorization: Bearer eyJ0eXAiOiJKV1QiLCJhbGciOiJIUzI1NiJ9.eyJpYXQiOjE1MjE2MTgzMDUsImp0aSI6Ikp2UkNtV2gyT1dYajRjOHRuTXE3MjBBUmplclJ2emJjY3k5dUtKK3M2a1U9IiwiaXNzIjoiOjoxIiwibmJmIjoxNTIxNjE4MzA1LCJleHAiOjE1MjE2MjAxMDUsImRhdGEiOnsidXNlcm5hbWUiOiJiYV9hZG1pbiIsInBhc3N3b3JkIjoiYTAzNmFjMTM3MjJhYTNjNjg1YjRmYzQ5NWJjYTEwYTcxNzRmMDk3MCIsImlwIjoiOjoxIiwidXNlcl9hZ2VudCI6IlRpY2tldGluZy1XZWJBcHAifX0.rc6RP5zgy6Ltz5Zb7DxsFE77IfXr-Vfi8Hxgdc8CkJE
Connection: close
Request body:

========================================
2018-03-21 14:45:08 
::1 GET /synergix-takaful/public-api/v1/tickets?limit=20&start=1521565200&end=1521565200 HTTP/1.1
HTTP headers:
Host: localhost
User-Agent: Ticketing-WebApp
Authorization: Bearer eyJ0eXAiOiJKV1QiLCJhbGciOiJIUzI1NiJ9.eyJpYXQiOjE1MjE2MTgzMDUsImp0aSI6Ikp2UkNtV2gyT1dYajRjOHRuTXE3MjBBUmplclJ2emJjY3k5dUtKK3M2a1U9IiwiaXNzIjoiOjoxIiwibmJmIjoxNTIxNjE4MzA1LCJleHAiOjE1MjE2MjAxMDUsImRhdGEiOnsidXNlcm5hbWUiOiJiYV9hZG1pbiIsInBhc3N3b3JkIjoiYTAzNmFjMTM3MjJhYTNjNjg1YjRmYzQ5NWJjYTEwYTcxNzRmMDk3MCIsImlwIjoiOjoxIiwidXNlcl9hZ2VudCI6IlRpY2tldGluZy1XZWJBcHAifX0.rc6RP5zgy6Ltz5Zb7DxsFE77IfXr-Vfi8Hxgdc8CkJE
Connection: close
Request body:

========================================
2018-03-21 14:48:40 
::1 POST /synergix-takaful/public-api/v1/users/token HTTP/1.1
HTTP headers:
Host: localhost
Content-Length: 35
User-Agent: Ticketing-WebApp
Connection: close
Content-Type: application/x-www-form-urlencoded
Request body:
username=ba_admin&password=ba_admin
========================================
2018-03-21 14:48:41 
::1 GET /synergix-takaful/public-api/v1/users/9 HTTP/1.1
HTTP headers:
Host: localhost
User-Agent: Ticketing-WebApp
Authorization: Bearer eyJ0eXAiOiJKV1QiLCJhbGciOiJIUzI1NiJ9.eyJpYXQiOjE1MjE2MTg1MjAsImp0aSI6IlcxditlSEpRQTI5UHhWWEZrTlVSWHdUN1NLeHY4YWNEeFlxN3NiK3hiMnM9IiwiaXNzIjoiOjoxIiwibmJmIjoxNTIxNjE4NTIwLCJleHAiOjE1MjE2MjAzMjAsImRhdGEiOnsidXNlcm5hbWUiOiJiYV9hZG1pbiIsInBhc3N3b3JkIjoiYTAzNmFjMTM3MjJhYTNjNjg1YjRmYzQ5NWJjYTEwYTcxNzRmMDk3MCIsImlwIjoiOjoxIiwidXNlcl9hZ2VudCI6IlRpY2tldGluZy1XZWJBcHAifX0.RpJIHADoWMEuIZ1n7ODoqyE82aoxbJrN6I3IMktUdls
Connection: close
Request body:

========================================
2018-03-21 14:48:42 
::1 GET /synergix-takaful/public-api/v1/user_level_modules/active?code=TICKET&user_level_id=7 HTTP/1.1
HTTP headers:
Host: localhost
User-Agent: Ticketing-WebApp
Authorization: Bearer eyJ0eXAiOiJKV1QiLCJhbGciOiJIUzI1NiJ9.eyJpYXQiOjE1MjE2MTg1MjAsImp0aSI6IlcxditlSEpRQTI5UHhWWEZrTlVSWHdUN1NLeHY4YWNEeFlxN3NiK3hiMnM9IiwiaXNzIjoiOjoxIiwibmJmIjoxNTIxNjE4NTIwLCJleHAiOjE1MjE2MjAzMjAsImRhdGEiOnsidXNlcm5hbWUiOiJiYV9hZG1pbiIsInBhc3N3b3JkIjoiYTAzNmFjMTM3MjJhYTNjNjg1YjRmYzQ5NWJjYTEwYTcxNzRmMDk3MCIsImlwIjoiOjoxIiwidXNlcl9hZ2VudCI6IlRpY2tldGluZy1XZWJBcHAifX0.RpJIHADoWMEuIZ1n7ODoqyE82aoxbJrN6I3IMktUdls
Connection: close
Request body:

========================================
2018-03-21 14:48:42 
::1 GET /synergix-takaful/public-api/v1/tickets?need_follow_up=1&ticket_status_id=4&limit=1 HTTP/1.1
HTTP headers:
Host: localhost
User-Agent: Ticketing-WebApp
Authorization: Bearer eyJ0eXAiOiJKV1QiLCJhbGciOiJIUzI1NiJ9.eyJpYXQiOjE1MjE2MTg1MjAsImp0aSI6IlcxditlSEpRQTI5UHhWWEZrTlVSWHdUN1NLeHY4YWNEeFlxN3NiK3hiMnM9IiwiaXNzIjoiOjoxIiwibmJmIjoxNTIxNjE4NTIwLCJleHAiOjE1MjE2MjAzMjAsImRhdGEiOnsidXNlcm5hbWUiOiJiYV9hZG1pbiIsInBhc3N3b3JkIjoiYTAzNmFjMTM3MjJhYTNjNjg1YjRmYzQ5NWJjYTEwYTcxNzRmMDk3MCIsImlwIjoiOjoxIiwidXNlcl9hZ2VudCI6IlRpY2tldGluZy1XZWJBcHAifX0.RpJIHADoWMEuIZ1n7ODoqyE82aoxbJrN6I3IMktUdls
Connection: close
Request body:

========================================
2018-03-21 14:48:42 
::1 GET /synergix-takaful/public-api/v1/tickets?limit=20&start=1521565200&end=1521565200 HTTP/1.1
HTTP headers:
Host: localhost
User-Agent: Ticketing-WebApp
Authorization: Bearer eyJ0eXAiOiJKV1QiLCJhbGciOiJIUzI1NiJ9.eyJpYXQiOjE1MjE2MTg1MjAsImp0aSI6IlcxditlSEpRQTI5UHhWWEZrTlVSWHdUN1NLeHY4YWNEeFlxN3NiK3hiMnM9IiwiaXNzIjoiOjoxIiwibmJmIjoxNTIxNjE4NTIwLCJleHAiOjE1MjE2MjAzMjAsImRhdGEiOnsidXNlcm5hbWUiOiJiYV9hZG1pbiIsInBhc3N3b3JkIjoiYTAzNmFjMTM3MjJhYTNjNjg1YjRmYzQ5NWJjYTEwYTcxNzRmMDk3MCIsImlwIjoiOjoxIiwidXNlcl9hZ2VudCI6IlRpY2tldGluZy1XZWJBcHAifX0.RpJIHADoWMEuIZ1n7ODoqyE82aoxbJrN6I3IMktUdls
Connection: close
Request body:

========================================
2018-03-21 15:23:57 
::1 GET /synergix-takaful/public-api/v1/ticket_statistics HTTP/1.1
HTTP headers:
Host: localhost
User-Agent: Ticketing-WebApp
Authorization: Bearer eyJ0eXAiOiJKV1QiLCJhbGciOiJIUzI1NiJ9.eyJpYXQiOjE1MjE2MTgxMTgsImp0aSI6IklZZkVqcmFsRGJLM2I4bkxIR1Y1VDA4RVZcL0RnK0ZjYU5zdXZmT1FJZVJVPSIsImlzcyI6Ijo6MSIsIm5iZiI6MTUyMTYxODExOCwiZXhwIjoxNTIxNjE5OTE4LCJkYXRhIjp7InVzZXJuYW1lIjoiYmFfYWRtaW4iLCJwYXNzd29yZCI6ImEwMzZhYzEzNzIyYWEzYzY4NWI0ZmM0OTViY2ExMGE3MTc0ZjA5NzAiLCJpcCI6Ijo6MSIsInVzZXJfYWdlbnQiOiJUaWNrZXRpbmctV2ViQXBwIn19.dG4g4025rYDTTHse6Z_vT8CzlNeNgqpSF03fHTTCk2w
Connection: close
Request body:

========================================
2018-03-21 15:23:57 
::1 POST /synergix-takaful/public-api/v1/users/token HTTP/1.1
HTTP headers:
Host: localhost
Content-Length: 35
User-Agent: Ticketing-WebApp
Connection: close
Content-Type: application/x-www-form-urlencoded
Request body:
username=ba_admin&password=ba_admin
========================================
2018-03-21 15:23:58 
::1 GET /synergix-takaful/public-api/v1/ticket_statistics HTTP/1.1
HTTP headers:
Host: localhost
User-Agent: Ticketing-WebApp
Authorization: Bearer eyJ0eXAiOiJKV1QiLCJhbGciOiJIUzI1NiJ9.eyJpYXQiOjE1MjE2MjA2MzcsImp0aSI6Im1UK3BRTUJ0aGtxSkdhK3lBYmw2M1NUUFBRMFpuNlVCUW1NOENUTkNqMlE9IiwiaXNzIjoiOjoxIiwibmJmIjoxNTIxNjIwNjM3LCJleHAiOjE1MjE2MjI0MzcsImRhdGEiOnsidXNlcm5hbWUiOiJiYV9hZG1pbiIsInBhc3N3b3JkIjoiYTAzNmFjMTM3MjJhYTNjNjg1YjRmYzQ5NWJjYTEwYTcxNzRmMDk3MCIsImlwIjoiOjoxIiwidXNlcl9hZ2VudCI6IlRpY2tldGluZy1XZWJBcHAifX0.yKS189l3Towy-qTMoqRYoYqyypD113hQbukhXrcYWgc
Connection: close
Request body:

========================================
2018-03-21 15:23:58 
::1 GET /synergix-takaful/public-api/v1/ticket_statistics/departments HTTP/1.1
HTTP headers:
Host: localhost
User-Agent: Ticketing-WebApp
Authorization: Bearer eyJ0eXAiOiJKV1QiLCJhbGciOiJIUzI1NiJ9.eyJpYXQiOjE1MjE2MjA2MzcsImp0aSI6Im1UK3BRTUJ0aGtxSkdhK3lBYmw2M1NUUFBRMFpuNlVCUW1NOENUTkNqMlE9IiwiaXNzIjoiOjoxIiwibmJmIjoxNTIxNjIwNjM3LCJleHAiOjE1MjE2MjI0MzcsImRhdGEiOnsidXNlcm5hbWUiOiJiYV9hZG1pbiIsInBhc3N3b3JkIjoiYTAzNmFjMTM3MjJhYTNjNjg1YjRmYzQ5NWJjYTEwYTcxNzRmMDk3MCIsImlwIjoiOjoxIiwidXNlcl9hZ2VudCI6IlRpY2tldGluZy1XZWJBcHAifX0.yKS189l3Towy-qTMoqRYoYqyypD113hQbukhXrcYWgc
Connection: close
Request body:

========================================
2018-03-21 15:23:58 
::1 GET /synergix-takaful/public-api/v1/ticket_statistics/categories HTTP/1.1
HTTP headers:
Host: localhost
User-Agent: Ticketing-WebApp
Authorization: Bearer eyJ0eXAiOiJKV1QiLCJhbGciOiJIUzI1NiJ9.eyJpYXQiOjE1MjE2MjA2MzcsImp0aSI6Im1UK3BRTUJ0aGtxSkdhK3lBYmw2M1NUUFBRMFpuNlVCUW1NOENUTkNqMlE9IiwiaXNzIjoiOjoxIiwibmJmIjoxNTIxNjIwNjM3LCJleHAiOjE1MjE2MjI0MzcsImRhdGEiOnsidXNlcm5hbWUiOiJiYV9hZG1pbiIsInBhc3N3b3JkIjoiYTAzNmFjMTM3MjJhYTNjNjg1YjRmYzQ5NWJjYTEwYTcxNzRmMDk3MCIsImlwIjoiOjoxIiwidXNlcl9hZ2VudCI6IlRpY2tldGluZy1XZWJBcHAifX0.yKS189l3Towy-qTMoqRYoYqyypD113hQbukhXrcYWgc
Connection: close
Request body:

========================================
2018-03-21 15:23:58 
::1 GET /synergix-takaful/public-api/v1/ticket_statistics/subcategories HTTP/1.1
HTTP headers:
Host: localhost
User-Agent: Ticketing-WebApp
Authorization: Bearer eyJ0eXAiOiJKV1QiLCJhbGciOiJIUzI1NiJ9.eyJpYXQiOjE1MjE2MjA2MzcsImp0aSI6Im1UK3BRTUJ0aGtxSkdhK3lBYmw2M1NUUFBRMFpuNlVCUW1NOENUTkNqMlE9IiwiaXNzIjoiOjoxIiwibmJmIjoxNTIxNjIwNjM3LCJleHAiOjE1MjE2MjI0MzcsImRhdGEiOnsidXNlcm5hbWUiOiJiYV9hZG1pbiIsInBhc3N3b3JkIjoiYTAzNmFjMTM3MjJhYTNjNjg1YjRmYzQ5NWJjYTEwYTcxNzRmMDk3MCIsImlwIjoiOjoxIiwidXNlcl9hZ2VudCI6IlRpY2tldGluZy1XZWJBcHAifX0.yKS189l3Towy-qTMoqRYoYqyypD113hQbukhXrcYWgc
Connection: close
Request body:

========================================
2018-03-21 15:24:00 
::1 GET /synergix-takaful/public-api/v1/tickets?need_follow_up=1&ticket_status_id=4&limit=1 HTTP/1.1
HTTP headers:
Host: localhost
User-Agent: Ticketing-WebApp
Authorization: Bearer eyJ0eXAiOiJKV1QiLCJhbGciOiJIUzI1NiJ9.eyJpYXQiOjE1MjE2MjA2MzcsImp0aSI6Im1UK3BRTUJ0aGtxSkdhK3lBYmw2M1NUUFBRMFpuNlVCUW1NOENUTkNqMlE9IiwiaXNzIjoiOjoxIiwibmJmIjoxNTIxNjIwNjM3LCJleHAiOjE1MjE2MjI0MzcsImRhdGEiOnsidXNlcm5hbWUiOiJiYV9hZG1pbiIsInBhc3N3b3JkIjoiYTAzNmFjMTM3MjJhYTNjNjg1YjRmYzQ5NWJjYTEwYTcxNzRmMDk3MCIsImlwIjoiOjoxIiwidXNlcl9hZ2VudCI6IlRpY2tldGluZy1XZWJBcHAifX0.yKS189l3Towy-qTMoqRYoYqyypD113hQbukhXrcYWgc
Connection: close
Request body:

========================================
2018-03-21 15:24:00 
::1 GET /synergix-takaful/public-api/v1/tickets?limit=20&start=1521565200&end=1521565200 HTTP/1.1
HTTP headers:
Host: localhost
User-Agent: Ticketing-WebApp
Authorization: Bearer eyJ0eXAiOiJKV1QiLCJhbGciOiJIUzI1NiJ9.eyJpYXQiOjE1MjE2MjA2MzcsImp0aSI6Im1UK3BRTUJ0aGtxSkdhK3lBYmw2M1NUUFBRMFpuNlVCUW1NOENUTkNqMlE9IiwiaXNzIjoiOjoxIiwibmJmIjoxNTIxNjIwNjM3LCJleHAiOjE1MjE2MjI0MzcsImRhdGEiOnsidXNlcm5hbWUiOiJiYV9hZG1pbiIsInBhc3N3b3JkIjoiYTAzNmFjMTM3MjJhYTNjNjg1YjRmYzQ5NWJjYTEwYTcxNzRmMDk3MCIsImlwIjoiOjoxIiwidXNlcl9hZ2VudCI6IlRpY2tldGluZy1XZWJBcHAifX0.yKS189l3Towy-qTMoqRYoYqyypD113hQbukhXrcYWgc
Connection: close
Request body:

========================================
