2018-04-15 10:15:49 
::1 GET /synergix-takaful/public-api/v1/tickets?need_follow_up=1&ticket_status_id=4&limit=1 HTTP/1.1
HTTP headers:
Host: localhost
User-Agent: Ticketing-WebApp
Authorization: Bearer eyJ0eXAiOiJKV1QiLCJhbGciOiJIUzI1NiJ9.eyJpYXQiOjE1MjM1MTUzNTcsImp0aSI6IjVzb0dPNndmOFR2NnBEZmlIN1F5MndxaGlVc0Q1TTBDZ2xFY1l4SWJUYVE9IiwiaXNzIjoiOjoxIiwibmJmIjoxNTIzNTE1MzU3LCJleHAiOjE1MjM1MTcxNTcsImRhdGEiOnsidXNlcm5hbWUiOiJic19hZG1pbiIsInBhc3N3b3JkIjoiMmU0ZjYzYzkwODYxYTcxMTU1ZDk3M2QzMDgyZDJkZDgwYmQwNTAyZiIsImlwIjoiOjoxIiwidXNlcl9hZ2VudCI6IlRpY2tldGluZy1XZWJBcHAifX0.P__fP1gGaoSDJNT2FgAD1fCJ0E4tDnaqmA-Yo30AVZ4
Connection: close
Request body:

========================================
2018-04-15 10:15:49 
::1 POST /synergix-takaful/public-api/v1/users/token HTTP/1.1
HTTP headers:
Host: localhost
Content-Length: 35
User-Agent: Ticketing-WebApp
Connection: close
Content-Type: application/x-www-form-urlencoded
Request body:
username=bs_admin&password=bs_admin
========================================
2018-04-15 10:15:50 
::1 GET /synergix-takaful/public-api/v1/tickets?need_follow_up=1&ticket_status_id=4&limit=1 HTTP/1.1
HTTP headers:
Host: localhost
User-Agent: Ticketing-WebApp
Authorization: Bearer eyJ0eXAiOiJKV1QiLCJhbGciOiJIUzI1NiJ9.eyJpYXQiOjE1MjM3NjIxNDksImp0aSI6IldqVERyZnZ6alR0N0Q3Yzk1NVZnSklSdFZUa3lVSFZqRllieVlWYUg1ekk9IiwiaXNzIjoiOjoxIiwibmJmIjoxNTIzNzYyMTQ5LCJleHAiOjE1MjM3NjM5NDksImRhdGEiOnsidXNlcm5hbWUiOiJic19hZG1pbiIsInBhc3N3b3JkIjoiMmU0ZjYzYzkwODYxYTcxMTU1ZDk3M2QzMDgyZDJkZDgwYmQwNTAyZiIsImlwIjoiOjoxIiwidXNlcl9hZ2VudCI6IlRpY2tldGluZy1XZWJBcHAifX0.8-SNNJ4tY35N9XN6ABQHN6CMTTfcjMDAvNEz6HtoRMU
Connection: close
Request body:

========================================
2018-04-15 10:15:51 
::1 GET /synergix-takaful/public-api/v1/tickets?limit=20&start=1523725200&end=1523725200 HTTP/1.1
HTTP headers:
Host: localhost
User-Agent: Ticketing-WebApp
Authorization: Bearer eyJ0eXAiOiJKV1QiLCJhbGciOiJIUzI1NiJ9.eyJpYXQiOjE1MjM3NjIxNDksImp0aSI6IldqVERyZnZ6alR0N0Q3Yzk1NVZnSklSdFZUa3lVSFZqRllieVlWYUg1ekk9IiwiaXNzIjoiOjoxIiwibmJmIjoxNTIzNzYyMTQ5LCJleHAiOjE1MjM3NjM5NDksImRhdGEiOnsidXNlcm5hbWUiOiJic19hZG1pbiIsInBhc3N3b3JkIjoiMmU0ZjYzYzkwODYxYTcxMTU1ZDk3M2QzMDgyZDJkZDgwYmQwNTAyZiIsImlwIjoiOjoxIiwidXNlcl9hZ2VudCI6IlRpY2tldGluZy1XZWJBcHAifX0.8-SNNJ4tY35N9XN6ABQHN6CMTTfcjMDAvNEz6HtoRMU
Connection: close
Request body:

========================================
2018-04-15 10:16:12 
::1 GET /synergix-takaful/public-api/v1/tickets?need_follow_up=1&ticket_status_id=4&limit=1 HTTP/1.1
HTTP headers:
Host: localhost
User-Agent: Ticketing-WebApp
Authorization: Bearer eyJ0eXAiOiJKV1QiLCJhbGciOiJIUzI1NiJ9.eyJpYXQiOjE1MjM3NjIxNDksImp0aSI6IldqVERyZnZ6alR0N0Q3Yzk1NVZnSklSdFZUa3lVSFZqRllieVlWYUg1ekk9IiwiaXNzIjoiOjoxIiwibmJmIjoxNTIzNzYyMTQ5LCJleHAiOjE1MjM3NjM5NDksImRhdGEiOnsidXNlcm5hbWUiOiJic19hZG1pbiIsInBhc3N3b3JkIjoiMmU0ZjYzYzkwODYxYTcxMTU1ZDk3M2QzMDgyZDJkZDgwYmQwNTAyZiIsImlwIjoiOjoxIiwidXNlcl9hZ2VudCI6IlRpY2tldGluZy1XZWJBcHAifX0.8-SNNJ4tY35N9XN6ABQHN6CMTTfcjMDAvNEz6HtoRMU
Connection: close
Request body:

========================================
2018-04-15 10:16:12 
::1 GET /synergix-takaful/public-api/v1/tickets?limit=20&start=1523725200&end=1523725200 HTTP/1.1
HTTP headers:
Host: localhost
User-Agent: Ticketing-WebApp
Authorization: Bearer eyJ0eXAiOiJKV1QiLCJhbGciOiJIUzI1NiJ9.eyJpYXQiOjE1MjM3NjIxNDksImp0aSI6IldqVERyZnZ6alR0N0Q3Yzk1NVZnSklSdFZUa3lVSFZqRllieVlWYUg1ekk9IiwiaXNzIjoiOjoxIiwibmJmIjoxNTIzNzYyMTQ5LCJleHAiOjE1MjM3NjM5NDksImRhdGEiOnsidXNlcm5hbWUiOiJic19hZG1pbiIsInBhc3N3b3JkIjoiMmU0ZjYzYzkwODYxYTcxMTU1ZDk3M2QzMDgyZDJkZDgwYmQwNTAyZiIsImlwIjoiOjoxIiwidXNlcl9hZ2VudCI6IlRpY2tldGluZy1XZWJBcHAifX0.8-SNNJ4tY35N9XN6ABQHN6CMTTfcjMDAvNEz6HtoRMU
Connection: close
Request body:

========================================
2018-04-15 10:16:39 
::1 GET /synergix-takaful/public-api/v1/departments?is_active=1&limit=100 HTTP/1.1
HTTP headers:
Host: localhost
User-Agent: Ticketing-WebApp
Authorization: Bearer eyJ0eXAiOiJKV1QiLCJhbGciOiJIUzI1NiJ9.eyJpYXQiOjE1MjM3NjIxNDksImp0aSI6IldqVERyZnZ6alR0N0Q3Yzk1NVZnSklSdFZUa3lVSFZqRllieVlWYUg1ekk9IiwiaXNzIjoiOjoxIiwibmJmIjoxNTIzNzYyMTQ5LCJleHAiOjE1MjM3NjM5NDksImRhdGEiOnsidXNlcm5hbWUiOiJic19hZG1pbiIsInBhc3N3b3JkIjoiMmU0ZjYzYzkwODYxYTcxMTU1ZDk3M2QzMDgyZDJkZDgwYmQwNTAyZiIsImlwIjoiOjoxIiwidXNlcl9hZ2VudCI6IlRpY2tldGluZy1XZWJBcHAifX0.8-SNNJ4tY35N9XN6ABQHN6CMTTfcjMDAvNEz6HtoRMU
Connection: close
Request body:

========================================
2018-04-15 10:16:39 
::1 GET /synergix-takaful/public-api/v1/provinces/active?limit=50 HTTP/1.1
HTTP headers:
Host: localhost
User-Agent: Ticketing-WebApp
Authorization: Bearer eyJ0eXAiOiJKV1QiLCJhbGciOiJIUzI1NiJ9.eyJpYXQiOjE1MjM3NjIxNDksImp0aSI6IldqVERyZnZ6alR0N0Q3Yzk1NVZnSklSdFZUa3lVSFZqRllieVlWYUg1ekk9IiwiaXNzIjoiOjoxIiwibmJmIjoxNTIzNzYyMTQ5LCJleHAiOjE1MjM3NjM5NDksImRhdGEiOnsidXNlcm5hbWUiOiJic19hZG1pbiIsInBhc3N3b3JkIjoiMmU0ZjYzYzkwODYxYTcxMTU1ZDk3M2QzMDgyZDJkZDgwYmQwNTAyZiIsImlwIjoiOjoxIiwidXNlcl9hZ2VudCI6IlRpY2tldGluZy1XZWJBcHAifX0.8-SNNJ4tY35N9XN6ABQHN6CMTTfcjMDAvNEz6HtoRMU
Connection: close
Request body:

========================================
2018-04-15 10:16:40 
::1 GET /synergix-takaful/public-api/v1/ticket_sources?is_active=1&limit=50 HTTP/1.1
HTTP headers:
Host: localhost
User-Agent: Ticketing-WebApp
Authorization: Bearer eyJ0eXAiOiJKV1QiLCJhbGciOiJIUzI1NiJ9.eyJpYXQiOjE1MjM3NjIxNDksImp0aSI6IldqVERyZnZ6alR0N0Q3Yzk1NVZnSklSdFZUa3lVSFZqRllieVlWYUg1ekk9IiwiaXNzIjoiOjoxIiwibmJmIjoxNTIzNzYyMTQ5LCJleHAiOjE1MjM3NjM5NDksImRhdGEiOnsidXNlcm5hbWUiOiJic19hZG1pbiIsInBhc3N3b3JkIjoiMmU0ZjYzYzkwODYxYTcxMTU1ZDk3M2QzMDgyZDJkZDgwYmQwNTAyZiIsImlwIjoiOjoxIiwidXNlcl9hZ2VudCI6IlRpY2tldGluZy1XZWJBcHAifX0.8-SNNJ4tY35N9XN6ABQHN6CMTTfcjMDAvNEz6HtoRMU
Connection: close
Request body:

========================================
2018-04-15 10:17:35 
::1 GET /synergix-takaful/public-api/v1/customers?order=id&sort=desc&fullname=ANDRIAN&limit=10 HTTP/1.1
HTTP headers:
Host: localhost
User-Agent: Ticketing-WebApp
Authorization: Bearer eyJ0eXAiOiJKV1QiLCJhbGciOiJIUzI1NiJ9.eyJpYXQiOjE1MjM3NjIxNDksImp0aSI6IldqVERyZnZ6alR0N0Q3Yzk1NVZnSklSdFZUa3lVSFZqRllieVlWYUg1ekk9IiwiaXNzIjoiOjoxIiwibmJmIjoxNTIzNzYyMTQ5LCJleHAiOjE1MjM3NjM5NDksImRhdGEiOnsidXNlcm5hbWUiOiJic19hZG1pbiIsInBhc3N3b3JkIjoiMmU0ZjYzYzkwODYxYTcxMTU1ZDk3M2QzMDgyZDJkZDgwYmQwNTAyZiIsImlwIjoiOjoxIiwidXNlcl9hZ2VudCI6IlRpY2tldGluZy1XZWJBcHAifX0.8-SNNJ4tY35N9XN6ABQHN6CMTTfcjMDAvNEz6HtoRMU
Connection: close
Request body:

========================================
2018-04-15 10:18:05 
::1 GET /synergix-takaful/public-api/v1/ticket_categories?product_type_id=1&ticket_type_id=6&is_active=1&limit=500&order=name HTTP/1.1
HTTP headers:
Host: localhost
User-Agent: Ticketing-WebApp
Authorization: Bearer eyJ0eXAiOiJKV1QiLCJhbGciOiJIUzI1NiJ9.eyJpYXQiOjE1MjM3NjIxNDksImp0aSI6IldqVERyZnZ6alR0N0Q3Yzk1NVZnSklSdFZUa3lVSFZqRllieVlWYUg1ekk9IiwiaXNzIjoiOjoxIiwibmJmIjoxNTIzNzYyMTQ5LCJleHAiOjE1MjM3NjM5NDksImRhdGEiOnsidXNlcm5hbWUiOiJic19hZG1pbiIsInBhc3N3b3JkIjoiMmU0ZjYzYzkwODYxYTcxMTU1ZDk3M2QzMDgyZDJkZDgwYmQwNTAyZiIsImlwIjoiOjoxIiwidXNlcl9hZ2VudCI6IlRpY2tldGluZy1XZWJBcHAifX0.8-SNNJ4tY35N9XN6ABQHN6CMTTfcjMDAvNEz6HtoRMU
Connection: close
Request body:

========================================
2018-04-15 10:18:09 
::1 GET /synergix-takaful/public-api/v1/ticket_subcategories?ticket_category_id=27&is_active=1&limit=500&order=name HTTP/1.1
HTTP headers:
Host: localhost
User-Agent: Ticketing-WebApp
Authorization: Bearer eyJ0eXAiOiJKV1QiLCJhbGciOiJIUzI1NiJ9.eyJpYXQiOjE1MjM3NjIxNDksImp0aSI6IldqVERyZnZ6alR0N0Q3Yzk1NVZnSklSdFZUa3lVSFZqRllieVlWYUg1ekk9IiwiaXNzIjoiOjoxIiwibmJmIjoxNTIzNzYyMTQ5LCJleHAiOjE1MjM3NjM5NDksImRhdGEiOnsidXNlcm5hbWUiOiJic19hZG1pbiIsInBhc3N3b3JkIjoiMmU0ZjYzYzkwODYxYTcxMTU1ZDk3M2QzMDgyZDJkZDgwYmQwNTAyZiIsImlwIjoiOjoxIiwidXNlcl9hZ2VudCI6IlRpY2tldGluZy1XZWJBcHAifX0.8-SNNJ4tY35N9XN6ABQHN6CMTTfcjMDAvNEz6HtoRMU
Connection: close
Request body:

========================================
2018-04-15 10:18:54 
::1 POST /synergix-takaful/public-api/v1/tickets HTTP/1.1
HTTP headers:
Host: localhost
Content-Length: 321
User-Agent: Ticketing-WebApp
Authorization: Bearer eyJ0eXAiOiJKV1QiLCJhbGciOiJIUzI1NiJ9.eyJpYXQiOjE1MjM3NjIxNDksImp0aSI6IldqVERyZnZ6alR0N0Q3Yzk1NVZnSklSdFZUa3lVSFZqRllieVlWYUg1ekk9IiwiaXNzIjoiOjoxIiwibmJmIjoxNTIzNzYyMTQ5LCJleHAiOjE1MjM3NjM5NDksImRhdGEiOnsidXNlcm5hbWUiOiJic19hZG1pbiIsInBhc3N3b3JkIjoiMmU0ZjYzYzkwODYxYTcxMTU1ZDk3M2QzMDgyZDJkZDgwYmQwNTAyZiIsImlwIjoiOjoxIiwidXNlcl9hZ2VudCI6IlRpY2tldGluZy1XZWJBcHAifX0.8-SNNJ4tY35N9XN6ABQHN6CMTTfcjMDAvNEz6HtoRMU
Connection: close
Content-Type: application/x-www-form-urlencoded
Request body:
media_id=&contact_type_id=1&ticket_source_id=1&product_type_id=1&ticket_category_id=27&ticket_subcategory_id=306&ticket_type_id=6&department_id=6&create_date=2018-04-15+10%3A18%3A54&create_user_id=1&open_date=2018-04-15+10%3A18%3A54&open_user_id=1&ticket_detail=test+ticket+rs+mika&customer_id=55&sla=2&ticket_status_id=1
========================================
2018-04-15 10:18:54 
::1 GET /synergix-takaful/public-api/v1/tickets/46 HTTP/1.1
HTTP headers:
Host: localhost
User-Agent: Ticketing-WebApp
Authorization: Bearer eyJ0eXAiOiJKV1QiLCJhbGciOiJIUzI1NiJ9.eyJpYXQiOjE1MjM3NjIxNDksImp0aSI6IldqVERyZnZ6alR0N0Q3Yzk1NVZnSklSdFZUa3lVSFZqRllieVlWYUg1ekk9IiwiaXNzIjoiOjoxIiwibmJmIjoxNTIzNzYyMTQ5LCJleHAiOjE1MjM3NjM5NDksImRhdGEiOnsidXNlcm5hbWUiOiJic19hZG1pbiIsInBhc3N3b3JkIjoiMmU0ZjYzYzkwODYxYTcxMTU1ZDk3M2QzMDgyZDJkZDgwYmQwNTAyZiIsImlwIjoiOjoxIiwidXNlcl9hZ2VudCI6IlRpY2tldGluZy1XZWJBcHAifX0.8-SNNJ4tY35N9XN6ABQHN6CMTTfcjMDAvNEz6HtoRMU
Connection: close
Request body:

========================================
2018-04-15 10:18:55 
::1 GET /synergix-takaful/public-api/v1/tickets?limit=1&ticket_no=1804150018 HTTP/1.1
HTTP headers:
Host: localhost
User-Agent: Ticketing-WebApp
Authorization: Bearer eyJ0eXAiOiJKV1QiLCJhbGciOiJIUzI1NiJ9.eyJpYXQiOjE1MjM3NjIxNDksImp0aSI6IldqVERyZnZ6alR0N0Q3Yzk1NVZnSklSdFZUa3lVSFZqRllieVlWYUg1ekk9IiwiaXNzIjoiOjoxIiwibmJmIjoxNTIzNzYyMTQ5LCJleHAiOjE1MjM3NjM5NDksImRhdGEiOnsidXNlcm5hbWUiOiJic19hZG1pbiIsInBhc3N3b3JkIjoiMmU0ZjYzYzkwODYxYTcxMTU1ZDk3M2QzMDgyZDJkZDgwYmQwNTAyZiIsImlwIjoiOjoxIiwidXNlcl9hZ2VudCI6IlRpY2tldGluZy1XZWJBcHAifX0.8-SNNJ4tY35N9XN6ABQHN6CMTTfcjMDAvNEz6HtoRMU
Connection: close
Request body:

========================================
2018-04-15 10:18:56 
::1 GET /synergix-takaful/public-api/v1/ticket_subcategories?is_active=1&ticket_category_id=27 HTTP/1.1
HTTP headers:
Host: localhost
User-Agent: Ticketing-WebApp
Authorization: Bearer eyJ0eXAiOiJKV1QiLCJhbGciOiJIUzI1NiJ9.eyJpYXQiOjE1MjM3NjIxNDksImp0aSI6IldqVERyZnZ6alR0N0Q3Yzk1NVZnSklSdFZUa3lVSFZqRllieVlWYUg1ekk9IiwiaXNzIjoiOjoxIiwibmJmIjoxNTIzNzYyMTQ5LCJleHAiOjE1MjM3NjM5NDksImRhdGEiOnsidXNlcm5hbWUiOiJic19hZG1pbiIsInBhc3N3b3JkIjoiMmU0ZjYzYzkwODYxYTcxMTU1ZDk3M2QzMDgyZDJkZDgwYmQwNTAyZiIsImlwIjoiOjoxIiwidXNlcl9hZ2VudCI6IlRpY2tldGluZy1XZWJBcHAifX0.8-SNNJ4tY35N9XN6ABQHN6CMTTfcjMDAvNEz6HtoRMU
Connection: close
Request body:

========================================
2018-04-15 10:19:09 
::1 GET /synergix-takaful/public-api/v1/tickets/46/ticket_attachments?is_active=1 HTTP/1.1
HTTP headers:
Host: localhost
User-Agent: Ticketing-WebApp
Authorization: Bearer eyJ0eXAiOiJKV1QiLCJhbGciOiJIUzI1NiJ9.eyJpYXQiOjE1MjM3NjIxNDksImp0aSI6IldqVERyZnZ6alR0N0Q3Yzk1NVZnSklSdFZUa3lVSFZqRllieVlWYUg1ekk9IiwiaXNzIjoiOjoxIiwibmJmIjoxNTIzNzYyMTQ5LCJleHAiOjE1MjM3NjM5NDksImRhdGEiOnsidXNlcm5hbWUiOiJic19hZG1pbiIsInBhc3N3b3JkIjoiMmU0ZjYzYzkwODYxYTcxMTU1ZDk3M2QzMDgyZDJkZDgwYmQwNTAyZiIsImlwIjoiOjoxIiwidXNlcl9hZ2VudCI6IlRpY2tldGluZy1XZWJBcHAifX0.8-SNNJ4tY35N9XN6ABQHN6CMTTfcjMDAvNEz6HtoRMU
Connection: close
Request body:

========================================
2018-04-15 10:19:33 
::1 POST /synergix-takaful/public-api/v1/ticket_attachments HTTP/1.1
HTTP headers:
Host: localhost
Content-Length: 372338
Content-Type: multipart/form-data; boundary="6559b3300d49ed7e722d6c63bd8306b2"
Authorization: Bearer eyJ0eXAiOiJKV1QiLCJhbGciOiJIUzI1NiJ9.eyJpYXQiOjE1MjM3NjIxNDksImp0aSI6IldqVERyZnZ6alR0N0Q3Yzk1NVZnSklSdFZUa3lVSFZqRllieVlWYUg1ekk9IiwiaXNzIjoiOjoxIiwibmJmIjoxNTIzNzYyMTQ5LCJleHAiOjE1MjM3NjM5NDksImRhdGEiOnsidXNlcm5hbWUiOiJic19hZG1pbiIsInBhc3N3b3JkIjoiMmU0ZjYzYzkwODYxYTcxMTU1ZDk3M2QzMDgyZDJkZDgwYmQwNTAyZiIsImlwIjoiOjoxIiwidXNlcl9hZ2VudCI6IlRpY2tldGluZy1XZWJBcHAifX0.8-SNNJ4tY35N9XN6ABQHN6CMTTfcjMDAvNEz6HtoRMU
Connection: close
User-Agent: CakePHP
Request body:

========================================
2018-04-15 10:19:34 
::1 GET /synergix-takaful/public-api/v1/tickets?limit=1&ticket_no=1804150018 HTTP/1.1
HTTP headers:
Host: localhost
User-Agent: Ticketing-WebApp
Authorization: Bearer eyJ0eXAiOiJKV1QiLCJhbGciOiJIUzI1NiJ9.eyJpYXQiOjE1MjM3NjIxNDksImp0aSI6IldqVERyZnZ6alR0N0Q3Yzk1NVZnSklSdFZUa3lVSFZqRllieVlWYUg1ekk9IiwiaXNzIjoiOjoxIiwibmJmIjoxNTIzNzYyMTQ5LCJleHAiOjE1MjM3NjM5NDksImRhdGEiOnsidXNlcm5hbWUiOiJic19hZG1pbiIsInBhc3N3b3JkIjoiMmU0ZjYzYzkwODYxYTcxMTU1ZDk3M2QzMDgyZDJkZDgwYmQwNTAyZiIsImlwIjoiOjoxIiwidXNlcl9hZ2VudCI6IlRpY2tldGluZy1XZWJBcHAifX0.8-SNNJ4tY35N9XN6ABQHN6CMTTfcjMDAvNEz6HtoRMU
Connection: close
Request body:

========================================
2018-04-15 10:19:37 
::1 GET /synergix-takaful/public-api/v1/tickets/46/ticket_attachments?is_active=1 HTTP/1.1
HTTP headers:
Host: localhost
User-Agent: Ticketing-WebApp
Authorization: Bearer eyJ0eXAiOiJKV1QiLCJhbGciOiJIUzI1NiJ9.eyJpYXQiOjE1MjM3NjIxNDksImp0aSI6IldqVERyZnZ6alR0N0Q3Yzk1NVZnSklSdFZUa3lVSFZqRllieVlWYUg1ekk9IiwiaXNzIjoiOjoxIiwibmJmIjoxNTIzNzYyMTQ5LCJleHAiOjE1MjM3NjM5NDksImRhdGEiOnsidXNlcm5hbWUiOiJic19hZG1pbiIsInBhc3N3b3JkIjoiMmU0ZjYzYzkwODYxYTcxMTU1ZDk3M2QzMDgyZDJkZDgwYmQwNTAyZiIsImlwIjoiOjoxIiwidXNlcl9hZ2VudCI6IlRpY2tldGluZy1XZWJBcHAifX0.8-SNNJ4tY35N9XN6ABQHN6CMTTfcjMDAvNEz6HtoRMU
Connection: close
Request body:

========================================
2018-04-15 10:19:54 
::1 GET /synergix-takaful/public-api/v1/tickets/46/ticket_histories HTTP/1.1
HTTP headers:
Host: localhost
User-Agent: Ticketing-WebApp
Authorization: Bearer eyJ0eXAiOiJKV1QiLCJhbGciOiJIUzI1NiJ9.eyJpYXQiOjE1MjM3NjIxNDksImp0aSI6IldqVERyZnZ6alR0N0Q3Yzk1NVZnSklSdFZUa3lVSFZqRllieVlWYUg1ekk9IiwiaXNzIjoiOjoxIiwibmJmIjoxNTIzNzYyMTQ5LCJleHAiOjE1MjM3NjM5NDksImRhdGEiOnsidXNlcm5hbWUiOiJic19hZG1pbiIsInBhc3N3b3JkIjoiMmU0ZjYzYzkwODYxYTcxMTU1ZDk3M2QzMDgyZDJkZDgwYmQwNTAyZiIsImlwIjoiOjoxIiwidXNlcl9hZ2VudCI6IlRpY2tldGluZy1XZWJBcHAifX0.8-SNNJ4tY35N9XN6ABQHN6CMTTfcjMDAvNEz6HtoRMU
Connection: close
Request body:

========================================
2018-04-15 10:19:56 
::1 GET /synergix-takaful/public-api/v1/media_tickets?ticket_id=46&order=created&sort=asc HTTP/1.1
HTTP headers:
Host: localhost
User-Agent: Ticketing-WebApp
Authorization: Bearer eyJ0eXAiOiJKV1QiLCJhbGciOiJIUzI1NiJ9.eyJpYXQiOjE1MjM3NjIxNDksImp0aSI6IldqVERyZnZ6alR0N0Q3Yzk1NVZnSklSdFZUa3lVSFZqRllieVlWYUg1ekk9IiwiaXNzIjoiOjoxIiwibmJmIjoxNTIzNzYyMTQ5LCJleHAiOjE1MjM3NjM5NDksImRhdGEiOnsidXNlcm5hbWUiOiJic19hZG1pbiIsInBhc3N3b3JkIjoiMmU0ZjYzYzkwODYxYTcxMTU1ZDk3M2QzMDgyZDJkZDgwYmQwNTAyZiIsImlwIjoiOjoxIiwidXNlcl9hZ2VudCI6IlRpY2tldGluZy1XZWJBcHAifX0.8-SNNJ4tY35N9XN6ABQHN6CMTTfcjMDAvNEz6HtoRMU
Connection: close
Request body:

========================================
2018-04-15 10:19:58 
::1 GET /synergix-takaful/public-api/v1/tickets/46/ticket_locations HTTP/1.1
HTTP headers:
Host: localhost
User-Agent: Ticketing-WebApp
Authorization: Bearer eyJ0eXAiOiJKV1QiLCJhbGciOiJIUzI1NiJ9.eyJpYXQiOjE1MjM3NjIxNDksImp0aSI6IldqVERyZnZ6alR0N0Q3Yzk1NVZnSklSdFZUa3lVSFZqRllieVlWYUg1ekk9IiwiaXNzIjoiOjoxIiwibmJmIjoxNTIzNzYyMTQ5LCJleHAiOjE1MjM3NjM5NDksImRhdGEiOnsidXNlcm5hbWUiOiJic19hZG1pbiIsInBhc3N3b3JkIjoiMmU0ZjYzYzkwODYxYTcxMTU1ZDk3M2QzMDgyZDJkZDgwYmQwNTAyZiIsImlwIjoiOjoxIiwidXNlcl9hZ2VudCI6IlRpY2tldGluZy1XZWJBcHAifX0.8-SNNJ4tY35N9XN6ABQHN6CMTTfcjMDAvNEz6HtoRMU
Connection: close
Request body:

========================================
2018-04-15 10:19:58 
::1 GET /synergix-takaful/public-api/v1/tickets/46/ticket_histories HTTP/1.1
HTTP headers:
Host: localhost
User-Agent: Ticketing-WebApp
Authorization: Bearer eyJ0eXAiOiJKV1QiLCJhbGciOiJIUzI1NiJ9.eyJpYXQiOjE1MjM3NjIxNDksImp0aSI6IldqVERyZnZ6alR0N0Q3Yzk1NVZnSklSdFZUa3lVSFZqRllieVlWYUg1ekk9IiwiaXNzIjoiOjoxIiwibmJmIjoxNTIzNzYyMTQ5LCJleHAiOjE1MjM3NjM5NDksImRhdGEiOnsidXNlcm5hbWUiOiJic19hZG1pbiIsInBhc3N3b3JkIjoiMmU0ZjYzYzkwODYxYTcxMTU1ZDk3M2QzMDgyZDJkZDgwYmQwNTAyZiIsImlwIjoiOjoxIiwidXNlcl9hZ2VudCI6IlRpY2tldGluZy1XZWJBcHAifX0.8-SNNJ4tY35N9XN6ABQHN6CMTTfcjMDAvNEz6HtoRMU
Connection: close
Request body:

========================================
2018-04-15 10:20:04 
::1 GET /synergix-takaful/public-api/v1/tickets/46 HTTP/1.1
HTTP headers:
Host: localhost
User-Agent: Ticketing-WebApp
Authorization: Bearer eyJ0eXAiOiJKV1QiLCJhbGciOiJIUzI1NiJ9.eyJpYXQiOjE1MjM3NjIxNDksImp0aSI6IldqVERyZnZ6alR0N0Q3Yzk1NVZnSklSdFZUa3lVSFZqRllieVlWYUg1ekk9IiwiaXNzIjoiOjoxIiwibmJmIjoxNTIzNzYyMTQ5LCJleHAiOjE1MjM3NjM5NDksImRhdGEiOnsidXNlcm5hbWUiOiJic19hZG1pbiIsInBhc3N3b3JkIjoiMmU0ZjYzYzkwODYxYTcxMTU1ZDk3M2QzMDgyZDJkZDgwYmQwNTAyZiIsImlwIjoiOjoxIiwidXNlcl9hZ2VudCI6IlRpY2tldGluZy1XZWJBcHAifX0.8-SNNJ4tY35N9XN6ABQHN6CMTTfcjMDAvNEz6HtoRMU
Connection: close
Request body:

========================================
2018-04-15 10:20:04 
::1 PUT /synergix-takaful/public-api/v1/tickets/46 HTTP/1.1
HTTP headers:
Host: localhost
Content-Length: 73
User-Agent: Ticketing-WebApp
Authorization: Bearer eyJ0eXAiOiJKV1QiLCJhbGciOiJIUzI1NiJ9.eyJpYXQiOjE1MjM3NjIxNDksImp0aSI6IldqVERyZnZ6alR0N0Q3Yzk1NVZnSklSdFZUa3lVSFZqRllieVlWYUg1ekk9IiwiaXNzIjoiOjoxIiwibmJmIjoxNTIzNzYyMTQ5LCJleHAiOjE1MjM3NjM5NDksImRhdGEiOnsidXNlcm5hbWUiOiJic19hZG1pbiIsInBhc3N3b3JkIjoiMmU0ZjYzYzkwODYxYTcxMTU1ZDk3M2QzMDgyZDJkZDgwYmQwNTAyZiIsImlwIjoiOjoxIiwidXNlcl9hZ2VudCI6IlRpY2tldGluZy1XZWJBcHAifX0.8-SNNJ4tY35N9XN6ABQHN6CMTTfcjMDAvNEz6HtoRMU
Connection: close
Content-Type: application/x-www-form-urlencoded
Request body:
ticket_status_id=3&process_date=2018-04-15+10%3A20%3A04&process_user_id=1
========================================
2018-04-15 10:20:08 
::1 POST /synergix-takaful/public-api/v1/ticket_histories HTTP/1.1
HTTP headers:
Host: localhost
Content-Length: 53
User-Agent: Ticketing-WebApp
Authorization: Bearer eyJ0eXAiOiJKV1QiLCJhbGciOiJIUzI1NiJ9.eyJpYXQiOjE1MjM3NjIxNDksImp0aSI6IldqVERyZnZ6alR0N0Q3Yzk1NVZnSklSdFZUa3lVSFZqRllieVlWYUg1ekk9IiwiaXNzIjoiOjoxIiwibmJmIjoxNTIzNzYyMTQ5LCJleHAiOjE1MjM3NjM5NDksImRhdGEiOnsidXNlcm5hbWUiOiJic19hZG1pbiIsInBhc3N3b3JkIjoiMmU0ZjYzYzkwODYxYTcxMTU1ZDk3M2QzMDgyZDJkZDgwYmQwNTAyZiIsImlwIjoiOjoxIiwidXNlcl9hZ2VudCI6IlRpY2tldGluZy1XZWJBcHAifX0.8-SNNJ4tY35N9XN6ABQHN6CMTTfcjMDAvNEz6HtoRMU
Connection: close
Content-Type: application/x-www-form-urlencoded
Request body:
ticket_id=46&ticket_status_id=3&user_id=1&note=submit
========================================
2018-04-15 10:20:10 
::1 GET /synergix-takaful/public-api/v1/tickets?limit=1&ticket_no=1804150018 HTTP/1.1
HTTP headers:
Host: localhost
User-Agent: Ticketing-WebApp
Authorization: Bearer eyJ0eXAiOiJKV1QiLCJhbGciOiJIUzI1NiJ9.eyJpYXQiOjE1MjM3NjIxNDksImp0aSI6IldqVERyZnZ6alR0N0Q3Yzk1NVZnSklSdFZUa3lVSFZqRllieVlWYUg1ekk9IiwiaXNzIjoiOjoxIiwibmJmIjoxNTIzNzYyMTQ5LCJleHAiOjE1MjM3NjM5NDksImRhdGEiOnsidXNlcm5hbWUiOiJic19hZG1pbiIsInBhc3N3b3JkIjoiMmU0ZjYzYzkwODYxYTcxMTU1ZDk3M2QzMDgyZDJkZDgwYmQwNTAyZiIsImlwIjoiOjoxIiwidXNlcl9hZ2VudCI6IlRpY2tldGluZy1XZWJBcHAifX0.8-SNNJ4tY35N9XN6ABQHN6CMTTfcjMDAvNEz6HtoRMU
Connection: close
Request body:

========================================
2018-04-15 10:20:12 
::1 GET /synergix-takaful/public-api/v1/tickets/46/ticket_histories HTTP/1.1
HTTP headers:
Host: localhost
User-Agent: Ticketing-WebApp
Authorization: Bearer eyJ0eXAiOiJKV1QiLCJhbGciOiJIUzI1NiJ9.eyJpYXQiOjE1MjM3NjIxNDksImp0aSI6IldqVERyZnZ6alR0N0Q3Yzk1NVZnSklSdFZUa3lVSFZqRllieVlWYUg1ekk9IiwiaXNzIjoiOjoxIiwibmJmIjoxNTIzNzYyMTQ5LCJleHAiOjE1MjM3NjM5NDksImRhdGEiOnsidXNlcm5hbWUiOiJic19hZG1pbiIsInBhc3N3b3JkIjoiMmU0ZjYzYzkwODYxYTcxMTU1ZDk3M2QzMDgyZDJkZDgwYmQwNTAyZiIsImlwIjoiOjoxIiwidXNlcl9hZ2VudCI6IlRpY2tldGluZy1XZWJBcHAifX0.8-SNNJ4tY35N9XN6ABQHN6CMTTfcjMDAvNEz6HtoRMU
Connection: close
Request body:

========================================
2018-04-15 10:20:18 
::1 GET /synergix-takaful/public-api/v1/tickets?need_follow_up=1&ticket_status_id=4&limit=1 HTTP/1.1
HTTP headers:
Host: localhost
User-Agent: Ticketing-WebApp
Authorization: Bearer eyJ0eXAiOiJKV1QiLCJhbGciOiJIUzI1NiJ9.eyJpYXQiOjE1MjM3NjIxNDksImp0aSI6IldqVERyZnZ6alR0N0Q3Yzk1NVZnSklSdFZUa3lVSFZqRllieVlWYUg1ekk9IiwiaXNzIjoiOjoxIiwibmJmIjoxNTIzNzYyMTQ5LCJleHAiOjE1MjM3NjM5NDksImRhdGEiOnsidXNlcm5hbWUiOiJic19hZG1pbiIsInBhc3N3b3JkIjoiMmU0ZjYzYzkwODYxYTcxMTU1ZDk3M2QzMDgyZDJkZDgwYmQwNTAyZiIsImlwIjoiOjoxIiwidXNlcl9hZ2VudCI6IlRpY2tldGluZy1XZWJBcHAifX0.8-SNNJ4tY35N9XN6ABQHN6CMTTfcjMDAvNEz6HtoRMU
Connection: close
Request body:

========================================
2018-04-15 10:20:18 
::1 GET /synergix-takaful/public-api/v1/tickets?limit=20&start=1523725200&end=1523725200 HTTP/1.1
HTTP headers:
Host: localhost
User-Agent: Ticketing-WebApp
Authorization: Bearer eyJ0eXAiOiJKV1QiLCJhbGciOiJIUzI1NiJ9.eyJpYXQiOjE1MjM3NjIxNDksImp0aSI6IldqVERyZnZ6alR0N0Q3Yzk1NVZnSklSdFZUa3lVSFZqRllieVlWYUg1ekk9IiwiaXNzIjoiOjoxIiwibmJmIjoxNTIzNzYyMTQ5LCJleHAiOjE1MjM3NjM5NDksImRhdGEiOnsidXNlcm5hbWUiOiJic19hZG1pbiIsInBhc3N3b3JkIjoiMmU0ZjYzYzkwODYxYTcxMTU1ZDk3M2QzMDgyZDJkZDgwYmQwNTAyZiIsImlwIjoiOjoxIiwidXNlcl9hZ2VudCI6IlRpY2tldGluZy1XZWJBcHAifX0.8-SNNJ4tY35N9XN6ABQHN6CMTTfcjMDAvNEz6HtoRMU
Connection: close
Request body:

========================================
2018-04-15 10:20:22 
::1 GET /synergix-takaful/public-api/v1/tickets?limit=1&ticket_no=1804150018 HTTP/1.1
HTTP headers:
Host: localhost
User-Agent: Ticketing-WebApp
Authorization: Bearer eyJ0eXAiOiJKV1QiLCJhbGciOiJIUzI1NiJ9.eyJpYXQiOjE1MjM3NjIxNDksImp0aSI6IldqVERyZnZ6alR0N0Q3Yzk1NVZnSklSdFZUa3lVSFZqRllieVlWYUg1ekk9IiwiaXNzIjoiOjoxIiwibmJmIjoxNTIzNzYyMTQ5LCJleHAiOjE1MjM3NjM5NDksImRhdGEiOnsidXNlcm5hbWUiOiJic19hZG1pbiIsInBhc3N3b3JkIjoiMmU0ZjYzYzkwODYxYTcxMTU1ZDk3M2QzMDgyZDJkZDgwYmQwNTAyZiIsImlwIjoiOjoxIiwidXNlcl9hZ2VudCI6IlRpY2tldGluZy1XZWJBcHAifX0.8-SNNJ4tY35N9XN6ABQHN6CMTTfcjMDAvNEz6HtoRMU
Connection: close
Request body:

========================================
2018-04-15 10:23:06 
::1 POST /synergix-takaful/public-api/v1/emails HTTP/1.1
HTTP headers:
Host: localhost
Content-Length: 447
User-Agent: Ticketing-WebApp
Authorization: Bearer eyJ0eXAiOiJKV1QiLCJhbGciOiJIUzI1NiJ9.eyJpYXQiOjE1MjM3NjIxNDksImp0aSI6IldqVERyZnZ6alR0N0Q3Yzk1NVZnSklSdFZUa3lVSFZqRllieVlWYUg1ekk9IiwiaXNzIjoiOjoxIiwibmJmIjoxNTIzNzYyMTQ5LCJleHAiOjE1MjM3NjM5NDksImRhdGEiOnsidXNlcm5hbWUiOiJic19hZG1pbiIsInBhc3N3b3JkIjoiMmU0ZjYzYzkwODYxYTcxMTU1ZDk3M2QzMDgyZDJkZDgwYmQwNTAyZiIsImlwIjoiOjoxIiwidXNlcl9hZ2VudCI6IlRpY2tldGluZy1XZWJBcHAifX0.8-SNNJ4tY35N9XN6ABQHN6CMTTfcjMDAvNEz6HtoRMU
Connection: close
Content-Type: application/x-www-form-urlencoded
Request body:
mail_date=2018-04-15+10%3A23%3A06&email_from=callcenter%40takaful.com&email_to=andrian%40jsm.co.id&email_cc=iyank.andrian%40gmail.com&email_bcc=samrahandrian%40gmail.com&subject=test+email+via+web&content=melihat+tawamu%2C+mendengar+senandungmu+&content_html=melihat+tawamu%2C+mendengar+senandungmu+&user_id=1&email_status_id=9&direction_id=2&ticket_no=1804150018&ticket_id=46&contact_name=CORRIE&customer_id=55&contact_type_id=1&product_type_id=1
========================================
2018-04-15 10:23:06 
::1 POST /synergix-takaful/public-api/v1/media_outbound_types/multiple HTTP/1.1
HTTP headers:
Host: localhost
Content-Length: 87
User-Agent: Ticketing-WebApp
Authorization: Bearer eyJ0eXAiOiJKV1QiLCJhbGciOiJIUzI1NiJ9.eyJpYXQiOjE1MjM3NjIxNDksImp0aSI6IldqVERyZnZ6alR0N0Q3Yzk1NVZnSklSdFZUa3lVSFZqRllieVlWYUg1ekk9IiwiaXNzIjoiOjoxIiwibmJmIjoxNTIzNzYyMTQ5LCJleHAiOjE1MjM3NjM5NDksImRhdGEiOnsidXNlcm5hbWUiOiJic19hZG1pbiIsInBhc3N3b3JkIjoiMmU0ZjYzYzkwODYxYTcxMTU1ZDk3M2QzMDgyZDJkZDgwYmQwNTAyZiIsImlwIjoiOjoxIiwidXNlcl9hZ2VudCI6IlRpY2tldGluZy1XZWJBcHAifX0.8-SNNJ4tY35N9XN6ABQHN6CMTTfcjMDAvNEz6HtoRMU
Connection: close
Content-Type: application/x-www-form-urlencoded
Request body:
0%5Buser_id%5D=1&0%5Bmedia_id%5D=3&0%5Bmedia_record_id%5D=267&0%5Boutbound_type_id%5D=2
========================================
2018-04-15 10:23:06 
::1 POST /synergix-takaful/public-api/v1/email_attachments HTTP/1.1
HTTP headers:
Host: localhost
Content-Length: 175578
Content-Type: multipart/form-data; boundary="2ce3fcba4fa8320e044900e542df98e3"
Authorization: Bearer eyJ0eXAiOiJKV1QiLCJhbGciOiJIUzI1NiJ9.eyJpYXQiOjE1MjM3NjIxNDksImp0aSI6IldqVERyZnZ6alR0N0Q3Yzk1NVZnSklSdFZUa3lVSFZqRllieVlWYUg1ekk9IiwiaXNzIjoiOjoxIiwibmJmIjoxNTIzNzYyMTQ5LCJleHAiOjE1MjM3NjM5NDksImRhdGEiOnsidXNlcm5hbWUiOiJic19hZG1pbiIsInBhc3N3b3JkIjoiMmU0ZjYzYzkwODYxYTcxMTU1ZDk3M2QzMDgyZDJkZDgwYmQwNTAyZiIsImlwIjoiOjoxIiwidXNlcl9hZ2VudCI6IlRpY2tldGluZy1XZWJBcHAifX0.8-SNNJ4tY35N9XN6ABQHN6CMTTfcjMDAvNEz6HtoRMU
Connection: close
User-Agent: CakePHP
Request body:

========================================
2018-04-15 10:23:06 
::1 PUT /synergix-takaful/public-api/v1/emails/267 HTTP/1.1
HTTP headers:
Host: localhost
Content-Length: 13
User-Agent: Ticketing-WebApp
Authorization: Bearer eyJ0eXAiOiJKV1QiLCJhbGciOiJIUzI1NiJ9.eyJpYXQiOjE1MjM3NjIxNDksImp0aSI6IldqVERyZnZ6alR0N0Q3Yzk1NVZnSklSdFZUa3lVSFZqRllieVlWYUg1ekk9IiwiaXNzIjoiOjoxIiwibmJmIjoxNTIzNzYyMTQ5LCJleHAiOjE1MjM3NjM5NDksImRhdGEiOnsidXNlcm5hbWUiOiJic19hZG1pbiIsInBhc3N3b3JkIjoiMmU0ZjYzYzkwODYxYTcxMTU1ZDk3M2QzMDgyZDJkZDgwYmQwNTAyZiIsImlwIjoiOjoxIiwidXNlcl9hZ2VudCI6IlRpY2tldGluZy1XZWJBcHAifX0.8-SNNJ4tY35N9XN6ABQHN6CMTTfcjMDAvNEz6HtoRMU
Connection: close
Content-Type: application/x-www-form-urlencoded
Request body:
is_complete=1
========================================
2018-04-15 10:23:30 
::1 GET /synergix-takaful/public-api/v1/media_tickets?ticket_id=46&order=created&sort=asc HTTP/1.1
HTTP headers:
Host: localhost
User-Agent: Ticketing-WebApp
Authorization: Bearer eyJ0eXAiOiJKV1QiLCJhbGciOiJIUzI1NiJ9.eyJpYXQiOjE1MjM3NjIxNDksImp0aSI6IldqVERyZnZ6alR0N0Q3Yzk1NVZnSklSdFZUa3lVSFZqRllieVlWYUg1ekk9IiwiaXNzIjoiOjoxIiwibmJmIjoxNTIzNzYyMTQ5LCJleHAiOjE1MjM3NjM5NDksImRhdGEiOnsidXNlcm5hbWUiOiJic19hZG1pbiIsInBhc3N3b3JkIjoiMmU0ZjYzYzkwODYxYTcxMTU1ZDk3M2QzMDgyZDJkZDgwYmQwNTAyZiIsImlwIjoiOjoxIiwidXNlcl9hZ2VudCI6IlRpY2tldGluZy1XZWJBcHAifX0.8-SNNJ4tY35N9XN6ABQHN6CMTTfcjMDAvNEz6HtoRMU
Connection: close
Request body:

========================================
2018-04-15 10:25:40 
::1 POST /synergix-takaful/public-api/v1/sms_pending HTTP/1.1
HTTP headers:
Host: localhost
Content-Length: 231
User-Agent: Ticketing-WebApp
Authorization: Bearer eyJ0eXAiOiJKV1QiLCJhbGciOiJIUzI1NiJ9.eyJpYXQiOjE1MjM3NjIxNDksImp0aSI6IldqVERyZnZ6alR0N0Q3Yzk1NVZnSklSdFZUa3lVSFZqRllieVlWYUg1ekk9IiwiaXNzIjoiOjoxIiwibmJmIjoxNTIzNzYyMTQ5LCJleHAiOjE1MjM3NjM5NDksImRhdGEiOnsidXNlcm5hbWUiOiJic19hZG1pbiIsInBhc3N3b3JkIjoiMmU0ZjYzYzkwODYxYTcxMTU1ZDk3M2QzMDgyZDJkZDgwYmQwNTAyZiIsImlwIjoiOjoxIiwidXNlcl9hZ2VudCI6IlRpY2tldGluZy1XZWJBcHAifX0.8-SNNJ4tY35N9XN6ABQHN6CMTTfcjMDAvNEz6HtoRMU
Connection: close
Content-Type: application/x-www-form-urlencoded
Request body:
queue_time=2018-04-15+10%3A25%3A40&recipient=08561035074&message=satu+suda+tiga+empat&user_id=1&sms_status_id=3&direction_id=2&ticket_no=1804150018&ticket_id=46&contact_name=AVATAR&customer_id=55&contact_type_id=1&product_type_id=1
========================================
2018-04-15 10:25:40 
::1 POST /synergix-takaful/public-api/v1/media_outbound_types/multiple HTTP/1.1
HTTP headers:
Host: localhost
Content-Length: 86
User-Agent: Ticketing-WebApp
Authorization: Bearer eyJ0eXAiOiJKV1QiLCJhbGciOiJIUzI1NiJ9.eyJpYXQiOjE1MjM3NjIxNDksImp0aSI6IldqVERyZnZ6alR0N0Q3Yzk1NVZnSklSdFZUa3lVSFZqRllieVlWYUg1ekk9IiwiaXNzIjoiOjoxIiwibmJmIjoxNTIzNzYyMTQ5LCJleHAiOjE1MjM3NjM5NDksImRhdGEiOnsidXNlcm5hbWUiOiJic19hZG1pbiIsInBhc3N3b3JkIjoiMmU0ZjYzYzkwODYxYTcxMTU1ZDk3M2QzMDgyZDJkZDgwYmQwNTAyZiIsImlwIjoiOjoxIiwidXNlcl9hZ2VudCI6IlRpY2tldGluZy1XZWJBcHAifX0.8-SNNJ4tY35N9XN6ABQHN6CMTTfcjMDAvNEz6HtoRMU
Connection: close
Content-Type: application/x-www-form-urlencoded
Request body:
0%5Buser_id%5D=1&0%5Bmedia_id%5D=2&0%5Bmedia_record_id%5D=11&0%5Boutbound_type_id%5D=3
========================================
2018-04-15 10:25:41 
::1 GET /synergix-takaful/public-api/v1/tickets?limit=1&ticket_no=1804150018 HTTP/1.1
HTTP headers:
Host: localhost
User-Agent: Ticketing-WebApp
Authorization: Bearer eyJ0eXAiOiJKV1QiLCJhbGciOiJIUzI1NiJ9.eyJpYXQiOjE1MjM3NjIxNDksImp0aSI6IldqVERyZnZ6alR0N0Q3Yzk1NVZnSklSdFZUa3lVSFZqRllieVlWYUg1ekk9IiwiaXNzIjoiOjoxIiwibmJmIjoxNTIzNzYyMTQ5LCJleHAiOjE1MjM3NjM5NDksImRhdGEiOnsidXNlcm5hbWUiOiJic19hZG1pbiIsInBhc3N3b3JkIjoiMmU0ZjYzYzkwODYxYTcxMTU1ZDk3M2QzMDgyZDJkZDgwYmQwNTAyZiIsImlwIjoiOjoxIiwidXNlcl9hZ2VudCI6IlRpY2tldGluZy1XZWJBcHAifX0.8-SNNJ4tY35N9XN6ABQHN6CMTTfcjMDAvNEz6HtoRMU
Connection: close
Request body:

========================================
2018-04-15 10:26:32 
::1 GET /synergix-takaful/public-api/v1/media_tickets?ticket_id=46&order=created&sort=asc HTTP/1.1
HTTP headers:
Host: localhost
User-Agent: Ticketing-WebApp
Authorization: Bearer eyJ0eXAiOiJKV1QiLCJhbGciOiJIUzI1NiJ9.eyJpYXQiOjE1MjM3NjIxNDksImp0aSI6IldqVERyZnZ6alR0N0Q3Yzk1NVZnSklSdFZUa3lVSFZqRllieVlWYUg1ekk9IiwiaXNzIjoiOjoxIiwibmJmIjoxNTIzNzYyMTQ5LCJleHAiOjE1MjM3NjM5NDksImRhdGEiOnsidXNlcm5hbWUiOiJic19hZG1pbiIsInBhc3N3b3JkIjoiMmU0ZjYzYzkwODYxYTcxMTU1ZDk3M2QzMDgyZDJkZDgwYmQwNTAyZiIsImlwIjoiOjoxIiwidXNlcl9hZ2VudCI6IlRpY2tldGluZy1XZWJBcHAifX0.8-SNNJ4tY35N9XN6ABQHN6CMTTfcjMDAvNEz6HtoRMU
Connection: close
Request body:

========================================
2018-04-15 10:26:47 
::1 GET /synergix-takaful/public-api/v1/tickets/46/ticket_attachments?is_active=1 HTTP/1.1
HTTP headers:
Host: localhost
User-Agent: Ticketing-WebApp
Authorization: Bearer eyJ0eXAiOiJKV1QiLCJhbGciOiJIUzI1NiJ9.eyJpYXQiOjE1MjM3NjIxNDksImp0aSI6IldqVERyZnZ6alR0N0Q3Yzk1NVZnSklSdFZUa3lVSFZqRllieVlWYUg1ekk9IiwiaXNzIjoiOjoxIiwibmJmIjoxNTIzNzYyMTQ5LCJleHAiOjE1MjM3NjM5NDksImRhdGEiOnsidXNlcm5hbWUiOiJic19hZG1pbiIsInBhc3N3b3JkIjoiMmU0ZjYzYzkwODYxYTcxMTU1ZDk3M2QzMDgyZDJkZDgwYmQwNTAyZiIsImlwIjoiOjoxIiwidXNlcl9hZ2VudCI6IlRpY2tldGluZy1XZWJBcHAifX0.8-SNNJ4tY35N9XN6ABQHN6CMTTfcjMDAvNEz6HtoRMU
Connection: close
Request body:

========================================
2018-04-15 10:27:12 
::1 GET /synergix-takaful/public-api/v1/ticket_attachments/62?is_active=1 HTTP/1.1
HTTP headers:
Host: localhost
User-Agent: Ticketing-WebApp
Authorization: Bearer eyJ0eXAiOiJKV1QiLCJhbGciOiJIUzI1NiJ9.eyJpYXQiOjE1MjM3NjIxNDksImp0aSI6IldqVERyZnZ6alR0N0Q3Yzk1NVZnSklSdFZUa3lVSFZqRllieVlWYUg1ekk9IiwiaXNzIjoiOjoxIiwibmJmIjoxNTIzNzYyMTQ5LCJleHAiOjE1MjM3NjM5NDksImRhdGEiOnsidXNlcm5hbWUiOiJic19hZG1pbiIsInBhc3N3b3JkIjoiMmU0ZjYzYzkwODYxYTcxMTU1ZDk3M2QzMDgyZDJkZDgwYmQwNTAyZiIsImlwIjoiOjoxIiwidXNlcl9hZ2VudCI6IlRpY2tldGluZy1XZWJBcHAifX0.8-SNNJ4tY35N9XN6ABQHN6CMTTfcjMDAvNEz6HtoRMU
Connection: close
Request body:

========================================
2018-04-15 10:27:12 
::1 GET /synergix-takaful/public-api/v1/ticket_attachments/62/file HTTP/1.1
HTTP headers:
Host: localhost
User-Agent: Ticketing-WebApp
Authorization: Bearer eyJ0eXAiOiJKV1QiLCJhbGciOiJIUzI1NiJ9.eyJpYXQiOjE1MjM3NjIxNDksImp0aSI6IldqVERyZnZ6alR0N0Q3Yzk1NVZnSklSdFZUa3lVSFZqRllieVlWYUg1ekk9IiwiaXNzIjoiOjoxIiwibmJmIjoxNTIzNzYyMTQ5LCJleHAiOjE1MjM3NjM5NDksImRhdGEiOnsidXNlcm5hbWUiOiJic19hZG1pbiIsInBhc3N3b3JkIjoiMmU0ZjYzYzkwODYxYTcxMTU1ZDk3M2QzMDgyZDJkZDgwYmQwNTAyZiIsImlwIjoiOjoxIiwidXNlcl9hZ2VudCI6IlRpY2tldGluZy1XZWJBcHAifX0.8-SNNJ4tY35N9XN6ABQHN6CMTTfcjMDAvNEz6HtoRMU
Connection: close
Request body:

========================================
2018-04-15 10:27:12 
::1 POST /synergix-takaful/public-api/v1/users/token HTTP/1.1
HTTP headers:
Host: localhost
Content-Length: 35
User-Agent: Ticketing-WebApp
Connection: close
Content-Type: application/x-www-form-urlencoded
Request body:
username=bs_admin&password=bs_admin
========================================
2018-04-15 10:27:13 
::1 GET /synergix-takaful/public-api/v1/ticket_attachments/62/file HTTP/1.1
HTTP headers:
Host: localhost
User-Agent: Ticketing-WebApp
Authorization: Bearer eyJ0eXAiOiJKV1QiLCJhbGciOiJIUzI1NiJ9.eyJpYXQiOjE1MjM3NjI4MzIsImp0aSI6ImowZHRaY2ZyUUtxZlNVb1hvYXJINFk2OGJ0UlwvcUh6RThrUzVWNkFlZVRVPSIsImlzcyI6Ijo6MSIsIm5iZiI6MTUyMzc2MjgzMiwiZXhwIjoxNTIzNzY0NjMyLCJkYXRhIjp7InVzZXJuYW1lIjoiYnNfYWRtaW4iLCJwYXNzd29yZCI6IjJlNGY2M2M5MDg2MWE3MTE1NWQ5NzNkMzA4MmQyZGQ4MGJkMDUwMmYiLCJpcCI6Ijo6MSIsInVzZXJfYWdlbnQiOiJUaWNrZXRpbmctV2ViQXBwIn19.21L1Z73EWhiAiWWSoyRcXeQDy0eW1xBEtkXfmXtLJn0
Connection: close
Request body:

========================================
2018-04-15 10:27:13 
::1 POST /synergix-takaful/public-api/v1/users/token HTTP/1.1
HTTP headers:
Host: localhost
Content-Length: 35
User-Agent: Ticketing-WebApp
Connection: close
Content-Type: application/x-www-form-urlencoded
Request body:
username=bs_admin&password=bs_admin
========================================
2018-04-15 10:27:14 
::1 GET /synergix-takaful/public-api/v1/ticket_attachments/62/file HTTP/1.1
HTTP headers:
Host: localhost
User-Agent: Ticketing-WebApp
Authorization: Bearer eyJ0eXAiOiJKV1QiLCJhbGciOiJIUzI1NiJ9.eyJpYXQiOjE1MjM3NjI4MzMsImp0aSI6IlV6cHNXOHFJN3NpYXplSGxidmRuc1wvUkNjaWc4YjBnc3FrdHRBUFNteHhVPSIsImlzcyI6Ijo6MSIsIm5iZiI6MTUyMzc2MjgzMywiZXhwIjoxNTIzNzY0NjMzLCJkYXRhIjp7InVzZXJuYW1lIjoiYnNfYWRtaW4iLCJwYXNzd29yZCI6IjJlNGY2M2M5MDg2MWE3MTE1NWQ5NzNkMzA4MmQyZGQ4MGJkMDUwMmYiLCJpcCI6Ijo6MSIsInVzZXJfYWdlbnQiOiJUaWNrZXRpbmctV2ViQXBwIn19.9ZMcE9GwIW8CzeObTygJFyv1t-oUGCZn39CmjcdPykI
Connection: close
Request body:

========================================
2018-04-15 10:27:46 
::1 GET /synergix-takaful/public-api/v1/media_tickets?ticket_id=46&order=created&sort=asc HTTP/1.1
HTTP headers:
Host: localhost
User-Agent: Ticketing-WebApp
Authorization: Bearer eyJ0eXAiOiJKV1QiLCJhbGciOiJIUzI1NiJ9.eyJpYXQiOjE1MjM3NjI4MzMsImp0aSI6IlV6cHNXOHFJN3NpYXplSGxidmRuc1wvUkNjaWc4YjBnc3FrdHRBUFNteHhVPSIsImlzcyI6Ijo6MSIsIm5iZiI6MTUyMzc2MjgzMywiZXhwIjoxNTIzNzY0NjMzLCJkYXRhIjp7InVzZXJuYW1lIjoiYnNfYWRtaW4iLCJwYXNzd29yZCI6IjJlNGY2M2M5MDg2MWE3MTE1NWQ5NzNkMzA4MmQyZGQ4MGJkMDUwMmYiLCJpcCI6Ijo6MSIsInVzZXJfYWdlbnQiOiJUaWNrZXRpbmctV2ViQXBwIn19.9ZMcE9GwIW8CzeObTygJFyv1t-oUGCZn39CmjcdPykI
Connection: close
Request body:

========================================
2018-04-15 10:27:50 
::1 GET /synergix-takaful/public-api/v1/tickets/46/ticket_histories HTTP/1.1
HTTP headers:
Host: localhost
User-Agent: Ticketing-WebApp
Authorization: Bearer eyJ0eXAiOiJKV1QiLCJhbGciOiJIUzI1NiJ9.eyJpYXQiOjE1MjM3NjI4MzMsImp0aSI6IlV6cHNXOHFJN3NpYXplSGxidmRuc1wvUkNjaWc4YjBnc3FrdHRBUFNteHhVPSIsImlzcyI6Ijo6MSIsIm5iZiI6MTUyMzc2MjgzMywiZXhwIjoxNTIzNzY0NjMzLCJkYXRhIjp7InVzZXJuYW1lIjoiYnNfYWRtaW4iLCJwYXNzd29yZCI6IjJlNGY2M2M5MDg2MWE3MTE1NWQ5NzNkMzA4MmQyZGQ4MGJkMDUwMmYiLCJpcCI6Ijo6MSIsInVzZXJfYWdlbnQiOiJUaWNrZXRpbmctV2ViQXBwIn19.9ZMcE9GwIW8CzeObTygJFyv1t-oUGCZn39CmjcdPykI
Connection: close
Request body:

========================================
2018-04-15 10:28:57 
::1 GET /synergix-takaful/public-api/v1/media_tickets?ticket_id=46&order=created&sort=asc HTTP/1.1
HTTP headers:
Host: localhost
User-Agent: Ticketing-WebApp
Authorization: Bearer eyJ0eXAiOiJKV1QiLCJhbGciOiJIUzI1NiJ9.eyJpYXQiOjE1MjM3NjI4MzMsImp0aSI6IlV6cHNXOHFJN3NpYXplSGxidmRuc1wvUkNjaWc4YjBnc3FrdHRBUFNteHhVPSIsImlzcyI6Ijo6MSIsIm5iZiI6MTUyMzc2MjgzMywiZXhwIjoxNTIzNzY0NjMzLCJkYXRhIjp7InVzZXJuYW1lIjoiYnNfYWRtaW4iLCJwYXNzd29yZCI6IjJlNGY2M2M5MDg2MWE3MTE1NWQ5NzNkMzA4MmQyZGQ4MGJkMDUwMmYiLCJpcCI6Ijo6MSIsInVzZXJfYWdlbnQiOiJUaWNrZXRpbmctV2ViQXBwIn19.9ZMcE9GwIW8CzeObTygJFyv1t-oUGCZn39CmjcdPykI
Connection: close
Request body:

========================================
2018-04-15 10:28:59 
::1 GET /synergix-takaful/public-api/v1/tickets/46/ticket_histories HTTP/1.1
HTTP headers:
Host: localhost
User-Agent: Ticketing-WebApp
Authorization: Bearer eyJ0eXAiOiJKV1QiLCJhbGciOiJIUzI1NiJ9.eyJpYXQiOjE1MjM3NjI4MzMsImp0aSI6IlV6cHNXOHFJN3NpYXplSGxidmRuc1wvUkNjaWc4YjBnc3FrdHRBUFNteHhVPSIsImlzcyI6Ijo6MSIsIm5iZiI6MTUyMzc2MjgzMywiZXhwIjoxNTIzNzY0NjMzLCJkYXRhIjp7InVzZXJuYW1lIjoiYnNfYWRtaW4iLCJwYXNzd29yZCI6IjJlNGY2M2M5MDg2MWE3MTE1NWQ5NzNkMzA4MmQyZGQ4MGJkMDUwMmYiLCJpcCI6Ijo6MSIsInVzZXJfYWdlbnQiOiJUaWNrZXRpbmctV2ViQXBwIn19.9ZMcE9GwIW8CzeObTygJFyv1t-oUGCZn39CmjcdPykI
Connection: close
Request body:

========================================
2018-04-15 10:29:05 
::1 GET /synergix-takaful/public-api/v1/tickets/46/ticket_attachments?is_active=1 HTTP/1.1
HTTP headers:
Host: localhost
User-Agent: Ticketing-WebApp
Authorization: Bearer eyJ0eXAiOiJKV1QiLCJhbGciOiJIUzI1NiJ9.eyJpYXQiOjE1MjM3NjI4MzMsImp0aSI6IlV6cHNXOHFJN3NpYXplSGxidmRuc1wvUkNjaWc4YjBnc3FrdHRBUFNteHhVPSIsImlzcyI6Ijo6MSIsIm5iZiI6MTUyMzc2MjgzMywiZXhwIjoxNTIzNzY0NjMzLCJkYXRhIjp7InVzZXJuYW1lIjoiYnNfYWRtaW4iLCJwYXNzd29yZCI6IjJlNGY2M2M5MDg2MWE3MTE1NWQ5NzNkMzA4MmQyZGQ4MGJkMDUwMmYiLCJpcCI6Ijo6MSIsInVzZXJfYWdlbnQiOiJUaWNrZXRpbmctV2ViQXBwIn19.9ZMcE9GwIW8CzeObTygJFyv1t-oUGCZn39CmjcdPykI
Connection: close
Request body:

========================================
2018-04-15 10:30:59 
::1 POST /synergix-takaful/public-api/v1/emails HTTP/1.1
HTTP headers:
Host: localhost
Content-Length: 506
User-Agent: Ticketing-WebApp
Authorization: Bearer eyJ0eXAiOiJKV1QiLCJhbGciOiJIUzI1NiJ9.eyJpYXQiOjE1MjM3NjI4MzMsImp0aSI6IlV6cHNXOHFJN3NpYXplSGxidmRuc1wvUkNjaWc4YjBnc3FrdHRBUFNteHhVPSIsImlzcyI6Ijo6MSIsIm5iZiI6MTUyMzc2MjgzMywiZXhwIjoxNTIzNzY0NjMzLCJkYXRhIjp7InVzZXJuYW1lIjoiYnNfYWRtaW4iLCJwYXNzd29yZCI6IjJlNGY2M2M5MDg2MWE3MTE1NWQ5NzNkMzA4MmQyZGQ4MGJkMDUwMmYiLCJpcCI6Ijo6MSIsInVzZXJfYWdlbnQiOiJUaWNrZXRpbmctV2ViQXBwIn19.9ZMcE9GwIW8CzeObTygJFyv1t-oUGCZn39CmjcdPykI
Connection: close
Content-Type: application/x-www-form-urlencoded
Request body:
mail_date=2018-04-15+10%3A30%3A59&email_from=cs_atk%40takaful.com&email_to=andrian%40jsm.co.id&email_cc=samrahandrian%40gmail.com&email_bcc=iyank.andrian%40gmail.com&subject=coba+kirim+lagi+dari+cs_atk&content=follow+up+complaaint%2C+pemegang+polis%2C+indivdual+%2C+internal+coordination&content_html=follow+up+complaaint%2C+pemegang+polis%2C+indivdual+%2C+internal+coordination&user_id=1&email_status_id=9&direction_id=2&ticket_no=1804150018&ticket_id=46&customer_id=55&contact_type_id=1&product_type_id=1
========================================
2018-04-15 10:30:59 
::1 POST /synergix-takaful/public-api/v1/media_outbound_types/multiple HTTP/1.1
HTTP headers:
Host: localhost
Content-Length: 87
User-Agent: Ticketing-WebApp
Authorization: Bearer eyJ0eXAiOiJKV1QiLCJhbGciOiJIUzI1NiJ9.eyJpYXQiOjE1MjM3NjI4MzMsImp0aSI6IlV6cHNXOHFJN3NpYXplSGxidmRuc1wvUkNjaWc4YjBnc3FrdHRBUFNteHhVPSIsImlzcyI6Ijo6MSIsIm5iZiI6MTUyMzc2MjgzMywiZXhwIjoxNTIzNzY0NjMzLCJkYXRhIjp7InVzZXJuYW1lIjoiYnNfYWRtaW4iLCJwYXNzd29yZCI6IjJlNGY2M2M5MDg2MWE3MTE1NWQ5NzNkMzA4MmQyZGQ4MGJkMDUwMmYiLCJpcCI6Ijo6MSIsInVzZXJfYWdlbnQiOiJUaWNrZXRpbmctV2ViQXBwIn19.9ZMcE9GwIW8CzeObTygJFyv1t-oUGCZn39CmjcdPykI
Connection: close
Content-Type: application/x-www-form-urlencoded
Request body:
0%5Buser_id%5D=1&0%5Bmedia_id%5D=3&0%5Bmedia_record_id%5D=268&0%5Boutbound_type_id%5D=2
========================================
2018-04-15 10:30:59 
::1 POST /synergix-takaful/public-api/v1/email_attachments HTTP/1.1
HTTP headers:
Host: localhost
Content-Length: 122942
Content-Type: multipart/form-data; boundary="d942dc44b6284275c8bf2a6433b3ab13"
Authorization: Bearer eyJ0eXAiOiJKV1QiLCJhbGciOiJIUzI1NiJ9.eyJpYXQiOjE1MjM3NjI4MzMsImp0aSI6IlV6cHNXOHFJN3NpYXplSGxidmRuc1wvUkNjaWc4YjBnc3FrdHRBUFNteHhVPSIsImlzcyI6Ijo6MSIsIm5iZiI6MTUyMzc2MjgzMywiZXhwIjoxNTIzNzY0NjMzLCJkYXRhIjp7InVzZXJuYW1lIjoiYnNfYWRtaW4iLCJwYXNzd29yZCI6IjJlNGY2M2M5MDg2MWE3MTE1NWQ5NzNkMzA4MmQyZGQ4MGJkMDUwMmYiLCJpcCI6Ijo6MSIsInVzZXJfYWdlbnQiOiJUaWNrZXRpbmctV2ViQXBwIn19.9ZMcE9GwIW8CzeObTygJFyv1t-oUGCZn39CmjcdPykI
Connection: close
User-Agent: CakePHP
Request body:

========================================
2018-04-15 10:31:00 
::1 PUT /synergix-takaful/public-api/v1/emails/268 HTTP/1.1
HTTP headers:
Host: localhost
Content-Length: 13
User-Agent: Ticketing-WebApp
Authorization: Bearer eyJ0eXAiOiJKV1QiLCJhbGciOiJIUzI1NiJ9.eyJpYXQiOjE1MjM3NjI4MzMsImp0aSI6IlV6cHNXOHFJN3NpYXplSGxidmRuc1wvUkNjaWc4YjBnc3FrdHRBUFNteHhVPSIsImlzcyI6Ijo6MSIsIm5iZiI6MTUyMzc2MjgzMywiZXhwIjoxNTIzNzY0NjMzLCJkYXRhIjp7InVzZXJuYW1lIjoiYnNfYWRtaW4iLCJwYXNzd29yZCI6IjJlNGY2M2M5MDg2MWE3MTE1NWQ5NzNkMzA4MmQyZGQ4MGJkMDUwMmYiLCJpcCI6Ijo6MSIsInVzZXJfYWdlbnQiOiJUaWNrZXRpbmctV2ViQXBwIn19.9ZMcE9GwIW8CzeObTygJFyv1t-oUGCZn39CmjcdPykI
Connection: close
Content-Type: application/x-www-form-urlencoded
Request body:
is_complete=1
========================================
2018-04-15 10:31:01 
::1 GET /synergix-takaful/public-api/v1/tickets?limit=1&ticket_no=1804150018 HTTP/1.1
HTTP headers:
Host: localhost
User-Agent: Ticketing-WebApp
Authorization: Bearer eyJ0eXAiOiJKV1QiLCJhbGciOiJIUzI1NiJ9.eyJpYXQiOjE1MjM3NjI4MzMsImp0aSI6IlV6cHNXOHFJN3NpYXplSGxidmRuc1wvUkNjaWc4YjBnc3FrdHRBUFNteHhVPSIsImlzcyI6Ijo6MSIsIm5iZiI6MTUyMzc2MjgzMywiZXhwIjoxNTIzNzY0NjMzLCJkYXRhIjp7InVzZXJuYW1lIjoiYnNfYWRtaW4iLCJwYXNzd29yZCI6IjJlNGY2M2M5MDg2MWE3MTE1NWQ5NzNkMzA4MmQyZGQ4MGJkMDUwMmYiLCJpcCI6Ijo6MSIsInVzZXJfYWdlbnQiOiJUaWNrZXRpbmctV2ViQXBwIn19.9ZMcE9GwIW8CzeObTygJFyv1t-oUGCZn39CmjcdPykI
Connection: close
Request body:

========================================
2018-04-15 10:32:12 
::1 POST /synergix-takaful/public-api/v1/sms_pending HTTP/1.1
HTTP headers:
Host: localhost
Content-Length: 222
User-Agent: Ticketing-WebApp
Authorization: Bearer eyJ0eXAiOiJKV1QiLCJhbGciOiJIUzI1NiJ9.eyJpYXQiOjE1MjM3NjI4MzMsImp0aSI6IlV6cHNXOHFJN3NpYXplSGxidmRuc1wvUkNjaWc4YjBnc3FrdHRBUFNteHhVPSIsImlzcyI6Ijo6MSIsIm5iZiI6MTUyMzc2MjgzMywiZXhwIjoxNTIzNzY0NjMzLCJkYXRhIjp7InVzZXJuYW1lIjoiYnNfYWRtaW4iLCJwYXNzd29yZCI6IjJlNGY2M2M5MDg2MWE3MTE1NWQ5NzNkMzA4MmQyZGQ4MGJkMDUwMmYiLCJpcCI6Ijo6MSIsInVzZXJfYWdlbnQiOiJUaWNrZXRpbmctV2ViQXBwIn19.9ZMcE9GwIW8CzeObTygJFyv1t-oUGCZn39CmjcdPykI
Connection: close
Content-Type: application/x-www-form-urlencoded
Request body:
queue_time=2018-04-15+10%3A32%3A12&recipient=0856103574&message=sms+deuii&user_id=1&sms_status_id=3&direction_id=2&ticket_no=1804150018&ticket_id=46&contact_name=ELCORRIE+&customer_id=55&contact_type_id=1&product_type_id=1
========================================
2018-04-15 10:32:13 
::1 POST /synergix-takaful/public-api/v1/media_outbound_types/multiple HTTP/1.1
HTTP headers:
Host: localhost
Content-Length: 173
User-Agent: Ticketing-WebApp
Authorization: Bearer eyJ0eXAiOiJKV1QiLCJhbGciOiJIUzI1NiJ9.eyJpYXQiOjE1MjM3NjI4MzMsImp0aSI6IlV6cHNXOHFJN3NpYXplSGxidmRuc1wvUkNjaWc4YjBnc3FrdHRBUFNteHhVPSIsImlzcyI6Ijo6MSIsIm5iZiI6MTUyMzc2MjgzMywiZXhwIjoxNTIzNzY0NjMzLCJkYXRhIjp7InVzZXJuYW1lIjoiYnNfYWRtaW4iLCJwYXNzd29yZCI6IjJlNGY2M2M5MDg2MWE3MTE1NWQ5NzNkMzA4MmQyZGQ4MGJkMDUwMmYiLCJpcCI6Ijo6MSIsInVzZXJfYWdlbnQiOiJUaWNrZXRpbmctV2ViQXBwIn19.9ZMcE9GwIW8CzeObTygJFyv1t-oUGCZn39CmjcdPykI
Connection: close
Content-Type: application/x-www-form-urlencoded
Request body:
0%5Buser_id%5D=1&0%5Bmedia_id%5D=2&0%5Bmedia_record_id%5D=12&0%5Boutbound_type_id%5D=1&1%5Buser_id%5D=1&1%5Bmedia_id%5D=2&1%5Bmedia_record_id%5D=12&1%5Boutbound_type_id%5D=2
========================================
2018-04-15 10:32:14 
::1 GET /synergix-takaful/public-api/v1/tickets?limit=1&ticket_no=1804150018 HTTP/1.1
HTTP headers:
Host: localhost
User-Agent: Ticketing-WebApp
Authorization: Bearer eyJ0eXAiOiJKV1QiLCJhbGciOiJIUzI1NiJ9.eyJpYXQiOjE1MjM3NjI4MzMsImp0aSI6IlV6cHNXOHFJN3NpYXplSGxidmRuc1wvUkNjaWc4YjBnc3FrdHRBUFNteHhVPSIsImlzcyI6Ijo6MSIsIm5iZiI6MTUyMzc2MjgzMywiZXhwIjoxNTIzNzY0NjMzLCJkYXRhIjp7InVzZXJuYW1lIjoiYnNfYWRtaW4iLCJwYXNzd29yZCI6IjJlNGY2M2M5MDg2MWE3MTE1NWQ5NzNkMzA4MmQyZGQ4MGJkMDUwMmYiLCJpcCI6Ijo6MSIsInVzZXJfYWdlbnQiOiJUaWNrZXRpbmctV2ViQXBwIn19.9ZMcE9GwIW8CzeObTygJFyv1t-oUGCZn39CmjcdPykI
Connection: close
Request body:

========================================
2018-04-15 10:32:42 
::1 POST /synergix-takaful/public-api/v1/sms_pending HTTP/1.1
HTTP headers:
Host: localhost
Content-Length: 224
User-Agent: Ticketing-WebApp
Authorization: Bearer eyJ0eXAiOiJKV1QiLCJhbGciOiJIUzI1NiJ9.eyJpYXQiOjE1MjM3NjI4MzMsImp0aSI6IlV6cHNXOHFJN3NpYXplSGxidmRuc1wvUkNjaWc4YjBnc3FrdHRBUFNteHhVPSIsImlzcyI6Ijo6MSIsIm5iZiI6MTUyMzc2MjgzMywiZXhwIjoxNTIzNzY0NjMzLCJkYXRhIjp7InVzZXJuYW1lIjoiYnNfYWRtaW4iLCJwYXNzd29yZCI6IjJlNGY2M2M5MDg2MWE3MTE1NWQ5NzNkMzA4MmQyZGQ4MGJkMDUwMmYiLCJpcCI6Ijo6MSIsInVzZXJfYWdlbnQiOiJUaWNrZXRpbmctV2ViQXBwIn19.9ZMcE9GwIW8CzeObTygJFyv1t-oUGCZn39CmjcdPykI
Connection: close
Content-Type: application/x-www-form-urlencoded
Request body:
queue_time=2018-04-15+10%3A32%3A42&recipient=08561035074&message=fgbhfjklsddsfvs&user_id=1&sms_status_id=3&direction_id=2&ticket_no=1804150018&ticket_id=46&contact_name=TYUI&customer_id=55&contact_type_id=1&product_type_id=1
========================================
2018-04-15 10:32:42 
::1 POST /synergix-takaful/public-api/v1/media_outbound_types/multiple HTTP/1.1
HTTP headers:
Host: localhost
Content-Length: 86
User-Agent: Ticketing-WebApp
Authorization: Bearer eyJ0eXAiOiJKV1QiLCJhbGciOiJIUzI1NiJ9.eyJpYXQiOjE1MjM3NjI4MzMsImp0aSI6IlV6cHNXOHFJN3NpYXplSGxidmRuc1wvUkNjaWc4YjBnc3FrdHRBUFNteHhVPSIsImlzcyI6Ijo6MSIsIm5iZiI6MTUyMzc2MjgzMywiZXhwIjoxNTIzNzY0NjMzLCJkYXRhIjp7InVzZXJuYW1lIjoiYnNfYWRtaW4iLCJwYXNzd29yZCI6IjJlNGY2M2M5MDg2MWE3MTE1NWQ5NzNkMzA4MmQyZGQ4MGJkMDUwMmYiLCJpcCI6Ijo6MSIsInVzZXJfYWdlbnQiOiJUaWNrZXRpbmctV2ViQXBwIn19.9ZMcE9GwIW8CzeObTygJFyv1t-oUGCZn39CmjcdPykI
Connection: close
Content-Type: application/x-www-form-urlencoded
Request body:
0%5Buser_id%5D=1&0%5Bmedia_id%5D=2&0%5Bmedia_record_id%5D=13&0%5Boutbound_type_id%5D=3
========================================
2018-04-15 10:32:45 
::1 GET /synergix-takaful/public-api/v1/tickets?limit=1&ticket_no=1804150018 HTTP/1.1
HTTP headers:
Host: localhost
User-Agent: Ticketing-WebApp
Authorization: Bearer eyJ0eXAiOiJKV1QiLCJhbGciOiJIUzI1NiJ9.eyJpYXQiOjE1MjM3NjI4MzMsImp0aSI6IlV6cHNXOHFJN3NpYXplSGxidmRuc1wvUkNjaWc4YjBnc3FrdHRBUFNteHhVPSIsImlzcyI6Ijo6MSIsIm5iZiI6MTUyMzc2MjgzMywiZXhwIjoxNTIzNzY0NjMzLCJkYXRhIjp7InVzZXJuYW1lIjoiYnNfYWRtaW4iLCJwYXNzd29yZCI6IjJlNGY2M2M5MDg2MWE3MTE1NWQ5NzNkMzA4MmQyZGQ4MGJkMDUwMmYiLCJpcCI6Ijo6MSIsInVzZXJfYWdlbnQiOiJUaWNrZXRpbmctV2ViQXBwIn19.9ZMcE9GwIW8CzeObTygJFyv1t-oUGCZn39CmjcdPykI
Connection: close
Request body:

========================================
2018-04-15 10:33:17 
::1 GET /synergix-takaful/public-api/v1/tickets/46/ticket_histories HTTP/1.1
HTTP headers:
Host: localhost
User-Agent: Ticketing-WebApp
Authorization: Bearer eyJ0eXAiOiJKV1QiLCJhbGciOiJIUzI1NiJ9.eyJpYXQiOjE1MjM3NjI4MzMsImp0aSI6IlV6cHNXOHFJN3NpYXplSGxidmRuc1wvUkNjaWc4YjBnc3FrdHRBUFNteHhVPSIsImlzcyI6Ijo6MSIsIm5iZiI6MTUyMzc2MjgzMywiZXhwIjoxNTIzNzY0NjMzLCJkYXRhIjp7InVzZXJuYW1lIjoiYnNfYWRtaW4iLCJwYXNzd29yZCI6IjJlNGY2M2M5MDg2MWE3MTE1NWQ5NzNkMzA4MmQyZGQ4MGJkMDUwMmYiLCJpcCI6Ijo6MSIsInVzZXJfYWdlbnQiOiJUaWNrZXRpbmctV2ViQXBwIn19.9ZMcE9GwIW8CzeObTygJFyv1t-oUGCZn39CmjcdPykI
Connection: close
Request body:

========================================
2018-04-15 10:33:17 
::1 GET /synergix-takaful/public-api/v1/tickets/46/ticket_attachments?is_active=1 HTTP/1.1
HTTP headers:
Host: localhost
User-Agent: Ticketing-WebApp
Authorization: Bearer eyJ0eXAiOiJKV1QiLCJhbGciOiJIUzI1NiJ9.eyJpYXQiOjE1MjM3NjI4MzMsImp0aSI6IlV6cHNXOHFJN3NpYXplSGxidmRuc1wvUkNjaWc4YjBnc3FrdHRBUFNteHhVPSIsImlzcyI6Ijo6MSIsIm5iZiI6MTUyMzc2MjgzMywiZXhwIjoxNTIzNzY0NjMzLCJkYXRhIjp7InVzZXJuYW1lIjoiYnNfYWRtaW4iLCJwYXNzd29yZCI6IjJlNGY2M2M5MDg2MWE3MTE1NWQ5NzNkMzA4MmQyZGQ4MGJkMDUwMmYiLCJpcCI6Ijo6MSIsInVzZXJfYWdlbnQiOiJUaWNrZXRpbmctV2ViQXBwIn19.9ZMcE9GwIW8CzeObTygJFyv1t-oUGCZn39CmjcdPykI
Connection: close
Request body:

========================================
2018-04-15 10:33:39 
::1 GET /synergix-takaful/public-api/v1/media_tickets?ticket_id=46&order=created&sort=asc HTTP/1.1
HTTP headers:
Host: localhost
User-Agent: Ticketing-WebApp
Authorization: Bearer eyJ0eXAiOiJKV1QiLCJhbGciOiJIUzI1NiJ9.eyJpYXQiOjE1MjM3NjI4MzMsImp0aSI6IlV6cHNXOHFJN3NpYXplSGxidmRuc1wvUkNjaWc4YjBnc3FrdHRBUFNteHhVPSIsImlzcyI6Ijo6MSIsIm5iZiI6MTUyMzc2MjgzMywiZXhwIjoxNTIzNzY0NjMzLCJkYXRhIjp7InVzZXJuYW1lIjoiYnNfYWRtaW4iLCJwYXNzd29yZCI6IjJlNGY2M2M5MDg2MWE3MTE1NWQ5NzNkMzA4MmQyZGQ4MGJkMDUwMmYiLCJpcCI6Ijo6MSIsInVzZXJfYWdlbnQiOiJUaWNrZXRpbmctV2ViQXBwIn19.9ZMcE9GwIW8CzeObTygJFyv1t-oUGCZn39CmjcdPykI
Connection: close
Request body:

========================================
2018-04-15 10:36:56 
::1 POST /synergix-takaful/public-api/v1/users/token HTTP/1.1
HTTP headers:
Host: localhost
Content-Length: 25
User-Agent: Ticketing-WebApp
Connection: close
Content-Type: application/x-www-form-urlencoded
Request body:
username=crm&password=crm
========================================
2018-04-15 10:36:57 
::1 GET /synergix-takaful/public-api/v1/users/24 HTTP/1.1
HTTP headers:
Host: localhost
User-Agent: Ticketing-WebApp
Authorization: Bearer eyJ0eXAiOiJKV1QiLCJhbGciOiJIUzI1NiJ9.eyJpYXQiOjE1MjM3NjM0MTYsImp0aSI6IkxIWVBTbVprajlzekN6N0hhTXhuVE9FYjVMMDlocjNPMmtPekkyQjZNNDQ9IiwiaXNzIjoiOjoxIiwibmJmIjoxNTIzNzYzNDE2LCJleHAiOjE1MjM3NjUyMTYsImRhdGEiOnsidXNlcm5hbWUiOiJjcm0iLCJwYXNzd29yZCI6ImEzNzA1NWFjN2M2MTMyYWM0ZjdmNmQ4ODZkNGVjMDU0Y2Q0YWM2ZGUiLCJpcCI6Ijo6MSIsInVzZXJfYWdlbnQiOiJUaWNrZXRpbmctV2ViQXBwIn19.X4dpztJsiFRnC9Kj-MCQipCBlBjqplDXuvij2MIb-YA
Connection: close
Request body:

========================================
2018-04-15 10:36:58 
::1 GET /synergix-takaful/public-api/v1/user_level_modules/active?code=TICKET&user_level_id=6&order=code&limit=100 HTTP/1.1
HTTP headers:
Host: localhost
User-Agent: Ticketing-WebApp
Authorization: Bearer eyJ0eXAiOiJKV1QiLCJhbGciOiJIUzI1NiJ9.eyJpYXQiOjE1MjM3NjM0MTYsImp0aSI6IkxIWVBTbVprajlzekN6N0hhTXhuVE9FYjVMMDlocjNPMmtPekkyQjZNNDQ9IiwiaXNzIjoiOjoxIiwibmJmIjoxNTIzNzYzNDE2LCJleHAiOjE1MjM3NjUyMTYsImRhdGEiOnsidXNlcm5hbWUiOiJjcm0iLCJwYXNzd29yZCI6ImEzNzA1NWFjN2M2MTMyYWM0ZjdmNmQ4ODZkNGVjMDU0Y2Q0YWM2ZGUiLCJpcCI6Ijo6MSIsInVzZXJfYWdlbnQiOiJUaWNrZXRpbmctV2ViQXBwIn19.X4dpztJsiFRnC9Kj-MCQipCBlBjqplDXuvij2MIb-YA
Connection: close
Request body:

========================================
2018-04-15 10:36:58 
::1 GET /synergix-takaful/public-api/v1/ticket_statistics HTTP/1.1
HTTP headers:
Host: localhost
User-Agent: Ticketing-WebApp
Authorization: Bearer eyJ0eXAiOiJKV1QiLCJhbGciOiJIUzI1NiJ9.eyJpYXQiOjE1MjM3NjM0MTYsImp0aSI6IkxIWVBTbVprajlzekN6N0hhTXhuVE9FYjVMMDlocjNPMmtPekkyQjZNNDQ9IiwiaXNzIjoiOjoxIiwibmJmIjoxNTIzNzYzNDE2LCJleHAiOjE1MjM3NjUyMTYsImRhdGEiOnsidXNlcm5hbWUiOiJjcm0iLCJwYXNzd29yZCI6ImEzNzA1NWFjN2M2MTMyYWM0ZjdmNmQ4ODZkNGVjMDU0Y2Q0YWM2ZGUiLCJpcCI6Ijo6MSIsInVzZXJfYWdlbnQiOiJUaWNrZXRpbmctV2ViQXBwIn19.X4dpztJsiFRnC9Kj-MCQipCBlBjqplDXuvij2MIb-YA
Connection: close
Request body:

========================================
2018-04-15 10:36:58 
::1 GET /synergix-takaful/public-api/v1/ticket_statistics/departments HTTP/1.1
HTTP headers:
Host: localhost
User-Agent: Ticketing-WebApp
Authorization: Bearer eyJ0eXAiOiJKV1QiLCJhbGciOiJIUzI1NiJ9.eyJpYXQiOjE1MjM3NjM0MTYsImp0aSI6IkxIWVBTbVprajlzekN6N0hhTXhuVE9FYjVMMDlocjNPMmtPekkyQjZNNDQ9IiwiaXNzIjoiOjoxIiwibmJmIjoxNTIzNzYzNDE2LCJleHAiOjE1MjM3NjUyMTYsImRhdGEiOnsidXNlcm5hbWUiOiJjcm0iLCJwYXNzd29yZCI6ImEzNzA1NWFjN2M2MTMyYWM0ZjdmNmQ4ODZkNGVjMDU0Y2Q0YWM2ZGUiLCJpcCI6Ijo6MSIsInVzZXJfYWdlbnQiOiJUaWNrZXRpbmctV2ViQXBwIn19.X4dpztJsiFRnC9Kj-MCQipCBlBjqplDXuvij2MIb-YA
Connection: close
Request body:

========================================
2018-04-15 10:36:58 
::1 GET /synergix-takaful/public-api/v1/ticket_statistics/categories HTTP/1.1
HTTP headers:
Host: localhost
User-Agent: Ticketing-WebApp
Authorization: Bearer eyJ0eXAiOiJKV1QiLCJhbGciOiJIUzI1NiJ9.eyJpYXQiOjE1MjM3NjM0MTYsImp0aSI6IkxIWVBTbVprajlzekN6N0hhTXhuVE9FYjVMMDlocjNPMmtPekkyQjZNNDQ9IiwiaXNzIjoiOjoxIiwibmJmIjoxNTIzNzYzNDE2LCJleHAiOjE1MjM3NjUyMTYsImRhdGEiOnsidXNlcm5hbWUiOiJjcm0iLCJwYXNzd29yZCI6ImEzNzA1NWFjN2M2MTMyYWM0ZjdmNmQ4ODZkNGVjMDU0Y2Q0YWM2ZGUiLCJpcCI6Ijo6MSIsInVzZXJfYWdlbnQiOiJUaWNrZXRpbmctV2ViQXBwIn19.X4dpztJsiFRnC9Kj-MCQipCBlBjqplDXuvij2MIb-YA
Connection: close
Request body:

========================================
2018-04-15 10:36:58 
::1 GET /synergix-takaful/public-api/v1/ticket_statistics/subcategories HTTP/1.1
HTTP headers:
Host: localhost
User-Agent: Ticketing-WebApp
Authorization: Bearer eyJ0eXAiOiJKV1QiLCJhbGciOiJIUzI1NiJ9.eyJpYXQiOjE1MjM3NjM0MTYsImp0aSI6IkxIWVBTbVprajlzekN6N0hhTXhuVE9FYjVMMDlocjNPMmtPekkyQjZNNDQ9IiwiaXNzIjoiOjoxIiwibmJmIjoxNTIzNzYzNDE2LCJleHAiOjE1MjM3NjUyMTYsImRhdGEiOnsidXNlcm5hbWUiOiJjcm0iLCJwYXNzd29yZCI6ImEzNzA1NWFjN2M2MTMyYWM0ZjdmNmQ4ODZkNGVjMDU0Y2Q0YWM2ZGUiLCJpcCI6Ijo6MSIsInVzZXJfYWdlbnQiOiJUaWNrZXRpbmctV2ViQXBwIn19.X4dpztJsiFRnC9Kj-MCQipCBlBjqplDXuvij2MIb-YA
Connection: close
Request body:

========================================
2018-04-15 10:39:43 
::1 GET /synergix-takaful/public-api/v1/tickets?need_follow_up=1&ticket_status_id=4&limit=1 HTTP/1.1
HTTP headers:
Host: localhost
User-Agent: Ticketing-WebApp
Authorization: Bearer eyJ0eXAiOiJKV1QiLCJhbGciOiJIUzI1NiJ9.eyJpYXQiOjE1MjM3NjM0MTYsImp0aSI6IkxIWVBTbVprajlzekN6N0hhTXhuVE9FYjVMMDlocjNPMmtPekkyQjZNNDQ9IiwiaXNzIjoiOjoxIiwibmJmIjoxNTIzNzYzNDE2LCJleHAiOjE1MjM3NjUyMTYsImRhdGEiOnsidXNlcm5hbWUiOiJjcm0iLCJwYXNzd29yZCI6ImEzNzA1NWFjN2M2MTMyYWM0ZjdmNmQ4ODZkNGVjMDU0Y2Q0YWM2ZGUiLCJpcCI6Ijo6MSIsInVzZXJfYWdlbnQiOiJUaWNrZXRpbmctV2ViQXBwIn19.X4dpztJsiFRnC9Kj-MCQipCBlBjqplDXuvij2MIb-YA
Connection: close
Request body:

========================================
2018-04-15 10:39:43 
::1 GET /synergix-takaful/public-api/v1/tickets?limit=20&start=1523725200&end=1523725200 HTTP/1.1
HTTP headers:
Host: localhost
User-Agent: Ticketing-WebApp
Authorization: Bearer eyJ0eXAiOiJKV1QiLCJhbGciOiJIUzI1NiJ9.eyJpYXQiOjE1MjM3NjM0MTYsImp0aSI6IkxIWVBTbVprajlzekN6N0hhTXhuVE9FYjVMMDlocjNPMmtPekkyQjZNNDQ9IiwiaXNzIjoiOjoxIiwibmJmIjoxNTIzNzYzNDE2LCJleHAiOjE1MjM3NjUyMTYsImRhdGEiOnsidXNlcm5hbWUiOiJjcm0iLCJwYXNzd29yZCI6ImEzNzA1NWFjN2M2MTMyYWM0ZjdmNmQ4ODZkNGVjMDU0Y2Q0YWM2ZGUiLCJpcCI6Ijo6MSIsInVzZXJfYWdlbnQiOiJUaWNrZXRpbmctV2ViQXBwIn19.X4dpztJsiFRnC9Kj-MCQipCBlBjqplDXuvij2MIb-YA
Connection: close
Request body:

========================================
2018-04-15 10:39:47 
::1 GET /synergix-takaful/public-api/v1/tickets?limit=1&ticket_no=1804150018 HTTP/1.1
HTTP headers:
Host: localhost
User-Agent: Ticketing-WebApp
Authorization: Bearer eyJ0eXAiOiJKV1QiLCJhbGciOiJIUzI1NiJ9.eyJpYXQiOjE1MjM3NjM0MTYsImp0aSI6IkxIWVBTbVprajlzekN6N0hhTXhuVE9FYjVMMDlocjNPMmtPekkyQjZNNDQ9IiwiaXNzIjoiOjoxIiwibmJmIjoxNTIzNzYzNDE2LCJleHAiOjE1MjM3NjUyMTYsImRhdGEiOnsidXNlcm5hbWUiOiJjcm0iLCJwYXNzd29yZCI6ImEzNzA1NWFjN2M2MTMyYWM0ZjdmNmQ4ODZkNGVjMDU0Y2Q0YWM2ZGUiLCJpcCI6Ijo6MSIsInVzZXJfYWdlbnQiOiJUaWNrZXRpbmctV2ViQXBwIn19.X4dpztJsiFRnC9Kj-MCQipCBlBjqplDXuvij2MIb-YA
Connection: close
Request body:

========================================
2018-04-15 10:40:16 
::1 GET /synergix-takaful/public-api/v1/media_tickets?ticket_id=46&order=created&sort=asc HTTP/1.1
HTTP headers:
Host: localhost
User-Agent: Ticketing-WebApp
Authorization: Bearer eyJ0eXAiOiJKV1QiLCJhbGciOiJIUzI1NiJ9.eyJpYXQiOjE1MjM3NjM0MTYsImp0aSI6IkxIWVBTbVprajlzekN6N0hhTXhuVE9FYjVMMDlocjNPMmtPekkyQjZNNDQ9IiwiaXNzIjoiOjoxIiwibmJmIjoxNTIzNzYzNDE2LCJleHAiOjE1MjM3NjUyMTYsImRhdGEiOnsidXNlcm5hbWUiOiJjcm0iLCJwYXNzd29yZCI6ImEzNzA1NWFjN2M2MTMyYWM0ZjdmNmQ4ODZkNGVjMDU0Y2Q0YWM2ZGUiLCJpcCI6Ijo6MSIsInVzZXJfYWdlbnQiOiJUaWNrZXRpbmctV2ViQXBwIn19.X4dpztJsiFRnC9Kj-MCQipCBlBjqplDXuvij2MIb-YA
Connection: close
Request body:

========================================
2018-04-15 10:41:06 
::1 POST /synergix-takaful/public-api/v1/emails HTTP/1.1
HTTP headers:
Host: localhost
Content-Length: 500
User-Agent: Ticketing-WebApp
Authorization: Bearer eyJ0eXAiOiJKV1QiLCJhbGciOiJIUzI1NiJ9.eyJpYXQiOjE1MjM3NjM0MTYsImp0aSI6IkxIWVBTbVprajlzekN6N0hhTXhuVE9FYjVMMDlocjNPMmtPekkyQjZNNDQ9IiwiaXNzIjoiOjoxIiwibmJmIjoxNTIzNzYzNDE2LCJleHAiOjE1MjM3NjUyMTYsImRhdGEiOnsidXNlcm5hbWUiOiJjcm0iLCJwYXNzd29yZCI6ImEzNzA1NWFjN2M2MTMyYWM0ZjdmNmQ4ODZkNGVjMDU0Y2Q0YWM2ZGUiLCJpcCI6Ijo6MSIsInVzZXJfYWdlbnQiOiJUaWNrZXRpbmctV2ViQXBwIn19.X4dpztJsiFRnC9Kj-MCQipCBlBjqplDXuvij2MIb-YA
Connection: close
Content-Type: application/x-www-form-urlencoded
Request body:
mail_date=2018-04-15+10%3A41%3A06&email_from=cs_atk%40takaful.com&email_to=andrian%40jsm.co.id&email_cc=iyank.andrian%40gmail.com&subject=%21%40%23%24%25%5E%26%2A%28%29_%2B%7B%7D%22%3A%3E%3C%3F%7C%7D%7B&content=symbeol+%21%40%23%24%25%5E%26%2A%28%29_%2B%7B%7D%22%3A%3F%3E%3C&content_html=symbeol+%21%40%23%24%25%5E%26%2A%28%29_%2B%7B%7D%22%3A%3F%3E%3C&user_id=24&email_status_id=9&direction_id=2&ticket_no=1804150018&ticket_id=46&contact_name=SYMBOL&customer_id=55&contact_type_id=1&product_type_id=1
========================================
2018-04-15 10:41:06 
::1 POST /synergix-takaful/public-api/v1/media_outbound_types/multiple HTTP/1.1
HTTP headers:
Host: localhost
Content-Length: 177
User-Agent: Ticketing-WebApp
Authorization: Bearer eyJ0eXAiOiJKV1QiLCJhbGciOiJIUzI1NiJ9.eyJpYXQiOjE1MjM3NjM0MTYsImp0aSI6IkxIWVBTbVprajlzekN6N0hhTXhuVE9FYjVMMDlocjNPMmtPekkyQjZNNDQ9IiwiaXNzIjoiOjoxIiwibmJmIjoxNTIzNzYzNDE2LCJleHAiOjE1MjM3NjUyMTYsImRhdGEiOnsidXNlcm5hbWUiOiJjcm0iLCJwYXNzd29yZCI6ImEzNzA1NWFjN2M2MTMyYWM0ZjdmNmQ4ODZkNGVjMDU0Y2Q0YWM2ZGUiLCJpcCI6Ijo6MSIsInVzZXJfYWdlbnQiOiJUaWNrZXRpbmctV2ViQXBwIn19.X4dpztJsiFRnC9Kj-MCQipCBlBjqplDXuvij2MIb-YA
Connection: close
Content-Type: application/x-www-form-urlencoded
Request body:
0%5Buser_id%5D=24&0%5Bmedia_id%5D=3&0%5Bmedia_record_id%5D=269&0%5Boutbound_type_id%5D=2&1%5Buser_id%5D=24&1%5Bmedia_id%5D=3&1%5Bmedia_record_id%5D=269&1%5Boutbound_type_id%5D=4
========================================
2018-04-15 10:41:07 
::1 POST /synergix-takaful/public-api/v1/email_attachments HTTP/1.1
HTTP headers:
Host: localhost
Content-Length: 39135
Content-Type: multipart/form-data; boundary="b0067e11fd41d52e1539bb12a72c41e1"
Authorization: Bearer eyJ0eXAiOiJKV1QiLCJhbGciOiJIUzI1NiJ9.eyJpYXQiOjE1MjM3NjM0MTYsImp0aSI6IkxIWVBTbVprajlzekN6N0hhTXhuVE9FYjVMMDlocjNPMmtPekkyQjZNNDQ9IiwiaXNzIjoiOjoxIiwibmJmIjoxNTIzNzYzNDE2LCJleHAiOjE1MjM3NjUyMTYsImRhdGEiOnsidXNlcm5hbWUiOiJjcm0iLCJwYXNzd29yZCI6ImEzNzA1NWFjN2M2MTMyYWM0ZjdmNmQ4ODZkNGVjMDU0Y2Q0YWM2ZGUiLCJpcCI6Ijo6MSIsInVzZXJfYWdlbnQiOiJUaWNrZXRpbmctV2ViQXBwIn19.X4dpztJsiFRnC9Kj-MCQipCBlBjqplDXuvij2MIb-YA
Connection: close
User-Agent: CakePHP
Request body:

========================================
2018-04-15 10:41:07 
::1 PUT /synergix-takaful/public-api/v1/emails/269 HTTP/1.1
HTTP headers:
Host: localhost
Content-Length: 13
User-Agent: Ticketing-WebApp
Authorization: Bearer eyJ0eXAiOiJKV1QiLCJhbGciOiJIUzI1NiJ9.eyJpYXQiOjE1MjM3NjM0MTYsImp0aSI6IkxIWVBTbVprajlzekN6N0hhTXhuVE9FYjVMMDlocjNPMmtPekkyQjZNNDQ9IiwiaXNzIjoiOjoxIiwibmJmIjoxNTIzNzYzNDE2LCJleHAiOjE1MjM3NjUyMTYsImRhdGEiOnsidXNlcm5hbWUiOiJjcm0iLCJwYXNzd29yZCI6ImEzNzA1NWFjN2M2MTMyYWM0ZjdmNmQ4ODZkNGVjMDU0Y2Q0YWM2ZGUiLCJpcCI6Ijo6MSIsInVzZXJfYWdlbnQiOiJUaWNrZXRpbmctV2ViQXBwIn19.X4dpztJsiFRnC9Kj-MCQipCBlBjqplDXuvij2MIb-YA
Connection: close
Content-Type: application/x-www-form-urlencoded
Request body:
is_complete=1
========================================
2018-04-15 10:41:08 
::1 GET /synergix-takaful/public-api/v1/tickets?limit=1&ticket_no=1804150018 HTTP/1.1
HTTP headers:
Host: localhost
User-Agent: Ticketing-WebApp
Authorization: Bearer eyJ0eXAiOiJKV1QiLCJhbGciOiJIUzI1NiJ9.eyJpYXQiOjE1MjM3NjM0MTYsImp0aSI6IkxIWVBTbVprajlzekN6N0hhTXhuVE9FYjVMMDlocjNPMmtPekkyQjZNNDQ9IiwiaXNzIjoiOjoxIiwibmJmIjoxNTIzNzYzNDE2LCJleHAiOjE1MjM3NjUyMTYsImRhdGEiOnsidXNlcm5hbWUiOiJjcm0iLCJwYXNzd29yZCI6ImEzNzA1NWFjN2M2MTMyYWM0ZjdmNmQ4ODZkNGVjMDU0Y2Q0YWM2ZGUiLCJpcCI6Ijo6MSIsInVzZXJfYWdlbnQiOiJUaWNrZXRpbmctV2ViQXBwIn19.X4dpztJsiFRnC9Kj-MCQipCBlBjqplDXuvij2MIb-YA
Connection: close
Request body:

========================================
2018-04-15 10:41:16 
::1 GET /synergix-takaful/public-api/v1/media_tickets?ticket_id=46&order=created&sort=asc HTTP/1.1
HTTP headers:
Host: localhost
User-Agent: Ticketing-WebApp
Authorization: Bearer eyJ0eXAiOiJKV1QiLCJhbGciOiJIUzI1NiJ9.eyJpYXQiOjE1MjM3NjM0MTYsImp0aSI6IkxIWVBTbVprajlzekN6N0hhTXhuVE9FYjVMMDlocjNPMmtPekkyQjZNNDQ9IiwiaXNzIjoiOjoxIiwibmJmIjoxNTIzNzYzNDE2LCJleHAiOjE1MjM3NjUyMTYsImRhdGEiOnsidXNlcm5hbWUiOiJjcm0iLCJwYXNzd29yZCI6ImEzNzA1NWFjN2M2MTMyYWM0ZjdmNmQ4ODZkNGVjMDU0Y2Q0YWM2ZGUiLCJpcCI6Ijo6MSIsInVzZXJfYWdlbnQiOiJUaWNrZXRpbmctV2ViQXBwIn19.X4dpztJsiFRnC9Kj-MCQipCBlBjqplDXuvij2MIb-YA
Connection: close
Request body:

========================================
