2019-05-08 08:56:18 
::1 GET /tourism/public-api/v1/tourism?tourism_approval_status=2&sort=DESC HTTP/1.1
HTTP headers:
Host: localhost
User-Agent: Ticketing-WebApp
Connection: close
Request body:

========================================
2019-05-08 08:56:53 
::1 POST /tourism/public-api/v1/users/token HTTP/1.1
HTTP headers:
Host: localhost
Content-Length: 25
User-Agent: Ticketing-WebApp
Connection: close
Content-Type: application/x-www-form-urlencoded
Request body:
username=ade&password=ade
========================================
2019-05-08 08:56:54 
::1 GET /tourism/public-api/v1/users/1 HTTP/1.1
HTTP headers:
Host: localhost
User-Agent: Ticketing-WebApp
Authorization: Bearer eyJ0eXAiOiJKV1QiLCJhbGciOiJIUzI1NiJ9.eyJpYXQiOjE1NTcyODA2MTMsImp0aSI6ImdPZFdsN1ZEeXdvYVE3T2tqcnhlVUpkeEV6MVI2dlFPNHErZllld1lsdXc9IiwiaXNzIjoiOjoxIiwibmJmIjoxNTU3MjgwNjEzLCJleHAiOjE1NTcyODI0MTMsImRhdGEiOnsidXNlcm5hbWUiOiJhZGUiLCJwYXNzd29yZCI6ImI3MDE2NmQyMzU5ZTU1ZmYzNDg0ZjVkNzAyMGM3MGQ4NmQ4OTA3OTYiLCJpcCI6Ijo6MSIsInVzZXJfYWdlbnQiOiJUaWNrZXRpbmctV2ViQXBwIn19.bj-F3KDT0WBw7yWEWWVfJ69sNcJhVKHnsbgxO_94qdw
Connection: close
Request body:

========================================
2019-05-08 08:56:54 
::1 GET /tourism/public-api/v1/tourism?tourism_approval_status=2&sort=DESC HTTP/1.1
HTTP headers:
Host: localhost
User-Agent: Ticketing-WebApp
Authorization: Bearer eyJ0eXAiOiJKV1QiLCJhbGciOiJIUzI1NiJ9.eyJpYXQiOjE1NTcyODA2MTMsImp0aSI6ImdPZFdsN1ZEeXdvYVE3T2tqcnhlVUpkeEV6MVI2dlFPNHErZllld1lsdXc9IiwiaXNzIjoiOjoxIiwibmJmIjoxNTU3MjgwNjEzLCJleHAiOjE1NTcyODI0MTMsImRhdGEiOnsidXNlcm5hbWUiOiJhZGUiLCJwYXNzd29yZCI6ImI3MDE2NmQyMzU5ZTU1ZmYzNDg0ZjVkNzAyMGM3MGQ4NmQ4OTA3OTYiLCJpcCI6Ijo6MSIsInVzZXJfYWdlbnQiOiJUaWNrZXRpbmctV2ViQXBwIn19.bj-F3KDT0WBw7yWEWWVfJ69sNcJhVKHnsbgxO_94qdw
Connection: close
Request body:

========================================
2019-05-08 08:57:07 
::1 GET /tourism/public-api/v1/destination_accounts/active HTTP/1.1
HTTP headers:
Host: localhost
User-Agent: Ticketing-WebApp
Authorization: Bearer eyJ0eXAiOiJKV1QiLCJhbGciOiJIUzI1NiJ9.eyJpYXQiOjE1NTcyODA2MTMsImp0aSI6ImdPZFdsN1ZEeXdvYVE3T2tqcnhlVUpkeEV6MVI2dlFPNHErZllld1lsdXc9IiwiaXNzIjoiOjoxIiwibmJmIjoxNTU3MjgwNjEzLCJleHAiOjE1NTcyODI0MTMsImRhdGEiOnsidXNlcm5hbWUiOiJhZGUiLCJwYXNzd29yZCI6ImI3MDE2NmQyMzU5ZTU1ZmYzNDg0ZjVkNzAyMGM3MGQ4NmQ4OTA3OTYiLCJpcCI6Ijo6MSIsInVzZXJfYWdlbnQiOiJUaWNrZXRpbmctV2ViQXBwIn19.bj-F3KDT0WBw7yWEWWVfJ69sNcJhVKHnsbgxO_94qdw
Connection: close
Request body:

========================================
2019-05-08 08:57:14 
::1 GET /tourism/public-api/v1/customer_feedback?limit=1 HTTP/1.1
HTTP headers:
Host: localhost
User-Agent: Ticketing-WebApp
Authorization: Bearer eyJ0eXAiOiJKV1QiLCJhbGciOiJIUzI1NiJ9.eyJpYXQiOjE1NTcyODA2MTMsImp0aSI6ImdPZFdsN1ZEeXdvYVE3T2tqcnhlVUpkeEV6MVI2dlFPNHErZllld1lsdXc9IiwiaXNzIjoiOjoxIiwibmJmIjoxNTU3MjgwNjEzLCJleHAiOjE1NTcyODI0MTMsImRhdGEiOnsidXNlcm5hbWUiOiJhZGUiLCJwYXNzd29yZCI6ImI3MDE2NmQyMzU5ZTU1ZmYzNDg0ZjVkNzAyMGM3MGQ4NmQ4OTA3OTYiLCJpcCI6Ijo6MSIsInVzZXJfYWdlbnQiOiJUaWNrZXRpbmctV2ViQXBwIn19.bj-F3KDT0WBw7yWEWWVfJ69sNcJhVKHnsbgxO_94qdw
Connection: close
Request body:

========================================
2019-05-08 08:57:14 
::1 GET /tourism/public-api/v1/customer_feedback?limit=2 HTTP/1.1
HTTP headers:
Host: localhost
User-Agent: Ticketing-WebApp
Authorization: Bearer eyJ0eXAiOiJKV1QiLCJhbGciOiJIUzI1NiJ9.eyJpYXQiOjE1NTcyODA2MTMsImp0aSI6ImdPZFdsN1ZEeXdvYVE3T2tqcnhlVUpkeEV6MVI2dlFPNHErZllld1lsdXc9IiwiaXNzIjoiOjoxIiwibmJmIjoxNTU3MjgwNjEzLCJleHAiOjE1NTcyODI0MTMsImRhdGEiOnsidXNlcm5hbWUiOiJhZGUiLCJwYXNzd29yZCI6ImI3MDE2NmQyMzU5ZTU1ZmYzNDg0ZjVkNzAyMGM3MGQ4NmQ4OTA3OTYiLCJpcCI6Ijo6MSIsInVzZXJfYWdlbnQiOiJUaWNrZXRpbmctV2ViQXBwIn19.bj-F3KDT0WBw7yWEWWVfJ69sNcJhVKHnsbgxO_94qdw
Connection: close
Request body:

========================================
2019-05-08 09:13:26 
::1 GET /tourism/public-api/v1/countries/5/continent?limit=1 HTTP/1.1
HTTP headers:
Host: localhost
User-Agent: Ticketing-WebApp
Authorization: Bearer eyJ0eXAiOiJKV1QiLCJhbGciOiJIUzI1NiJ9.eyJpYXQiOjE1NTcyODA2MTMsImp0aSI6ImdPZFdsN1ZEeXdvYVE3T2tqcnhlVUpkeEV6MVI2dlFPNHErZllld1lsdXc9IiwiaXNzIjoiOjoxIiwibmJmIjoxNTU3MjgwNjEzLCJleHAiOjE1NTcyODI0MTMsImRhdGEiOnsidXNlcm5hbWUiOiJhZGUiLCJwYXNzd29yZCI6ImI3MDE2NmQyMzU5ZTU1ZmYzNDg0ZjVkNzAyMGM3MGQ4NmQ4OTA3OTYiLCJpcCI6Ijo6MSIsInVzZXJfYWdlbnQiOiJUaWNrZXRpbmctV2ViQXBwIn19.bj-F3KDT0WBw7yWEWWVfJ69sNcJhVKHnsbgxO_94qdw
Connection: close
Request body:

========================================
2019-05-08 09:13:26 
::1 GET /tourism/public-api/v1/countries/5/continent?limit=6 HTTP/1.1
HTTP headers:
Host: localhost
User-Agent: Ticketing-WebApp
Authorization: Bearer eyJ0eXAiOiJKV1QiLCJhbGciOiJIUzI1NiJ9.eyJpYXQiOjE1NTcyODA2MTMsImp0aSI6ImdPZFdsN1ZEeXdvYVE3T2tqcnhlVUpkeEV6MVI2dlFPNHErZllld1lsdXc9IiwiaXNzIjoiOjoxIiwibmJmIjoxNTU3MjgwNjEzLCJleHAiOjE1NTcyODI0MTMsImRhdGEiOnsidXNlcm5hbWUiOiJhZGUiLCJwYXNzd29yZCI6ImI3MDE2NmQyMzU5ZTU1ZmYzNDg0ZjVkNzAyMGM3MGQ4NmQ4OTA3OTYiLCJpcCI6Ijo6MSIsInVzZXJfYWdlbnQiOiJUaWNrZXRpbmctV2ViQXBwIn19.bj-F3KDT0WBw7yWEWWVfJ69sNcJhVKHnsbgxO_94qdw
Connection: close
Request body:

========================================
2019-05-08 09:13:31 
::1 GET /tourism/public-api/v1/tickets?limit=1 HTTP/1.1
HTTP headers:
Host: localhost
User-Agent: Ticketing-WebApp
Authorization: Bearer eyJ0eXAiOiJKV1QiLCJhbGciOiJIUzI1NiJ9.eyJpYXQiOjE1NTcyODA2MTMsImp0aSI6ImdPZFdsN1ZEeXdvYVE3T2tqcnhlVUpkeEV6MVI2dlFPNHErZllld1lsdXc9IiwiaXNzIjoiOjoxIiwibmJmIjoxNTU3MjgwNjEzLCJleHAiOjE1NTcyODI0MTMsImRhdGEiOnsidXNlcm5hbWUiOiJhZGUiLCJwYXNzd29yZCI6ImI3MDE2NmQyMzU5ZTU1ZmYzNDg0ZjVkNzAyMGM3MGQ4NmQ4OTA3OTYiLCJpcCI6Ijo6MSIsInVzZXJfYWdlbnQiOiJUaWNrZXRpbmctV2ViQXBwIn19.bj-F3KDT0WBw7yWEWWVfJ69sNcJhVKHnsbgxO_94qdw
Connection: close
Request body:

========================================
2019-05-08 09:13:31 
::1 GET /tourism/public-api/v1/tickets?limit=2 HTTP/1.1
HTTP headers:
Host: localhost
User-Agent: Ticketing-WebApp
Authorization: Bearer eyJ0eXAiOiJKV1QiLCJhbGciOiJIUzI1NiJ9.eyJpYXQiOjE1NTcyODA2MTMsImp0aSI6ImdPZFdsN1ZEeXdvYVE3T2tqcnhlVUpkeEV6MVI2dlFPNHErZllld1lsdXc9IiwiaXNzIjoiOjoxIiwibmJmIjoxNTU3MjgwNjEzLCJleHAiOjE1NTcyODI0MTMsImRhdGEiOnsidXNlcm5hbWUiOiJhZGUiLCJwYXNzd29yZCI6ImI3MDE2NmQyMzU5ZTU1ZmYzNDg0ZjVkNzAyMGM3MGQ4NmQ4OTA3OTYiLCJpcCI6Ijo6MSIsInVzZXJfYWdlbnQiOiJUaWNrZXRpbmctV2ViQXBwIn19.bj-F3KDT0WBw7yWEWWVfJ69sNcJhVKHnsbgxO_94qdw
Connection: close
Request body:

========================================
2019-05-08 09:13:32 
::1 GET /tourism/public-api/v1/users?limit=1 HTTP/1.1
HTTP headers:
Host: localhost
User-Agent: Ticketing-WebApp
Authorization: Bearer eyJ0eXAiOiJKV1QiLCJhbGciOiJIUzI1NiJ9.eyJpYXQiOjE1NTcyODA2MTMsImp0aSI6ImdPZFdsN1ZEeXdvYVE3T2tqcnhlVUpkeEV6MVI2dlFPNHErZllld1lsdXc9IiwiaXNzIjoiOjoxIiwibmJmIjoxNTU3MjgwNjEzLCJleHAiOjE1NTcyODI0MTMsImRhdGEiOnsidXNlcm5hbWUiOiJhZGUiLCJwYXNzd29yZCI6ImI3MDE2NmQyMzU5ZTU1ZmYzNDg0ZjVkNzAyMGM3MGQ4NmQ4OTA3OTYiLCJpcCI6Ijo6MSIsInVzZXJfYWdlbnQiOiJUaWNrZXRpbmctV2ViQXBwIn19.bj-F3KDT0WBw7yWEWWVfJ69sNcJhVKHnsbgxO_94qdw
Connection: close
Request body:

========================================
2019-05-08 09:13:32 
::1 GET /tourism/public-api/v1/users?limit=14 HTTP/1.1
HTTP headers:
Host: localhost
User-Agent: Ticketing-WebApp
Authorization: Bearer eyJ0eXAiOiJKV1QiLCJhbGciOiJIUzI1NiJ9.eyJpYXQiOjE1NTcyODA2MTMsImp0aSI6ImdPZFdsN1ZEeXdvYVE3T2tqcnhlVUpkeEV6MVI2dlFPNHErZllld1lsdXc9IiwiaXNzIjoiOjoxIiwibmJmIjoxNTU3MjgwNjEzLCJleHAiOjE1NTcyODI0MTMsImRhdGEiOnsidXNlcm5hbWUiOiJhZGUiLCJwYXNzd29yZCI6ImI3MDE2NmQyMzU5ZTU1ZmYzNDg0ZjVkNzAyMGM3MGQ4NmQ4OTA3OTYiLCJpcCI6Ijo6MSIsInVzZXJfYWdlbnQiOiJUaWNrZXRpbmctV2ViQXBwIn19.bj-F3KDT0WBw7yWEWWVfJ69sNcJhVKHnsbgxO_94qdw
Connection: close
Request body:

========================================
2019-05-08 09:25:45 
::1 GET /tourism/public-api/v1/customer_feedback?limit=1 HTTP/1.1
HTTP headers:
Host: localhost
User-Agent: Ticketing-WebApp
Authorization: Bearer eyJ0eXAiOiJKV1QiLCJhbGciOiJIUzI1NiJ9.eyJpYXQiOjE1NTcyODA2MTMsImp0aSI6ImdPZFdsN1ZEeXdvYVE3T2tqcnhlVUpkeEV6MVI2dlFPNHErZllld1lsdXc9IiwiaXNzIjoiOjoxIiwibmJmIjoxNTU3MjgwNjEzLCJleHAiOjE1NTcyODI0MTMsImRhdGEiOnsidXNlcm5hbWUiOiJhZGUiLCJwYXNzd29yZCI6ImI3MDE2NmQyMzU5ZTU1ZmYzNDg0ZjVkNzAyMGM3MGQ4NmQ4OTA3OTYiLCJpcCI6Ijo6MSIsInVzZXJfYWdlbnQiOiJUaWNrZXRpbmctV2ViQXBwIn19.bj-F3KDT0WBw7yWEWWVfJ69sNcJhVKHnsbgxO_94qdw
Connection: close
Request body:

========================================
2019-05-08 09:25:45 
::1 GET /tourism/public-api/v1/customer_feedback?limit=2 HTTP/1.1
HTTP headers:
Host: localhost
User-Agent: Ticketing-WebApp
Authorization: Bearer eyJ0eXAiOiJKV1QiLCJhbGciOiJIUzI1NiJ9.eyJpYXQiOjE1NTcyODA2MTMsImp0aSI6ImdPZFdsN1ZEeXdvYVE3T2tqcnhlVUpkeEV6MVI2dlFPNHErZllld1lsdXc9IiwiaXNzIjoiOjoxIiwibmJmIjoxNTU3MjgwNjEzLCJleHAiOjE1NTcyODI0MTMsImRhdGEiOnsidXNlcm5hbWUiOiJhZGUiLCJwYXNzd29yZCI6ImI3MDE2NmQyMzU5ZTU1ZmYzNDg0ZjVkNzAyMGM3MGQ4NmQ4OTA3OTYiLCJpcCI6Ijo6MSIsInVzZXJfYWdlbnQiOiJUaWNrZXRpbmctV2ViQXBwIn19.bj-F3KDT0WBw7yWEWWVfJ69sNcJhVKHnsbgxO_94qdw
Connection: close
Request body:

========================================
2019-05-08 09:27:19 
::1 GET /tourism/public-api/v1/customer_feedback?limit=1 HTTP/1.1
HTTP headers:
Host: localhost
User-Agent: Ticketing-WebApp
Authorization: Bearer eyJ0eXAiOiJKV1QiLCJhbGciOiJIUzI1NiJ9.eyJpYXQiOjE1NTcyODA2MTMsImp0aSI6ImdPZFdsN1ZEeXdvYVE3T2tqcnhlVUpkeEV6MVI2dlFPNHErZllld1lsdXc9IiwiaXNzIjoiOjoxIiwibmJmIjoxNTU3MjgwNjEzLCJleHAiOjE1NTcyODI0MTMsImRhdGEiOnsidXNlcm5hbWUiOiJhZGUiLCJwYXNzd29yZCI6ImI3MDE2NmQyMzU5ZTU1ZmYzNDg0ZjVkNzAyMGM3MGQ4NmQ4OTA3OTYiLCJpcCI6Ijo6MSIsInVzZXJfYWdlbnQiOiJUaWNrZXRpbmctV2ViQXBwIn19.bj-F3KDT0WBw7yWEWWVfJ69sNcJhVKHnsbgxO_94qdw
Connection: close
Request body:

========================================
2019-05-08 09:27:19 
::1 GET /tourism/public-api/v1/customer_feedback?limit=2 HTTP/1.1
HTTP headers:
Host: localhost
User-Agent: Ticketing-WebApp
Authorization: Bearer eyJ0eXAiOiJKV1QiLCJhbGciOiJIUzI1NiJ9.eyJpYXQiOjE1NTcyODA2MTMsImp0aSI6ImdPZFdsN1ZEeXdvYVE3T2tqcnhlVUpkeEV6MVI2dlFPNHErZllld1lsdXc9IiwiaXNzIjoiOjoxIiwibmJmIjoxNTU3MjgwNjEzLCJleHAiOjE1NTcyODI0MTMsImRhdGEiOnsidXNlcm5hbWUiOiJhZGUiLCJwYXNzd29yZCI6ImI3MDE2NmQyMzU5ZTU1ZmYzNDg0ZjVkNzAyMGM3MGQ4NmQ4OTA3OTYiLCJpcCI6Ijo6MSIsInVzZXJfYWdlbnQiOiJUaWNrZXRpbmctV2ViQXBwIn19.bj-F3KDT0WBw7yWEWWVfJ69sNcJhVKHnsbgxO_94qdw
Connection: close
Request body:

========================================
2019-05-08 09:32:35 
::1 GET /tourism/public-api/v1/customer_feedback?limit=1 HTTP/1.1
HTTP headers:
Host: localhost
User-Agent: Ticketing-WebApp
Authorization: Bearer eyJ0eXAiOiJKV1QiLCJhbGciOiJIUzI1NiJ9.eyJpYXQiOjE1NTcyODA2MTMsImp0aSI6ImdPZFdsN1ZEeXdvYVE3T2tqcnhlVUpkeEV6MVI2dlFPNHErZllld1lsdXc9IiwiaXNzIjoiOjoxIiwibmJmIjoxNTU3MjgwNjEzLCJleHAiOjE1NTcyODI0MTMsImRhdGEiOnsidXNlcm5hbWUiOiJhZGUiLCJwYXNzd29yZCI6ImI3MDE2NmQyMzU5ZTU1ZmYzNDg0ZjVkNzAyMGM3MGQ4NmQ4OTA3OTYiLCJpcCI6Ijo6MSIsInVzZXJfYWdlbnQiOiJUaWNrZXRpbmctV2ViQXBwIn19.bj-F3KDT0WBw7yWEWWVfJ69sNcJhVKHnsbgxO_94qdw
Connection: close
Request body:

========================================
2019-05-08 09:32:36 
::1 GET /tourism/public-api/v1/customer_feedback?limit=2 HTTP/1.1
HTTP headers:
Host: localhost
User-Agent: Ticketing-WebApp
Authorization: Bearer eyJ0eXAiOiJKV1QiLCJhbGciOiJIUzI1NiJ9.eyJpYXQiOjE1NTcyODA2MTMsImp0aSI6ImdPZFdsN1ZEeXdvYVE3T2tqcnhlVUpkeEV6MVI2dlFPNHErZllld1lsdXc9IiwiaXNzIjoiOjoxIiwibmJmIjoxNTU3MjgwNjEzLCJleHAiOjE1NTcyODI0MTMsImRhdGEiOnsidXNlcm5hbWUiOiJhZGUiLCJwYXNzd29yZCI6ImI3MDE2NmQyMzU5ZTU1ZmYzNDg0ZjVkNzAyMGM3MGQ4NmQ4OTA3OTYiLCJpcCI6Ijo6MSIsInVzZXJfYWdlbnQiOiJUaWNrZXRpbmctV2ViQXBwIn19.bj-F3KDT0WBw7yWEWWVfJ69sNcJhVKHnsbgxO_94qdw
Connection: close
Request body:

========================================
2019-05-08 09:32:46 
::1 GET /tourism/public-api/v1/tickets?limit=1 HTTP/1.1
HTTP headers:
Host: localhost
User-Agent: Ticketing-WebApp
Authorization: Bearer eyJ0eXAiOiJKV1QiLCJhbGciOiJIUzI1NiJ9.eyJpYXQiOjE1NTcyODA2MTMsImp0aSI6ImdPZFdsN1ZEeXdvYVE3T2tqcnhlVUpkeEV6MVI2dlFPNHErZllld1lsdXc9IiwiaXNzIjoiOjoxIiwibmJmIjoxNTU3MjgwNjEzLCJleHAiOjE1NTcyODI0MTMsImRhdGEiOnsidXNlcm5hbWUiOiJhZGUiLCJwYXNzd29yZCI6ImI3MDE2NmQyMzU5ZTU1ZmYzNDg0ZjVkNzAyMGM3MGQ4NmQ4OTA3OTYiLCJpcCI6Ijo6MSIsInVzZXJfYWdlbnQiOiJUaWNrZXRpbmctV2ViQXBwIn19.bj-F3KDT0WBw7yWEWWVfJ69sNcJhVKHnsbgxO_94qdw
Connection: close
Request body:

========================================
2019-05-08 09:32:46 
::1 POST /tourism/public-api/v1/users/token HTTP/1.1
HTTP headers:
Host: localhost
Content-Length: 25
User-Agent: Ticketing-WebApp
Connection: close
Content-Type: application/x-www-form-urlencoded
Request body:
username=ade&password=ade
========================================
2019-05-08 09:32:47 
::1 GET /tourism/public-api/v1/tickets?limit=1 HTTP/1.1
HTTP headers:
Host: localhost
User-Agent: Ticketing-WebApp
Authorization: Bearer eyJ0eXAiOiJKV1QiLCJhbGciOiJIUzI1NiJ9.eyJpYXQiOjE1NTcyODI3NjYsImp0aSI6IlRPZkNtXC80cFRWais4WmRVZEZFUkpBMWp0bGtMTDMzXC95YTY5VEJ3SGl2Zz0iLCJpc3MiOiI6OjEiLCJuYmYiOjE1NTcyODI3NjYsImV4cCI6MTU1NzI4NDU2NiwiZGF0YSI6eyJ1c2VybmFtZSI6ImFkZSIsInBhc3N3b3JkIjoiYjcwMTY2ZDIzNTllNTVmZjM0ODRmNWQ3MDIwYzcwZDg2ZDg5MDc5NiIsImlwIjoiOjoxIiwidXNlcl9hZ2VudCI6IlRpY2tldGluZy1XZWJBcHAifX0.4Hup3eWNyWMIu_s695AIh1G8ZPHnycSDhxu8p599LGs
Connection: close
Request body:

========================================
2019-05-08 09:32:48 
::1 GET /tourism/public-api/v1/tickets?limit=2 HTTP/1.1
HTTP headers:
Host: localhost
User-Agent: Ticketing-WebApp
Authorization: Bearer eyJ0eXAiOiJKV1QiLCJhbGciOiJIUzI1NiJ9.eyJpYXQiOjE1NTcyODI3NjYsImp0aSI6IlRPZkNtXC80cFRWais4WmRVZEZFUkpBMWp0bGtMTDMzXC95YTY5VEJ3SGl2Zz0iLCJpc3MiOiI6OjEiLCJuYmYiOjE1NTcyODI3NjYsImV4cCI6MTU1NzI4NDU2NiwiZGF0YSI6eyJ1c2VybmFtZSI6ImFkZSIsInBhc3N3b3JkIjoiYjcwMTY2ZDIzNTllNTVmZjM0ODRmNWQ3MDIwYzcwZDg2ZDg5MDc5NiIsImlwIjoiOjoxIiwidXNlcl9hZ2VudCI6IlRpY2tldGluZy1XZWJBcHAifX0.4Hup3eWNyWMIu_s695AIh1G8ZPHnycSDhxu8p599LGs
Connection: close
Request body:

========================================
2019-05-08 09:33:37 
::1 GET /tourism/public-api/v1/tickets?limit=1 HTTP/1.1
HTTP headers:
Host: localhost
User-Agent: Ticketing-WebApp
Authorization: Bearer eyJ0eXAiOiJKV1QiLCJhbGciOiJIUzI1NiJ9.eyJpYXQiOjE1NTcyODI3NjYsImp0aSI6IlRPZkNtXC80cFRWais4WmRVZEZFUkpBMWp0bGtMTDMzXC95YTY5VEJ3SGl2Zz0iLCJpc3MiOiI6OjEiLCJuYmYiOjE1NTcyODI3NjYsImV4cCI6MTU1NzI4NDU2NiwiZGF0YSI6eyJ1c2VybmFtZSI6ImFkZSIsInBhc3N3b3JkIjoiYjcwMTY2ZDIzNTllNTVmZjM0ODRmNWQ3MDIwYzcwZDg2ZDg5MDc5NiIsImlwIjoiOjoxIiwidXNlcl9hZ2VudCI6IlRpY2tldGluZy1XZWJBcHAifX0.4Hup3eWNyWMIu_s695AIh1G8ZPHnycSDhxu8p599LGs
Connection: close
Request body:

========================================
2019-05-08 09:33:37 
::1 GET /tourism/public-api/v1/tickets?limit=2 HTTP/1.1
HTTP headers:
Host: localhost
User-Agent: Ticketing-WebApp
Authorization: Bearer eyJ0eXAiOiJKV1QiLCJhbGciOiJIUzI1NiJ9.eyJpYXQiOjE1NTcyODI3NjYsImp0aSI6IlRPZkNtXC80cFRWais4WmRVZEZFUkpBMWp0bGtMTDMzXC95YTY5VEJ3SGl2Zz0iLCJpc3MiOiI6OjEiLCJuYmYiOjE1NTcyODI3NjYsImV4cCI6MTU1NzI4NDU2NiwiZGF0YSI6eyJ1c2VybmFtZSI6ImFkZSIsInBhc3N3b3JkIjoiYjcwMTY2ZDIzNTllNTVmZjM0ODRmNWQ3MDIwYzcwZDg2ZDg5MDc5NiIsImlwIjoiOjoxIiwidXNlcl9hZ2VudCI6IlRpY2tldGluZy1XZWJBcHAifX0.4Hup3eWNyWMIu_s695AIh1G8ZPHnycSDhxu8p599LGs
Connection: close
Request body:

========================================
2019-05-08 09:34:03 
::1 GET /tourism/public-api/v1/customer_feedback?limit=1 HTTP/1.1
HTTP headers:
Host: localhost
User-Agent: Ticketing-WebApp
Authorization: Bearer eyJ0eXAiOiJKV1QiLCJhbGciOiJIUzI1NiJ9.eyJpYXQiOjE1NTcyODI3NjYsImp0aSI6IlRPZkNtXC80cFRWais4WmRVZEZFUkpBMWp0bGtMTDMzXC95YTY5VEJ3SGl2Zz0iLCJpc3MiOiI6OjEiLCJuYmYiOjE1NTcyODI3NjYsImV4cCI6MTU1NzI4NDU2NiwiZGF0YSI6eyJ1c2VybmFtZSI6ImFkZSIsInBhc3N3b3JkIjoiYjcwMTY2ZDIzNTllNTVmZjM0ODRmNWQ3MDIwYzcwZDg2ZDg5MDc5NiIsImlwIjoiOjoxIiwidXNlcl9hZ2VudCI6IlRpY2tldGluZy1XZWJBcHAifX0.4Hup3eWNyWMIu_s695AIh1G8ZPHnycSDhxu8p599LGs
Connection: close
Request body:

========================================
2019-05-08 09:34:03 
::1 GET /tourism/public-api/v1/customer_feedback?limit=2 HTTP/1.1
HTTP headers:
Host: localhost
User-Agent: Ticketing-WebApp
Authorization: Bearer eyJ0eXAiOiJKV1QiLCJhbGciOiJIUzI1NiJ9.eyJpYXQiOjE1NTcyODI3NjYsImp0aSI6IlRPZkNtXC80cFRWais4WmRVZEZFUkpBMWp0bGtMTDMzXC95YTY5VEJ3SGl2Zz0iLCJpc3MiOiI6OjEiLCJuYmYiOjE1NTcyODI3NjYsImV4cCI6MTU1NzI4NDU2NiwiZGF0YSI6eyJ1c2VybmFtZSI6ImFkZSIsInBhc3N3b3JkIjoiYjcwMTY2ZDIzNTllNTVmZjM0ODRmNWQ3MDIwYzcwZDg2ZDg5MDc5NiIsImlwIjoiOjoxIiwidXNlcl9hZ2VudCI6IlRpY2tldGluZy1XZWJBcHAifX0.4Hup3eWNyWMIu_s695AIh1G8ZPHnycSDhxu8p599LGs
Connection: close
Request body:

========================================
2019-05-08 09:34:20 
::1 GET /tourism/public-api/v1/tickets?limit=1 HTTP/1.1
HTTP headers:
Host: localhost
User-Agent: Ticketing-WebApp
Authorization: Bearer eyJ0eXAiOiJKV1QiLCJhbGciOiJIUzI1NiJ9.eyJpYXQiOjE1NTcyODI3NjYsImp0aSI6IlRPZkNtXC80cFRWais4WmRVZEZFUkpBMWp0bGtMTDMzXC95YTY5VEJ3SGl2Zz0iLCJpc3MiOiI6OjEiLCJuYmYiOjE1NTcyODI3NjYsImV4cCI6MTU1NzI4NDU2NiwiZGF0YSI6eyJ1c2VybmFtZSI6ImFkZSIsInBhc3N3b3JkIjoiYjcwMTY2ZDIzNTllNTVmZjM0ODRmNWQ3MDIwYzcwZDg2ZDg5MDc5NiIsImlwIjoiOjoxIiwidXNlcl9hZ2VudCI6IlRpY2tldGluZy1XZWJBcHAifX0.4Hup3eWNyWMIu_s695AIh1G8ZPHnycSDhxu8p599LGs
Connection: close
Request body:

========================================
2019-05-08 09:34:20 
::1 GET /tourism/public-api/v1/tickets?limit=2 HTTP/1.1
HTTP headers:
Host: localhost
User-Agent: Ticketing-WebApp
Authorization: Bearer eyJ0eXAiOiJKV1QiLCJhbGciOiJIUzI1NiJ9.eyJpYXQiOjE1NTcyODI3NjYsImp0aSI6IlRPZkNtXC80cFRWais4WmRVZEZFUkpBMWp0bGtMTDMzXC95YTY5VEJ3SGl2Zz0iLCJpc3MiOiI6OjEiLCJuYmYiOjE1NTcyODI3NjYsImV4cCI6MTU1NzI4NDU2NiwiZGF0YSI6eyJ1c2VybmFtZSI6ImFkZSIsInBhc3N3b3JkIjoiYjcwMTY2ZDIzNTllNTVmZjM0ODRmNWQ3MDIwYzcwZDg2ZDg5MDc5NiIsImlwIjoiOjoxIiwidXNlcl9hZ2VudCI6IlRpY2tldGluZy1XZWJBcHAifX0.4Hup3eWNyWMIu_s695AIh1G8ZPHnycSDhxu8p599LGs
Connection: close
Request body:

========================================
2019-05-08 09:35:49 
::1 GET /tourism/public-api/v1/tickets?limit=1 HTTP/1.1
HTTP headers:
Host: localhost
User-Agent: Ticketing-WebApp
Authorization: Bearer eyJ0eXAiOiJKV1QiLCJhbGciOiJIUzI1NiJ9.eyJpYXQiOjE1NTcyODI3NjYsImp0aSI6IlRPZkNtXC80cFRWais4WmRVZEZFUkpBMWp0bGtMTDMzXC95YTY5VEJ3SGl2Zz0iLCJpc3MiOiI6OjEiLCJuYmYiOjE1NTcyODI3NjYsImV4cCI6MTU1NzI4NDU2NiwiZGF0YSI6eyJ1c2VybmFtZSI6ImFkZSIsInBhc3N3b3JkIjoiYjcwMTY2ZDIzNTllNTVmZjM0ODRmNWQ3MDIwYzcwZDg2ZDg5MDc5NiIsImlwIjoiOjoxIiwidXNlcl9hZ2VudCI6IlRpY2tldGluZy1XZWJBcHAifX0.4Hup3eWNyWMIu_s695AIh1G8ZPHnycSDhxu8p599LGs
Connection: close
Request body:

========================================
2019-05-08 09:35:49 
::1 GET /tourism/public-api/v1/tickets?limit=2 HTTP/1.1
HTTP headers:
Host: localhost
User-Agent: Ticketing-WebApp
Authorization: Bearer eyJ0eXAiOiJKV1QiLCJhbGciOiJIUzI1NiJ9.eyJpYXQiOjE1NTcyODI3NjYsImp0aSI6IlRPZkNtXC80cFRWais4WmRVZEZFUkpBMWp0bGtMTDMzXC95YTY5VEJ3SGl2Zz0iLCJpc3MiOiI6OjEiLCJuYmYiOjE1NTcyODI3NjYsImV4cCI6MTU1NzI4NDU2NiwiZGF0YSI6eyJ1c2VybmFtZSI6ImFkZSIsInBhc3N3b3JkIjoiYjcwMTY2ZDIzNTllNTVmZjM0ODRmNWQ3MDIwYzcwZDg2ZDg5MDc5NiIsImlwIjoiOjoxIiwidXNlcl9hZ2VudCI6IlRpY2tldGluZy1XZWJBcHAifX0.4Hup3eWNyWMIu_s695AIh1G8ZPHnycSDhxu8p599LGs
Connection: close
Request body:

========================================
2019-05-08 09:36:19 
::1 GET /tourism/public-api/v1/tickets?limit=1 HTTP/1.1
HTTP headers:
Host: localhost
User-Agent: Ticketing-WebApp
Authorization: Bearer eyJ0eXAiOiJKV1QiLCJhbGciOiJIUzI1NiJ9.eyJpYXQiOjE1NTcyODI3NjYsImp0aSI6IlRPZkNtXC80cFRWais4WmRVZEZFUkpBMWp0bGtMTDMzXC95YTY5VEJ3SGl2Zz0iLCJpc3MiOiI6OjEiLCJuYmYiOjE1NTcyODI3NjYsImV4cCI6MTU1NzI4NDU2NiwiZGF0YSI6eyJ1c2VybmFtZSI6ImFkZSIsInBhc3N3b3JkIjoiYjcwMTY2ZDIzNTllNTVmZjM0ODRmNWQ3MDIwYzcwZDg2ZDg5MDc5NiIsImlwIjoiOjoxIiwidXNlcl9hZ2VudCI6IlRpY2tldGluZy1XZWJBcHAifX0.4Hup3eWNyWMIu_s695AIh1G8ZPHnycSDhxu8p599LGs
Connection: close
Request body:

========================================
2019-05-08 09:36:19 
::1 GET /tourism/public-api/v1/tickets?limit=2 HTTP/1.1
HTTP headers:
Host: localhost
User-Agent: Ticketing-WebApp
Authorization: Bearer eyJ0eXAiOiJKV1QiLCJhbGciOiJIUzI1NiJ9.eyJpYXQiOjE1NTcyODI3NjYsImp0aSI6IlRPZkNtXC80cFRWais4WmRVZEZFUkpBMWp0bGtMTDMzXC95YTY5VEJ3SGl2Zz0iLCJpc3MiOiI6OjEiLCJuYmYiOjE1NTcyODI3NjYsImV4cCI6MTU1NzI4NDU2NiwiZGF0YSI6eyJ1c2VybmFtZSI6ImFkZSIsInBhc3N3b3JkIjoiYjcwMTY2ZDIzNTllNTVmZjM0ODRmNWQ3MDIwYzcwZDg2ZDg5MDc5NiIsImlwIjoiOjoxIiwidXNlcl9hZ2VudCI6IlRpY2tldGluZy1XZWJBcHAifX0.4Hup3eWNyWMIu_s695AIh1G8ZPHnycSDhxu8p599LGs
Connection: close
Request body:

========================================
2019-05-08 09:38:21 
::1 GET /tourism/public-api/v1/tickets?limit=1 HTTP/1.1
HTTP headers:
Host: localhost
User-Agent: Ticketing-WebApp
Authorization: Bearer eyJ0eXAiOiJKV1QiLCJhbGciOiJIUzI1NiJ9.eyJpYXQiOjE1NTcyODI3NjYsImp0aSI6IlRPZkNtXC80cFRWais4WmRVZEZFUkpBMWp0bGtMTDMzXC95YTY5VEJ3SGl2Zz0iLCJpc3MiOiI6OjEiLCJuYmYiOjE1NTcyODI3NjYsImV4cCI6MTU1NzI4NDU2NiwiZGF0YSI6eyJ1c2VybmFtZSI6ImFkZSIsInBhc3N3b3JkIjoiYjcwMTY2ZDIzNTllNTVmZjM0ODRmNWQ3MDIwYzcwZDg2ZDg5MDc5NiIsImlwIjoiOjoxIiwidXNlcl9hZ2VudCI6IlRpY2tldGluZy1XZWJBcHAifX0.4Hup3eWNyWMIu_s695AIh1G8ZPHnycSDhxu8p599LGs
Connection: close
Request body:

========================================
2019-05-08 09:38:21 
::1 GET /tourism/public-api/v1/tickets?limit=2 HTTP/1.1
HTTP headers:
Host: localhost
User-Agent: Ticketing-WebApp
Authorization: Bearer eyJ0eXAiOiJKV1QiLCJhbGciOiJIUzI1NiJ9.eyJpYXQiOjE1NTcyODI3NjYsImp0aSI6IlRPZkNtXC80cFRWais4WmRVZEZFUkpBMWp0bGtMTDMzXC95YTY5VEJ3SGl2Zz0iLCJpc3MiOiI6OjEiLCJuYmYiOjE1NTcyODI3NjYsImV4cCI6MTU1NzI4NDU2NiwiZGF0YSI6eyJ1c2VybmFtZSI6ImFkZSIsInBhc3N3b3JkIjoiYjcwMTY2ZDIzNTllNTVmZjM0ODRmNWQ3MDIwYzcwZDg2ZDg5MDc5NiIsImlwIjoiOjoxIiwidXNlcl9hZ2VudCI6IlRpY2tldGluZy1XZWJBcHAifX0.4Hup3eWNyWMIu_s695AIh1G8ZPHnycSDhxu8p599LGs
Connection: close
Request body:

========================================
2019-05-08 09:38:35 
::1 GET /tourism/public-api/v1/tickets?limit=1 HTTP/1.1
HTTP headers:
Host: localhost
User-Agent: Ticketing-WebApp
Authorization: Bearer eyJ0eXAiOiJKV1QiLCJhbGciOiJIUzI1NiJ9.eyJpYXQiOjE1NTcyODI3NjYsImp0aSI6IlRPZkNtXC80cFRWais4WmRVZEZFUkpBMWp0bGtMTDMzXC95YTY5VEJ3SGl2Zz0iLCJpc3MiOiI6OjEiLCJuYmYiOjE1NTcyODI3NjYsImV4cCI6MTU1NzI4NDU2NiwiZGF0YSI6eyJ1c2VybmFtZSI6ImFkZSIsInBhc3N3b3JkIjoiYjcwMTY2ZDIzNTllNTVmZjM0ODRmNWQ3MDIwYzcwZDg2ZDg5MDc5NiIsImlwIjoiOjoxIiwidXNlcl9hZ2VudCI6IlRpY2tldGluZy1XZWJBcHAifX0.4Hup3eWNyWMIu_s695AIh1G8ZPHnycSDhxu8p599LGs
Connection: close
Request body:

========================================
2019-05-08 09:38:35 
::1 GET /tourism/public-api/v1/tickets?limit=2 HTTP/1.1
HTTP headers:
Host: localhost
User-Agent: Ticketing-WebApp
Authorization: Bearer eyJ0eXAiOiJKV1QiLCJhbGciOiJIUzI1NiJ9.eyJpYXQiOjE1NTcyODI3NjYsImp0aSI6IlRPZkNtXC80cFRWais4WmRVZEZFUkpBMWp0bGtMTDMzXC95YTY5VEJ3SGl2Zz0iLCJpc3MiOiI6OjEiLCJuYmYiOjE1NTcyODI3NjYsImV4cCI6MTU1NzI4NDU2NiwiZGF0YSI6eyJ1c2VybmFtZSI6ImFkZSIsInBhc3N3b3JkIjoiYjcwMTY2ZDIzNTllNTVmZjM0ODRmNWQ3MDIwYzcwZDg2ZDg5MDc5NiIsImlwIjoiOjoxIiwidXNlcl9hZ2VudCI6IlRpY2tldGluZy1XZWJBcHAifX0.4Hup3eWNyWMIu_s695AIh1G8ZPHnycSDhxu8p599LGs
Connection: close
Request body:

========================================
2019-05-08 09:39:08 
::1 GET /tourism/public-api/v1/tickets?limit=1 HTTP/1.1
HTTP headers:
Host: localhost
User-Agent: Ticketing-WebApp
Authorization: Bearer eyJ0eXAiOiJKV1QiLCJhbGciOiJIUzI1NiJ9.eyJpYXQiOjE1NTcyODI3NjYsImp0aSI6IlRPZkNtXC80cFRWais4WmRVZEZFUkpBMWp0bGtMTDMzXC95YTY5VEJ3SGl2Zz0iLCJpc3MiOiI6OjEiLCJuYmYiOjE1NTcyODI3NjYsImV4cCI6MTU1NzI4NDU2NiwiZGF0YSI6eyJ1c2VybmFtZSI6ImFkZSIsInBhc3N3b3JkIjoiYjcwMTY2ZDIzNTllNTVmZjM0ODRmNWQ3MDIwYzcwZDg2ZDg5MDc5NiIsImlwIjoiOjoxIiwidXNlcl9hZ2VudCI6IlRpY2tldGluZy1XZWJBcHAifX0.4Hup3eWNyWMIu_s695AIh1G8ZPHnycSDhxu8p599LGs
Connection: close
Request body:

========================================
2019-05-08 09:39:08 
::1 GET /tourism/public-api/v1/tickets?limit=2 HTTP/1.1
HTTP headers:
Host: localhost
User-Agent: Ticketing-WebApp
Authorization: Bearer eyJ0eXAiOiJKV1QiLCJhbGciOiJIUzI1NiJ9.eyJpYXQiOjE1NTcyODI3NjYsImp0aSI6IlRPZkNtXC80cFRWais4WmRVZEZFUkpBMWp0bGtMTDMzXC95YTY5VEJ3SGl2Zz0iLCJpc3MiOiI6OjEiLCJuYmYiOjE1NTcyODI3NjYsImV4cCI6MTU1NzI4NDU2NiwiZGF0YSI6eyJ1c2VybmFtZSI6ImFkZSIsInBhc3N3b3JkIjoiYjcwMTY2ZDIzNTllNTVmZjM0ODRmNWQ3MDIwYzcwZDg2ZDg5MDc5NiIsImlwIjoiOjoxIiwidXNlcl9hZ2VudCI6IlRpY2tldGluZy1XZWJBcHAifX0.4Hup3eWNyWMIu_s695AIh1G8ZPHnycSDhxu8p599LGs
Connection: close
Request body:

========================================
2019-05-08 09:39:52 
::1 GET /tourism/public-api/v1/tickets?limit=1 HTTP/1.1
HTTP headers:
Host: localhost
User-Agent: Ticketing-WebApp
Authorization: Bearer eyJ0eXAiOiJKV1QiLCJhbGciOiJIUzI1NiJ9.eyJpYXQiOjE1NTcyODI3NjYsImp0aSI6IlRPZkNtXC80cFRWais4WmRVZEZFUkpBMWp0bGtMTDMzXC95YTY5VEJ3SGl2Zz0iLCJpc3MiOiI6OjEiLCJuYmYiOjE1NTcyODI3NjYsImV4cCI6MTU1NzI4NDU2NiwiZGF0YSI6eyJ1c2VybmFtZSI6ImFkZSIsInBhc3N3b3JkIjoiYjcwMTY2ZDIzNTllNTVmZjM0ODRmNWQ3MDIwYzcwZDg2ZDg5MDc5NiIsImlwIjoiOjoxIiwidXNlcl9hZ2VudCI6IlRpY2tldGluZy1XZWJBcHAifX0.4Hup3eWNyWMIu_s695AIh1G8ZPHnycSDhxu8p599LGs
Connection: close
Request body:

========================================
2019-05-08 09:39:53 
::1 GET /tourism/public-api/v1/tickets?limit=2 HTTP/1.1
HTTP headers:
Host: localhost
User-Agent: Ticketing-WebApp
Authorization: Bearer eyJ0eXAiOiJKV1QiLCJhbGciOiJIUzI1NiJ9.eyJpYXQiOjE1NTcyODI3NjYsImp0aSI6IlRPZkNtXC80cFRWais4WmRVZEZFUkpBMWp0bGtMTDMzXC95YTY5VEJ3SGl2Zz0iLCJpc3MiOiI6OjEiLCJuYmYiOjE1NTcyODI3NjYsImV4cCI6MTU1NzI4NDU2NiwiZGF0YSI6eyJ1c2VybmFtZSI6ImFkZSIsInBhc3N3b3JkIjoiYjcwMTY2ZDIzNTllNTVmZjM0ODRmNWQ3MDIwYzcwZDg2ZDg5MDc5NiIsImlwIjoiOjoxIiwidXNlcl9hZ2VudCI6IlRpY2tldGluZy1XZWJBcHAifX0.4Hup3eWNyWMIu_s695AIh1G8ZPHnycSDhxu8p599LGs
Connection: close
Request body:

========================================
2019-05-08 09:40:49 
::1 GET /tourism/public-api/v1/tickets?limit=1 HTTP/1.1
HTTP headers:
Host: localhost
User-Agent: Ticketing-WebApp
Authorization: Bearer eyJ0eXAiOiJKV1QiLCJhbGciOiJIUzI1NiJ9.eyJpYXQiOjE1NTcyODI3NjYsImp0aSI6IlRPZkNtXC80cFRWais4WmRVZEZFUkpBMWp0bGtMTDMzXC95YTY5VEJ3SGl2Zz0iLCJpc3MiOiI6OjEiLCJuYmYiOjE1NTcyODI3NjYsImV4cCI6MTU1NzI4NDU2NiwiZGF0YSI6eyJ1c2VybmFtZSI6ImFkZSIsInBhc3N3b3JkIjoiYjcwMTY2ZDIzNTllNTVmZjM0ODRmNWQ3MDIwYzcwZDg2ZDg5MDc5NiIsImlwIjoiOjoxIiwidXNlcl9hZ2VudCI6IlRpY2tldGluZy1XZWJBcHAifX0.4Hup3eWNyWMIu_s695AIh1G8ZPHnycSDhxu8p599LGs
Connection: close
Request body:

========================================
2019-05-08 09:40:49 
::1 GET /tourism/public-api/v1/tickets?limit=2 HTTP/1.1
HTTP headers:
Host: localhost
User-Agent: Ticketing-WebApp
Authorization: Bearer eyJ0eXAiOiJKV1QiLCJhbGciOiJIUzI1NiJ9.eyJpYXQiOjE1NTcyODI3NjYsImp0aSI6IlRPZkNtXC80cFRWais4WmRVZEZFUkpBMWp0bGtMTDMzXC95YTY5VEJ3SGl2Zz0iLCJpc3MiOiI6OjEiLCJuYmYiOjE1NTcyODI3NjYsImV4cCI6MTU1NzI4NDU2NiwiZGF0YSI6eyJ1c2VybmFtZSI6ImFkZSIsInBhc3N3b3JkIjoiYjcwMTY2ZDIzNTllNTVmZjM0ODRmNWQ3MDIwYzcwZDg2ZDg5MDc5NiIsImlwIjoiOjoxIiwidXNlcl9hZ2VudCI6IlRpY2tldGluZy1XZWJBcHAifX0.4Hup3eWNyWMIu_s695AIh1G8ZPHnycSDhxu8p599LGs
Connection: close
Request body:

========================================
2019-05-08 09:41:09 
::1 GET /tourism/public-api/v1/tickets?limit=1 HTTP/1.1
HTTP headers:
Host: localhost
User-Agent: Ticketing-WebApp
Authorization: Bearer eyJ0eXAiOiJKV1QiLCJhbGciOiJIUzI1NiJ9.eyJpYXQiOjE1NTcyODI3NjYsImp0aSI6IlRPZkNtXC80cFRWais4WmRVZEZFUkpBMWp0bGtMTDMzXC95YTY5VEJ3SGl2Zz0iLCJpc3MiOiI6OjEiLCJuYmYiOjE1NTcyODI3NjYsImV4cCI6MTU1NzI4NDU2NiwiZGF0YSI6eyJ1c2VybmFtZSI6ImFkZSIsInBhc3N3b3JkIjoiYjcwMTY2ZDIzNTllNTVmZjM0ODRmNWQ3MDIwYzcwZDg2ZDg5MDc5NiIsImlwIjoiOjoxIiwidXNlcl9hZ2VudCI6IlRpY2tldGluZy1XZWJBcHAifX0.4Hup3eWNyWMIu_s695AIh1G8ZPHnycSDhxu8p599LGs
Connection: close
Request body:

========================================
2019-05-08 09:41:09 
::1 GET /tourism/public-api/v1/tickets?limit=2 HTTP/1.1
HTTP headers:
Host: localhost
User-Agent: Ticketing-WebApp
Authorization: Bearer eyJ0eXAiOiJKV1QiLCJhbGciOiJIUzI1NiJ9.eyJpYXQiOjE1NTcyODI3NjYsImp0aSI6IlRPZkNtXC80cFRWais4WmRVZEZFUkpBMWp0bGtMTDMzXC95YTY5VEJ3SGl2Zz0iLCJpc3MiOiI6OjEiLCJuYmYiOjE1NTcyODI3NjYsImV4cCI6MTU1NzI4NDU2NiwiZGF0YSI6eyJ1c2VybmFtZSI6ImFkZSIsInBhc3N3b3JkIjoiYjcwMTY2ZDIzNTllNTVmZjM0ODRmNWQ3MDIwYzcwZDg2ZDg5MDc5NiIsImlwIjoiOjoxIiwidXNlcl9hZ2VudCI6IlRpY2tldGluZy1XZWJBcHAifX0.4Hup3eWNyWMIu_s695AIh1G8ZPHnycSDhxu8p599LGs
Connection: close
Request body:

========================================
2019-05-08 09:42:16 
::1 GET /tourism/public-api/v1/tickets?limit=1 HTTP/1.1
HTTP headers:
Host: localhost
User-Agent: Ticketing-WebApp
Authorization: Bearer eyJ0eXAiOiJKV1QiLCJhbGciOiJIUzI1NiJ9.eyJpYXQiOjE1NTcyODI3NjYsImp0aSI6IlRPZkNtXC80cFRWais4WmRVZEZFUkpBMWp0bGtMTDMzXC95YTY5VEJ3SGl2Zz0iLCJpc3MiOiI6OjEiLCJuYmYiOjE1NTcyODI3NjYsImV4cCI6MTU1NzI4NDU2NiwiZGF0YSI6eyJ1c2VybmFtZSI6ImFkZSIsInBhc3N3b3JkIjoiYjcwMTY2ZDIzNTllNTVmZjM0ODRmNWQ3MDIwYzcwZDg2ZDg5MDc5NiIsImlwIjoiOjoxIiwidXNlcl9hZ2VudCI6IlRpY2tldGluZy1XZWJBcHAifX0.4Hup3eWNyWMIu_s695AIh1G8ZPHnycSDhxu8p599LGs
Connection: close
Request body:

========================================
2019-05-08 09:42:16 
::1 GET /tourism/public-api/v1/tickets?limit=2 HTTP/1.1
HTTP headers:
Host: localhost
User-Agent: Ticketing-WebApp
Authorization: Bearer eyJ0eXAiOiJKV1QiLCJhbGciOiJIUzI1NiJ9.eyJpYXQiOjE1NTcyODI3NjYsImp0aSI6IlRPZkNtXC80cFRWais4WmRVZEZFUkpBMWp0bGtMTDMzXC95YTY5VEJ3SGl2Zz0iLCJpc3MiOiI6OjEiLCJuYmYiOjE1NTcyODI3NjYsImV4cCI6MTU1NzI4NDU2NiwiZGF0YSI6eyJ1c2VybmFtZSI6ImFkZSIsInBhc3N3b3JkIjoiYjcwMTY2ZDIzNTllNTVmZjM0ODRmNWQ3MDIwYzcwZDg2ZDg5MDc5NiIsImlwIjoiOjoxIiwidXNlcl9hZ2VudCI6IlRpY2tldGluZy1XZWJBcHAifX0.4Hup3eWNyWMIu_s695AIh1G8ZPHnycSDhxu8p599LGs
Connection: close
Request body:

========================================
2019-05-08 14:33:34 
::1 POST /tourism/public-api/v1/users/token HTTP/1.1
HTTP headers:
Host: localhost
Content-Length: 41
User-Agent: Ticketing-WebApp
Connection: close
Content-Type: application/x-www-form-urlencoded
Request body:
username=admin_monas&password=admin_monas
========================================
2019-05-08 14:33:34 
::1 POST /tourism/public-api/v1/users/token HTTP/1.1
HTTP headers:
Host: localhost
Content-Length: 10
User-Agent: Ticketing-WebApp
Connection: close
Content-Type: application/x-www-form-urlencoded
Request body:
password=0
========================================
2019-05-08 14:33:34 
::1 POST /tourism/public-api/v1/users/token HTTP/1.1
HTTP headers:
Host: localhost
Content-Length: 41
User-Agent: Ticketing-WebApp
Connection: close
Content-Type: application/x-www-form-urlencoded
Request body:
username=admin_monas&password=admin_monas
========================================
2019-05-08 14:33:35 
::1 POST /tourism/public-api/v1/users/token HTTP/1.1
HTTP headers:
Host: localhost
Content-Length: 10
User-Agent: Ticketing-WebApp
Connection: close
Content-Type: application/x-www-form-urlencoded
Request body:
password=0
========================================
2019-05-08 14:33:35 
::1 POST /tourism/public-api/v1/users/token HTTP/1.1
HTTP headers:
Host: localhost
Content-Length: 41
User-Agent: Ticketing-WebApp
Connection: close
Content-Type: application/x-www-form-urlencoded
Request body:
username=admin_monas&password=admin_monas
========================================
2019-05-08 14:33:35 
::1 POST /tourism/public-api/v1/users/token HTTP/1.1
HTTP headers:
Host: localhost
Content-Length: 10
User-Agent: Ticketing-WebApp
Connection: close
Content-Type: application/x-www-form-urlencoded
Request body:
password=0
========================================
2019-05-08 14:33:35 
::1 POST /tourism/public-api/v1/users/token HTTP/1.1
HTTP headers:
Host: localhost
Content-Length: 41
User-Agent: Ticketing-WebApp
Connection: close
Content-Type: application/x-www-form-urlencoded
Request body:
username=admin_monas&password=admin_monas
========================================
2019-05-08 14:33:35 
::1 GET /tourism/public-api/v1/tourism?tourism_approval_status=2&sort=DESC HTTP/1.1
HTTP headers:
Host: localhost
User-Agent: Ticketing-WebApp
Connection: close
Request body:

========================================
2019-05-08 14:33:47 
::1 POST /tourism/public-api/v1/users/token HTTP/1.1
HTTP headers:
Host: localhost
Content-Length: 41
User-Agent: Ticketing-WebApp
Connection: close
Content-Type: application/x-www-form-urlencoded
Request body:
username=admin_dufan&password=admin_dufan
========================================
2019-05-08 14:33:48 
::1 GET /tourism/public-api/v1/users/7 HTTP/1.1
HTTP headers:
Host: localhost
User-Agent: Ticketing-WebApp
Authorization: Bearer eyJ0eXAiOiJKV1QiLCJhbGciOiJIUzI1NiJ9.eyJpYXQiOjE1NTczMDA4MjcsImp0aSI6IndTS21oVUkxWlA2Mkp6Sis3bzJwdmhSd0k4V05sTGlsZHFCZzlUa3RWaHc9IiwiaXNzIjoiOjoxIiwibmJmIjoxNTU3MzAwODI3LCJleHAiOjE1NTczMDI2MjcsImRhdGEiOnsidXNlcm5hbWUiOiJhZG1pbl9kdWZhbiIsInBhc3N3b3JkIjoiNzE5ZjRkMzA5YmI0M2Y0M2U4YjViNTUwZjY3NmEyZmNlMjEwNTZlNyIsImlwIjoiOjoxIiwidXNlcl9hZ2VudCI6IlRpY2tldGluZy1XZWJBcHAifX0.dDMu6M4k5MdBBqM-Pbz8jIDdufPhRL71O6ES0TL3nW0
Connection: close
Request body:

========================================
2019-05-08 14:33:48 
::1 GET /tourism/public-api/v1/tourism?tourism_approval_status=2&sort=DESC HTTP/1.1
HTTP headers:
Host: localhost
User-Agent: Ticketing-WebApp
Authorization: Bearer eyJ0eXAiOiJKV1QiLCJhbGciOiJIUzI1NiJ9.eyJpYXQiOjE1NTczMDA4MjcsImp0aSI6IndTS21oVUkxWlA2Mkp6Sis3bzJwdmhSd0k4V05sTGlsZHFCZzlUa3RWaHc9IiwiaXNzIjoiOjoxIiwibmJmIjoxNTU3MzAwODI3LCJleHAiOjE1NTczMDI2MjcsImRhdGEiOnsidXNlcm5hbWUiOiJhZG1pbl9kdWZhbiIsInBhc3N3b3JkIjoiNzE5ZjRkMzA5YmI0M2Y0M2U4YjViNTUwZjY3NmEyZmNlMjEwNTZlNyIsImlwIjoiOjoxIiwidXNlcl9hZ2VudCI6IlRpY2tldGluZy1XZWJBcHAifX0.dDMu6M4k5MdBBqM-Pbz8jIDdufPhRL71O6ES0TL3nW0
Connection: close
Request body:

========================================
2019-05-08 14:41:28 
::1 GET /tourism/public-api/v1/tourism?tourism_approval_status=2&sort=DESC HTTP/1.1
HTTP headers:
Host: localhost
User-Agent: Ticketing-WebApp
Connection: close
Request body:

========================================
2019-05-08 14:41:36 
::1 POST /tourism/public-api/v1/users/token HTTP/1.1
HTTP headers:
Host: localhost
Content-Length: 25
User-Agent: Ticketing-WebApp
Connection: close
Content-Type: application/x-www-form-urlencoded
Request body:
username=ade&password=ade
========================================
2019-05-08 14:41:37 
::1 GET /tourism/public-api/v1/users/1 HTTP/1.1
HTTP headers:
Host: localhost
User-Agent: Ticketing-WebApp
Authorization: Bearer eyJ0eXAiOiJKV1QiLCJhbGciOiJIUzI1NiJ9.eyJpYXQiOjE1NTczMDEyOTYsImp0aSI6IjlUcTdCTHVZbEJ2XC9lWHVnN2xJRm1lMlJ0VnhpU1lBeEtDMXlaQ2ZTektjPSIsImlzcyI6Ijo6MSIsIm5iZiI6MTU1NzMwMTI5NiwiZXhwIjoxNTU3MzAzMDk2LCJkYXRhIjp7InVzZXJuYW1lIjoiYWRlIiwicGFzc3dvcmQiOiJiNzAxNjZkMjM1OWU1NWZmMzQ4NGY1ZDcwMjBjNzBkODZkODkwNzk2IiwiaXAiOiI6OjEiLCJ1c2VyX2FnZW50IjoiVGlja2V0aW5nLVdlYkFwcCJ9fQ.UuRPTuAeuWivS5Hc5uJ7OqnnV9jP8N-kEf5oDLoWF5A
Connection: close
Request body:

========================================
2019-05-08 14:41:37 
::1 GET /tourism/public-api/v1/tourism?tourism_approval_status=2&sort=DESC HTTP/1.1
HTTP headers:
Host: localhost
User-Agent: Ticketing-WebApp
Authorization: Bearer eyJ0eXAiOiJKV1QiLCJhbGciOiJIUzI1NiJ9.eyJpYXQiOjE1NTczMDEyOTYsImp0aSI6IjlUcTdCTHVZbEJ2XC9lWHVnN2xJRm1lMlJ0VnhpU1lBeEtDMXlaQ2ZTektjPSIsImlzcyI6Ijo6MSIsIm5iZiI6MTU1NzMwMTI5NiwiZXhwIjoxNTU3MzAzMDk2LCJkYXRhIjp7InVzZXJuYW1lIjoiYWRlIiwicGFzc3dvcmQiOiJiNzAxNjZkMjM1OWU1NWZmMzQ4NGY1ZDcwMjBjNzBkODZkODkwNzk2IiwiaXAiOiI6OjEiLCJ1c2VyX2FnZW50IjoiVGlja2V0aW5nLVdlYkFwcCJ9fQ.UuRPTuAeuWivS5Hc5uJ7OqnnV9jP8N-kEf5oDLoWF5A
Connection: close
Request body:

========================================
2019-05-08 14:41:50 
::1 GET /tourism/public-api/v1/tickets?limit=1 HTTP/1.1
HTTP headers:
Host: localhost
User-Agent: Ticketing-WebApp
Authorization: Bearer eyJ0eXAiOiJKV1QiLCJhbGciOiJIUzI1NiJ9.eyJpYXQiOjE1NTczMDEyOTYsImp0aSI6IjlUcTdCTHVZbEJ2XC9lWHVnN2xJRm1lMlJ0VnhpU1lBeEtDMXlaQ2ZTektjPSIsImlzcyI6Ijo6MSIsIm5iZiI6MTU1NzMwMTI5NiwiZXhwIjoxNTU3MzAzMDk2LCJkYXRhIjp7InVzZXJuYW1lIjoiYWRlIiwicGFzc3dvcmQiOiJiNzAxNjZkMjM1OWU1NWZmMzQ4NGY1ZDcwMjBjNzBkODZkODkwNzk2IiwiaXAiOiI6OjEiLCJ1c2VyX2FnZW50IjoiVGlja2V0aW5nLVdlYkFwcCJ9fQ.UuRPTuAeuWivS5Hc5uJ7OqnnV9jP8N-kEf5oDLoWF5A
Connection: close
Request body:

========================================
2019-05-08 14:41:50 
::1 GET /tourism/public-api/v1/tickets?limit=2 HTTP/1.1
HTTP headers:
Host: localhost
User-Agent: Ticketing-WebApp
Authorization: Bearer eyJ0eXAiOiJKV1QiLCJhbGciOiJIUzI1NiJ9.eyJpYXQiOjE1NTczMDEyOTYsImp0aSI6IjlUcTdCTHVZbEJ2XC9lWHVnN2xJRm1lMlJ0VnhpU1lBeEtDMXlaQ2ZTektjPSIsImlzcyI6Ijo6MSIsIm5iZiI6MTU1NzMwMTI5NiwiZXhwIjoxNTU3MzAzMDk2LCJkYXRhIjp7InVzZXJuYW1lIjoiYWRlIiwicGFzc3dvcmQiOiJiNzAxNjZkMjM1OWU1NWZmMzQ4NGY1ZDcwMjBjNzBkODZkODkwNzk2IiwiaXAiOiI6OjEiLCJ1c2VyX2FnZW50IjoiVGlja2V0aW5nLVdlYkFwcCJ9fQ.UuRPTuAeuWivS5Hc5uJ7OqnnV9jP8N-kEf5oDLoWF5A
Connection: close
Request body:

========================================
2019-05-08 15:03:26 
::1 GET /tourism/public-api/v1/tourism?limit=10&sort=desc&tourism_approval_status=2 HTTP/1.1
HTTP headers:
Host: localhost
User-Agent: Ticketing-WebApp
Authorization: Bearer eyJ0eXAiOiJKV1QiLCJhbGciOiJIUzI1NiJ9.eyJpYXQiOjE1NTczMDEyOTYsImp0aSI6IjlUcTdCTHVZbEJ2XC9lWHVnN2xJRm1lMlJ0VnhpU1lBeEtDMXlaQ2ZTektjPSIsImlzcyI6Ijo6MSIsIm5iZiI6MTU1NzMwMTI5NiwiZXhwIjoxNTU3MzAzMDk2LCJkYXRhIjp7InVzZXJuYW1lIjoiYWRlIiwicGFzc3dvcmQiOiJiNzAxNjZkMjM1OWU1NWZmMzQ4NGY1ZDcwMjBjNzBkODZkODkwNzk2IiwiaXAiOiI6OjEiLCJ1c2VyX2FnZW50IjoiVGlja2V0aW5nLVdlYkFwcCJ9fQ.UuRPTuAeuWivS5Hc5uJ7OqnnV9jP8N-kEf5oDLoWF5A
Connection: close
Request body:

========================================
2019-05-08 15:03:27 
::1 GET /tourism/public-api/v1/province//cities?limit=1 HTTP/1.1
HTTP headers:
Host: localhost
User-Agent: Ticketing-WebApp
Authorization: Bearer eyJ0eXAiOiJKV1QiLCJhbGciOiJIUzI1NiJ9.eyJpYXQiOjE1NTczMDEyOTYsImp0aSI6IjlUcTdCTHVZbEJ2XC9lWHVnN2xJRm1lMlJ0VnhpU1lBeEtDMXlaQ2ZTektjPSIsImlzcyI6Ijo6MSIsIm5iZiI6MTU1NzMwMTI5NiwiZXhwIjoxNTU3MzAzMDk2LCJkYXRhIjp7InVzZXJuYW1lIjoiYWRlIiwicGFzc3dvcmQiOiJiNzAxNjZkMjM1OWU1NWZmMzQ4NGY1ZDcwMjBjNzBkODZkODkwNzk2IiwiaXAiOiI6OjEiLCJ1c2VyX2FnZW50IjoiVGlja2V0aW5nLVdlYkFwcCJ9fQ.UuRPTuAeuWivS5Hc5uJ7OqnnV9jP8N-kEf5oDLoWF5A
Connection: close
Request body:

========================================
2019-05-08 15:03:27 
::1 POST /tourism/public-api/v1/users/token HTTP/1.1
HTTP headers:
Host: localhost
Content-Length: 25
User-Agent: Ticketing-WebApp
Connection: close
Content-Type: application/x-www-form-urlencoded
Request body:
username=ade&password=ade
========================================
2019-05-08 15:03:28 
::1 GET /tourism/public-api/v1/province//cities?limit=1 HTTP/1.1
HTTP headers:
Host: localhost
User-Agent: Ticketing-WebApp
Authorization: Bearer eyJ0eXAiOiJKV1QiLCJhbGciOiJIUzI1NiJ9.eyJpYXQiOjE1NTczMDI2MDcsImp0aSI6InNxc3FIS3RkQnBjU1dqQXhjTHZcL3pCS3NtOVJyRkx2OHR6TzYrUldxZVpFPSIsImlzcyI6Ijo6MSIsIm5iZiI6MTU1NzMwMjYwNywiZXhwIjoxNTU3MzA0NDA3LCJkYXRhIjp7InVzZXJuYW1lIjoiYWRlIiwicGFzc3dvcmQiOiJiNzAxNjZkMjM1OWU1NWZmMzQ4NGY1ZDcwMjBjNzBkODZkODkwNzk2IiwiaXAiOiI6OjEiLCJ1c2VyX2FnZW50IjoiVGlja2V0aW5nLVdlYkFwcCJ9fQ.3JYUgwg8WzfvtZMhow5-zm02OOpVSKbQStOc2UluqGc
Connection: close
Request body:

========================================
2019-05-08 15:03:28 
::1 POST /tourism/public-api/v1/users/token HTTP/1.1
HTTP headers:
Host: localhost
Content-Length: 25
User-Agent: Ticketing-WebApp
Connection: close
Content-Type: application/x-www-form-urlencoded
Request body:
username=ade&password=ade
========================================
2019-05-08 15:03:29 
::1 GET /tourism/public-api/v1/province//cities?limit=1 HTTP/1.1
HTTP headers:
Host: localhost
User-Agent: Ticketing-WebApp
Authorization: Bearer eyJ0eXAiOiJKV1QiLCJhbGciOiJIUzI1NiJ9.eyJpYXQiOjE1NTczMDI2MDgsImp0aSI6ImJHYnEyaGpNMUMxZmMxZHZEb1wvVlwvVzBnQVBGRzJ2M2hqSHBxbGVxbGd0UT0iLCJpc3MiOiI6OjEiLCJuYmYiOjE1NTczMDI2MDgsImV4cCI6MTU1NzMwNDQwOCwiZGF0YSI6eyJ1c2VybmFtZSI6ImFkZSIsInBhc3N3b3JkIjoiYjcwMTY2ZDIzNTllNTVmZjM0ODRmNWQ3MDIwYzcwZDg2ZDg5MDc5NiIsImlwIjoiOjoxIiwidXNlcl9hZ2VudCI6IlRpY2tldGluZy1XZWJBcHAifX0.RIbAgJjbeNJYbGSRjYAMjm_IJDv3KfkPyLPW_71UIGA
Connection: close
Request body:

========================================
2019-05-08 15:03:30 
::1 POST /tourism/public-api/v1/users/token HTTP/1.1
HTTP headers:
Host: localhost
Content-Length: 25
User-Agent: Ticketing-WebApp
Connection: close
Content-Type: application/x-www-form-urlencoded
Request body:
username=ade&password=ade
========================================
2019-05-08 15:03:31 
::1 GET /tourism/public-api/v1/province//cities?limit=1 HTTP/1.1
HTTP headers:
Host: localhost
User-Agent: Ticketing-WebApp
Authorization: Bearer eyJ0eXAiOiJKV1QiLCJhbGciOiJIUzI1NiJ9.eyJpYXQiOjE1NTczMDI2MTAsImp0aSI6Inl6ZER5bndHOURPNk54STZvMWhWalA3ZzA2OTN3bGljNyt2TzdKTldkWlU9IiwiaXNzIjoiOjoxIiwibmJmIjoxNTU3MzAyNjEwLCJleHAiOjE1NTczMDQ0MTAsImRhdGEiOnsidXNlcm5hbWUiOiJhZGUiLCJwYXNzd29yZCI6ImI3MDE2NmQyMzU5ZTU1ZmYzNDg0ZjVkNzAyMGM3MGQ4NmQ4OTA3OTYiLCJpcCI6Ijo6MSIsInVzZXJfYWdlbnQiOiJUaWNrZXRpbmctV2ViQXBwIn19.bpeRrzRxvdIQKNtBSeKFlJmWwp61rwx7lJUqFzJtjAw
Connection: close
Request body:

========================================
2019-05-08 15:03:31 
::1 GET /tourism/public-api/v1/province//cities?limit= HTTP/1.1
HTTP headers:
Host: localhost
User-Agent: Ticketing-WebApp
Authorization: Bearer eyJ0eXAiOiJKV1QiLCJhbGciOiJIUzI1NiJ9.eyJpYXQiOjE1NTczMDI2MTAsImp0aSI6Inl6ZER5bndHOURPNk54STZvMWhWalA3ZzA2OTN3bGljNyt2TzdKTldkWlU9IiwiaXNzIjoiOjoxIiwibmJmIjoxNTU3MzAyNjEwLCJleHAiOjE1NTczMDQ0MTAsImRhdGEiOnsidXNlcm5hbWUiOiJhZGUiLCJwYXNzd29yZCI6ImI3MDE2NmQyMzU5ZTU1ZmYzNDg0ZjVkNzAyMGM3MGQ4NmQ4OTA3OTYiLCJpcCI6Ijo6MSIsInVzZXJfYWdlbnQiOiJUaWNrZXRpbmctV2ViQXBwIn19.bpeRrzRxvdIQKNtBSeKFlJmWwp61rwx7lJUqFzJtjAw
Connection: close
Request body:

========================================
2019-05-08 15:03:31 
::1 POST /tourism/public-api/v1/users/token HTTP/1.1
HTTP headers:
Host: localhost
Content-Length: 25
User-Agent: Ticketing-WebApp
Connection: close
Content-Type: application/x-www-form-urlencoded
Request body:
username=ade&password=ade
========================================
2019-05-08 15:03:32 
::1 GET /tourism/public-api/v1/province//cities?limit= HTTP/1.1
HTTP headers:
Host: localhost
User-Agent: Ticketing-WebApp
Authorization: Bearer eyJ0eXAiOiJKV1QiLCJhbGciOiJIUzI1NiJ9.eyJpYXQiOjE1NTczMDI2MTEsImp0aSI6IlBBNTJzMGEwU25KMjBkMVk2cmNTVDVOblBqVTFtbUJFREV2dExuc3dsZ0k9IiwiaXNzIjoiOjoxIiwibmJmIjoxNTU3MzAyNjExLCJleHAiOjE1NTczMDQ0MTEsImRhdGEiOnsidXNlcm5hbWUiOiJhZGUiLCJwYXNzd29yZCI6ImI3MDE2NmQyMzU5ZTU1ZmYzNDg0ZjVkNzAyMGM3MGQ4NmQ4OTA3OTYiLCJpcCI6Ijo6MSIsInVzZXJfYWdlbnQiOiJUaWNrZXRpbmctV2ViQXBwIn19.QZzCZlxAqwChkC-2ph9PFnY2k5r5_sXlpXhrut45C44
Connection: close
Request body:

========================================
2019-05-08 15:03:32 
::1 POST /tourism/public-api/v1/users/token HTTP/1.1
HTTP headers:
Host: localhost
Content-Length: 25
User-Agent: Ticketing-WebApp
Connection: close
Content-Type: application/x-www-form-urlencoded
Request body:
username=ade&password=ade
========================================
2019-05-08 15:03:33 
::1 GET /tourism/public-api/v1/province//cities?limit= HTTP/1.1
HTTP headers:
Host: localhost
User-Agent: Ticketing-WebApp
Authorization: Bearer eyJ0eXAiOiJKV1QiLCJhbGciOiJIUzI1NiJ9.eyJpYXQiOjE1NTczMDI2MTIsImp0aSI6IlNKNHR6Rml3K3JZdCtCMlwveTFGcGhhRCtIWlE4UkJ2Q0dEckNOdll2XC9OND0iLCJpc3MiOiI6OjEiLCJuYmYiOjE1NTczMDI2MTIsImV4cCI6MTU1NzMwNDQxMiwiZGF0YSI6eyJ1c2VybmFtZSI6ImFkZSIsInBhc3N3b3JkIjoiYjcwMTY2ZDIzNTllNTVmZjM0ODRmNWQ3MDIwYzcwZDg2ZDg5MDc5NiIsImlwIjoiOjoxIiwidXNlcl9hZ2VudCI6IlRpY2tldGluZy1XZWJBcHAifX0.Y-Xz6aeALuKwRVzkAL8TuRbQ0W3lRJbLU7WmapkjpXU
Connection: close
Request body:

========================================
2019-05-08 15:03:33 
::1 POST /tourism/public-api/v1/users/token HTTP/1.1
HTTP headers:
Host: localhost
Content-Length: 25
User-Agent: Ticketing-WebApp
Connection: close
Content-Type: application/x-www-form-urlencoded
Request body:
username=ade&password=ade
========================================
2019-05-08 15:03:34 
::1 GET /tourism/public-api/v1/province//cities?limit= HTTP/1.1
HTTP headers:
Host: localhost
User-Agent: Ticketing-WebApp
Authorization: Bearer eyJ0eXAiOiJKV1QiLCJhbGciOiJIUzI1NiJ9.eyJpYXQiOjE1NTczMDI2MTMsImp0aSI6IlloUDlqb044ekpjbElVUFNLXC9SdHJHZjNvWXlNNXc4ZjFHdmpJMm1FMXpnPSIsImlzcyI6Ijo6MSIsIm5iZiI6MTU1NzMwMjYxMywiZXhwIjoxNTU3MzA0NDEzLCJkYXRhIjp7InVzZXJuYW1lIjoiYWRlIiwicGFzc3dvcmQiOiJiNzAxNjZkMjM1OWU1NWZmMzQ4NGY1ZDcwMjBjNzBkODZkODkwNzk2IiwiaXAiOiI6OjEiLCJ1c2VyX2FnZW50IjoiVGlja2V0aW5nLVdlYkFwcCJ9fQ.JH9QOsxy_oArRFdTzyFhhQ6OATnb9ftp3ySUZ5x69Kk
Connection: close
Request body:

========================================
2019-05-08 15:03:34 
::1 GET /tourism/public-api/v1/continents HTTP/1.1
HTTP headers:
Host: localhost
User-Agent: Ticketing-WebApp
Authorization: Bearer eyJ0eXAiOiJKV1QiLCJhbGciOiJIUzI1NiJ9.eyJpYXQiOjE1NTczMDI2MTMsImp0aSI6IlloUDlqb044ekpjbElVUFNLXC9SdHJHZjNvWXlNNXc4ZjFHdmpJMm1FMXpnPSIsImlzcyI6Ijo6MSIsIm5iZiI6MTU1NzMwMjYxMywiZXhwIjoxNTU3MzA0NDEzLCJkYXRhIjp7InVzZXJuYW1lIjoiYWRlIiwicGFzc3dvcmQiOiJiNzAxNjZkMjM1OWU1NWZmMzQ4NGY1ZDcwMjBjNzBkODZkODkwNzk2IiwiaXAiOiI6OjEiLCJ1c2VyX2FnZW50IjoiVGlja2V0aW5nLVdlYkFwcCJ9fQ.JH9QOsxy_oArRFdTzyFhhQ6OATnb9ftp3ySUZ5x69Kk
Connection: close
Request body:

========================================
2019-05-08 15:03:34 
::1 GET /tourism/public-api/v1/countries//continent?limit=1 HTTP/1.1
HTTP headers:
Host: localhost
User-Agent: Ticketing-WebApp
Authorization: Bearer eyJ0eXAiOiJKV1QiLCJhbGciOiJIUzI1NiJ9.eyJpYXQiOjE1NTczMDI2MTMsImp0aSI6IlloUDlqb044ekpjbElVUFNLXC9SdHJHZjNvWXlNNXc4ZjFHdmpJMm1FMXpnPSIsImlzcyI6Ijo6MSIsIm5iZiI6MTU1NzMwMjYxMywiZXhwIjoxNTU3MzA0NDEzLCJkYXRhIjp7InVzZXJuYW1lIjoiYWRlIiwicGFzc3dvcmQiOiJiNzAxNjZkMjM1OWU1NWZmMzQ4NGY1ZDcwMjBjNzBkODZkODkwNzk2IiwiaXAiOiI6OjEiLCJ1c2VyX2FnZW50IjoiVGlja2V0aW5nLVdlYkFwcCJ9fQ.JH9QOsxy_oArRFdTzyFhhQ6OATnb9ftp3ySUZ5x69Kk
Connection: close
Request body:

========================================
2019-05-08 15:03:34 
::1 POST /tourism/public-api/v1/users/token HTTP/1.1
HTTP headers:
Host: localhost
Content-Length: 25
User-Agent: Ticketing-WebApp
Connection: close
Content-Type: application/x-www-form-urlencoded
Request body:
username=ade&password=ade
========================================
2019-05-08 15:03:35 
::1 GET /tourism/public-api/v1/countries//continent?limit=1 HTTP/1.1
HTTP headers:
Host: localhost
User-Agent: Ticketing-WebApp
Authorization: Bearer eyJ0eXAiOiJKV1QiLCJhbGciOiJIUzI1NiJ9.eyJpYXQiOjE1NTczMDI2MTQsImp0aSI6Ik1kXC80NjNFckh2Q3dqNUJEckY0K2t6dGRaQ1MxdWR5Q05wV2syUVFzOVZNPSIsImlzcyI6Ijo6MSIsIm5iZiI6MTU1NzMwMjYxNCwiZXhwIjoxNTU3MzA0NDE0LCJkYXRhIjp7InVzZXJuYW1lIjoiYWRlIiwicGFzc3dvcmQiOiJiNzAxNjZkMjM1OWU1NWZmMzQ4NGY1ZDcwMjBjNzBkODZkODkwNzk2IiwiaXAiOiI6OjEiLCJ1c2VyX2FnZW50IjoiVGlja2V0aW5nLVdlYkFwcCJ9fQ.MTDfaqn4_rXL7bMDZkJ-bW3BQjg5H-A1IiEpapJJJUE
Connection: close
Request body:

========================================
2019-05-08 15:03:36 
::1 POST /tourism/public-api/v1/users/token HTTP/1.1
HTTP headers:
Host: localhost
Content-Length: 25
User-Agent: Ticketing-WebApp
Connection: close
Content-Type: application/x-www-form-urlencoded
Request body:
username=ade&password=ade
========================================
2019-05-08 15:03:37 
::1 GET /tourism/public-api/v1/countries//continent?limit=1 HTTP/1.1
HTTP headers:
Host: localhost
User-Agent: Ticketing-WebApp
Authorization: Bearer eyJ0eXAiOiJKV1QiLCJhbGciOiJIUzI1NiJ9.eyJpYXQiOjE1NTczMDI2MTYsImp0aSI6ImI1d2RjSEF1eWYxXC9PRE1iZUZyZ1EramZrVms2NW9ZVVlWazJhcVhTS3lnPSIsImlzcyI6Ijo6MSIsIm5iZiI6MTU1NzMwMjYxNiwiZXhwIjoxNTU3MzA0NDE2LCJkYXRhIjp7InVzZXJuYW1lIjoiYWRlIiwicGFzc3dvcmQiOiJiNzAxNjZkMjM1OWU1NWZmMzQ4NGY1ZDcwMjBjNzBkODZkODkwNzk2IiwiaXAiOiI6OjEiLCJ1c2VyX2FnZW50IjoiVGlja2V0aW5nLVdlYkFwcCJ9fQ.Rgqr66RGGWs9HCC390cRjEUjVqxE4UoXJsf91iByzBo
Connection: close
Request body:

========================================
2019-05-08 15:03:37 
::1 POST /tourism/public-api/v1/users/token HTTP/1.1
HTTP headers:
Host: localhost
Content-Length: 25
User-Agent: Ticketing-WebApp
Connection: close
Content-Type: application/x-www-form-urlencoded
Request body:
username=ade&password=ade
========================================
2019-05-08 15:03:38 
::1 GET /tourism/public-api/v1/countries//continent?limit=1 HTTP/1.1
HTTP headers:
Host: localhost
User-Agent: Ticketing-WebApp
Authorization: Bearer eyJ0eXAiOiJKV1QiLCJhbGciOiJIUzI1NiJ9.eyJpYXQiOjE1NTczMDI2MTcsImp0aSI6IjhkZ3NFRUxtQ3BzSVJ6Z1BrVGhMVGcwZ0dJZXIxQlpWUkZ6cHRRYjNvVTg9IiwiaXNzIjoiOjoxIiwibmJmIjoxNTU3MzAyNjE3LCJleHAiOjE1NTczMDQ0MTcsImRhdGEiOnsidXNlcm5hbWUiOiJhZGUiLCJwYXNzd29yZCI6ImI3MDE2NmQyMzU5ZTU1ZmYzNDg0ZjVkNzAyMGM3MGQ4NmQ4OTA3OTYiLCJpcCI6Ijo6MSIsInVzZXJfYWdlbnQiOiJUaWNrZXRpbmctV2ViQXBwIn19.73RLEOLgunLyB7wcUID1YogRnuy5eoe6ZK2a29YLvAY
Connection: close
Request body:

========================================
2019-05-08 15:03:38 
::1 GET /tourism/public-api/v1/countries//continent?limit= HTTP/1.1
HTTP headers:
Host: localhost
User-Agent: Ticketing-WebApp
Authorization: Bearer eyJ0eXAiOiJKV1QiLCJhbGciOiJIUzI1NiJ9.eyJpYXQiOjE1NTczMDI2MTcsImp0aSI6IjhkZ3NFRUxtQ3BzSVJ6Z1BrVGhMVGcwZ0dJZXIxQlpWUkZ6cHRRYjNvVTg9IiwiaXNzIjoiOjoxIiwibmJmIjoxNTU3MzAyNjE3LCJleHAiOjE1NTczMDQ0MTcsImRhdGEiOnsidXNlcm5hbWUiOiJhZGUiLCJwYXNzd29yZCI6ImI3MDE2NmQyMzU5ZTU1ZmYzNDg0ZjVkNzAyMGM3MGQ4NmQ4OTA3OTYiLCJpcCI6Ijo6MSIsInVzZXJfYWdlbnQiOiJUaWNrZXRpbmctV2ViQXBwIn19.73RLEOLgunLyB7wcUID1YogRnuy5eoe6ZK2a29YLvAY
Connection: close
Request body:

========================================
2019-05-08 15:03:38 
::1 POST /tourism/public-api/v1/users/token HTTP/1.1
HTTP headers:
Host: localhost
Content-Length: 25
User-Agent: Ticketing-WebApp
Connection: close
Content-Type: application/x-www-form-urlencoded
Request body:
username=ade&password=ade
========================================
2019-05-08 15:03:39 
::1 GET /tourism/public-api/v1/countries//continent?limit= HTTP/1.1
HTTP headers:
Host: localhost
User-Agent: Ticketing-WebApp
Authorization: Bearer eyJ0eXAiOiJKV1QiLCJhbGciOiJIUzI1NiJ9.eyJpYXQiOjE1NTczMDI2MTgsImp0aSI6IktTUUxcL3BnQTFtcUlTbU00VTErT0RwTFhFXC8yd2FoVmpDVlwvSGwyU1llcGc9IiwiaXNzIjoiOjoxIiwibmJmIjoxNTU3MzAyNjE4LCJleHAiOjE1NTczMDQ0MTgsImRhdGEiOnsidXNlcm5hbWUiOiJhZGUiLCJwYXNzd29yZCI6ImI3MDE2NmQyMzU5ZTU1ZmYzNDg0ZjVkNzAyMGM3MGQ4NmQ4OTA3OTYiLCJpcCI6Ijo6MSIsInVzZXJfYWdlbnQiOiJUaWNrZXRpbmctV2ViQXBwIn19.fHAyIBBhFvRMCh8NwkUmNenkW9dFeCWGBP3o9y8BIxE
Connection: close
Request body:

========================================
2019-05-08 15:03:39 
::1 POST /tourism/public-api/v1/users/token HTTP/1.1
HTTP headers:
Host: localhost
Content-Length: 25
User-Agent: Ticketing-WebApp
Connection: close
Content-Type: application/x-www-form-urlencoded
Request body:
username=ade&password=ade
========================================
2019-05-08 15:03:40 
::1 GET /tourism/public-api/v1/countries//continent?limit= HTTP/1.1
HTTP headers:
Host: localhost
User-Agent: Ticketing-WebApp
Authorization: Bearer eyJ0eXAiOiJKV1QiLCJhbGciOiJIUzI1NiJ9.eyJpYXQiOjE1NTczMDI2MTksImp0aSI6Ik9aOXRCc1VJREFJaHNZdms3UDl5SVFGRkJCc1p0K1VZRTdTMHlcL3JGcHBJPSIsImlzcyI6Ijo6MSIsIm5iZiI6MTU1NzMwMjYxOSwiZXhwIjoxNTU3MzA0NDE5LCJkYXRhIjp7InVzZXJuYW1lIjoiYWRlIiwicGFzc3dvcmQiOiJiNzAxNjZkMjM1OWU1NWZmMzQ4NGY1ZDcwMjBjNzBkODZkODkwNzk2IiwiaXAiOiI6OjEiLCJ1c2VyX2FnZW50IjoiVGlja2V0aW5nLVdlYkFwcCJ9fQ.C5Yvyt1csmLGDu0ifqETohumvoRDdwIPZGaOj1xUiQA
Connection: close
Request body:

========================================
2019-05-08 15:03:40 
::1 POST /tourism/public-api/v1/users/token HTTP/1.1
HTTP headers:
Host: localhost
Content-Length: 25
User-Agent: Ticketing-WebApp
Connection: close
Content-Type: application/x-www-form-urlencoded
Request body:
username=ade&password=ade
========================================
2019-05-08 15:03:41 
::1 GET /tourism/public-api/v1/countries//continent?limit= HTTP/1.1
HTTP headers:
Host: localhost
User-Agent: Ticketing-WebApp
Authorization: Bearer eyJ0eXAiOiJKV1QiLCJhbGciOiJIUzI1NiJ9.eyJpYXQiOjE1NTczMDI2MjAsImp0aSI6Ikk4NzkyR0Z6Y3ExcEtCNG1Na1wvRjNqclVpcDUzVDd0VEhJNUlUcWRHSHpZPSIsImlzcyI6Ijo6MSIsIm5iZiI6MTU1NzMwMjYyMCwiZXhwIjoxNTU3MzA0NDIwLCJkYXRhIjp7InVzZXJuYW1lIjoiYWRlIiwicGFzc3dvcmQiOiJiNzAxNjZkMjM1OWU1NWZmMzQ4NGY1ZDcwMjBjNzBkODZkODkwNzk2IiwiaXAiOiI6OjEiLCJ1c2VyX2FnZW50IjoiVGlja2V0aW5nLVdlYkFwcCJ9fQ.Av_WBxO_CJfM7TSlkO8GZzvOT76fNczzyJMbP9dzSUs
Connection: close
Request body:

========================================
2019-05-08 15:03:41 
::1 GET /tourism/public-api/v1/provinces//countries?limit=1 HTTP/1.1
HTTP headers:
Host: localhost
User-Agent: Ticketing-WebApp
Authorization: Bearer eyJ0eXAiOiJKV1QiLCJhbGciOiJIUzI1NiJ9.eyJpYXQiOjE1NTczMDI2MjAsImp0aSI6Ikk4NzkyR0Z6Y3ExcEtCNG1Na1wvRjNqclVpcDUzVDd0VEhJNUlUcWRHSHpZPSIsImlzcyI6Ijo6MSIsIm5iZiI6MTU1NzMwMjYyMCwiZXhwIjoxNTU3MzA0NDIwLCJkYXRhIjp7InVzZXJuYW1lIjoiYWRlIiwicGFzc3dvcmQiOiJiNzAxNjZkMjM1OWU1NWZmMzQ4NGY1ZDcwMjBjNzBkODZkODkwNzk2IiwiaXAiOiI6OjEiLCJ1c2VyX2FnZW50IjoiVGlja2V0aW5nLVdlYkFwcCJ9fQ.Av_WBxO_CJfM7TSlkO8GZzvOT76fNczzyJMbP9dzSUs
Connection: close
Request body:

========================================
2019-05-08 15:03:41 
::1 POST /tourism/public-api/v1/users/token HTTP/1.1
HTTP headers:
Host: localhost
Content-Length: 25
User-Agent: Ticketing-WebApp
Connection: close
Content-Type: application/x-www-form-urlencoded
Request body:
username=ade&password=ade
========================================
2019-05-08 15:03:43 
::1 GET /tourism/public-api/v1/provinces//countries?limit=1 HTTP/1.1
HTTP headers:
Host: localhost
User-Agent: Ticketing-WebApp
Authorization: Bearer eyJ0eXAiOiJKV1QiLCJhbGciOiJIUzI1NiJ9.eyJpYXQiOjE1NTczMDI2MjIsImp0aSI6IjdYZ1NGUHhJMmZGOGNsUlF1MW5jajhPZHVkNTBsZDV3NG4xNGd5anhiTXM9IiwiaXNzIjoiOjoxIiwibmJmIjoxNTU3MzAyNjIyLCJleHAiOjE1NTczMDQ0MjIsImRhdGEiOnsidXNlcm5hbWUiOiJhZGUiLCJwYXNzd29yZCI6ImI3MDE2NmQyMzU5ZTU1ZmYzNDg0ZjVkNzAyMGM3MGQ4NmQ4OTA3OTYiLCJpcCI6Ijo6MSIsInVzZXJfYWdlbnQiOiJUaWNrZXRpbmctV2ViQXBwIn19.LwetSZFeIa3VZILUpSjfMejCdi8EXrJHnMSfnmpSLy0
Connection: close
Request body:

========================================
2019-05-08 15:03:43 
::1 POST /tourism/public-api/v1/users/token HTTP/1.1
HTTP headers:
Host: localhost
Content-Length: 25
User-Agent: Ticketing-WebApp
Connection: close
Content-Type: application/x-www-form-urlencoded
Request body:
username=ade&password=ade
========================================
2019-05-08 15:03:44 
::1 GET /tourism/public-api/v1/provinces//countries?limit=1 HTTP/1.1
HTTP headers:
Host: localhost
User-Agent: Ticketing-WebApp
Authorization: Bearer eyJ0eXAiOiJKV1QiLCJhbGciOiJIUzI1NiJ9.eyJpYXQiOjE1NTczMDI2MjMsImp0aSI6IlwvNjY5Q1M0VkFFSUN0TlpZbThZa0hkU3YzbTB0cjhueFwvbTFkXC9NRDFFVjA9IiwiaXNzIjoiOjoxIiwibmJmIjoxNTU3MzAyNjIzLCJleHAiOjE1NTczMDQ0MjMsImRhdGEiOnsidXNlcm5hbWUiOiJhZGUiLCJwYXNzd29yZCI6ImI3MDE2NmQyMzU5ZTU1ZmYzNDg0ZjVkNzAyMGM3MGQ4NmQ4OTA3OTYiLCJpcCI6Ijo6MSIsInVzZXJfYWdlbnQiOiJUaWNrZXRpbmctV2ViQXBwIn19.9gfnAU8odQoT080QGEdJG0wGt9d_Nt6Q5mf7OSvS-OY
Connection: close
Request body:

========================================
2019-05-08 15:03:44 
::1 POST /tourism/public-api/v1/users/token HTTP/1.1
HTTP headers:
Host: localhost
Content-Length: 25
User-Agent: Ticketing-WebApp
Connection: close
Content-Type: application/x-www-form-urlencoded
Request body:
username=ade&password=ade
========================================
2019-05-08 15:03:45 
::1 GET /tourism/public-api/v1/provinces//countries?limit=1 HTTP/1.1
HTTP headers:
Host: localhost
User-Agent: Ticketing-WebApp
Authorization: Bearer eyJ0eXAiOiJKV1QiLCJhbGciOiJIUzI1NiJ9.eyJpYXQiOjE1NTczMDI2MjQsImp0aSI6IjZPXC9EWUhJUUU3NlNFWURvMjNqbEtOK1NSK3ZWMVRpa2NodGxlejlOQzRNPSIsImlzcyI6Ijo6MSIsIm5iZiI6MTU1NzMwMjYyNCwiZXhwIjoxNTU3MzA0NDI0LCJkYXRhIjp7InVzZXJuYW1lIjoiYWRlIiwicGFzc3dvcmQiOiJiNzAxNjZkMjM1OWU1NWZmMzQ4NGY1ZDcwMjBjNzBkODZkODkwNzk2IiwiaXAiOiI6OjEiLCJ1c2VyX2FnZW50IjoiVGlja2V0aW5nLVdlYkFwcCJ9fQ.mGWzOvp4l1VLy_-FPEvUvQ7T0FBo-F-LucF7a7eJwvs
Connection: close
Request body:

========================================
2019-05-08 15:03:45 
::1 GET /tourism/public-api/v1/provinces//countries?limit= HTTP/1.1
HTTP headers:
Host: localhost
User-Agent: Ticketing-WebApp
Authorization: Bearer eyJ0eXAiOiJKV1QiLCJhbGciOiJIUzI1NiJ9.eyJpYXQiOjE1NTczMDI2MjQsImp0aSI6IjZPXC9EWUhJUUU3NlNFWURvMjNqbEtOK1NSK3ZWMVRpa2NodGxlejlOQzRNPSIsImlzcyI6Ijo6MSIsIm5iZiI6MTU1NzMwMjYyNCwiZXhwIjoxNTU3MzA0NDI0LCJkYXRhIjp7InVzZXJuYW1lIjoiYWRlIiwicGFzc3dvcmQiOiJiNzAxNjZkMjM1OWU1NWZmMzQ4NGY1ZDcwMjBjNzBkODZkODkwNzk2IiwiaXAiOiI6OjEiLCJ1c2VyX2FnZW50IjoiVGlja2V0aW5nLVdlYkFwcCJ9fQ.mGWzOvp4l1VLy_-FPEvUvQ7T0FBo-F-LucF7a7eJwvs
Connection: close
Request body:

========================================
2019-05-08 15:03:45 
::1 POST /tourism/public-api/v1/users/token HTTP/1.1
HTTP headers:
Host: localhost
Content-Length: 25
User-Agent: Ticketing-WebApp
Connection: close
Content-Type: application/x-www-form-urlencoded
Request body:
username=ade&password=ade
========================================
2019-05-08 15:03:46 
::1 GET /tourism/public-api/v1/provinces//countries?limit= HTTP/1.1
HTTP headers:
Host: localhost
User-Agent: Ticketing-WebApp
Authorization: Bearer eyJ0eXAiOiJKV1QiLCJhbGciOiJIUzI1NiJ9.eyJpYXQiOjE1NTczMDI2MjUsImp0aSI6IlFcLzZPc2lqSGR1cDFqYUdCSGQ0dDBFNyt6N21yZFdlZHZrcVUxWVFjV1drPSIsImlzcyI6Ijo6MSIsIm5iZiI6MTU1NzMwMjYyNSwiZXhwIjoxNTU3MzA0NDI1LCJkYXRhIjp7InVzZXJuYW1lIjoiYWRlIiwicGFzc3dvcmQiOiJiNzAxNjZkMjM1OWU1NWZmMzQ4NGY1ZDcwMjBjNzBkODZkODkwNzk2IiwiaXAiOiI6OjEiLCJ1c2VyX2FnZW50IjoiVGlja2V0aW5nLVdlYkFwcCJ9fQ.H8IUlGNlf-rMOi8ZFNUk9I4hxkhCrd5sfZQ8gDysqyY
Connection: close
Request body:

========================================
2019-05-08 15:03:46 
::1 POST /tourism/public-api/v1/users/token HTTP/1.1
HTTP headers:
Host: localhost
Content-Length: 25
User-Agent: Ticketing-WebApp
Connection: close
Content-Type: application/x-www-form-urlencoded
Request body:
username=ade&password=ade
========================================
2019-05-08 15:03:47 
::1 GET /tourism/public-api/v1/provinces//countries?limit= HTTP/1.1
HTTP headers:
Host: localhost
User-Agent: Ticketing-WebApp
Authorization: Bearer eyJ0eXAiOiJKV1QiLCJhbGciOiJIUzI1NiJ9.eyJpYXQiOjE1NTczMDI2MjYsImp0aSI6IlRcLzdsNTJmenlNXC9TYUxpckpIa3YwMW5sc2JkZWRKQndDSlBvb1hLamdcL2s9IiwiaXNzIjoiOjoxIiwibmJmIjoxNTU3MzAyNjI2LCJleHAiOjE1NTczMDQ0MjYsImRhdGEiOnsidXNlcm5hbWUiOiJhZGUiLCJwYXNzd29yZCI6ImI3MDE2NmQyMzU5ZTU1ZmYzNDg0ZjVkNzAyMGM3MGQ4NmQ4OTA3OTYiLCJpcCI6Ijo6MSIsInVzZXJfYWdlbnQiOiJUaWNrZXRpbmctV2ViQXBwIn19.oRjNC2LYL4SG8wcUszgn6EYBPh0oaMYPiyvkBtRZjPo
Connection: close
Request body:

========================================
2019-05-08 15:03:47 
::1 POST /tourism/public-api/v1/users/token HTTP/1.1
HTTP headers:
Host: localhost
Content-Length: 25
User-Agent: Ticketing-WebApp
Connection: close
Content-Type: application/x-www-form-urlencoded
Request body:
username=ade&password=ade
========================================
2019-05-08 15:03:49 
::1 GET /tourism/public-api/v1/provinces//countries?limit= HTTP/1.1
HTTP headers:
Host: localhost
User-Agent: Ticketing-WebApp
Authorization: Bearer eyJ0eXAiOiJKV1QiLCJhbGciOiJIUzI1NiJ9.eyJpYXQiOjE1NTczMDI2MjcsImp0aSI6IkpncVRGdEFxWkI2RjdFTWdZNklrS3ZjQ1RYRjh3bWRBTEMrM3BNZExWbXM9IiwiaXNzIjoiOjoxIiwibmJmIjoxNTU3MzAyNjI3LCJleHAiOjE1NTczMDQ0MjcsImRhdGEiOnsidXNlcm5hbWUiOiJhZGUiLCJwYXNzd29yZCI6ImI3MDE2NmQyMzU5ZTU1ZmYzNDg0ZjVkNzAyMGM3MGQ4NmQ4OTA3OTYiLCJpcCI6Ijo6MSIsInVzZXJfYWdlbnQiOiJUaWNrZXRpbmctV2ViQXBwIn19.Y-9mx9MuHgz9WL0qHFwAIToG0d34voJfnoHdHnXrKpY
Connection: close
Request body:

========================================
2019-05-08 15:03:49 
::1 GET /tourism/public-api/v1/destination_accounts/active HTTP/1.1
HTTP headers:
Host: localhost
User-Agent: Ticketing-WebApp
Authorization: Bearer eyJ0eXAiOiJKV1QiLCJhbGciOiJIUzI1NiJ9.eyJpYXQiOjE1NTczMDI2MjcsImp0aSI6IkpncVRGdEFxWkI2RjdFTWdZNklrS3ZjQ1RYRjh3bWRBTEMrM3BNZExWbXM9IiwiaXNzIjoiOjoxIiwibmJmIjoxNTU3MzAyNjI3LCJleHAiOjE1NTczMDQ0MjcsImRhdGEiOnsidXNlcm5hbWUiOiJhZGUiLCJwYXNzd29yZCI6ImI3MDE2NmQyMzU5ZTU1ZmYzNDg0ZjVkNzAyMGM3MGQ4NmQ4OTA3OTYiLCJpcCI6Ijo6MSIsInVzZXJfYWdlbnQiOiJUaWNrZXRpbmctV2ViQXBwIn19.Y-9mx9MuHgz9WL0qHFwAIToG0d34voJfnoHdHnXrKpY
Connection: close
Request body:

========================================
2019-05-08 15:04:01 
::1 GET /tourism/public-api/v1/users/1 HTTP/1.1
HTTP headers:
Host: localhost
User-Agent: Ticketing-WebApp
Authorization: Bearer eyJ0eXAiOiJKV1QiLCJhbGciOiJIUzI1NiJ9.eyJpYXQiOjE1NTczMDI2MjcsImp0aSI6IkpncVRGdEFxWkI2RjdFTWdZNklrS3ZjQ1RYRjh3bWRBTEMrM3BNZExWbXM9IiwiaXNzIjoiOjoxIiwibmJmIjoxNTU3MzAyNjI3LCJleHAiOjE1NTczMDQ0MjcsImRhdGEiOnsidXNlcm5hbWUiOiJhZGUiLCJwYXNzd29yZCI6ImI3MDE2NmQyMzU5ZTU1ZmYzNDg0ZjVkNzAyMGM3MGQ4NmQ4OTA3OTYiLCJpcCI6Ijo6MSIsInVzZXJfYWdlbnQiOiJUaWNrZXRpbmctV2ViQXBwIn19.Y-9mx9MuHgz9WL0qHFwAIToG0d34voJfnoHdHnXrKpY
Connection: close
Request body:

========================================
2019-05-08 15:04:02 
::1 GET /tourism/public-api/v1/provinces/1/countries?limit=40 HTTP/1.1
HTTP headers:
Host: localhost
User-Agent: Ticketing-WebApp
Authorization: Bearer eyJ0eXAiOiJKV1QiLCJhbGciOiJIUzI1NiJ9.eyJpYXQiOjE1NTczMDI2MjcsImp0aSI6IkpncVRGdEFxWkI2RjdFTWdZNklrS3ZjQ1RYRjh3bWRBTEMrM3BNZExWbXM9IiwiaXNzIjoiOjoxIiwibmJmIjoxNTU3MzAyNjI3LCJleHAiOjE1NTczMDQ0MjcsImRhdGEiOnsidXNlcm5hbWUiOiJhZGUiLCJwYXNzd29yZCI6ImI3MDE2NmQyMzU5ZTU1ZmYzNDg0ZjVkNzAyMGM3MGQ4NmQ4OTA3OTYiLCJpcCI6Ijo6MSIsInVzZXJfYWdlbnQiOiJUaWNrZXRpbmctV2ViQXBwIn19.Y-9mx9MuHgz9WL0qHFwAIToG0d34voJfnoHdHnXrKpY
Connection: close
Request body:

========================================
2019-05-08 15:04:02 
::1 GET /tourism/public-api/v1/users/1/tickets HTTP/1.1
HTTP headers:
Host: localhost
User-Agent: Ticketing-WebApp
Authorization: Bearer eyJ0eXAiOiJKV1QiLCJhbGciOiJIUzI1NiJ9.eyJpYXQiOjE1NTczMDI2MjcsImp0aSI6IkpncVRGdEFxWkI2RjdFTWdZNklrS3ZjQ1RYRjh3bWRBTEMrM3BNZExWbXM9IiwiaXNzIjoiOjoxIiwibmJmIjoxNTU3MzAyNjI3LCJleHAiOjE1NTczMDQ0MjcsImRhdGEiOnsidXNlcm5hbWUiOiJhZGUiLCJwYXNzd29yZCI6ImI3MDE2NmQyMzU5ZTU1ZmYzNDg0ZjVkNzAyMGM3MGQ4NmQ4OTA3OTYiLCJpcCI6Ijo6MSIsInVzZXJfYWdlbnQiOiJUaWNrZXRpbmctV2ViQXBwIn19.Y-9mx9MuHgz9WL0qHFwAIToG0d34voJfnoHdHnXrKpY
Connection: close
Request body:

========================================
2019-05-08 15:08:32 
::1 GET /tourism/public-api/v1/tickets?limit=1 HTTP/1.1
HTTP headers:
Host: localhost
User-Agent: Ticketing-WebApp
Authorization: Bearer eyJ0eXAiOiJKV1QiLCJhbGciOiJIUzI1NiJ9.eyJpYXQiOjE1NTczMDI2MjcsImp0aSI6IkpncVRGdEFxWkI2RjdFTWdZNklrS3ZjQ1RYRjh3bWRBTEMrM3BNZExWbXM9IiwiaXNzIjoiOjoxIiwibmJmIjoxNTU3MzAyNjI3LCJleHAiOjE1NTczMDQ0MjcsImRhdGEiOnsidXNlcm5hbWUiOiJhZGUiLCJwYXNzd29yZCI6ImI3MDE2NmQyMzU5ZTU1ZmYzNDg0ZjVkNzAyMGM3MGQ4NmQ4OTA3OTYiLCJpcCI6Ijo6MSIsInVzZXJfYWdlbnQiOiJUaWNrZXRpbmctV2ViQXBwIn19.Y-9mx9MuHgz9WL0qHFwAIToG0d34voJfnoHdHnXrKpY
Connection: close
Request body:

========================================
2019-05-08 15:08:32 
::1 GET /tourism/public-api/v1/tickets?limit=2 HTTP/1.1
HTTP headers:
Host: localhost
User-Agent: Ticketing-WebApp
Authorization: Bearer eyJ0eXAiOiJKV1QiLCJhbGciOiJIUzI1NiJ9.eyJpYXQiOjE1NTczMDI2MjcsImp0aSI6IkpncVRGdEFxWkI2RjdFTWdZNklrS3ZjQ1RYRjh3bWRBTEMrM3BNZExWbXM9IiwiaXNzIjoiOjoxIiwibmJmIjoxNTU3MzAyNjI3LCJleHAiOjE1NTczMDQ0MjcsImRhdGEiOnsidXNlcm5hbWUiOiJhZGUiLCJwYXNzd29yZCI6ImI3MDE2NmQyMzU5ZTU1ZmYzNDg0ZjVkNzAyMGM3MGQ4NmQ4OTA3OTYiLCJpcCI6Ijo6MSIsInVzZXJfYWdlbnQiOiJUaWNrZXRpbmctV2ViQXBwIn19.Y-9mx9MuHgz9WL0qHFwAIToG0d34voJfnoHdHnXrKpY
Connection: close
Request body:

========================================
2019-05-08 15:57:08 
::1 POST /tourism/public-api/v1/users/token HTTP/1.1
HTTP headers:
Host: localhost
Content-Length: 25
User-Agent: Ticketing-WebApp
Connection: close
Content-Type: application/x-www-form-urlencoded
Request body:
username=ade&password=dae
========================================
2019-05-08 15:57:08 
::1 POST /tourism/public-api/v1/users/token HTTP/1.1
HTTP headers:
Host: localhost
Content-Length: 10
User-Agent: Ticketing-WebApp
Connection: close
Content-Type: application/x-www-form-urlencoded
Request body:
password=0
========================================
2019-05-08 15:57:08 
::1 POST /tourism/public-api/v1/users/token HTTP/1.1
HTTP headers:
Host: localhost
Content-Length: 25
User-Agent: Ticketing-WebApp
Connection: close
Content-Type: application/x-www-form-urlencoded
Request body:
username=ade&password=dae
========================================
2019-05-08 15:57:08 
::1 POST /tourism/public-api/v1/users/token HTTP/1.1
HTTP headers:
Host: localhost
Content-Length: 10
User-Agent: Ticketing-WebApp
Connection: close
Content-Type: application/x-www-form-urlencoded
Request body:
password=0
========================================
2019-05-08 15:57:08 
::1 POST /tourism/public-api/v1/users/token HTTP/1.1
HTTP headers:
Host: localhost
Content-Length: 25
User-Agent: Ticketing-WebApp
Connection: close
Content-Type: application/x-www-form-urlencoded
Request body:
username=ade&password=dae
========================================
2019-05-08 15:57:08 
::1 POST /tourism/public-api/v1/users/token HTTP/1.1
HTTP headers:
Host: localhost
Content-Length: 10
User-Agent: Ticketing-WebApp
Connection: close
Content-Type: application/x-www-form-urlencoded
Request body:
password=0
========================================
2019-05-08 15:57:08 
::1 POST /tourism/public-api/v1/users/token HTTP/1.1
HTTP headers:
Host: localhost
Content-Length: 25
User-Agent: Ticketing-WebApp
Connection: close
Content-Type: application/x-www-form-urlencoded
Request body:
username=ade&password=dae
========================================
2019-05-08 15:57:08 
::1 GET /tourism/public-api/v1/tourism?tourism_approval_status=2&sort=DESC HTTP/1.1
HTTP headers:
Host: localhost
User-Agent: Ticketing-WebApp
Connection: close
Request body:

========================================
2019-05-08 15:57:19 
::1 POST /tourism/public-api/v1/users/token HTTP/1.1
HTTP headers:
Host: localhost
Content-Length: 25
User-Agent: Ticketing-WebApp
Connection: close
Content-Type: application/x-www-form-urlencoded
Request body:
username=ade&password=ade
========================================
2019-05-08 15:57:20 
::1 GET /tourism/public-api/v1/users/1 HTTP/1.1
HTTP headers:
Host: localhost
User-Agent: Ticketing-WebApp
Authorization: Bearer eyJ0eXAiOiJKV1QiLCJhbGciOiJIUzI1NiJ9.eyJpYXQiOjE1NTczMDU4MzksImp0aSI6IkFCUGpVKzBCRnliWTFWMTczVjMyWTluU2lXRDhjUHdReU92R1NmbW1FYnM9IiwiaXNzIjoiOjoxIiwibmJmIjoxNTU3MzA1ODM5LCJleHAiOjE1NTczMDc2MzksImRhdGEiOnsidXNlcm5hbWUiOiJhZGUiLCJwYXNzd29yZCI6ImI3MDE2NmQyMzU5ZTU1ZmYzNDg0ZjVkNzAyMGM3MGQ4NmQ4OTA3OTYiLCJpcCI6Ijo6MSIsInVzZXJfYWdlbnQiOiJUaWNrZXRpbmctV2ViQXBwIn19.Gos0k40WIJ-nLcZIxt-oYr2chpIJ2tRpk7HG1AuMKLk
Connection: close
Request body:

========================================
2019-05-08 15:57:20 
::1 GET /tourism/public-api/v1/tourism?tourism_approval_status=2&sort=DESC HTTP/1.1
HTTP headers:
Host: localhost
User-Agent: Ticketing-WebApp
Authorization: Bearer eyJ0eXAiOiJKV1QiLCJhbGciOiJIUzI1NiJ9.eyJpYXQiOjE1NTczMDU4MzksImp0aSI6IkFCUGpVKzBCRnliWTFWMTczVjMyWTluU2lXRDhjUHdReU92R1NmbW1FYnM9IiwiaXNzIjoiOjoxIiwibmJmIjoxNTU3MzA1ODM5LCJleHAiOjE1NTczMDc2MzksImRhdGEiOnsidXNlcm5hbWUiOiJhZGUiLCJwYXNzd29yZCI6ImI3MDE2NmQyMzU5ZTU1ZmYzNDg0ZjVkNzAyMGM3MGQ4NmQ4OTA3OTYiLCJpcCI6Ijo6MSIsInVzZXJfYWdlbnQiOiJUaWNrZXRpbmctV2ViQXBwIn19.Gos0k40WIJ-nLcZIxt-oYr2chpIJ2tRpk7HG1AuMKLk
Connection: close
Request body:

========================================
2019-05-08 15:57:36 
::1 GET /tourism/public-api/v1/tickets?limit=1 HTTP/1.1
HTTP headers:
Host: localhost
User-Agent: Ticketing-WebApp
Authorization: Bearer eyJ0eXAiOiJKV1QiLCJhbGciOiJIUzI1NiJ9.eyJpYXQiOjE1NTczMDU4MzksImp0aSI6IkFCUGpVKzBCRnliWTFWMTczVjMyWTluU2lXRDhjUHdReU92R1NmbW1FYnM9IiwiaXNzIjoiOjoxIiwibmJmIjoxNTU3MzA1ODM5LCJleHAiOjE1NTczMDc2MzksImRhdGEiOnsidXNlcm5hbWUiOiJhZGUiLCJwYXNzd29yZCI6ImI3MDE2NmQyMzU5ZTU1ZmYzNDg0ZjVkNzAyMGM3MGQ4NmQ4OTA3OTYiLCJpcCI6Ijo6MSIsInVzZXJfYWdlbnQiOiJUaWNrZXRpbmctV2ViQXBwIn19.Gos0k40WIJ-nLcZIxt-oYr2chpIJ2tRpk7HG1AuMKLk
Connection: close
Request body:

========================================
2019-05-08 15:57:36 
::1 GET /tourism/public-api/v1/tickets?limit=2 HTTP/1.1
HTTP headers:
Host: localhost
User-Agent: Ticketing-WebApp
Authorization: Bearer eyJ0eXAiOiJKV1QiLCJhbGciOiJIUzI1NiJ9.eyJpYXQiOjE1NTczMDU4MzksImp0aSI6IkFCUGpVKzBCRnliWTFWMTczVjMyWTluU2lXRDhjUHdReU92R1NmbW1FYnM9IiwiaXNzIjoiOjoxIiwibmJmIjoxNTU3MzA1ODM5LCJleHAiOjE1NTczMDc2MzksImRhdGEiOnsidXNlcm5hbWUiOiJhZGUiLCJwYXNzd29yZCI6ImI3MDE2NmQyMzU5ZTU1ZmYzNDg0ZjVkNzAyMGM3MGQ4NmQ4OTA3OTYiLCJpcCI6Ijo6MSIsInVzZXJfYWdlbnQiOiJUaWNrZXRpbmctV2ViQXBwIn19.Gos0k40WIJ-nLcZIxt-oYr2chpIJ2tRpk7HG1AuMKLk
Connection: close
Request body:

========================================
2019-05-08 16:37:28 
::1 POST /tourism/public-api/v1/users/token HTTP/1.1
HTTP headers:
Host: localhost
Content-Length: 25
User-Agent: Ticketing-WebApp
Connection: close
Content-Type: application/x-www-form-urlencoded
Request body:
username=ade&password=ade
========================================
2019-05-08 16:37:29 
::1 GET /tourism/public-api/v1/users/1 HTTP/1.1
HTTP headers:
Host: localhost
User-Agent: Ticketing-WebApp
Authorization: Bearer eyJ0eXAiOiJKV1QiLCJhbGciOiJIUzI1NiJ9.eyJpYXQiOjE1NTczMDgyNDgsImp0aSI6IkZSQzBUdHFNUkdzdFhaZzYzdklIekFPSUVkQStoM0pld2NXc1B2MDV6d1E9IiwiaXNzIjoiOjoxIiwibmJmIjoxNTU3MzA4MjQ4LCJleHAiOjE1NTczMTAwNDgsImRhdGEiOnsidXNlcm5hbWUiOiJhZGUiLCJwYXNzd29yZCI6ImI3MDE2NmQyMzU5ZTU1ZmYzNDg0ZjVkNzAyMGM3MGQ4NmQ4OTA3OTYiLCJpcCI6Ijo6MSIsInVzZXJfYWdlbnQiOiJUaWNrZXRpbmctV2ViQXBwIn19.FMTyKsqS4aCrU4ZAuTDUm7UUyqvu1RZ6sy2MkZWb54g
Connection: close
Request body:

========================================
2019-05-08 16:37:29 
::1 GET /tourism/public-api/v1/tourism?tourism_approval_status=2&sort=DESC HTTP/1.1
HTTP headers:
Host: localhost
User-Agent: Ticketing-WebApp
Authorization: Bearer eyJ0eXAiOiJKV1QiLCJhbGciOiJIUzI1NiJ9.eyJpYXQiOjE1NTczMDgyNDgsImp0aSI6IkZSQzBUdHFNUkdzdFhaZzYzdklIekFPSUVkQStoM0pld2NXc1B2MDV6d1E9IiwiaXNzIjoiOjoxIiwibmJmIjoxNTU3MzA4MjQ4LCJleHAiOjE1NTczMTAwNDgsImRhdGEiOnsidXNlcm5hbWUiOiJhZGUiLCJwYXNzd29yZCI6ImI3MDE2NmQyMzU5ZTU1ZmYzNDg0ZjVkNzAyMGM3MGQ4NmQ4OTA3OTYiLCJpcCI6Ijo6MSIsInVzZXJfYWdlbnQiOiJUaWNrZXRpbmctV2ViQXBwIn19.FMTyKsqS4aCrU4ZAuTDUm7UUyqvu1RZ6sy2MkZWb54g
Connection: close
Request body:

========================================
2019-05-08 16:39:07 
::1 GET /tourism/public-api/v1/tickets?limit=1 HTTP/1.1
HTTP headers:
Host: localhost
User-Agent: Ticketing-WebApp
Authorization: Bearer eyJ0eXAiOiJKV1QiLCJhbGciOiJIUzI1NiJ9.eyJpYXQiOjE1NTczMDgyNDgsImp0aSI6IkZSQzBUdHFNUkdzdFhaZzYzdklIekFPSUVkQStoM0pld2NXc1B2MDV6d1E9IiwiaXNzIjoiOjoxIiwibmJmIjoxNTU3MzA4MjQ4LCJleHAiOjE1NTczMTAwNDgsImRhdGEiOnsidXNlcm5hbWUiOiJhZGUiLCJwYXNzd29yZCI6ImI3MDE2NmQyMzU5ZTU1ZmYzNDg0ZjVkNzAyMGM3MGQ4NmQ4OTA3OTYiLCJpcCI6Ijo6MSIsInVzZXJfYWdlbnQiOiJUaWNrZXRpbmctV2ViQXBwIn19.FMTyKsqS4aCrU4ZAuTDUm7UUyqvu1RZ6sy2MkZWb54g
Connection: close
Request body:

========================================
2019-05-08 16:39:07 
::1 GET /tourism/public-api/v1/tickets?limit=2 HTTP/1.1
HTTP headers:
Host: localhost
User-Agent: Ticketing-WebApp
Authorization: Bearer eyJ0eXAiOiJKV1QiLCJhbGciOiJIUzI1NiJ9.eyJpYXQiOjE1NTczMDgyNDgsImp0aSI6IkZSQzBUdHFNUkdzdFhaZzYzdklIekFPSUVkQStoM0pld2NXc1B2MDV6d1E9IiwiaXNzIjoiOjoxIiwibmJmIjoxNTU3MzA4MjQ4LCJleHAiOjE1NTczMTAwNDgsImRhdGEiOnsidXNlcm5hbWUiOiJhZGUiLCJwYXNzd29yZCI6ImI3MDE2NmQyMzU5ZTU1ZmYzNDg0ZjVkNzAyMGM3MGQ4NmQ4OTA3OTYiLCJpcCI6Ijo6MSIsInVzZXJfYWdlbnQiOiJUaWNrZXRpbmctV2ViQXBwIn19.FMTyKsqS4aCrU4ZAuTDUm7UUyqvu1RZ6sy2MkZWb54g
Connection: close
Request body:

========================================
