2018-08-29 14:06:45 
::1 POST /tourism/public-api/v1/users/token HTTP/1.1
HTTP headers:
Host: localhost
Content-Length: 25
User-Agent: Ticketing-WebApp
Connection: close
Content-Type: application/x-www-form-urlencoded
Request body:
username=ade&password=ade
========================================
2018-08-29 14:06:47 
::1 GET /tourism/public-api/v1/users/1 HTTP/1.1
HTTP headers:
Host: localhost
User-Agent: Ticketing-WebApp
Authorization: Bearer eyJ0eXAiOiJKV1QiLCJhbGciOiJIUzI1NiJ9.eyJpYXQiOjE1MzU1MjY0MDYsImp0aSI6IlUwRWp6dFUrNjloU1U3SnNyVDIxK3JEb0VabkoxQkdqQVNWSVwvbHVZcGZNPSIsImlzcyI6Ijo6MSIsIm5iZiI6MTUzNTUyNjQwNiwiZXhwIjoxNTM1NTI4MjA2LCJkYXRhIjp7InVzZXJuYW1lIjoiYWRlIiwicGFzc3dvcmQiOiJiNzAxNjZkMjM1OWU1NWZmMzQ4NGY1ZDcwMjBjNzBkODZkODkwNzk2IiwiaXAiOiI6OjEiLCJ1c2VyX2FnZW50IjoiVGlja2V0aW5nLVdlYkFwcCJ9fQ.90El3MgV09pFf7NpN7aRJtHc8CvNtBa-1SngrapgsTc
Connection: close
Request body:

========================================
2018-08-29 14:09:48 
::1 GET /tourism/public-api/v1/countries/5/continent?limit=1 HTTP/1.1
HTTP headers:
Host: localhost
User-Agent: Ticketing-WebApp
Authorization: Bearer eyJ0eXAiOiJKV1QiLCJhbGciOiJIUzI1NiJ9.eyJpYXQiOjE1MzU1MjY0MDYsImp0aSI6IlUwRWp6dFUrNjloU1U3SnNyVDIxK3JEb0VabkoxQkdqQVNWSVwvbHVZcGZNPSIsImlzcyI6Ijo6MSIsIm5iZiI6MTUzNTUyNjQwNiwiZXhwIjoxNTM1NTI4MjA2LCJkYXRhIjp7InVzZXJuYW1lIjoiYWRlIiwicGFzc3dvcmQiOiJiNzAxNjZkMjM1OWU1NWZmMzQ4NGY1ZDcwMjBjNzBkODZkODkwNzk2IiwiaXAiOiI6OjEiLCJ1c2VyX2FnZW50IjoiVGlja2V0aW5nLVdlYkFwcCJ9fQ.90El3MgV09pFf7NpN7aRJtHc8CvNtBa-1SngrapgsTc
Connection: close
Request body:

========================================
2018-08-29 14:09:48 
::1 GET /tourism/public-api/v1/countries/5/continent?limit=6 HTTP/1.1
HTTP headers:
Host: localhost
User-Agent: Ticketing-WebApp
Authorization: Bearer eyJ0eXAiOiJKV1QiLCJhbGciOiJIUzI1NiJ9.eyJpYXQiOjE1MzU1MjY0MDYsImp0aSI6IlUwRWp6dFUrNjloU1U3SnNyVDIxK3JEb0VabkoxQkdqQVNWSVwvbHVZcGZNPSIsImlzcyI6Ijo6MSIsIm5iZiI6MTUzNTUyNjQwNiwiZXhwIjoxNTM1NTI4MjA2LCJkYXRhIjp7InVzZXJuYW1lIjoiYWRlIiwicGFzc3dvcmQiOiJiNzAxNjZkMjM1OWU1NWZmMzQ4NGY1ZDcwMjBjNzBkODZkODkwNzk2IiwiaXAiOiI6OjEiLCJ1c2VyX2FnZW50IjoiVGlja2V0aW5nLVdlYkFwcCJ9fQ.90El3MgV09pFf7NpN7aRJtHc8CvNtBa-1SngrapgsTc
Connection: close
Request body:

========================================
2018-08-29 14:10:01 
::1 GET /tourism/public-api/v1/provinces/1/countries?limit=1 HTTP/1.1
HTTP headers:
Host: localhost
User-Agent: Ticketing-WebApp
Authorization: Bearer eyJ0eXAiOiJKV1QiLCJhbGciOiJIUzI1NiJ9.eyJpYXQiOjE1MzU1MjY0MDYsImp0aSI6IlUwRWp6dFUrNjloU1U3SnNyVDIxK3JEb0VabkoxQkdqQVNWSVwvbHVZcGZNPSIsImlzcyI6Ijo6MSIsIm5iZiI6MTUzNTUyNjQwNiwiZXhwIjoxNTM1NTI4MjA2LCJkYXRhIjp7InVzZXJuYW1lIjoiYWRlIiwicGFzc3dvcmQiOiJiNzAxNjZkMjM1OWU1NWZmMzQ4NGY1ZDcwMjBjNzBkODZkODkwNzk2IiwiaXAiOiI6OjEiLCJ1c2VyX2FnZW50IjoiVGlja2V0aW5nLVdlYkFwcCJ9fQ.90El3MgV09pFf7NpN7aRJtHc8CvNtBa-1SngrapgsTc
Connection: close
Request body:

========================================
2018-08-29 14:10:01 
::1 GET /tourism/public-api/v1/provinces/1/countries?limit=33 HTTP/1.1
HTTP headers:
Host: localhost
User-Agent: Ticketing-WebApp
Authorization: Bearer eyJ0eXAiOiJKV1QiLCJhbGciOiJIUzI1NiJ9.eyJpYXQiOjE1MzU1MjY0MDYsImp0aSI6IlUwRWp6dFUrNjloU1U3SnNyVDIxK3JEb0VabkoxQkdqQVNWSVwvbHVZcGZNPSIsImlzcyI6Ijo6MSIsIm5iZiI6MTUzNTUyNjQwNiwiZXhwIjoxNTM1NTI4MjA2LCJkYXRhIjp7InVzZXJuYW1lIjoiYWRlIiwicGFzc3dvcmQiOiJiNzAxNjZkMjM1OWU1NWZmMzQ4NGY1ZDcwMjBjNzBkODZkODkwNzk2IiwiaXAiOiI6OjEiLCJ1c2VyX2FnZW50IjoiVGlja2V0aW5nLVdlYkFwcCJ9fQ.90El3MgV09pFf7NpN7aRJtHc8CvNtBa-1SngrapgsTc
Connection: close
Request body:

========================================
2018-08-29 14:10:10 
::1 GET /tourism/public-api/v1/countries/5/continent?limit=1 HTTP/1.1
HTTP headers:
Host: localhost
User-Agent: Ticketing-WebApp
Authorization: Bearer eyJ0eXAiOiJKV1QiLCJhbGciOiJIUzI1NiJ9.eyJpYXQiOjE1MzU1MjY0MDYsImp0aSI6IlUwRWp6dFUrNjloU1U3SnNyVDIxK3JEb0VabkoxQkdqQVNWSVwvbHVZcGZNPSIsImlzcyI6Ijo6MSIsIm5iZiI6MTUzNTUyNjQwNiwiZXhwIjoxNTM1NTI4MjA2LCJkYXRhIjp7InVzZXJuYW1lIjoiYWRlIiwicGFzc3dvcmQiOiJiNzAxNjZkMjM1OWU1NWZmMzQ4NGY1ZDcwMjBjNzBkODZkODkwNzk2IiwiaXAiOiI6OjEiLCJ1c2VyX2FnZW50IjoiVGlja2V0aW5nLVdlYkFwcCJ9fQ.90El3MgV09pFf7NpN7aRJtHc8CvNtBa-1SngrapgsTc
Connection: close
Request body:

========================================
2018-08-29 14:10:10 
::1 GET /tourism/public-api/v1/countries/5/continent?limit=6 HTTP/1.1
HTTP headers:
Host: localhost
User-Agent: Ticketing-WebApp
Authorization: Bearer eyJ0eXAiOiJKV1QiLCJhbGciOiJIUzI1NiJ9.eyJpYXQiOjE1MzU1MjY0MDYsImp0aSI6IlUwRWp6dFUrNjloU1U3SnNyVDIxK3JEb0VabkoxQkdqQVNWSVwvbHVZcGZNPSIsImlzcyI6Ijo6MSIsIm5iZiI6MTUzNTUyNjQwNiwiZXhwIjoxNTM1NTI4MjA2LCJkYXRhIjp7InVzZXJuYW1lIjoiYWRlIiwicGFzc3dvcmQiOiJiNzAxNjZkMjM1OWU1NWZmMzQ4NGY1ZDcwMjBjNzBkODZkODkwNzk2IiwiaXAiOiI6OjEiLCJ1c2VyX2FnZW50IjoiVGlja2V0aW5nLVdlYkFwcCJ9fQ.90El3MgV09pFf7NpN7aRJtHc8CvNtBa-1SngrapgsTc
Connection: close
Request body:

========================================
2018-08-29 14:16:36 
::1 GET /tourism/public-api/v1/countries/5/continent?limit=1 HTTP/1.1
HTTP headers:
Host: localhost
User-Agent: Ticketing-WebApp
Authorization: Bearer eyJ0eXAiOiJKV1QiLCJhbGciOiJIUzI1NiJ9.eyJpYXQiOjE1MzU1MjY0MDYsImp0aSI6IlUwRWp6dFUrNjloU1U3SnNyVDIxK3JEb0VabkoxQkdqQVNWSVwvbHVZcGZNPSIsImlzcyI6Ijo6MSIsIm5iZiI6MTUzNTUyNjQwNiwiZXhwIjoxNTM1NTI4MjA2LCJkYXRhIjp7InVzZXJuYW1lIjoiYWRlIiwicGFzc3dvcmQiOiJiNzAxNjZkMjM1OWU1NWZmMzQ4NGY1ZDcwMjBjNzBkODZkODkwNzk2IiwiaXAiOiI6OjEiLCJ1c2VyX2FnZW50IjoiVGlja2V0aW5nLVdlYkFwcCJ9fQ.90El3MgV09pFf7NpN7aRJtHc8CvNtBa-1SngrapgsTc
Connection: close
Request body:

========================================
2018-08-29 14:16:36 
::1 GET /tourism/public-api/v1/countries/5/continent?limit=6 HTTP/1.1
HTTP headers:
Host: localhost
User-Agent: Ticketing-WebApp
Authorization: Bearer eyJ0eXAiOiJKV1QiLCJhbGciOiJIUzI1NiJ9.eyJpYXQiOjE1MzU1MjY0MDYsImp0aSI6IlUwRWp6dFUrNjloU1U3SnNyVDIxK3JEb0VabkoxQkdqQVNWSVwvbHVZcGZNPSIsImlzcyI6Ijo6MSIsIm5iZiI6MTUzNTUyNjQwNiwiZXhwIjoxNTM1NTI4MjA2LCJkYXRhIjp7InVzZXJuYW1lIjoiYWRlIiwicGFzc3dvcmQiOiJiNzAxNjZkMjM1OWU1NWZmMzQ4NGY1ZDcwMjBjNzBkODZkODkwNzk2IiwiaXAiOiI6OjEiLCJ1c2VyX2FnZW50IjoiVGlja2V0aW5nLVdlYkFwcCJ9fQ.90El3MgV09pFf7NpN7aRJtHc8CvNtBa-1SngrapgsTc
Connection: close
Request body:

========================================
2018-08-29 14:24:53 
::1 GET /tourism/public-api/v1/countries/5/continent?limit=1 HTTP/1.1
HTTP headers:
Host: localhost
User-Agent: Ticketing-WebApp
Authorization: Bearer eyJ0eXAiOiJKV1QiLCJhbGciOiJIUzI1NiJ9.eyJpYXQiOjE1MzU1MjY0MDYsImp0aSI6IlUwRWp6dFUrNjloU1U3SnNyVDIxK3JEb0VabkoxQkdqQVNWSVwvbHVZcGZNPSIsImlzcyI6Ijo6MSIsIm5iZiI6MTUzNTUyNjQwNiwiZXhwIjoxNTM1NTI4MjA2LCJkYXRhIjp7InVzZXJuYW1lIjoiYWRlIiwicGFzc3dvcmQiOiJiNzAxNjZkMjM1OWU1NWZmMzQ4NGY1ZDcwMjBjNzBkODZkODkwNzk2IiwiaXAiOiI6OjEiLCJ1c2VyX2FnZW50IjoiVGlja2V0aW5nLVdlYkFwcCJ9fQ.90El3MgV09pFf7NpN7aRJtHc8CvNtBa-1SngrapgsTc
Connection: close
Request body:

========================================
2018-08-29 14:24:53 
::1 GET /tourism/public-api/v1/countries/5/continent?limit=6 HTTP/1.1
HTTP headers:
Host: localhost
User-Agent: Ticketing-WebApp
Authorization: Bearer eyJ0eXAiOiJKV1QiLCJhbGciOiJIUzI1NiJ9.eyJpYXQiOjE1MzU1MjY0MDYsImp0aSI6IlUwRWp6dFUrNjloU1U3SnNyVDIxK3JEb0VabkoxQkdqQVNWSVwvbHVZcGZNPSIsImlzcyI6Ijo6MSIsIm5iZiI6MTUzNTUyNjQwNiwiZXhwIjoxNTM1NTI4MjA2LCJkYXRhIjp7InVzZXJuYW1lIjoiYWRlIiwicGFzc3dvcmQiOiJiNzAxNjZkMjM1OWU1NWZmMzQ4NGY1ZDcwMjBjNzBkODZkODkwNzk2IiwiaXAiOiI6OjEiLCJ1c2VyX2FnZW50IjoiVGlja2V0aW5nLVdlYkFwcCJ9fQ.90El3MgV09pFf7NpN7aRJtHc8CvNtBa-1SngrapgsTc
Connection: close
Request body:

========================================
2018-08-29 14:25:42 
::1 GET /tourism/public-api/v1/countries/5/continent?limit=1 HTTP/1.1
HTTP headers:
Host: localhost
User-Agent: Ticketing-WebApp
Authorization: Bearer eyJ0eXAiOiJKV1QiLCJhbGciOiJIUzI1NiJ9.eyJpYXQiOjE1MzU1MjY0MDYsImp0aSI6IlUwRWp6dFUrNjloU1U3SnNyVDIxK3JEb0VabkoxQkdqQVNWSVwvbHVZcGZNPSIsImlzcyI6Ijo6MSIsIm5iZiI6MTUzNTUyNjQwNiwiZXhwIjoxNTM1NTI4MjA2LCJkYXRhIjp7InVzZXJuYW1lIjoiYWRlIiwicGFzc3dvcmQiOiJiNzAxNjZkMjM1OWU1NWZmMzQ4NGY1ZDcwMjBjNzBkODZkODkwNzk2IiwiaXAiOiI6OjEiLCJ1c2VyX2FnZW50IjoiVGlja2V0aW5nLVdlYkFwcCJ9fQ.90El3MgV09pFf7NpN7aRJtHc8CvNtBa-1SngrapgsTc
Connection: close
Request body:

========================================
2018-08-29 14:25:43 
::1 GET /tourism/public-api/v1/countries/5/continent?limit=6 HTTP/1.1
HTTP headers:
Host: localhost
User-Agent: Ticketing-WebApp
Authorization: Bearer eyJ0eXAiOiJKV1QiLCJhbGciOiJIUzI1NiJ9.eyJpYXQiOjE1MzU1MjY0MDYsImp0aSI6IlUwRWp6dFUrNjloU1U3SnNyVDIxK3JEb0VabkoxQkdqQVNWSVwvbHVZcGZNPSIsImlzcyI6Ijo6MSIsIm5iZiI6MTUzNTUyNjQwNiwiZXhwIjoxNTM1NTI4MjA2LCJkYXRhIjp7InVzZXJuYW1lIjoiYWRlIiwicGFzc3dvcmQiOiJiNzAxNjZkMjM1OWU1NWZmMzQ4NGY1ZDcwMjBjNzBkODZkODkwNzk2IiwiaXAiOiI6OjEiLCJ1c2VyX2FnZW50IjoiVGlja2V0aW5nLVdlYkFwcCJ9fQ.90El3MgV09pFf7NpN7aRJtHc8CvNtBa-1SngrapgsTc
Connection: close
Request body:

========================================
2018-08-29 14:27:44 
::1 GET /tourism/public-api/v1/countries/5/continent?limit=1 HTTP/1.1
HTTP headers:
Host: localhost
User-Agent: Ticketing-WebApp
Authorization: Bearer eyJ0eXAiOiJKV1QiLCJhbGciOiJIUzI1NiJ9.eyJpYXQiOjE1MzU1MjY0MDYsImp0aSI6IlUwRWp6dFUrNjloU1U3SnNyVDIxK3JEb0VabkoxQkdqQVNWSVwvbHVZcGZNPSIsImlzcyI6Ijo6MSIsIm5iZiI6MTUzNTUyNjQwNiwiZXhwIjoxNTM1NTI4MjA2LCJkYXRhIjp7InVzZXJuYW1lIjoiYWRlIiwicGFzc3dvcmQiOiJiNzAxNjZkMjM1OWU1NWZmMzQ4NGY1ZDcwMjBjNzBkODZkODkwNzk2IiwiaXAiOiI6OjEiLCJ1c2VyX2FnZW50IjoiVGlja2V0aW5nLVdlYkFwcCJ9fQ.90El3MgV09pFf7NpN7aRJtHc8CvNtBa-1SngrapgsTc
Connection: close
Request body:

========================================
2018-08-29 14:27:44 
::1 GET /tourism/public-api/v1/countries/5/continent?limit=6 HTTP/1.1
HTTP headers:
Host: localhost
User-Agent: Ticketing-WebApp
Authorization: Bearer eyJ0eXAiOiJKV1QiLCJhbGciOiJIUzI1NiJ9.eyJpYXQiOjE1MzU1MjY0MDYsImp0aSI6IlUwRWp6dFUrNjloU1U3SnNyVDIxK3JEb0VabkoxQkdqQVNWSVwvbHVZcGZNPSIsImlzcyI6Ijo6MSIsIm5iZiI6MTUzNTUyNjQwNiwiZXhwIjoxNTM1NTI4MjA2LCJkYXRhIjp7InVzZXJuYW1lIjoiYWRlIiwicGFzc3dvcmQiOiJiNzAxNjZkMjM1OWU1NWZmMzQ4NGY1ZDcwMjBjNzBkODZkODkwNzk2IiwiaXAiOiI6OjEiLCJ1c2VyX2FnZW50IjoiVGlja2V0aW5nLVdlYkFwcCJ9fQ.90El3MgV09pFf7NpN7aRJtHc8CvNtBa-1SngrapgsTc
Connection: close
Request body:

========================================
2018-08-29 14:43:42 
::1 GET /tourism/public-api/v1/destination_accounts/active HTTP/1.1
HTTP headers:
Host: localhost
User-Agent: Ticketing-WebApp
Authorization: Bearer eyJ0eXAiOiJKV1QiLCJhbGciOiJIUzI1NiJ9.eyJpYXQiOjE1MzU1MjY0MDYsImp0aSI6IlUwRWp6dFUrNjloU1U3SnNyVDIxK3JEb0VabkoxQkdqQVNWSVwvbHVZcGZNPSIsImlzcyI6Ijo6MSIsIm5iZiI6MTUzNTUyNjQwNiwiZXhwIjoxNTM1NTI4MjA2LCJkYXRhIjp7InVzZXJuYW1lIjoiYWRlIiwicGFzc3dvcmQiOiJiNzAxNjZkMjM1OWU1NWZmMzQ4NGY1ZDcwMjBjNzBkODZkODkwNzk2IiwiaXAiOiI6OjEiLCJ1c2VyX2FnZW50IjoiVGlja2V0aW5nLVdlYkFwcCJ9fQ.90El3MgV09pFf7NpN7aRJtHc8CvNtBa-1SngrapgsTc
Connection: close
Request body:

========================================
2018-08-29 14:43:42 
::1 POST /tourism/public-api/v1/users/token HTTP/1.1
HTTP headers:
Host: localhost
Content-Length: 25
User-Agent: Ticketing-WebApp
Connection: close
Content-Type: application/x-www-form-urlencoded
Request body:
username=ade&password=ade
========================================
2018-08-29 14:43:43 
::1 GET /tourism/public-api/v1/destination_accounts/active HTTP/1.1
HTTP headers:
Host: localhost
User-Agent: Ticketing-WebApp
Authorization: Bearer eyJ0eXAiOiJKV1QiLCJhbGciOiJIUzI1NiJ9.eyJpYXQiOjE1MzU1Mjg2MjIsImp0aSI6IjJTT0w5UWtiZTdFdUJuZDJQbFpxVVBPVHl3TFhhcktQZGlBZUpiWkpxQ289IiwiaXNzIjoiOjoxIiwibmJmIjoxNTM1NTI4NjIyLCJleHAiOjE1MzU1MzA0MjIsImRhdGEiOnsidXNlcm5hbWUiOiJhZGUiLCJwYXNzd29yZCI6ImI3MDE2NmQyMzU5ZTU1ZmYzNDg0ZjVkNzAyMGM3MGQ4NmQ4OTA3OTYiLCJpcCI6Ijo6MSIsInVzZXJfYWdlbnQiOiJUaWNrZXRpbmctV2ViQXBwIn19.vfMbAG4-HJd1ZCAwZPWRMk7XgFkUBcdmTYqH_7w2T3Q
Connection: close
Request body:

========================================
2018-08-29 14:43:48 
::1 GET /tourism/public-api/v1/destination_accounts/active HTTP/1.1
HTTP headers:
Host: localhost
User-Agent: Ticketing-WebApp
Authorization: Bearer eyJ0eXAiOiJKV1QiLCJhbGciOiJIUzI1NiJ9.eyJpYXQiOjE1MzU1Mjg2MjIsImp0aSI6IjJTT0w5UWtiZTdFdUJuZDJQbFpxVVBPVHl3TFhhcktQZGlBZUpiWkpxQ289IiwiaXNzIjoiOjoxIiwibmJmIjoxNTM1NTI4NjIyLCJleHAiOjE1MzU1MzA0MjIsImRhdGEiOnsidXNlcm5hbWUiOiJhZGUiLCJwYXNzd29yZCI6ImI3MDE2NmQyMzU5ZTU1ZmYzNDg0ZjVkNzAyMGM3MGQ4NmQ4OTA3OTYiLCJpcCI6Ijo6MSIsInVzZXJfYWdlbnQiOiJUaWNrZXRpbmctV2ViQXBwIn19.vfMbAG4-HJd1ZCAwZPWRMk7XgFkUBcdmTYqH_7w2T3Q
Connection: close
Request body:

========================================
2018-08-29 14:43:51 
::1 GET /tourism/public-api/v1/destination_accounts/active HTTP/1.1
HTTP headers:
Host: localhost
User-Agent: Ticketing-WebApp
Authorization: Bearer eyJ0eXAiOiJKV1QiLCJhbGciOiJIUzI1NiJ9.eyJpYXQiOjE1MzU1Mjg2MjIsImp0aSI6IjJTT0w5UWtiZTdFdUJuZDJQbFpxVVBPVHl3TFhhcktQZGlBZUpiWkpxQ289IiwiaXNzIjoiOjoxIiwibmJmIjoxNTM1NTI4NjIyLCJleHAiOjE1MzU1MzA0MjIsImRhdGEiOnsidXNlcm5hbWUiOiJhZGUiLCJwYXNzd29yZCI6ImI3MDE2NmQyMzU5ZTU1ZmYzNDg0ZjVkNzAyMGM3MGQ4NmQ4OTA3OTYiLCJpcCI6Ijo6MSIsInVzZXJfYWdlbnQiOiJUaWNrZXRpbmctV2ViQXBwIn19.vfMbAG4-HJd1ZCAwZPWRMk7XgFkUBcdmTYqH_7w2T3Q
Connection: close
Request body:

========================================
2018-08-29 14:43:55 
::1 GET /tourism/public-api/v1/countries/5/continent?limit=1 HTTP/1.1
HTTP headers:
Host: localhost
User-Agent: Ticketing-WebApp
Authorization: Bearer eyJ0eXAiOiJKV1QiLCJhbGciOiJIUzI1NiJ9.eyJpYXQiOjE1MzU1Mjg2MjIsImp0aSI6IjJTT0w5UWtiZTdFdUJuZDJQbFpxVVBPVHl3TFhhcktQZGlBZUpiWkpxQ289IiwiaXNzIjoiOjoxIiwibmJmIjoxNTM1NTI4NjIyLCJleHAiOjE1MzU1MzA0MjIsImRhdGEiOnsidXNlcm5hbWUiOiJhZGUiLCJwYXNzd29yZCI6ImI3MDE2NmQyMzU5ZTU1ZmYzNDg0ZjVkNzAyMGM3MGQ4NmQ4OTA3OTYiLCJpcCI6Ijo6MSIsInVzZXJfYWdlbnQiOiJUaWNrZXRpbmctV2ViQXBwIn19.vfMbAG4-HJd1ZCAwZPWRMk7XgFkUBcdmTYqH_7w2T3Q
Connection: close
Request body:

========================================
2018-08-29 14:43:55 
::1 GET /tourism/public-api/v1/countries/5/continent?limit=6 HTTP/1.1
HTTP headers:
Host: localhost
User-Agent: Ticketing-WebApp
Authorization: Bearer eyJ0eXAiOiJKV1QiLCJhbGciOiJIUzI1NiJ9.eyJpYXQiOjE1MzU1Mjg2MjIsImp0aSI6IjJTT0w5UWtiZTdFdUJuZDJQbFpxVVBPVHl3TFhhcktQZGlBZUpiWkpxQ289IiwiaXNzIjoiOjoxIiwibmJmIjoxNTM1NTI4NjIyLCJleHAiOjE1MzU1MzA0MjIsImRhdGEiOnsidXNlcm5hbWUiOiJhZGUiLCJwYXNzd29yZCI6ImI3MDE2NmQyMzU5ZTU1ZmYzNDg0ZjVkNzAyMGM3MGQ4NmQ4OTA3OTYiLCJpcCI6Ijo6MSIsInVzZXJfYWdlbnQiOiJUaWNrZXRpbmctV2ViQXBwIn19.vfMbAG4-HJd1ZCAwZPWRMk7XgFkUBcdmTYqH_7w2T3Q
Connection: close
Request body:

========================================
2018-08-29 14:51:37 
::1 GET /tourism/public-api/v1/countries/5/continent?limit=1 HTTP/1.1
HTTP headers:
Host: localhost
User-Agent: Ticketing-WebApp
Authorization: Bearer eyJ0eXAiOiJKV1QiLCJhbGciOiJIUzI1NiJ9.eyJpYXQiOjE1MzU1Mjg2MjIsImp0aSI6IjJTT0w5UWtiZTdFdUJuZDJQbFpxVVBPVHl3TFhhcktQZGlBZUpiWkpxQ289IiwiaXNzIjoiOjoxIiwibmJmIjoxNTM1NTI4NjIyLCJleHAiOjE1MzU1MzA0MjIsImRhdGEiOnsidXNlcm5hbWUiOiJhZGUiLCJwYXNzd29yZCI6ImI3MDE2NmQyMzU5ZTU1ZmYzNDg0ZjVkNzAyMGM3MGQ4NmQ4OTA3OTYiLCJpcCI6Ijo6MSIsInVzZXJfYWdlbnQiOiJUaWNrZXRpbmctV2ViQXBwIn19.vfMbAG4-HJd1ZCAwZPWRMk7XgFkUBcdmTYqH_7w2T3Q
Connection: close
Request body:

========================================
2018-08-29 14:51:37 
::1 GET /tourism/public-api/v1/countries/5/continent?limit=6 HTTP/1.1
HTTP headers:
Host: localhost
User-Agent: Ticketing-WebApp
Authorization: Bearer eyJ0eXAiOiJKV1QiLCJhbGciOiJIUzI1NiJ9.eyJpYXQiOjE1MzU1Mjg2MjIsImp0aSI6IjJTT0w5UWtiZTdFdUJuZDJQbFpxVVBPVHl3TFhhcktQZGlBZUpiWkpxQ289IiwiaXNzIjoiOjoxIiwibmJmIjoxNTM1NTI4NjIyLCJleHAiOjE1MzU1MzA0MjIsImRhdGEiOnsidXNlcm5hbWUiOiJhZGUiLCJwYXNzd29yZCI6ImI3MDE2NmQyMzU5ZTU1ZmYzNDg0ZjVkNzAyMGM3MGQ4NmQ4OTA3OTYiLCJpcCI6Ijo6MSIsInVzZXJfYWdlbnQiOiJUaWNrZXRpbmctV2ViQXBwIn19.vfMbAG4-HJd1ZCAwZPWRMk7XgFkUBcdmTYqH_7w2T3Q
Connection: close
Request body:

========================================
2018-08-29 15:06:57 
::1 GET /tourism/public-api/v1/countries/5/continent?limit=1 HTTP/1.1
HTTP headers:
Host: localhost
User-Agent: Ticketing-WebApp
Authorization: Bearer eyJ0eXAiOiJKV1QiLCJhbGciOiJIUzI1NiJ9.eyJpYXQiOjE1MzU1Mjg2MjIsImp0aSI6IjJTT0w5UWtiZTdFdUJuZDJQbFpxVVBPVHl3TFhhcktQZGlBZUpiWkpxQ289IiwiaXNzIjoiOjoxIiwibmJmIjoxNTM1NTI4NjIyLCJleHAiOjE1MzU1MzA0MjIsImRhdGEiOnsidXNlcm5hbWUiOiJhZGUiLCJwYXNzd29yZCI6ImI3MDE2NmQyMzU5ZTU1ZmYzNDg0ZjVkNzAyMGM3MGQ4NmQ4OTA3OTYiLCJpcCI6Ijo6MSIsInVzZXJfYWdlbnQiOiJUaWNrZXRpbmctV2ViQXBwIn19.vfMbAG4-HJd1ZCAwZPWRMk7XgFkUBcdmTYqH_7w2T3Q
Connection: close
Request body:

========================================
2018-08-29 15:06:58 
::1 GET /tourism/public-api/v1/countries/5/continent?limit=6 HTTP/1.1
HTTP headers:
Host: localhost
User-Agent: Ticketing-WebApp
Authorization: Bearer eyJ0eXAiOiJKV1QiLCJhbGciOiJIUzI1NiJ9.eyJpYXQiOjE1MzU1Mjg2MjIsImp0aSI6IjJTT0w5UWtiZTdFdUJuZDJQbFpxVVBPVHl3TFhhcktQZGlBZUpiWkpxQ289IiwiaXNzIjoiOjoxIiwibmJmIjoxNTM1NTI4NjIyLCJleHAiOjE1MzU1MzA0MjIsImRhdGEiOnsidXNlcm5hbWUiOiJhZGUiLCJwYXNzd29yZCI6ImI3MDE2NmQyMzU5ZTU1ZmYzNDg0ZjVkNzAyMGM3MGQ4NmQ4OTA3OTYiLCJpcCI6Ijo6MSIsInVzZXJfYWdlbnQiOiJUaWNrZXRpbmctV2ViQXBwIn19.vfMbAG4-HJd1ZCAwZPWRMk7XgFkUBcdmTYqH_7w2T3Q
Connection: close
Request body:

========================================
2018-08-29 15:07:00 
::1 GET /tourism/public-api/v1/countries/5/continent?limit=1 HTTP/1.1
HTTP headers:
Host: localhost
User-Agent: Ticketing-WebApp
Authorization: Bearer eyJ0eXAiOiJKV1QiLCJhbGciOiJIUzI1NiJ9.eyJpYXQiOjE1MzU1Mjg2MjIsImp0aSI6IjJTT0w5UWtiZTdFdUJuZDJQbFpxVVBPVHl3TFhhcktQZGlBZUpiWkpxQ289IiwiaXNzIjoiOjoxIiwibmJmIjoxNTM1NTI4NjIyLCJleHAiOjE1MzU1MzA0MjIsImRhdGEiOnsidXNlcm5hbWUiOiJhZGUiLCJwYXNzd29yZCI6ImI3MDE2NmQyMzU5ZTU1ZmYzNDg0ZjVkNzAyMGM3MGQ4NmQ4OTA3OTYiLCJpcCI6Ijo6MSIsInVzZXJfYWdlbnQiOiJUaWNrZXRpbmctV2ViQXBwIn19.vfMbAG4-HJd1ZCAwZPWRMk7XgFkUBcdmTYqH_7w2T3Q
Connection: close
Request body:

========================================
2018-08-29 15:07:00 
::1 GET /tourism/public-api/v1/countries/5/continent?limit=6 HTTP/1.1
HTTP headers:
Host: localhost
User-Agent: Ticketing-WebApp
Authorization: Bearer eyJ0eXAiOiJKV1QiLCJhbGciOiJIUzI1NiJ9.eyJpYXQiOjE1MzU1Mjg2MjIsImp0aSI6IjJTT0w5UWtiZTdFdUJuZDJQbFpxVVBPVHl3TFhhcktQZGlBZUpiWkpxQ289IiwiaXNzIjoiOjoxIiwibmJmIjoxNTM1NTI4NjIyLCJleHAiOjE1MzU1MzA0MjIsImRhdGEiOnsidXNlcm5hbWUiOiJhZGUiLCJwYXNzd29yZCI6ImI3MDE2NmQyMzU5ZTU1ZmYzNDg0ZjVkNzAyMGM3MGQ4NmQ4OTA3OTYiLCJpcCI6Ijo6MSIsInVzZXJfYWdlbnQiOiJUaWNrZXRpbmctV2ViQXBwIn19.vfMbAG4-HJd1ZCAwZPWRMk7XgFkUBcdmTYqH_7w2T3Q
Connection: close
Request body:

========================================
2018-08-29 15:16:00 
::1 GET /tourism/public-api/v1/countries/5/continent?limit=1 HTTP/1.1
HTTP headers:
Host: localhost
User-Agent: Ticketing-WebApp
Authorization: Bearer eyJ0eXAiOiJKV1QiLCJhbGciOiJIUzI1NiJ9.eyJpYXQiOjE1MzU1Mjg2MjIsImp0aSI6IjJTT0w5UWtiZTdFdUJuZDJQbFpxVVBPVHl3TFhhcktQZGlBZUpiWkpxQ289IiwiaXNzIjoiOjoxIiwibmJmIjoxNTM1NTI4NjIyLCJleHAiOjE1MzU1MzA0MjIsImRhdGEiOnsidXNlcm5hbWUiOiJhZGUiLCJwYXNzd29yZCI6ImI3MDE2NmQyMzU5ZTU1ZmYzNDg0ZjVkNzAyMGM3MGQ4NmQ4OTA3OTYiLCJpcCI6Ijo6MSIsInVzZXJfYWdlbnQiOiJUaWNrZXRpbmctV2ViQXBwIn19.vfMbAG4-HJd1ZCAwZPWRMk7XgFkUBcdmTYqH_7w2T3Q
Connection: close
Request body:

========================================
2018-08-29 15:16:00 
::1 POST /tourism/public-api/v1/users/token HTTP/1.1
HTTP headers:
Host: localhost
Content-Length: 25
User-Agent: Ticketing-WebApp
Connection: close
Content-Type: application/x-www-form-urlencoded
Request body:
username=ade&password=ade
========================================
2018-08-29 15:16:02 
::1 GET /tourism/public-api/v1/countries/5/continent?limit=1 HTTP/1.1
HTTP headers:
Host: localhost
User-Agent: Ticketing-WebApp
Authorization: Bearer eyJ0eXAiOiJKV1QiLCJhbGciOiJIUzI1NiJ9.eyJpYXQiOjE1MzU1MzA1NjEsImp0aSI6IlZlWDFTNGYyVHRQeTlMK0NjcENCeVNxV0VSM1dHMndRU0orc1A3RUt1WEE9IiwiaXNzIjoiOjoxIiwibmJmIjoxNTM1NTMwNTYxLCJleHAiOjE1MzU1MzIzNjEsImRhdGEiOnsidXNlcm5hbWUiOiJhZGUiLCJwYXNzd29yZCI6ImI3MDE2NmQyMzU5ZTU1ZmYzNDg0ZjVkNzAyMGM3MGQ4NmQ4OTA3OTYiLCJpcCI6Ijo6MSIsInVzZXJfYWdlbnQiOiJUaWNrZXRpbmctV2ViQXBwIn19.R5vd5-zg0G79mUtfRC7XWwinfUP-sgPmNKj7ty-rerM
Connection: close
Request body:

========================================
2018-08-29 15:16:02 
::1 GET /tourism/public-api/v1/countries/5/continent?limit=6 HTTP/1.1
HTTP headers:
Host: localhost
User-Agent: Ticketing-WebApp
Authorization: Bearer eyJ0eXAiOiJKV1QiLCJhbGciOiJIUzI1NiJ9.eyJpYXQiOjE1MzU1MzA1NjEsImp0aSI6IlZlWDFTNGYyVHRQeTlMK0NjcENCeVNxV0VSM1dHMndRU0orc1A3RUt1WEE9IiwiaXNzIjoiOjoxIiwibmJmIjoxNTM1NTMwNTYxLCJleHAiOjE1MzU1MzIzNjEsImRhdGEiOnsidXNlcm5hbWUiOiJhZGUiLCJwYXNzd29yZCI6ImI3MDE2NmQyMzU5ZTU1ZmYzNDg0ZjVkNzAyMGM3MGQ4NmQ4OTA3OTYiLCJpcCI6Ijo6MSIsInVzZXJfYWdlbnQiOiJUaWNrZXRpbmctV2ViQXBwIn19.R5vd5-zg0G79mUtfRC7XWwinfUP-sgPmNKj7ty-rerM
Connection: close
Request body:

========================================
2018-08-29 16:46:23 
::1 POST /tourism/public-api/v1/users/token HTTP/1.1
HTTP headers:
Host: localhost
Content-Length: 25
User-Agent: Ticketing-WebApp
Connection: close
Content-Type: application/x-www-form-urlencoded
Request body:
username=ade&password=ade
========================================
2018-08-29 16:46:24 
::1 GET /tourism/public-api/v1/users/1 HTTP/1.1
HTTP headers:
Host: localhost
User-Agent: Ticketing-WebApp
Authorization: Bearer eyJ0eXAiOiJKV1QiLCJhbGciOiJIUzI1NiJ9.eyJpYXQiOjE1MzU1MzU5ODMsImp0aSI6IjZWU2toek4rT3dvXC9DbjlrK210eDFmUWhBNjhIYUpjSzF4ODd4eEpteHVvPSIsImlzcyI6Ijo6MSIsIm5iZiI6MTUzNTUzNTk4MywiZXhwIjoxNTM1NTM3NzgzLCJkYXRhIjp7InVzZXJuYW1lIjoiYWRlIiwicGFzc3dvcmQiOiJiNzAxNjZkMjM1OWU1NWZmMzQ4NGY1ZDcwMjBjNzBkODZkODkwNzk2IiwiaXAiOiI6OjEiLCJ1c2VyX2FnZW50IjoiVGlja2V0aW5nLVdlYkFwcCJ9fQ.W8k3D-ksytg50gyiB5gzILMfvg_7sW6CVznVfTYgF84
Connection: close
Request body:

========================================
2018-08-29 16:46:58 
::1 GET /tourism/public-api/v1/countries/5/continent?limit=1 HTTP/1.1
HTTP headers:
Host: localhost
User-Agent: Ticketing-WebApp
Authorization: Bearer eyJ0eXAiOiJKV1QiLCJhbGciOiJIUzI1NiJ9.eyJpYXQiOjE1MzU1MzU5ODMsImp0aSI6IjZWU2toek4rT3dvXC9DbjlrK210eDFmUWhBNjhIYUpjSzF4ODd4eEpteHVvPSIsImlzcyI6Ijo6MSIsIm5iZiI6MTUzNTUzNTk4MywiZXhwIjoxNTM1NTM3NzgzLCJkYXRhIjp7InVzZXJuYW1lIjoiYWRlIiwicGFzc3dvcmQiOiJiNzAxNjZkMjM1OWU1NWZmMzQ4NGY1ZDcwMjBjNzBkODZkODkwNzk2IiwiaXAiOiI6OjEiLCJ1c2VyX2FnZW50IjoiVGlja2V0aW5nLVdlYkFwcCJ9fQ.W8k3D-ksytg50gyiB5gzILMfvg_7sW6CVznVfTYgF84
Connection: close
Request body:

========================================
2018-08-29 16:46:58 
::1 GET /tourism/public-api/v1/countries/5/continent?limit=6 HTTP/1.1
HTTP headers:
Host: localhost
User-Agent: Ticketing-WebApp
Authorization: Bearer eyJ0eXAiOiJKV1QiLCJhbGciOiJIUzI1NiJ9.eyJpYXQiOjE1MzU1MzU5ODMsImp0aSI6IjZWU2toek4rT3dvXC9DbjlrK210eDFmUWhBNjhIYUpjSzF4ODd4eEpteHVvPSIsImlzcyI6Ijo6MSIsIm5iZiI6MTUzNTUzNTk4MywiZXhwIjoxNTM1NTM3NzgzLCJkYXRhIjp7InVzZXJuYW1lIjoiYWRlIiwicGFzc3dvcmQiOiJiNzAxNjZkMjM1OWU1NWZmMzQ4NGY1ZDcwMjBjNzBkODZkODkwNzk2IiwiaXAiOiI6OjEiLCJ1c2VyX2FnZW50IjoiVGlja2V0aW5nLVdlYkFwcCJ9fQ.W8k3D-ksytg50gyiB5gzILMfvg_7sW6CVznVfTYgF84
Connection: close
Request body:

========================================
2018-08-29 16:53:34 
::1 GET /tourism/public-api/v1/countries/5/continent?limit=1 HTTP/1.1
HTTP headers:
Host: localhost
User-Agent: Ticketing-WebApp
Authorization: Bearer eyJ0eXAiOiJKV1QiLCJhbGciOiJIUzI1NiJ9.eyJpYXQiOjE1MzU1MzU5ODMsImp0aSI6IjZWU2toek4rT3dvXC9DbjlrK210eDFmUWhBNjhIYUpjSzF4ODd4eEpteHVvPSIsImlzcyI6Ijo6MSIsIm5iZiI6MTUzNTUzNTk4MywiZXhwIjoxNTM1NTM3NzgzLCJkYXRhIjp7InVzZXJuYW1lIjoiYWRlIiwicGFzc3dvcmQiOiJiNzAxNjZkMjM1OWU1NWZmMzQ4NGY1ZDcwMjBjNzBkODZkODkwNzk2IiwiaXAiOiI6OjEiLCJ1c2VyX2FnZW50IjoiVGlja2V0aW5nLVdlYkFwcCJ9fQ.W8k3D-ksytg50gyiB5gzILMfvg_7sW6CVznVfTYgF84
Connection: close
Request body:

========================================
2018-08-29 16:53:34 
::1 GET /tourism/public-api/v1/countries/5/continent?limit=6 HTTP/1.1
HTTP headers:
Host: localhost
User-Agent: Ticketing-WebApp
Authorization: Bearer eyJ0eXAiOiJKV1QiLCJhbGciOiJIUzI1NiJ9.eyJpYXQiOjE1MzU1MzU5ODMsImp0aSI6IjZWU2toek4rT3dvXC9DbjlrK210eDFmUWhBNjhIYUpjSzF4ODd4eEpteHVvPSIsImlzcyI6Ijo6MSIsIm5iZiI6MTUzNTUzNTk4MywiZXhwIjoxNTM1NTM3NzgzLCJkYXRhIjp7InVzZXJuYW1lIjoiYWRlIiwicGFzc3dvcmQiOiJiNzAxNjZkMjM1OWU1NWZmMzQ4NGY1ZDcwMjBjNzBkODZkODkwNzk2IiwiaXAiOiI6OjEiLCJ1c2VyX2FnZW50IjoiVGlja2V0aW5nLVdlYkFwcCJ9fQ.W8k3D-ksytg50gyiB5gzILMfvg_7sW6CVznVfTYgF84
Connection: close
Request body:

========================================
2018-08-29 16:55:01 
::1 GET /tourism/public-api/v1/countries/5/continent?limit=1 HTTP/1.1
HTTP headers:
Host: localhost
User-Agent: Ticketing-WebApp
Authorization: Bearer eyJ0eXAiOiJKV1QiLCJhbGciOiJIUzI1NiJ9.eyJpYXQiOjE1MzU1MzU5ODMsImp0aSI6IjZWU2toek4rT3dvXC9DbjlrK210eDFmUWhBNjhIYUpjSzF4ODd4eEpteHVvPSIsImlzcyI6Ijo6MSIsIm5iZiI6MTUzNTUzNTk4MywiZXhwIjoxNTM1NTM3NzgzLCJkYXRhIjp7InVzZXJuYW1lIjoiYWRlIiwicGFzc3dvcmQiOiJiNzAxNjZkMjM1OWU1NWZmMzQ4NGY1ZDcwMjBjNzBkODZkODkwNzk2IiwiaXAiOiI6OjEiLCJ1c2VyX2FnZW50IjoiVGlja2V0aW5nLVdlYkFwcCJ9fQ.W8k3D-ksytg50gyiB5gzILMfvg_7sW6CVznVfTYgF84
Connection: close
Request body:

========================================
2018-08-29 16:55:01 
::1 GET /tourism/public-api/v1/countries/5/continent?limit=6 HTTP/1.1
HTTP headers:
Host: localhost
User-Agent: Ticketing-WebApp
Authorization: Bearer eyJ0eXAiOiJKV1QiLCJhbGciOiJIUzI1NiJ9.eyJpYXQiOjE1MzU1MzU5ODMsImp0aSI6IjZWU2toek4rT3dvXC9DbjlrK210eDFmUWhBNjhIYUpjSzF4ODd4eEpteHVvPSIsImlzcyI6Ijo6MSIsIm5iZiI6MTUzNTUzNTk4MywiZXhwIjoxNTM1NTM3NzgzLCJkYXRhIjp7InVzZXJuYW1lIjoiYWRlIiwicGFzc3dvcmQiOiJiNzAxNjZkMjM1OWU1NWZmMzQ4NGY1ZDcwMjBjNzBkODZkODkwNzk2IiwiaXAiOiI6OjEiLCJ1c2VyX2FnZW50IjoiVGlja2V0aW5nLVdlYkFwcCJ9fQ.W8k3D-ksytg50gyiB5gzILMfvg_7sW6CVznVfTYgF84
Connection: close
Request body:

========================================
2018-08-29 16:56:48 
::1 GET /tourism/public-api/v1/countries/5/continent?limit=1 HTTP/1.1
HTTP headers:
Host: localhost
User-Agent: Ticketing-WebApp
Authorization: Bearer eyJ0eXAiOiJKV1QiLCJhbGciOiJIUzI1NiJ9.eyJpYXQiOjE1MzU1MzU5ODMsImp0aSI6IjZWU2toek4rT3dvXC9DbjlrK210eDFmUWhBNjhIYUpjSzF4ODd4eEpteHVvPSIsImlzcyI6Ijo6MSIsIm5iZiI6MTUzNTUzNTk4MywiZXhwIjoxNTM1NTM3NzgzLCJkYXRhIjp7InVzZXJuYW1lIjoiYWRlIiwicGFzc3dvcmQiOiJiNzAxNjZkMjM1OWU1NWZmMzQ4NGY1ZDcwMjBjNzBkODZkODkwNzk2IiwiaXAiOiI6OjEiLCJ1c2VyX2FnZW50IjoiVGlja2V0aW5nLVdlYkFwcCJ9fQ.W8k3D-ksytg50gyiB5gzILMfvg_7sW6CVznVfTYgF84
Connection: close
Request body:

========================================
2018-08-29 16:56:48 
::1 GET /tourism/public-api/v1/countries/5/continent?limit=6 HTTP/1.1
HTTP headers:
Host: localhost
User-Agent: Ticketing-WebApp
Authorization: Bearer eyJ0eXAiOiJKV1QiLCJhbGciOiJIUzI1NiJ9.eyJpYXQiOjE1MzU1MzU5ODMsImp0aSI6IjZWU2toek4rT3dvXC9DbjlrK210eDFmUWhBNjhIYUpjSzF4ODd4eEpteHVvPSIsImlzcyI6Ijo6MSIsIm5iZiI6MTUzNTUzNTk4MywiZXhwIjoxNTM1NTM3NzgzLCJkYXRhIjp7InVzZXJuYW1lIjoiYWRlIiwicGFzc3dvcmQiOiJiNzAxNjZkMjM1OWU1NWZmMzQ4NGY1ZDcwMjBjNzBkODZkODkwNzk2IiwiaXAiOiI6OjEiLCJ1c2VyX2FnZW50IjoiVGlja2V0aW5nLVdlYkFwcCJ9fQ.W8k3D-ksytg50gyiB5gzILMfvg_7sW6CVznVfTYgF84
Connection: close
Request body:

========================================
2018-08-29 17:02:58 
::1 GET /tourism/public-api/v1/countries/5/continent?limit=1 HTTP/1.1
HTTP headers:
Host: localhost
User-Agent: Ticketing-WebApp
Authorization: Bearer eyJ0eXAiOiJKV1QiLCJhbGciOiJIUzI1NiJ9.eyJpYXQiOjE1MzU1MzU5ODMsImp0aSI6IjZWU2toek4rT3dvXC9DbjlrK210eDFmUWhBNjhIYUpjSzF4ODd4eEpteHVvPSIsImlzcyI6Ijo6MSIsIm5iZiI6MTUzNTUzNTk4MywiZXhwIjoxNTM1NTM3NzgzLCJkYXRhIjp7InVzZXJuYW1lIjoiYWRlIiwicGFzc3dvcmQiOiJiNzAxNjZkMjM1OWU1NWZmMzQ4NGY1ZDcwMjBjNzBkODZkODkwNzk2IiwiaXAiOiI6OjEiLCJ1c2VyX2FnZW50IjoiVGlja2V0aW5nLVdlYkFwcCJ9fQ.W8k3D-ksytg50gyiB5gzILMfvg_7sW6CVznVfTYgF84
Connection: close
Request body:

========================================
2018-08-29 17:02:58 
::1 GET /tourism/public-api/v1/countries/5/continent?limit=6 HTTP/1.1
HTTP headers:
Host: localhost
User-Agent: Ticketing-WebApp
Authorization: Bearer eyJ0eXAiOiJKV1QiLCJhbGciOiJIUzI1NiJ9.eyJpYXQiOjE1MzU1MzU5ODMsImp0aSI6IjZWU2toek4rT3dvXC9DbjlrK210eDFmUWhBNjhIYUpjSzF4ODd4eEpteHVvPSIsImlzcyI6Ijo6MSIsIm5iZiI6MTUzNTUzNTk4MywiZXhwIjoxNTM1NTM3NzgzLCJkYXRhIjp7InVzZXJuYW1lIjoiYWRlIiwicGFzc3dvcmQiOiJiNzAxNjZkMjM1OWU1NWZmMzQ4NGY1ZDcwMjBjNzBkODZkODkwNzk2IiwiaXAiOiI6OjEiLCJ1c2VyX2FnZW50IjoiVGlja2V0aW5nLVdlYkFwcCJ9fQ.W8k3D-ksytg50gyiB5gzILMfvg_7sW6CVznVfTYgF84
Connection: close
Request body:

========================================
2018-08-29 17:06:25 
::1 GET /tourism/public-api/v1/countries/5/continent?limit=1 HTTP/1.1
HTTP headers:
Host: localhost
User-Agent: Ticketing-WebApp
Authorization: Bearer eyJ0eXAiOiJKV1QiLCJhbGciOiJIUzI1NiJ9.eyJpYXQiOjE1MzU1MzU5ODMsImp0aSI6IjZWU2toek4rT3dvXC9DbjlrK210eDFmUWhBNjhIYUpjSzF4ODd4eEpteHVvPSIsImlzcyI6Ijo6MSIsIm5iZiI6MTUzNTUzNTk4MywiZXhwIjoxNTM1NTM3NzgzLCJkYXRhIjp7InVzZXJuYW1lIjoiYWRlIiwicGFzc3dvcmQiOiJiNzAxNjZkMjM1OWU1NWZmMzQ4NGY1ZDcwMjBjNzBkODZkODkwNzk2IiwiaXAiOiI6OjEiLCJ1c2VyX2FnZW50IjoiVGlja2V0aW5nLVdlYkFwcCJ9fQ.W8k3D-ksytg50gyiB5gzILMfvg_7sW6CVznVfTYgF84
Connection: close
Request body:

========================================
2018-08-29 17:06:25 
::1 GET /tourism/public-api/v1/countries/5/continent?limit=6 HTTP/1.1
HTTP headers:
Host: localhost
User-Agent: Ticketing-WebApp
Authorization: Bearer eyJ0eXAiOiJKV1QiLCJhbGciOiJIUzI1NiJ9.eyJpYXQiOjE1MzU1MzU5ODMsImp0aSI6IjZWU2toek4rT3dvXC9DbjlrK210eDFmUWhBNjhIYUpjSzF4ODd4eEpteHVvPSIsImlzcyI6Ijo6MSIsIm5iZiI6MTUzNTUzNTk4MywiZXhwIjoxNTM1NTM3NzgzLCJkYXRhIjp7InVzZXJuYW1lIjoiYWRlIiwicGFzc3dvcmQiOiJiNzAxNjZkMjM1OWU1NWZmMzQ4NGY1ZDcwMjBjNzBkODZkODkwNzk2IiwiaXAiOiI6OjEiLCJ1c2VyX2FnZW50IjoiVGlja2V0aW5nLVdlYkFwcCJ9fQ.W8k3D-ksytg50gyiB5gzILMfvg_7sW6CVznVfTYgF84
Connection: close
Request body:

========================================
2018-08-29 17:06:28 
::1 GET /tourism/public-api/v1/countries/5/continent?limit=1 HTTP/1.1
HTTP headers:
Host: localhost
User-Agent: Ticketing-WebApp
Authorization: Bearer eyJ0eXAiOiJKV1QiLCJhbGciOiJIUzI1NiJ9.eyJpYXQiOjE1MzU1MzU5ODMsImp0aSI6IjZWU2toek4rT3dvXC9DbjlrK210eDFmUWhBNjhIYUpjSzF4ODd4eEpteHVvPSIsImlzcyI6Ijo6MSIsIm5iZiI6MTUzNTUzNTk4MywiZXhwIjoxNTM1NTM3NzgzLCJkYXRhIjp7InVzZXJuYW1lIjoiYWRlIiwicGFzc3dvcmQiOiJiNzAxNjZkMjM1OWU1NWZmMzQ4NGY1ZDcwMjBjNzBkODZkODkwNzk2IiwiaXAiOiI6OjEiLCJ1c2VyX2FnZW50IjoiVGlja2V0aW5nLVdlYkFwcCJ9fQ.W8k3D-ksytg50gyiB5gzILMfvg_7sW6CVznVfTYgF84
Connection: close
Request body:

========================================
2018-08-29 17:06:28 
::1 GET /tourism/public-api/v1/countries/5/continent?limit=6 HTTP/1.1
HTTP headers:
Host: localhost
User-Agent: Ticketing-WebApp
Authorization: Bearer eyJ0eXAiOiJKV1QiLCJhbGciOiJIUzI1NiJ9.eyJpYXQiOjE1MzU1MzU5ODMsImp0aSI6IjZWU2toek4rT3dvXC9DbjlrK210eDFmUWhBNjhIYUpjSzF4ODd4eEpteHVvPSIsImlzcyI6Ijo6MSIsIm5iZiI6MTUzNTUzNTk4MywiZXhwIjoxNTM1NTM3NzgzLCJkYXRhIjp7InVzZXJuYW1lIjoiYWRlIiwicGFzc3dvcmQiOiJiNzAxNjZkMjM1OWU1NWZmMzQ4NGY1ZDcwMjBjNzBkODZkODkwNzk2IiwiaXAiOiI6OjEiLCJ1c2VyX2FnZW50IjoiVGlja2V0aW5nLVdlYkFwcCJ9fQ.W8k3D-ksytg50gyiB5gzILMfvg_7sW6CVznVfTYgF84
Connection: close
Request body:

========================================
2018-08-29 17:07:06 
::1 GET /tourism/public-api/v1/countries/5/continent?limit=1 HTTP/1.1
HTTP headers:
Host: localhost
User-Agent: Ticketing-WebApp
Authorization: Bearer eyJ0eXAiOiJKV1QiLCJhbGciOiJIUzI1NiJ9.eyJpYXQiOjE1MzU1MzU5ODMsImp0aSI6IjZWU2toek4rT3dvXC9DbjlrK210eDFmUWhBNjhIYUpjSzF4ODd4eEpteHVvPSIsImlzcyI6Ijo6MSIsIm5iZiI6MTUzNTUzNTk4MywiZXhwIjoxNTM1NTM3NzgzLCJkYXRhIjp7InVzZXJuYW1lIjoiYWRlIiwicGFzc3dvcmQiOiJiNzAxNjZkMjM1OWU1NWZmMzQ4NGY1ZDcwMjBjNzBkODZkODkwNzk2IiwiaXAiOiI6OjEiLCJ1c2VyX2FnZW50IjoiVGlja2V0aW5nLVdlYkFwcCJ9fQ.W8k3D-ksytg50gyiB5gzILMfvg_7sW6CVznVfTYgF84
Connection: close
Request body:

========================================
2018-08-29 17:07:06 
::1 GET /tourism/public-api/v1/countries/5/continent?limit=6 HTTP/1.1
HTTP headers:
Host: localhost
User-Agent: Ticketing-WebApp
Authorization: Bearer eyJ0eXAiOiJKV1QiLCJhbGciOiJIUzI1NiJ9.eyJpYXQiOjE1MzU1MzU5ODMsImp0aSI6IjZWU2toek4rT3dvXC9DbjlrK210eDFmUWhBNjhIYUpjSzF4ODd4eEpteHVvPSIsImlzcyI6Ijo6MSIsIm5iZiI6MTUzNTUzNTk4MywiZXhwIjoxNTM1NTM3NzgzLCJkYXRhIjp7InVzZXJuYW1lIjoiYWRlIiwicGFzc3dvcmQiOiJiNzAxNjZkMjM1OWU1NWZmMzQ4NGY1ZDcwMjBjNzBkODZkODkwNzk2IiwiaXAiOiI6OjEiLCJ1c2VyX2FnZW50IjoiVGlja2V0aW5nLVdlYkFwcCJ9fQ.W8k3D-ksytg50gyiB5gzILMfvg_7sW6CVznVfTYgF84
Connection: close
Request body:

========================================
2018-08-29 19:09:52 
::1 POST /tourism/public-api/v1/users/token HTTP/1.1
HTTP headers:
Host: localhost
Content-Length: 25
User-Agent: Ticketing-WebApp
Connection: close
Content-Type: application/x-www-form-urlencoded
Request body:
username=ade&password=ade
========================================
2018-08-29 19:09:53 
::1 GET /tourism/public-api/v1/users/1 HTTP/1.1
HTTP headers:
Host: localhost
User-Agent: Ticketing-WebApp
Authorization: Bearer eyJ0eXAiOiJKV1QiLCJhbGciOiJIUzI1NiJ9.eyJpYXQiOjE1MzU1NDQ1OTIsImp0aSI6IjdycGVLajN5RVlmMlwveGNWeXpRNzdxMmtVK0pWUXc2UEdJTzk4QWJkc1o4PSIsImlzcyI6Ijo6MSIsIm5iZiI6MTUzNTU0NDU5MiwiZXhwIjoxNTM1NTQ2MzkyLCJkYXRhIjp7InVzZXJuYW1lIjoiYWRlIiwicGFzc3dvcmQiOiJiNzAxNjZkMjM1OWU1NWZmMzQ4NGY1ZDcwMjBjNzBkODZkODkwNzk2IiwiaXAiOiI6OjEiLCJ1c2VyX2FnZW50IjoiVGlja2V0aW5nLVdlYkFwcCJ9fQ.eyObPGFG_A1Nl0V4MPlZLcXqKc1pcRh0Z8wRB9ovs08
Connection: close
Request body:

========================================
2018-08-29 19:10:11 
::1 GET /tourism/public-api/v1/countries/5/continent?limit=1 HTTP/1.1
HTTP headers:
Host: localhost
User-Agent: Ticketing-WebApp
Authorization: Bearer eyJ0eXAiOiJKV1QiLCJhbGciOiJIUzI1NiJ9.eyJpYXQiOjE1MzU1NDQ1OTIsImp0aSI6IjdycGVLajN5RVlmMlwveGNWeXpRNzdxMmtVK0pWUXc2UEdJTzk4QWJkc1o4PSIsImlzcyI6Ijo6MSIsIm5iZiI6MTUzNTU0NDU5MiwiZXhwIjoxNTM1NTQ2MzkyLCJkYXRhIjp7InVzZXJuYW1lIjoiYWRlIiwicGFzc3dvcmQiOiJiNzAxNjZkMjM1OWU1NWZmMzQ4NGY1ZDcwMjBjNzBkODZkODkwNzk2IiwiaXAiOiI6OjEiLCJ1c2VyX2FnZW50IjoiVGlja2V0aW5nLVdlYkFwcCJ9fQ.eyObPGFG_A1Nl0V4MPlZLcXqKc1pcRh0Z8wRB9ovs08
Connection: close
Request body:

========================================
2018-08-29 19:10:11 
::1 GET /tourism/public-api/v1/countries/5/continent?limit=6 HTTP/1.1
HTTP headers:
Host: localhost
User-Agent: Ticketing-WebApp
Authorization: Bearer eyJ0eXAiOiJKV1QiLCJhbGciOiJIUzI1NiJ9.eyJpYXQiOjE1MzU1NDQ1OTIsImp0aSI6IjdycGVLajN5RVlmMlwveGNWeXpRNzdxMmtVK0pWUXc2UEdJTzk4QWJkc1o4PSIsImlzcyI6Ijo6MSIsIm5iZiI6MTUzNTU0NDU5MiwiZXhwIjoxNTM1NTQ2MzkyLCJkYXRhIjp7InVzZXJuYW1lIjoiYWRlIiwicGFzc3dvcmQiOiJiNzAxNjZkMjM1OWU1NWZmMzQ4NGY1ZDcwMjBjNzBkODZkODkwNzk2IiwiaXAiOiI6OjEiLCJ1c2VyX2FnZW50IjoiVGlja2V0aW5nLVdlYkFwcCJ9fQ.eyObPGFG_A1Nl0V4MPlZLcXqKc1pcRh0Z8wRB9ovs08
Connection: close
Request body:

========================================
2018-08-29 19:10:41 
::1 GET /tourism/public-api/v1/countries/5/continent?limit=1 HTTP/1.1
HTTP headers:
Host: localhost
User-Agent: Ticketing-WebApp
Authorization: Bearer eyJ0eXAiOiJKV1QiLCJhbGciOiJIUzI1NiJ9.eyJpYXQiOjE1MzU1NDQ1OTIsImp0aSI6IjdycGVLajN5RVlmMlwveGNWeXpRNzdxMmtVK0pWUXc2UEdJTzk4QWJkc1o4PSIsImlzcyI6Ijo6MSIsIm5iZiI6MTUzNTU0NDU5MiwiZXhwIjoxNTM1NTQ2MzkyLCJkYXRhIjp7InVzZXJuYW1lIjoiYWRlIiwicGFzc3dvcmQiOiJiNzAxNjZkMjM1OWU1NWZmMzQ4NGY1ZDcwMjBjNzBkODZkODkwNzk2IiwiaXAiOiI6OjEiLCJ1c2VyX2FnZW50IjoiVGlja2V0aW5nLVdlYkFwcCJ9fQ.eyObPGFG_A1Nl0V4MPlZLcXqKc1pcRh0Z8wRB9ovs08
Connection: close
Request body:

========================================
2018-08-29 19:10:41 
::1 GET /tourism/public-api/v1/countries/5/continent?limit=6 HTTP/1.1
HTTP headers:
Host: localhost
User-Agent: Ticketing-WebApp
Authorization: Bearer eyJ0eXAiOiJKV1QiLCJhbGciOiJIUzI1NiJ9.eyJpYXQiOjE1MzU1NDQ1OTIsImp0aSI6IjdycGVLajN5RVlmMlwveGNWeXpRNzdxMmtVK0pWUXc2UEdJTzk4QWJkc1o4PSIsImlzcyI6Ijo6MSIsIm5iZiI6MTUzNTU0NDU5MiwiZXhwIjoxNTM1NTQ2MzkyLCJkYXRhIjp7InVzZXJuYW1lIjoiYWRlIiwicGFzc3dvcmQiOiJiNzAxNjZkMjM1OWU1NWZmMzQ4NGY1ZDcwMjBjNzBkODZkODkwNzk2IiwiaXAiOiI6OjEiLCJ1c2VyX2FnZW50IjoiVGlja2V0aW5nLVdlYkFwcCJ9fQ.eyObPGFG_A1Nl0V4MPlZLcXqKc1pcRh0Z8wRB9ovs08
Connection: close
Request body:

========================================
2018-08-29 19:11:59 
::1 GET /tourism/public-api/v1/countries/5/continent?limit=1 HTTP/1.1
HTTP headers:
Host: localhost
User-Agent: Ticketing-WebApp
Authorization: Bearer eyJ0eXAiOiJKV1QiLCJhbGciOiJIUzI1NiJ9.eyJpYXQiOjE1MzU1NDQ1OTIsImp0aSI6IjdycGVLajN5RVlmMlwveGNWeXpRNzdxMmtVK0pWUXc2UEdJTzk4QWJkc1o4PSIsImlzcyI6Ijo6MSIsIm5iZiI6MTUzNTU0NDU5MiwiZXhwIjoxNTM1NTQ2MzkyLCJkYXRhIjp7InVzZXJuYW1lIjoiYWRlIiwicGFzc3dvcmQiOiJiNzAxNjZkMjM1OWU1NWZmMzQ4NGY1ZDcwMjBjNzBkODZkODkwNzk2IiwiaXAiOiI6OjEiLCJ1c2VyX2FnZW50IjoiVGlja2V0aW5nLVdlYkFwcCJ9fQ.eyObPGFG_A1Nl0V4MPlZLcXqKc1pcRh0Z8wRB9ovs08
Connection: close
Request body:

========================================
2018-08-29 19:11:59 
::1 GET /tourism/public-api/v1/countries/5/continent?limit=6 HTTP/1.1
HTTP headers:
Host: localhost
User-Agent: Ticketing-WebApp
Authorization: Bearer eyJ0eXAiOiJKV1QiLCJhbGciOiJIUzI1NiJ9.eyJpYXQiOjE1MzU1NDQ1OTIsImp0aSI6IjdycGVLajN5RVlmMlwveGNWeXpRNzdxMmtVK0pWUXc2UEdJTzk4QWJkc1o4PSIsImlzcyI6Ijo6MSIsIm5iZiI6MTUzNTU0NDU5MiwiZXhwIjoxNTM1NTQ2MzkyLCJkYXRhIjp7InVzZXJuYW1lIjoiYWRlIiwicGFzc3dvcmQiOiJiNzAxNjZkMjM1OWU1NWZmMzQ4NGY1ZDcwMjBjNzBkODZkODkwNzk2IiwiaXAiOiI6OjEiLCJ1c2VyX2FnZW50IjoiVGlja2V0aW5nLVdlYkFwcCJ9fQ.eyObPGFG_A1Nl0V4MPlZLcXqKc1pcRh0Z8wRB9ovs08
Connection: close
Request body:

========================================
2018-08-29 19:12:01 
::1 GET /tourism/public-api/v1/countries/5/continent?limit=1 HTTP/1.1
HTTP headers:
Host: localhost
User-Agent: Ticketing-WebApp
Authorization: Bearer eyJ0eXAiOiJKV1QiLCJhbGciOiJIUzI1NiJ9.eyJpYXQiOjE1MzU1NDQ1OTIsImp0aSI6IjdycGVLajN5RVlmMlwveGNWeXpRNzdxMmtVK0pWUXc2UEdJTzk4QWJkc1o4PSIsImlzcyI6Ijo6MSIsIm5iZiI6MTUzNTU0NDU5MiwiZXhwIjoxNTM1NTQ2MzkyLCJkYXRhIjp7InVzZXJuYW1lIjoiYWRlIiwicGFzc3dvcmQiOiJiNzAxNjZkMjM1OWU1NWZmMzQ4NGY1ZDcwMjBjNzBkODZkODkwNzk2IiwiaXAiOiI6OjEiLCJ1c2VyX2FnZW50IjoiVGlja2V0aW5nLVdlYkFwcCJ9fQ.eyObPGFG_A1Nl0V4MPlZLcXqKc1pcRh0Z8wRB9ovs08
Connection: close
Request body:

========================================
2018-08-29 19:12:01 
::1 GET /tourism/public-api/v1/countries/5/continent?limit=6 HTTP/1.1
HTTP headers:
Host: localhost
User-Agent: Ticketing-WebApp
Authorization: Bearer eyJ0eXAiOiJKV1QiLCJhbGciOiJIUzI1NiJ9.eyJpYXQiOjE1MzU1NDQ1OTIsImp0aSI6IjdycGVLajN5RVlmMlwveGNWeXpRNzdxMmtVK0pWUXc2UEdJTzk4QWJkc1o4PSIsImlzcyI6Ijo6MSIsIm5iZiI6MTUzNTU0NDU5MiwiZXhwIjoxNTM1NTQ2MzkyLCJkYXRhIjp7InVzZXJuYW1lIjoiYWRlIiwicGFzc3dvcmQiOiJiNzAxNjZkMjM1OWU1NWZmMzQ4NGY1ZDcwMjBjNzBkODZkODkwNzk2IiwiaXAiOiI6OjEiLCJ1c2VyX2FnZW50IjoiVGlja2V0aW5nLVdlYkFwcCJ9fQ.eyObPGFG_A1Nl0V4MPlZLcXqKc1pcRh0Z8wRB9ovs08
Connection: close
Request body:

========================================
2018-08-29 19:13:53 
::1 GET /tourism/public-api/v1/countries/5/continent?limit=1 HTTP/1.1
HTTP headers:
Host: localhost
User-Agent: Ticketing-WebApp
Authorization: Bearer eyJ0eXAiOiJKV1QiLCJhbGciOiJIUzI1NiJ9.eyJpYXQiOjE1MzU1NDQ1OTIsImp0aSI6IjdycGVLajN5RVlmMlwveGNWeXpRNzdxMmtVK0pWUXc2UEdJTzk4QWJkc1o4PSIsImlzcyI6Ijo6MSIsIm5iZiI6MTUzNTU0NDU5MiwiZXhwIjoxNTM1NTQ2MzkyLCJkYXRhIjp7InVzZXJuYW1lIjoiYWRlIiwicGFzc3dvcmQiOiJiNzAxNjZkMjM1OWU1NWZmMzQ4NGY1ZDcwMjBjNzBkODZkODkwNzk2IiwiaXAiOiI6OjEiLCJ1c2VyX2FnZW50IjoiVGlja2V0aW5nLVdlYkFwcCJ9fQ.eyObPGFG_A1Nl0V4MPlZLcXqKc1pcRh0Z8wRB9ovs08
Connection: close
Request body:

========================================
2018-08-29 19:13:53 
::1 GET /tourism/public-api/v1/countries/5/continent?limit=6 HTTP/1.1
HTTP headers:
Host: localhost
User-Agent: Ticketing-WebApp
Authorization: Bearer eyJ0eXAiOiJKV1QiLCJhbGciOiJIUzI1NiJ9.eyJpYXQiOjE1MzU1NDQ1OTIsImp0aSI6IjdycGVLajN5RVlmMlwveGNWeXpRNzdxMmtVK0pWUXc2UEdJTzk4QWJkc1o4PSIsImlzcyI6Ijo6MSIsIm5iZiI6MTUzNTU0NDU5MiwiZXhwIjoxNTM1NTQ2MzkyLCJkYXRhIjp7InVzZXJuYW1lIjoiYWRlIiwicGFzc3dvcmQiOiJiNzAxNjZkMjM1OWU1NWZmMzQ4NGY1ZDcwMjBjNzBkODZkODkwNzk2IiwiaXAiOiI6OjEiLCJ1c2VyX2FnZW50IjoiVGlja2V0aW5nLVdlYkFwcCJ9fQ.eyObPGFG_A1Nl0V4MPlZLcXqKc1pcRh0Z8wRB9ovs08
Connection: close
Request body:

========================================
2018-08-29 19:21:00 
::1 GET /tourism/public-api/v1/countries/5/continent?limit=1 HTTP/1.1
HTTP headers:
Host: localhost
User-Agent: Ticketing-WebApp
Authorization: Bearer eyJ0eXAiOiJKV1QiLCJhbGciOiJIUzI1NiJ9.eyJpYXQiOjE1MzU1NDQ1OTIsImp0aSI6IjdycGVLajN5RVlmMlwveGNWeXpRNzdxMmtVK0pWUXc2UEdJTzk4QWJkc1o4PSIsImlzcyI6Ijo6MSIsIm5iZiI6MTUzNTU0NDU5MiwiZXhwIjoxNTM1NTQ2MzkyLCJkYXRhIjp7InVzZXJuYW1lIjoiYWRlIiwicGFzc3dvcmQiOiJiNzAxNjZkMjM1OWU1NWZmMzQ4NGY1ZDcwMjBjNzBkODZkODkwNzk2IiwiaXAiOiI6OjEiLCJ1c2VyX2FnZW50IjoiVGlja2V0aW5nLVdlYkFwcCJ9fQ.eyObPGFG_A1Nl0V4MPlZLcXqKc1pcRh0Z8wRB9ovs08
Connection: close
Request body:

========================================
2018-08-29 19:21:00 
::1 GET /tourism/public-api/v1/countries/5/continent?limit=6 HTTP/1.1
HTTP headers:
Host: localhost
User-Agent: Ticketing-WebApp
Authorization: Bearer eyJ0eXAiOiJKV1QiLCJhbGciOiJIUzI1NiJ9.eyJpYXQiOjE1MzU1NDQ1OTIsImp0aSI6IjdycGVLajN5RVlmMlwveGNWeXpRNzdxMmtVK0pWUXc2UEdJTzk4QWJkc1o4PSIsImlzcyI6Ijo6MSIsIm5iZiI6MTUzNTU0NDU5MiwiZXhwIjoxNTM1NTQ2MzkyLCJkYXRhIjp7InVzZXJuYW1lIjoiYWRlIiwicGFzc3dvcmQiOiJiNzAxNjZkMjM1OWU1NWZmMzQ4NGY1ZDcwMjBjNzBkODZkODkwNzk2IiwiaXAiOiI6OjEiLCJ1c2VyX2FnZW50IjoiVGlja2V0aW5nLVdlYkFwcCJ9fQ.eyObPGFG_A1Nl0V4MPlZLcXqKc1pcRh0Z8wRB9ovs08
Connection: close
Request body:

========================================
2018-08-29 19:21:08 
::1 GET /tourism/public-api/v1/countries/5/continent?limit=1 HTTP/1.1
HTTP headers:
Host: localhost
User-Agent: Ticketing-WebApp
Authorization: Bearer eyJ0eXAiOiJKV1QiLCJhbGciOiJIUzI1NiJ9.eyJpYXQiOjE1MzU1NDQ1OTIsImp0aSI6IjdycGVLajN5RVlmMlwveGNWeXpRNzdxMmtVK0pWUXc2UEdJTzk4QWJkc1o4PSIsImlzcyI6Ijo6MSIsIm5iZiI6MTUzNTU0NDU5MiwiZXhwIjoxNTM1NTQ2MzkyLCJkYXRhIjp7InVzZXJuYW1lIjoiYWRlIiwicGFzc3dvcmQiOiJiNzAxNjZkMjM1OWU1NWZmMzQ4NGY1ZDcwMjBjNzBkODZkODkwNzk2IiwiaXAiOiI6OjEiLCJ1c2VyX2FnZW50IjoiVGlja2V0aW5nLVdlYkFwcCJ9fQ.eyObPGFG_A1Nl0V4MPlZLcXqKc1pcRh0Z8wRB9ovs08
Connection: close
Request body:

========================================
2018-08-29 19:21:08 
::1 GET /tourism/public-api/v1/countries/5/continent?limit=6 HTTP/1.1
HTTP headers:
Host: localhost
User-Agent: Ticketing-WebApp
Authorization: Bearer eyJ0eXAiOiJKV1QiLCJhbGciOiJIUzI1NiJ9.eyJpYXQiOjE1MzU1NDQ1OTIsImp0aSI6IjdycGVLajN5RVlmMlwveGNWeXpRNzdxMmtVK0pWUXc2UEdJTzk4QWJkc1o4PSIsImlzcyI6Ijo6MSIsIm5iZiI6MTUzNTU0NDU5MiwiZXhwIjoxNTM1NTQ2MzkyLCJkYXRhIjp7InVzZXJuYW1lIjoiYWRlIiwicGFzc3dvcmQiOiJiNzAxNjZkMjM1OWU1NWZmMzQ4NGY1ZDcwMjBjNzBkODZkODkwNzk2IiwiaXAiOiI6OjEiLCJ1c2VyX2FnZW50IjoiVGlja2V0aW5nLVdlYkFwcCJ9fQ.eyObPGFG_A1Nl0V4MPlZLcXqKc1pcRh0Z8wRB9ovs08
Connection: close
Request body:

========================================
2018-08-29 19:21:11 
::1 GET /tourism/public-api/v1/provinces/2/countries?limit=1 HTTP/1.1
HTTP headers:
Host: localhost
User-Agent: Ticketing-WebApp
Authorization: Bearer eyJ0eXAiOiJKV1QiLCJhbGciOiJIUzI1NiJ9.eyJpYXQiOjE1MzU1NDQ1OTIsImp0aSI6IjdycGVLajN5RVlmMlwveGNWeXpRNzdxMmtVK0pWUXc2UEdJTzk4QWJkc1o4PSIsImlzcyI6Ijo6MSIsIm5iZiI6MTUzNTU0NDU5MiwiZXhwIjoxNTM1NTQ2MzkyLCJkYXRhIjp7InVzZXJuYW1lIjoiYWRlIiwicGFzc3dvcmQiOiJiNzAxNjZkMjM1OWU1NWZmMzQ4NGY1ZDcwMjBjNzBkODZkODkwNzk2IiwiaXAiOiI6OjEiLCJ1c2VyX2FnZW50IjoiVGlja2V0aW5nLVdlYkFwcCJ9fQ.eyObPGFG_A1Nl0V4MPlZLcXqKc1pcRh0Z8wRB9ovs08
Connection: close
Request body:

========================================
2018-08-29 19:21:11 
::1 GET /tourism/public-api/v1/provinces/2/countries?limit=0 HTTP/1.1
HTTP headers:
Host: localhost
User-Agent: Ticketing-WebApp
Authorization: Bearer eyJ0eXAiOiJKV1QiLCJhbGciOiJIUzI1NiJ9.eyJpYXQiOjE1MzU1NDQ1OTIsImp0aSI6IjdycGVLajN5RVlmMlwveGNWeXpRNzdxMmtVK0pWUXc2UEdJTzk4QWJkc1o4PSIsImlzcyI6Ijo6MSIsIm5iZiI6MTUzNTU0NDU5MiwiZXhwIjoxNTM1NTQ2MzkyLCJkYXRhIjp7InVzZXJuYW1lIjoiYWRlIiwicGFzc3dvcmQiOiJiNzAxNjZkMjM1OWU1NWZmMzQ4NGY1ZDcwMjBjNzBkODZkODkwNzk2IiwiaXAiOiI6OjEiLCJ1c2VyX2FnZW50IjoiVGlja2V0aW5nLVdlYkFwcCJ9fQ.eyObPGFG_A1Nl0V4MPlZLcXqKc1pcRh0Z8wRB9ovs08
Connection: close
Request body:

========================================
2018-08-29 19:21:18 
::1 GET /tourism/public-api/v1/provinces/1/countries?limit=1 HTTP/1.1
HTTP headers:
Host: localhost
User-Agent: Ticketing-WebApp
Authorization: Bearer eyJ0eXAiOiJKV1QiLCJhbGciOiJIUzI1NiJ9.eyJpYXQiOjE1MzU1NDQ1OTIsImp0aSI6IjdycGVLajN5RVlmMlwveGNWeXpRNzdxMmtVK0pWUXc2UEdJTzk4QWJkc1o4PSIsImlzcyI6Ijo6MSIsIm5iZiI6MTUzNTU0NDU5MiwiZXhwIjoxNTM1NTQ2MzkyLCJkYXRhIjp7InVzZXJuYW1lIjoiYWRlIiwicGFzc3dvcmQiOiJiNzAxNjZkMjM1OWU1NWZmMzQ4NGY1ZDcwMjBjNzBkODZkODkwNzk2IiwiaXAiOiI6OjEiLCJ1c2VyX2FnZW50IjoiVGlja2V0aW5nLVdlYkFwcCJ9fQ.eyObPGFG_A1Nl0V4MPlZLcXqKc1pcRh0Z8wRB9ovs08
Connection: close
Request body:

========================================
2018-08-29 19:21:19 
::1 GET /tourism/public-api/v1/provinces/1/countries?limit=33 HTTP/1.1
HTTP headers:
Host: localhost
User-Agent: Ticketing-WebApp
Authorization: Bearer eyJ0eXAiOiJKV1QiLCJhbGciOiJIUzI1NiJ9.eyJpYXQiOjE1MzU1NDQ1OTIsImp0aSI6IjdycGVLajN5RVlmMlwveGNWeXpRNzdxMmtVK0pWUXc2UEdJTzk4QWJkc1o4PSIsImlzcyI6Ijo6MSIsIm5iZiI6MTUzNTU0NDU5MiwiZXhwIjoxNTM1NTQ2MzkyLCJkYXRhIjp7InVzZXJuYW1lIjoiYWRlIiwicGFzc3dvcmQiOiJiNzAxNjZkMjM1OWU1NWZmMzQ4NGY1ZDcwMjBjNzBkODZkODkwNzk2IiwiaXAiOiI6OjEiLCJ1c2VyX2FnZW50IjoiVGlja2V0aW5nLVdlYkFwcCJ9fQ.eyObPGFG_A1Nl0V4MPlZLcXqKc1pcRh0Z8wRB9ovs08
Connection: close
Request body:

========================================
2018-08-29 19:22:21 
::1 GET /tourism/public-api/v1/countries/5/continent?limit=1 HTTP/1.1
HTTP headers:
Host: localhost
User-Agent: Ticketing-WebApp
Authorization: Bearer eyJ0eXAiOiJKV1QiLCJhbGciOiJIUzI1NiJ9.eyJpYXQiOjE1MzU1NDQ1OTIsImp0aSI6IjdycGVLajN5RVlmMlwveGNWeXpRNzdxMmtVK0pWUXc2UEdJTzk4QWJkc1o4PSIsImlzcyI6Ijo6MSIsIm5iZiI6MTUzNTU0NDU5MiwiZXhwIjoxNTM1NTQ2MzkyLCJkYXRhIjp7InVzZXJuYW1lIjoiYWRlIiwicGFzc3dvcmQiOiJiNzAxNjZkMjM1OWU1NWZmMzQ4NGY1ZDcwMjBjNzBkODZkODkwNzk2IiwiaXAiOiI6OjEiLCJ1c2VyX2FnZW50IjoiVGlja2V0aW5nLVdlYkFwcCJ9fQ.eyObPGFG_A1Nl0V4MPlZLcXqKc1pcRh0Z8wRB9ovs08
Connection: close
Request body:

========================================
2018-08-29 19:22:21 
::1 GET /tourism/public-api/v1/countries/5/continent?limit=6 HTTP/1.1
HTTP headers:
Host: localhost
User-Agent: Ticketing-WebApp
Authorization: Bearer eyJ0eXAiOiJKV1QiLCJhbGciOiJIUzI1NiJ9.eyJpYXQiOjE1MzU1NDQ1OTIsImp0aSI6IjdycGVLajN5RVlmMlwveGNWeXpRNzdxMmtVK0pWUXc2UEdJTzk4QWJkc1o4PSIsImlzcyI6Ijo6MSIsIm5iZiI6MTUzNTU0NDU5MiwiZXhwIjoxNTM1NTQ2MzkyLCJkYXRhIjp7InVzZXJuYW1lIjoiYWRlIiwicGFzc3dvcmQiOiJiNzAxNjZkMjM1OWU1NWZmMzQ4NGY1ZDcwMjBjNzBkODZkODkwNzk2IiwiaXAiOiI6OjEiLCJ1c2VyX2FnZW50IjoiVGlja2V0aW5nLVdlYkFwcCJ9fQ.eyObPGFG_A1Nl0V4MPlZLcXqKc1pcRh0Z8wRB9ovs08
Connection: close
Request body:

========================================
2018-08-29 19:23:15 
::1 GET /tourism/public-api/v1/countries/5/continent?limit=1 HTTP/1.1
HTTP headers:
Host: localhost
User-Agent: Ticketing-WebApp
Authorization: Bearer eyJ0eXAiOiJKV1QiLCJhbGciOiJIUzI1NiJ9.eyJpYXQiOjE1MzU1NDQ1OTIsImp0aSI6IjdycGVLajN5RVlmMlwveGNWeXpRNzdxMmtVK0pWUXc2UEdJTzk4QWJkc1o4PSIsImlzcyI6Ijo6MSIsIm5iZiI6MTUzNTU0NDU5MiwiZXhwIjoxNTM1NTQ2MzkyLCJkYXRhIjp7InVzZXJuYW1lIjoiYWRlIiwicGFzc3dvcmQiOiJiNzAxNjZkMjM1OWU1NWZmMzQ4NGY1ZDcwMjBjNzBkODZkODkwNzk2IiwiaXAiOiI6OjEiLCJ1c2VyX2FnZW50IjoiVGlja2V0aW5nLVdlYkFwcCJ9fQ.eyObPGFG_A1Nl0V4MPlZLcXqKc1pcRh0Z8wRB9ovs08
Connection: close
Request body:

========================================
2018-08-29 19:23:15 
::1 GET /tourism/public-api/v1/countries/5/continent?limit=6 HTTP/1.1
HTTP headers:
Host: localhost
User-Agent: Ticketing-WebApp
Authorization: Bearer eyJ0eXAiOiJKV1QiLCJhbGciOiJIUzI1NiJ9.eyJpYXQiOjE1MzU1NDQ1OTIsImp0aSI6IjdycGVLajN5RVlmMlwveGNWeXpRNzdxMmtVK0pWUXc2UEdJTzk4QWJkc1o4PSIsImlzcyI6Ijo6MSIsIm5iZiI6MTUzNTU0NDU5MiwiZXhwIjoxNTM1NTQ2MzkyLCJkYXRhIjp7InVzZXJuYW1lIjoiYWRlIiwicGFzc3dvcmQiOiJiNzAxNjZkMjM1OWU1NWZmMzQ4NGY1ZDcwMjBjNzBkODZkODkwNzk2IiwiaXAiOiI6OjEiLCJ1c2VyX2FnZW50IjoiVGlja2V0aW5nLVdlYkFwcCJ9fQ.eyObPGFG_A1Nl0V4MPlZLcXqKc1pcRh0Z8wRB9ovs08
Connection: close
Request body:

========================================
2018-08-29 19:23:17 
::1 GET /tourism/public-api/v1/provinces/2/countries?limit=1 HTTP/1.1
HTTP headers:
Host: localhost
User-Agent: Ticketing-WebApp
Authorization: Bearer eyJ0eXAiOiJKV1QiLCJhbGciOiJIUzI1NiJ9.eyJpYXQiOjE1MzU1NDQ1OTIsImp0aSI6IjdycGVLajN5RVlmMlwveGNWeXpRNzdxMmtVK0pWUXc2UEdJTzk4QWJkc1o4PSIsImlzcyI6Ijo6MSIsIm5iZiI6MTUzNTU0NDU5MiwiZXhwIjoxNTM1NTQ2MzkyLCJkYXRhIjp7InVzZXJuYW1lIjoiYWRlIiwicGFzc3dvcmQiOiJiNzAxNjZkMjM1OWU1NWZmMzQ4NGY1ZDcwMjBjNzBkODZkODkwNzk2IiwiaXAiOiI6OjEiLCJ1c2VyX2FnZW50IjoiVGlja2V0aW5nLVdlYkFwcCJ9fQ.eyObPGFG_A1Nl0V4MPlZLcXqKc1pcRh0Z8wRB9ovs08
Connection: close
Request body:

========================================
2018-08-29 19:23:17 
::1 GET /tourism/public-api/v1/provinces/2/countries?limit=0 HTTP/1.1
HTTP headers:
Host: localhost
User-Agent: Ticketing-WebApp
Authorization: Bearer eyJ0eXAiOiJKV1QiLCJhbGciOiJIUzI1NiJ9.eyJpYXQiOjE1MzU1NDQ1OTIsImp0aSI6IjdycGVLajN5RVlmMlwveGNWeXpRNzdxMmtVK0pWUXc2UEdJTzk4QWJkc1o4PSIsImlzcyI6Ijo6MSIsIm5iZiI6MTUzNTU0NDU5MiwiZXhwIjoxNTM1NTQ2MzkyLCJkYXRhIjp7InVzZXJuYW1lIjoiYWRlIiwicGFzc3dvcmQiOiJiNzAxNjZkMjM1OWU1NWZmMzQ4NGY1ZDcwMjBjNzBkODZkODkwNzk2IiwiaXAiOiI6OjEiLCJ1c2VyX2FnZW50IjoiVGlja2V0aW5nLVdlYkFwcCJ9fQ.eyObPGFG_A1Nl0V4MPlZLcXqKc1pcRh0Z8wRB9ovs08
Connection: close
Request body:

========================================
2018-08-29 19:23:20 
::1 GET /tourism/public-api/v1/provinces/1/countries?limit=1 HTTP/1.1
HTTP headers:
Host: localhost
User-Agent: Ticketing-WebApp
Authorization: Bearer eyJ0eXAiOiJKV1QiLCJhbGciOiJIUzI1NiJ9.eyJpYXQiOjE1MzU1NDQ1OTIsImp0aSI6IjdycGVLajN5RVlmMlwveGNWeXpRNzdxMmtVK0pWUXc2UEdJTzk4QWJkc1o4PSIsImlzcyI6Ijo6MSIsIm5iZiI6MTUzNTU0NDU5MiwiZXhwIjoxNTM1NTQ2MzkyLCJkYXRhIjp7InVzZXJuYW1lIjoiYWRlIiwicGFzc3dvcmQiOiJiNzAxNjZkMjM1OWU1NWZmMzQ4NGY1ZDcwMjBjNzBkODZkODkwNzk2IiwiaXAiOiI6OjEiLCJ1c2VyX2FnZW50IjoiVGlja2V0aW5nLVdlYkFwcCJ9fQ.eyObPGFG_A1Nl0V4MPlZLcXqKc1pcRh0Z8wRB9ovs08
Connection: close
Request body:

========================================
2018-08-29 19:23:20 
::1 GET /tourism/public-api/v1/provinces/1/countries?limit=33 HTTP/1.1
HTTP headers:
Host: localhost
User-Agent: Ticketing-WebApp
Authorization: Bearer eyJ0eXAiOiJKV1QiLCJhbGciOiJIUzI1NiJ9.eyJpYXQiOjE1MzU1NDQ1OTIsImp0aSI6IjdycGVLajN5RVlmMlwveGNWeXpRNzdxMmtVK0pWUXc2UEdJTzk4QWJkc1o4PSIsImlzcyI6Ijo6MSIsIm5iZiI6MTUzNTU0NDU5MiwiZXhwIjoxNTM1NTQ2MzkyLCJkYXRhIjp7InVzZXJuYW1lIjoiYWRlIiwicGFzc3dvcmQiOiJiNzAxNjZkMjM1OWU1NWZmMzQ4NGY1ZDcwMjBjNzBkODZkODkwNzk2IiwiaXAiOiI6OjEiLCJ1c2VyX2FnZW50IjoiVGlja2V0aW5nLVdlYkFwcCJ9fQ.eyObPGFG_A1Nl0V4MPlZLcXqKc1pcRh0Z8wRB9ovs08
Connection: close
Request body:

========================================
2018-08-29 19:25:41 
::1 GET /tourism/public-api/v1/countries/5/continent?limit=1 HTTP/1.1
HTTP headers:
Host: localhost
User-Agent: Ticketing-WebApp
Authorization: Bearer eyJ0eXAiOiJKV1QiLCJhbGciOiJIUzI1NiJ9.eyJpYXQiOjE1MzU1NDQ1OTIsImp0aSI6IjdycGVLajN5RVlmMlwveGNWeXpRNzdxMmtVK0pWUXc2UEdJTzk4QWJkc1o4PSIsImlzcyI6Ijo6MSIsIm5iZiI6MTUzNTU0NDU5MiwiZXhwIjoxNTM1NTQ2MzkyLCJkYXRhIjp7InVzZXJuYW1lIjoiYWRlIiwicGFzc3dvcmQiOiJiNzAxNjZkMjM1OWU1NWZmMzQ4NGY1ZDcwMjBjNzBkODZkODkwNzk2IiwiaXAiOiI6OjEiLCJ1c2VyX2FnZW50IjoiVGlja2V0aW5nLVdlYkFwcCJ9fQ.eyObPGFG_A1Nl0V4MPlZLcXqKc1pcRh0Z8wRB9ovs08
Connection: close
Request body:

========================================
2018-08-29 19:25:41 
::1 GET /tourism/public-api/v1/countries/5/continent?limit=6 HTTP/1.1
HTTP headers:
Host: localhost
User-Agent: Ticketing-WebApp
Authorization: Bearer eyJ0eXAiOiJKV1QiLCJhbGciOiJIUzI1NiJ9.eyJpYXQiOjE1MzU1NDQ1OTIsImp0aSI6IjdycGVLajN5RVlmMlwveGNWeXpRNzdxMmtVK0pWUXc2UEdJTzk4QWJkc1o4PSIsImlzcyI6Ijo6MSIsIm5iZiI6MTUzNTU0NDU5MiwiZXhwIjoxNTM1NTQ2MzkyLCJkYXRhIjp7InVzZXJuYW1lIjoiYWRlIiwicGFzc3dvcmQiOiJiNzAxNjZkMjM1OWU1NWZmMzQ4NGY1ZDcwMjBjNzBkODZkODkwNzk2IiwiaXAiOiI6OjEiLCJ1c2VyX2FnZW50IjoiVGlja2V0aW5nLVdlYkFwcCJ9fQ.eyObPGFG_A1Nl0V4MPlZLcXqKc1pcRh0Z8wRB9ovs08
Connection: close
Request body:

========================================
2018-08-29 19:25:44 
::1 GET /tourism/public-api/v1/provinces/1/countries?limit=1 HTTP/1.1
HTTP headers:
Host: localhost
User-Agent: Ticketing-WebApp
Authorization: Bearer eyJ0eXAiOiJKV1QiLCJhbGciOiJIUzI1NiJ9.eyJpYXQiOjE1MzU1NDQ1OTIsImp0aSI6IjdycGVLajN5RVlmMlwveGNWeXpRNzdxMmtVK0pWUXc2UEdJTzk4QWJkc1o4PSIsImlzcyI6Ijo6MSIsIm5iZiI6MTUzNTU0NDU5MiwiZXhwIjoxNTM1NTQ2MzkyLCJkYXRhIjp7InVzZXJuYW1lIjoiYWRlIiwicGFzc3dvcmQiOiJiNzAxNjZkMjM1OWU1NWZmMzQ4NGY1ZDcwMjBjNzBkODZkODkwNzk2IiwiaXAiOiI6OjEiLCJ1c2VyX2FnZW50IjoiVGlja2V0aW5nLVdlYkFwcCJ9fQ.eyObPGFG_A1Nl0V4MPlZLcXqKc1pcRh0Z8wRB9ovs08
Connection: close
Request body:

========================================
2018-08-29 19:25:45 
::1 GET /tourism/public-api/v1/provinces/1/countries?limit=33 HTTP/1.1
HTTP headers:
Host: localhost
User-Agent: Ticketing-WebApp
Authorization: Bearer eyJ0eXAiOiJKV1QiLCJhbGciOiJIUzI1NiJ9.eyJpYXQiOjE1MzU1NDQ1OTIsImp0aSI6IjdycGVLajN5RVlmMlwveGNWeXpRNzdxMmtVK0pWUXc2UEdJTzk4QWJkc1o4PSIsImlzcyI6Ijo6MSIsIm5iZiI6MTUzNTU0NDU5MiwiZXhwIjoxNTM1NTQ2MzkyLCJkYXRhIjp7InVzZXJuYW1lIjoiYWRlIiwicGFzc3dvcmQiOiJiNzAxNjZkMjM1OWU1NWZmMzQ4NGY1ZDcwMjBjNzBkODZkODkwNzk2IiwiaXAiOiI6OjEiLCJ1c2VyX2FnZW50IjoiVGlja2V0aW5nLVdlYkFwcCJ9fQ.eyObPGFG_A1Nl0V4MPlZLcXqKc1pcRh0Z8wRB9ovs08
Connection: close
Request body:

========================================
2018-08-29 19:26:38 
::1 GET /tourism/public-api/v1/countries/5/continent?limit=1 HTTP/1.1
HTTP headers:
Host: localhost
User-Agent: Ticketing-WebApp
Authorization: Bearer eyJ0eXAiOiJKV1QiLCJhbGciOiJIUzI1NiJ9.eyJpYXQiOjE1MzU1NDQ1OTIsImp0aSI6IjdycGVLajN5RVlmMlwveGNWeXpRNzdxMmtVK0pWUXc2UEdJTzk4QWJkc1o4PSIsImlzcyI6Ijo6MSIsIm5iZiI6MTUzNTU0NDU5MiwiZXhwIjoxNTM1NTQ2MzkyLCJkYXRhIjp7InVzZXJuYW1lIjoiYWRlIiwicGFzc3dvcmQiOiJiNzAxNjZkMjM1OWU1NWZmMzQ4NGY1ZDcwMjBjNzBkODZkODkwNzk2IiwiaXAiOiI6OjEiLCJ1c2VyX2FnZW50IjoiVGlja2V0aW5nLVdlYkFwcCJ9fQ.eyObPGFG_A1Nl0V4MPlZLcXqKc1pcRh0Z8wRB9ovs08
Connection: close
Request body:

========================================
2018-08-29 19:26:38 
::1 GET /tourism/public-api/v1/countries/5/continent?limit=6 HTTP/1.1
HTTP headers:
Host: localhost
User-Agent: Ticketing-WebApp
Authorization: Bearer eyJ0eXAiOiJKV1QiLCJhbGciOiJIUzI1NiJ9.eyJpYXQiOjE1MzU1NDQ1OTIsImp0aSI6IjdycGVLajN5RVlmMlwveGNWeXpRNzdxMmtVK0pWUXc2UEdJTzk4QWJkc1o4PSIsImlzcyI6Ijo6MSIsIm5iZiI6MTUzNTU0NDU5MiwiZXhwIjoxNTM1NTQ2MzkyLCJkYXRhIjp7InVzZXJuYW1lIjoiYWRlIiwicGFzc3dvcmQiOiJiNzAxNjZkMjM1OWU1NWZmMzQ4NGY1ZDcwMjBjNzBkODZkODkwNzk2IiwiaXAiOiI6OjEiLCJ1c2VyX2FnZW50IjoiVGlja2V0aW5nLVdlYkFwcCJ9fQ.eyObPGFG_A1Nl0V4MPlZLcXqKc1pcRh0Z8wRB9ovs08
Connection: close
Request body:

========================================
2018-08-29 19:26:42 
::1 GET /tourism/public-api/v1/provinces/1/countries?limit=1 HTTP/1.1
HTTP headers:
Host: localhost
User-Agent: Ticketing-WebApp
Authorization: Bearer eyJ0eXAiOiJKV1QiLCJhbGciOiJIUzI1NiJ9.eyJpYXQiOjE1MzU1NDQ1OTIsImp0aSI6IjdycGVLajN5RVlmMlwveGNWeXpRNzdxMmtVK0pWUXc2UEdJTzk4QWJkc1o4PSIsImlzcyI6Ijo6MSIsIm5iZiI6MTUzNTU0NDU5MiwiZXhwIjoxNTM1NTQ2MzkyLCJkYXRhIjp7InVzZXJuYW1lIjoiYWRlIiwicGFzc3dvcmQiOiJiNzAxNjZkMjM1OWU1NWZmMzQ4NGY1ZDcwMjBjNzBkODZkODkwNzk2IiwiaXAiOiI6OjEiLCJ1c2VyX2FnZW50IjoiVGlja2V0aW5nLVdlYkFwcCJ9fQ.eyObPGFG_A1Nl0V4MPlZLcXqKc1pcRh0Z8wRB9ovs08
Connection: close
Request body:

========================================
2018-08-29 19:26:42 
::1 GET /tourism/public-api/v1/provinces/1/countries?limit=33 HTTP/1.1
HTTP headers:
Host: localhost
User-Agent: Ticketing-WebApp
Authorization: Bearer eyJ0eXAiOiJKV1QiLCJhbGciOiJIUzI1NiJ9.eyJpYXQiOjE1MzU1NDQ1OTIsImp0aSI6IjdycGVLajN5RVlmMlwveGNWeXpRNzdxMmtVK0pWUXc2UEdJTzk4QWJkc1o4PSIsImlzcyI6Ijo6MSIsIm5iZiI6MTUzNTU0NDU5MiwiZXhwIjoxNTM1NTQ2MzkyLCJkYXRhIjp7InVzZXJuYW1lIjoiYWRlIiwicGFzc3dvcmQiOiJiNzAxNjZkMjM1OWU1NWZmMzQ4NGY1ZDcwMjBjNzBkODZkODkwNzk2IiwiaXAiOiI6OjEiLCJ1c2VyX2FnZW50IjoiVGlja2V0aW5nLVdlYkFwcCJ9fQ.eyObPGFG_A1Nl0V4MPlZLcXqKc1pcRh0Z8wRB9ovs08
Connection: close
Request body:

========================================
2018-08-29 19:27:20 
::1 GET /tourism/public-api/v1/countries/5/continent?limit=1 HTTP/1.1
HTTP headers:
Host: localhost
User-Agent: Ticketing-WebApp
Authorization: Bearer eyJ0eXAiOiJKV1QiLCJhbGciOiJIUzI1NiJ9.eyJpYXQiOjE1MzU1NDQ1OTIsImp0aSI6IjdycGVLajN5RVlmMlwveGNWeXpRNzdxMmtVK0pWUXc2UEdJTzk4QWJkc1o4PSIsImlzcyI6Ijo6MSIsIm5iZiI6MTUzNTU0NDU5MiwiZXhwIjoxNTM1NTQ2MzkyLCJkYXRhIjp7InVzZXJuYW1lIjoiYWRlIiwicGFzc3dvcmQiOiJiNzAxNjZkMjM1OWU1NWZmMzQ4NGY1ZDcwMjBjNzBkODZkODkwNzk2IiwiaXAiOiI6OjEiLCJ1c2VyX2FnZW50IjoiVGlja2V0aW5nLVdlYkFwcCJ9fQ.eyObPGFG_A1Nl0V4MPlZLcXqKc1pcRh0Z8wRB9ovs08
Connection: close
Request body:

========================================
2018-08-29 19:27:20 
::1 GET /tourism/public-api/v1/countries/5/continent?limit=6 HTTP/1.1
HTTP headers:
Host: localhost
User-Agent: Ticketing-WebApp
Authorization: Bearer eyJ0eXAiOiJKV1QiLCJhbGciOiJIUzI1NiJ9.eyJpYXQiOjE1MzU1NDQ1OTIsImp0aSI6IjdycGVLajN5RVlmMlwveGNWeXpRNzdxMmtVK0pWUXc2UEdJTzk4QWJkc1o4PSIsImlzcyI6Ijo6MSIsIm5iZiI6MTUzNTU0NDU5MiwiZXhwIjoxNTM1NTQ2MzkyLCJkYXRhIjp7InVzZXJuYW1lIjoiYWRlIiwicGFzc3dvcmQiOiJiNzAxNjZkMjM1OWU1NWZmMzQ4NGY1ZDcwMjBjNzBkODZkODkwNzk2IiwiaXAiOiI6OjEiLCJ1c2VyX2FnZW50IjoiVGlja2V0aW5nLVdlYkFwcCJ9fQ.eyObPGFG_A1Nl0V4MPlZLcXqKc1pcRh0Z8wRB9ovs08
Connection: close
Request body:

========================================
2018-08-29 19:27:26 
::1 GET /tourism/public-api/v1/countries/5/continent?limit=1 HTTP/1.1
HTTP headers:
Host: localhost
User-Agent: Ticketing-WebApp
Authorization: Bearer eyJ0eXAiOiJKV1QiLCJhbGciOiJIUzI1NiJ9.eyJpYXQiOjE1MzU1NDQ1OTIsImp0aSI6IjdycGVLajN5RVlmMlwveGNWeXpRNzdxMmtVK0pWUXc2UEdJTzk4QWJkc1o4PSIsImlzcyI6Ijo6MSIsIm5iZiI6MTUzNTU0NDU5MiwiZXhwIjoxNTM1NTQ2MzkyLCJkYXRhIjp7InVzZXJuYW1lIjoiYWRlIiwicGFzc3dvcmQiOiJiNzAxNjZkMjM1OWU1NWZmMzQ4NGY1ZDcwMjBjNzBkODZkODkwNzk2IiwiaXAiOiI6OjEiLCJ1c2VyX2FnZW50IjoiVGlja2V0aW5nLVdlYkFwcCJ9fQ.eyObPGFG_A1Nl0V4MPlZLcXqKc1pcRh0Z8wRB9ovs08
Connection: close
Request body:

========================================
2018-08-29 19:27:26 
::1 GET /tourism/public-api/v1/countries/5/continent?limit=6 HTTP/1.1
HTTP headers:
Host: localhost
User-Agent: Ticketing-WebApp
Authorization: Bearer eyJ0eXAiOiJKV1QiLCJhbGciOiJIUzI1NiJ9.eyJpYXQiOjE1MzU1NDQ1OTIsImp0aSI6IjdycGVLajN5RVlmMlwveGNWeXpRNzdxMmtVK0pWUXc2UEdJTzk4QWJkc1o4PSIsImlzcyI6Ijo6MSIsIm5iZiI6MTUzNTU0NDU5MiwiZXhwIjoxNTM1NTQ2MzkyLCJkYXRhIjp7InVzZXJuYW1lIjoiYWRlIiwicGFzc3dvcmQiOiJiNzAxNjZkMjM1OWU1NWZmMzQ4NGY1ZDcwMjBjNzBkODZkODkwNzk2IiwiaXAiOiI6OjEiLCJ1c2VyX2FnZW50IjoiVGlja2V0aW5nLVdlYkFwcCJ9fQ.eyObPGFG_A1Nl0V4MPlZLcXqKc1pcRh0Z8wRB9ovs08
Connection: close
Request body:

========================================
2018-08-29 19:27:29 
::1 GET /tourism/public-api/v1/countries/5/continent?limit=1 HTTP/1.1
HTTP headers:
Host: localhost
User-Agent: Ticketing-WebApp
Authorization: Bearer eyJ0eXAiOiJKV1QiLCJhbGciOiJIUzI1NiJ9.eyJpYXQiOjE1MzU1NDQ1OTIsImp0aSI6IjdycGVLajN5RVlmMlwveGNWeXpRNzdxMmtVK0pWUXc2UEdJTzk4QWJkc1o4PSIsImlzcyI6Ijo6MSIsIm5iZiI6MTUzNTU0NDU5MiwiZXhwIjoxNTM1NTQ2MzkyLCJkYXRhIjp7InVzZXJuYW1lIjoiYWRlIiwicGFzc3dvcmQiOiJiNzAxNjZkMjM1OWU1NWZmMzQ4NGY1ZDcwMjBjNzBkODZkODkwNzk2IiwiaXAiOiI6OjEiLCJ1c2VyX2FnZW50IjoiVGlja2V0aW5nLVdlYkFwcCJ9fQ.eyObPGFG_A1Nl0V4MPlZLcXqKc1pcRh0Z8wRB9ovs08
Connection: close
Request body:

========================================
2018-08-29 19:27:29 
::1 GET /tourism/public-api/v1/countries/5/continent?limit=6 HTTP/1.1
HTTP headers:
Host: localhost
User-Agent: Ticketing-WebApp
Authorization: Bearer eyJ0eXAiOiJKV1QiLCJhbGciOiJIUzI1NiJ9.eyJpYXQiOjE1MzU1NDQ1OTIsImp0aSI6IjdycGVLajN5RVlmMlwveGNWeXpRNzdxMmtVK0pWUXc2UEdJTzk4QWJkc1o4PSIsImlzcyI6Ijo6MSIsIm5iZiI6MTUzNTU0NDU5MiwiZXhwIjoxNTM1NTQ2MzkyLCJkYXRhIjp7InVzZXJuYW1lIjoiYWRlIiwicGFzc3dvcmQiOiJiNzAxNjZkMjM1OWU1NWZmMzQ4NGY1ZDcwMjBjNzBkODZkODkwNzk2IiwiaXAiOiI6OjEiLCJ1c2VyX2FnZW50IjoiVGlja2V0aW5nLVdlYkFwcCJ9fQ.eyObPGFG_A1Nl0V4MPlZLcXqKc1pcRh0Z8wRB9ovs08
Connection: close
Request body:

========================================
2018-08-29 19:29:25 
::1 GET /tourism/public-api/v1/countries/5/continent?limit=1 HTTP/1.1
HTTP headers:
Host: localhost
User-Agent: Ticketing-WebApp
Authorization: Bearer eyJ0eXAiOiJKV1QiLCJhbGciOiJIUzI1NiJ9.eyJpYXQiOjE1MzU1NDQ1OTIsImp0aSI6IjdycGVLajN5RVlmMlwveGNWeXpRNzdxMmtVK0pWUXc2UEdJTzk4QWJkc1o4PSIsImlzcyI6Ijo6MSIsIm5iZiI6MTUzNTU0NDU5MiwiZXhwIjoxNTM1NTQ2MzkyLCJkYXRhIjp7InVzZXJuYW1lIjoiYWRlIiwicGFzc3dvcmQiOiJiNzAxNjZkMjM1OWU1NWZmMzQ4NGY1ZDcwMjBjNzBkODZkODkwNzk2IiwiaXAiOiI6OjEiLCJ1c2VyX2FnZW50IjoiVGlja2V0aW5nLVdlYkFwcCJ9fQ.eyObPGFG_A1Nl0V4MPlZLcXqKc1pcRh0Z8wRB9ovs08
Connection: close
Request body:

========================================
2018-08-29 19:29:26 
::1 GET /tourism/public-api/v1/countries/5/continent?limit=6 HTTP/1.1
HTTP headers:
Host: localhost
User-Agent: Ticketing-WebApp
Authorization: Bearer eyJ0eXAiOiJKV1QiLCJhbGciOiJIUzI1NiJ9.eyJpYXQiOjE1MzU1NDQ1OTIsImp0aSI6IjdycGVLajN5RVlmMlwveGNWeXpRNzdxMmtVK0pWUXc2UEdJTzk4QWJkc1o4PSIsImlzcyI6Ijo6MSIsIm5iZiI6MTUzNTU0NDU5MiwiZXhwIjoxNTM1NTQ2MzkyLCJkYXRhIjp7InVzZXJuYW1lIjoiYWRlIiwicGFzc3dvcmQiOiJiNzAxNjZkMjM1OWU1NWZmMzQ4NGY1ZDcwMjBjNzBkODZkODkwNzk2IiwiaXAiOiI6OjEiLCJ1c2VyX2FnZW50IjoiVGlja2V0aW5nLVdlYkFwcCJ9fQ.eyObPGFG_A1Nl0V4MPlZLcXqKc1pcRh0Z8wRB9ovs08
Connection: close
Request body:

========================================
2018-08-29 19:29:29 
::1 GET /tourism/public-api/v1/provinces/1/countries?limit=1 HTTP/1.1
HTTP headers:
Host: localhost
User-Agent: Ticketing-WebApp
Authorization: Bearer eyJ0eXAiOiJKV1QiLCJhbGciOiJIUzI1NiJ9.eyJpYXQiOjE1MzU1NDQ1OTIsImp0aSI6IjdycGVLajN5RVlmMlwveGNWeXpRNzdxMmtVK0pWUXc2UEdJTzk4QWJkc1o4PSIsImlzcyI6Ijo6MSIsIm5iZiI6MTUzNTU0NDU5MiwiZXhwIjoxNTM1NTQ2MzkyLCJkYXRhIjp7InVzZXJuYW1lIjoiYWRlIiwicGFzc3dvcmQiOiJiNzAxNjZkMjM1OWU1NWZmMzQ4NGY1ZDcwMjBjNzBkODZkODkwNzk2IiwiaXAiOiI6OjEiLCJ1c2VyX2FnZW50IjoiVGlja2V0aW5nLVdlYkFwcCJ9fQ.eyObPGFG_A1Nl0V4MPlZLcXqKc1pcRh0Z8wRB9ovs08
Connection: close
Request body:

========================================
2018-08-29 19:29:29 
::1 GET /tourism/public-api/v1/provinces/1/countries?limit=33 HTTP/1.1
HTTP headers:
Host: localhost
User-Agent: Ticketing-WebApp
Authorization: Bearer eyJ0eXAiOiJKV1QiLCJhbGciOiJIUzI1NiJ9.eyJpYXQiOjE1MzU1NDQ1OTIsImp0aSI6IjdycGVLajN5RVlmMlwveGNWeXpRNzdxMmtVK0pWUXc2UEdJTzk4QWJkc1o4PSIsImlzcyI6Ijo6MSIsIm5iZiI6MTUzNTU0NDU5MiwiZXhwIjoxNTM1NTQ2MzkyLCJkYXRhIjp7InVzZXJuYW1lIjoiYWRlIiwicGFzc3dvcmQiOiJiNzAxNjZkMjM1OWU1NWZmMzQ4NGY1ZDcwMjBjNzBkODZkODkwNzk2IiwiaXAiOiI6OjEiLCJ1c2VyX2FnZW50IjoiVGlja2V0aW5nLVdlYkFwcCJ9fQ.eyObPGFG_A1Nl0V4MPlZLcXqKc1pcRh0Z8wRB9ovs08
Connection: close
Request body:

========================================
2018-08-29 19:29:37 
::1 GET /tourism/public-api/v1/province/12/cities?limit=1 HTTP/1.1
HTTP headers:
Host: localhost
User-Agent: Ticketing-WebApp
Authorization: Bearer eyJ0eXAiOiJKV1QiLCJhbGciOiJIUzI1NiJ9.eyJpYXQiOjE1MzU1NDQ1OTIsImp0aSI6IjdycGVLajN5RVlmMlwveGNWeXpRNzdxMmtVK0pWUXc2UEdJTzk4QWJkc1o4PSIsImlzcyI6Ijo6MSIsIm5iZiI6MTUzNTU0NDU5MiwiZXhwIjoxNTM1NTQ2MzkyLCJkYXRhIjp7InVzZXJuYW1lIjoiYWRlIiwicGFzc3dvcmQiOiJiNzAxNjZkMjM1OWU1NWZmMzQ4NGY1ZDcwMjBjNzBkODZkODkwNzk2IiwiaXAiOiI6OjEiLCJ1c2VyX2FnZW50IjoiVGlja2V0aW5nLVdlYkFwcCJ9fQ.eyObPGFG_A1Nl0V4MPlZLcXqKc1pcRh0Z8wRB9ovs08
Connection: close
Request body:

========================================
2018-08-29 19:29:38 
::1 GET /tourism/public-api/v1/province/12/cities?limit=2 HTTP/1.1
HTTP headers:
Host: localhost
User-Agent: Ticketing-WebApp
Authorization: Bearer eyJ0eXAiOiJKV1QiLCJhbGciOiJIUzI1NiJ9.eyJpYXQiOjE1MzU1NDQ1OTIsImp0aSI6IjdycGVLajN5RVlmMlwveGNWeXpRNzdxMmtVK0pWUXc2UEdJTzk4QWJkc1o4PSIsImlzcyI6Ijo6MSIsIm5iZiI6MTUzNTU0NDU5MiwiZXhwIjoxNTM1NTQ2MzkyLCJkYXRhIjp7InVzZXJuYW1lIjoiYWRlIiwicGFzc3dvcmQiOiJiNzAxNjZkMjM1OWU1NWZmMzQ4NGY1ZDcwMjBjNzBkODZkODkwNzk2IiwiaXAiOiI6OjEiLCJ1c2VyX2FnZW50IjoiVGlja2V0aW5nLVdlYkFwcCJ9fQ.eyObPGFG_A1Nl0V4MPlZLcXqKc1pcRh0Z8wRB9ovs08
Connection: close
Request body:

========================================
2018-08-29 19:30:08 
::1 GET /tourism/public-api/v1/countries/5/continent?limit=1 HTTP/1.1
HTTP headers:
Host: localhost
User-Agent: Ticketing-WebApp
Authorization: Bearer eyJ0eXAiOiJKV1QiLCJhbGciOiJIUzI1NiJ9.eyJpYXQiOjE1MzU1NDQ1OTIsImp0aSI6IjdycGVLajN5RVlmMlwveGNWeXpRNzdxMmtVK0pWUXc2UEdJTzk4QWJkc1o4PSIsImlzcyI6Ijo6MSIsIm5iZiI6MTUzNTU0NDU5MiwiZXhwIjoxNTM1NTQ2MzkyLCJkYXRhIjp7InVzZXJuYW1lIjoiYWRlIiwicGFzc3dvcmQiOiJiNzAxNjZkMjM1OWU1NWZmMzQ4NGY1ZDcwMjBjNzBkODZkODkwNzk2IiwiaXAiOiI6OjEiLCJ1c2VyX2FnZW50IjoiVGlja2V0aW5nLVdlYkFwcCJ9fQ.eyObPGFG_A1Nl0V4MPlZLcXqKc1pcRh0Z8wRB9ovs08
Connection: close
Request body:

========================================
2018-08-29 19:30:08 
::1 GET /tourism/public-api/v1/countries/5/continent?limit=6 HTTP/1.1
HTTP headers:
Host: localhost
User-Agent: Ticketing-WebApp
Authorization: Bearer eyJ0eXAiOiJKV1QiLCJhbGciOiJIUzI1NiJ9.eyJpYXQiOjE1MzU1NDQ1OTIsImp0aSI6IjdycGVLajN5RVlmMlwveGNWeXpRNzdxMmtVK0pWUXc2UEdJTzk4QWJkc1o4PSIsImlzcyI6Ijo6MSIsIm5iZiI6MTUzNTU0NDU5MiwiZXhwIjoxNTM1NTQ2MzkyLCJkYXRhIjp7InVzZXJuYW1lIjoiYWRlIiwicGFzc3dvcmQiOiJiNzAxNjZkMjM1OWU1NWZmMzQ4NGY1ZDcwMjBjNzBkODZkODkwNzk2IiwiaXAiOiI6OjEiLCJ1c2VyX2FnZW50IjoiVGlja2V0aW5nLVdlYkFwcCJ9fQ.eyObPGFG_A1Nl0V4MPlZLcXqKc1pcRh0Z8wRB9ovs08
Connection: close
Request body:

========================================
2018-08-29 19:31:01 
::1 GET /tourism/public-api/v1/countries/5/continent?limit=1 HTTP/1.1
HTTP headers:
Host: localhost
User-Agent: Ticketing-WebApp
Authorization: Bearer eyJ0eXAiOiJKV1QiLCJhbGciOiJIUzI1NiJ9.eyJpYXQiOjE1MzU1NDQ1OTIsImp0aSI6IjdycGVLajN5RVlmMlwveGNWeXpRNzdxMmtVK0pWUXc2UEdJTzk4QWJkc1o4PSIsImlzcyI6Ijo6MSIsIm5iZiI6MTUzNTU0NDU5MiwiZXhwIjoxNTM1NTQ2MzkyLCJkYXRhIjp7InVzZXJuYW1lIjoiYWRlIiwicGFzc3dvcmQiOiJiNzAxNjZkMjM1OWU1NWZmMzQ4NGY1ZDcwMjBjNzBkODZkODkwNzk2IiwiaXAiOiI6OjEiLCJ1c2VyX2FnZW50IjoiVGlja2V0aW5nLVdlYkFwcCJ9fQ.eyObPGFG_A1Nl0V4MPlZLcXqKc1pcRh0Z8wRB9ovs08
Connection: close
Request body:

========================================
2018-08-29 19:31:01 
::1 GET /tourism/public-api/v1/countries/5/continent?limit=6 HTTP/1.1
HTTP headers:
Host: localhost
User-Agent: Ticketing-WebApp
Authorization: Bearer eyJ0eXAiOiJKV1QiLCJhbGciOiJIUzI1NiJ9.eyJpYXQiOjE1MzU1NDQ1OTIsImp0aSI6IjdycGVLajN5RVlmMlwveGNWeXpRNzdxMmtVK0pWUXc2UEdJTzk4QWJkc1o4PSIsImlzcyI6Ijo6MSIsIm5iZiI6MTUzNTU0NDU5MiwiZXhwIjoxNTM1NTQ2MzkyLCJkYXRhIjp7InVzZXJuYW1lIjoiYWRlIiwicGFzc3dvcmQiOiJiNzAxNjZkMjM1OWU1NWZmMzQ4NGY1ZDcwMjBjNzBkODZkODkwNzk2IiwiaXAiOiI6OjEiLCJ1c2VyX2FnZW50IjoiVGlja2V0aW5nLVdlYkFwcCJ9fQ.eyObPGFG_A1Nl0V4MPlZLcXqKc1pcRh0Z8wRB9ovs08
Connection: close
Request body:

========================================
2018-08-29 19:33:15 
::1 GET /tourism/public-api/v1/countries/5/continent?limit=1 HTTP/1.1
HTTP headers:
Host: localhost
User-Agent: Ticketing-WebApp
Authorization: Bearer eyJ0eXAiOiJKV1QiLCJhbGciOiJIUzI1NiJ9.eyJpYXQiOjE1MzU1NDQ1OTIsImp0aSI6IjdycGVLajN5RVlmMlwveGNWeXpRNzdxMmtVK0pWUXc2UEdJTzk4QWJkc1o4PSIsImlzcyI6Ijo6MSIsIm5iZiI6MTUzNTU0NDU5MiwiZXhwIjoxNTM1NTQ2MzkyLCJkYXRhIjp7InVzZXJuYW1lIjoiYWRlIiwicGFzc3dvcmQiOiJiNzAxNjZkMjM1OWU1NWZmMzQ4NGY1ZDcwMjBjNzBkODZkODkwNzk2IiwiaXAiOiI6OjEiLCJ1c2VyX2FnZW50IjoiVGlja2V0aW5nLVdlYkFwcCJ9fQ.eyObPGFG_A1Nl0V4MPlZLcXqKc1pcRh0Z8wRB9ovs08
Connection: close
Request body:

========================================
2018-08-29 19:33:15 
::1 GET /tourism/public-api/v1/countries/5/continent?limit=6 HTTP/1.1
HTTP headers:
Host: localhost
User-Agent: Ticketing-WebApp
Authorization: Bearer eyJ0eXAiOiJKV1QiLCJhbGciOiJIUzI1NiJ9.eyJpYXQiOjE1MzU1NDQ1OTIsImp0aSI6IjdycGVLajN5RVlmMlwveGNWeXpRNzdxMmtVK0pWUXc2UEdJTzk4QWJkc1o4PSIsImlzcyI6Ijo6MSIsIm5iZiI6MTUzNTU0NDU5MiwiZXhwIjoxNTM1NTQ2MzkyLCJkYXRhIjp7InVzZXJuYW1lIjoiYWRlIiwicGFzc3dvcmQiOiJiNzAxNjZkMjM1OWU1NWZmMzQ4NGY1ZDcwMjBjNzBkODZkODkwNzk2IiwiaXAiOiI6OjEiLCJ1c2VyX2FnZW50IjoiVGlja2V0aW5nLVdlYkFwcCJ9fQ.eyObPGFG_A1Nl0V4MPlZLcXqKc1pcRh0Z8wRB9ovs08
Connection: close
Request body:

========================================
2018-08-29 19:33:42 
::1 GET /tourism/public-api/v1/countries/5/continent?limit=1 HTTP/1.1
HTTP headers:
Host: localhost
User-Agent: Ticketing-WebApp
Authorization: Bearer eyJ0eXAiOiJKV1QiLCJhbGciOiJIUzI1NiJ9.eyJpYXQiOjE1MzU1NDQ1OTIsImp0aSI6IjdycGVLajN5RVlmMlwveGNWeXpRNzdxMmtVK0pWUXc2UEdJTzk4QWJkc1o4PSIsImlzcyI6Ijo6MSIsIm5iZiI6MTUzNTU0NDU5MiwiZXhwIjoxNTM1NTQ2MzkyLCJkYXRhIjp7InVzZXJuYW1lIjoiYWRlIiwicGFzc3dvcmQiOiJiNzAxNjZkMjM1OWU1NWZmMzQ4NGY1ZDcwMjBjNzBkODZkODkwNzk2IiwiaXAiOiI6OjEiLCJ1c2VyX2FnZW50IjoiVGlja2V0aW5nLVdlYkFwcCJ9fQ.eyObPGFG_A1Nl0V4MPlZLcXqKc1pcRh0Z8wRB9ovs08
Connection: close
Request body:

========================================
2018-08-29 19:33:42 
::1 GET /tourism/public-api/v1/countries/5/continent?limit=6 HTTP/1.1
HTTP headers:
Host: localhost
User-Agent: Ticketing-WebApp
Authorization: Bearer eyJ0eXAiOiJKV1QiLCJhbGciOiJIUzI1NiJ9.eyJpYXQiOjE1MzU1NDQ1OTIsImp0aSI6IjdycGVLajN5RVlmMlwveGNWeXpRNzdxMmtVK0pWUXc2UEdJTzk4QWJkc1o4PSIsImlzcyI6Ijo6MSIsIm5iZiI6MTUzNTU0NDU5MiwiZXhwIjoxNTM1NTQ2MzkyLCJkYXRhIjp7InVzZXJuYW1lIjoiYWRlIiwicGFzc3dvcmQiOiJiNzAxNjZkMjM1OWU1NWZmMzQ4NGY1ZDcwMjBjNzBkODZkODkwNzk2IiwiaXAiOiI6OjEiLCJ1c2VyX2FnZW50IjoiVGlja2V0aW5nLVdlYkFwcCJ9fQ.eyObPGFG_A1Nl0V4MPlZLcXqKc1pcRh0Z8wRB9ovs08
Connection: close
Request body:

========================================
2018-08-29 19:34:28 
::1 GET /tourism/public-api/v1/countries/5/continent?limit=1 HTTP/1.1
HTTP headers:
Host: localhost
User-Agent: Ticketing-WebApp
Authorization: Bearer eyJ0eXAiOiJKV1QiLCJhbGciOiJIUzI1NiJ9.eyJpYXQiOjE1MzU1NDQ1OTIsImp0aSI6IjdycGVLajN5RVlmMlwveGNWeXpRNzdxMmtVK0pWUXc2UEdJTzk4QWJkc1o4PSIsImlzcyI6Ijo6MSIsIm5iZiI6MTUzNTU0NDU5MiwiZXhwIjoxNTM1NTQ2MzkyLCJkYXRhIjp7InVzZXJuYW1lIjoiYWRlIiwicGFzc3dvcmQiOiJiNzAxNjZkMjM1OWU1NWZmMzQ4NGY1ZDcwMjBjNzBkODZkODkwNzk2IiwiaXAiOiI6OjEiLCJ1c2VyX2FnZW50IjoiVGlja2V0aW5nLVdlYkFwcCJ9fQ.eyObPGFG_A1Nl0V4MPlZLcXqKc1pcRh0Z8wRB9ovs08
Connection: close
Request body:

========================================
2018-08-29 19:34:29 
::1 GET /tourism/public-api/v1/countries/5/continent?limit=6 HTTP/1.1
HTTP headers:
Host: localhost
User-Agent: Ticketing-WebApp
Authorization: Bearer eyJ0eXAiOiJKV1QiLCJhbGciOiJIUzI1NiJ9.eyJpYXQiOjE1MzU1NDQ1OTIsImp0aSI6IjdycGVLajN5RVlmMlwveGNWeXpRNzdxMmtVK0pWUXc2UEdJTzk4QWJkc1o4PSIsImlzcyI6Ijo6MSIsIm5iZiI6MTUzNTU0NDU5MiwiZXhwIjoxNTM1NTQ2MzkyLCJkYXRhIjp7InVzZXJuYW1lIjoiYWRlIiwicGFzc3dvcmQiOiJiNzAxNjZkMjM1OWU1NWZmMzQ4NGY1ZDcwMjBjNzBkODZkODkwNzk2IiwiaXAiOiI6OjEiLCJ1c2VyX2FnZW50IjoiVGlja2V0aW5nLVdlYkFwcCJ9fQ.eyObPGFG_A1Nl0V4MPlZLcXqKc1pcRh0Z8wRB9ovs08
Connection: close
Request body:

========================================
2018-08-29 19:34:39 
::1 GET /tourism/public-api/v1/countries/5/continent?limit=1 HTTP/1.1
HTTP headers:
Host: localhost
User-Agent: Ticketing-WebApp
Authorization: Bearer eyJ0eXAiOiJKV1QiLCJhbGciOiJIUzI1NiJ9.eyJpYXQiOjE1MzU1NDQ1OTIsImp0aSI6IjdycGVLajN5RVlmMlwveGNWeXpRNzdxMmtVK0pWUXc2UEdJTzk4QWJkc1o4PSIsImlzcyI6Ijo6MSIsIm5iZiI6MTUzNTU0NDU5MiwiZXhwIjoxNTM1NTQ2MzkyLCJkYXRhIjp7InVzZXJuYW1lIjoiYWRlIiwicGFzc3dvcmQiOiJiNzAxNjZkMjM1OWU1NWZmMzQ4NGY1ZDcwMjBjNzBkODZkODkwNzk2IiwiaXAiOiI6OjEiLCJ1c2VyX2FnZW50IjoiVGlja2V0aW5nLVdlYkFwcCJ9fQ.eyObPGFG_A1Nl0V4MPlZLcXqKc1pcRh0Z8wRB9ovs08
Connection: close
Request body:

========================================
2018-08-29 19:34:39 
::1 GET /tourism/public-api/v1/countries/5/continent?limit=6 HTTP/1.1
HTTP headers:
Host: localhost
User-Agent: Ticketing-WebApp
Authorization: Bearer eyJ0eXAiOiJKV1QiLCJhbGciOiJIUzI1NiJ9.eyJpYXQiOjE1MzU1NDQ1OTIsImp0aSI6IjdycGVLajN5RVlmMlwveGNWeXpRNzdxMmtVK0pWUXc2UEdJTzk4QWJkc1o4PSIsImlzcyI6Ijo6MSIsIm5iZiI6MTUzNTU0NDU5MiwiZXhwIjoxNTM1NTQ2MzkyLCJkYXRhIjp7InVzZXJuYW1lIjoiYWRlIiwicGFzc3dvcmQiOiJiNzAxNjZkMjM1OWU1NWZmMzQ4NGY1ZDcwMjBjNzBkODZkODkwNzk2IiwiaXAiOiI6OjEiLCJ1c2VyX2FnZW50IjoiVGlja2V0aW5nLVdlYkFwcCJ9fQ.eyObPGFG_A1Nl0V4MPlZLcXqKc1pcRh0Z8wRB9ovs08
Connection: close
Request body:

========================================
2018-08-29 19:34:42 
::1 GET /tourism/public-api/v1/provinces/6/countries?limit=1 HTTP/1.1
HTTP headers:
Host: localhost
User-Agent: Ticketing-WebApp
Authorization: Bearer eyJ0eXAiOiJKV1QiLCJhbGciOiJIUzI1NiJ9.eyJpYXQiOjE1MzU1NDQ1OTIsImp0aSI6IjdycGVLajN5RVlmMlwveGNWeXpRNzdxMmtVK0pWUXc2UEdJTzk4QWJkc1o4PSIsImlzcyI6Ijo6MSIsIm5iZiI6MTUzNTU0NDU5MiwiZXhwIjoxNTM1NTQ2MzkyLCJkYXRhIjp7InVzZXJuYW1lIjoiYWRlIiwicGFzc3dvcmQiOiJiNzAxNjZkMjM1OWU1NWZmMzQ4NGY1ZDcwMjBjNzBkODZkODkwNzk2IiwiaXAiOiI6OjEiLCJ1c2VyX2FnZW50IjoiVGlja2V0aW5nLVdlYkFwcCJ9fQ.eyObPGFG_A1Nl0V4MPlZLcXqKc1pcRh0Z8wRB9ovs08
Connection: close
Request body:

========================================
2018-08-29 19:34:42 
::1 GET /tourism/public-api/v1/provinces/6/countries?limit=0 HTTP/1.1
HTTP headers:
Host: localhost
User-Agent: Ticketing-WebApp
Authorization: Bearer eyJ0eXAiOiJKV1QiLCJhbGciOiJIUzI1NiJ9.eyJpYXQiOjE1MzU1NDQ1OTIsImp0aSI6IjdycGVLajN5RVlmMlwveGNWeXpRNzdxMmtVK0pWUXc2UEdJTzk4QWJkc1o4PSIsImlzcyI6Ijo6MSIsIm5iZiI6MTUzNTU0NDU5MiwiZXhwIjoxNTM1NTQ2MzkyLCJkYXRhIjp7InVzZXJuYW1lIjoiYWRlIiwicGFzc3dvcmQiOiJiNzAxNjZkMjM1OWU1NWZmMzQ4NGY1ZDcwMjBjNzBkODZkODkwNzk2IiwiaXAiOiI6OjEiLCJ1c2VyX2FnZW50IjoiVGlja2V0aW5nLVdlYkFwcCJ9fQ.eyObPGFG_A1Nl0V4MPlZLcXqKc1pcRh0Z8wRB9ovs08
Connection: close
Request body:

========================================
2018-08-29 19:36:15 
::1 GET /tourism/public-api/v1/countries/5/continent?limit=1 HTTP/1.1
HTTP headers:
Host: localhost
User-Agent: Ticketing-WebApp
Authorization: Bearer eyJ0eXAiOiJKV1QiLCJhbGciOiJIUzI1NiJ9.eyJpYXQiOjE1MzU1NDQ1OTIsImp0aSI6IjdycGVLajN5RVlmMlwveGNWeXpRNzdxMmtVK0pWUXc2UEdJTzk4QWJkc1o4PSIsImlzcyI6Ijo6MSIsIm5iZiI6MTUzNTU0NDU5MiwiZXhwIjoxNTM1NTQ2MzkyLCJkYXRhIjp7InVzZXJuYW1lIjoiYWRlIiwicGFzc3dvcmQiOiJiNzAxNjZkMjM1OWU1NWZmMzQ4NGY1ZDcwMjBjNzBkODZkODkwNzk2IiwiaXAiOiI6OjEiLCJ1c2VyX2FnZW50IjoiVGlja2V0aW5nLVdlYkFwcCJ9fQ.eyObPGFG_A1Nl0V4MPlZLcXqKc1pcRh0Z8wRB9ovs08
Connection: close
Request body:

========================================
2018-08-29 19:36:15 
::1 GET /tourism/public-api/v1/countries/5/continent?limit=6 HTTP/1.1
HTTP headers:
Host: localhost
User-Agent: Ticketing-WebApp
Authorization: Bearer eyJ0eXAiOiJKV1QiLCJhbGciOiJIUzI1NiJ9.eyJpYXQiOjE1MzU1NDQ1OTIsImp0aSI6IjdycGVLajN5RVlmMlwveGNWeXpRNzdxMmtVK0pWUXc2UEdJTzk4QWJkc1o4PSIsImlzcyI6Ijo6MSIsIm5iZiI6MTUzNTU0NDU5MiwiZXhwIjoxNTM1NTQ2MzkyLCJkYXRhIjp7InVzZXJuYW1lIjoiYWRlIiwicGFzc3dvcmQiOiJiNzAxNjZkMjM1OWU1NWZmMzQ4NGY1ZDcwMjBjNzBkODZkODkwNzk2IiwiaXAiOiI6OjEiLCJ1c2VyX2FnZW50IjoiVGlja2V0aW5nLVdlYkFwcCJ9fQ.eyObPGFG_A1Nl0V4MPlZLcXqKc1pcRh0Z8wRB9ovs08
Connection: close
Request body:

========================================
2018-08-29 19:36:19 
::1 GET /tourism/public-api/v1/countries/5/continent?limit=1 HTTP/1.1
HTTP headers:
Host: localhost
User-Agent: Ticketing-WebApp
Authorization: Bearer eyJ0eXAiOiJKV1QiLCJhbGciOiJIUzI1NiJ9.eyJpYXQiOjE1MzU1NDQ1OTIsImp0aSI6IjdycGVLajN5RVlmMlwveGNWeXpRNzdxMmtVK0pWUXc2UEdJTzk4QWJkc1o4PSIsImlzcyI6Ijo6MSIsIm5iZiI6MTUzNTU0NDU5MiwiZXhwIjoxNTM1NTQ2MzkyLCJkYXRhIjp7InVzZXJuYW1lIjoiYWRlIiwicGFzc3dvcmQiOiJiNzAxNjZkMjM1OWU1NWZmMzQ4NGY1ZDcwMjBjNzBkODZkODkwNzk2IiwiaXAiOiI6OjEiLCJ1c2VyX2FnZW50IjoiVGlja2V0aW5nLVdlYkFwcCJ9fQ.eyObPGFG_A1Nl0V4MPlZLcXqKc1pcRh0Z8wRB9ovs08
Connection: close
Request body:

========================================
2018-08-29 19:36:20 
::1 GET /tourism/public-api/v1/countries/5/continent?limit=6 HTTP/1.1
HTTP headers:
Host: localhost
User-Agent: Ticketing-WebApp
Authorization: Bearer eyJ0eXAiOiJKV1QiLCJhbGciOiJIUzI1NiJ9.eyJpYXQiOjE1MzU1NDQ1OTIsImp0aSI6IjdycGVLajN5RVlmMlwveGNWeXpRNzdxMmtVK0pWUXc2UEdJTzk4QWJkc1o4PSIsImlzcyI6Ijo6MSIsIm5iZiI6MTUzNTU0NDU5MiwiZXhwIjoxNTM1NTQ2MzkyLCJkYXRhIjp7InVzZXJuYW1lIjoiYWRlIiwicGFzc3dvcmQiOiJiNzAxNjZkMjM1OWU1NWZmMzQ4NGY1ZDcwMjBjNzBkODZkODkwNzk2IiwiaXAiOiI6OjEiLCJ1c2VyX2FnZW50IjoiVGlja2V0aW5nLVdlYkFwcCJ9fQ.eyObPGFG_A1Nl0V4MPlZLcXqKc1pcRh0Z8wRB9ovs08
Connection: close
Request body:

========================================
2018-08-29 20:20:40 
::1 POST /tourism/public-api/v1/users/token HTTP/1.1
HTTP headers:
Host: localhost
Content-Length: 25
User-Agent: Ticketing-WebApp
Connection: close
Content-Type: application/x-www-form-urlencoded
Request body:
username=ade&password=ade
========================================
2018-08-29 20:20:41 
::1 GET /tourism/public-api/v1/users/1 HTTP/1.1
HTTP headers:
Host: localhost
User-Agent: Ticketing-WebApp
Authorization: Bearer eyJ0eXAiOiJKV1QiLCJhbGciOiJIUzI1NiJ9.eyJpYXQiOjE1MzU1NDg4NDAsImp0aSI6InlURzZDT2NVcnJTQzhsZm5GM3p3VlU2N2hkWXhuSVlnRGNmc1RWcDJNV2M9IiwiaXNzIjoiOjoxIiwibmJmIjoxNTM1NTQ4ODQwLCJleHAiOjE1MzU1NTA2NDAsImRhdGEiOnsidXNlcm5hbWUiOiJhZGUiLCJwYXNzd29yZCI6ImI3MDE2NmQyMzU5ZTU1ZmYzNDg0ZjVkNzAyMGM3MGQ4NmQ4OTA3OTYiLCJpcCI6Ijo6MSIsInVzZXJfYWdlbnQiOiJUaWNrZXRpbmctV2ViQXBwIn19.n8sl6_wLOF1H8gLZ4kdidEnBIdZl8_3FE9PYoaQTB9Y
Connection: close
Request body:

========================================
2018-08-29 20:21:03 
::1 GET /tourism/public-api/v1/countries/5/continent?limit=1 HTTP/1.1
HTTP headers:
Host: localhost
User-Agent: Ticketing-WebApp
Authorization: Bearer eyJ0eXAiOiJKV1QiLCJhbGciOiJIUzI1NiJ9.eyJpYXQiOjE1MzU1NDg4NDAsImp0aSI6InlURzZDT2NVcnJTQzhsZm5GM3p3VlU2N2hkWXhuSVlnRGNmc1RWcDJNV2M9IiwiaXNzIjoiOjoxIiwibmJmIjoxNTM1NTQ4ODQwLCJleHAiOjE1MzU1NTA2NDAsImRhdGEiOnsidXNlcm5hbWUiOiJhZGUiLCJwYXNzd29yZCI6ImI3MDE2NmQyMzU5ZTU1ZmYzNDg0ZjVkNzAyMGM3MGQ4NmQ4OTA3OTYiLCJpcCI6Ijo6MSIsInVzZXJfYWdlbnQiOiJUaWNrZXRpbmctV2ViQXBwIn19.n8sl6_wLOF1H8gLZ4kdidEnBIdZl8_3FE9PYoaQTB9Y
Connection: close
Request body:

========================================
2018-08-29 20:21:04 
::1 GET /tourism/public-api/v1/countries/5/continent?limit=6 HTTP/1.1
HTTP headers:
Host: localhost
User-Agent: Ticketing-WebApp
Authorization: Bearer eyJ0eXAiOiJKV1QiLCJhbGciOiJIUzI1NiJ9.eyJpYXQiOjE1MzU1NDg4NDAsImp0aSI6InlURzZDT2NVcnJTQzhsZm5GM3p3VlU2N2hkWXhuSVlnRGNmc1RWcDJNV2M9IiwiaXNzIjoiOjoxIiwibmJmIjoxNTM1NTQ4ODQwLCJleHAiOjE1MzU1NTA2NDAsImRhdGEiOnsidXNlcm5hbWUiOiJhZGUiLCJwYXNzd29yZCI6ImI3MDE2NmQyMzU5ZTU1ZmYzNDg0ZjVkNzAyMGM3MGQ4NmQ4OTA3OTYiLCJpcCI6Ijo6MSIsInVzZXJfYWdlbnQiOiJUaWNrZXRpbmctV2ViQXBwIn19.n8sl6_wLOF1H8gLZ4kdidEnBIdZl8_3FE9PYoaQTB9Y
Connection: close
Request body:

========================================
2018-08-29 20:21:19 
::1 GET /tourism/public-api/v1/countries/5/continent?limit=1 HTTP/1.1
HTTP headers:
Host: localhost
User-Agent: Ticketing-WebApp
Authorization: Bearer eyJ0eXAiOiJKV1QiLCJhbGciOiJIUzI1NiJ9.eyJpYXQiOjE1MzU1NDg4NDAsImp0aSI6InlURzZDT2NVcnJTQzhsZm5GM3p3VlU2N2hkWXhuSVlnRGNmc1RWcDJNV2M9IiwiaXNzIjoiOjoxIiwibmJmIjoxNTM1NTQ4ODQwLCJleHAiOjE1MzU1NTA2NDAsImRhdGEiOnsidXNlcm5hbWUiOiJhZGUiLCJwYXNzd29yZCI6ImI3MDE2NmQyMzU5ZTU1ZmYzNDg0ZjVkNzAyMGM3MGQ4NmQ4OTA3OTYiLCJpcCI6Ijo6MSIsInVzZXJfYWdlbnQiOiJUaWNrZXRpbmctV2ViQXBwIn19.n8sl6_wLOF1H8gLZ4kdidEnBIdZl8_3FE9PYoaQTB9Y
Connection: close
Request body:

========================================
2018-08-29 20:21:20 
::1 GET /tourism/public-api/v1/countries/5/continent?limit=6 HTTP/1.1
HTTP headers:
Host: localhost
User-Agent: Ticketing-WebApp
Authorization: Bearer eyJ0eXAiOiJKV1QiLCJhbGciOiJIUzI1NiJ9.eyJpYXQiOjE1MzU1NDg4NDAsImp0aSI6InlURzZDT2NVcnJTQzhsZm5GM3p3VlU2N2hkWXhuSVlnRGNmc1RWcDJNV2M9IiwiaXNzIjoiOjoxIiwibmJmIjoxNTM1NTQ4ODQwLCJleHAiOjE1MzU1NTA2NDAsImRhdGEiOnsidXNlcm5hbWUiOiJhZGUiLCJwYXNzd29yZCI6ImI3MDE2NmQyMzU5ZTU1ZmYzNDg0ZjVkNzAyMGM3MGQ4NmQ4OTA3OTYiLCJpcCI6Ijo6MSIsInVzZXJfYWdlbnQiOiJUaWNrZXRpbmctV2ViQXBwIn19.n8sl6_wLOF1H8gLZ4kdidEnBIdZl8_3FE9PYoaQTB9Y
Connection: close
Request body:

========================================
2018-08-29 20:21:31 
::1 GET /tourism/public-api/v1/countries/5/continent?limit=1 HTTP/1.1
HTTP headers:
Host: localhost
User-Agent: Ticketing-WebApp
Authorization: Bearer eyJ0eXAiOiJKV1QiLCJhbGciOiJIUzI1NiJ9.eyJpYXQiOjE1MzU1NDg4NDAsImp0aSI6InlURzZDT2NVcnJTQzhsZm5GM3p3VlU2N2hkWXhuSVlnRGNmc1RWcDJNV2M9IiwiaXNzIjoiOjoxIiwibmJmIjoxNTM1NTQ4ODQwLCJleHAiOjE1MzU1NTA2NDAsImRhdGEiOnsidXNlcm5hbWUiOiJhZGUiLCJwYXNzd29yZCI6ImI3MDE2NmQyMzU5ZTU1ZmYzNDg0ZjVkNzAyMGM3MGQ4NmQ4OTA3OTYiLCJpcCI6Ijo6MSIsInVzZXJfYWdlbnQiOiJUaWNrZXRpbmctV2ViQXBwIn19.n8sl6_wLOF1H8gLZ4kdidEnBIdZl8_3FE9PYoaQTB9Y
Connection: close
Request body:

========================================
2018-08-29 20:21:31 
::1 GET /tourism/public-api/v1/countries/5/continent?limit=6 HTTP/1.1
HTTP headers:
Host: localhost
User-Agent: Ticketing-WebApp
Authorization: Bearer eyJ0eXAiOiJKV1QiLCJhbGciOiJIUzI1NiJ9.eyJpYXQiOjE1MzU1NDg4NDAsImp0aSI6InlURzZDT2NVcnJTQzhsZm5GM3p3VlU2N2hkWXhuSVlnRGNmc1RWcDJNV2M9IiwiaXNzIjoiOjoxIiwibmJmIjoxNTM1NTQ4ODQwLCJleHAiOjE1MzU1NTA2NDAsImRhdGEiOnsidXNlcm5hbWUiOiJhZGUiLCJwYXNzd29yZCI6ImI3MDE2NmQyMzU5ZTU1ZmYzNDg0ZjVkNzAyMGM3MGQ4NmQ4OTA3OTYiLCJpcCI6Ijo6MSIsInVzZXJfYWdlbnQiOiJUaWNrZXRpbmctV2ViQXBwIn19.n8sl6_wLOF1H8gLZ4kdidEnBIdZl8_3FE9PYoaQTB9Y
Connection: close
Request body:

========================================
2018-08-29 20:21:33 
::1 GET /tourism/public-api/v1/provinces/6/countries?limit=1 HTTP/1.1
HTTP headers:
Host: localhost
User-Agent: Ticketing-WebApp
Authorization: Bearer eyJ0eXAiOiJKV1QiLCJhbGciOiJIUzI1NiJ9.eyJpYXQiOjE1MzU1NDg4NDAsImp0aSI6InlURzZDT2NVcnJTQzhsZm5GM3p3VlU2N2hkWXhuSVlnRGNmc1RWcDJNV2M9IiwiaXNzIjoiOjoxIiwibmJmIjoxNTM1NTQ4ODQwLCJleHAiOjE1MzU1NTA2NDAsImRhdGEiOnsidXNlcm5hbWUiOiJhZGUiLCJwYXNzd29yZCI6ImI3MDE2NmQyMzU5ZTU1ZmYzNDg0ZjVkNzAyMGM3MGQ4NmQ4OTA3OTYiLCJpcCI6Ijo6MSIsInVzZXJfYWdlbnQiOiJUaWNrZXRpbmctV2ViQXBwIn19.n8sl6_wLOF1H8gLZ4kdidEnBIdZl8_3FE9PYoaQTB9Y
Connection: close
Request body:

========================================
2018-08-29 20:21:33 
::1 GET /tourism/public-api/v1/provinces/6/countries?limit=0 HTTP/1.1
HTTP headers:
Host: localhost
User-Agent: Ticketing-WebApp
Authorization: Bearer eyJ0eXAiOiJKV1QiLCJhbGciOiJIUzI1NiJ9.eyJpYXQiOjE1MzU1NDg4NDAsImp0aSI6InlURzZDT2NVcnJTQzhsZm5GM3p3VlU2N2hkWXhuSVlnRGNmc1RWcDJNV2M9IiwiaXNzIjoiOjoxIiwibmJmIjoxNTM1NTQ4ODQwLCJleHAiOjE1MzU1NTA2NDAsImRhdGEiOnsidXNlcm5hbWUiOiJhZGUiLCJwYXNzd29yZCI6ImI3MDE2NmQyMzU5ZTU1ZmYzNDg0ZjVkNzAyMGM3MGQ4NmQ4OTA3OTYiLCJpcCI6Ijo6MSIsInVzZXJfYWdlbnQiOiJUaWNrZXRpbmctV2ViQXBwIn19.n8sl6_wLOF1H8gLZ4kdidEnBIdZl8_3FE9PYoaQTB9Y
Connection: close
Request body:

========================================
2018-08-29 20:21:40 
::1 GET /tourism/public-api/v1/provinces?name=test%20provinsi%20filipina HTTP/1.1
HTTP headers:
Host: localhost
User-Agent: Ticketing-WebApp
Authorization: Bearer eyJ0eXAiOiJKV1QiLCJhbGciOiJIUzI1NiJ9.eyJpYXQiOjE1MzU1NDg4NDAsImp0aSI6InlURzZDT2NVcnJTQzhsZm5GM3p3VlU2N2hkWXhuSVlnRGNmc1RWcDJNV2M9IiwiaXNzIjoiOjoxIiwibmJmIjoxNTM1NTQ4ODQwLCJleHAiOjE1MzU1NTA2NDAsImRhdGEiOnsidXNlcm5hbWUiOiJhZGUiLCJwYXNzd29yZCI6ImI3MDE2NmQyMzU5ZTU1ZmYzNDg0ZjVkNzAyMGM3MGQ4NmQ4OTA3OTYiLCJpcCI6Ijo6MSIsInVzZXJfYWdlbnQiOiJUaWNrZXRpbmctV2ViQXBwIn19.n8sl6_wLOF1H8gLZ4kdidEnBIdZl8_3FE9PYoaQTB9Y
Connection: close
Request body:

========================================
2018-08-29 20:25:16 
::1 GET /tourism/public-api/v1/countries/5/continent?limit=1 HTTP/1.1
HTTP headers:
Host: localhost
User-Agent: Ticketing-WebApp
Authorization: Bearer eyJ0eXAiOiJKV1QiLCJhbGciOiJIUzI1NiJ9.eyJpYXQiOjE1MzU1NDg4NDAsImp0aSI6InlURzZDT2NVcnJTQzhsZm5GM3p3VlU2N2hkWXhuSVlnRGNmc1RWcDJNV2M9IiwiaXNzIjoiOjoxIiwibmJmIjoxNTM1NTQ4ODQwLCJleHAiOjE1MzU1NTA2NDAsImRhdGEiOnsidXNlcm5hbWUiOiJhZGUiLCJwYXNzd29yZCI6ImI3MDE2NmQyMzU5ZTU1ZmYzNDg0ZjVkNzAyMGM3MGQ4NmQ4OTA3OTYiLCJpcCI6Ijo6MSIsInVzZXJfYWdlbnQiOiJUaWNrZXRpbmctV2ViQXBwIn19.n8sl6_wLOF1H8gLZ4kdidEnBIdZl8_3FE9PYoaQTB9Y
Connection: close
Request body:

========================================
2018-08-29 20:25:16 
::1 GET /tourism/public-api/v1/countries/5/continent?limit=6 HTTP/1.1
HTTP headers:
Host: localhost
User-Agent: Ticketing-WebApp
Authorization: Bearer eyJ0eXAiOiJKV1QiLCJhbGciOiJIUzI1NiJ9.eyJpYXQiOjE1MzU1NDg4NDAsImp0aSI6InlURzZDT2NVcnJTQzhsZm5GM3p3VlU2N2hkWXhuSVlnRGNmc1RWcDJNV2M9IiwiaXNzIjoiOjoxIiwibmJmIjoxNTM1NTQ4ODQwLCJleHAiOjE1MzU1NTA2NDAsImRhdGEiOnsidXNlcm5hbWUiOiJhZGUiLCJwYXNzd29yZCI6ImI3MDE2NmQyMzU5ZTU1ZmYzNDg0ZjVkNzAyMGM3MGQ4NmQ4OTA3OTYiLCJpcCI6Ijo6MSIsInVzZXJfYWdlbnQiOiJUaWNrZXRpbmctV2ViQXBwIn19.n8sl6_wLOF1H8gLZ4kdidEnBIdZl8_3FE9PYoaQTB9Y
Connection: close
Request body:

========================================
2018-08-29 20:25:20 
::1 GET /tourism/public-api/v1/countries/5/continent?limit=1 HTTP/1.1
HTTP headers:
Host: localhost
User-Agent: Ticketing-WebApp
Authorization: Bearer eyJ0eXAiOiJKV1QiLCJhbGciOiJIUzI1NiJ9.eyJpYXQiOjE1MzU1NDg4NDAsImp0aSI6InlURzZDT2NVcnJTQzhsZm5GM3p3VlU2N2hkWXhuSVlnRGNmc1RWcDJNV2M9IiwiaXNzIjoiOjoxIiwibmJmIjoxNTM1NTQ4ODQwLCJleHAiOjE1MzU1NTA2NDAsImRhdGEiOnsidXNlcm5hbWUiOiJhZGUiLCJwYXNzd29yZCI6ImI3MDE2NmQyMzU5ZTU1ZmYzNDg0ZjVkNzAyMGM3MGQ4NmQ4OTA3OTYiLCJpcCI6Ijo6MSIsInVzZXJfYWdlbnQiOiJUaWNrZXRpbmctV2ViQXBwIn19.n8sl6_wLOF1H8gLZ4kdidEnBIdZl8_3FE9PYoaQTB9Y
Connection: close
Request body:

========================================
2018-08-29 20:25:20 
::1 GET /tourism/public-api/v1/countries/5/continent?limit=6 HTTP/1.1
HTTP headers:
Host: localhost
User-Agent: Ticketing-WebApp
Authorization: Bearer eyJ0eXAiOiJKV1QiLCJhbGciOiJIUzI1NiJ9.eyJpYXQiOjE1MzU1NDg4NDAsImp0aSI6InlURzZDT2NVcnJTQzhsZm5GM3p3VlU2N2hkWXhuSVlnRGNmc1RWcDJNV2M9IiwiaXNzIjoiOjoxIiwibmJmIjoxNTM1NTQ4ODQwLCJleHAiOjE1MzU1NTA2NDAsImRhdGEiOnsidXNlcm5hbWUiOiJhZGUiLCJwYXNzd29yZCI6ImI3MDE2NmQyMzU5ZTU1ZmYzNDg0ZjVkNzAyMGM3MGQ4NmQ4OTA3OTYiLCJpcCI6Ijo6MSIsInVzZXJfYWdlbnQiOiJUaWNrZXRpbmctV2ViQXBwIn19.n8sl6_wLOF1H8gLZ4kdidEnBIdZl8_3FE9PYoaQTB9Y
Connection: close
Request body:

========================================
2018-08-29 20:25:22 
::1 GET /tourism/public-api/v1/provinces/6/countries?limit=1 HTTP/1.1
HTTP headers:
Host: localhost
User-Agent: Ticketing-WebApp
Authorization: Bearer eyJ0eXAiOiJKV1QiLCJhbGciOiJIUzI1NiJ9.eyJpYXQiOjE1MzU1NDg4NDAsImp0aSI6InlURzZDT2NVcnJTQzhsZm5GM3p3VlU2N2hkWXhuSVlnRGNmc1RWcDJNV2M9IiwiaXNzIjoiOjoxIiwibmJmIjoxNTM1NTQ4ODQwLCJleHAiOjE1MzU1NTA2NDAsImRhdGEiOnsidXNlcm5hbWUiOiJhZGUiLCJwYXNzd29yZCI6ImI3MDE2NmQyMzU5ZTU1ZmYzNDg0ZjVkNzAyMGM3MGQ4NmQ4OTA3OTYiLCJpcCI6Ijo6MSIsInVzZXJfYWdlbnQiOiJUaWNrZXRpbmctV2ViQXBwIn19.n8sl6_wLOF1H8gLZ4kdidEnBIdZl8_3FE9PYoaQTB9Y
Connection: close
Request body:

========================================
2018-08-29 20:25:22 
::1 GET /tourism/public-api/v1/provinces/6/countries?limit=0 HTTP/1.1
HTTP headers:
Host: localhost
User-Agent: Ticketing-WebApp
Authorization: Bearer eyJ0eXAiOiJKV1QiLCJhbGciOiJIUzI1NiJ9.eyJpYXQiOjE1MzU1NDg4NDAsImp0aSI6InlURzZDT2NVcnJTQzhsZm5GM3p3VlU2N2hkWXhuSVlnRGNmc1RWcDJNV2M9IiwiaXNzIjoiOjoxIiwibmJmIjoxNTM1NTQ4ODQwLCJleHAiOjE1MzU1NTA2NDAsImRhdGEiOnsidXNlcm5hbWUiOiJhZGUiLCJwYXNzd29yZCI6ImI3MDE2NmQyMzU5ZTU1ZmYzNDg0ZjVkNzAyMGM3MGQ4NmQ4OTA3OTYiLCJpcCI6Ijo6MSIsInVzZXJfYWdlbnQiOiJUaWNrZXRpbmctV2ViQXBwIn19.n8sl6_wLOF1H8gLZ4kdidEnBIdZl8_3FE9PYoaQTB9Y
Connection: close
Request body:

========================================
2018-08-29 20:25:28 
::1 GET /tourism/public-api/v1/provinces?name=test%20tambah%20provinsi HTTP/1.1
HTTP headers:
Host: localhost
User-Agent: Ticketing-WebApp
Authorization: Bearer eyJ0eXAiOiJKV1QiLCJhbGciOiJIUzI1NiJ9.eyJpYXQiOjE1MzU1NDg4NDAsImp0aSI6InlURzZDT2NVcnJTQzhsZm5GM3p3VlU2N2hkWXhuSVlnRGNmc1RWcDJNV2M9IiwiaXNzIjoiOjoxIiwibmJmIjoxNTM1NTQ4ODQwLCJleHAiOjE1MzU1NTA2NDAsImRhdGEiOnsidXNlcm5hbWUiOiJhZGUiLCJwYXNzd29yZCI6ImI3MDE2NmQyMzU5ZTU1ZmYzNDg0ZjVkNzAyMGM3MGQ4NmQ4OTA3OTYiLCJpcCI6Ijo6MSIsInVzZXJfYWdlbnQiOiJUaWNrZXRpbmctV2ViQXBwIn19.n8sl6_wLOF1H8gLZ4kdidEnBIdZl8_3FE9PYoaQTB9Y
Connection: close
Request body:

========================================
2018-08-29 20:25:43 
::1 POST /tourism/public-api/v1/users/token HTTP/1.1
HTTP headers:
cache-control: no-cache
Postman-Token: 69ab36a2-2642-4cfb-b8bd-4530d33a70de
User-Agent: PostmanRuntime/7.2.0
Accept: */*
Host: localhost
accept-encoding: gzip, deflate
content-type: multipart/form-data; boundary=--------------------------946564922945887005314507
content-length: 276
Connection: keep-alive
Request body:

========================================
2018-08-29 20:26:35 
::1 GET /tourism/public-api/v1/provinces HTTP/1.1
HTTP headers:
Authorization: Bearer eyJ0eXAiOiJKV1QiLCJhbGciOiJIUzI1NiJ9.eyJpYXQiOjE1MzU1NDkxNDMsImp0aSI6IkpGZkFLbitJa2l0TGVjUUQ1K016MWs3WnJyMWZXUEtVWXBsdTVEN1UyaFU9IiwiaXNzIjoiOjoxIiwibmJmIjoxNTM1NTQ5MTQzLCJleHAiOjE1MzU1NTA5NDMsImRhdGEiOnsidXNlcm5hbWUiOiJhZGUiLCJwYXNzd29yZCI6ImI3MDE2NmQyMzU5ZTU1ZmYzNDg0ZjVkNzAyMGM3MGQ4NmQ4OTA3OTYiLCJpcCI6Ijo6MSIsInVzZXJfYWdlbnQiOiJQb3N0bWFuUnVudGltZVwvNy4yLjAifX0.whcstme79r_95Ydwm3T4sXdPzmuo18n6W9XwexUfypE
cache-control: no-cache
Postman-Token: e4e91665-e0e4-420b-b0eb-49c09c747e4c
User-Agent: PostmanRuntime/7.2.0
Accept: */*
Host: localhost
accept-encoding: gzip, deflate
Connection: keep-alive
Request body:

========================================
