2018-08-25 08:56:05 
::1 POST /tourism/public-api/v1/users/token HTTP/1.1
HTTP headers:
Host: localhost
Content-Length: 25
User-Agent: Ticketing-WebApp
Connection: close
Content-Type: application/x-www-form-urlencoded
Request body:
username=ade&password=ade
========================================
2018-08-25 08:56:05 
::1 POST /tourism/public-api/v1/users/token HTTP/1.1
HTTP headers:
Host: localhost
Content-Length: 25
User-Agent: Ticketing-WebApp
Connection: close
Content-Type: application/x-www-form-urlencoded
Request body:
username=ade&password=ade
========================================
2018-08-25 08:56:06 
::1 GET /tourism/public-api/v1/users/1 HTTP/1.1
HTTP headers:
Host: localhost
User-Agent: Ticketing-WebApp
Authorization: Bearer eyJ0eXAiOiJKV1QiLCJhbGciOiJIUzI1NiJ9.eyJpYXQiOjE1MzUxNjIxNjUsImp0aSI6IldXNTZRR1dIY0ZFMG4zWDR0UHI1b2hLN00zNm5CS29OMDh4SzVBZTM4MlU9IiwiaXNzIjoiOjoxIiwibmJmIjoxNTM1MTYyMTY1LCJleHAiOjE1MzUxNjM5NjUsImRhdGEiOnsidXNlcm5hbWUiOiJhZGUiLCJwYXNzd29yZCI6ImI3MDE2NmQyMzU5ZTU1ZmYzNDg0ZjVkNzAyMGM3MGQ4NmQ4OTA3OTYiLCJpcCI6Ijo6MSIsInVzZXJfYWdlbnQiOiJUaWNrZXRpbmctV2ViQXBwIn19.hpoexn1PeXywpWnlbC1aNQbVIyz7IE94hUz1i4ztnq0
Connection: close
Request body:

========================================
2018-08-25 08:56:06 
::1 GET /tourism/public-api/v1/users/1 HTTP/1.1
HTTP headers:
Host: localhost
User-Agent: Ticketing-WebApp
Authorization: Bearer eyJ0eXAiOiJKV1QiLCJhbGciOiJIUzI1NiJ9.eyJpYXQiOjE1MzUxNjIxNjUsImp0aSI6Ikk0MlRJQzlRaHRIajFSTVRyM3drTVhVb0podTl1aVVtUzk4SnY3aCt2U2c9IiwiaXNzIjoiOjoxIiwibmJmIjoxNTM1MTYyMTY1LCJleHAiOjE1MzUxNjM5NjUsImRhdGEiOnsidXNlcm5hbWUiOiJhZGUiLCJwYXNzd29yZCI6ImI3MDE2NmQyMzU5ZTU1ZmYzNDg0ZjVkNzAyMGM3MGQ4NmQ4OTA3OTYiLCJpcCI6Ijo6MSIsInVzZXJfYWdlbnQiOiJUaWNrZXRpbmctV2ViQXBwIn19.8m7rLaL9Fy_Sw6OykyMLDqyBAn1toLDUSvJr0Cqc8zg
Connection: close
Request body:

========================================
2018-08-25 08:56:24 
::1 GET /tourism/public-api/v1/countries/5/continent?limit=1 HTTP/1.1
HTTP headers:
Host: localhost
User-Agent: Ticketing-WebApp
Authorization: Bearer eyJ0eXAiOiJKV1QiLCJhbGciOiJIUzI1NiJ9.eyJpYXQiOjE1MzUxNjIxNjUsImp0aSI6IldXNTZRR1dIY0ZFMG4zWDR0UHI1b2hLN00zNm5CS29OMDh4SzVBZTM4MlU9IiwiaXNzIjoiOjoxIiwibmJmIjoxNTM1MTYyMTY1LCJleHAiOjE1MzUxNjM5NjUsImRhdGEiOnsidXNlcm5hbWUiOiJhZGUiLCJwYXNzd29yZCI6ImI3MDE2NmQyMzU5ZTU1ZmYzNDg0ZjVkNzAyMGM3MGQ4NmQ4OTA3OTYiLCJpcCI6Ijo6MSIsInVzZXJfYWdlbnQiOiJUaWNrZXRpbmctV2ViQXBwIn19.hpoexn1PeXywpWnlbC1aNQbVIyz7IE94hUz1i4ztnq0
Connection: close
Request body:

========================================
2018-08-25 08:56:24 
::1 GET /tourism/public-api/v1/countries/5/continent?limit=6 HTTP/1.1
HTTP headers:
Host: localhost
User-Agent: Ticketing-WebApp
Authorization: Bearer eyJ0eXAiOiJKV1QiLCJhbGciOiJIUzI1NiJ9.eyJpYXQiOjE1MzUxNjIxNjUsImp0aSI6IldXNTZRR1dIY0ZFMG4zWDR0UHI1b2hLN00zNm5CS29OMDh4SzVBZTM4MlU9IiwiaXNzIjoiOjoxIiwibmJmIjoxNTM1MTYyMTY1LCJleHAiOjE1MzUxNjM5NjUsImRhdGEiOnsidXNlcm5hbWUiOiJhZGUiLCJwYXNzd29yZCI6ImI3MDE2NmQyMzU5ZTU1ZmYzNDg0ZjVkNzAyMGM3MGQ4NmQ4OTA3OTYiLCJpcCI6Ijo6MSIsInVzZXJfYWdlbnQiOiJUaWNrZXRpbmctV2ViQXBwIn19.hpoexn1PeXywpWnlbC1aNQbVIyz7IE94hUz1i4ztnq0
Connection: close
Request body:

========================================
2018-08-25 08:56:29 
::1 GET /tourism/public-api/v1/countries/5/continent?limit=1 HTTP/1.1
HTTP headers:
Host: localhost
User-Agent: Ticketing-WebApp
Authorization: Bearer eyJ0eXAiOiJKV1QiLCJhbGciOiJIUzI1NiJ9.eyJpYXQiOjE1MzUxNjIxNjUsImp0aSI6IldXNTZRR1dIY0ZFMG4zWDR0UHI1b2hLN00zNm5CS29OMDh4SzVBZTM4MlU9IiwiaXNzIjoiOjoxIiwibmJmIjoxNTM1MTYyMTY1LCJleHAiOjE1MzUxNjM5NjUsImRhdGEiOnsidXNlcm5hbWUiOiJhZGUiLCJwYXNzd29yZCI6ImI3MDE2NmQyMzU5ZTU1ZmYzNDg0ZjVkNzAyMGM3MGQ4NmQ4OTA3OTYiLCJpcCI6Ijo6MSIsInVzZXJfYWdlbnQiOiJUaWNrZXRpbmctV2ViQXBwIn19.hpoexn1PeXywpWnlbC1aNQbVIyz7IE94hUz1i4ztnq0
Connection: close
Request body:

========================================
2018-08-25 08:56:29 
::1 GET /tourism/public-api/v1/countries/5/continent?limit=6 HTTP/1.1
HTTP headers:
Host: localhost
User-Agent: Ticketing-WebApp
Authorization: Bearer eyJ0eXAiOiJKV1QiLCJhbGciOiJIUzI1NiJ9.eyJpYXQiOjE1MzUxNjIxNjUsImp0aSI6IldXNTZRR1dIY0ZFMG4zWDR0UHI1b2hLN00zNm5CS29OMDh4SzVBZTM4MlU9IiwiaXNzIjoiOjoxIiwibmJmIjoxNTM1MTYyMTY1LCJleHAiOjE1MzUxNjM5NjUsImRhdGEiOnsidXNlcm5hbWUiOiJhZGUiLCJwYXNzd29yZCI6ImI3MDE2NmQyMzU5ZTU1ZmYzNDg0ZjVkNzAyMGM3MGQ4NmQ4OTA3OTYiLCJpcCI6Ijo6MSIsInVzZXJfYWdlbnQiOiJUaWNrZXRpbmctV2ViQXBwIn19.hpoexn1PeXywpWnlbC1aNQbVIyz7IE94hUz1i4ztnq0
Connection: close
Request body:

========================================
2018-08-25 09:26:56 
::1 POST /tourism/public-api/v1/users/token HTTP/1.1
HTTP headers:
Host: localhost
Content-Length: 25
User-Agent: Ticketing-WebApp
Connection: close
Content-Type: application/x-www-form-urlencoded
Request body:
username=ade&password=ade
========================================
2018-08-25 09:26:57 
::1 GET /tourism/public-api/v1/users/1 HTTP/1.1
HTTP headers:
Host: localhost
User-Agent: Ticketing-WebApp
Authorization: Bearer eyJ0eXAiOiJKV1QiLCJhbGciOiJIUzI1NiJ9.eyJpYXQiOjE1MzUxNjQwMTYsImp0aSI6ImRaQUVCOStZeUZiM1pJY2Q2M29NSzYwdXFpcWdLbTdzUnBnYUdmcmxNdkU9IiwiaXNzIjoiOjoxIiwibmJmIjoxNTM1MTY0MDE2LCJleHAiOjE1MzUxNjU4MTYsImRhdGEiOnsidXNlcm5hbWUiOiJhZGUiLCJwYXNzd29yZCI6ImI3MDE2NmQyMzU5ZTU1ZmYzNDg0ZjVkNzAyMGM3MGQ4NmQ4OTA3OTYiLCJpcCI6Ijo6MSIsInVzZXJfYWdlbnQiOiJUaWNrZXRpbmctV2ViQXBwIn19.HyPGNqEhOEL0JQxZ0GE7VNVmNirqFsQw9mvFF4rby1Y
Connection: close
Request body:

========================================
2018-08-25 09:27:07 
::1 GET /tourism/public-api/v1/countries/5/continent?limit=1 HTTP/1.1
HTTP headers:
Host: localhost
User-Agent: Ticketing-WebApp
Authorization: Bearer eyJ0eXAiOiJKV1QiLCJhbGciOiJIUzI1NiJ9.eyJpYXQiOjE1MzUxNjQwMTYsImp0aSI6ImRaQUVCOStZeUZiM1pJY2Q2M29NSzYwdXFpcWdLbTdzUnBnYUdmcmxNdkU9IiwiaXNzIjoiOjoxIiwibmJmIjoxNTM1MTY0MDE2LCJleHAiOjE1MzUxNjU4MTYsImRhdGEiOnsidXNlcm5hbWUiOiJhZGUiLCJwYXNzd29yZCI6ImI3MDE2NmQyMzU5ZTU1ZmYzNDg0ZjVkNzAyMGM3MGQ4NmQ4OTA3OTYiLCJpcCI6Ijo6MSIsInVzZXJfYWdlbnQiOiJUaWNrZXRpbmctV2ViQXBwIn19.HyPGNqEhOEL0JQxZ0GE7VNVmNirqFsQw9mvFF4rby1Y
Connection: close
Request body:

========================================
2018-08-25 09:27:07 
::1 GET /tourism/public-api/v1/countries/5/continent?limit=6 HTTP/1.1
HTTP headers:
Host: localhost
User-Agent: Ticketing-WebApp
Authorization: Bearer eyJ0eXAiOiJKV1QiLCJhbGciOiJIUzI1NiJ9.eyJpYXQiOjE1MzUxNjQwMTYsImp0aSI6ImRaQUVCOStZeUZiM1pJY2Q2M29NSzYwdXFpcWdLbTdzUnBnYUdmcmxNdkU9IiwiaXNzIjoiOjoxIiwibmJmIjoxNTM1MTY0MDE2LCJleHAiOjE1MzUxNjU4MTYsImRhdGEiOnsidXNlcm5hbWUiOiJhZGUiLCJwYXNzd29yZCI6ImI3MDE2NmQyMzU5ZTU1ZmYzNDg0ZjVkNzAyMGM3MGQ4NmQ4OTA3OTYiLCJpcCI6Ijo6MSIsInVzZXJfYWdlbnQiOiJUaWNrZXRpbmctV2ViQXBwIn19.HyPGNqEhOEL0JQxZ0GE7VNVmNirqFsQw9mvFF4rby1Y
Connection: close
Request body:

========================================
2018-08-25 09:27:17 
::1 GET /tourism/public-api/v1/countries/5/continent?limit=1 HTTP/1.1
HTTP headers:
Host: localhost
User-Agent: Ticketing-WebApp
Authorization: Bearer eyJ0eXAiOiJKV1QiLCJhbGciOiJIUzI1NiJ9.eyJpYXQiOjE1MzUxNjQwMTYsImp0aSI6ImRaQUVCOStZeUZiM1pJY2Q2M29NSzYwdXFpcWdLbTdzUnBnYUdmcmxNdkU9IiwiaXNzIjoiOjoxIiwibmJmIjoxNTM1MTY0MDE2LCJleHAiOjE1MzUxNjU4MTYsImRhdGEiOnsidXNlcm5hbWUiOiJhZGUiLCJwYXNzd29yZCI6ImI3MDE2NmQyMzU5ZTU1ZmYzNDg0ZjVkNzAyMGM3MGQ4NmQ4OTA3OTYiLCJpcCI6Ijo6MSIsInVzZXJfYWdlbnQiOiJUaWNrZXRpbmctV2ViQXBwIn19.HyPGNqEhOEL0JQxZ0GE7VNVmNirqFsQw9mvFF4rby1Y
Connection: close
Request body:

========================================
2018-08-25 09:27:17 
::1 GET /tourism/public-api/v1/countries/5/continent?limit=6 HTTP/1.1
HTTP headers:
Host: localhost
User-Agent: Ticketing-WebApp
Authorization: Bearer eyJ0eXAiOiJKV1QiLCJhbGciOiJIUzI1NiJ9.eyJpYXQiOjE1MzUxNjQwMTYsImp0aSI6ImRaQUVCOStZeUZiM1pJY2Q2M29NSzYwdXFpcWdLbTdzUnBnYUdmcmxNdkU9IiwiaXNzIjoiOjoxIiwibmJmIjoxNTM1MTY0MDE2LCJleHAiOjE1MzUxNjU4MTYsImRhdGEiOnsidXNlcm5hbWUiOiJhZGUiLCJwYXNzd29yZCI6ImI3MDE2NmQyMzU5ZTU1ZmYzNDg0ZjVkNzAyMGM3MGQ4NmQ4OTA3OTYiLCJpcCI6Ijo6MSIsInVzZXJfYWdlbnQiOiJUaWNrZXRpbmctV2ViQXBwIn19.HyPGNqEhOEL0JQxZ0GE7VNVmNirqFsQw9mvFF4rby1Y
Connection: close
Request body:

========================================
2018-08-25 09:27:22 
::1 GET /tourism/public-api/v1/countries/5/continent?limit=1 HTTP/1.1
HTTP headers:
Host: localhost
User-Agent: Ticketing-WebApp
Authorization: Bearer eyJ0eXAiOiJKV1QiLCJhbGciOiJIUzI1NiJ9.eyJpYXQiOjE1MzUxNjQwMTYsImp0aSI6ImRaQUVCOStZeUZiM1pJY2Q2M29NSzYwdXFpcWdLbTdzUnBnYUdmcmxNdkU9IiwiaXNzIjoiOjoxIiwibmJmIjoxNTM1MTY0MDE2LCJleHAiOjE1MzUxNjU4MTYsImRhdGEiOnsidXNlcm5hbWUiOiJhZGUiLCJwYXNzd29yZCI6ImI3MDE2NmQyMzU5ZTU1ZmYzNDg0ZjVkNzAyMGM3MGQ4NmQ4OTA3OTYiLCJpcCI6Ijo6MSIsInVzZXJfYWdlbnQiOiJUaWNrZXRpbmctV2ViQXBwIn19.HyPGNqEhOEL0JQxZ0GE7VNVmNirqFsQw9mvFF4rby1Y
Connection: close
Request body:

========================================
2018-08-25 09:27:22 
::1 GET /tourism/public-api/v1/countries/5/continent?limit=6 HTTP/1.1
HTTP headers:
Host: localhost
User-Agent: Ticketing-WebApp
Authorization: Bearer eyJ0eXAiOiJKV1QiLCJhbGciOiJIUzI1NiJ9.eyJpYXQiOjE1MzUxNjQwMTYsImp0aSI6ImRaQUVCOStZeUZiM1pJY2Q2M29NSzYwdXFpcWdLbTdzUnBnYUdmcmxNdkU9IiwiaXNzIjoiOjoxIiwibmJmIjoxNTM1MTY0MDE2LCJleHAiOjE1MzUxNjU4MTYsImRhdGEiOnsidXNlcm5hbWUiOiJhZGUiLCJwYXNzd29yZCI6ImI3MDE2NmQyMzU5ZTU1ZmYzNDg0ZjVkNzAyMGM3MGQ4NmQ4OTA3OTYiLCJpcCI6Ijo6MSIsInVzZXJfYWdlbnQiOiJUaWNrZXRpbmctV2ViQXBwIn19.HyPGNqEhOEL0JQxZ0GE7VNVmNirqFsQw9mvFF4rby1Y
Connection: close
Request body:

========================================
2018-08-25 09:27:24 
::1 GET /tourism/public-api/v1/countries/5/continent?limit=1 HTTP/1.1
HTTP headers:
Host: localhost
User-Agent: Ticketing-WebApp
Authorization: Bearer eyJ0eXAiOiJKV1QiLCJhbGciOiJIUzI1NiJ9.eyJpYXQiOjE1MzUxNjQwMTYsImp0aSI6ImRaQUVCOStZeUZiM1pJY2Q2M29NSzYwdXFpcWdLbTdzUnBnYUdmcmxNdkU9IiwiaXNzIjoiOjoxIiwibmJmIjoxNTM1MTY0MDE2LCJleHAiOjE1MzUxNjU4MTYsImRhdGEiOnsidXNlcm5hbWUiOiJhZGUiLCJwYXNzd29yZCI6ImI3MDE2NmQyMzU5ZTU1ZmYzNDg0ZjVkNzAyMGM3MGQ4NmQ4OTA3OTYiLCJpcCI6Ijo6MSIsInVzZXJfYWdlbnQiOiJUaWNrZXRpbmctV2ViQXBwIn19.HyPGNqEhOEL0JQxZ0GE7VNVmNirqFsQw9mvFF4rby1Y
Connection: close
Request body:

========================================
2018-08-25 09:27:24 
::1 GET /tourism/public-api/v1/countries/5/continent?limit=6 HTTP/1.1
HTTP headers:
Host: localhost
User-Agent: Ticketing-WebApp
Authorization: Bearer eyJ0eXAiOiJKV1QiLCJhbGciOiJIUzI1NiJ9.eyJpYXQiOjE1MzUxNjQwMTYsImp0aSI6ImRaQUVCOStZeUZiM1pJY2Q2M29NSzYwdXFpcWdLbTdzUnBnYUdmcmxNdkU9IiwiaXNzIjoiOjoxIiwibmJmIjoxNTM1MTY0MDE2LCJleHAiOjE1MzUxNjU4MTYsImRhdGEiOnsidXNlcm5hbWUiOiJhZGUiLCJwYXNzd29yZCI6ImI3MDE2NmQyMzU5ZTU1ZmYzNDg0ZjVkNzAyMGM3MGQ4NmQ4OTA3OTYiLCJpcCI6Ijo6MSIsInVzZXJfYWdlbnQiOiJUaWNrZXRpbmctV2ViQXBwIn19.HyPGNqEhOEL0JQxZ0GE7VNVmNirqFsQw9mvFF4rby1Y
Connection: close
Request body:

========================================
2018-08-25 09:43:21 
::1 GET /tourism/public-api/v1/countries/5/continent?limit=1 HTTP/1.1
HTTP headers:
Host: localhost
User-Agent: Ticketing-WebApp
Authorization: Bearer eyJ0eXAiOiJKV1QiLCJhbGciOiJIUzI1NiJ9.eyJpYXQiOjE1MzUxNjQwMTYsImp0aSI6ImRaQUVCOStZeUZiM1pJY2Q2M29NSzYwdXFpcWdLbTdzUnBnYUdmcmxNdkU9IiwiaXNzIjoiOjoxIiwibmJmIjoxNTM1MTY0MDE2LCJleHAiOjE1MzUxNjU4MTYsImRhdGEiOnsidXNlcm5hbWUiOiJhZGUiLCJwYXNzd29yZCI6ImI3MDE2NmQyMzU5ZTU1ZmYzNDg0ZjVkNzAyMGM3MGQ4NmQ4OTA3OTYiLCJpcCI6Ijo6MSIsInVzZXJfYWdlbnQiOiJUaWNrZXRpbmctV2ViQXBwIn19.HyPGNqEhOEL0JQxZ0GE7VNVmNirqFsQw9mvFF4rby1Y
Connection: close
Request body:

========================================
2018-08-25 09:43:21 
::1 GET /tourism/public-api/v1/countries/5/continent?limit=6 HTTP/1.1
HTTP headers:
Host: localhost
User-Agent: Ticketing-WebApp
Authorization: Bearer eyJ0eXAiOiJKV1QiLCJhbGciOiJIUzI1NiJ9.eyJpYXQiOjE1MzUxNjQwMTYsImp0aSI6ImRaQUVCOStZeUZiM1pJY2Q2M29NSzYwdXFpcWdLbTdzUnBnYUdmcmxNdkU9IiwiaXNzIjoiOjoxIiwibmJmIjoxNTM1MTY0MDE2LCJleHAiOjE1MzUxNjU4MTYsImRhdGEiOnsidXNlcm5hbWUiOiJhZGUiLCJwYXNzd29yZCI6ImI3MDE2NmQyMzU5ZTU1ZmYzNDg0ZjVkNzAyMGM3MGQ4NmQ4OTA3OTYiLCJpcCI6Ijo6MSIsInVzZXJfYWdlbnQiOiJUaWNrZXRpbmctV2ViQXBwIn19.HyPGNqEhOEL0JQxZ0GE7VNVmNirqFsQw9mvFF4rby1Y
Connection: close
Request body:

========================================
2018-08-25 09:43:24 
::1 GET /tourism/public-api/v1/countries/5/continent?limit=1 HTTP/1.1
HTTP headers:
Host: localhost
User-Agent: Ticketing-WebApp
Authorization: Bearer eyJ0eXAiOiJKV1QiLCJhbGciOiJIUzI1NiJ9.eyJpYXQiOjE1MzUxNjQwMTYsImp0aSI6ImRaQUVCOStZeUZiM1pJY2Q2M29NSzYwdXFpcWdLbTdzUnBnYUdmcmxNdkU9IiwiaXNzIjoiOjoxIiwibmJmIjoxNTM1MTY0MDE2LCJleHAiOjE1MzUxNjU4MTYsImRhdGEiOnsidXNlcm5hbWUiOiJhZGUiLCJwYXNzd29yZCI6ImI3MDE2NmQyMzU5ZTU1ZmYzNDg0ZjVkNzAyMGM3MGQ4NmQ4OTA3OTYiLCJpcCI6Ijo6MSIsInVzZXJfYWdlbnQiOiJUaWNrZXRpbmctV2ViQXBwIn19.HyPGNqEhOEL0JQxZ0GE7VNVmNirqFsQw9mvFF4rby1Y
Connection: close
Request body:

========================================
2018-08-25 09:43:24 
::1 GET /tourism/public-api/v1/countries/5/continent?limit=6 HTTP/1.1
HTTP headers:
Host: localhost
User-Agent: Ticketing-WebApp
Authorization: Bearer eyJ0eXAiOiJKV1QiLCJhbGciOiJIUzI1NiJ9.eyJpYXQiOjE1MzUxNjQwMTYsImp0aSI6ImRaQUVCOStZeUZiM1pJY2Q2M29NSzYwdXFpcWdLbTdzUnBnYUdmcmxNdkU9IiwiaXNzIjoiOjoxIiwibmJmIjoxNTM1MTY0MDE2LCJleHAiOjE1MzUxNjU4MTYsImRhdGEiOnsidXNlcm5hbWUiOiJhZGUiLCJwYXNzd29yZCI6ImI3MDE2NmQyMzU5ZTU1ZmYzNDg0ZjVkNzAyMGM3MGQ4NmQ4OTA3OTYiLCJpcCI6Ijo6MSIsInVzZXJfYWdlbnQiOiJUaWNrZXRpbmctV2ViQXBwIn19.HyPGNqEhOEL0JQxZ0GE7VNVmNirqFsQw9mvFF4rby1Y
Connection: close
Request body:

========================================
2018-08-25 09:43:32 
::1 GET /tourism/public-api/v1/countries/5/continent?limit=1 HTTP/1.1
HTTP headers:
Host: localhost
User-Agent: Ticketing-WebApp
Authorization: Bearer eyJ0eXAiOiJKV1QiLCJhbGciOiJIUzI1NiJ9.eyJpYXQiOjE1MzUxNjQwMTYsImp0aSI6ImRaQUVCOStZeUZiM1pJY2Q2M29NSzYwdXFpcWdLbTdzUnBnYUdmcmxNdkU9IiwiaXNzIjoiOjoxIiwibmJmIjoxNTM1MTY0MDE2LCJleHAiOjE1MzUxNjU4MTYsImRhdGEiOnsidXNlcm5hbWUiOiJhZGUiLCJwYXNzd29yZCI6ImI3MDE2NmQyMzU5ZTU1ZmYzNDg0ZjVkNzAyMGM3MGQ4NmQ4OTA3OTYiLCJpcCI6Ijo6MSIsInVzZXJfYWdlbnQiOiJUaWNrZXRpbmctV2ViQXBwIn19.HyPGNqEhOEL0JQxZ0GE7VNVmNirqFsQw9mvFF4rby1Y
Connection: close
Request body:

========================================
2018-08-25 09:43:32 
::1 GET /tourism/public-api/v1/countries/5/continent?limit=6 HTTP/1.1
HTTP headers:
Host: localhost
User-Agent: Ticketing-WebApp
Authorization: Bearer eyJ0eXAiOiJKV1QiLCJhbGciOiJIUzI1NiJ9.eyJpYXQiOjE1MzUxNjQwMTYsImp0aSI6ImRaQUVCOStZeUZiM1pJY2Q2M29NSzYwdXFpcWdLbTdzUnBnYUdmcmxNdkU9IiwiaXNzIjoiOjoxIiwibmJmIjoxNTM1MTY0MDE2LCJleHAiOjE1MzUxNjU4MTYsImRhdGEiOnsidXNlcm5hbWUiOiJhZGUiLCJwYXNzd29yZCI6ImI3MDE2NmQyMzU5ZTU1ZmYzNDg0ZjVkNzAyMGM3MGQ4NmQ4OTA3OTYiLCJpcCI6Ijo6MSIsInVzZXJfYWdlbnQiOiJUaWNrZXRpbmctV2ViQXBwIn19.HyPGNqEhOEL0JQxZ0GE7VNVmNirqFsQw9mvFF4rby1Y
Connection: close
Request body:

========================================
2018-08-25 09:43:34 
::1 GET /tourism/public-api/v1/countries/5/continent?limit=1 HTTP/1.1
HTTP headers:
Host: localhost
User-Agent: Ticketing-WebApp
Authorization: Bearer eyJ0eXAiOiJKV1QiLCJhbGciOiJIUzI1NiJ9.eyJpYXQiOjE1MzUxNjQwMTYsImp0aSI6ImRaQUVCOStZeUZiM1pJY2Q2M29NSzYwdXFpcWdLbTdzUnBnYUdmcmxNdkU9IiwiaXNzIjoiOjoxIiwibmJmIjoxNTM1MTY0MDE2LCJleHAiOjE1MzUxNjU4MTYsImRhdGEiOnsidXNlcm5hbWUiOiJhZGUiLCJwYXNzd29yZCI6ImI3MDE2NmQyMzU5ZTU1ZmYzNDg0ZjVkNzAyMGM3MGQ4NmQ4OTA3OTYiLCJpcCI6Ijo6MSIsInVzZXJfYWdlbnQiOiJUaWNrZXRpbmctV2ViQXBwIn19.HyPGNqEhOEL0JQxZ0GE7VNVmNirqFsQw9mvFF4rby1Y
Connection: close
Request body:

========================================
2018-08-25 09:43:34 
::1 GET /tourism/public-api/v1/countries/5/continent?limit=6 HTTP/1.1
HTTP headers:
Host: localhost
User-Agent: Ticketing-WebApp
Authorization: Bearer eyJ0eXAiOiJKV1QiLCJhbGciOiJIUzI1NiJ9.eyJpYXQiOjE1MzUxNjQwMTYsImp0aSI6ImRaQUVCOStZeUZiM1pJY2Q2M29NSzYwdXFpcWdLbTdzUnBnYUdmcmxNdkU9IiwiaXNzIjoiOjoxIiwibmJmIjoxNTM1MTY0MDE2LCJleHAiOjE1MzUxNjU4MTYsImRhdGEiOnsidXNlcm5hbWUiOiJhZGUiLCJwYXNzd29yZCI6ImI3MDE2NmQyMzU5ZTU1ZmYzNDg0ZjVkNzAyMGM3MGQ4NmQ4OTA3OTYiLCJpcCI6Ijo6MSIsInVzZXJfYWdlbnQiOiJUaWNrZXRpbmctV2ViQXBwIn19.HyPGNqEhOEL0JQxZ0GE7VNVmNirqFsQw9mvFF4rby1Y
Connection: close
Request body:

========================================
2018-08-25 09:43:55 
::1 GET /tourism/public-api/v1/countries/5/continent?limit=1 HTTP/1.1
HTTP headers:
Host: localhost
User-Agent: Ticketing-WebApp
Authorization: Bearer eyJ0eXAiOiJKV1QiLCJhbGciOiJIUzI1NiJ9.eyJpYXQiOjE1MzUxNjQwMTYsImp0aSI6ImRaQUVCOStZeUZiM1pJY2Q2M29NSzYwdXFpcWdLbTdzUnBnYUdmcmxNdkU9IiwiaXNzIjoiOjoxIiwibmJmIjoxNTM1MTY0MDE2LCJleHAiOjE1MzUxNjU4MTYsImRhdGEiOnsidXNlcm5hbWUiOiJhZGUiLCJwYXNzd29yZCI6ImI3MDE2NmQyMzU5ZTU1ZmYzNDg0ZjVkNzAyMGM3MGQ4NmQ4OTA3OTYiLCJpcCI6Ijo6MSIsInVzZXJfYWdlbnQiOiJUaWNrZXRpbmctV2ViQXBwIn19.HyPGNqEhOEL0JQxZ0GE7VNVmNirqFsQw9mvFF4rby1Y
Connection: close
Request body:

========================================
2018-08-25 09:43:55 
::1 GET /tourism/public-api/v1/countries/5/continent?limit=6 HTTP/1.1
HTTP headers:
Host: localhost
User-Agent: Ticketing-WebApp
Authorization: Bearer eyJ0eXAiOiJKV1QiLCJhbGciOiJIUzI1NiJ9.eyJpYXQiOjE1MzUxNjQwMTYsImp0aSI6ImRaQUVCOStZeUZiM1pJY2Q2M29NSzYwdXFpcWdLbTdzUnBnYUdmcmxNdkU9IiwiaXNzIjoiOjoxIiwibmJmIjoxNTM1MTY0MDE2LCJleHAiOjE1MzUxNjU4MTYsImRhdGEiOnsidXNlcm5hbWUiOiJhZGUiLCJwYXNzd29yZCI6ImI3MDE2NmQyMzU5ZTU1ZmYzNDg0ZjVkNzAyMGM3MGQ4NmQ4OTA3OTYiLCJpcCI6Ijo6MSIsInVzZXJfYWdlbnQiOiJUaWNrZXRpbmctV2ViQXBwIn19.HyPGNqEhOEL0JQxZ0GE7VNVmNirqFsQw9mvFF4rby1Y
Connection: close
Request body:

========================================
2018-08-25 09:43:59 
::1 GET /tourism/public-api/v1/countries/5/continent?limit=1 HTTP/1.1
HTTP headers:
Host: localhost
User-Agent: Ticketing-WebApp
Authorization: Bearer eyJ0eXAiOiJKV1QiLCJhbGciOiJIUzI1NiJ9.eyJpYXQiOjE1MzUxNjQwMTYsImp0aSI6ImRaQUVCOStZeUZiM1pJY2Q2M29NSzYwdXFpcWdLbTdzUnBnYUdmcmxNdkU9IiwiaXNzIjoiOjoxIiwibmJmIjoxNTM1MTY0MDE2LCJleHAiOjE1MzUxNjU4MTYsImRhdGEiOnsidXNlcm5hbWUiOiJhZGUiLCJwYXNzd29yZCI6ImI3MDE2NmQyMzU5ZTU1ZmYzNDg0ZjVkNzAyMGM3MGQ4NmQ4OTA3OTYiLCJpcCI6Ijo6MSIsInVzZXJfYWdlbnQiOiJUaWNrZXRpbmctV2ViQXBwIn19.HyPGNqEhOEL0JQxZ0GE7VNVmNirqFsQw9mvFF4rby1Y
Connection: close
Request body:

========================================
2018-08-25 09:43:59 
::1 GET /tourism/public-api/v1/countries/5/continent?limit=6 HTTP/1.1
HTTP headers:
Host: localhost
User-Agent: Ticketing-WebApp
Authorization: Bearer eyJ0eXAiOiJKV1QiLCJhbGciOiJIUzI1NiJ9.eyJpYXQiOjE1MzUxNjQwMTYsImp0aSI6ImRaQUVCOStZeUZiM1pJY2Q2M29NSzYwdXFpcWdLbTdzUnBnYUdmcmxNdkU9IiwiaXNzIjoiOjoxIiwibmJmIjoxNTM1MTY0MDE2LCJleHAiOjE1MzUxNjU4MTYsImRhdGEiOnsidXNlcm5hbWUiOiJhZGUiLCJwYXNzd29yZCI6ImI3MDE2NmQyMzU5ZTU1ZmYzNDg0ZjVkNzAyMGM3MGQ4NmQ4OTA3OTYiLCJpcCI6Ijo6MSIsInVzZXJfYWdlbnQiOiJUaWNrZXRpbmctV2ViQXBwIn19.HyPGNqEhOEL0JQxZ0GE7VNVmNirqFsQw9mvFF4rby1Y
Connection: close
Request body:

========================================
2018-08-25 09:44:01 
::1 GET /tourism/public-api/v1/countries/5/continent?limit=1 HTTP/1.1
HTTP headers:
Host: localhost
User-Agent: Ticketing-WebApp
Authorization: Bearer eyJ0eXAiOiJKV1QiLCJhbGciOiJIUzI1NiJ9.eyJpYXQiOjE1MzUxNjQwMTYsImp0aSI6ImRaQUVCOStZeUZiM1pJY2Q2M29NSzYwdXFpcWdLbTdzUnBnYUdmcmxNdkU9IiwiaXNzIjoiOjoxIiwibmJmIjoxNTM1MTY0MDE2LCJleHAiOjE1MzUxNjU4MTYsImRhdGEiOnsidXNlcm5hbWUiOiJhZGUiLCJwYXNzd29yZCI6ImI3MDE2NmQyMzU5ZTU1ZmYzNDg0ZjVkNzAyMGM3MGQ4NmQ4OTA3OTYiLCJpcCI6Ijo6MSIsInVzZXJfYWdlbnQiOiJUaWNrZXRpbmctV2ViQXBwIn19.HyPGNqEhOEL0JQxZ0GE7VNVmNirqFsQw9mvFF4rby1Y
Connection: close
Request body:

========================================
2018-08-25 09:44:01 
::1 GET /tourism/public-api/v1/countries/5/continent?limit=6 HTTP/1.1
HTTP headers:
Host: localhost
User-Agent: Ticketing-WebApp
Authorization: Bearer eyJ0eXAiOiJKV1QiLCJhbGciOiJIUzI1NiJ9.eyJpYXQiOjE1MzUxNjQwMTYsImp0aSI6ImRaQUVCOStZeUZiM1pJY2Q2M29NSzYwdXFpcWdLbTdzUnBnYUdmcmxNdkU9IiwiaXNzIjoiOjoxIiwibmJmIjoxNTM1MTY0MDE2LCJleHAiOjE1MzUxNjU4MTYsImRhdGEiOnsidXNlcm5hbWUiOiJhZGUiLCJwYXNzd29yZCI6ImI3MDE2NmQyMzU5ZTU1ZmYzNDg0ZjVkNzAyMGM3MGQ4NmQ4OTA3OTYiLCJpcCI6Ijo6MSIsInVzZXJfYWdlbnQiOiJUaWNrZXRpbmctV2ViQXBwIn19.HyPGNqEhOEL0JQxZ0GE7VNVmNirqFsQw9mvFF4rby1Y
Connection: close
Request body:

========================================
2018-08-25 09:44:05 
::1 GET /tourism/public-api/v1/countries/5/continent?limit=1 HTTP/1.1
HTTP headers:
Host: localhost
User-Agent: Ticketing-WebApp
Authorization: Bearer eyJ0eXAiOiJKV1QiLCJhbGciOiJIUzI1NiJ9.eyJpYXQiOjE1MzUxNjQwMTYsImp0aSI6ImRaQUVCOStZeUZiM1pJY2Q2M29NSzYwdXFpcWdLbTdzUnBnYUdmcmxNdkU9IiwiaXNzIjoiOjoxIiwibmJmIjoxNTM1MTY0MDE2LCJleHAiOjE1MzUxNjU4MTYsImRhdGEiOnsidXNlcm5hbWUiOiJhZGUiLCJwYXNzd29yZCI6ImI3MDE2NmQyMzU5ZTU1ZmYzNDg0ZjVkNzAyMGM3MGQ4NmQ4OTA3OTYiLCJpcCI6Ijo6MSIsInVzZXJfYWdlbnQiOiJUaWNrZXRpbmctV2ViQXBwIn19.HyPGNqEhOEL0JQxZ0GE7VNVmNirqFsQw9mvFF4rby1Y
Connection: close
Request body:

========================================
2018-08-25 09:44:06 
::1 GET /tourism/public-api/v1/countries/5/continent?limit=6 HTTP/1.1
HTTP headers:
Host: localhost
User-Agent: Ticketing-WebApp
Authorization: Bearer eyJ0eXAiOiJKV1QiLCJhbGciOiJIUzI1NiJ9.eyJpYXQiOjE1MzUxNjQwMTYsImp0aSI6ImRaQUVCOStZeUZiM1pJY2Q2M29NSzYwdXFpcWdLbTdzUnBnYUdmcmxNdkU9IiwiaXNzIjoiOjoxIiwibmJmIjoxNTM1MTY0MDE2LCJleHAiOjE1MzUxNjU4MTYsImRhdGEiOnsidXNlcm5hbWUiOiJhZGUiLCJwYXNzd29yZCI6ImI3MDE2NmQyMzU5ZTU1ZmYzNDg0ZjVkNzAyMGM3MGQ4NmQ4OTA3OTYiLCJpcCI6Ijo6MSIsInVzZXJfYWdlbnQiOiJUaWNrZXRpbmctV2ViQXBwIn19.HyPGNqEhOEL0JQxZ0GE7VNVmNirqFsQw9mvFF4rby1Y
Connection: close
Request body:

========================================
2018-08-25 09:44:09 
::1 GET /tourism/public-api/v1/countries/5/continent?limit=1 HTTP/1.1
HTTP headers:
Host: localhost
User-Agent: Ticketing-WebApp
Authorization: Bearer eyJ0eXAiOiJKV1QiLCJhbGciOiJIUzI1NiJ9.eyJpYXQiOjE1MzUxNjQwMTYsImp0aSI6ImRaQUVCOStZeUZiM1pJY2Q2M29NSzYwdXFpcWdLbTdzUnBnYUdmcmxNdkU9IiwiaXNzIjoiOjoxIiwibmJmIjoxNTM1MTY0MDE2LCJleHAiOjE1MzUxNjU4MTYsImRhdGEiOnsidXNlcm5hbWUiOiJhZGUiLCJwYXNzd29yZCI6ImI3MDE2NmQyMzU5ZTU1ZmYzNDg0ZjVkNzAyMGM3MGQ4NmQ4OTA3OTYiLCJpcCI6Ijo6MSIsInVzZXJfYWdlbnQiOiJUaWNrZXRpbmctV2ViQXBwIn19.HyPGNqEhOEL0JQxZ0GE7VNVmNirqFsQw9mvFF4rby1Y
Connection: close
Request body:

========================================
2018-08-25 09:44:09 
::1 GET /tourism/public-api/v1/countries/5/continent?limit=6 HTTP/1.1
HTTP headers:
Host: localhost
User-Agent: Ticketing-WebApp
Authorization: Bearer eyJ0eXAiOiJKV1QiLCJhbGciOiJIUzI1NiJ9.eyJpYXQiOjE1MzUxNjQwMTYsImp0aSI6ImRaQUVCOStZeUZiM1pJY2Q2M29NSzYwdXFpcWdLbTdzUnBnYUdmcmxNdkU9IiwiaXNzIjoiOjoxIiwibmJmIjoxNTM1MTY0MDE2LCJleHAiOjE1MzUxNjU4MTYsImRhdGEiOnsidXNlcm5hbWUiOiJhZGUiLCJwYXNzd29yZCI6ImI3MDE2NmQyMzU5ZTU1ZmYzNDg0ZjVkNzAyMGM3MGQ4NmQ4OTA3OTYiLCJpcCI6Ijo6MSIsInVzZXJfYWdlbnQiOiJUaWNrZXRpbmctV2ViQXBwIn19.HyPGNqEhOEL0JQxZ0GE7VNVmNirqFsQw9mvFF4rby1Y
Connection: close
Request body:

========================================
2018-08-25 09:44:33 
::1 GET /tourism/public-api/v1/countries/5/continent?limit=1 HTTP/1.1
HTTP headers:
Host: localhost
User-Agent: Ticketing-WebApp
Authorization: Bearer eyJ0eXAiOiJKV1QiLCJhbGciOiJIUzI1NiJ9.eyJpYXQiOjE1MzUxNjQwMTYsImp0aSI6ImRaQUVCOStZeUZiM1pJY2Q2M29NSzYwdXFpcWdLbTdzUnBnYUdmcmxNdkU9IiwiaXNzIjoiOjoxIiwibmJmIjoxNTM1MTY0MDE2LCJleHAiOjE1MzUxNjU4MTYsImRhdGEiOnsidXNlcm5hbWUiOiJhZGUiLCJwYXNzd29yZCI6ImI3MDE2NmQyMzU5ZTU1ZmYzNDg0ZjVkNzAyMGM3MGQ4NmQ4OTA3OTYiLCJpcCI6Ijo6MSIsInVzZXJfYWdlbnQiOiJUaWNrZXRpbmctV2ViQXBwIn19.HyPGNqEhOEL0JQxZ0GE7VNVmNirqFsQw9mvFF4rby1Y
Connection: close
Request body:

========================================
2018-08-25 09:44:33 
::1 GET /tourism/public-api/v1/countries/5/continent?limit=6 HTTP/1.1
HTTP headers:
Host: localhost
User-Agent: Ticketing-WebApp
Authorization: Bearer eyJ0eXAiOiJKV1QiLCJhbGciOiJIUzI1NiJ9.eyJpYXQiOjE1MzUxNjQwMTYsImp0aSI6ImRaQUVCOStZeUZiM1pJY2Q2M29NSzYwdXFpcWdLbTdzUnBnYUdmcmxNdkU9IiwiaXNzIjoiOjoxIiwibmJmIjoxNTM1MTY0MDE2LCJleHAiOjE1MzUxNjU4MTYsImRhdGEiOnsidXNlcm5hbWUiOiJhZGUiLCJwYXNzd29yZCI6ImI3MDE2NmQyMzU5ZTU1ZmYzNDg0ZjVkNzAyMGM3MGQ4NmQ4OTA3OTYiLCJpcCI6Ijo6MSIsInVzZXJfYWdlbnQiOiJUaWNrZXRpbmctV2ViQXBwIn19.HyPGNqEhOEL0JQxZ0GE7VNVmNirqFsQw9mvFF4rby1Y
Connection: close
Request body:

========================================
2018-08-25 09:45:04 
::1 GET /tourism/public-api/v1/countries/5/continent?limit=1 HTTP/1.1
HTTP headers:
Host: localhost
User-Agent: Ticketing-WebApp
Authorization: Bearer eyJ0eXAiOiJKV1QiLCJhbGciOiJIUzI1NiJ9.eyJpYXQiOjE1MzUxNjQwMTYsImp0aSI6ImRaQUVCOStZeUZiM1pJY2Q2M29NSzYwdXFpcWdLbTdzUnBnYUdmcmxNdkU9IiwiaXNzIjoiOjoxIiwibmJmIjoxNTM1MTY0MDE2LCJleHAiOjE1MzUxNjU4MTYsImRhdGEiOnsidXNlcm5hbWUiOiJhZGUiLCJwYXNzd29yZCI6ImI3MDE2NmQyMzU5ZTU1ZmYzNDg0ZjVkNzAyMGM3MGQ4NmQ4OTA3OTYiLCJpcCI6Ijo6MSIsInVzZXJfYWdlbnQiOiJUaWNrZXRpbmctV2ViQXBwIn19.HyPGNqEhOEL0JQxZ0GE7VNVmNirqFsQw9mvFF4rby1Y
Connection: close
Request body:

========================================
2018-08-25 09:45:04 
::1 GET /tourism/public-api/v1/countries/5/continent?limit=6 HTTP/1.1
HTTP headers:
Host: localhost
User-Agent: Ticketing-WebApp
Authorization: Bearer eyJ0eXAiOiJKV1QiLCJhbGciOiJIUzI1NiJ9.eyJpYXQiOjE1MzUxNjQwMTYsImp0aSI6ImRaQUVCOStZeUZiM1pJY2Q2M29NSzYwdXFpcWdLbTdzUnBnYUdmcmxNdkU9IiwiaXNzIjoiOjoxIiwibmJmIjoxNTM1MTY0MDE2LCJleHAiOjE1MzUxNjU4MTYsImRhdGEiOnsidXNlcm5hbWUiOiJhZGUiLCJwYXNzd29yZCI6ImI3MDE2NmQyMzU5ZTU1ZmYzNDg0ZjVkNzAyMGM3MGQ4NmQ4OTA3OTYiLCJpcCI6Ijo6MSIsInVzZXJfYWdlbnQiOiJUaWNrZXRpbmctV2ViQXBwIn19.HyPGNqEhOEL0JQxZ0GE7VNVmNirqFsQw9mvFF4rby1Y
Connection: close
Request body:

========================================
2018-08-25 09:45:06 
::1 GET /tourism/public-api/v1/countries/5/continent?limit=1 HTTP/1.1
HTTP headers:
Host: localhost
User-Agent: Ticketing-WebApp
Authorization: Bearer eyJ0eXAiOiJKV1QiLCJhbGciOiJIUzI1NiJ9.eyJpYXQiOjE1MzUxNjQwMTYsImp0aSI6ImRaQUVCOStZeUZiM1pJY2Q2M29NSzYwdXFpcWdLbTdzUnBnYUdmcmxNdkU9IiwiaXNzIjoiOjoxIiwibmJmIjoxNTM1MTY0MDE2LCJleHAiOjE1MzUxNjU4MTYsImRhdGEiOnsidXNlcm5hbWUiOiJhZGUiLCJwYXNzd29yZCI6ImI3MDE2NmQyMzU5ZTU1ZmYzNDg0ZjVkNzAyMGM3MGQ4NmQ4OTA3OTYiLCJpcCI6Ijo6MSIsInVzZXJfYWdlbnQiOiJUaWNrZXRpbmctV2ViQXBwIn19.HyPGNqEhOEL0JQxZ0GE7VNVmNirqFsQw9mvFF4rby1Y
Connection: close
Request body:

========================================
2018-08-25 09:45:06 
::1 GET /tourism/public-api/v1/countries/5/continent?limit=6 HTTP/1.1
HTTP headers:
Host: localhost
User-Agent: Ticketing-WebApp
Authorization: Bearer eyJ0eXAiOiJKV1QiLCJhbGciOiJIUzI1NiJ9.eyJpYXQiOjE1MzUxNjQwMTYsImp0aSI6ImRaQUVCOStZeUZiM1pJY2Q2M29NSzYwdXFpcWdLbTdzUnBnYUdmcmxNdkU9IiwiaXNzIjoiOjoxIiwibmJmIjoxNTM1MTY0MDE2LCJleHAiOjE1MzUxNjU4MTYsImRhdGEiOnsidXNlcm5hbWUiOiJhZGUiLCJwYXNzd29yZCI6ImI3MDE2NmQyMzU5ZTU1ZmYzNDg0ZjVkNzAyMGM3MGQ4NmQ4OTA3OTYiLCJpcCI6Ijo6MSIsInVzZXJfYWdlbnQiOiJUaWNrZXRpbmctV2ViQXBwIn19.HyPGNqEhOEL0JQxZ0GE7VNVmNirqFsQw9mvFF4rby1Y
Connection: close
Request body:

========================================
2018-08-25 10:22:03 
::1 POST /tourism/public-api/v1/users/token HTTP/1.1
HTTP headers:
cache-control: no-cache
Postman-Token: bd1e5879-05f5-46fe-ba3d-e1605ce22ce1
User-Agent: PostmanRuntime/7.2.0
Accept: */*
Host: localhost
accept-encoding: gzip, deflate
content-type: multipart/form-data; boundary=--------------------------787274193045003862084415
content-length: 276
Connection: keep-alive
Request body:

========================================
2018-08-25 10:23:01 
::1 GET /tourism/public-api/v1/provinces/1/countries HTTP/1.1
HTTP headers:
Authorization: Bearer eyJ0eXAiOiJKV1QiLCJhbGciOiJIUzI1NiJ9.eyJpYXQiOjE1MzUxNjczMjMsImp0aSI6IlBIWlA4Snhjc1ZyQ0ttaHdpRVo4bVFFYzN6eXJJMnRyXC9ieVV1VTBQck1JPSIsImlzcyI6Ijo6MSIsIm5iZiI6MTUzNTE2NzMyMywiZXhwIjoxNTM1MTY5MTIzLCJkYXRhIjp7InVzZXJuYW1lIjoiYWRlIiwicGFzc3dvcmQiOiJiNzAxNjZkMjM1OWU1NWZmMzQ4NGY1ZDcwMjBjNzBkODZkODkwNzk2IiwiaXAiOiI6OjEiLCJ1c2VyX2FnZW50IjoiUG9zdG1hblJ1bnRpbWVcLzcuMi4wIn19.wpb7tGbpku_f-4QDpMaD4nLfkgeCDO16iZWUXZHzIv8
cache-control: no-cache
Postman-Token: 6d444a5d-5539-487e-aa46-37158a833f5f
User-Agent: PostmanRuntime/7.2.0
Accept: */*
Host: localhost
accept-encoding: gzip, deflate
Connection: keep-alive
Request body:

========================================
2018-08-25 10:23:50 
::1 GET /tourism/public-api/v1/provinces/1/countries HTTP/1.1
HTTP headers:
Authorization: Bearer eyJ0eXAiOiJKV1QiLCJhbGciOiJIUzI1NiJ9.eyJpYXQiOjE1MzUxNjczMjMsImp0aSI6IlBIWlA4Snhjc1ZyQ0ttaHdpRVo4bVFFYzN6eXJJMnRyXC9ieVV1VTBQck1JPSIsImlzcyI6Ijo6MSIsIm5iZiI6MTUzNTE2NzMyMywiZXhwIjoxNTM1MTY5MTIzLCJkYXRhIjp7InVzZXJuYW1lIjoiYWRlIiwicGFzc3dvcmQiOiJiNzAxNjZkMjM1OWU1NWZmMzQ4NGY1ZDcwMjBjNzBkODZkODkwNzk2IiwiaXAiOiI6OjEiLCJ1c2VyX2FnZW50IjoiUG9zdG1hblJ1bnRpbWVcLzcuMi4wIn19.wpb7tGbpku_f-4QDpMaD4nLfkgeCDO16iZWUXZHzIv8
cache-control: no-cache
Postman-Token: 24984d3c-d193-44b1-a02f-f6d3c6caa8f4
User-Agent: PostmanRuntime/7.2.0
Accept: */*
Host: localhost
accept-encoding: gzip, deflate
Connection: keep-alive
Request body:

========================================
2018-08-25 10:24:42 
::1 GET /tourism/public-api/v1/provinces/1/countries HTTP/1.1
HTTP headers:
Authorization: Bearer eyJ0eXAiOiJKV1QiLCJhbGciOiJIUzI1NiJ9.eyJpYXQiOjE1MzUxNjczMjMsImp0aSI6IlBIWlA4Snhjc1ZyQ0ttaHdpRVo4bVFFYzN6eXJJMnRyXC9ieVV1VTBQck1JPSIsImlzcyI6Ijo6MSIsIm5iZiI6MTUzNTE2NzMyMywiZXhwIjoxNTM1MTY5MTIzLCJkYXRhIjp7InVzZXJuYW1lIjoiYWRlIiwicGFzc3dvcmQiOiJiNzAxNjZkMjM1OWU1NWZmMzQ4NGY1ZDcwMjBjNzBkODZkODkwNzk2IiwiaXAiOiI6OjEiLCJ1c2VyX2FnZW50IjoiUG9zdG1hblJ1bnRpbWVcLzcuMi4wIn19.wpb7tGbpku_f-4QDpMaD4nLfkgeCDO16iZWUXZHzIv8
cache-control: no-cache
Postman-Token: 7faf55c5-899e-4fe1-8b01-b6b35d2998f2
User-Agent: PostmanRuntime/7.2.0
Accept: */*
Host: localhost
accept-encoding: gzip, deflate
Connection: keep-alive
Request body:

========================================
2018-08-25 10:25:08 
::1 GET /tourism/public-api/v1/provinces/1/countries HTTP/1.1
HTTP headers:
Authorization: Bearer eyJ0eXAiOiJKV1QiLCJhbGciOiJIUzI1NiJ9.eyJpYXQiOjE1MzUxNjczMjMsImp0aSI6IlBIWlA4Snhjc1ZyQ0ttaHdpRVo4bVFFYzN6eXJJMnRyXC9ieVV1VTBQck1JPSIsImlzcyI6Ijo6MSIsIm5iZiI6MTUzNTE2NzMyMywiZXhwIjoxNTM1MTY5MTIzLCJkYXRhIjp7InVzZXJuYW1lIjoiYWRlIiwicGFzc3dvcmQiOiJiNzAxNjZkMjM1OWU1NWZmMzQ4NGY1ZDcwMjBjNzBkODZkODkwNzk2IiwiaXAiOiI6OjEiLCJ1c2VyX2FnZW50IjoiUG9zdG1hblJ1bnRpbWVcLzcuMi4wIn19.wpb7tGbpku_f-4QDpMaD4nLfkgeCDO16iZWUXZHzIv8
cache-control: no-cache
Postman-Token: fdfbffe9-c182-4450-86e8-ce97862e47e6
User-Agent: PostmanRuntime/7.2.0
Accept: */*
Host: localhost
accept-encoding: gzip, deflate
Connection: keep-alive
Request body:

========================================
