2018-04-02 14:42:41 
::1 POST /synergix-takaful/public-api/v1/users/token HTTP/1.1
HTTP headers:
Host: localhost
Content-Length: 29
User-Agent: Ticketing-WebApp
Connection: close
Content-Type: application/x-www-form-urlencoded
Request body:
username=mario&password=mario
========================================
2018-04-02 14:42:42 
::1 POST /synergix-takaful/public-api/v1/users/token HTTP/1.1
HTTP headers:
Host: localhost
Content-Length: 10
User-Agent: Ticketing-WebApp
Connection: close
Content-Type: application/x-www-form-urlencoded
Request body:
password=0
========================================
2018-04-02 14:42:42 
::1 POST /synergix-takaful/public-api/v1/users/token HTTP/1.1
HTTP headers:
Host: localhost
Content-Length: 29
User-Agent: Ticketing-WebApp
Connection: close
Content-Type: application/x-www-form-urlencoded
Request body:
username=mario&password=mario
========================================
2018-04-02 14:42:49 
::1 POST /synergix-takaful/public-api/v1/users/token HTTP/1.1
HTTP headers:
Host: localhost
Content-Length: 35
User-Agent: Ticketing-WebApp
Connection: close
Content-Type: application/x-www-form-urlencoded
Request body:
username=bs_admin&password=bs_admin
========================================
2018-04-02 14:42:50 
::1 GET /synergix-takaful/public-api/v1/users/1 HTTP/1.1
HTTP headers:
Host: localhost
User-Agent: Ticketing-WebApp
Authorization: Bearer eyJ0eXAiOiJKV1QiLCJhbGciOiJIUzI1NiJ9.eyJpYXQiOjE1MjI2NTQ5NjksImp0aSI6IlBMZTVnNm1kWFpVMTV0cGEwOEVKWll1anlFKzVFTCs5ZFFSWFwvXC9OYzN5cz0iLCJpc3MiOiI6OjEiLCJuYmYiOjE1MjI2NTQ5NjksImV4cCI6MTUyMjY1Njc2OSwiZGF0YSI6eyJ1c2VybmFtZSI6ImJzX2FkbWluIiwicGFzc3dvcmQiOiIyZTRmNjNjOTA4NjFhNzExNTVkOTczZDMwODJkMmRkODBiZDA1MDJmIiwiaXAiOiI6OjEiLCJ1c2VyX2FnZW50IjoiVGlja2V0aW5nLVdlYkFwcCJ9fQ.6_A4GWr7744PMhRjN3HBd7mN4tSb_xh2-XmSxP2MlAw
Connection: close
Request body:

========================================
2018-04-02 14:42:51 
::1 GET /synergix-takaful/public-api/v1/user_level_modules/active?code=TICKET&user_level_id=7&order=code&limit=100 HTTP/1.1
HTTP headers:
Host: localhost
User-Agent: Ticketing-WebApp
Authorization: Bearer eyJ0eXAiOiJKV1QiLCJhbGciOiJIUzI1NiJ9.eyJpYXQiOjE1MjI2NTQ5NjksImp0aSI6IlBMZTVnNm1kWFpVMTV0cGEwOEVKWll1anlFKzVFTCs5ZFFSWFwvXC9OYzN5cz0iLCJpc3MiOiI6OjEiLCJuYmYiOjE1MjI2NTQ5NjksImV4cCI6MTUyMjY1Njc2OSwiZGF0YSI6eyJ1c2VybmFtZSI6ImJzX2FkbWluIiwicGFzc3dvcmQiOiIyZTRmNjNjOTA4NjFhNzExNTVkOTczZDMwODJkMmRkODBiZDA1MDJmIiwiaXAiOiI6OjEiLCJ1c2VyX2FnZW50IjoiVGlja2V0aW5nLVdlYkFwcCJ9fQ.6_A4GWr7744PMhRjN3HBd7mN4tSb_xh2-XmSxP2MlAw
Connection: close
Request body:

========================================
2018-04-02 14:42:51 
::1 GET /synergix-takaful/public-api/v1/ticket_statistics HTTP/1.1
HTTP headers:
Host: localhost
User-Agent: Ticketing-WebApp
Authorization: Bearer eyJ0eXAiOiJKV1QiLCJhbGciOiJIUzI1NiJ9.eyJpYXQiOjE1MjI2NTQ5NjksImp0aSI6IlBMZTVnNm1kWFpVMTV0cGEwOEVKWll1anlFKzVFTCs5ZFFSWFwvXC9OYzN5cz0iLCJpc3MiOiI6OjEiLCJuYmYiOjE1MjI2NTQ5NjksImV4cCI6MTUyMjY1Njc2OSwiZGF0YSI6eyJ1c2VybmFtZSI6ImJzX2FkbWluIiwicGFzc3dvcmQiOiIyZTRmNjNjOTA4NjFhNzExNTVkOTczZDMwODJkMmRkODBiZDA1MDJmIiwiaXAiOiI6OjEiLCJ1c2VyX2FnZW50IjoiVGlja2V0aW5nLVdlYkFwcCJ9fQ.6_A4GWr7744PMhRjN3HBd7mN4tSb_xh2-XmSxP2MlAw
Connection: close
Request body:

========================================
2018-04-02 14:42:51 
::1 GET /synergix-takaful/public-api/v1/ticket_statistics/departments HTTP/1.1
HTTP headers:
Host: localhost
User-Agent: Ticketing-WebApp
Authorization: Bearer eyJ0eXAiOiJKV1QiLCJhbGciOiJIUzI1NiJ9.eyJpYXQiOjE1MjI2NTQ5NjksImp0aSI6IlBMZTVnNm1kWFpVMTV0cGEwOEVKWll1anlFKzVFTCs5ZFFSWFwvXC9OYzN5cz0iLCJpc3MiOiI6OjEiLCJuYmYiOjE1MjI2NTQ5NjksImV4cCI6MTUyMjY1Njc2OSwiZGF0YSI6eyJ1c2VybmFtZSI6ImJzX2FkbWluIiwicGFzc3dvcmQiOiIyZTRmNjNjOTA4NjFhNzExNTVkOTczZDMwODJkMmRkODBiZDA1MDJmIiwiaXAiOiI6OjEiLCJ1c2VyX2FnZW50IjoiVGlja2V0aW5nLVdlYkFwcCJ9fQ.6_A4GWr7744PMhRjN3HBd7mN4tSb_xh2-XmSxP2MlAw
Connection: close
Request body:

========================================
2018-04-02 14:42:52 
::1 GET /synergix-takaful/public-api/v1/ticket_statistics/categories HTTP/1.1
HTTP headers:
Host: localhost
User-Agent: Ticketing-WebApp
Authorization: Bearer eyJ0eXAiOiJKV1QiLCJhbGciOiJIUzI1NiJ9.eyJpYXQiOjE1MjI2NTQ5NjksImp0aSI6IlBMZTVnNm1kWFpVMTV0cGEwOEVKWll1anlFKzVFTCs5ZFFSWFwvXC9OYzN5cz0iLCJpc3MiOiI6OjEiLCJuYmYiOjE1MjI2NTQ5NjksImV4cCI6MTUyMjY1Njc2OSwiZGF0YSI6eyJ1c2VybmFtZSI6ImJzX2FkbWluIiwicGFzc3dvcmQiOiIyZTRmNjNjOTA4NjFhNzExNTVkOTczZDMwODJkMmRkODBiZDA1MDJmIiwiaXAiOiI6OjEiLCJ1c2VyX2FnZW50IjoiVGlja2V0aW5nLVdlYkFwcCJ9fQ.6_A4GWr7744PMhRjN3HBd7mN4tSb_xh2-XmSxP2MlAw
Connection: close
Request body:

========================================
2018-04-02 14:42:52 
::1 GET /synergix-takaful/public-api/v1/ticket_statistics/subcategories HTTP/1.1
HTTP headers:
Host: localhost
User-Agent: Ticketing-WebApp
Authorization: Bearer eyJ0eXAiOiJKV1QiLCJhbGciOiJIUzI1NiJ9.eyJpYXQiOjE1MjI2NTQ5NjksImp0aSI6IlBMZTVnNm1kWFpVMTV0cGEwOEVKWll1anlFKzVFTCs5ZFFSWFwvXC9OYzN5cz0iLCJpc3MiOiI6OjEiLCJuYmYiOjE1MjI2NTQ5NjksImV4cCI6MTUyMjY1Njc2OSwiZGF0YSI6eyJ1c2VybmFtZSI6ImJzX2FkbWluIiwicGFzc3dvcmQiOiIyZTRmNjNjOTA4NjFhNzExNTVkOTczZDMwODJkMmRkODBiZDA1MDJmIiwiaXAiOiI6OjEiLCJ1c2VyX2FnZW50IjoiVGlja2V0aW5nLVdlYkFwcCJ9fQ.6_A4GWr7744PMhRjN3HBd7mN4tSb_xh2-XmSxP2MlAw
Connection: close
Request body:

========================================
2018-04-02 14:42:59 
::1 GET /synergix-takaful/public-api/v1/ticket_categories?limit=20&page=1&order=id HTTP/1.1
HTTP headers:
Host: localhost
User-Agent: Ticketing-WebApp
Authorization: Bearer eyJ0eXAiOiJKV1QiLCJhbGciOiJIUzI1NiJ9.eyJpYXQiOjE1MjI2NTQ5NjksImp0aSI6IlBMZTVnNm1kWFpVMTV0cGEwOEVKWll1anlFKzVFTCs5ZFFSWFwvXC9OYzN5cz0iLCJpc3MiOiI6OjEiLCJuYmYiOjE1MjI2NTQ5NjksImV4cCI6MTUyMjY1Njc2OSwiZGF0YSI6eyJ1c2VybmFtZSI6ImJzX2FkbWluIiwicGFzc3dvcmQiOiIyZTRmNjNjOTA4NjFhNzExNTVkOTczZDMwODJkMmRkODBiZDA1MDJmIiwiaXAiOiI6OjEiLCJ1c2VyX2FnZW50IjoiVGlja2V0aW5nLVdlYkFwcCJ9fQ.6_A4GWr7744PMhRjN3HBd7mN4tSb_xh2-XmSxP2MlAw
Connection: close
Request body:

========================================
2018-04-02 14:43:04 
::1 GET /synergix-takaful/public-api/v1/product_types HTTP/1.1
HTTP headers:
Host: localhost
User-Agent: Ticketing-WebApp
Authorization: Bearer eyJ0eXAiOiJKV1QiLCJhbGciOiJIUzI1NiJ9.eyJpYXQiOjE1MjI2NTQ5NjksImp0aSI6IlBMZTVnNm1kWFpVMTV0cGEwOEVKWll1anlFKzVFTCs5ZFFSWFwvXC9OYzN5cz0iLCJpc3MiOiI6OjEiLCJuYmYiOjE1MjI2NTQ5NjksImV4cCI6MTUyMjY1Njc2OSwiZGF0YSI6eyJ1c2VybmFtZSI6ImJzX2FkbWluIiwicGFzc3dvcmQiOiIyZTRmNjNjOTA4NjFhNzExNTVkOTczZDMwODJkMmRkODBiZDA1MDJmIiwiaXAiOiI6OjEiLCJ1c2VyX2FnZW50IjoiVGlja2V0aW5nLVdlYkFwcCJ9fQ.6_A4GWr7744PMhRjN3HBd7mN4tSb_xh2-XmSxP2MlAw
Connection: close
Request body:

========================================
2018-04-02 14:43:04 
::1 GET /synergix-takaful/public-api/v1/ticket_types HTTP/1.1
HTTP headers:
Host: localhost
User-Agent: Ticketing-WebApp
Authorization: Bearer eyJ0eXAiOiJKV1QiLCJhbGciOiJIUzI1NiJ9.eyJpYXQiOjE1MjI2NTQ5NjksImp0aSI6IlBMZTVnNm1kWFpVMTV0cGEwOEVKWll1anlFKzVFTCs5ZFFSWFwvXC9OYzN5cz0iLCJpc3MiOiI6OjEiLCJuYmYiOjE1MjI2NTQ5NjksImV4cCI6MTUyMjY1Njc2OSwiZGF0YSI6eyJ1c2VybmFtZSI6ImJzX2FkbWluIiwicGFzc3dvcmQiOiIyZTRmNjNjOTA4NjFhNzExNTVkOTczZDMwODJkMmRkODBiZDA1MDJmIiwiaXAiOiI6OjEiLCJ1c2VyX2FnZW50IjoiVGlja2V0aW5nLVdlYkFwcCJ9fQ.6_A4GWr7744PMhRjN3HBd7mN4tSb_xh2-XmSxP2MlAw
Connection: close
Request body:

========================================
2018-04-02 14:43:09 
::1 GET /synergix-takaful/public-api/v1/ticket_subcategories?limit=20 HTTP/1.1
HTTP headers:
Host: localhost
User-Agent: Ticketing-WebApp
Authorization: Bearer eyJ0eXAiOiJKV1QiLCJhbGciOiJIUzI1NiJ9.eyJpYXQiOjE1MjI2NTQ5NjksImp0aSI6IlBMZTVnNm1kWFpVMTV0cGEwOEVKWll1anlFKzVFTCs5ZFFSWFwvXC9OYzN5cz0iLCJpc3MiOiI6OjEiLCJuYmYiOjE1MjI2NTQ5NjksImV4cCI6MTUyMjY1Njc2OSwiZGF0YSI6eyJ1c2VybmFtZSI6ImJzX2FkbWluIiwicGFzc3dvcmQiOiIyZTRmNjNjOTA4NjFhNzExNTVkOTczZDMwODJkMmRkODBiZDA1MDJmIiwiaXAiOiI6OjEiLCJ1c2VyX2FnZW50IjoiVGlja2V0aW5nLVdlYkFwcCJ9fQ.6_A4GWr7744PMhRjN3HBd7mN4tSb_xh2-XmSxP2MlAw
Connection: close
Request body:

========================================
2018-04-02 14:43:09 
::1 GET /synergix-takaful/public-api/v1/ticket_subcategories?limit=20&page=1&order=id HTTP/1.1
HTTP headers:
Host: localhost
User-Agent: Ticketing-WebApp
Authorization: Bearer eyJ0eXAiOiJKV1QiLCJhbGciOiJIUzI1NiJ9.eyJpYXQiOjE1MjI2NTQ5NjksImp0aSI6IlBMZTVnNm1kWFpVMTV0cGEwOEVKWll1anlFKzVFTCs5ZFFSWFwvXC9OYzN5cz0iLCJpc3MiOiI6OjEiLCJuYmYiOjE1MjI2NTQ5NjksImV4cCI6MTUyMjY1Njc2OSwiZGF0YSI6eyJ1c2VybmFtZSI6ImJzX2FkbWluIiwicGFzc3dvcmQiOiIyZTRmNjNjOTA4NjFhNzExNTVkOTczZDMwODJkMmRkODBiZDA1MDJmIiwiaXAiOiI6OjEiLCJ1c2VyX2FnZW50IjoiVGlja2V0aW5nLVdlYkFwcCJ9fQ.6_A4GWr7744PMhRjN3HBd7mN4tSb_xh2-XmSxP2MlAw
Connection: close
Request body:

========================================
2018-04-02 14:43:12 
::1 GET /synergix-takaful/public-api/v1/product_types/active HTTP/1.1
HTTP headers:
Host: localhost
User-Agent: Ticketing-WebApp
Authorization: Bearer eyJ0eXAiOiJKV1QiLCJhbGciOiJIUzI1NiJ9.eyJpYXQiOjE1MjI2NTQ5NjksImp0aSI6IlBMZTVnNm1kWFpVMTV0cGEwOEVKWll1anlFKzVFTCs5ZFFSWFwvXC9OYzN5cz0iLCJpc3MiOiI6OjEiLCJuYmYiOjE1MjI2NTQ5NjksImV4cCI6MTUyMjY1Njc2OSwiZGF0YSI6eyJ1c2VybmFtZSI6ImJzX2FkbWluIiwicGFzc3dvcmQiOiIyZTRmNjNjOTA4NjFhNzExNTVkOTczZDMwODJkMmRkODBiZDA1MDJmIiwiaXAiOiI6OjEiLCJ1c2VyX2FnZW50IjoiVGlja2V0aW5nLVdlYkFwcCJ9fQ.6_A4GWr7744PMhRjN3HBd7mN4tSb_xh2-XmSxP2MlAw
Connection: close
Request body:

========================================
2018-04-02 14:43:12 
::1 GET /synergix-takaful/public-api/v1/departments?limit=100 HTTP/1.1
HTTP headers:
Host: localhost
User-Agent: Ticketing-WebApp
Authorization: Bearer eyJ0eXAiOiJKV1QiLCJhbGciOiJIUzI1NiJ9.eyJpYXQiOjE1MjI2NTQ5NjksImp0aSI6IlBMZTVnNm1kWFpVMTV0cGEwOEVKWll1anlFKzVFTCs5ZFFSWFwvXC9OYzN5cz0iLCJpc3MiOiI6OjEiLCJuYmYiOjE1MjI2NTQ5NjksImV4cCI6MTUyMjY1Njc2OSwiZGF0YSI6eyJ1c2VybmFtZSI6ImJzX2FkbWluIiwicGFzc3dvcmQiOiIyZTRmNjNjOTA4NjFhNzExNTVkOTczZDMwODJkMmRkODBiZDA1MDJmIiwiaXAiOiI6OjEiLCJ1c2VyX2FnZW50IjoiVGlja2V0aW5nLVdlYkFwcCJ9fQ.6_A4GWr7744PMhRjN3HBd7mN4tSb_xh2-XmSxP2MlAw
Connection: close
Request body:

========================================
2018-04-02 17:10:29 
::1 POST /synergix-takaful/public-api/v1/users/token HTTP/1.1
HTTP headers:
Host: localhost
Content-Length: 35
User-Agent: Ticketing-WebApp
Connection: close
Content-Type: application/x-www-form-urlencoded
Request body:
username=bs_admin&password=bs_admin
========================================
2018-04-02 17:10:30 
::1 GET /synergix-takaful/public-api/v1/users/1 HTTP/1.1
HTTP headers:
Host: localhost
User-Agent: Ticketing-WebApp
Authorization: Bearer eyJ0eXAiOiJKV1QiLCJhbGciOiJIUzI1NiJ9.eyJpYXQiOjE1MjI2NjM4MjksImp0aSI6ImdtRnBtaVZ5NDBzT2Q4U2V6M3ZDSUFHbTdHa2xMV0J1TzhMWGwrYkFOcXM9IiwiaXNzIjoiOjoxIiwibmJmIjoxNTIyNjYzODI5LCJleHAiOjE1MjI2NjU2MjksImRhdGEiOnsidXNlcm5hbWUiOiJic19hZG1pbiIsInBhc3N3b3JkIjoiMmU0ZjYzYzkwODYxYTcxMTU1ZDk3M2QzMDgyZDJkZDgwYmQwNTAyZiIsImlwIjoiOjoxIiwidXNlcl9hZ2VudCI6IlRpY2tldGluZy1XZWJBcHAifX0.aIJX_ApVGDjzpgbnd1sVxx6MPUQQDUO1D9OiTzFLCRw
Connection: close
Request body:

========================================
2018-04-02 17:10:30 
::1 GET /synergix-takaful/public-api/v1/user_level_modules/active?code=TICKET&user_level_id=7&order=code&limit=100 HTTP/1.1
HTTP headers:
Host: localhost
User-Agent: Ticketing-WebApp
Authorization: Bearer eyJ0eXAiOiJKV1QiLCJhbGciOiJIUzI1NiJ9.eyJpYXQiOjE1MjI2NjM4MjksImp0aSI6ImdtRnBtaVZ5NDBzT2Q4U2V6M3ZDSUFHbTdHa2xMV0J1TzhMWGwrYkFOcXM9IiwiaXNzIjoiOjoxIiwibmJmIjoxNTIyNjYzODI5LCJleHAiOjE1MjI2NjU2MjksImRhdGEiOnsidXNlcm5hbWUiOiJic19hZG1pbiIsInBhc3N3b3JkIjoiMmU0ZjYzYzkwODYxYTcxMTU1ZDk3M2QzMDgyZDJkZDgwYmQwNTAyZiIsImlwIjoiOjoxIiwidXNlcl9hZ2VudCI6IlRpY2tldGluZy1XZWJBcHAifX0.aIJX_ApVGDjzpgbnd1sVxx6MPUQQDUO1D9OiTzFLCRw
Connection: close
Request body:

========================================
2018-04-02 17:10:30 
::1 GET /synergix-takaful/public-api/v1/ticket_statistics HTTP/1.1
HTTP headers:
Host: localhost
User-Agent: Ticketing-WebApp
Authorization: Bearer eyJ0eXAiOiJKV1QiLCJhbGciOiJIUzI1NiJ9.eyJpYXQiOjE1MjI2NjM4MjksImp0aSI6ImdtRnBtaVZ5NDBzT2Q4U2V6M3ZDSUFHbTdHa2xMV0J1TzhMWGwrYkFOcXM9IiwiaXNzIjoiOjoxIiwibmJmIjoxNTIyNjYzODI5LCJleHAiOjE1MjI2NjU2MjksImRhdGEiOnsidXNlcm5hbWUiOiJic19hZG1pbiIsInBhc3N3b3JkIjoiMmU0ZjYzYzkwODYxYTcxMTU1ZDk3M2QzMDgyZDJkZDgwYmQwNTAyZiIsImlwIjoiOjoxIiwidXNlcl9hZ2VudCI6IlRpY2tldGluZy1XZWJBcHAifX0.aIJX_ApVGDjzpgbnd1sVxx6MPUQQDUO1D9OiTzFLCRw
Connection: close
Request body:

========================================
2018-04-02 17:10:30 
::1 GET /synergix-takaful/public-api/v1/ticket_statistics/departments HTTP/1.1
HTTP headers:
Host: localhost
User-Agent: Ticketing-WebApp
Authorization: Bearer eyJ0eXAiOiJKV1QiLCJhbGciOiJIUzI1NiJ9.eyJpYXQiOjE1MjI2NjM4MjksImp0aSI6ImdtRnBtaVZ5NDBzT2Q4U2V6M3ZDSUFHbTdHa2xMV0J1TzhMWGwrYkFOcXM9IiwiaXNzIjoiOjoxIiwibmJmIjoxNTIyNjYzODI5LCJleHAiOjE1MjI2NjU2MjksImRhdGEiOnsidXNlcm5hbWUiOiJic19hZG1pbiIsInBhc3N3b3JkIjoiMmU0ZjYzYzkwODYxYTcxMTU1ZDk3M2QzMDgyZDJkZDgwYmQwNTAyZiIsImlwIjoiOjoxIiwidXNlcl9hZ2VudCI6IlRpY2tldGluZy1XZWJBcHAifX0.aIJX_ApVGDjzpgbnd1sVxx6MPUQQDUO1D9OiTzFLCRw
Connection: close
Request body:

========================================
2018-04-02 17:10:31 
::1 GET /synergix-takaful/public-api/v1/ticket_statistics/categories HTTP/1.1
HTTP headers:
Host: localhost
User-Agent: Ticketing-WebApp
Authorization: Bearer eyJ0eXAiOiJKV1QiLCJhbGciOiJIUzI1NiJ9.eyJpYXQiOjE1MjI2NjM4MjksImp0aSI6ImdtRnBtaVZ5NDBzT2Q4U2V6M3ZDSUFHbTdHa2xMV0J1TzhMWGwrYkFOcXM9IiwiaXNzIjoiOjoxIiwibmJmIjoxNTIyNjYzODI5LCJleHAiOjE1MjI2NjU2MjksImRhdGEiOnsidXNlcm5hbWUiOiJic19hZG1pbiIsInBhc3N3b3JkIjoiMmU0ZjYzYzkwODYxYTcxMTU1ZDk3M2QzMDgyZDJkZDgwYmQwNTAyZiIsImlwIjoiOjoxIiwidXNlcl9hZ2VudCI6IlRpY2tldGluZy1XZWJBcHAifX0.aIJX_ApVGDjzpgbnd1sVxx6MPUQQDUO1D9OiTzFLCRw
Connection: close
Request body:

========================================
2018-04-02 17:10:31 
::1 GET /synergix-takaful/public-api/v1/ticket_statistics/subcategories HTTP/1.1
HTTP headers:
Host: localhost
User-Agent: Ticketing-WebApp
Authorization: Bearer eyJ0eXAiOiJKV1QiLCJhbGciOiJIUzI1NiJ9.eyJpYXQiOjE1MjI2NjM4MjksImp0aSI6ImdtRnBtaVZ5NDBzT2Q4U2V6M3ZDSUFHbTdHa2xMV0J1TzhMWGwrYkFOcXM9IiwiaXNzIjoiOjoxIiwibmJmIjoxNTIyNjYzODI5LCJleHAiOjE1MjI2NjU2MjksImRhdGEiOnsidXNlcm5hbWUiOiJic19hZG1pbiIsInBhc3N3b3JkIjoiMmU0ZjYzYzkwODYxYTcxMTU1ZDk3M2QzMDgyZDJkZDgwYmQwNTAyZiIsImlwIjoiOjoxIiwidXNlcl9hZ2VudCI6IlRpY2tldGluZy1XZWJBcHAifX0.aIJX_ApVGDjzpgbnd1sVxx6MPUQQDUO1D9OiTzFLCRw
Connection: close
Request body:

========================================
