2019-06-21 09:00:41 
::1 GET /tourism/public-api/v1/tourism?limit=10&sort=desc&tourism_approval_status=2 HTTP/1.1
HTTP headers:
Host: localhost
User-Agent: Ticketing-WebApp
Connection: close
Request body:

========================================
2019-06-21 09:00:44 
::1 GET /tourism/public-api/v1/countries//continent?limit=1 HTTP/1.1
HTTP headers:
Host: localhost
User-Agent: Ticketing-WebApp
Connection: close
Request body:

========================================
2019-06-21 09:00:44 
::1 GET /tourism/public-api/v1/continents HTTP/1.1
HTTP headers:
Host: localhost
User-Agent: Ticketing-WebApp
Connection: close
Request body:

========================================
2019-06-21 09:00:44 
::1 GET /tourism/public-api/v1/provinces//countries?limit=1 HTTP/1.1
HTTP headers:
Host: localhost
User-Agent: Ticketing-WebApp
Connection: close
Request body:

========================================
2019-06-21 09:00:44 
::1 GET /tourism/public-api/v1/province//cities?limit=1 HTTP/1.1
HTTP headers:
Host: localhost
User-Agent: Ticketing-WebApp
Connection: close
Request body:

========================================
2019-06-21 09:00:44 
::1 POST /tourism/public-api/v1/users/token HTTP/1.1
HTTP headers:
Host: localhost
Content-Length: 10
User-Agent: Ticketing-WebApp
Connection: close
Content-Type: application/x-www-form-urlencoded
Request body:
password=0
========================================
2019-06-21 09:00:44 
::1 POST /tourism/public-api/v1/users/token HTTP/1.1
HTTP headers:
Host: localhost
Content-Length: 10
User-Agent: Ticketing-WebApp
Connection: close
Content-Type: application/x-www-form-urlencoded
Request body:
password=0
========================================
2019-06-21 09:00:44 
::1 POST /tourism/public-api/v1/users/token HTTP/1.1
HTTP headers:
Host: localhost
Content-Length: 10
User-Agent: Ticketing-WebApp
Connection: close
Content-Type: application/x-www-form-urlencoded
Request body:
password=0
========================================
2019-06-21 09:00:44 
::1 GET /tourism/public-api/v1/countries//continent?limit=1 HTTP/1.1
HTTP headers:
Host: localhost
User-Agent: Ticketing-WebApp
Connection: close
Request body:

========================================
2019-06-21 09:00:44 
::1 GET /tourism/public-api/v1/provinces//countries?limit=1 HTTP/1.1
HTTP headers:
Host: localhost
User-Agent: Ticketing-WebApp
Connection: close
Request body:

========================================
2019-06-21 09:00:44 
::1 GET /tourism/public-api/v1/province//cities?limit=1 HTTP/1.1
HTTP headers:
Host: localhost
User-Agent: Ticketing-WebApp
Connection: close
Request body:

========================================
2019-06-21 09:00:44 
::1 POST /tourism/public-api/v1/users/token HTTP/1.1
HTTP headers:
Host: localhost
Content-Length: 10
User-Agent: Ticketing-WebApp
Connection: close
Content-Type: application/x-www-form-urlencoded
Request body:
password=0
========================================
2019-06-21 09:00:44 
::1 POST /tourism/public-api/v1/users/token HTTP/1.1
HTTP headers:
Host: localhost
Content-Length: 10
User-Agent: Ticketing-WebApp
Connection: close
Content-Type: application/x-www-form-urlencoded
Request body:
password=0
========================================
2019-06-21 09:00:45 
::1 GET /tourism/public-api/v1/countries//continent?limit=1 HTTP/1.1
HTTP headers:
Host: localhost
User-Agent: Ticketing-WebApp
Connection: close
Request body:

========================================
2019-06-21 09:00:45 
::1 POST /tourism/public-api/v1/users/token HTTP/1.1
HTTP headers:
Host: localhost
Content-Length: 10
User-Agent: Ticketing-WebApp
Connection: close
Content-Type: application/x-www-form-urlencoded
Request body:
password=0
========================================
2019-06-21 09:00:45 
::1 GET /tourism/public-api/v1/provinces//countries?limit=1 HTTP/1.1
HTTP headers:
Host: localhost
User-Agent: Ticketing-WebApp
Connection: close
Request body:

========================================
2019-06-21 09:00:45 
::1 POST /tourism/public-api/v1/users/token HTTP/1.1
HTTP headers:
Host: localhost
Content-Length: 10
User-Agent: Ticketing-WebApp
Connection: close
Content-Type: application/x-www-form-urlencoded
Request body:
password=0
========================================
2019-06-21 09:00:45 
::1 GET /tourism/public-api/v1/province//cities?limit=1 HTTP/1.1
HTTP headers:
Host: localhost
User-Agent: Ticketing-WebApp
Connection: close
Request body:

========================================
2019-06-21 09:00:45 
::1 POST /tourism/public-api/v1/users/token HTTP/1.1
HTTP headers:
Host: localhost
Content-Length: 10
User-Agent: Ticketing-WebApp
Connection: close
Content-Type: application/x-www-form-urlencoded
Request body:
password=0
========================================
2019-06-21 09:00:45 
::1 GET /tourism/public-api/v1/countries//continent?limit=1 HTTP/1.1
HTTP headers:
Host: localhost
User-Agent: Ticketing-WebApp
Connection: close
Request body:

========================================
2019-06-21 09:00:45 
::1 POST /tourism/public-api/v1/users/token HTTP/1.1
HTTP headers:
Host: localhost
Content-Length: 10
User-Agent: Ticketing-WebApp
Connection: close
Content-Type: application/x-www-form-urlencoded
Request body:
password=0
========================================
2019-06-21 09:00:45 
::1 GET /tourism/public-api/v1/provinces//countries?limit=1 HTTP/1.1
HTTP headers:
Host: localhost
User-Agent: Ticketing-WebApp
Connection: close
Request body:

========================================
2019-06-21 09:00:45 
::1 GET /tourism/public-api/v1/province//cities?limit=1 HTTP/1.1
HTTP headers:
Host: localhost
User-Agent: Ticketing-WebApp
Connection: close
Request body:

========================================
2019-06-21 09:00:45 
::1 GET /tourism/public-api/v1/countries//continent?limit= HTTP/1.1
HTTP headers:
Host: localhost
User-Agent: Ticketing-WebApp
Connection: close
Request body:

========================================
2019-06-21 09:00:45 
::1 GET /tourism/public-api/v1/province//cities?limit= HTTP/1.1
HTTP headers:
Host: localhost
User-Agent: Ticketing-WebApp
Connection: close
Request body:

========================================
2019-06-21 09:00:45 
::1 GET /tourism/public-api/v1/provinces//countries?limit= HTTP/1.1
HTTP headers:
Host: localhost
User-Agent: Ticketing-WebApp
Connection: close
Request body:

========================================
2019-06-21 09:00:45 
::1 POST /tourism/public-api/v1/users/token HTTP/1.1
HTTP headers:
Host: localhost
Content-Length: 10
User-Agent: Ticketing-WebApp
Connection: close
Content-Type: application/x-www-form-urlencoded
Request body:
password=0
========================================
2019-06-21 09:00:45 
::1 POST /tourism/public-api/v1/users/token HTTP/1.1
HTTP headers:
Host: localhost
Content-Length: 10
User-Agent: Ticketing-WebApp
Connection: close
Content-Type: application/x-www-form-urlencoded
Request body:
password=0
========================================
2019-06-21 09:00:45 
::1 GET /tourism/public-api/v1/countries//continent?limit= HTTP/1.1
HTTP headers:
Host: localhost
User-Agent: Ticketing-WebApp
Connection: close
Request body:

========================================
2019-06-21 09:00:45 
::1 POST /tourism/public-api/v1/users/token HTTP/1.1
HTTP headers:
Host: localhost
Content-Length: 10
User-Agent: Ticketing-WebApp
Connection: close
Content-Type: application/x-www-form-urlencoded
Request body:
password=0
========================================
2019-06-21 09:00:45 
::1 GET /tourism/public-api/v1/province//cities?limit= HTTP/1.1
HTTP headers:
Host: localhost
User-Agent: Ticketing-WebApp
Connection: close
Request body:

========================================
2019-06-21 09:00:45 
::1 POST /tourism/public-api/v1/users/token HTTP/1.1
HTTP headers:
Host: localhost
Content-Length: 10
User-Agent: Ticketing-WebApp
Connection: close
Content-Type: application/x-www-form-urlencoded
Request body:
password=0
========================================
2019-06-21 09:00:45 
::1 GET /tourism/public-api/v1/provinces//countries?limit= HTTP/1.1
HTTP headers:
Host: localhost
User-Agent: Ticketing-WebApp
Connection: close
Request body:

========================================
2019-06-21 09:00:45 
::1 POST /tourism/public-api/v1/users/token HTTP/1.1
HTTP headers:
Host: localhost
Content-Length: 10
User-Agent: Ticketing-WebApp
Connection: close
Content-Type: application/x-www-form-urlencoded
Request body:
password=0
========================================
2019-06-21 09:00:45 
::1 GET /tourism/public-api/v1/countries//continent?limit= HTTP/1.1
HTTP headers:
Host: localhost
User-Agent: Ticketing-WebApp
Connection: close
Request body:

========================================
2019-06-21 09:00:45 
::1 POST /tourism/public-api/v1/users/token HTTP/1.1
HTTP headers:
Host: localhost
Content-Length: 10
User-Agent: Ticketing-WebApp
Connection: close
Content-Type: application/x-www-form-urlencoded
Request body:
password=0
========================================
2019-06-21 09:00:45 
::1 GET /tourism/public-api/v1/province//cities?limit= HTTP/1.1
HTTP headers:
Host: localhost
User-Agent: Ticketing-WebApp
Connection: close
Request body:

========================================
2019-06-21 09:00:45 
::1 GET /tourism/public-api/v1/provinces//countries?limit= HTTP/1.1
HTTP headers:
Host: localhost
User-Agent: Ticketing-WebApp
Connection: close
Request body:

========================================
2019-06-21 09:00:45 
::1 POST /tourism/public-api/v1/users/token HTTP/1.1
HTTP headers:
Host: localhost
Content-Length: 10
User-Agent: Ticketing-WebApp
Connection: close
Content-Type: application/x-www-form-urlencoded
Request body:
password=0
========================================
2019-06-21 09:00:45 
::1 POST /tourism/public-api/v1/users/token HTTP/1.1
HTTP headers:
Host: localhost
Content-Length: 10
User-Agent: Ticketing-WebApp
Connection: close
Content-Type: application/x-www-form-urlencoded
Request body:
password=0
========================================
2019-06-21 09:00:45 
::1 POST /tourism/public-api/v1/users/token HTTP/1.1
HTTP headers:
Host: localhost
Content-Length: 10
User-Agent: Ticketing-WebApp
Connection: close
Content-Type: application/x-www-form-urlencoded
Request body:
password=0
========================================
2019-06-21 09:00:45 
::1 GET /tourism/public-api/v1/countries//continent?limit= HTTP/1.1
HTTP headers:
Host: localhost
User-Agent: Ticketing-WebApp
Connection: close
Request body:

========================================
2019-06-21 09:00:45 
::1 GET /tourism/public-api/v1/province//cities?limit= HTTP/1.1
HTTP headers:
Host: localhost
User-Agent: Ticketing-WebApp
Connection: close
Request body:

========================================
2019-06-21 09:00:45 
::1 GET /tourism/public-api/v1/provinces//countries?limit= HTTP/1.1
HTTP headers:
Host: localhost
User-Agent: Ticketing-WebApp
Connection: close
Request body:

========================================
