2018-10-09 19:07:27 
::1 POST /tourism/public-api/v1/users/token HTTP/1.1
HTTP headers:
Host: localhost
Content-Length: 29
User-Agent: Ticketing-WebApp
Connection: close
Content-Type: application/x-www-form-urlencoded
Request body:
username=admin&password=admin
========================================
2018-10-09 19:07:29 
::1 POST /tourism/public-api/v1/users/token HTTP/1.1
HTTP headers:
Host: localhost
Content-Length: 10
User-Agent: Ticketing-WebApp
Connection: close
Content-Type: application/x-www-form-urlencoded
Request body:
password=0
========================================
2018-10-09 19:07:29 
::1 POST /tourism/public-api/v1/users/token HTTP/1.1
HTTP headers:
Host: localhost
Content-Length: 29
User-Agent: Ticketing-WebApp
Connection: close
Content-Type: application/x-www-form-urlencoded
Request body:
username=admin&password=admin
========================================
2018-10-09 19:07:29 
::1 POST /tourism/public-api/v1/users/token HTTP/1.1
HTTP headers:
Host: localhost
Content-Length: 10
User-Agent: Ticketing-WebApp
Connection: close
Content-Type: application/x-www-form-urlencoded
Request body:
password=0
========================================
2018-10-09 19:07:29 
::1 POST /tourism/public-api/v1/users/token HTTP/1.1
HTTP headers:
Host: localhost
Content-Length: 29
User-Agent: Ticketing-WebApp
Connection: close
Content-Type: application/x-www-form-urlencoded
Request body:
username=admin&password=admin
========================================
2018-10-09 19:07:29 
::1 POST /tourism/public-api/v1/users/token HTTP/1.1
HTTP headers:
Host: localhost
Content-Length: 10
User-Agent: Ticketing-WebApp
Connection: close
Content-Type: application/x-www-form-urlencoded
Request body:
password=0
========================================
2018-10-09 19:07:30 
::1 POST /tourism/public-api/v1/users/token HTTP/1.1
HTTP headers:
Host: localhost
Content-Length: 29
User-Agent: Ticketing-WebApp
Connection: close
Content-Type: application/x-www-form-urlencoded
Request body:
username=admin&password=admin
========================================
2018-10-09 19:08:28 
::1 POST /tourism/public-api/v1/users/token HTTP/1.1
HTTP headers:
Host: localhost
Content-Length: 25
User-Agent: Ticketing-WebApp
Connection: close
Content-Type: application/x-www-form-urlencoded
Request body:
username=ade&password=ade
========================================
2018-10-09 19:08:29 
::1 GET /tourism/public-api/v1/users/1 HTTP/1.1
HTTP headers:
Host: localhost
User-Agent: Ticketing-WebApp
Authorization: Bearer eyJ0eXAiOiJKV1QiLCJhbGciOiJIUzI1NiJ9.eyJpYXQiOjE1MzkwODY5MDgsImp0aSI6IklKVDY2VkQyVHJWM0Z2YlcrQ21lNzRlR1BLVUNubmxNa1VmbWV3MlJxUUU9IiwiaXNzIjoiOjoxIiwibmJmIjoxNTM5MDg2OTA4LCJleHAiOjE1MzkwODg3MDgsImRhdGEiOnsidXNlcm5hbWUiOiJhZGUiLCJwYXNzd29yZCI6ImI3MDE2NmQyMzU5ZTU1ZmYzNDg0ZjVkNzAyMGM3MGQ4NmQ4OTA3OTYiLCJpcCI6Ijo6MSIsInVzZXJfYWdlbnQiOiJUaWNrZXRpbmctV2ViQXBwIn19.Grrsxphh7fmiOVRfapS_Mnv8qxlhU4B78epbBo3P7qc
Connection: close
Request body:

========================================
2018-10-09 19:08:58 
::1 GET /tourism/public-api/v1/countries/1/continent?limit=1 HTTP/1.1
HTTP headers:
Host: localhost
User-Agent: Ticketing-WebApp
Authorization: Bearer eyJ0eXAiOiJKV1QiLCJhbGciOiJIUzI1NiJ9.eyJpYXQiOjE1MzkwODY5MDgsImp0aSI6IklKVDY2VkQyVHJWM0Z2YlcrQ21lNzRlR1BLVUNubmxNa1VmbWV3MlJxUUU9IiwiaXNzIjoiOjoxIiwibmJmIjoxNTM5MDg2OTA4LCJleHAiOjE1MzkwODg3MDgsImRhdGEiOnsidXNlcm5hbWUiOiJhZGUiLCJwYXNzd29yZCI6ImI3MDE2NmQyMzU5ZTU1ZmYzNDg0ZjVkNzAyMGM3MGQ4NmQ4OTA3OTYiLCJpcCI6Ijo6MSIsInVzZXJfYWdlbnQiOiJUaWNrZXRpbmctV2ViQXBwIn19.Grrsxphh7fmiOVRfapS_Mnv8qxlhU4B78epbBo3P7qc
Connection: close
Request body:

========================================
2018-10-09 19:08:58 
::1 GET /tourism/public-api/v1/countries/1/continent?limit=0 HTTP/1.1
HTTP headers:
Host: localhost
User-Agent: Ticketing-WebApp
Authorization: Bearer eyJ0eXAiOiJKV1QiLCJhbGciOiJIUzI1NiJ9.eyJpYXQiOjE1MzkwODY5MDgsImp0aSI6IklKVDY2VkQyVHJWM0Z2YlcrQ21lNzRlR1BLVUNubmxNa1VmbWV3MlJxUUU9IiwiaXNzIjoiOjoxIiwibmJmIjoxNTM5MDg2OTA4LCJleHAiOjE1MzkwODg3MDgsImRhdGEiOnsidXNlcm5hbWUiOiJhZGUiLCJwYXNzd29yZCI6ImI3MDE2NmQyMzU5ZTU1ZmYzNDg0ZjVkNzAyMGM3MGQ4NmQ4OTA3OTYiLCJpcCI6Ijo6MSIsInVzZXJfYWdlbnQiOiJUaWNrZXRpbmctV2ViQXBwIn19.Grrsxphh7fmiOVRfapS_Mnv8qxlhU4B78epbBo3P7qc
Connection: close
Request body:

========================================
2018-10-09 19:09:02 
::1 GET /tourism/public-api/v1/countries/2/continent?limit=1 HTTP/1.1
HTTP headers:
Host: localhost
User-Agent: Ticketing-WebApp
Authorization: Bearer eyJ0eXAiOiJKV1QiLCJhbGciOiJIUzI1NiJ9.eyJpYXQiOjE1MzkwODY5MDgsImp0aSI6IklKVDY2VkQyVHJWM0Z2YlcrQ21lNzRlR1BLVUNubmxNa1VmbWV3MlJxUUU9IiwiaXNzIjoiOjoxIiwibmJmIjoxNTM5MDg2OTA4LCJleHAiOjE1MzkwODg3MDgsImRhdGEiOnsidXNlcm5hbWUiOiJhZGUiLCJwYXNzd29yZCI6ImI3MDE2NmQyMzU5ZTU1ZmYzNDg0ZjVkNzAyMGM3MGQ4NmQ4OTA3OTYiLCJpcCI6Ijo6MSIsInVzZXJfYWdlbnQiOiJUaWNrZXRpbmctV2ViQXBwIn19.Grrsxphh7fmiOVRfapS_Mnv8qxlhU4B78epbBo3P7qc
Connection: close
Request body:

========================================
2018-10-09 19:09:02 
::1 GET /tourism/public-api/v1/countries/2/continent?limit=0 HTTP/1.1
HTTP headers:
Host: localhost
User-Agent: Ticketing-WebApp
Authorization: Bearer eyJ0eXAiOiJKV1QiLCJhbGciOiJIUzI1NiJ9.eyJpYXQiOjE1MzkwODY5MDgsImp0aSI6IklKVDY2VkQyVHJWM0Z2YlcrQ21lNzRlR1BLVUNubmxNa1VmbWV3MlJxUUU9IiwiaXNzIjoiOjoxIiwibmJmIjoxNTM5MDg2OTA4LCJleHAiOjE1MzkwODg3MDgsImRhdGEiOnsidXNlcm5hbWUiOiJhZGUiLCJwYXNzd29yZCI6ImI3MDE2NmQyMzU5ZTU1ZmYzNDg0ZjVkNzAyMGM3MGQ4NmQ4OTA3OTYiLCJpcCI6Ijo6MSIsInVzZXJfYWdlbnQiOiJUaWNrZXRpbmctV2ViQXBwIn19.Grrsxphh7fmiOVRfapS_Mnv8qxlhU4B78epbBo3P7qc
Connection: close
Request body:

========================================
2018-10-09 19:09:05 
::1 GET /tourism/public-api/v1/countries/3/continent?limit=1 HTTP/1.1
HTTP headers:
Host: localhost
User-Agent: Ticketing-WebApp
Authorization: Bearer eyJ0eXAiOiJKV1QiLCJhbGciOiJIUzI1NiJ9.eyJpYXQiOjE1MzkwODY5MDgsImp0aSI6IklKVDY2VkQyVHJWM0Z2YlcrQ21lNzRlR1BLVUNubmxNa1VmbWV3MlJxUUU9IiwiaXNzIjoiOjoxIiwibmJmIjoxNTM5MDg2OTA4LCJleHAiOjE1MzkwODg3MDgsImRhdGEiOnsidXNlcm5hbWUiOiJhZGUiLCJwYXNzd29yZCI6ImI3MDE2NmQyMzU5ZTU1ZmYzNDg0ZjVkNzAyMGM3MGQ4NmQ4OTA3OTYiLCJpcCI6Ijo6MSIsInVzZXJfYWdlbnQiOiJUaWNrZXRpbmctV2ViQXBwIn19.Grrsxphh7fmiOVRfapS_Mnv8qxlhU4B78epbBo3P7qc
Connection: close
Request body:

========================================
2018-10-09 19:09:06 
::1 GET /tourism/public-api/v1/countries/3/continent?limit=0 HTTP/1.1
HTTP headers:
Host: localhost
User-Agent: Ticketing-WebApp
Authorization: Bearer eyJ0eXAiOiJKV1QiLCJhbGciOiJIUzI1NiJ9.eyJpYXQiOjE1MzkwODY5MDgsImp0aSI6IklKVDY2VkQyVHJWM0Z2YlcrQ21lNzRlR1BLVUNubmxNa1VmbWV3MlJxUUU9IiwiaXNzIjoiOjoxIiwibmJmIjoxNTM5MDg2OTA4LCJleHAiOjE1MzkwODg3MDgsImRhdGEiOnsidXNlcm5hbWUiOiJhZGUiLCJwYXNzd29yZCI6ImI3MDE2NmQyMzU5ZTU1ZmYzNDg0ZjVkNzAyMGM3MGQ4NmQ4OTA3OTYiLCJpcCI6Ijo6MSIsInVzZXJfYWdlbnQiOiJUaWNrZXRpbmctV2ViQXBwIn19.Grrsxphh7fmiOVRfapS_Mnv8qxlhU4B78epbBo3P7qc
Connection: close
Request body:

========================================
2018-10-09 19:09:30 
::1 GET /tourism/public-api/v1/countries/3/continent?limit=1 HTTP/1.1
HTTP headers:
Host: localhost
User-Agent: Ticketing-WebApp
Authorization: Bearer eyJ0eXAiOiJKV1QiLCJhbGciOiJIUzI1NiJ9.eyJpYXQiOjE1MzkwODY5MDgsImp0aSI6IklKVDY2VkQyVHJWM0Z2YlcrQ21lNzRlR1BLVUNubmxNa1VmbWV3MlJxUUU9IiwiaXNzIjoiOjoxIiwibmJmIjoxNTM5MDg2OTA4LCJleHAiOjE1MzkwODg3MDgsImRhdGEiOnsidXNlcm5hbWUiOiJhZGUiLCJwYXNzd29yZCI6ImI3MDE2NmQyMzU5ZTU1ZmYzNDg0ZjVkNzAyMGM3MGQ4NmQ4OTA3OTYiLCJpcCI6Ijo6MSIsInVzZXJfYWdlbnQiOiJUaWNrZXRpbmctV2ViQXBwIn19.Grrsxphh7fmiOVRfapS_Mnv8qxlhU4B78epbBo3P7qc
Connection: close
Request body:

========================================
2018-10-09 19:09:30 
::1 GET /tourism/public-api/v1/countries/3/continent?limit=0 HTTP/1.1
HTTP headers:
Host: localhost
User-Agent: Ticketing-WebApp
Authorization: Bearer eyJ0eXAiOiJKV1QiLCJhbGciOiJIUzI1NiJ9.eyJpYXQiOjE1MzkwODY5MDgsImp0aSI6IklKVDY2VkQyVHJWM0Z2YlcrQ21lNzRlR1BLVUNubmxNa1VmbWV3MlJxUUU9IiwiaXNzIjoiOjoxIiwibmJmIjoxNTM5MDg2OTA4LCJleHAiOjE1MzkwODg3MDgsImRhdGEiOnsidXNlcm5hbWUiOiJhZGUiLCJwYXNzd29yZCI6ImI3MDE2NmQyMzU5ZTU1ZmYzNDg0ZjVkNzAyMGM3MGQ4NmQ4OTA3OTYiLCJpcCI6Ijo6MSIsInVzZXJfYWdlbnQiOiJUaWNrZXRpbmctV2ViQXBwIn19.Grrsxphh7fmiOVRfapS_Mnv8qxlhU4B78epbBo3P7qc
Connection: close
Request body:

========================================
2018-10-09 19:09:35 
::1 GET /tourism/public-api/v1/countries/5/continent?limit=1 HTTP/1.1
HTTP headers:
Host: localhost
User-Agent: Ticketing-WebApp
Authorization: Bearer eyJ0eXAiOiJKV1QiLCJhbGciOiJIUzI1NiJ9.eyJpYXQiOjE1MzkwODY5MDgsImp0aSI6IklKVDY2VkQyVHJWM0Z2YlcrQ21lNzRlR1BLVUNubmxNa1VmbWV3MlJxUUU9IiwiaXNzIjoiOjoxIiwibmJmIjoxNTM5MDg2OTA4LCJleHAiOjE1MzkwODg3MDgsImRhdGEiOnsidXNlcm5hbWUiOiJhZGUiLCJwYXNzd29yZCI6ImI3MDE2NmQyMzU5ZTU1ZmYzNDg0ZjVkNzAyMGM3MGQ4NmQ4OTA3OTYiLCJpcCI6Ijo6MSIsInVzZXJfYWdlbnQiOiJUaWNrZXRpbmctV2ViQXBwIn19.Grrsxphh7fmiOVRfapS_Mnv8qxlhU4B78epbBo3P7qc
Connection: close
Request body:

========================================
2018-10-09 19:09:35 
::1 GET /tourism/public-api/v1/countries/5/continent?limit=6 HTTP/1.1
HTTP headers:
Host: localhost
User-Agent: Ticketing-WebApp
Authorization: Bearer eyJ0eXAiOiJKV1QiLCJhbGciOiJIUzI1NiJ9.eyJpYXQiOjE1MzkwODY5MDgsImp0aSI6IklKVDY2VkQyVHJWM0Z2YlcrQ21lNzRlR1BLVUNubmxNa1VmbWV3MlJxUUU9IiwiaXNzIjoiOjoxIiwibmJmIjoxNTM5MDg2OTA4LCJleHAiOjE1MzkwODg3MDgsImRhdGEiOnsidXNlcm5hbWUiOiJhZGUiLCJwYXNzd29yZCI6ImI3MDE2NmQyMzU5ZTU1ZmYzNDg0ZjVkNzAyMGM3MGQ4NmQ4OTA3OTYiLCJpcCI6Ijo6MSIsInVzZXJfYWdlbnQiOiJUaWNrZXRpbmctV2ViQXBwIn19.Grrsxphh7fmiOVRfapS_Mnv8qxlhU4B78epbBo3P7qc
Connection: close
Request body:

========================================
2018-10-09 19:09:41 
::1 GET /tourism/public-api/v1/countries/5/continent?limit=1 HTTP/1.1
HTTP headers:
Host: localhost
User-Agent: Ticketing-WebApp
Authorization: Bearer eyJ0eXAiOiJKV1QiLCJhbGciOiJIUzI1NiJ9.eyJpYXQiOjE1MzkwODY5MDgsImp0aSI6IklKVDY2VkQyVHJWM0Z2YlcrQ21lNzRlR1BLVUNubmxNa1VmbWV3MlJxUUU9IiwiaXNzIjoiOjoxIiwibmJmIjoxNTM5MDg2OTA4LCJleHAiOjE1MzkwODg3MDgsImRhdGEiOnsidXNlcm5hbWUiOiJhZGUiLCJwYXNzd29yZCI6ImI3MDE2NmQyMzU5ZTU1ZmYzNDg0ZjVkNzAyMGM3MGQ4NmQ4OTA3OTYiLCJpcCI6Ijo6MSIsInVzZXJfYWdlbnQiOiJUaWNrZXRpbmctV2ViQXBwIn19.Grrsxphh7fmiOVRfapS_Mnv8qxlhU4B78epbBo3P7qc
Connection: close
Request body:

========================================
2018-10-09 19:09:41 
::1 GET /tourism/public-api/v1/countries/5/continent?limit=6 HTTP/1.1
HTTP headers:
Host: localhost
User-Agent: Ticketing-WebApp
Authorization: Bearer eyJ0eXAiOiJKV1QiLCJhbGciOiJIUzI1NiJ9.eyJpYXQiOjE1MzkwODY5MDgsImp0aSI6IklKVDY2VkQyVHJWM0Z2YlcrQ21lNzRlR1BLVUNubmxNa1VmbWV3MlJxUUU9IiwiaXNzIjoiOjoxIiwibmJmIjoxNTM5MDg2OTA4LCJleHAiOjE1MzkwODg3MDgsImRhdGEiOnsidXNlcm5hbWUiOiJhZGUiLCJwYXNzd29yZCI6ImI3MDE2NmQyMzU5ZTU1ZmYzNDg0ZjVkNzAyMGM3MGQ4NmQ4OTA3OTYiLCJpcCI6Ijo6MSIsInVzZXJfYWdlbnQiOiJUaWNrZXRpbmctV2ViQXBwIn19.Grrsxphh7fmiOVRfapS_Mnv8qxlhU4B78epbBo3P7qc
Connection: close
Request body:

========================================
2018-10-09 19:09:45 
::1 GET /tourism/public-api/v1/countries/5/continent?limit=1 HTTP/1.1
HTTP headers:
Host: localhost
User-Agent: Ticketing-WebApp
Authorization: Bearer eyJ0eXAiOiJKV1QiLCJhbGciOiJIUzI1NiJ9.eyJpYXQiOjE1MzkwODY5MDgsImp0aSI6IklKVDY2VkQyVHJWM0Z2YlcrQ21lNzRlR1BLVUNubmxNa1VmbWV3MlJxUUU9IiwiaXNzIjoiOjoxIiwibmJmIjoxNTM5MDg2OTA4LCJleHAiOjE1MzkwODg3MDgsImRhdGEiOnsidXNlcm5hbWUiOiJhZGUiLCJwYXNzd29yZCI6ImI3MDE2NmQyMzU5ZTU1ZmYzNDg0ZjVkNzAyMGM3MGQ4NmQ4OTA3OTYiLCJpcCI6Ijo6MSIsInVzZXJfYWdlbnQiOiJUaWNrZXRpbmctV2ViQXBwIn19.Grrsxphh7fmiOVRfapS_Mnv8qxlhU4B78epbBo3P7qc
Connection: close
Request body:

========================================
2018-10-09 19:09:45 
::1 GET /tourism/public-api/v1/countries/5/continent?limit=6 HTTP/1.1
HTTP headers:
Host: localhost
User-Agent: Ticketing-WebApp
Authorization: Bearer eyJ0eXAiOiJKV1QiLCJhbGciOiJIUzI1NiJ9.eyJpYXQiOjE1MzkwODY5MDgsImp0aSI6IklKVDY2VkQyVHJWM0Z2YlcrQ21lNzRlR1BLVUNubmxNa1VmbWV3MlJxUUU9IiwiaXNzIjoiOjoxIiwibmJmIjoxNTM5MDg2OTA4LCJleHAiOjE1MzkwODg3MDgsImRhdGEiOnsidXNlcm5hbWUiOiJhZGUiLCJwYXNzd29yZCI6ImI3MDE2NmQyMzU5ZTU1ZmYzNDg0ZjVkNzAyMGM3MGQ4NmQ4OTA3OTYiLCJpcCI6Ijo6MSIsInVzZXJfYWdlbnQiOiJUaWNrZXRpbmctV2ViQXBwIn19.Grrsxphh7fmiOVRfapS_Mnv8qxlhU4B78epbBo3P7qc
Connection: close
Request body:

========================================
2018-10-09 19:09:47 
::1 GET /tourism/public-api/v1/provinces/1/countries?limit=1 HTTP/1.1
HTTP headers:
Host: localhost
User-Agent: Ticketing-WebApp
Authorization: Bearer eyJ0eXAiOiJKV1QiLCJhbGciOiJIUzI1NiJ9.eyJpYXQiOjE1MzkwODY5MDgsImp0aSI6IklKVDY2VkQyVHJWM0Z2YlcrQ21lNzRlR1BLVUNubmxNa1VmbWV3MlJxUUU9IiwiaXNzIjoiOjoxIiwibmJmIjoxNTM5MDg2OTA4LCJleHAiOjE1MzkwODg3MDgsImRhdGEiOnsidXNlcm5hbWUiOiJhZGUiLCJwYXNzd29yZCI6ImI3MDE2NmQyMzU5ZTU1ZmYzNDg0ZjVkNzAyMGM3MGQ4NmQ4OTA3OTYiLCJpcCI6Ijo6MSIsInVzZXJfYWdlbnQiOiJUaWNrZXRpbmctV2ViQXBwIn19.Grrsxphh7fmiOVRfapS_Mnv8qxlhU4B78epbBo3P7qc
Connection: close
Request body:

========================================
2018-10-09 19:09:47 
::1 GET /tourism/public-api/v1/provinces/1/countries?limit=33 HTTP/1.1
HTTP headers:
Host: localhost
User-Agent: Ticketing-WebApp
Authorization: Bearer eyJ0eXAiOiJKV1QiLCJhbGciOiJIUzI1NiJ9.eyJpYXQiOjE1MzkwODY5MDgsImp0aSI6IklKVDY2VkQyVHJWM0Z2YlcrQ21lNzRlR1BLVUNubmxNa1VmbWV3MlJxUUU9IiwiaXNzIjoiOjoxIiwibmJmIjoxNTM5MDg2OTA4LCJleHAiOjE1MzkwODg3MDgsImRhdGEiOnsidXNlcm5hbWUiOiJhZGUiLCJwYXNzd29yZCI6ImI3MDE2NmQyMzU5ZTU1ZmYzNDg0ZjVkNzAyMGM3MGQ4NmQ4OTA3OTYiLCJpcCI6Ijo6MSIsInVzZXJfYWdlbnQiOiJUaWNrZXRpbmctV2ViQXBwIn19.Grrsxphh7fmiOVRfapS_Mnv8qxlhU4B78epbBo3P7qc
Connection: close
Request body:

========================================
