2019-12-02 17:13:22 
::1 GET /tourism/public-api/v1/tourism?tourism_approval_status=2&sort=DESC HTTP/1.1
HTTP headers:
Host: localhost
User-Agent: Ticketing-WebApp
Connection: close
Request body:

========================================
2019-12-02 17:13:28 
::1 POST /tourism/public-api/v1/users/token HTTP/1.1
HTTP headers:
Host: localhost
Content-Length: 10
User-Agent: Ticketing-WebApp
Connection: close
Content-Type: application/x-www-form-urlencoded
Request body:
password=0
========================================
2019-12-02 17:13:32 
::1 GET /tourism/public-api/v1/tourism?tourism_approval_status=2&sort=DESC HTTP/1.1
HTTP headers:
Host: localhost
User-Agent: Ticketing-WebApp
Connection: close
Request body:

========================================
2019-12-02 17:13:36 
::1 POST /tourism/public-api/v1/users/token HTTP/1.1
HTTP headers:
Host: localhost
Content-Length: 10
User-Agent: Ticketing-WebApp
Connection: close
Content-Type: application/x-www-form-urlencoded
Request body:
password=0
========================================
2019-12-02 17:13:40 
::1 GET /tourism/public-api/v1/tourism?tourism_approval_status=2&sort=DESC HTTP/1.1
HTTP headers:
Host: localhost
User-Agent: Ticketing-WebApp
Connection: close
Request body:

========================================
2019-12-02 17:13:44 
::1 POST /tourism/public-api/v1/users/token HTTP/1.1
HTTP headers:
Host: localhost
Content-Length: 10
User-Agent: Ticketing-WebApp
Connection: close
Content-Type: application/x-www-form-urlencoded
Request body:
password=0
========================================
2019-12-02 17:13:48 
::1 GET /tourism/public-api/v1/tourism?tourism_approval_status=2&sort=DESC HTTP/1.1
HTTP headers:
Host: localhost
User-Agent: Ticketing-WebApp
Connection: close
Request body:

========================================
2019-12-02 17:14:01 
::1 GET /tourism/public-api/v1/tourism?tourism_approval_status=2&sort=DESC HTTP/1.1
HTTP headers:
Host: localhost
User-Agent: Ticketing-WebApp
Connection: close
Request body:

========================================
2019-12-02 17:14:05 
::1 POST /tourism/public-api/v1/users/token HTTP/1.1
HTTP headers:
Host: localhost
Content-Length: 10
User-Agent: Ticketing-WebApp
Connection: close
Content-Type: application/x-www-form-urlencoded
Request body:
password=0
========================================
2019-12-02 17:14:09 
::1 GET /tourism/public-api/v1/tourism?tourism_approval_status=2&sort=DESC HTTP/1.1
HTTP headers:
Host: localhost
User-Agent: Ticketing-WebApp
Connection: close
Request body:

========================================
2019-12-02 17:14:13 
::1 POST /tourism/public-api/v1/users/token HTTP/1.1
HTTP headers:
Host: localhost
Content-Length: 10
User-Agent: Ticketing-WebApp
Connection: close
Content-Type: application/x-www-form-urlencoded
Request body:
password=0
========================================
2019-12-02 17:14:17 
::1 GET /tourism/public-api/v1/tourism?tourism_approval_status=2&sort=DESC HTTP/1.1
HTTP headers:
Host: localhost
User-Agent: Ticketing-WebApp
Connection: close
Request body:

========================================
2019-12-02 17:14:21 
::1 POST /tourism/public-api/v1/users/token HTTP/1.1
HTTP headers:
Host: localhost
Content-Length: 10
User-Agent: Ticketing-WebApp
Connection: close
Content-Type: application/x-www-form-urlencoded
Request body:
password=0
========================================
2019-12-02 17:14:25 
::1 GET /tourism/public-api/v1/tourism?tourism_approval_status=2&sort=DESC HTTP/1.1
HTTP headers:
Host: localhost
User-Agent: Ticketing-WebApp
Connection: close
Request body:

========================================
2019-12-02 17:14:44 
::1 GET /tourism/public-api/v1/tourism?limit=10&sort=desc&tourism_approval_status=2 HTTP/1.1
HTTP headers:
Host: localhost
User-Agent: Ticketing-WebApp
Connection: close
Request body:

========================================
2019-12-02 17:14:48 
::1 POST /tourism/public-api/v1/users/token HTTP/1.1
HTTP headers:
Host: localhost
Content-Length: 10
User-Agent: Ticketing-WebApp
Connection: close
Content-Type: application/x-www-form-urlencoded
Request body:
password=0
========================================
2019-12-02 17:14:52 
::1 GET /tourism/public-api/v1/tourism?limit=10&sort=desc&tourism_approval_status=2 HTTP/1.1
HTTP headers:
Host: localhost
User-Agent: Ticketing-WebApp
Connection: close
Request body:

========================================
2019-12-02 17:14:56 
::1 POST /tourism/public-api/v1/users/token HTTP/1.1
HTTP headers:
Host: localhost
Content-Length: 10
User-Agent: Ticketing-WebApp
Connection: close
Content-Type: application/x-www-form-urlencoded
Request body:
password=0
========================================
2019-12-02 17:15:00 
::1 GET /tourism/public-api/v1/tourism?limit=10&sort=desc&tourism_approval_status=2 HTTP/1.1
HTTP headers:
Host: localhost
User-Agent: Ticketing-WebApp
Connection: close
Request body:

========================================
2019-12-02 17:15:04 
::1 POST /tourism/public-api/v1/users/token HTTP/1.1
HTTP headers:
Host: localhost
Content-Length: 10
User-Agent: Ticketing-WebApp
Connection: close
Content-Type: application/x-www-form-urlencoded
Request body:
password=0
========================================
2019-12-02 17:15:09 
::1 GET /tourism/public-api/v1/tourism?limit=10&sort=desc&tourism_approval_status=2 HTTP/1.1
HTTP headers:
Host: localhost
User-Agent: Ticketing-WebApp
Connection: close
Request body:

========================================
2019-12-02 17:15:13 
::1 GET /tourism/public-api/v1/continents HTTP/1.1
HTTP headers:
Host: localhost
User-Agent: Ticketing-WebApp
Connection: close
Request body:

========================================
2019-12-02 17:15:13 
::1 GET /tourism/public-api/v1/provinces//countries?limit=1 HTTP/1.1
HTTP headers:
Host: localhost
User-Agent: Ticketing-WebApp
Connection: close
Request body:

========================================
2019-12-02 17:15:13 
::1 GET /tourism/public-api/v1/province//cities?limit=1 HTTP/1.1
HTTP headers:
Host: localhost
User-Agent: Ticketing-WebApp
Connection: close
Request body:

========================================
2019-12-02 17:15:13 
::1 GET /tourism/public-api/v1/countries//continent?limit=1 HTTP/1.1
HTTP headers:
Host: localhost
User-Agent: Ticketing-WebApp
Connection: close
Request body:

========================================
2019-12-02 17:15:13 
::1 POST /tourism/public-api/v1/users/token HTTP/1.1
HTTP headers:
Host: localhost
Content-Length: 10
User-Agent: Ticketing-WebApp
Connection: close
Content-Type: application/x-www-form-urlencoded
Request body:
password=0
========================================
2019-12-02 17:15:13 
::1 POST /tourism/public-api/v1/users/token HTTP/1.1
HTTP headers:
Host: localhost
Content-Length: 10
User-Agent: Ticketing-WebApp
Connection: close
Content-Type: application/x-www-form-urlencoded
Request body:
password=0
========================================
2019-12-02 17:15:13 
::1 POST /tourism/public-api/v1/users/token HTTP/1.1
HTTP headers:
Host: localhost
Content-Length: 10
User-Agent: Ticketing-WebApp
Connection: close
Content-Type: application/x-www-form-urlencoded
Request body:
password=0
========================================
2019-12-02 17:15:17 
::1 POST /tourism/public-api/v1/users/token HTTP/1.1
HTTP headers:
Host: localhost
Content-Length: 10
User-Agent: Ticketing-WebApp
Connection: close
Content-Type: application/x-www-form-urlencoded
Request body:
password=0
========================================
2019-12-02 17:15:17 
::1 GET /tourism/public-api/v1/provinces//countries?limit=1 HTTP/1.1
HTTP headers:
Host: localhost
User-Agent: Ticketing-WebApp
Connection: close
Request body:

========================================
2019-12-02 17:15:17 
::1 GET /tourism/public-api/v1/countries//continent?limit=1 HTTP/1.1
HTTP headers:
Host: localhost
User-Agent: Ticketing-WebApp
Connection: close
Request body:

========================================
2019-12-02 17:15:17 
::1 GET /tourism/public-api/v1/province//cities?limit=1 HTTP/1.1
HTTP headers:
Host: localhost
User-Agent: Ticketing-WebApp
Connection: close
Request body:

========================================
2019-12-02 17:15:17 
::1 POST /tourism/public-api/v1/users/token HTTP/1.1
HTTP headers:
Host: localhost
Content-Length: 10
User-Agent: Ticketing-WebApp
Connection: close
Content-Type: application/x-www-form-urlencoded
Request body:
password=0
========================================
2019-12-02 17:15:17 
::1 POST /tourism/public-api/v1/users/token HTTP/1.1
HTTP headers:
Host: localhost
Content-Length: 10
User-Agent: Ticketing-WebApp
Connection: close
Content-Type: application/x-www-form-urlencoded
Request body:
password=0
========================================
2019-12-02 17:15:17 
::1 POST /tourism/public-api/v1/users/token HTTP/1.1
HTTP headers:
Host: localhost
Content-Length: 10
User-Agent: Ticketing-WebApp
Connection: close
Content-Type: application/x-www-form-urlencoded
Request body:
password=0
========================================
2019-12-02 17:15:21 
::1 GET /tourism/public-api/v1/continents HTTP/1.1
HTTP headers:
Host: localhost
User-Agent: Ticketing-WebApp
Connection: close
Request body:

========================================
2019-12-02 17:15:21 
::1 GET /tourism/public-api/v1/countries//continent?limit=1 HTTP/1.1
HTTP headers:
Host: localhost
User-Agent: Ticketing-WebApp
Connection: close
Request body:

========================================
2019-12-02 17:15:21 
::1 GET /tourism/public-api/v1/provinces//countries?limit=1 HTTP/1.1
HTTP headers:
Host: localhost
User-Agent: Ticketing-WebApp
Connection: close
Request body:

========================================
2019-12-02 17:15:21 
::1 GET /tourism/public-api/v1/province//cities?limit=1 HTTP/1.1
HTTP headers:
Host: localhost
User-Agent: Ticketing-WebApp
Connection: close
Request body:

========================================
2019-12-02 17:15:21 
::1 POST /tourism/public-api/v1/users/token HTTP/1.1
HTTP headers:
Host: localhost
Content-Length: 10
User-Agent: Ticketing-WebApp
Connection: close
Content-Type: application/x-www-form-urlencoded
Request body:
password=0
========================================
2019-12-02 17:15:21 
::1 POST /tourism/public-api/v1/users/token HTTP/1.1
HTTP headers:
Host: localhost
Content-Length: 10
User-Agent: Ticketing-WebApp
Connection: close
Content-Type: application/x-www-form-urlencoded
Request body:
password=0
========================================
2019-12-02 17:15:21 
::1 POST /tourism/public-api/v1/users/token HTTP/1.1
HTTP headers:
Host: localhost
Content-Length: 10
User-Agent: Ticketing-WebApp
Connection: close
Content-Type: application/x-www-form-urlencoded
Request body:
password=0
========================================
2019-12-02 17:15:25 
::1 POST /tourism/public-api/v1/users/token HTTP/1.1
HTTP headers:
Host: localhost
Content-Length: 10
User-Agent: Ticketing-WebApp
Connection: close
Content-Type: application/x-www-form-urlencoded
Request body:
password=0
========================================
2019-12-02 17:15:25 
::1 GET /tourism/public-api/v1/countries//continent?limit=1 HTTP/1.1
HTTP headers:
Host: localhost
User-Agent: Ticketing-WebApp
Connection: close
Request body:

========================================
2019-12-02 17:15:25 
::1 GET /tourism/public-api/v1/provinces//countries?limit=1 HTTP/1.1
HTTP headers:
Host: localhost
User-Agent: Ticketing-WebApp
Connection: close
Request body:

========================================
2019-12-02 17:15:25 
::1 GET /tourism/public-api/v1/province//cities?limit=1 HTTP/1.1
HTTP headers:
Host: localhost
User-Agent: Ticketing-WebApp
Connection: close
Request body:

========================================
2019-12-02 17:15:25 
::1 GET /tourism/public-api/v1/countries//continent?limit= HTTP/1.1
HTTP headers:
Host: localhost
User-Agent: Ticketing-WebApp
Connection: close
Request body:

========================================
2019-12-02 17:15:25 
::1 GET /tourism/public-api/v1/provinces//countries?limit= HTTP/1.1
HTTP headers:
Host: localhost
User-Agent: Ticketing-WebApp
Connection: close
Request body:

========================================
2019-12-02 17:15:25 
::1 GET /tourism/public-api/v1/province//cities?limit= HTTP/1.1
HTTP headers:
Host: localhost
User-Agent: Ticketing-WebApp
Connection: close
Request body:

========================================
2019-12-02 17:15:25 
::1 POST /tourism/public-api/v1/users/token HTTP/1.1
HTTP headers:
Host: localhost
Content-Length: 10
User-Agent: Ticketing-WebApp
Connection: close
Content-Type: application/x-www-form-urlencoded
Request body:
password=0
========================================
2019-12-02 17:15:25 
::1 POST /tourism/public-api/v1/users/token HTTP/1.1
HTTP headers:
Host: localhost
Content-Length: 10
User-Agent: Ticketing-WebApp
Connection: close
Content-Type: application/x-www-form-urlencoded
Request body:
password=0
========================================
2019-12-02 17:15:25 
::1 POST /tourism/public-api/v1/users/token HTTP/1.1
HTTP headers:
Host: localhost
Content-Length: 10
User-Agent: Ticketing-WebApp
Connection: close
Content-Type: application/x-www-form-urlencoded
Request body:
password=0
========================================
2019-12-02 17:15:29 
::1 GET /tourism/public-api/v1/continents HTTP/1.1
HTTP headers:
Host: localhost
User-Agent: Ticketing-WebApp
Connection: close
Request body:

========================================
2019-12-02 17:15:29 
::1 GET /tourism/public-api/v1/countries//continent?limit= HTTP/1.1
HTTP headers:
Host: localhost
User-Agent: Ticketing-WebApp
Connection: close
Request body:

========================================
2019-12-02 17:15:29 
::1 GET /tourism/public-api/v1/province//cities?limit= HTTP/1.1
HTTP headers:
Host: localhost
User-Agent: Ticketing-WebApp
Connection: close
Request body:

========================================
2019-12-02 17:15:29 
::1 GET /tourism/public-api/v1/provinces//countries?limit= HTTP/1.1
HTTP headers:
Host: localhost
User-Agent: Ticketing-WebApp
Connection: close
Request body:

========================================
2019-12-02 17:15:29 
::1 POST /tourism/public-api/v1/users/token HTTP/1.1
HTTP headers:
Host: localhost
Content-Length: 10
User-Agent: Ticketing-WebApp
Connection: close
Content-Type: application/x-www-form-urlencoded
Request body:
password=0
========================================
2019-12-02 17:15:29 
::1 POST /tourism/public-api/v1/users/token HTTP/1.1
HTTP headers:
Host: localhost
Content-Length: 10
User-Agent: Ticketing-WebApp
Connection: close
Content-Type: application/x-www-form-urlencoded
Request body:
password=0
========================================
2019-12-02 17:15:29 
::1 POST /tourism/public-api/v1/users/token HTTP/1.1
HTTP headers:
Host: localhost
Content-Length: 10
User-Agent: Ticketing-WebApp
Connection: close
Content-Type: application/x-www-form-urlencoded
Request body:
password=0
========================================
2019-12-02 17:15:33 
::1 POST /tourism/public-api/v1/users/token HTTP/1.1
HTTP headers:
Host: localhost
Content-Length: 10
User-Agent: Ticketing-WebApp
Connection: close
Content-Type: application/x-www-form-urlencoded
Request body:
password=0
========================================
2019-12-02 17:15:34 
::1 GET /tourism/public-api/v1/countries//continent?limit= HTTP/1.1
HTTP headers:
Host: localhost
User-Agent: Ticketing-WebApp
Connection: close
Request body:

========================================
2019-12-02 17:15:34 
::1 GET /tourism/public-api/v1/province//cities?limit= HTTP/1.1
HTTP headers:
Host: localhost
User-Agent: Ticketing-WebApp
Connection: close
Request body:

========================================
2019-12-02 17:15:34 
::1 GET /tourism/public-api/v1/provinces//countries?limit= HTTP/1.1
HTTP headers:
Host: localhost
User-Agent: Ticketing-WebApp
Connection: close
Request body:

========================================
2019-12-02 17:15:34 
::1 POST /tourism/public-api/v1/users/token HTTP/1.1
HTTP headers:
Host: localhost
Content-Length: 10
User-Agent: Ticketing-WebApp
Connection: close
Content-Type: application/x-www-form-urlencoded
Request body:
password=0
========================================
2019-12-02 17:15:34 
::1 POST /tourism/public-api/v1/users/token HTTP/1.1
HTTP headers:
Host: localhost
Content-Length: 10
User-Agent: Ticketing-WebApp
Connection: close
Content-Type: application/x-www-form-urlencoded
Request body:
password=0
========================================
2019-12-02 17:15:34 
::1 POST /tourism/public-api/v1/users/token HTTP/1.1
HTTP headers:
Host: localhost
Content-Length: 10
User-Agent: Ticketing-WebApp
Connection: close
Content-Type: application/x-www-form-urlencoded
Request body:
password=0
========================================
2019-12-02 17:15:37 
::1 GET /tourism/public-api/v1/continents HTTP/1.1
HTTP headers:
Host: localhost
User-Agent: Ticketing-WebApp
Connection: close
Request body:

========================================
2019-12-02 17:15:38 
::1 GET /tourism/public-api/v1/province//cities?limit= HTTP/1.1
HTTP headers:
Host: localhost
User-Agent: Ticketing-WebApp
Connection: close
Request body:

========================================
2019-12-02 17:15:38 
::1 GET /tourism/public-api/v1/countries//continent?limit= HTTP/1.1
HTTP headers:
Host: localhost
User-Agent: Ticketing-WebApp
Connection: close
Request body:

========================================
2019-12-02 17:15:38 
::1 GET /tourism/public-api/v1/provinces//countries?limit= HTTP/1.1
HTTP headers:
Host: localhost
User-Agent: Ticketing-WebApp
Connection: close
Request body:

========================================
