2018-01-25 09:50:38 
::1 POST /synergix-takaful/public-api/v1/users/token HTTP/1.1
HTTP headers:
Host: localhost
Content-Length: 35
User-Agent: Ticketing-WebApp
Connection: close
Content-Type: application/x-www-form-urlencoded
Request body:
username=ba_admin&password=ba_admin
========================================
2018-01-25 09:50:39 
::1 GET /synergix-takaful/public-api/v1/users/9 HTTP/1.1
HTTP headers:
Host: localhost
User-Agent: Ticketing-WebApp
Authorization: Bearer eyJ0eXAiOiJKV1QiLCJhbGciOiJIUzI1NiJ9.eyJpYXQiOjE1MTY4NDg2MzgsImp0aSI6IktkREVOU0xsTzVLZythNTg2bjN1dW91Vzc0Y25ZUFwveEFib1VOclAxbTQ4PSIsImlzcyI6Ijo6MSIsIm5iZiI6MTUxNjg0ODYzOCwiZXhwIjoxNTE2ODUwNDM4LCJkYXRhIjp7InVzZXJuYW1lIjoiYmFfYWRtaW4iLCJwYXNzd29yZCI6ImEwMzZhYzEzNzIyYWEzYzY4NWI0ZmM0OTViY2ExMGE3MTc0ZjA5NzAiLCJpcCI6Ijo6MSIsInVzZXJfYWdlbnQiOiJUaWNrZXRpbmctV2ViQXBwIn19.ePnCs2zbXvLmUnmnBl6IPJ_sgG5_8BEf6iknjRVAzok
Connection: close
Request body:

========================================
2018-01-25 09:50:39 
::1 GET /synergix-takaful/public-api/v1/user_level_modules/active?code=TICKET&user_level_id=7 HTTP/1.1
HTTP headers:
Host: localhost
User-Agent: Ticketing-WebApp
Authorization: Bearer eyJ0eXAiOiJKV1QiLCJhbGciOiJIUzI1NiJ9.eyJpYXQiOjE1MTY4NDg2MzgsImp0aSI6IktkREVOU0xsTzVLZythNTg2bjN1dW91Vzc0Y25ZUFwveEFib1VOclAxbTQ4PSIsImlzcyI6Ijo6MSIsIm5iZiI6MTUxNjg0ODYzOCwiZXhwIjoxNTE2ODUwNDM4LCJkYXRhIjp7InVzZXJuYW1lIjoiYmFfYWRtaW4iLCJwYXNzd29yZCI6ImEwMzZhYzEzNzIyYWEzYzY4NWI0ZmM0OTViY2ExMGE3MTc0ZjA5NzAiLCJpcCI6Ijo6MSIsInVzZXJfYWdlbnQiOiJUaWNrZXRpbmctV2ViQXBwIn19.ePnCs2zbXvLmUnmnBl6IPJ_sgG5_8BEf6iknjRVAzok
Connection: close
Request body:

========================================
2018-01-25 09:50:40 
::1 GET /synergix-takaful/public-api/v1/ticket_statuses/active?order=name HTTP/1.1
HTTP headers:
Host: localhost
User-Agent: Ticketing-WebApp
Authorization: Bearer eyJ0eXAiOiJKV1QiLCJhbGciOiJIUzI1NiJ9.eyJpYXQiOjE1MTY4NDg2MzgsImp0aSI6IktkREVOU0xsTzVLZythNTg2bjN1dW91Vzc0Y25ZUFwveEFib1VOclAxbTQ4PSIsImlzcyI6Ijo6MSIsIm5iZiI6MTUxNjg0ODYzOCwiZXhwIjoxNTE2ODUwNDM4LCJkYXRhIjp7InVzZXJuYW1lIjoiYmFfYWRtaW4iLCJwYXNzd29yZCI6ImEwMzZhYzEzNzIyYWEzYzY4NWI0ZmM0OTViY2ExMGE3MTc0ZjA5NzAiLCJpcCI6Ijo6MSIsInVzZXJfYWdlbnQiOiJUaWNrZXRpbmctV2ViQXBwIn19.ePnCs2zbXvLmUnmnBl6IPJ_sgG5_8BEf6iknjRVAzok
Connection: close
Request body:

========================================
2018-01-25 09:50:40 
::1 GET /synergix-takaful/public-api/v1/tickets?limit=20&start=1516813200&end=1516813200 HTTP/1.1
HTTP headers:
Host: localhost
User-Agent: Ticketing-WebApp
Authorization: Bearer eyJ0eXAiOiJKV1QiLCJhbGciOiJIUzI1NiJ9.eyJpYXQiOjE1MTY4NDg2MzgsImp0aSI6IktkREVOU0xsTzVLZythNTg2bjN1dW91Vzc0Y25ZUFwveEFib1VOclAxbTQ4PSIsImlzcyI6Ijo6MSIsIm5iZiI6MTUxNjg0ODYzOCwiZXhwIjoxNTE2ODUwNDM4LCJkYXRhIjp7InVzZXJuYW1lIjoiYmFfYWRtaW4iLCJwYXNzd29yZCI6ImEwMzZhYzEzNzIyYWEzYzY4NWI0ZmM0OTViY2ExMGE3MTc0ZjA5NzAiLCJpcCI6Ijo6MSIsInVzZXJfYWdlbnQiOiJUaWNrZXRpbmctV2ViQXBwIn19.ePnCs2zbXvLmUnmnBl6IPJ_sgG5_8BEf6iknjRVAzok
Connection: close
Request body:

========================================
2018-01-25 10:29:55 
::1 POST /synergix-takaful/public-api/v1/users/token HTTP/1.1
HTTP headers:
Host: localhost
Content-Length: 35
User-Agent: Ticketing-WebApp
Connection: close
Content-Type: application/x-www-form-urlencoded
Request body:
username=ba_admin&password=ba_admin
========================================
2018-01-25 10:29:56 
::1 GET /synergix-takaful/public-api/v1/users/9 HTTP/1.1
HTTP headers:
Host: localhost
User-Agent: Ticketing-WebApp
Authorization: Bearer eyJ0eXAiOiJKV1QiLCJhbGciOiJIUzI1NiJ9.eyJpYXQiOjE1MTY4NTA5OTUsImp0aSI6IldaOTd4TkhLZkxjM2pqYmlsZkVvVW9sSFRcL0hzU2x6djVETkdqbTZYMVwvOD0iLCJpc3MiOiI6OjEiLCJuYmYiOjE1MTY4NTA5OTUsImV4cCI6MTUxNjg1Mjc5NSwiZGF0YSI6eyJ1c2VybmFtZSI6ImJhX2FkbWluIiwicGFzc3dvcmQiOiJhMDM2YWMxMzcyMmFhM2M2ODViNGZjNDk1YmNhMTBhNzE3NGYwOTcwIiwiaXAiOiI6OjEiLCJ1c2VyX2FnZW50IjoiVGlja2V0aW5nLVdlYkFwcCJ9fQ.oCLLd9LDy58Tg18yFlH02ZhEiQr3UL0nv6df067UJnk
Connection: close
Request body:

========================================
2018-01-25 10:29:56 
::1 GET /synergix-takaful/public-api/v1/user_level_modules/active?code=TICKET&user_level_id=7 HTTP/1.1
HTTP headers:
Host: localhost
User-Agent: Ticketing-WebApp
Authorization: Bearer eyJ0eXAiOiJKV1QiLCJhbGciOiJIUzI1NiJ9.eyJpYXQiOjE1MTY4NTA5OTUsImp0aSI6IldaOTd4TkhLZkxjM2pqYmlsZkVvVW9sSFRcL0hzU2x6djVETkdqbTZYMVwvOD0iLCJpc3MiOiI6OjEiLCJuYmYiOjE1MTY4NTA5OTUsImV4cCI6MTUxNjg1Mjc5NSwiZGF0YSI6eyJ1c2VybmFtZSI6ImJhX2FkbWluIiwicGFzc3dvcmQiOiJhMDM2YWMxMzcyMmFhM2M2ODViNGZjNDk1YmNhMTBhNzE3NGYwOTcwIiwiaXAiOiI6OjEiLCJ1c2VyX2FnZW50IjoiVGlja2V0aW5nLVdlYkFwcCJ9fQ.oCLLd9LDy58Tg18yFlH02ZhEiQr3UL0nv6df067UJnk
Connection: close
Request body:

========================================
2018-01-25 10:29:57 
::1 GET /synergix-takaful/public-api/v1/tickets?limit=20&start=1516813200&end=1516813200 HTTP/1.1
HTTP headers:
Host: localhost
User-Agent: Ticketing-WebApp
Authorization: Bearer eyJ0eXAiOiJKV1QiLCJhbGciOiJIUzI1NiJ9.eyJpYXQiOjE1MTY4NTA5OTUsImp0aSI6IldaOTd4TkhLZkxjM2pqYmlsZkVvVW9sSFRcL0hzU2x6djVETkdqbTZYMVwvOD0iLCJpc3MiOiI6OjEiLCJuYmYiOjE1MTY4NTA5OTUsImV4cCI6MTUxNjg1Mjc5NSwiZGF0YSI6eyJ1c2VybmFtZSI6ImJhX2FkbWluIiwicGFzc3dvcmQiOiJhMDM2YWMxMzcyMmFhM2M2ODViNGZjNDk1YmNhMTBhNzE3NGYwOTcwIiwiaXAiOiI6OjEiLCJ1c2VyX2FnZW50IjoiVGlja2V0aW5nLVdlYkFwcCJ9fQ.oCLLd9LDy58Tg18yFlH02ZhEiQr3UL0nv6df067UJnk
Connection: close
Request body:

========================================
2018-01-25 10:37:21 
::1 POST /synergix-takaful/public-api/v1/users/token HTTP/1.1
HTTP headers:
Host: localhost
Content-Length: 35
User-Agent: Ticketing-WebApp
Connection: close
Content-Type: application/x-www-form-urlencoded
Request body:
username=ba_admin&password=ba_admin
========================================
2018-01-25 10:37:22 
::1 GET /synergix-takaful/public-api/v1/users/9 HTTP/1.1
HTTP headers:
Host: localhost
User-Agent: Ticketing-WebApp
Authorization: Bearer eyJ0eXAiOiJKV1QiLCJhbGciOiJIUzI1NiJ9.eyJpYXQiOjE1MTY4NTE0NDEsImp0aSI6IklNZm5zeVwvd0ZPZHcxNkNzOUpocVBLeTE3NnNVV0RSblJaMmFJU3M0WUlVPSIsImlzcyI6Ijo6MSIsIm5iZiI6MTUxNjg1MTQ0MSwiZXhwIjoxNTE2ODUzMjQxLCJkYXRhIjp7InVzZXJuYW1lIjoiYmFfYWRtaW4iLCJwYXNzd29yZCI6ImEwMzZhYzEzNzIyYWEzYzY4NWI0ZmM0OTViY2ExMGE3MTc0ZjA5NzAiLCJpcCI6Ijo6MSIsInVzZXJfYWdlbnQiOiJUaWNrZXRpbmctV2ViQXBwIn19.NAanGsDpjAqtluUj_Is1mXkugmCRyLckvDup9T2fAvA
Connection: close
Request body:

========================================
2018-01-25 10:37:22 
::1 GET /synergix-takaful/public-api/v1/user_level_modules/active?code=TICKET&user_level_id=7 HTTP/1.1
HTTP headers:
Host: localhost
User-Agent: Ticketing-WebApp
Authorization: Bearer eyJ0eXAiOiJKV1QiLCJhbGciOiJIUzI1NiJ9.eyJpYXQiOjE1MTY4NTE0NDEsImp0aSI6IklNZm5zeVwvd0ZPZHcxNkNzOUpocVBLeTE3NnNVV0RSblJaMmFJU3M0WUlVPSIsImlzcyI6Ijo6MSIsIm5iZiI6MTUxNjg1MTQ0MSwiZXhwIjoxNTE2ODUzMjQxLCJkYXRhIjp7InVzZXJuYW1lIjoiYmFfYWRtaW4iLCJwYXNzd29yZCI6ImEwMzZhYzEzNzIyYWEzYzY4NWI0ZmM0OTViY2ExMGE3MTc0ZjA5NzAiLCJpcCI6Ijo6MSIsInVzZXJfYWdlbnQiOiJUaWNrZXRpbmctV2ViQXBwIn19.NAanGsDpjAqtluUj_Is1mXkugmCRyLckvDup9T2fAvA
Connection: close
Request body:

========================================
2018-01-25 10:37:23 
::1 GET /synergix-takaful/public-api/v1/tickets?limit=20&start=1516813200&end=1516813200 HTTP/1.1
HTTP headers:
Host: localhost
User-Agent: Ticketing-WebApp
Authorization: Bearer eyJ0eXAiOiJKV1QiLCJhbGciOiJIUzI1NiJ9.eyJpYXQiOjE1MTY4NTE0NDEsImp0aSI6IklNZm5zeVwvd0ZPZHcxNkNzOUpocVBLeTE3NnNVV0RSblJaMmFJU3M0WUlVPSIsImlzcyI6Ijo6MSIsIm5iZiI6MTUxNjg1MTQ0MSwiZXhwIjoxNTE2ODUzMjQxLCJkYXRhIjp7InVzZXJuYW1lIjoiYmFfYWRtaW4iLCJwYXNzd29yZCI6ImEwMzZhYzEzNzIyYWEzYzY4NWI0ZmM0OTViY2ExMGE3MTc0ZjA5NzAiLCJpcCI6Ijo6MSIsInVzZXJfYWdlbnQiOiJUaWNrZXRpbmctV2ViQXBwIn19.NAanGsDpjAqtluUj_Is1mXkugmCRyLckvDup9T2fAvA
Connection: close
Request body:

========================================
2018-01-25 13:46:08 
::1 POST /synergix-takaful/public-api/v1/users/token HTTP/1.1
HTTP headers:
Host: localhost
Content-Length: 29
User-Agent: Ticketing-WebApp
Connection: close
Content-Type: application/x-www-form-urlencoded
Request body:
username=bs_01&password=bs_01
========================================
2018-01-25 13:46:10 
::1 GET /synergix-takaful/public-api/v1/users/6 HTTP/1.1
HTTP headers:
Host: localhost
User-Agent: Ticketing-WebApp
Authorization: Bearer eyJ0eXAiOiJKV1QiLCJhbGciOiJIUzI1NiJ9.eyJpYXQiOjE1MTY4NjI3NjksImp0aSI6IkNtZ1wvWUsxTjd5MHZOQlc5c0N4Uk9vTUVlSk5zZGt5cVlNcW5uUEJHNVwvOD0iLCJpc3MiOiI6OjEiLCJuYmYiOjE1MTY4NjI3NjksImV4cCI6MTUxNjg2NDU2OSwiZGF0YSI6eyJ1c2VybmFtZSI6ImJzXzAxIiwicGFzc3dvcmQiOiIxNTNlYmI0ZmIzYTdjOWRjMWZjYjExNjM5MDk1YzhlYzQ2YmRjNDkxIiwiaXAiOiI6OjEiLCJ1c2VyX2FnZW50IjoiVGlja2V0aW5nLVdlYkFwcCJ9fQ.Eo5_OPUvFgAci8IeGFMtm_XY7h1OySq3KaDP1g_3pRQ
Connection: close
Request body:

========================================
2018-01-25 13:46:10 
::1 GET /synergix-takaful/public-api/v1/user_level_modules/active?code=TICKET&user_level_id=1 HTTP/1.1
HTTP headers:
Host: localhost
User-Agent: Ticketing-WebApp
Authorization: Bearer eyJ0eXAiOiJKV1QiLCJhbGciOiJIUzI1NiJ9.eyJpYXQiOjE1MTY4NjI3NjksImp0aSI6IkNtZ1wvWUsxTjd5MHZOQlc5c0N4Uk9vTUVlSk5zZGt5cVlNcW5uUEJHNVwvOD0iLCJpc3MiOiI6OjEiLCJuYmYiOjE1MTY4NjI3NjksImV4cCI6MTUxNjg2NDU2OSwiZGF0YSI6eyJ1c2VybmFtZSI6ImJzXzAxIiwicGFzc3dvcmQiOiIxNTNlYmI0ZmIzYTdjOWRjMWZjYjExNjM5MDk1YzhlYzQ2YmRjNDkxIiwiaXAiOiI6OjEiLCJ1c2VyX2FnZW50IjoiVGlja2V0aW5nLVdlYkFwcCJ9fQ.Eo5_OPUvFgAci8IeGFMtm_XY7h1OySq3KaDP1g_3pRQ
Connection: close
Request body:

========================================
2018-01-25 13:46:10 
::1 GET /synergix-takaful/public-api/v1/ticket_types?is_active=1 HTTP/1.1
HTTP headers:
Host: localhost
User-Agent: Ticketing-WebApp
Authorization: Bearer eyJ0eXAiOiJKV1QiLCJhbGciOiJIUzI1NiJ9.eyJpYXQiOjE1MTY4NjI3NjksImp0aSI6IkNtZ1wvWUsxTjd5MHZOQlc5c0N4Uk9vTUVlSk5zZGt5cVlNcW5uUEJHNVwvOD0iLCJpc3MiOiI6OjEiLCJuYmYiOjE1MTY4NjI3NjksImV4cCI6MTUxNjg2NDU2OSwiZGF0YSI6eyJ1c2VybmFtZSI6ImJzXzAxIiwicGFzc3dvcmQiOiIxNTNlYmI0ZmIzYTdjOWRjMWZjYjExNjM5MDk1YzhlYzQ2YmRjNDkxIiwiaXAiOiI6OjEiLCJ1c2VyX2FnZW50IjoiVGlja2V0aW5nLVdlYkFwcCJ9fQ.Eo5_OPUvFgAci8IeGFMtm_XY7h1OySq3KaDP1g_3pRQ
Connection: close
Request body:

========================================
2018-01-25 13:46:10 
::1 GET /synergix-takaful/public-api/v1/ticket_priorities?is_active=1&order=name HTTP/1.1
HTTP headers:
Host: localhost
User-Agent: Ticketing-WebApp
Authorization: Bearer eyJ0eXAiOiJKV1QiLCJhbGciOiJIUzI1NiJ9.eyJpYXQiOjE1MTY4NjI3NjksImp0aSI6IkNtZ1wvWUsxTjd5MHZOQlc5c0N4Uk9vTUVlSk5zZGt5cVlNcW5uUEJHNVwvOD0iLCJpc3MiOiI6OjEiLCJuYmYiOjE1MTY4NjI3NjksImV4cCI6MTUxNjg2NDU2OSwiZGF0YSI6eyJ1c2VybmFtZSI6ImJzXzAxIiwicGFzc3dvcmQiOiIxNTNlYmI0ZmIzYTdjOWRjMWZjYjExNjM5MDk1YzhlYzQ2YmRjNDkxIiwiaXAiOiI6OjEiLCJ1c2VyX2FnZW50IjoiVGlja2V0aW5nLVdlYkFwcCJ9fQ.Eo5_OPUvFgAci8IeGFMtm_XY7h1OySq3KaDP1g_3pRQ
Connection: close
Request body:

========================================
2018-01-25 13:46:10 
::1 GET /synergix-takaful/public-api/v1/product_types/active?limit=50 HTTP/1.1
HTTP headers:
Host: localhost
User-Agent: Ticketing-WebApp
Authorization: Bearer eyJ0eXAiOiJKV1QiLCJhbGciOiJIUzI1NiJ9.eyJpYXQiOjE1MTY4NjI3NjksImp0aSI6IkNtZ1wvWUsxTjd5MHZOQlc5c0N4Uk9vTUVlSk5zZGt5cVlNcW5uUEJHNVwvOD0iLCJpc3MiOiI6OjEiLCJuYmYiOjE1MTY4NjI3NjksImV4cCI6MTUxNjg2NDU2OSwiZGF0YSI6eyJ1c2VybmFtZSI6ImJzXzAxIiwicGFzc3dvcmQiOiIxNTNlYmI0ZmIzYTdjOWRjMWZjYjExNjM5MDk1YzhlYzQ2YmRjNDkxIiwiaXAiOiI6OjEiLCJ1c2VyX2FnZW50IjoiVGlja2V0aW5nLVdlYkFwcCJ9fQ.Eo5_OPUvFgAci8IeGFMtm_XY7h1OySq3KaDP1g_3pRQ
Connection: close
Request body:

========================================
2018-01-25 13:46:10 
::1 GET /synergix-takaful/public-api/v1/tickets?limit=20&start=1516813200&end=1516813200 HTTP/1.1
HTTP headers:
Host: localhost
User-Agent: Ticketing-WebApp
Authorization: Bearer eyJ0eXAiOiJKV1QiLCJhbGciOiJIUzI1NiJ9.eyJpYXQiOjE1MTY4NjI3NjksImp0aSI6IkNtZ1wvWUsxTjd5MHZOQlc5c0N4Uk9vTUVlSk5zZGt5cVlNcW5uUEJHNVwvOD0iLCJpc3MiOiI6OjEiLCJuYmYiOjE1MTY4NjI3NjksImV4cCI6MTUxNjg2NDU2OSwiZGF0YSI6eyJ1c2VybmFtZSI6ImJzXzAxIiwicGFzc3dvcmQiOiIxNTNlYmI0ZmIzYTdjOWRjMWZjYjExNjM5MDk1YzhlYzQ2YmRjNDkxIiwiaXAiOiI6OjEiLCJ1c2VyX2FnZW50IjoiVGlja2V0aW5nLVdlYkFwcCJ9fQ.Eo5_OPUvFgAci8IeGFMtm_XY7h1OySq3KaDP1g_3pRQ
Connection: close
Request body:

========================================
2018-01-25 13:56:13 
::1 GET /synergix-takaful/public-api/v1/tickets?limit=20&start=1516813200&end=1516813200 HTTP/1.1
HTTP headers:
Host: localhost
User-Agent: Ticketing-WebApp
Authorization: Bearer eyJ0eXAiOiJKV1QiLCJhbGciOiJIUzI1NiJ9.eyJpYXQiOjE1MTY4NjI3NjksImp0aSI6IkNtZ1wvWUsxTjd5MHZOQlc5c0N4Uk9vTUVlSk5zZGt5cVlNcW5uUEJHNVwvOD0iLCJpc3MiOiI6OjEiLCJuYmYiOjE1MTY4NjI3NjksImV4cCI6MTUxNjg2NDU2OSwiZGF0YSI6eyJ1c2VybmFtZSI6ImJzXzAxIiwicGFzc3dvcmQiOiIxNTNlYmI0ZmIzYTdjOWRjMWZjYjExNjM5MDk1YzhlYzQ2YmRjNDkxIiwiaXAiOiI6OjEiLCJ1c2VyX2FnZW50IjoiVGlja2V0aW5nLVdlYkFwcCJ9fQ.Eo5_OPUvFgAci8IeGFMtm_XY7h1OySq3KaDP1g_3pRQ
Connection: close
Request body:

========================================
2018-01-25 13:57:25 
::1 POST /synergix-takaful/public-api/v1/users/token HTTP/1.1
HTTP headers:
Host: localhost
Content-Length: 29
User-Agent: Ticketing-WebApp
Connection: close
Content-Type: application/x-www-form-urlencoded
Request body:
username=bs_01&password=bs_01
========================================
2018-01-25 13:57:26 
::1 GET /synergix-takaful/public-api/v1/users/6 HTTP/1.1
HTTP headers:
Host: localhost
User-Agent: Ticketing-WebApp
Authorization: Bearer eyJ0eXAiOiJKV1QiLCJhbGciOiJIUzI1NiJ9.eyJpYXQiOjE1MTY4NjM0NDUsImp0aSI6ImFlY0lwXC95blI5ZGMxdlZZajJaUDVtbE1rMTgyRHBnbWZmeXJcL21mNFNoOD0iLCJpc3MiOiI6OjEiLCJuYmYiOjE1MTY4NjM0NDUsImV4cCI6MTUxNjg2NTI0NSwiZGF0YSI6eyJ1c2VybmFtZSI6ImJzXzAxIiwicGFzc3dvcmQiOiIxNTNlYmI0ZmIzYTdjOWRjMWZjYjExNjM5MDk1YzhlYzQ2YmRjNDkxIiwiaXAiOiI6OjEiLCJ1c2VyX2FnZW50IjoiVGlja2V0aW5nLVdlYkFwcCJ9fQ.sX88q5Hq0zkkzT_MLlkBij8CQoXvExfV7RQBhAJffgo
Connection: close
Request body:

========================================
2018-01-25 13:57:26 
::1 GET /synergix-takaful/public-api/v1/user_level_modules/active?code=TICKET&user_level_id=1 HTTP/1.1
HTTP headers:
Host: localhost
User-Agent: Ticketing-WebApp
Authorization: Bearer eyJ0eXAiOiJKV1QiLCJhbGciOiJIUzI1NiJ9.eyJpYXQiOjE1MTY4NjM0NDUsImp0aSI6ImFlY0lwXC95blI5ZGMxdlZZajJaUDVtbE1rMTgyRHBnbWZmeXJcL21mNFNoOD0iLCJpc3MiOiI6OjEiLCJuYmYiOjE1MTY4NjM0NDUsImV4cCI6MTUxNjg2NTI0NSwiZGF0YSI6eyJ1c2VybmFtZSI6ImJzXzAxIiwicGFzc3dvcmQiOiIxNTNlYmI0ZmIzYTdjOWRjMWZjYjExNjM5MDk1YzhlYzQ2YmRjNDkxIiwiaXAiOiI6OjEiLCJ1c2VyX2FnZW50IjoiVGlja2V0aW5nLVdlYkFwcCJ9fQ.sX88q5Hq0zkkzT_MLlkBij8CQoXvExfV7RQBhAJffgo
Connection: close
Request body:

========================================
2018-01-25 13:57:27 
::1 GET /synergix-takaful/public-api/v1/tickets?limit=20&start=1516813200&end=1516813200 HTTP/1.1
HTTP headers:
Host: localhost
User-Agent: Ticketing-WebApp
Authorization: Bearer eyJ0eXAiOiJKV1QiLCJhbGciOiJIUzI1NiJ9.eyJpYXQiOjE1MTY4NjM0NDUsImp0aSI6ImFlY0lwXC95blI5ZGMxdlZZajJaUDVtbE1rMTgyRHBnbWZmeXJcL21mNFNoOD0iLCJpc3MiOiI6OjEiLCJuYmYiOjE1MTY4NjM0NDUsImV4cCI6MTUxNjg2NTI0NSwiZGF0YSI6eyJ1c2VybmFtZSI6ImJzXzAxIiwicGFzc3dvcmQiOiIxNTNlYmI0ZmIzYTdjOWRjMWZjYjExNjM5MDk1YzhlYzQ2YmRjNDkxIiwiaXAiOiI6OjEiLCJ1c2VyX2FnZW50IjoiVGlja2V0aW5nLVdlYkFwcCJ9fQ.sX88q5Hq0zkkzT_MLlkBij8CQoXvExfV7RQBhAJffgo
Connection: close
Request body:

========================================
2018-01-25 15:29:19 
::1 POST /synergix-takaful/public-api/v1/users/token HTTP/1.1
HTTP headers:
Host: localhost
Content-Length: 29
User-Agent: Ticketing-WebApp
Connection: close
Content-Type: application/x-www-form-urlencoded
Request body:
username=bs_01&password=bs_01
========================================
2018-01-25 15:29:20 
::1 GET /synergix-takaful/public-api/v1/users/6 HTTP/1.1
HTTP headers:
Host: localhost
User-Agent: Ticketing-WebApp
Authorization: Bearer eyJ0eXAiOiJKV1QiLCJhbGciOiJIUzI1NiJ9.eyJpYXQiOjE1MTY4Njg5NTksImp0aSI6InVkdjN4NXRNVkxmdElvSm9SVTZRK0hNNlwvVmZZOTI0U2Fybk9BTE4zMCtFPSIsImlzcyI6Ijo6MSIsIm5iZiI6MTUxNjg2ODk1OSwiZXhwIjoxNTE2ODcwNzU5LCJkYXRhIjp7InVzZXJuYW1lIjoiYnNfMDEiLCJwYXNzd29yZCI6IjE1M2ViYjRmYjNhN2M5ZGMxZmNiMTE2MzkwOTVjOGVjNDZiZGM0OTEiLCJpcCI6Ijo6MSIsInVzZXJfYWdlbnQiOiJUaWNrZXRpbmctV2ViQXBwIn19.U_hZ4_24steYq42IeKpeGxTG2jK6S4iobRx0JQZ7v0s
Connection: close
Request body:

========================================
2018-01-25 15:29:20 
::1 GET /synergix-takaful/public-api/v1/user_level_modules/active?code=TICKET&user_level_id=1 HTTP/1.1
HTTP headers:
Host: localhost
User-Agent: Ticketing-WebApp
Authorization: Bearer eyJ0eXAiOiJKV1QiLCJhbGciOiJIUzI1NiJ9.eyJpYXQiOjE1MTY4Njg5NTksImp0aSI6InVkdjN4NXRNVkxmdElvSm9SVTZRK0hNNlwvVmZZOTI0U2Fybk9BTE4zMCtFPSIsImlzcyI6Ijo6MSIsIm5iZiI6MTUxNjg2ODk1OSwiZXhwIjoxNTE2ODcwNzU5LCJkYXRhIjp7InVzZXJuYW1lIjoiYnNfMDEiLCJwYXNzd29yZCI6IjE1M2ViYjRmYjNhN2M5ZGMxZmNiMTE2MzkwOTVjOGVjNDZiZGM0OTEiLCJpcCI6Ijo6MSIsInVzZXJfYWdlbnQiOiJUaWNrZXRpbmctV2ViQXBwIn19.U_hZ4_24steYq42IeKpeGxTG2jK6S4iobRx0JQZ7v0s
Connection: close
Request body:

========================================
2018-01-25 15:29:21 
::1 GET /synergix-takaful/public-api/v1/tickets?limit=20&start=1516813200&end=1516813200 HTTP/1.1
HTTP headers:
Host: localhost
User-Agent: Ticketing-WebApp
Authorization: Bearer eyJ0eXAiOiJKV1QiLCJhbGciOiJIUzI1NiJ9.eyJpYXQiOjE1MTY4Njg5NTksImp0aSI6InVkdjN4NXRNVkxmdElvSm9SVTZRK0hNNlwvVmZZOTI0U2Fybk9BTE4zMCtFPSIsImlzcyI6Ijo6MSIsIm5iZiI6MTUxNjg2ODk1OSwiZXhwIjoxNTE2ODcwNzU5LCJkYXRhIjp7InVzZXJuYW1lIjoiYnNfMDEiLCJwYXNzd29yZCI6IjE1M2ViYjRmYjNhN2M5ZGMxZmNiMTE2MzkwOTVjOGVjNDZiZGM0OTEiLCJpcCI6Ijo6MSIsInVzZXJfYWdlbnQiOiJUaWNrZXRpbmctV2ViQXBwIn19.U_hZ4_24steYq42IeKpeGxTG2jK6S4iobRx0JQZ7v0s
Connection: close
Request body:

========================================
2018-01-25 15:33:14 
::1 POST /synergix-takaful/public-api/v1/users/token HTTP/1.1
HTTP headers:
Host: localhost
Content-Length: 29
User-Agent: Ticketing-WebApp
Connection: close
Content-Type: application/x-www-form-urlencoded
Request body:
username=bs_01&password=bs_01
========================================
2018-01-25 15:33:16 
::1 GET /synergix-takaful/public-api/v1/users/6 HTTP/1.1
HTTP headers:
Host: localhost
User-Agent: Ticketing-WebApp
Authorization: Bearer eyJ0eXAiOiJKV1QiLCJhbGciOiJIUzI1NiJ9.eyJpYXQiOjE1MTY4NjkxOTUsImp0aSI6IlY4NCtxeU9UeStOeEdcLzRCNmYyMGJWNDJcL2JZcEY3NkQ3WTNXTSs5NFlGWT0iLCJpc3MiOiI6OjEiLCJuYmYiOjE1MTY4NjkxOTUsImV4cCI6MTUxNjg3MDk5NSwiZGF0YSI6eyJ1c2VybmFtZSI6ImJzXzAxIiwicGFzc3dvcmQiOiIxNTNlYmI0ZmIzYTdjOWRjMWZjYjExNjM5MDk1YzhlYzQ2YmRjNDkxIiwiaXAiOiI6OjEiLCJ1c2VyX2FnZW50IjoiVGlja2V0aW5nLVdlYkFwcCJ9fQ.srMSLV5nXkTUGV7jHjtWGYe8GDZPbxNP2cT_cWy1Q1E
Connection: close
Request body:

========================================
2018-01-25 15:33:16 
::1 GET /synergix-takaful/public-api/v1/user_level_modules/active?code=TICKET&user_level_id=1&order=code&limit=100 HTTP/1.1
HTTP headers:
Host: localhost
User-Agent: Ticketing-WebApp
Authorization: Bearer eyJ0eXAiOiJKV1QiLCJhbGciOiJIUzI1NiJ9.eyJpYXQiOjE1MTY4NjkxOTUsImp0aSI6IlY4NCtxeU9UeStOeEdcLzRCNmYyMGJWNDJcL2JZcEY3NkQ3WTNXTSs5NFlGWT0iLCJpc3MiOiI6OjEiLCJuYmYiOjE1MTY4NjkxOTUsImV4cCI6MTUxNjg3MDk5NSwiZGF0YSI6eyJ1c2VybmFtZSI6ImJzXzAxIiwicGFzc3dvcmQiOiIxNTNlYmI0ZmIzYTdjOWRjMWZjYjExNjM5MDk1YzhlYzQ2YmRjNDkxIiwiaXAiOiI6OjEiLCJ1c2VyX2FnZW50IjoiVGlja2V0aW5nLVdlYkFwcCJ9fQ.srMSLV5nXkTUGV7jHjtWGYe8GDZPbxNP2cT_cWy1Q1E
Connection: close
Request body:

========================================
2018-01-25 15:33:16 
::1 GET /synergix-takaful/public-api/v1/ticket_statistics HTTP/1.1
HTTP headers:
Host: localhost
User-Agent: Ticketing-WebApp
Authorization: Bearer eyJ0eXAiOiJKV1QiLCJhbGciOiJIUzI1NiJ9.eyJpYXQiOjE1MTY4NjkxOTUsImp0aSI6IlY4NCtxeU9UeStOeEdcLzRCNmYyMGJWNDJcL2JZcEY3NkQ3WTNXTSs5NFlGWT0iLCJpc3MiOiI6OjEiLCJuYmYiOjE1MTY4NjkxOTUsImV4cCI6MTUxNjg3MDk5NSwiZGF0YSI6eyJ1c2VybmFtZSI6ImJzXzAxIiwicGFzc3dvcmQiOiIxNTNlYmI0ZmIzYTdjOWRjMWZjYjExNjM5MDk1YzhlYzQ2YmRjNDkxIiwiaXAiOiI6OjEiLCJ1c2VyX2FnZW50IjoiVGlja2V0aW5nLVdlYkFwcCJ9fQ.srMSLV5nXkTUGV7jHjtWGYe8GDZPbxNP2cT_cWy1Q1E
Connection: close
Request body:

========================================
2018-01-25 15:33:16 
::1 GET /synergix-takaful/public-api/v1/ticket_statistics/departments HTTP/1.1
HTTP headers:
Host: localhost
User-Agent: Ticketing-WebApp
Authorization: Bearer eyJ0eXAiOiJKV1QiLCJhbGciOiJIUzI1NiJ9.eyJpYXQiOjE1MTY4NjkxOTUsImp0aSI6IlY4NCtxeU9UeStOeEdcLzRCNmYyMGJWNDJcL2JZcEY3NkQ3WTNXTSs5NFlGWT0iLCJpc3MiOiI6OjEiLCJuYmYiOjE1MTY4NjkxOTUsImV4cCI6MTUxNjg3MDk5NSwiZGF0YSI6eyJ1c2VybmFtZSI6ImJzXzAxIiwicGFzc3dvcmQiOiIxNTNlYmI0ZmIzYTdjOWRjMWZjYjExNjM5MDk1YzhlYzQ2YmRjNDkxIiwiaXAiOiI6OjEiLCJ1c2VyX2FnZW50IjoiVGlja2V0aW5nLVdlYkFwcCJ9fQ.srMSLV5nXkTUGV7jHjtWGYe8GDZPbxNP2cT_cWy1Q1E
Connection: close
Request body:

========================================
2018-01-25 15:33:16 
::1 GET /synergix-takaful/public-api/v1/ticket_statistics/categories HTTP/1.1
HTTP headers:
Host: localhost
User-Agent: Ticketing-WebApp
Authorization: Bearer eyJ0eXAiOiJKV1QiLCJhbGciOiJIUzI1NiJ9.eyJpYXQiOjE1MTY4NjkxOTUsImp0aSI6IlY4NCtxeU9UeStOeEdcLzRCNmYyMGJWNDJcL2JZcEY3NkQ3WTNXTSs5NFlGWT0iLCJpc3MiOiI6OjEiLCJuYmYiOjE1MTY4NjkxOTUsImV4cCI6MTUxNjg3MDk5NSwiZGF0YSI6eyJ1c2VybmFtZSI6ImJzXzAxIiwicGFzc3dvcmQiOiIxNTNlYmI0ZmIzYTdjOWRjMWZjYjExNjM5MDk1YzhlYzQ2YmRjNDkxIiwiaXAiOiI6OjEiLCJ1c2VyX2FnZW50IjoiVGlja2V0aW5nLVdlYkFwcCJ9fQ.srMSLV5nXkTUGV7jHjtWGYe8GDZPbxNP2cT_cWy1Q1E
Connection: close
Request body:

========================================
2018-01-25 15:33:17 
::1 GET /synergix-takaful/public-api/v1/ticket_statistics/subcategories HTTP/1.1
HTTP headers:
Host: localhost
User-Agent: Ticketing-WebApp
Authorization: Bearer eyJ0eXAiOiJKV1QiLCJhbGciOiJIUzI1NiJ9.eyJpYXQiOjE1MTY4NjkxOTUsImp0aSI6IlY4NCtxeU9UeStOeEdcLzRCNmYyMGJWNDJcL2JZcEY3NkQ3WTNXTSs5NFlGWT0iLCJpc3MiOiI6OjEiLCJuYmYiOjE1MTY4NjkxOTUsImV4cCI6MTUxNjg3MDk5NSwiZGF0YSI6eyJ1c2VybmFtZSI6ImJzXzAxIiwicGFzc3dvcmQiOiIxNTNlYmI0ZmIzYTdjOWRjMWZjYjExNjM5MDk1YzhlYzQ2YmRjNDkxIiwiaXAiOiI6OjEiLCJ1c2VyX2FnZW50IjoiVGlja2V0aW5nLVdlYkFwcCJ9fQ.srMSLV5nXkTUGV7jHjtWGYe8GDZPbxNP2cT_cWy1Q1E
Connection: close
Request body:

========================================
2018-01-25 15:33:19 
::1 GET /synergix-takaful/public-api/v1/tickets?limit=20&start=1516813200&end=1516813200 HTTP/1.1
HTTP headers:
Host: localhost
User-Agent: Ticketing-WebApp
Authorization: Bearer eyJ0eXAiOiJKV1QiLCJhbGciOiJIUzI1NiJ9.eyJpYXQiOjE1MTY4NjkxOTUsImp0aSI6IlY4NCtxeU9UeStOeEdcLzRCNmYyMGJWNDJcL2JZcEY3NkQ3WTNXTSs5NFlGWT0iLCJpc3MiOiI6OjEiLCJuYmYiOjE1MTY4NjkxOTUsImV4cCI6MTUxNjg3MDk5NSwiZGF0YSI6eyJ1c2VybmFtZSI6ImJzXzAxIiwicGFzc3dvcmQiOiIxNTNlYmI0ZmIzYTdjOWRjMWZjYjExNjM5MDk1YzhlYzQ2YmRjNDkxIiwiaXAiOiI6OjEiLCJ1c2VyX2FnZW50IjoiVGlja2V0aW5nLVdlYkFwcCJ9fQ.srMSLV5nXkTUGV7jHjtWGYe8GDZPbxNP2cT_cWy1Q1E
Connection: close
Request body:

========================================
2018-01-25 15:45:18 
::1 POST /synergix-takaful/public-api/v1/users/token HTTP/1.1
HTTP headers:
Host: localhost
Content-Length: 35
User-Agent: Ticketing-WebApp
Connection: close
Content-Type: application/x-www-form-urlencoded
Request body:
username=ba_admin&password=ba_admin
========================================
2018-01-25 15:45:19 
::1 GET /synergix-takaful/public-api/v1/users/9 HTTP/1.1
HTTP headers:
Host: localhost
User-Agent: Ticketing-WebApp
Authorization: Bearer eyJ0eXAiOiJKV1QiLCJhbGciOiJIUzI1NiJ9.eyJpYXQiOjE1MTY4Njk5MTgsImp0aSI6InRFcEJMSkpcL00yWUY4Z0RUOXBURG5NV3FwenZGbEc3UUh1NDBcLzJVbXk0ND0iLCJpc3MiOiI6OjEiLCJuYmYiOjE1MTY4Njk5MTgsImV4cCI6MTUxNjg3MTcxOCwiZGF0YSI6eyJ1c2VybmFtZSI6ImJhX2FkbWluIiwicGFzc3dvcmQiOiJhMDM2YWMxMzcyMmFhM2M2ODViNGZjNDk1YmNhMTBhNzE3NGYwOTcwIiwiaXAiOiI6OjEiLCJ1c2VyX2FnZW50IjoiVGlja2V0aW5nLVdlYkFwcCJ9fQ.U1vLocEG-JBouMLCHAweFvOTqvUWsvzW9t5fGlicQ_Q
Connection: close
Request body:

========================================
2018-01-25 15:45:19 
::1 GET /synergix-takaful/public-api/v1/user_level_modules/active?code=TICKET&user_level_id=7 HTTP/1.1
HTTP headers:
Host: localhost
User-Agent: Ticketing-WebApp
Authorization: Bearer eyJ0eXAiOiJKV1QiLCJhbGciOiJIUzI1NiJ9.eyJpYXQiOjE1MTY4Njk5MTgsImp0aSI6InRFcEJMSkpcL00yWUY4Z0RUOXBURG5NV3FwenZGbEc3UUh1NDBcLzJVbXk0ND0iLCJpc3MiOiI6OjEiLCJuYmYiOjE1MTY4Njk5MTgsImV4cCI6MTUxNjg3MTcxOCwiZGF0YSI6eyJ1c2VybmFtZSI6ImJhX2FkbWluIiwicGFzc3dvcmQiOiJhMDM2YWMxMzcyMmFhM2M2ODViNGZjNDk1YmNhMTBhNzE3NGYwOTcwIiwiaXAiOiI6OjEiLCJ1c2VyX2FnZW50IjoiVGlja2V0aW5nLVdlYkFwcCJ9fQ.U1vLocEG-JBouMLCHAweFvOTqvUWsvzW9t5fGlicQ_Q
Connection: close
Request body:

========================================
2018-01-25 15:45:25 
::1 GET /synergix-takaful/public-api/v1/tickets?limit=20&start=1516813200&end=1516813200 HTTP/1.1
HTTP headers:
Host: localhost
User-Agent: Ticketing-WebApp
Authorization: Bearer eyJ0eXAiOiJKV1QiLCJhbGciOiJIUzI1NiJ9.eyJpYXQiOjE1MTY4Njk5MTgsImp0aSI6InRFcEJMSkpcL00yWUY4Z0RUOXBURG5NV3FwenZGbEc3UUh1NDBcLzJVbXk0ND0iLCJpc3MiOiI6OjEiLCJuYmYiOjE1MTY4Njk5MTgsImV4cCI6MTUxNjg3MTcxOCwiZGF0YSI6eyJ1c2VybmFtZSI6ImJhX2FkbWluIiwicGFzc3dvcmQiOiJhMDM2YWMxMzcyMmFhM2M2ODViNGZjNDk1YmNhMTBhNzE3NGYwOTcwIiwiaXAiOiI6OjEiLCJ1c2VyX2FnZW50IjoiVGlja2V0aW5nLVdlYkFwcCJ9fQ.U1vLocEG-JBouMLCHAweFvOTqvUWsvzW9t5fGlicQ_Q
Connection: close
Request body:

========================================
2018-01-25 15:47:35 
::1 POST /synergix-takaful/public-api/v1/users/token HTTP/1.1
HTTP headers:
Host: localhost
Content-Length: 35
User-Agent: Ticketing-WebApp
Connection: close
Content-Type: application/x-www-form-urlencoded
Request body:
username=ba_admin&password=ba_admin
========================================
2018-01-25 15:47:36 
::1 GET /synergix-takaful/public-api/v1/users/9 HTTP/1.1
HTTP headers:
Host: localhost
User-Agent: Ticketing-WebApp
Authorization: Bearer eyJ0eXAiOiJKV1QiLCJhbGciOiJIUzI1NiJ9.eyJpYXQiOjE1MTY4NzAwNTUsImp0aSI6IjVZZFJUQ0FMWlVcL3RWaVwvZlJmMmphMDVlVVlUeTV0OEJtNm9QN1dFR21Kbz0iLCJpc3MiOiI6OjEiLCJuYmYiOjE1MTY4NzAwNTUsImV4cCI6MTUxNjg3MTg1NSwiZGF0YSI6eyJ1c2VybmFtZSI6ImJhX2FkbWluIiwicGFzc3dvcmQiOiJhMDM2YWMxMzcyMmFhM2M2ODViNGZjNDk1YmNhMTBhNzE3NGYwOTcwIiwiaXAiOiI6OjEiLCJ1c2VyX2FnZW50IjoiVGlja2V0aW5nLVdlYkFwcCJ9fQ.gA0qGuw_GWq2K8SAPtVIdE6rbP1Ykeq6PymCjSToE40
Connection: close
Request body:

========================================
2018-01-25 15:47:37 
::1 GET /synergix-takaful/public-api/v1/user_level_modules/active?code=TICKET&user_level_id=7&order=code&limit=100 HTTP/1.1
HTTP headers:
Host: localhost
User-Agent: Ticketing-WebApp
Authorization: Bearer eyJ0eXAiOiJKV1QiLCJhbGciOiJIUzI1NiJ9.eyJpYXQiOjE1MTY4NzAwNTUsImp0aSI6IjVZZFJUQ0FMWlVcL3RWaVwvZlJmMmphMDVlVVlUeTV0OEJtNm9QN1dFR21Kbz0iLCJpc3MiOiI6OjEiLCJuYmYiOjE1MTY4NzAwNTUsImV4cCI6MTUxNjg3MTg1NSwiZGF0YSI6eyJ1c2VybmFtZSI6ImJhX2FkbWluIiwicGFzc3dvcmQiOiJhMDM2YWMxMzcyMmFhM2M2ODViNGZjNDk1YmNhMTBhNzE3NGYwOTcwIiwiaXAiOiI6OjEiLCJ1c2VyX2FnZW50IjoiVGlja2V0aW5nLVdlYkFwcCJ9fQ.gA0qGuw_GWq2K8SAPtVIdE6rbP1Ykeq6PymCjSToE40
Connection: close
Request body:

========================================
2018-01-25 15:47:37 
::1 GET /synergix-takaful/public-api/v1/ticket_statistics HTTP/1.1
HTTP headers:
Host: localhost
User-Agent: Ticketing-WebApp
Authorization: Bearer eyJ0eXAiOiJKV1QiLCJhbGciOiJIUzI1NiJ9.eyJpYXQiOjE1MTY4NzAwNTUsImp0aSI6IjVZZFJUQ0FMWlVcL3RWaVwvZlJmMmphMDVlVVlUeTV0OEJtNm9QN1dFR21Kbz0iLCJpc3MiOiI6OjEiLCJuYmYiOjE1MTY4NzAwNTUsImV4cCI6MTUxNjg3MTg1NSwiZGF0YSI6eyJ1c2VybmFtZSI6ImJhX2FkbWluIiwicGFzc3dvcmQiOiJhMDM2YWMxMzcyMmFhM2M2ODViNGZjNDk1YmNhMTBhNzE3NGYwOTcwIiwiaXAiOiI6OjEiLCJ1c2VyX2FnZW50IjoiVGlja2V0aW5nLVdlYkFwcCJ9fQ.gA0qGuw_GWq2K8SAPtVIdE6rbP1Ykeq6PymCjSToE40
Connection: close
Request body:

========================================
2018-01-25 15:47:37 
::1 GET /synergix-takaful/public-api/v1/ticket_statistics/departments HTTP/1.1
HTTP headers:
Host: localhost
User-Agent: Ticketing-WebApp
Authorization: Bearer eyJ0eXAiOiJKV1QiLCJhbGciOiJIUzI1NiJ9.eyJpYXQiOjE1MTY4NzAwNTUsImp0aSI6IjVZZFJUQ0FMWlVcL3RWaVwvZlJmMmphMDVlVVlUeTV0OEJtNm9QN1dFR21Kbz0iLCJpc3MiOiI6OjEiLCJuYmYiOjE1MTY4NzAwNTUsImV4cCI6MTUxNjg3MTg1NSwiZGF0YSI6eyJ1c2VybmFtZSI6ImJhX2FkbWluIiwicGFzc3dvcmQiOiJhMDM2YWMxMzcyMmFhM2M2ODViNGZjNDk1YmNhMTBhNzE3NGYwOTcwIiwiaXAiOiI6OjEiLCJ1c2VyX2FnZW50IjoiVGlja2V0aW5nLVdlYkFwcCJ9fQ.gA0qGuw_GWq2K8SAPtVIdE6rbP1Ykeq6PymCjSToE40
Connection: close
Request body:

========================================
2018-01-25 15:47:37 
::1 GET /synergix-takaful/public-api/v1/ticket_statistics/categories HTTP/1.1
HTTP headers:
Host: localhost
User-Agent: Ticketing-WebApp
Authorization: Bearer eyJ0eXAiOiJKV1QiLCJhbGciOiJIUzI1NiJ9.eyJpYXQiOjE1MTY4NzAwNTUsImp0aSI6IjVZZFJUQ0FMWlVcL3RWaVwvZlJmMmphMDVlVVlUeTV0OEJtNm9QN1dFR21Kbz0iLCJpc3MiOiI6OjEiLCJuYmYiOjE1MTY4NzAwNTUsImV4cCI6MTUxNjg3MTg1NSwiZGF0YSI6eyJ1c2VybmFtZSI6ImJhX2FkbWluIiwicGFzc3dvcmQiOiJhMDM2YWMxMzcyMmFhM2M2ODViNGZjNDk1YmNhMTBhNzE3NGYwOTcwIiwiaXAiOiI6OjEiLCJ1c2VyX2FnZW50IjoiVGlja2V0aW5nLVdlYkFwcCJ9fQ.gA0qGuw_GWq2K8SAPtVIdE6rbP1Ykeq6PymCjSToE40
Connection: close
Request body:

========================================
2018-01-25 15:47:37 
::1 GET /synergix-takaful/public-api/v1/ticket_statistics/subcategories HTTP/1.1
HTTP headers:
Host: localhost
User-Agent: Ticketing-WebApp
Authorization: Bearer eyJ0eXAiOiJKV1QiLCJhbGciOiJIUzI1NiJ9.eyJpYXQiOjE1MTY4NzAwNTUsImp0aSI6IjVZZFJUQ0FMWlVcL3RWaVwvZlJmMmphMDVlVVlUeTV0OEJtNm9QN1dFR21Kbz0iLCJpc3MiOiI6OjEiLCJuYmYiOjE1MTY4NzAwNTUsImV4cCI6MTUxNjg3MTg1NSwiZGF0YSI6eyJ1c2VybmFtZSI6ImJhX2FkbWluIiwicGFzc3dvcmQiOiJhMDM2YWMxMzcyMmFhM2M2ODViNGZjNDk1YmNhMTBhNzE3NGYwOTcwIiwiaXAiOiI6OjEiLCJ1c2VyX2FnZW50IjoiVGlja2V0aW5nLVdlYkFwcCJ9fQ.gA0qGuw_GWq2K8SAPtVIdE6rbP1Ykeq6PymCjSToE40
Connection: close
Request body:

========================================
2018-01-25 15:55:58 
::1 POST /synergix-takaful/public-api/v1/users/token HTTP/1.1
HTTP headers:
Host: localhost
Content-Length: 35
User-Agent: Ticketing-WebApp
Connection: close
Content-Type: application/x-www-form-urlencoded
Request body:
username=ba_admin&password=ba_admin
========================================
2018-01-25 15:55:59 
::1 GET /synergix-takaful/public-api/v1/users/9 HTTP/1.1
HTTP headers:
Host: localhost
User-Agent: Ticketing-WebApp
Authorization: Bearer eyJ0eXAiOiJKV1QiLCJhbGciOiJIUzI1NiJ9.eyJpYXQiOjE1MTY4NzA1NTgsImp0aSI6IjFlcHo5cmlKZnRxeE40VnVPUUJoUnk3dEEzSGhUeit5eDNtYkp3ZVY5djg9IiwiaXNzIjoiOjoxIiwibmJmIjoxNTE2ODcwNTU4LCJleHAiOjE1MTY4NzIzNTgsImRhdGEiOnsidXNlcm5hbWUiOiJiYV9hZG1pbiIsInBhc3N3b3JkIjoiYTAzNmFjMTM3MjJhYTNjNjg1YjRmYzQ5NWJjYTEwYTcxNzRmMDk3MCIsImlwIjoiOjoxIiwidXNlcl9hZ2VudCI6IlRpY2tldGluZy1XZWJBcHAifX0.DUyMchxOvxov84KmBd5kV6ZWkP1B2PT-lhbszGdcoIU
Connection: close
Request body:

========================================
2018-01-25 15:55:59 
::1 GET /synergix-takaful/public-api/v1/user_level_modules/active?code=TICKET&user_level_id=7&order=code&limit=100 HTTP/1.1
HTTP headers:
Host: localhost
User-Agent: Ticketing-WebApp
Authorization: Bearer eyJ0eXAiOiJKV1QiLCJhbGciOiJIUzI1NiJ9.eyJpYXQiOjE1MTY4NzA1NTgsImp0aSI6IjFlcHo5cmlKZnRxeE40VnVPUUJoUnk3dEEzSGhUeit5eDNtYkp3ZVY5djg9IiwiaXNzIjoiOjoxIiwibmJmIjoxNTE2ODcwNTU4LCJleHAiOjE1MTY4NzIzNTgsImRhdGEiOnsidXNlcm5hbWUiOiJiYV9hZG1pbiIsInBhc3N3b3JkIjoiYTAzNmFjMTM3MjJhYTNjNjg1YjRmYzQ5NWJjYTEwYTcxNzRmMDk3MCIsImlwIjoiOjoxIiwidXNlcl9hZ2VudCI6IlRpY2tldGluZy1XZWJBcHAifX0.DUyMchxOvxov84KmBd5kV6ZWkP1B2PT-lhbszGdcoIU
Connection: close
Request body:

========================================
2018-01-25 15:56:00 
::1 GET /synergix-takaful/public-api/v1/ticket_statistics HTTP/1.1
HTTP headers:
Host: localhost
User-Agent: Ticketing-WebApp
Authorization: Bearer eyJ0eXAiOiJKV1QiLCJhbGciOiJIUzI1NiJ9.eyJpYXQiOjE1MTY4NzA1NTgsImp0aSI6IjFlcHo5cmlKZnRxeE40VnVPUUJoUnk3dEEzSGhUeit5eDNtYkp3ZVY5djg9IiwiaXNzIjoiOjoxIiwibmJmIjoxNTE2ODcwNTU4LCJleHAiOjE1MTY4NzIzNTgsImRhdGEiOnsidXNlcm5hbWUiOiJiYV9hZG1pbiIsInBhc3N3b3JkIjoiYTAzNmFjMTM3MjJhYTNjNjg1YjRmYzQ5NWJjYTEwYTcxNzRmMDk3MCIsImlwIjoiOjoxIiwidXNlcl9hZ2VudCI6IlRpY2tldGluZy1XZWJBcHAifX0.DUyMchxOvxov84KmBd5kV6ZWkP1B2PT-lhbszGdcoIU
Connection: close
Request body:

========================================
2018-01-25 15:56:00 
::1 GET /synergix-takaful/public-api/v1/ticket_statistics/departments HTTP/1.1
HTTP headers:
Host: localhost
User-Agent: Ticketing-WebApp
Authorization: Bearer eyJ0eXAiOiJKV1QiLCJhbGciOiJIUzI1NiJ9.eyJpYXQiOjE1MTY4NzA1NTgsImp0aSI6IjFlcHo5cmlKZnRxeE40VnVPUUJoUnk3dEEzSGhUeit5eDNtYkp3ZVY5djg9IiwiaXNzIjoiOjoxIiwibmJmIjoxNTE2ODcwNTU4LCJleHAiOjE1MTY4NzIzNTgsImRhdGEiOnsidXNlcm5hbWUiOiJiYV9hZG1pbiIsInBhc3N3b3JkIjoiYTAzNmFjMTM3MjJhYTNjNjg1YjRmYzQ5NWJjYTEwYTcxNzRmMDk3MCIsImlwIjoiOjoxIiwidXNlcl9hZ2VudCI6IlRpY2tldGluZy1XZWJBcHAifX0.DUyMchxOvxov84KmBd5kV6ZWkP1B2PT-lhbszGdcoIU
Connection: close
Request body:

========================================
2018-01-25 15:56:00 
::1 GET /synergix-takaful/public-api/v1/ticket_statistics/categories HTTP/1.1
HTTP headers:
Host: localhost
User-Agent: Ticketing-WebApp
Authorization: Bearer eyJ0eXAiOiJKV1QiLCJhbGciOiJIUzI1NiJ9.eyJpYXQiOjE1MTY4NzA1NTgsImp0aSI6IjFlcHo5cmlKZnRxeE40VnVPUUJoUnk3dEEzSGhUeit5eDNtYkp3ZVY5djg9IiwiaXNzIjoiOjoxIiwibmJmIjoxNTE2ODcwNTU4LCJleHAiOjE1MTY4NzIzNTgsImRhdGEiOnsidXNlcm5hbWUiOiJiYV9hZG1pbiIsInBhc3N3b3JkIjoiYTAzNmFjMTM3MjJhYTNjNjg1YjRmYzQ5NWJjYTEwYTcxNzRmMDk3MCIsImlwIjoiOjoxIiwidXNlcl9hZ2VudCI6IlRpY2tldGluZy1XZWJBcHAifX0.DUyMchxOvxov84KmBd5kV6ZWkP1B2PT-lhbszGdcoIU
Connection: close
Request body:

========================================
2018-01-25 15:56:00 
::1 GET /synergix-takaful/public-api/v1/ticket_statistics/subcategories HTTP/1.1
HTTP headers:
Host: localhost
User-Agent: Ticketing-WebApp
Authorization: Bearer eyJ0eXAiOiJKV1QiLCJhbGciOiJIUzI1NiJ9.eyJpYXQiOjE1MTY4NzA1NTgsImp0aSI6IjFlcHo5cmlKZnRxeE40VnVPUUJoUnk3dEEzSGhUeit5eDNtYkp3ZVY5djg9IiwiaXNzIjoiOjoxIiwibmJmIjoxNTE2ODcwNTU4LCJleHAiOjE1MTY4NzIzNTgsImRhdGEiOnsidXNlcm5hbWUiOiJiYV9hZG1pbiIsInBhc3N3b3JkIjoiYTAzNmFjMTM3MjJhYTNjNjg1YjRmYzQ5NWJjYTEwYTcxNzRmMDk3MCIsImlwIjoiOjoxIiwidXNlcl9hZ2VudCI6IlRpY2tldGluZy1XZWJBcHAifX0.DUyMchxOvxov84KmBd5kV6ZWkP1B2PT-lhbszGdcoIU
Connection: close
Request body:

========================================
2018-01-25 17:11:58 
::1 POST /synergix-takaful/public-api/v1/users/token HTTP/1.1
HTTP headers:
Host: localhost
Content-Length: 31
User-Agent: Ticketing-WebApp
Connection: close
Content-Type: application/x-www-form-urlencoded
Request body:
username=rahmat&password=rahmat
========================================
2018-01-25 17:11:59 
::1 GET /synergix-takaful/public-api/v1/users/8 HTTP/1.1
HTTP headers:
Host: localhost
User-Agent: Ticketing-WebApp
Authorization: Bearer eyJ0eXAiOiJKV1QiLCJhbGciOiJIUzI1NiJ9.eyJpYXQiOjE1MTY4NzUxMTgsImp0aSI6IlI4Q0N5RW9Ndk1aQW5NYzBBNStHV1o2ZXVzb1g0SGpFU0dPVSszN3NYTVE9IiwiaXNzIjoiOjoxIiwibmJmIjoxNTE2ODc1MTE4LCJleHAiOjE1MTY4NzY5MTgsImRhdGEiOnsidXNlcm5hbWUiOiJyYWhtYXQiLCJwYXNzd29yZCI6IjkxZGY3YWE2MjA5OWMzYmY0YTNmNmQ1ZDU0NTYzNzg5NDg5ZTA0YjUiLCJpcCI6Ijo6MSIsInVzZXJfYWdlbnQiOiJUaWNrZXRpbmctV2ViQXBwIn19.FjTotOslokjo4mTfEtBBhJFgM2ECkNKLVmvPSZznj0g
Connection: close
Request body:

========================================
2018-01-25 17:11:59 
::1 GET /synergix-takaful/public-api/v1/user_level_modules/active?code=TICKET&user_level_id=1 HTTP/1.1
HTTP headers:
Host: localhost
User-Agent: Ticketing-WebApp
Authorization: Bearer eyJ0eXAiOiJKV1QiLCJhbGciOiJIUzI1NiJ9.eyJpYXQiOjE1MTY4NzUxMTgsImp0aSI6IlI4Q0N5RW9Ndk1aQW5NYzBBNStHV1o2ZXVzb1g0SGpFU0dPVSszN3NYTVE9IiwiaXNzIjoiOjoxIiwibmJmIjoxNTE2ODc1MTE4LCJleHAiOjE1MTY4NzY5MTgsImRhdGEiOnsidXNlcm5hbWUiOiJyYWhtYXQiLCJwYXNzd29yZCI6IjkxZGY3YWE2MjA5OWMzYmY0YTNmNmQ1ZDU0NTYzNzg5NDg5ZTA0YjUiLCJpcCI6Ijo6MSIsInVzZXJfYWdlbnQiOiJUaWNrZXRpbmctV2ViQXBwIn19.FjTotOslokjo4mTfEtBBhJFgM2ECkNKLVmvPSZznj0g
Connection: close
Request body:

========================================
2018-01-25 17:12:00 
::1 GET /synergix-takaful/public-api/v1/departments?is_active=1&limit=100&order=name HTTP/1.1
HTTP headers:
Host: localhost
User-Agent: Ticketing-WebApp
Authorization: Bearer eyJ0eXAiOiJKV1QiLCJhbGciOiJIUzI1NiJ9.eyJpYXQiOjE1MTY4NzUxMTgsImp0aSI6IlI4Q0N5RW9Ndk1aQW5NYzBBNStHV1o2ZXVzb1g0SGpFU0dPVSszN3NYTVE9IiwiaXNzIjoiOjoxIiwibmJmIjoxNTE2ODc1MTE4LCJleHAiOjE1MTY4NzY5MTgsImRhdGEiOnsidXNlcm5hbWUiOiJyYWhtYXQiLCJwYXNzd29yZCI6IjkxZGY3YWE2MjA5OWMzYmY0YTNmNmQ1ZDU0NTYzNzg5NDg5ZTA0YjUiLCJpcCI6Ijo6MSIsInVzZXJfYWdlbnQiOiJUaWNrZXRpbmctV2ViQXBwIn19.FjTotOslokjo4mTfEtBBhJFgM2ECkNKLVmvPSZznj0g
Connection: close
Request body:

========================================
2018-01-25 17:12:00 
::1 GET /synergix-takaful/public-api/v1/tickets?limit=20&start=1516813200&end=1516813200 HTTP/1.1
HTTP headers:
Host: localhost
User-Agent: Ticketing-WebApp
Authorization: Bearer eyJ0eXAiOiJKV1QiLCJhbGciOiJIUzI1NiJ9.eyJpYXQiOjE1MTY4NzUxMTgsImp0aSI6IlI4Q0N5RW9Ndk1aQW5NYzBBNStHV1o2ZXVzb1g0SGpFU0dPVSszN3NYTVE9IiwiaXNzIjoiOjoxIiwibmJmIjoxNTE2ODc1MTE4LCJleHAiOjE1MTY4NzY5MTgsImRhdGEiOnsidXNlcm5hbWUiOiJyYWhtYXQiLCJwYXNzd29yZCI6IjkxZGY3YWE2MjA5OWMzYmY0YTNmNmQ1ZDU0NTYzNzg5NDg5ZTA0YjUiLCJpcCI6Ijo6MSIsInVzZXJfYWdlbnQiOiJUaWNrZXRpbmctV2ViQXBwIn19.FjTotOslokjo4mTfEtBBhJFgM2ECkNKLVmvPSZznj0g
Connection: close
Request body:

========================================
2018-01-25 17:12:39 
::1 GET /synergix-takaful/public-api/v1/tickets?limit=20&start=1516813200&end=1516813200 HTTP/1.1
HTTP headers:
Host: localhost
User-Agent: Ticketing-WebApp
Authorization: Bearer eyJ0eXAiOiJKV1QiLCJhbGciOiJIUzI1NiJ9.eyJpYXQiOjE1MTY4NzUxMTgsImp0aSI6IlI4Q0N5RW9Ndk1aQW5NYzBBNStHV1o2ZXVzb1g0SGpFU0dPVSszN3NYTVE9IiwiaXNzIjoiOjoxIiwibmJmIjoxNTE2ODc1MTE4LCJleHAiOjE1MTY4NzY5MTgsImRhdGEiOnsidXNlcm5hbWUiOiJyYWhtYXQiLCJwYXNzd29yZCI6IjkxZGY3YWE2MjA5OWMzYmY0YTNmNmQ1ZDU0NTYzNzg5NDg5ZTA0YjUiLCJpcCI6Ijo6MSIsInVzZXJfYWdlbnQiOiJUaWNrZXRpbmctV2ViQXBwIn19.FjTotOslokjo4mTfEtBBhJFgM2ECkNKLVmvPSZznj0g
Connection: close
Request body:

========================================
2018-01-25 17:18:23 
::1 POST /synergix-takaful/public-api/v1/users/token HTTP/1.1
HTTP headers:
Host: localhost
Content-Length: 31
User-Agent: Ticketing-WebApp
Connection: close
Content-Type: application/x-www-form-urlencoded
Request body:
username=rahmat&password=rahmat
========================================
2018-01-25 17:18:24 
::1 GET /synergix-takaful/public-api/v1/users/8 HTTP/1.1
HTTP headers:
Host: localhost
User-Agent: Ticketing-WebApp
Authorization: Bearer eyJ0eXAiOiJKV1QiLCJhbGciOiJIUzI1NiJ9.eyJpYXQiOjE1MTY4NzU1MDMsImp0aSI6IlYzYkM4ZnNmTmYzUEtqbEZTckYzanZVNjMzaThoXC9BcFQ1WTFiQ0pYSjR3PSIsImlzcyI6Ijo6MSIsIm5iZiI6MTUxNjg3NTUwMywiZXhwIjoxNTE2ODc3MzAzLCJkYXRhIjp7InVzZXJuYW1lIjoicmFobWF0IiwicGFzc3dvcmQiOiI5MWRmN2FhNjIwOTljM2JmNGEzZjZkNWQ1NDU2Mzc4OTQ4OWUwNGI1IiwiaXAiOiI6OjEiLCJ1c2VyX2FnZW50IjoiVGlja2V0aW5nLVdlYkFwcCJ9fQ.q8eHxDkRFJ_j3jMSDzBUTIFmFO-ORc8Zi2UBQ1U27pA
Connection: close
Request body:

========================================
2018-01-25 17:18:25 
::1 GET /synergix-takaful/public-api/v1/user_level_modules/active?code=TICKET&user_level_id=1 HTTP/1.1
HTTP headers:
Host: localhost
User-Agent: Ticketing-WebApp
Authorization: Bearer eyJ0eXAiOiJKV1QiLCJhbGciOiJIUzI1NiJ9.eyJpYXQiOjE1MTY4NzU1MDMsImp0aSI6IlYzYkM4ZnNmTmYzUEtqbEZTckYzanZVNjMzaThoXC9BcFQ1WTFiQ0pYSjR3PSIsImlzcyI6Ijo6MSIsIm5iZiI6MTUxNjg3NTUwMywiZXhwIjoxNTE2ODc3MzAzLCJkYXRhIjp7InVzZXJuYW1lIjoicmFobWF0IiwicGFzc3dvcmQiOiI5MWRmN2FhNjIwOTljM2JmNGEzZjZkNWQ1NDU2Mzc4OTQ4OWUwNGI1IiwiaXAiOiI6OjEiLCJ1c2VyX2FnZW50IjoiVGlja2V0aW5nLVdlYkFwcCJ9fQ.q8eHxDkRFJ_j3jMSDzBUTIFmFO-ORc8Zi2UBQ1U27pA
Connection: close
Request body:

========================================
2018-01-25 17:18:25 
::1 GET /synergix-takaful/public-api/v1/tickets?limit=20&start=1516813200&end=1516813200 HTTP/1.1
HTTP headers:
Host: localhost
User-Agent: Ticketing-WebApp
Authorization: Bearer eyJ0eXAiOiJKV1QiLCJhbGciOiJIUzI1NiJ9.eyJpYXQiOjE1MTY4NzU1MDMsImp0aSI6IlYzYkM4ZnNmTmYzUEtqbEZTckYzanZVNjMzaThoXC9BcFQ1WTFiQ0pYSjR3PSIsImlzcyI6Ijo6MSIsIm5iZiI6MTUxNjg3NTUwMywiZXhwIjoxNTE2ODc3MzAzLCJkYXRhIjp7InVzZXJuYW1lIjoicmFobWF0IiwicGFzc3dvcmQiOiI5MWRmN2FhNjIwOTljM2JmNGEzZjZkNWQ1NDU2Mzc4OTQ4OWUwNGI1IiwiaXAiOiI6OjEiLCJ1c2VyX2FnZW50IjoiVGlja2V0aW5nLVdlYkFwcCJ9fQ.q8eHxDkRFJ_j3jMSDzBUTIFmFO-ORc8Zi2UBQ1U27pA
Connection: close
Request body:

========================================
2018-01-25 17:20:31 
::1 GET /synergix-takaful/public-api/v1/tickets?limit=20&start=1516813200&end=1516813200 HTTP/1.1
HTTP headers:
Host: localhost
User-Agent: Ticketing-WebApp
Authorization: Bearer eyJ0eXAiOiJKV1QiLCJhbGciOiJIUzI1NiJ9.eyJpYXQiOjE1MTY4NzU1MDMsImp0aSI6IlYzYkM4ZnNmTmYzUEtqbEZTckYzanZVNjMzaThoXC9BcFQ1WTFiQ0pYSjR3PSIsImlzcyI6Ijo6MSIsIm5iZiI6MTUxNjg3NTUwMywiZXhwIjoxNTE2ODc3MzAzLCJkYXRhIjp7InVzZXJuYW1lIjoicmFobWF0IiwicGFzc3dvcmQiOiI5MWRmN2FhNjIwOTljM2JmNGEzZjZkNWQ1NDU2Mzc4OTQ4OWUwNGI1IiwiaXAiOiI6OjEiLCJ1c2VyX2FnZW50IjoiVGlja2V0aW5nLVdlYkFwcCJ9fQ.q8eHxDkRFJ_j3jMSDzBUTIFmFO-ORc8Zi2UBQ1U27pA
Connection: close
Request body:

========================================
2018-01-25 17:22:43 
::1 POST /synergix-takaful/public-api/v1/users/token HTTP/1.1
HTTP headers:
Host: localhost
Content-Length: 37
User-Agent: Ticketing-WebApp
Connection: close
Content-Type: application/x-www-form-urlencoded
Request body:
username=rahmat_admin&password=rahmat
========================================
2018-01-25 17:22:44 
::1 GET /synergix-takaful/public-api/v1/users/13 HTTP/1.1
HTTP headers:
Host: localhost
User-Agent: Ticketing-WebApp
Authorization: Bearer eyJ0eXAiOiJKV1QiLCJhbGciOiJIUzI1NiJ9.eyJpYXQiOjE1MTY4NzU3NjMsImp0aSI6InJ6d2xTYzNOU2R6OGcwNU00ZG1xblRHNEpGdkRLSkVpb3hpc1RrelFkNHc9IiwiaXNzIjoiOjoxIiwibmJmIjoxNTE2ODc1NzYzLCJleHAiOjE1MTY4Nzc1NjMsImRhdGEiOnsidXNlcm5hbWUiOiJyYWhtYXRfYWRtaW4iLCJwYXNzd29yZCI6IjkxZGY3YWE2MjA5OWMzYmY0YTNmNmQ1ZDU0NTYzNzg5NDg5ZTA0YjUiLCJpcCI6Ijo6MSIsInVzZXJfYWdlbnQiOiJUaWNrZXRpbmctV2ViQXBwIn19.TIBOeeMY2I75HSLZexcde140KUuiY16WgFikDmtenL0
Connection: close
Request body:

========================================
2018-01-25 17:22:44 
::1 GET /synergix-takaful/public-api/v1/user_level_modules/active?code=TICKET&user_level_id=7 HTTP/1.1
HTTP headers:
Host: localhost
User-Agent: Ticketing-WebApp
Authorization: Bearer eyJ0eXAiOiJKV1QiLCJhbGciOiJIUzI1NiJ9.eyJpYXQiOjE1MTY4NzU3NjMsImp0aSI6InJ6d2xTYzNOU2R6OGcwNU00ZG1xblRHNEpGdkRLSkVpb3hpc1RrelFkNHc9IiwiaXNzIjoiOjoxIiwibmJmIjoxNTE2ODc1NzYzLCJleHAiOjE1MTY4Nzc1NjMsImRhdGEiOnsidXNlcm5hbWUiOiJyYWhtYXRfYWRtaW4iLCJwYXNzd29yZCI6IjkxZGY3YWE2MjA5OWMzYmY0YTNmNmQ1ZDU0NTYzNzg5NDg5ZTA0YjUiLCJpcCI6Ijo6MSIsInVzZXJfYWdlbnQiOiJUaWNrZXRpbmctV2ViQXBwIn19.TIBOeeMY2I75HSLZexcde140KUuiY16WgFikDmtenL0
Connection: close
Request body:

========================================
2018-01-25 17:22:45 
::1 GET /synergix-takaful/public-api/v1/tickets?limit=20&start=1516813200&end=1516813200 HTTP/1.1
HTTP headers:
Host: localhost
User-Agent: Ticketing-WebApp
Authorization: Bearer eyJ0eXAiOiJKV1QiLCJhbGciOiJIUzI1NiJ9.eyJpYXQiOjE1MTY4NzU3NjMsImp0aSI6InJ6d2xTYzNOU2R6OGcwNU00ZG1xblRHNEpGdkRLSkVpb3hpc1RrelFkNHc9IiwiaXNzIjoiOjoxIiwibmJmIjoxNTE2ODc1NzYzLCJleHAiOjE1MTY4Nzc1NjMsImRhdGEiOnsidXNlcm5hbWUiOiJyYWhtYXRfYWRtaW4iLCJwYXNzd29yZCI6IjkxZGY3YWE2MjA5OWMzYmY0YTNmNmQ1ZDU0NTYzNzg5NDg5ZTA0YjUiLCJpcCI6Ijo6MSIsInVzZXJfYWdlbnQiOiJUaWNrZXRpbmctV2ViQXBwIn19.TIBOeeMY2I75HSLZexcde140KUuiY16WgFikDmtenL0
Connection: close
Request body:

========================================
2018-01-25 17:28:31 
::1 POST /synergix-takaful/public-api/v1/users/token HTTP/1.1
HTTP headers:
Host: localhost
Content-Length: 37
User-Agent: Ticketing-WebApp
Connection: close
Content-Type: application/x-www-form-urlencoded
Request body:
username=rahmat_admin&password=rahmat
========================================
2018-01-25 17:28:32 
::1 GET /synergix-takaful/public-api/v1/users/13 HTTP/1.1
HTTP headers:
Host: localhost
User-Agent: Ticketing-WebApp
Authorization: Bearer eyJ0eXAiOiJKV1QiLCJhbGciOiJIUzI1NiJ9.eyJpYXQiOjE1MTY4NzYxMTEsImp0aSI6InFxSmdWVVl5N2FYcFRCaUQ2TzlZMzkyc0tvWERsNkpSalV0T3JnY1wvaWJnPSIsImlzcyI6Ijo6MSIsIm5iZiI6MTUxNjg3NjExMSwiZXhwIjoxNTE2ODc3OTExLCJkYXRhIjp7InVzZXJuYW1lIjoicmFobWF0X2FkbWluIiwicGFzc3dvcmQiOiI5MWRmN2FhNjIwOTljM2JmNGEzZjZkNWQ1NDU2Mzc4OTQ4OWUwNGI1IiwiaXAiOiI6OjEiLCJ1c2VyX2FnZW50IjoiVGlja2V0aW5nLVdlYkFwcCJ9fQ.htQO1lf7Co2VVEaiPeX7jgP_AF2R0MA1b9v345yq4eA
Connection: close
Request body:

========================================
2018-01-25 17:28:32 
::1 GET /synergix-takaful/public-api/v1/user_level_modules/active?code=TICKET&user_level_id=7 HTTP/1.1
HTTP headers:
Host: localhost
User-Agent: Ticketing-WebApp
Authorization: Bearer eyJ0eXAiOiJKV1QiLCJhbGciOiJIUzI1NiJ9.eyJpYXQiOjE1MTY4NzYxMTEsImp0aSI6InFxSmdWVVl5N2FYcFRCaUQ2TzlZMzkyc0tvWERsNkpSalV0T3JnY1wvaWJnPSIsImlzcyI6Ijo6MSIsIm5iZiI6MTUxNjg3NjExMSwiZXhwIjoxNTE2ODc3OTExLCJkYXRhIjp7InVzZXJuYW1lIjoicmFobWF0X2FkbWluIiwicGFzc3dvcmQiOiI5MWRmN2FhNjIwOTljM2JmNGEzZjZkNWQ1NDU2Mzc4OTQ4OWUwNGI1IiwiaXAiOiI6OjEiLCJ1c2VyX2FnZW50IjoiVGlja2V0aW5nLVdlYkFwcCJ9fQ.htQO1lf7Co2VVEaiPeX7jgP_AF2R0MA1b9v345yq4eA
Connection: close
Request body:

========================================
2018-01-25 17:28:33 
::1 GET /synergix-takaful/public-api/v1/tickets?limit=20&start=1516813200&end=1516813200 HTTP/1.1
HTTP headers:
Host: localhost
User-Agent: Ticketing-WebApp
Authorization: Bearer eyJ0eXAiOiJKV1QiLCJhbGciOiJIUzI1NiJ9.eyJpYXQiOjE1MTY4NzYxMTEsImp0aSI6InFxSmdWVVl5N2FYcFRCaUQ2TzlZMzkyc0tvWERsNkpSalV0T3JnY1wvaWJnPSIsImlzcyI6Ijo6MSIsIm5iZiI6MTUxNjg3NjExMSwiZXhwIjoxNTE2ODc3OTExLCJkYXRhIjp7InVzZXJuYW1lIjoicmFobWF0X2FkbWluIiwicGFzc3dvcmQiOiI5MWRmN2FhNjIwOTljM2JmNGEzZjZkNWQ1NDU2Mzc4OTQ4OWUwNGI1IiwiaXAiOiI6OjEiLCJ1c2VyX2FnZW50IjoiVGlja2V0aW5nLVdlYkFwcCJ9fQ.htQO1lf7Co2VVEaiPeX7jgP_AF2R0MA1b9v345yq4eA
Connection: close
Request body:

========================================
2018-01-25 17:41:42 
::1 POST /synergix-takaful/public-api/v1/users/token HTTP/1.1
HTTP headers:
Host: localhost
Content-Length: 37
User-Agent: Ticketing-WebApp
Connection: close
Content-Type: application/x-www-form-urlencoded
Request body:
username=rahmat_admin&password=rahmat
========================================
2018-01-25 17:41:43 
::1 GET /synergix-takaful/public-api/v1/users/13 HTTP/1.1
HTTP headers:
Host: localhost
User-Agent: Ticketing-WebApp
Authorization: Bearer eyJ0eXAiOiJKV1QiLCJhbGciOiJIUzI1NiJ9.eyJpYXQiOjE1MTY4NzY5MDIsImp0aSI6ImY5WEREQlpaRVJWUlIxbGpTOTEzREJ5OXB4T1RSbDJwREZqeFwvT2RBOXhVPSIsImlzcyI6Ijo6MSIsIm5iZiI6MTUxNjg3NjkwMiwiZXhwIjoxNTE2ODc4NzAyLCJkYXRhIjp7InVzZXJuYW1lIjoicmFobWF0X2FkbWluIiwicGFzc3dvcmQiOiI5MWRmN2FhNjIwOTljM2JmNGEzZjZkNWQ1NDU2Mzc4OTQ4OWUwNGI1IiwiaXAiOiI6OjEiLCJ1c2VyX2FnZW50IjoiVGlja2V0aW5nLVdlYkFwcCJ9fQ.bcLuwPBlwyfX1U7vRJZbwW1rMHbgmIPK8QvXmwSsgB4
Connection: close
Request body:

========================================
2018-01-25 17:41:43 
::1 GET /synergix-takaful/public-api/v1/user_level_modules/active?code=TICKET&user_level_id=7 HTTP/1.1
HTTP headers:
Host: localhost
User-Agent: Ticketing-WebApp
Authorization: Bearer eyJ0eXAiOiJKV1QiLCJhbGciOiJIUzI1NiJ9.eyJpYXQiOjE1MTY4NzY5MDIsImp0aSI6ImY5WEREQlpaRVJWUlIxbGpTOTEzREJ5OXB4T1RSbDJwREZqeFwvT2RBOXhVPSIsImlzcyI6Ijo6MSIsIm5iZiI6MTUxNjg3NjkwMiwiZXhwIjoxNTE2ODc4NzAyLCJkYXRhIjp7InVzZXJuYW1lIjoicmFobWF0X2FkbWluIiwicGFzc3dvcmQiOiI5MWRmN2FhNjIwOTljM2JmNGEzZjZkNWQ1NDU2Mzc4OTQ4OWUwNGI1IiwiaXAiOiI6OjEiLCJ1c2VyX2FnZW50IjoiVGlja2V0aW5nLVdlYkFwcCJ9fQ.bcLuwPBlwyfX1U7vRJZbwW1rMHbgmIPK8QvXmwSsgB4
Connection: close
Request body:

========================================
2018-01-25 17:41:45 
::1 GET /synergix-takaful/public-api/v1/tickets?limit=20&start=1516813200&end=1516813200 HTTP/1.1
HTTP headers:
Host: localhost
User-Agent: Ticketing-WebApp
Authorization: Bearer eyJ0eXAiOiJKV1QiLCJhbGciOiJIUzI1NiJ9.eyJpYXQiOjE1MTY4NzY5MDIsImp0aSI6ImY5WEREQlpaRVJWUlIxbGpTOTEzREJ5OXB4T1RSbDJwREZqeFwvT2RBOXhVPSIsImlzcyI6Ijo6MSIsIm5iZiI6MTUxNjg3NjkwMiwiZXhwIjoxNTE2ODc4NzAyLCJkYXRhIjp7InVzZXJuYW1lIjoicmFobWF0X2FkbWluIiwicGFzc3dvcmQiOiI5MWRmN2FhNjIwOTljM2JmNGEzZjZkNWQ1NDU2Mzc4OTQ4OWUwNGI1IiwiaXAiOiI6OjEiLCJ1c2VyX2FnZW50IjoiVGlja2V0aW5nLVdlYkFwcCJ9fQ.bcLuwPBlwyfX1U7vRJZbwW1rMHbgmIPK8QvXmwSsgB4
Connection: close
Request body:

========================================
2018-01-25 17:44:38 
::1 POST /synergix-takaful/public-api/v1/users/token HTTP/1.1
HTTP headers:
Host: localhost
Content-Length: 37
User-Agent: Ticketing-WebApp
Connection: close
Content-Type: application/x-www-form-urlencoded
Request body:
username=rahmat_admin&password=rahmat
========================================
2018-01-25 17:44:39 
::1 GET /synergix-takaful/public-api/v1/users/13 HTTP/1.1
HTTP headers:
Host: localhost
User-Agent: Ticketing-WebApp
Authorization: Bearer eyJ0eXAiOiJKV1QiLCJhbGciOiJIUzI1NiJ9.eyJpYXQiOjE1MTY4NzcwNzgsImp0aSI6Ikc0RHh3OUZSVjhERHFaY3Q3eTM4d29tb3Uxc0lHS0daRUlqalM0b2Nub1E9IiwiaXNzIjoiOjoxIiwibmJmIjoxNTE2ODc3MDc4LCJleHAiOjE1MTY4Nzg4NzgsImRhdGEiOnsidXNlcm5hbWUiOiJyYWhtYXRfYWRtaW4iLCJwYXNzd29yZCI6IjkxZGY3YWE2MjA5OWMzYmY0YTNmNmQ1ZDU0NTYzNzg5NDg5ZTA0YjUiLCJpcCI6Ijo6MSIsInVzZXJfYWdlbnQiOiJUaWNrZXRpbmctV2ViQXBwIn19.wVDr0F1bhkJQEmUv0BlQhms7nUJ1w3BN1LN4COUuDhA
Connection: close
Request body:

========================================
2018-01-25 17:44:39 
::1 GET /synergix-takaful/public-api/v1/user_level_modules/active?code=TICKET&user_level_id=7 HTTP/1.1
HTTP headers:
Host: localhost
User-Agent: Ticketing-WebApp
Authorization: Bearer eyJ0eXAiOiJKV1QiLCJhbGciOiJIUzI1NiJ9.eyJpYXQiOjE1MTY4NzcwNzgsImp0aSI6Ikc0RHh3OUZSVjhERHFaY3Q3eTM4d29tb3Uxc0lHS0daRUlqalM0b2Nub1E9IiwiaXNzIjoiOjoxIiwibmJmIjoxNTE2ODc3MDc4LCJleHAiOjE1MTY4Nzg4NzgsImRhdGEiOnsidXNlcm5hbWUiOiJyYWhtYXRfYWRtaW4iLCJwYXNzd29yZCI6IjkxZGY3YWE2MjA5OWMzYmY0YTNmNmQ1ZDU0NTYzNzg5NDg5ZTA0YjUiLCJpcCI6Ijo6MSIsInVzZXJfYWdlbnQiOiJUaWNrZXRpbmctV2ViQXBwIn19.wVDr0F1bhkJQEmUv0BlQhms7nUJ1w3BN1LN4COUuDhA
Connection: close
Request body:

========================================
2018-01-25 17:44:40 
::1 GET /synergix-takaful/public-api/v1/tickets?limit=20&start=1516813200&end=1516813200 HTTP/1.1
HTTP headers:
Host: localhost
User-Agent: Ticketing-WebApp
Authorization: Bearer eyJ0eXAiOiJKV1QiLCJhbGciOiJIUzI1NiJ9.eyJpYXQiOjE1MTY4NzcwNzgsImp0aSI6Ikc0RHh3OUZSVjhERHFaY3Q3eTM4d29tb3Uxc0lHS0daRUlqalM0b2Nub1E9IiwiaXNzIjoiOjoxIiwibmJmIjoxNTE2ODc3MDc4LCJleHAiOjE1MTY4Nzg4NzgsImRhdGEiOnsidXNlcm5hbWUiOiJyYWhtYXRfYWRtaW4iLCJwYXNzd29yZCI6IjkxZGY3YWE2MjA5OWMzYmY0YTNmNmQ1ZDU0NTYzNzg5NDg5ZTA0YjUiLCJpcCI6Ijo6MSIsInVzZXJfYWdlbnQiOiJUaWNrZXRpbmctV2ViQXBwIn19.wVDr0F1bhkJQEmUv0BlQhms7nUJ1w3BN1LN4COUuDhA
Connection: close
Request body:

========================================
