2019-05-05 08:43:03 
::1 POST /tourism/public-api/v1/users/token HTTP/1.1
HTTP headers:
Host: localhost
Content-Length: 25
User-Agent: Ticketing-WebApp
Connection: close
Content-Type: application/x-www-form-urlencoded
Request body:
username=ade&password=ade
========================================
2019-05-05 08:43:05 
::1 GET /tourism/public-api/v1/users/1 HTTP/1.1
HTTP headers:
Host: localhost
User-Agent: Ticketing-WebApp
Authorization: Bearer eyJ0eXAiOiJKV1QiLCJhbGciOiJIUzI1NiJ9.eyJpYXQiOjE1NTcwMjA1ODQsImp0aSI6ImduZHlmcDFSbjF5Rm5HS2VITWIwUmRSK2o5R05tQ01YWUM1N3NiT1ZNSWc9IiwiaXNzIjoiOjoxIiwibmJmIjoxNTU3MDIwNTg0LCJleHAiOjE1NTcwMjIzODQsImRhdGEiOnsidXNlcm5hbWUiOiJhZGUiLCJwYXNzd29yZCI6ImI3MDE2NmQyMzU5ZTU1ZmYzNDg0ZjVkNzAyMGM3MGQ4NmQ4OTA3OTYiLCJpcCI6Ijo6MSIsInVzZXJfYWdlbnQiOiJUaWNrZXRpbmctV2ViQXBwIn19.qOJGkK5_1lrTL1f96FJjP_Il9FDODnGeGuXGjIfLyz8
Connection: close
Request body:

========================================
2019-05-05 08:43:26 
::1 POST /tourism/public-api/v1/users/token HTTP/1.1
HTTP headers:
Host: localhost
Content-Length: 40
User-Agent: Ticketing-WebApp
Connection: close
Content-Type: application/x-www-form-urlencoded
Request body:
username=admin_pantai_ancol&password=ade
========================================
2019-05-05 08:43:27 
::1 GET /tourism/public-api/v1/users/5 HTTP/1.1
HTTP headers:
Host: localhost
User-Agent: Ticketing-WebApp
Authorization: Bearer eyJ0eXAiOiJKV1QiLCJhbGciOiJIUzI1NiJ9.eyJpYXQiOjE1NTcwMjA2MDYsImp0aSI6IlVrcFM3dnFYNzhKV21QVUZ0N3RaRm1qc05VdFZGYlA4dGxKcDVjYlFmSk09IiwiaXNzIjoiOjoxIiwibmJmIjoxNTU3MDIwNjA2LCJleHAiOjE1NTcwMjI0MDYsImRhdGEiOnsidXNlcm5hbWUiOiJhZG1pbl9wYW50YWlfYW5jb2wiLCJwYXNzd29yZCI6ImI3MDE2NmQyMzU5ZTU1ZmYzNDg0ZjVkNzAyMGM3MGQ4NmQ4OTA3OTYiLCJpcCI6Ijo6MSIsInVzZXJfYWdlbnQiOiJUaWNrZXRpbmctV2ViQXBwIn19.7c0JWuxdWH1U8otre_w1N47xpfGbzwmRU_LUTmioyj0
Connection: close
Request body:

========================================
2019-05-05 08:43:45 
::1 GET /tourism/public-api/v1/tourism?tourism_approval_status=2 HTTP/1.1
HTTP headers:
Host: localhost
User-Agent: Ticketing-WebApp
Authorization: Bearer eyJ0eXAiOiJKV1QiLCJhbGciOiJIUzI1NiJ9.eyJpYXQiOjE1NTcwMjA2MDYsImp0aSI6IlVrcFM3dnFYNzhKV21QVUZ0N3RaRm1qc05VdFZGYlA4dGxKcDVjYlFmSk09IiwiaXNzIjoiOjoxIiwibmJmIjoxNTU3MDIwNjA2LCJleHAiOjE1NTcwMjI0MDYsImRhdGEiOnsidXNlcm5hbWUiOiJhZG1pbl9wYW50YWlfYW5jb2wiLCJwYXNzd29yZCI6ImI3MDE2NmQyMzU5ZTU1ZmYzNDg0ZjVkNzAyMGM3MGQ4NmQ4OTA3OTYiLCJpcCI6Ijo6MSIsInVzZXJfYWdlbnQiOiJUaWNrZXRpbmctV2ViQXBwIn19.7c0JWuxdWH1U8otre_w1N47xpfGbzwmRU_LUTmioyj0
Connection: close
Request body:

========================================
2019-05-05 08:43:46 
::1 GET /tourism/public-api/v1/continents HTTP/1.1
HTTP headers:
Host: localhost
User-Agent: Ticketing-WebApp
Authorization: Bearer eyJ0eXAiOiJKV1QiLCJhbGciOiJIUzI1NiJ9.eyJpYXQiOjE1NTcwMjA2MDYsImp0aSI6IlVrcFM3dnFYNzhKV21QVUZ0N3RaRm1qc05VdFZGYlA4dGxKcDVjYlFmSk09IiwiaXNzIjoiOjoxIiwibmJmIjoxNTU3MDIwNjA2LCJleHAiOjE1NTcwMjI0MDYsImRhdGEiOnsidXNlcm5hbWUiOiJhZG1pbl9wYW50YWlfYW5jb2wiLCJwYXNzd29yZCI6ImI3MDE2NmQyMzU5ZTU1ZmYzNDg0ZjVkNzAyMGM3MGQ4NmQ4OTA3OTYiLCJpcCI6Ijo6MSIsInVzZXJfYWdlbnQiOiJUaWNrZXRpbmctV2ViQXBwIn19.7c0JWuxdWH1U8otre_w1N47xpfGbzwmRU_LUTmioyj0
Connection: close
Request body:

========================================
2019-05-05 08:43:52 
::1 GET /tourism/public-api/v1/tourism/7 HTTP/1.1
HTTP headers:
Host: localhost
User-Agent: Ticketing-WebApp
Authorization: Bearer eyJ0eXAiOiJKV1QiLCJhbGciOiJIUzI1NiJ9.eyJpYXQiOjE1NTcwMjA2MDYsImp0aSI6IlVrcFM3dnFYNzhKV21QVUZ0N3RaRm1qc05VdFZGYlA4dGxKcDVjYlFmSk09IiwiaXNzIjoiOjoxIiwibmJmIjoxNTU3MDIwNjA2LCJleHAiOjE1NTcwMjI0MDYsImRhdGEiOnsidXNlcm5hbWUiOiJhZG1pbl9wYW50YWlfYW5jb2wiLCJwYXNzd29yZCI6ImI3MDE2NmQyMzU5ZTU1ZmYzNDg0ZjVkNzAyMGM3MGQ4NmQ4OTA3OTYiLCJpcCI6Ijo6MSIsInVzZXJfYWdlbnQiOiJUaWNrZXRpbmctV2ViQXBwIn19.7c0JWuxdWH1U8otre_w1N47xpfGbzwmRU_LUTmioyj0
Connection: close
Request body:

========================================
2019-05-05 08:43:52 
::1 GET /tourism/public-api/v1/tourism/7/tourism_attachments HTTP/1.1
HTTP headers:
Host: localhost
User-Agent: Ticketing-WebApp
Authorization: Bearer eyJ0eXAiOiJKV1QiLCJhbGciOiJIUzI1NiJ9.eyJpYXQiOjE1NTcwMjA2MDYsImp0aSI6IlVrcFM3dnFYNzhKV21QVUZ0N3RaRm1qc05VdFZGYlA4dGxKcDVjYlFmSk09IiwiaXNzIjoiOjoxIiwibmJmIjoxNTU3MDIwNjA2LCJleHAiOjE1NTcwMjI0MDYsImRhdGEiOnsidXNlcm5hbWUiOiJhZG1pbl9wYW50YWlfYW5jb2wiLCJwYXNzd29yZCI6ImI3MDE2NmQyMzU5ZTU1ZmYzNDg0ZjVkNzAyMGM3MGQ4NmQ4OTA3OTYiLCJpcCI6Ijo6MSIsInVzZXJfYWdlbnQiOiJUaWNrZXRpbmctV2ViQXBwIn19.7c0JWuxdWH1U8otre_w1N47xpfGbzwmRU_LUTmioyj0
Connection: close
Request body:

========================================
2019-05-05 08:43:52 
::1 GET /tourism/public-api/v1/continents HTTP/1.1
HTTP headers:
Host: localhost
User-Agent: Ticketing-WebApp
Authorization: Bearer eyJ0eXAiOiJKV1QiLCJhbGciOiJIUzI1NiJ9.eyJpYXQiOjE1NTcwMjA2MDYsImp0aSI6IlVrcFM3dnFYNzhKV21QVUZ0N3RaRm1qc05VdFZGYlA4dGxKcDVjYlFmSk09IiwiaXNzIjoiOjoxIiwibmJmIjoxNTU3MDIwNjA2LCJleHAiOjE1NTcwMjI0MDYsImRhdGEiOnsidXNlcm5hbWUiOiJhZG1pbl9wYW50YWlfYW5jb2wiLCJwYXNzd29yZCI6ImI3MDE2NmQyMzU5ZTU1ZmYzNDg0ZjVkNzAyMGM3MGQ4NmQ4OTA3OTYiLCJpcCI6Ijo6MSIsInVzZXJfYWdlbnQiOiJUaWNrZXRpbmctV2ViQXBwIn19.7c0JWuxdWH1U8otre_w1N47xpfGbzwmRU_LUTmioyj0
Connection: close
Request body:

========================================
2019-05-05 08:53:29 
::1 GET /tourism/public-api/v1/tourism/7 HTTP/1.1
HTTP headers:
Host: localhost
User-Agent: Ticketing-WebApp
Authorization: Bearer eyJ0eXAiOiJKV1QiLCJhbGciOiJIUzI1NiJ9.eyJpYXQiOjE1NTcwMjA2MDYsImp0aSI6IlVrcFM3dnFYNzhKV21QVUZ0N3RaRm1qc05VdFZGYlA4dGxKcDVjYlFmSk09IiwiaXNzIjoiOjoxIiwibmJmIjoxNTU3MDIwNjA2LCJleHAiOjE1NTcwMjI0MDYsImRhdGEiOnsidXNlcm5hbWUiOiJhZG1pbl9wYW50YWlfYW5jb2wiLCJwYXNzd29yZCI6ImI3MDE2NmQyMzU5ZTU1ZmYzNDg0ZjVkNzAyMGM3MGQ4NmQ4OTA3OTYiLCJpcCI6Ijo6MSIsInVzZXJfYWdlbnQiOiJUaWNrZXRpbmctV2ViQXBwIn19.7c0JWuxdWH1U8otre_w1N47xpfGbzwmRU_LUTmioyj0
Connection: close
Request body:

========================================
2019-05-05 08:53:29 
::1 GET /tourism/public-api/v1/tourism/7/tourism_attachments HTTP/1.1
HTTP headers:
Host: localhost
User-Agent: Ticketing-WebApp
Authorization: Bearer eyJ0eXAiOiJKV1QiLCJhbGciOiJIUzI1NiJ9.eyJpYXQiOjE1NTcwMjA2MDYsImp0aSI6IlVrcFM3dnFYNzhKV21QVUZ0N3RaRm1qc05VdFZGYlA4dGxKcDVjYlFmSk09IiwiaXNzIjoiOjoxIiwibmJmIjoxNTU3MDIwNjA2LCJleHAiOjE1NTcwMjI0MDYsImRhdGEiOnsidXNlcm5hbWUiOiJhZG1pbl9wYW50YWlfYW5jb2wiLCJwYXNzd29yZCI6ImI3MDE2NmQyMzU5ZTU1ZmYzNDg0ZjVkNzAyMGM3MGQ4NmQ4OTA3OTYiLCJpcCI6Ijo6MSIsInVzZXJfYWdlbnQiOiJUaWNrZXRpbmctV2ViQXBwIn19.7c0JWuxdWH1U8otre_w1N47xpfGbzwmRU_LUTmioyj0
Connection: close
Request body:

========================================
2019-05-05 08:53:31 
::1 GET /tourism/public-api/v1/continents HTTP/1.1
HTTP headers:
Host: localhost
User-Agent: Ticketing-WebApp
Authorization: Bearer eyJ0eXAiOiJKV1QiLCJhbGciOiJIUzI1NiJ9.eyJpYXQiOjE1NTcwMjA2MDYsImp0aSI6IlVrcFM3dnFYNzhKV21QVUZ0N3RaRm1qc05VdFZGYlA4dGxKcDVjYlFmSk09IiwiaXNzIjoiOjoxIiwibmJmIjoxNTU3MDIwNjA2LCJleHAiOjE1NTcwMjI0MDYsImRhdGEiOnsidXNlcm5hbWUiOiJhZG1pbl9wYW50YWlfYW5jb2wiLCJwYXNzd29yZCI6ImI3MDE2NmQyMzU5ZTU1ZmYzNDg0ZjVkNzAyMGM3MGQ4NmQ4OTA3OTYiLCJpcCI6Ijo6MSIsInVzZXJfYWdlbnQiOiJUaWNrZXRpbmctV2ViQXBwIn19.7c0JWuxdWH1U8otre_w1N47xpfGbzwmRU_LUTmioyj0
Connection: close
Request body:

========================================
2019-05-05 08:54:56 
::1 GET /tourism/public-api/v1/tourism/7 HTTP/1.1
HTTP headers:
Host: localhost
User-Agent: Ticketing-WebApp
Authorization: Bearer eyJ0eXAiOiJKV1QiLCJhbGciOiJIUzI1NiJ9.eyJpYXQiOjE1NTcwMjA2MDYsImp0aSI6IlVrcFM3dnFYNzhKV21QVUZ0N3RaRm1qc05VdFZGYlA4dGxKcDVjYlFmSk09IiwiaXNzIjoiOjoxIiwibmJmIjoxNTU3MDIwNjA2LCJleHAiOjE1NTcwMjI0MDYsImRhdGEiOnsidXNlcm5hbWUiOiJhZG1pbl9wYW50YWlfYW5jb2wiLCJwYXNzd29yZCI6ImI3MDE2NmQyMzU5ZTU1ZmYzNDg0ZjVkNzAyMGM3MGQ4NmQ4OTA3OTYiLCJpcCI6Ijo6MSIsInVzZXJfYWdlbnQiOiJUaWNrZXRpbmctV2ViQXBwIn19.7c0JWuxdWH1U8otre_w1N47xpfGbzwmRU_LUTmioyj0
Connection: close
Request body:

========================================
2019-05-05 08:54:56 
::1 GET /tourism/public-api/v1/tourism/7/tourism_attachments HTTP/1.1
HTTP headers:
Host: localhost
User-Agent: Ticketing-WebApp
Authorization: Bearer eyJ0eXAiOiJKV1QiLCJhbGciOiJIUzI1NiJ9.eyJpYXQiOjE1NTcwMjA2MDYsImp0aSI6IlVrcFM3dnFYNzhKV21QVUZ0N3RaRm1qc05VdFZGYlA4dGxKcDVjYlFmSk09IiwiaXNzIjoiOjoxIiwibmJmIjoxNTU3MDIwNjA2LCJleHAiOjE1NTcwMjI0MDYsImRhdGEiOnsidXNlcm5hbWUiOiJhZG1pbl9wYW50YWlfYW5jb2wiLCJwYXNzd29yZCI6ImI3MDE2NmQyMzU5ZTU1ZmYzNDg0ZjVkNzAyMGM3MGQ4NmQ4OTA3OTYiLCJpcCI6Ijo6MSIsInVzZXJfYWdlbnQiOiJUaWNrZXRpbmctV2ViQXBwIn19.7c0JWuxdWH1U8otre_w1N47xpfGbzwmRU_LUTmioyj0
Connection: close
Request body:

========================================
2019-05-05 08:54:57 
::1 GET /tourism/public-api/v1/continents HTTP/1.1
HTTP headers:
Host: localhost
User-Agent: Ticketing-WebApp
Authorization: Bearer eyJ0eXAiOiJKV1QiLCJhbGciOiJIUzI1NiJ9.eyJpYXQiOjE1NTcwMjA2MDYsImp0aSI6IlVrcFM3dnFYNzhKV21QVUZ0N3RaRm1qc05VdFZGYlA4dGxKcDVjYlFmSk09IiwiaXNzIjoiOjoxIiwibmJmIjoxNTU3MDIwNjA2LCJleHAiOjE1NTcwMjI0MDYsImRhdGEiOnsidXNlcm5hbWUiOiJhZG1pbl9wYW50YWlfYW5jb2wiLCJwYXNzd29yZCI6ImI3MDE2NmQyMzU5ZTU1ZmYzNDg0ZjVkNzAyMGM3MGQ4NmQ4OTA3OTYiLCJpcCI6Ijo6MSIsInVzZXJfYWdlbnQiOiJUaWNrZXRpbmctV2ViQXBwIn19.7c0JWuxdWH1U8otre_w1N47xpfGbzwmRU_LUTmioyj0
Connection: close
Request body:

========================================
2019-05-05 08:55:38 
::1 GET /tourism/public-api/v1/tourism/7 HTTP/1.1
HTTP headers:
Host: localhost
User-Agent: Ticketing-WebApp
Authorization: Bearer eyJ0eXAiOiJKV1QiLCJhbGciOiJIUzI1NiJ9.eyJpYXQiOjE1NTcwMjA2MDYsImp0aSI6IlVrcFM3dnFYNzhKV21QVUZ0N3RaRm1qc05VdFZGYlA4dGxKcDVjYlFmSk09IiwiaXNzIjoiOjoxIiwibmJmIjoxNTU3MDIwNjA2LCJleHAiOjE1NTcwMjI0MDYsImRhdGEiOnsidXNlcm5hbWUiOiJhZG1pbl9wYW50YWlfYW5jb2wiLCJwYXNzd29yZCI6ImI3MDE2NmQyMzU5ZTU1ZmYzNDg0ZjVkNzAyMGM3MGQ4NmQ4OTA3OTYiLCJpcCI6Ijo6MSIsInVzZXJfYWdlbnQiOiJUaWNrZXRpbmctV2ViQXBwIn19.7c0JWuxdWH1U8otre_w1N47xpfGbzwmRU_LUTmioyj0
Connection: close
Request body:

========================================
2019-05-05 08:55:38 
::1 GET /tourism/public-api/v1/tourism/7/tourism_attachments HTTP/1.1
HTTP headers:
Host: localhost
User-Agent: Ticketing-WebApp
Authorization: Bearer eyJ0eXAiOiJKV1QiLCJhbGciOiJIUzI1NiJ9.eyJpYXQiOjE1NTcwMjA2MDYsImp0aSI6IlVrcFM3dnFYNzhKV21QVUZ0N3RaRm1qc05VdFZGYlA4dGxKcDVjYlFmSk09IiwiaXNzIjoiOjoxIiwibmJmIjoxNTU3MDIwNjA2LCJleHAiOjE1NTcwMjI0MDYsImRhdGEiOnsidXNlcm5hbWUiOiJhZG1pbl9wYW50YWlfYW5jb2wiLCJwYXNzd29yZCI6ImI3MDE2NmQyMzU5ZTU1ZmYzNDg0ZjVkNzAyMGM3MGQ4NmQ4OTA3OTYiLCJpcCI6Ijo6MSIsInVzZXJfYWdlbnQiOiJUaWNrZXRpbmctV2ViQXBwIn19.7c0JWuxdWH1U8otre_w1N47xpfGbzwmRU_LUTmioyj0
Connection: close
Request body:

========================================
2019-05-05 08:55:40 
::1 GET /tourism/public-api/v1/continents HTTP/1.1
HTTP headers:
Host: localhost
User-Agent: Ticketing-WebApp
Authorization: Bearer eyJ0eXAiOiJKV1QiLCJhbGciOiJIUzI1NiJ9.eyJpYXQiOjE1NTcwMjA2MDYsImp0aSI6IlVrcFM3dnFYNzhKV21QVUZ0N3RaRm1qc05VdFZGYlA4dGxKcDVjYlFmSk09IiwiaXNzIjoiOjoxIiwibmJmIjoxNTU3MDIwNjA2LCJleHAiOjE1NTcwMjI0MDYsImRhdGEiOnsidXNlcm5hbWUiOiJhZG1pbl9wYW50YWlfYW5jb2wiLCJwYXNzd29yZCI6ImI3MDE2NmQyMzU5ZTU1ZmYzNDg0ZjVkNzAyMGM3MGQ4NmQ4OTA3OTYiLCJpcCI6Ijo6MSIsInVzZXJfYWdlbnQiOiJUaWNrZXRpbmctV2ViQXBwIn19.7c0JWuxdWH1U8otre_w1N47xpfGbzwmRU_LUTmioyj0
Connection: close
Request body:

========================================
2019-05-05 08:57:24 
::1 GET /tourism/public-api/v1/tourism/7 HTTP/1.1
HTTP headers:
Host: localhost
User-Agent: Ticketing-WebApp
Authorization: Bearer eyJ0eXAiOiJKV1QiLCJhbGciOiJIUzI1NiJ9.eyJpYXQiOjE1NTcwMjA2MDYsImp0aSI6IlVrcFM3dnFYNzhKV21QVUZ0N3RaRm1qc05VdFZGYlA4dGxKcDVjYlFmSk09IiwiaXNzIjoiOjoxIiwibmJmIjoxNTU3MDIwNjA2LCJleHAiOjE1NTcwMjI0MDYsImRhdGEiOnsidXNlcm5hbWUiOiJhZG1pbl9wYW50YWlfYW5jb2wiLCJwYXNzd29yZCI6ImI3MDE2NmQyMzU5ZTU1ZmYzNDg0ZjVkNzAyMGM3MGQ4NmQ4OTA3OTYiLCJpcCI6Ijo6MSIsInVzZXJfYWdlbnQiOiJUaWNrZXRpbmctV2ViQXBwIn19.7c0JWuxdWH1U8otre_w1N47xpfGbzwmRU_LUTmioyj0
Connection: close
Request body:

========================================
2019-05-05 08:57:24 
::1 GET /tourism/public-api/v1/tourism/7/tourism_attachments HTTP/1.1
HTTP headers:
Host: localhost
User-Agent: Ticketing-WebApp
Authorization: Bearer eyJ0eXAiOiJKV1QiLCJhbGciOiJIUzI1NiJ9.eyJpYXQiOjE1NTcwMjA2MDYsImp0aSI6IlVrcFM3dnFYNzhKV21QVUZ0N3RaRm1qc05VdFZGYlA4dGxKcDVjYlFmSk09IiwiaXNzIjoiOjoxIiwibmJmIjoxNTU3MDIwNjA2LCJleHAiOjE1NTcwMjI0MDYsImRhdGEiOnsidXNlcm5hbWUiOiJhZG1pbl9wYW50YWlfYW5jb2wiLCJwYXNzd29yZCI6ImI3MDE2NmQyMzU5ZTU1ZmYzNDg0ZjVkNzAyMGM3MGQ4NmQ4OTA3OTYiLCJpcCI6Ijo6MSIsInVzZXJfYWdlbnQiOiJUaWNrZXRpbmctV2ViQXBwIn19.7c0JWuxdWH1U8otre_w1N47xpfGbzwmRU_LUTmioyj0
Connection: close
Request body:

========================================
2019-05-05 08:57:25 
::1 GET /tourism/public-api/v1/continents HTTP/1.1
HTTP headers:
Host: localhost
User-Agent: Ticketing-WebApp
Authorization: Bearer eyJ0eXAiOiJKV1QiLCJhbGciOiJIUzI1NiJ9.eyJpYXQiOjE1NTcwMjA2MDYsImp0aSI6IlVrcFM3dnFYNzhKV21QVUZ0N3RaRm1qc05VdFZGYlA4dGxKcDVjYlFmSk09IiwiaXNzIjoiOjoxIiwibmJmIjoxNTU3MDIwNjA2LCJleHAiOjE1NTcwMjI0MDYsImRhdGEiOnsidXNlcm5hbWUiOiJhZG1pbl9wYW50YWlfYW5jb2wiLCJwYXNzd29yZCI6ImI3MDE2NmQyMzU5ZTU1ZmYzNDg0ZjVkNzAyMGM3MGQ4NmQ4OTA3OTYiLCJpcCI6Ijo6MSIsInVzZXJfYWdlbnQiOiJUaWNrZXRpbmctV2ViQXBwIn19.7c0JWuxdWH1U8otre_w1N47xpfGbzwmRU_LUTmioyj0
Connection: close
Request body:

========================================
2019-05-05 08:58:56 
::1 GET /tourism/public-api/v1/tourism/7 HTTP/1.1
HTTP headers:
Host: localhost
User-Agent: Ticketing-WebApp
Authorization: Bearer eyJ0eXAiOiJKV1QiLCJhbGciOiJIUzI1NiJ9.eyJpYXQiOjE1NTcwMjA2MDYsImp0aSI6IlVrcFM3dnFYNzhKV21QVUZ0N3RaRm1qc05VdFZGYlA4dGxKcDVjYlFmSk09IiwiaXNzIjoiOjoxIiwibmJmIjoxNTU3MDIwNjA2LCJleHAiOjE1NTcwMjI0MDYsImRhdGEiOnsidXNlcm5hbWUiOiJhZG1pbl9wYW50YWlfYW5jb2wiLCJwYXNzd29yZCI6ImI3MDE2NmQyMzU5ZTU1ZmYzNDg0ZjVkNzAyMGM3MGQ4NmQ4OTA3OTYiLCJpcCI6Ijo6MSIsInVzZXJfYWdlbnQiOiJUaWNrZXRpbmctV2ViQXBwIn19.7c0JWuxdWH1U8otre_w1N47xpfGbzwmRU_LUTmioyj0
Connection: close
Request body:

========================================
2019-05-05 08:58:56 
::1 GET /tourism/public-api/v1/tourism/7/tourism_attachments HTTP/1.1
HTTP headers:
Host: localhost
User-Agent: Ticketing-WebApp
Authorization: Bearer eyJ0eXAiOiJKV1QiLCJhbGciOiJIUzI1NiJ9.eyJpYXQiOjE1NTcwMjA2MDYsImp0aSI6IlVrcFM3dnFYNzhKV21QVUZ0N3RaRm1qc05VdFZGYlA4dGxKcDVjYlFmSk09IiwiaXNzIjoiOjoxIiwibmJmIjoxNTU3MDIwNjA2LCJleHAiOjE1NTcwMjI0MDYsImRhdGEiOnsidXNlcm5hbWUiOiJhZG1pbl9wYW50YWlfYW5jb2wiLCJwYXNzd29yZCI6ImI3MDE2NmQyMzU5ZTU1ZmYzNDg0ZjVkNzAyMGM3MGQ4NmQ4OTA3OTYiLCJpcCI6Ijo6MSIsInVzZXJfYWdlbnQiOiJUaWNrZXRpbmctV2ViQXBwIn19.7c0JWuxdWH1U8otre_w1N47xpfGbzwmRU_LUTmioyj0
Connection: close
Request body:

========================================
2019-05-05 08:58:58 
::1 GET /tourism/public-api/v1/continents HTTP/1.1
HTTP headers:
Host: localhost
User-Agent: Ticketing-WebApp
Authorization: Bearer eyJ0eXAiOiJKV1QiLCJhbGciOiJIUzI1NiJ9.eyJpYXQiOjE1NTcwMjA2MDYsImp0aSI6IlVrcFM3dnFYNzhKV21QVUZ0N3RaRm1qc05VdFZGYlA4dGxKcDVjYlFmSk09IiwiaXNzIjoiOjoxIiwibmJmIjoxNTU3MDIwNjA2LCJleHAiOjE1NTcwMjI0MDYsImRhdGEiOnsidXNlcm5hbWUiOiJhZG1pbl9wYW50YWlfYW5jb2wiLCJwYXNzd29yZCI6ImI3MDE2NmQyMzU5ZTU1ZmYzNDg0ZjVkNzAyMGM3MGQ4NmQ4OTA3OTYiLCJpcCI6Ijo6MSIsInVzZXJfYWdlbnQiOiJUaWNrZXRpbmctV2ViQXBwIn19.7c0JWuxdWH1U8otre_w1N47xpfGbzwmRU_LUTmioyj0
Connection: close
Request body:

========================================
2019-05-05 08:59:49 
::1 GET /tourism/public-api/v1/tourism/7 HTTP/1.1
HTTP headers:
Host: localhost
User-Agent: Ticketing-WebApp
Authorization: Bearer eyJ0eXAiOiJKV1QiLCJhbGciOiJIUzI1NiJ9.eyJpYXQiOjE1NTcwMjA2MDYsImp0aSI6IlVrcFM3dnFYNzhKV21QVUZ0N3RaRm1qc05VdFZGYlA4dGxKcDVjYlFmSk09IiwiaXNzIjoiOjoxIiwibmJmIjoxNTU3MDIwNjA2LCJleHAiOjE1NTcwMjI0MDYsImRhdGEiOnsidXNlcm5hbWUiOiJhZG1pbl9wYW50YWlfYW5jb2wiLCJwYXNzd29yZCI6ImI3MDE2NmQyMzU5ZTU1ZmYzNDg0ZjVkNzAyMGM3MGQ4NmQ4OTA3OTYiLCJpcCI6Ijo6MSIsInVzZXJfYWdlbnQiOiJUaWNrZXRpbmctV2ViQXBwIn19.7c0JWuxdWH1U8otre_w1N47xpfGbzwmRU_LUTmioyj0
Connection: close
Request body:

========================================
2019-05-05 08:59:49 
::1 GET /tourism/public-api/v1/tourism/7/tourism_attachments HTTP/1.1
HTTP headers:
Host: localhost
User-Agent: Ticketing-WebApp
Authorization: Bearer eyJ0eXAiOiJKV1QiLCJhbGciOiJIUzI1NiJ9.eyJpYXQiOjE1NTcwMjA2MDYsImp0aSI6IlVrcFM3dnFYNzhKV21QVUZ0N3RaRm1qc05VdFZGYlA4dGxKcDVjYlFmSk09IiwiaXNzIjoiOjoxIiwibmJmIjoxNTU3MDIwNjA2LCJleHAiOjE1NTcwMjI0MDYsImRhdGEiOnsidXNlcm5hbWUiOiJhZG1pbl9wYW50YWlfYW5jb2wiLCJwYXNzd29yZCI6ImI3MDE2NmQyMzU5ZTU1ZmYzNDg0ZjVkNzAyMGM3MGQ4NmQ4OTA3OTYiLCJpcCI6Ijo6MSIsInVzZXJfYWdlbnQiOiJUaWNrZXRpbmctV2ViQXBwIn19.7c0JWuxdWH1U8otre_w1N47xpfGbzwmRU_LUTmioyj0
Connection: close
Request body:

========================================
2019-05-05 08:59:51 
::1 GET /tourism/public-api/v1/continents HTTP/1.1
HTTP headers:
Host: localhost
User-Agent: Ticketing-WebApp
Authorization: Bearer eyJ0eXAiOiJKV1QiLCJhbGciOiJIUzI1NiJ9.eyJpYXQiOjE1NTcwMjA2MDYsImp0aSI6IlVrcFM3dnFYNzhKV21QVUZ0N3RaRm1qc05VdFZGYlA4dGxKcDVjYlFmSk09IiwiaXNzIjoiOjoxIiwibmJmIjoxNTU3MDIwNjA2LCJleHAiOjE1NTcwMjI0MDYsImRhdGEiOnsidXNlcm5hbWUiOiJhZG1pbl9wYW50YWlfYW5jb2wiLCJwYXNzd29yZCI6ImI3MDE2NmQyMzU5ZTU1ZmYzNDg0ZjVkNzAyMGM3MGQ4NmQ4OTA3OTYiLCJpcCI6Ijo6MSIsInVzZXJfYWdlbnQiOiJUaWNrZXRpbmctV2ViQXBwIn19.7c0JWuxdWH1U8otre_w1N47xpfGbzwmRU_LUTmioyj0
Connection: close
Request body:

========================================
2019-05-05 09:04:40 
::1 GET /tourism/public-api/v1/tourism/7 HTTP/1.1
HTTP headers:
Host: localhost
User-Agent: Ticketing-WebApp
Authorization: Bearer eyJ0eXAiOiJKV1QiLCJhbGciOiJIUzI1NiJ9.eyJpYXQiOjE1NTcwMjA2MDYsImp0aSI6IlVrcFM3dnFYNzhKV21QVUZ0N3RaRm1qc05VdFZGYlA4dGxKcDVjYlFmSk09IiwiaXNzIjoiOjoxIiwibmJmIjoxNTU3MDIwNjA2LCJleHAiOjE1NTcwMjI0MDYsImRhdGEiOnsidXNlcm5hbWUiOiJhZG1pbl9wYW50YWlfYW5jb2wiLCJwYXNzd29yZCI6ImI3MDE2NmQyMzU5ZTU1ZmYzNDg0ZjVkNzAyMGM3MGQ4NmQ4OTA3OTYiLCJpcCI6Ijo6MSIsInVzZXJfYWdlbnQiOiJUaWNrZXRpbmctV2ViQXBwIn19.7c0JWuxdWH1U8otre_w1N47xpfGbzwmRU_LUTmioyj0
Connection: close
Request body:

========================================
2019-05-05 09:04:40 
::1 GET /tourism/public-api/v1/tourism/7/tourism_attachments HTTP/1.1
HTTP headers:
Host: localhost
User-Agent: Ticketing-WebApp
Authorization: Bearer eyJ0eXAiOiJKV1QiLCJhbGciOiJIUzI1NiJ9.eyJpYXQiOjE1NTcwMjA2MDYsImp0aSI6IlVrcFM3dnFYNzhKV21QVUZ0N3RaRm1qc05VdFZGYlA4dGxKcDVjYlFmSk09IiwiaXNzIjoiOjoxIiwibmJmIjoxNTU3MDIwNjA2LCJleHAiOjE1NTcwMjI0MDYsImRhdGEiOnsidXNlcm5hbWUiOiJhZG1pbl9wYW50YWlfYW5jb2wiLCJwYXNzd29yZCI6ImI3MDE2NmQyMzU5ZTU1ZmYzNDg0ZjVkNzAyMGM3MGQ4NmQ4OTA3OTYiLCJpcCI6Ijo6MSIsInVzZXJfYWdlbnQiOiJUaWNrZXRpbmctV2ViQXBwIn19.7c0JWuxdWH1U8otre_w1N47xpfGbzwmRU_LUTmioyj0
Connection: close
Request body:

========================================
2019-05-05 09:04:41 
::1 GET /tourism/public-api/v1/continents HTTP/1.1
HTTP headers:
Host: localhost
User-Agent: Ticketing-WebApp
Authorization: Bearer eyJ0eXAiOiJKV1QiLCJhbGciOiJIUzI1NiJ9.eyJpYXQiOjE1NTcwMjA2MDYsImp0aSI6IlVrcFM3dnFYNzhKV21QVUZ0N3RaRm1qc05VdFZGYlA4dGxKcDVjYlFmSk09IiwiaXNzIjoiOjoxIiwibmJmIjoxNTU3MDIwNjA2LCJleHAiOjE1NTcwMjI0MDYsImRhdGEiOnsidXNlcm5hbWUiOiJhZG1pbl9wYW50YWlfYW5jb2wiLCJwYXNzd29yZCI6ImI3MDE2NmQyMzU5ZTU1ZmYzNDg0ZjVkNzAyMGM3MGQ4NmQ4OTA3OTYiLCJpcCI6Ijo6MSIsInVzZXJfYWdlbnQiOiJUaWNrZXRpbmctV2ViQXBwIn19.7c0JWuxdWH1U8otre_w1N47xpfGbzwmRU_LUTmioyj0
Connection: close
Request body:

========================================
2019-05-05 09:06:35 
::1 POST /tourism/public-api/v1/tourism_attachments/photo HTTP/1.1
HTTP headers:
Host: localhost
Content-Length: 194257
Content-Type: multipart/form-data; boundary="5cc07773b5f4611d910c4c954290082f"
Authorization: Bearer eyJ0eXAiOiJKV1QiLCJhbGciOiJIUzI1NiJ9.eyJpYXQiOjE1NTcwMjA2MDYsImp0aSI6IlVrcFM3dnFYNzhKV21QVUZ0N3RaRm1qc05VdFZGYlA4dGxKcDVjYlFmSk09IiwiaXNzIjoiOjoxIiwibmJmIjoxNTU3MDIwNjA2LCJleHAiOjE1NTcwMjI0MDYsImRhdGEiOnsidXNlcm5hbWUiOiJhZG1pbl9wYW50YWlfYW5jb2wiLCJwYXNzd29yZCI6ImI3MDE2NmQyMzU5ZTU1ZmYzNDg0ZjVkNzAyMGM3MGQ4NmQ4OTA3OTYiLCJpcCI6Ijo6MSIsInVzZXJfYWdlbnQiOiJUaWNrZXRpbmctV2ViQXBwIn19.7c0JWuxdWH1U8otre_w1N47xpfGbzwmRU_LUTmioyj0
Connection: close
User-Agent: CakePHP
Request body:

========================================
2019-05-05 09:06:39 
::1 GET /tourism/public-api/v1/tourism/7 HTTP/1.1
HTTP headers:
Host: localhost
User-Agent: Ticketing-WebApp
Authorization: Bearer eyJ0eXAiOiJKV1QiLCJhbGciOiJIUzI1NiJ9.eyJpYXQiOjE1NTcwMjA2MDYsImp0aSI6IlVrcFM3dnFYNzhKV21QVUZ0N3RaRm1qc05VdFZGYlA4dGxKcDVjYlFmSk09IiwiaXNzIjoiOjoxIiwibmJmIjoxNTU3MDIwNjA2LCJleHAiOjE1NTcwMjI0MDYsImRhdGEiOnsidXNlcm5hbWUiOiJhZG1pbl9wYW50YWlfYW5jb2wiLCJwYXNzd29yZCI6ImI3MDE2NmQyMzU5ZTU1ZmYzNDg0ZjVkNzAyMGM3MGQ4NmQ4OTA3OTYiLCJpcCI6Ijo6MSIsInVzZXJfYWdlbnQiOiJUaWNrZXRpbmctV2ViQXBwIn19.7c0JWuxdWH1U8otre_w1N47xpfGbzwmRU_LUTmioyj0
Connection: close
Request body:

========================================
2019-05-05 09:06:40 
::1 GET /tourism/public-api/v1/tourism/7/tourism_attachments HTTP/1.1
HTTP headers:
Host: localhost
User-Agent: Ticketing-WebApp
Authorization: Bearer eyJ0eXAiOiJKV1QiLCJhbGciOiJIUzI1NiJ9.eyJpYXQiOjE1NTcwMjA2MDYsImp0aSI6IlVrcFM3dnFYNzhKV21QVUZ0N3RaRm1qc05VdFZGYlA4dGxKcDVjYlFmSk09IiwiaXNzIjoiOjoxIiwibmJmIjoxNTU3MDIwNjA2LCJleHAiOjE1NTcwMjI0MDYsImRhdGEiOnsidXNlcm5hbWUiOiJhZG1pbl9wYW50YWlfYW5jb2wiLCJwYXNzd29yZCI6ImI3MDE2NmQyMzU5ZTU1ZmYzNDg0ZjVkNzAyMGM3MGQ4NmQ4OTA3OTYiLCJpcCI6Ijo6MSIsInVzZXJfYWdlbnQiOiJUaWNrZXRpbmctV2ViQXBwIn19.7c0JWuxdWH1U8otre_w1N47xpfGbzwmRU_LUTmioyj0
Connection: close
Request body:

========================================
2019-05-05 09:06:40 
::1 GET /tourism/public-api/v1/continents HTTP/1.1
HTTP headers:
Host: localhost
User-Agent: Ticketing-WebApp
Authorization: Bearer eyJ0eXAiOiJKV1QiLCJhbGciOiJIUzI1NiJ9.eyJpYXQiOjE1NTcwMjA2MDYsImp0aSI6IlVrcFM3dnFYNzhKV21QVUZ0N3RaRm1qc05VdFZGYlA4dGxKcDVjYlFmSk09IiwiaXNzIjoiOjoxIiwibmJmIjoxNTU3MDIwNjA2LCJleHAiOjE1NTcwMjI0MDYsImRhdGEiOnsidXNlcm5hbWUiOiJhZG1pbl9wYW50YWlfYW5jb2wiLCJwYXNzd29yZCI6ImI3MDE2NmQyMzU5ZTU1ZmYzNDg0ZjVkNzAyMGM3MGQ4NmQ4OTA3OTYiLCJpcCI6Ijo6MSIsInVzZXJfYWdlbnQiOiJUaWNrZXRpbmctV2ViQXBwIn19.7c0JWuxdWH1U8otre_w1N47xpfGbzwmRU_LUTmioyj0
Connection: close
Request body:

========================================
2019-05-05 09:07:21 
::1 GET /tourism/public-api/v1/tourism/7 HTTP/1.1
HTTP headers:
Host: localhost
User-Agent: Ticketing-WebApp
Authorization: Bearer eyJ0eXAiOiJKV1QiLCJhbGciOiJIUzI1NiJ9.eyJpYXQiOjE1NTcwMjA2MDYsImp0aSI6IlVrcFM3dnFYNzhKV21QVUZ0N3RaRm1qc05VdFZGYlA4dGxKcDVjYlFmSk09IiwiaXNzIjoiOjoxIiwibmJmIjoxNTU3MDIwNjA2LCJleHAiOjE1NTcwMjI0MDYsImRhdGEiOnsidXNlcm5hbWUiOiJhZG1pbl9wYW50YWlfYW5jb2wiLCJwYXNzd29yZCI6ImI3MDE2NmQyMzU5ZTU1ZmYzNDg0ZjVkNzAyMGM3MGQ4NmQ4OTA3OTYiLCJpcCI6Ijo6MSIsInVzZXJfYWdlbnQiOiJUaWNrZXRpbmctV2ViQXBwIn19.7c0JWuxdWH1U8otre_w1N47xpfGbzwmRU_LUTmioyj0
Connection: close
Request body:

========================================
2019-05-05 09:07:21 
::1 GET /tourism/public-api/v1/tourism/7/tourism_attachments HTTP/1.1
HTTP headers:
Host: localhost
User-Agent: Ticketing-WebApp
Authorization: Bearer eyJ0eXAiOiJKV1QiLCJhbGciOiJIUzI1NiJ9.eyJpYXQiOjE1NTcwMjA2MDYsImp0aSI6IlVrcFM3dnFYNzhKV21QVUZ0N3RaRm1qc05VdFZGYlA4dGxKcDVjYlFmSk09IiwiaXNzIjoiOjoxIiwibmJmIjoxNTU3MDIwNjA2LCJleHAiOjE1NTcwMjI0MDYsImRhdGEiOnsidXNlcm5hbWUiOiJhZG1pbl9wYW50YWlfYW5jb2wiLCJwYXNzd29yZCI6ImI3MDE2NmQyMzU5ZTU1ZmYzNDg0ZjVkNzAyMGM3MGQ4NmQ4OTA3OTYiLCJpcCI6Ijo6MSIsInVzZXJfYWdlbnQiOiJUaWNrZXRpbmctV2ViQXBwIn19.7c0JWuxdWH1U8otre_w1N47xpfGbzwmRU_LUTmioyj0
Connection: close
Request body:

========================================
2019-05-05 09:07:23 
::1 GET /tourism/public-api/v1/continents HTTP/1.1
HTTP headers:
Host: localhost
User-Agent: Ticketing-WebApp
Authorization: Bearer eyJ0eXAiOiJKV1QiLCJhbGciOiJIUzI1NiJ9.eyJpYXQiOjE1NTcwMjA2MDYsImp0aSI6IlVrcFM3dnFYNzhKV21QVUZ0N3RaRm1qc05VdFZGYlA4dGxKcDVjYlFmSk09IiwiaXNzIjoiOjoxIiwibmJmIjoxNTU3MDIwNjA2LCJleHAiOjE1NTcwMjI0MDYsImRhdGEiOnsidXNlcm5hbWUiOiJhZG1pbl9wYW50YWlfYW5jb2wiLCJwYXNzd29yZCI6ImI3MDE2NmQyMzU5ZTU1ZmYzNDg0ZjVkNzAyMGM3MGQ4NmQ4OTA3OTYiLCJpcCI6Ijo6MSIsInVzZXJfYWdlbnQiOiJUaWNrZXRpbmctV2ViQXBwIn19.7c0JWuxdWH1U8otre_w1N47xpfGbzwmRU_LUTmioyj0
Connection: close
Request body:

========================================
2019-05-05 09:09:34 
::1 GET /tourism/public-api/v1/tourism/7 HTTP/1.1
HTTP headers:
Host: localhost
User-Agent: Ticketing-WebApp
Authorization: Bearer eyJ0eXAiOiJKV1QiLCJhbGciOiJIUzI1NiJ9.eyJpYXQiOjE1NTcwMjA2MDYsImp0aSI6IlVrcFM3dnFYNzhKV21QVUZ0N3RaRm1qc05VdFZGYlA4dGxKcDVjYlFmSk09IiwiaXNzIjoiOjoxIiwibmJmIjoxNTU3MDIwNjA2LCJleHAiOjE1NTcwMjI0MDYsImRhdGEiOnsidXNlcm5hbWUiOiJhZG1pbl9wYW50YWlfYW5jb2wiLCJwYXNzd29yZCI6ImI3MDE2NmQyMzU5ZTU1ZmYzNDg0ZjVkNzAyMGM3MGQ4NmQ4OTA3OTYiLCJpcCI6Ijo6MSIsInVzZXJfYWdlbnQiOiJUaWNrZXRpbmctV2ViQXBwIn19.7c0JWuxdWH1U8otre_w1N47xpfGbzwmRU_LUTmioyj0
Connection: close
Request body:

========================================
2019-05-05 09:09:34 
::1 GET /tourism/public-api/v1/tourism/7/tourism_attachments HTTP/1.1
HTTP headers:
Host: localhost
User-Agent: Ticketing-WebApp
Authorization: Bearer eyJ0eXAiOiJKV1QiLCJhbGciOiJIUzI1NiJ9.eyJpYXQiOjE1NTcwMjA2MDYsImp0aSI6IlVrcFM3dnFYNzhKV21QVUZ0N3RaRm1qc05VdFZGYlA4dGxKcDVjYlFmSk09IiwiaXNzIjoiOjoxIiwibmJmIjoxNTU3MDIwNjA2LCJleHAiOjE1NTcwMjI0MDYsImRhdGEiOnsidXNlcm5hbWUiOiJhZG1pbl9wYW50YWlfYW5jb2wiLCJwYXNzd29yZCI6ImI3MDE2NmQyMzU5ZTU1ZmYzNDg0ZjVkNzAyMGM3MGQ4NmQ4OTA3OTYiLCJpcCI6Ijo6MSIsInVzZXJfYWdlbnQiOiJUaWNrZXRpbmctV2ViQXBwIn19.7c0JWuxdWH1U8otre_w1N47xpfGbzwmRU_LUTmioyj0
Connection: close
Request body:

========================================
2019-05-05 09:09:35 
::1 GET /tourism/public-api/v1/continents HTTP/1.1
HTTP headers:
Host: localhost
User-Agent: Ticketing-WebApp
Authorization: Bearer eyJ0eXAiOiJKV1QiLCJhbGciOiJIUzI1NiJ9.eyJpYXQiOjE1NTcwMjA2MDYsImp0aSI6IlVrcFM3dnFYNzhKV21QVUZ0N3RaRm1qc05VdFZGYlA4dGxKcDVjYlFmSk09IiwiaXNzIjoiOjoxIiwibmJmIjoxNTU3MDIwNjA2LCJleHAiOjE1NTcwMjI0MDYsImRhdGEiOnsidXNlcm5hbWUiOiJhZG1pbl9wYW50YWlfYW5jb2wiLCJwYXNzd29yZCI6ImI3MDE2NmQyMzU5ZTU1ZmYzNDg0ZjVkNzAyMGM3MGQ4NmQ4OTA3OTYiLCJpcCI6Ijo6MSIsInVzZXJfYWdlbnQiOiJUaWNrZXRpbmctV2ViQXBwIn19.7c0JWuxdWH1U8otre_w1N47xpfGbzwmRU_LUTmioyj0
Connection: close
Request body:

========================================
2019-05-05 09:10:28 
::1 GET /tourism/public-api/v1/tourism/7 HTTP/1.1
HTTP headers:
Host: localhost
User-Agent: Ticketing-WebApp
Authorization: Bearer eyJ0eXAiOiJKV1QiLCJhbGciOiJIUzI1NiJ9.eyJpYXQiOjE1NTcwMjA2MDYsImp0aSI6IlVrcFM3dnFYNzhKV21QVUZ0N3RaRm1qc05VdFZGYlA4dGxKcDVjYlFmSk09IiwiaXNzIjoiOjoxIiwibmJmIjoxNTU3MDIwNjA2LCJleHAiOjE1NTcwMjI0MDYsImRhdGEiOnsidXNlcm5hbWUiOiJhZG1pbl9wYW50YWlfYW5jb2wiLCJwYXNzd29yZCI6ImI3MDE2NmQyMzU5ZTU1ZmYzNDg0ZjVkNzAyMGM3MGQ4NmQ4OTA3OTYiLCJpcCI6Ijo6MSIsInVzZXJfYWdlbnQiOiJUaWNrZXRpbmctV2ViQXBwIn19.7c0JWuxdWH1U8otre_w1N47xpfGbzwmRU_LUTmioyj0
Connection: close
Request body:

========================================
2019-05-05 09:10:28 
::1 GET /tourism/public-api/v1/tourism/7/tourism_attachments HTTP/1.1
HTTP headers:
Host: localhost
User-Agent: Ticketing-WebApp
Authorization: Bearer eyJ0eXAiOiJKV1QiLCJhbGciOiJIUzI1NiJ9.eyJpYXQiOjE1NTcwMjA2MDYsImp0aSI6IlVrcFM3dnFYNzhKV21QVUZ0N3RaRm1qc05VdFZGYlA4dGxKcDVjYlFmSk09IiwiaXNzIjoiOjoxIiwibmJmIjoxNTU3MDIwNjA2LCJleHAiOjE1NTcwMjI0MDYsImRhdGEiOnsidXNlcm5hbWUiOiJhZG1pbl9wYW50YWlfYW5jb2wiLCJwYXNzd29yZCI6ImI3MDE2NmQyMzU5ZTU1ZmYzNDg0ZjVkNzAyMGM3MGQ4NmQ4OTA3OTYiLCJpcCI6Ijo6MSIsInVzZXJfYWdlbnQiOiJUaWNrZXRpbmctV2ViQXBwIn19.7c0JWuxdWH1U8otre_w1N47xpfGbzwmRU_LUTmioyj0
Connection: close
Request body:

========================================
2019-05-05 09:10:30 
::1 GET /tourism/public-api/v1/continents HTTP/1.1
HTTP headers:
Host: localhost
User-Agent: Ticketing-WebApp
Authorization: Bearer eyJ0eXAiOiJKV1QiLCJhbGciOiJIUzI1NiJ9.eyJpYXQiOjE1NTcwMjA2MDYsImp0aSI6IlVrcFM3dnFYNzhKV21QVUZ0N3RaRm1qc05VdFZGYlA4dGxKcDVjYlFmSk09IiwiaXNzIjoiOjoxIiwibmJmIjoxNTU3MDIwNjA2LCJleHAiOjE1NTcwMjI0MDYsImRhdGEiOnsidXNlcm5hbWUiOiJhZG1pbl9wYW50YWlfYW5jb2wiLCJwYXNzd29yZCI6ImI3MDE2NmQyMzU5ZTU1ZmYzNDg0ZjVkNzAyMGM3MGQ4NmQ4OTA3OTYiLCJpcCI6Ijo6MSIsInVzZXJfYWdlbnQiOiJUaWNrZXRpbmctV2ViQXBwIn19.7c0JWuxdWH1U8otre_w1N47xpfGbzwmRU_LUTmioyj0
Connection: close
Request body:

========================================
2019-05-05 09:12:27 
::1 GET /tourism/public-api/v1/tourism/7 HTTP/1.1
HTTP headers:
Host: localhost
User-Agent: Ticketing-WebApp
Authorization: Bearer eyJ0eXAiOiJKV1QiLCJhbGciOiJIUzI1NiJ9.eyJpYXQiOjE1NTcwMjA2MDYsImp0aSI6IlVrcFM3dnFYNzhKV21QVUZ0N3RaRm1qc05VdFZGYlA4dGxKcDVjYlFmSk09IiwiaXNzIjoiOjoxIiwibmJmIjoxNTU3MDIwNjA2LCJleHAiOjE1NTcwMjI0MDYsImRhdGEiOnsidXNlcm5hbWUiOiJhZG1pbl9wYW50YWlfYW5jb2wiLCJwYXNzd29yZCI6ImI3MDE2NmQyMzU5ZTU1ZmYzNDg0ZjVkNzAyMGM3MGQ4NmQ4OTA3OTYiLCJpcCI6Ijo6MSIsInVzZXJfYWdlbnQiOiJUaWNrZXRpbmctV2ViQXBwIn19.7c0JWuxdWH1U8otre_w1N47xpfGbzwmRU_LUTmioyj0
Connection: close
Request body:

========================================
2019-05-05 09:12:27 
::1 GET /tourism/public-api/v1/tourism/7/tourism_attachments HTTP/1.1
HTTP headers:
Host: localhost
User-Agent: Ticketing-WebApp
Authorization: Bearer eyJ0eXAiOiJKV1QiLCJhbGciOiJIUzI1NiJ9.eyJpYXQiOjE1NTcwMjA2MDYsImp0aSI6IlVrcFM3dnFYNzhKV21QVUZ0N3RaRm1qc05VdFZGYlA4dGxKcDVjYlFmSk09IiwiaXNzIjoiOjoxIiwibmJmIjoxNTU3MDIwNjA2LCJleHAiOjE1NTcwMjI0MDYsImRhdGEiOnsidXNlcm5hbWUiOiJhZG1pbl9wYW50YWlfYW5jb2wiLCJwYXNzd29yZCI6ImI3MDE2NmQyMzU5ZTU1ZmYzNDg0ZjVkNzAyMGM3MGQ4NmQ4OTA3OTYiLCJpcCI6Ijo6MSIsInVzZXJfYWdlbnQiOiJUaWNrZXRpbmctV2ViQXBwIn19.7c0JWuxdWH1U8otre_w1N47xpfGbzwmRU_LUTmioyj0
Connection: close
Request body:

========================================
2019-05-05 09:12:28 
::1 GET /tourism/public-api/v1/continents HTTP/1.1
HTTP headers:
Host: localhost
User-Agent: Ticketing-WebApp
Authorization: Bearer eyJ0eXAiOiJKV1QiLCJhbGciOiJIUzI1NiJ9.eyJpYXQiOjE1NTcwMjA2MDYsImp0aSI6IlVrcFM3dnFYNzhKV21QVUZ0N3RaRm1qc05VdFZGYlA4dGxKcDVjYlFmSk09IiwiaXNzIjoiOjoxIiwibmJmIjoxNTU3MDIwNjA2LCJleHAiOjE1NTcwMjI0MDYsImRhdGEiOnsidXNlcm5hbWUiOiJhZG1pbl9wYW50YWlfYW5jb2wiLCJwYXNzd29yZCI6ImI3MDE2NmQyMzU5ZTU1ZmYzNDg0ZjVkNzAyMGM3MGQ4NmQ4OTA3OTYiLCJpcCI6Ijo6MSIsInVzZXJfYWdlbnQiOiJUaWNrZXRpbmctV2ViQXBwIn19.7c0JWuxdWH1U8otre_w1N47xpfGbzwmRU_LUTmioyj0
Connection: close
Request body:

========================================
2019-05-05 09:12:51 
::1 GET /tourism/public-api/v1/tourism/7 HTTP/1.1
HTTP headers:
Host: localhost
User-Agent: Ticketing-WebApp
Authorization: Bearer eyJ0eXAiOiJKV1QiLCJhbGciOiJIUzI1NiJ9.eyJpYXQiOjE1NTcwMjA2MDYsImp0aSI6IlVrcFM3dnFYNzhKV21QVUZ0N3RaRm1qc05VdFZGYlA4dGxKcDVjYlFmSk09IiwiaXNzIjoiOjoxIiwibmJmIjoxNTU3MDIwNjA2LCJleHAiOjE1NTcwMjI0MDYsImRhdGEiOnsidXNlcm5hbWUiOiJhZG1pbl9wYW50YWlfYW5jb2wiLCJwYXNzd29yZCI6ImI3MDE2NmQyMzU5ZTU1ZmYzNDg0ZjVkNzAyMGM3MGQ4NmQ4OTA3OTYiLCJpcCI6Ijo6MSIsInVzZXJfYWdlbnQiOiJUaWNrZXRpbmctV2ViQXBwIn19.7c0JWuxdWH1U8otre_w1N47xpfGbzwmRU_LUTmioyj0
Connection: close
Request body:

========================================
2019-05-05 09:12:51 
::1 GET /tourism/public-api/v1/tourism/7/tourism_attachments HTTP/1.1
HTTP headers:
Host: localhost
User-Agent: Ticketing-WebApp
Authorization: Bearer eyJ0eXAiOiJKV1QiLCJhbGciOiJIUzI1NiJ9.eyJpYXQiOjE1NTcwMjA2MDYsImp0aSI6IlVrcFM3dnFYNzhKV21QVUZ0N3RaRm1qc05VdFZGYlA4dGxKcDVjYlFmSk09IiwiaXNzIjoiOjoxIiwibmJmIjoxNTU3MDIwNjA2LCJleHAiOjE1NTcwMjI0MDYsImRhdGEiOnsidXNlcm5hbWUiOiJhZG1pbl9wYW50YWlfYW5jb2wiLCJwYXNzd29yZCI6ImI3MDE2NmQyMzU5ZTU1ZmYzNDg0ZjVkNzAyMGM3MGQ4NmQ4OTA3OTYiLCJpcCI6Ijo6MSIsInVzZXJfYWdlbnQiOiJUaWNrZXRpbmctV2ViQXBwIn19.7c0JWuxdWH1U8otre_w1N47xpfGbzwmRU_LUTmioyj0
Connection: close
Request body:

========================================
2019-05-05 09:12:52 
::1 GET /tourism/public-api/v1/tourism/files HTTP/1.1
HTTP headers:
Host: localhost
User-Agent: Ticketing-WebApp
Authorization: Bearer eyJ0eXAiOiJKV1QiLCJhbGciOiJIUzI1NiJ9.eyJpYXQiOjE1NTcwMjA2MDYsImp0aSI6IlVrcFM3dnFYNzhKV21QVUZ0N3RaRm1qc05VdFZGYlA4dGxKcDVjYlFmSk09IiwiaXNzIjoiOjoxIiwibmJmIjoxNTU3MDIwNjA2LCJleHAiOjE1NTcwMjI0MDYsImRhdGEiOnsidXNlcm5hbWUiOiJhZG1pbl9wYW50YWlfYW5jb2wiLCJwYXNzd29yZCI6ImI3MDE2NmQyMzU5ZTU1ZmYzNDg0ZjVkNzAyMGM3MGQ4NmQ4OTA3OTYiLCJpcCI6Ijo6MSIsInVzZXJfYWdlbnQiOiJUaWNrZXRpbmctV2ViQXBwIn19.7c0JWuxdWH1U8otre_w1N47xpfGbzwmRU_LUTmioyj0
Connection: close
Request body:

========================================
2019-05-05 09:12:52 
::1 POST /tourism/public-api/v1/users/token HTTP/1.1
HTTP headers:
Host: localhost
Content-Length: 40
User-Agent: Ticketing-WebApp
Connection: close
Content-Type: application/x-www-form-urlencoded
Request body:
username=admin_pantai_ancol&password=ade
========================================
2019-05-05 09:12:54 
::1 GET /tourism/public-api/v1/tourism/files HTTP/1.1
HTTP headers:
Host: localhost
User-Agent: Ticketing-WebApp
Authorization: Bearer eyJ0eXAiOiJKV1QiLCJhbGciOiJIUzI1NiJ9.eyJpYXQiOjE1NTcwMjIzNzMsImp0aSI6IjNDXC9hXC9CTHJtU3ZDNkc2Z0dFQ1V1OUladXZ1NlB5R2V3Q1phZ0J5cHU4TT0iLCJpc3MiOiI6OjEiLCJuYmYiOjE1NTcwMjIzNzMsImV4cCI6MTU1NzAyNDE3MywiZGF0YSI6eyJ1c2VybmFtZSI6ImFkbWluX3BhbnRhaV9hbmNvbCIsInBhc3N3b3JkIjoiYjcwMTY2ZDIzNTllNTVmZjM0ODRmNWQ3MDIwYzcwZDg2ZDg5MDc5NiIsImlwIjoiOjoxIiwidXNlcl9hZ2VudCI6IlRpY2tldGluZy1XZWJBcHAifX0.U821-xqtG-8T4HNeuw_reWLvTBzAyaWyZyoBEcAEdeU
Connection: close
Request body:

========================================
2019-05-05 09:12:54 
::1 POST /tourism/public-api/v1/users/token HTTP/1.1
HTTP headers:
Host: localhost
Content-Length: 40
User-Agent: Ticketing-WebApp
Connection: close
Content-Type: application/x-www-form-urlencoded
Request body:
username=admin_pantai_ancol&password=ade
========================================
2019-05-05 09:12:55 
::1 GET /tourism/public-api/v1/tourism/files HTTP/1.1
HTTP headers:
Host: localhost
User-Agent: Ticketing-WebApp
Authorization: Bearer eyJ0eXAiOiJKV1QiLCJhbGciOiJIUzI1NiJ9.eyJpYXQiOjE1NTcwMjIzNzQsImp0aSI6InlRTzgrVE93RXVoWmU5ZGhlbUJXKytQaDZiSlU4R2dRWTU2SUhIaDVOQmc9IiwiaXNzIjoiOjoxIiwibmJmIjoxNTU3MDIyMzc0LCJleHAiOjE1NTcwMjQxNzQsImRhdGEiOnsidXNlcm5hbWUiOiJhZG1pbl9wYW50YWlfYW5jb2wiLCJwYXNzd29yZCI6ImI3MDE2NmQyMzU5ZTU1ZmYzNDg0ZjVkNzAyMGM3MGQ4NmQ4OTA3OTYiLCJpcCI6Ijo6MSIsInVzZXJfYWdlbnQiOiJUaWNrZXRpbmctV2ViQXBwIn19.DkFt8u4AuBNE6SgqLiyuTprOh2C4h4pHKiYLrP_EuLQ
Connection: close
Request body:

========================================
2019-05-05 09:12:55 
::1 POST /tourism/public-api/v1/users/token HTTP/1.1
HTTP headers:
Host: localhost
Content-Length: 40
User-Agent: Ticketing-WebApp
Connection: close
Content-Type: application/x-www-form-urlencoded
Request body:
username=admin_pantai_ancol&password=ade
========================================
2019-05-05 09:12:56 
::1 GET /tourism/public-api/v1/tourism/files HTTP/1.1
HTTP headers:
Host: localhost
User-Agent: Ticketing-WebApp
Authorization: Bearer eyJ0eXAiOiJKV1QiLCJhbGciOiJIUzI1NiJ9.eyJpYXQiOjE1NTcwMjIzNzUsImp0aSI6InZtU2p4TldlaE03cGZSVmMyaUVwN0lFTFNNaE9YcGNVVW9zVVVEeUxhQTg9IiwiaXNzIjoiOjoxIiwibmJmIjoxNTU3MDIyMzc1LCJleHAiOjE1NTcwMjQxNzUsImRhdGEiOnsidXNlcm5hbWUiOiJhZG1pbl9wYW50YWlfYW5jb2wiLCJwYXNzd29yZCI6ImI3MDE2NmQyMzU5ZTU1ZmYzNDg0ZjVkNzAyMGM3MGQ4NmQ4OTA3OTYiLCJpcCI6Ijo6MSIsInVzZXJfYWdlbnQiOiJUaWNrZXRpbmctV2ViQXBwIn19.tIDjcohzTPgASmI_SHBYyrJd9T9Jt0bdO9C60XP2I00
Connection: close
Request body:

========================================
2019-05-05 09:12:56 
::1 GET /tourism/public-api/v1/tourism/files/tourism_attachments HTTP/1.1
HTTP headers:
Host: localhost
User-Agent: Ticketing-WebApp
Authorization: Bearer eyJ0eXAiOiJKV1QiLCJhbGciOiJIUzI1NiJ9.eyJpYXQiOjE1NTcwMjIzNzUsImp0aSI6InZtU2p4TldlaE03cGZSVmMyaUVwN0lFTFNNaE9YcGNVVW9zVVVEeUxhQTg9IiwiaXNzIjoiOjoxIiwibmJmIjoxNTU3MDIyMzc1LCJleHAiOjE1NTcwMjQxNzUsImRhdGEiOnsidXNlcm5hbWUiOiJhZG1pbl9wYW50YWlfYW5jb2wiLCJwYXNzd29yZCI6ImI3MDE2NmQyMzU5ZTU1ZmYzNDg0ZjVkNzAyMGM3MGQ4NmQ4OTA3OTYiLCJpcCI6Ijo6MSIsInVzZXJfYWdlbnQiOiJUaWNrZXRpbmctV2ViQXBwIn19.tIDjcohzTPgASmI_SHBYyrJd9T9Jt0bdO9C60XP2I00
Connection: close
Request body:

========================================
2019-05-05 09:12:56 
::1 POST /tourism/public-api/v1/users/token HTTP/1.1
HTTP headers:
Host: localhost
Content-Length: 40
User-Agent: Ticketing-WebApp
Connection: close
Content-Type: application/x-www-form-urlencoded
Request body:
username=admin_pantai_ancol&password=ade
========================================
2019-05-05 09:12:57 
::1 GET /tourism/public-api/v1/tourism/files/tourism_attachments HTTP/1.1
HTTP headers:
Host: localhost
User-Agent: Ticketing-WebApp
Authorization: Bearer eyJ0eXAiOiJKV1QiLCJhbGciOiJIUzI1NiJ9.eyJpYXQiOjE1NTcwMjIzNzYsImp0aSI6IjAwYzh0RnZhQlVETnJqak9qeklQU1cxcG1aRzgrS1FIRWRyTU5GZ1dzdGc9IiwiaXNzIjoiOjoxIiwibmJmIjoxNTU3MDIyMzc2LCJleHAiOjE1NTcwMjQxNzYsImRhdGEiOnsidXNlcm5hbWUiOiJhZG1pbl9wYW50YWlfYW5jb2wiLCJwYXNzd29yZCI6ImI3MDE2NmQyMzU5ZTU1ZmYzNDg0ZjVkNzAyMGM3MGQ4NmQ4OTA3OTYiLCJpcCI6Ijo6MSIsInVzZXJfYWdlbnQiOiJUaWNrZXRpbmctV2ViQXBwIn19.6xzmrd4PBkxiajanXyuQGmD8gW-c13Hre2G4pB-jhpk
Connection: close
Request body:

========================================
2019-05-05 09:12:57 
::1 POST /tourism/public-api/v1/users/token HTTP/1.1
HTTP headers:
Host: localhost
Content-Length: 40
User-Agent: Ticketing-WebApp
Connection: close
Content-Type: application/x-www-form-urlencoded
Request body:
username=admin_pantai_ancol&password=ade
========================================
2019-05-05 09:12:58 
::1 GET /tourism/public-api/v1/tourism/files/tourism_attachments HTTP/1.1
HTTP headers:
Host: localhost
User-Agent: Ticketing-WebApp
Authorization: Bearer eyJ0eXAiOiJKV1QiLCJhbGciOiJIUzI1NiJ9.eyJpYXQiOjE1NTcwMjIzNzcsImp0aSI6IlpRWDBLbmtsRFUrM0tBSWgyYXFhd3VtZGZlK2V5alBRaVVOQVRFVThZWVk9IiwiaXNzIjoiOjoxIiwibmJmIjoxNTU3MDIyMzc3LCJleHAiOjE1NTcwMjQxNzcsImRhdGEiOnsidXNlcm5hbWUiOiJhZG1pbl9wYW50YWlfYW5jb2wiLCJwYXNzd29yZCI6ImI3MDE2NmQyMzU5ZTU1ZmYzNDg0ZjVkNzAyMGM3MGQ4NmQ4OTA3OTYiLCJpcCI6Ijo6MSIsInVzZXJfYWdlbnQiOiJUaWNrZXRpbmctV2ViQXBwIn19.WrLzfmHF5Mh_r_MtpCHzOU8hwKKoAYFWcJP3u5okdQc
Connection: close
Request body:

========================================
2019-05-05 09:12:58 
::1 POST /tourism/public-api/v1/users/token HTTP/1.1
HTTP headers:
Host: localhost
Content-Length: 40
User-Agent: Ticketing-WebApp
Connection: close
Content-Type: application/x-www-form-urlencoded
Request body:
username=admin_pantai_ancol&password=ade
========================================
2019-05-05 09:12:59 
::1 GET /tourism/public-api/v1/tourism/files/tourism_attachments HTTP/1.1
HTTP headers:
Host: localhost
User-Agent: Ticketing-WebApp
Authorization: Bearer eyJ0eXAiOiJKV1QiLCJhbGciOiJIUzI1NiJ9.eyJpYXQiOjE1NTcwMjIzNzgsImp0aSI6IldSYUxTVmxpMkl3UGxPQ1ZlYVVYQWlmZ1R6Wm1id2YzYzZ6WEdNWmtaWHM9IiwiaXNzIjoiOjoxIiwibmJmIjoxNTU3MDIyMzc4LCJleHAiOjE1NTcwMjQxNzgsImRhdGEiOnsidXNlcm5hbWUiOiJhZG1pbl9wYW50YWlfYW5jb2wiLCJwYXNzd29yZCI6ImI3MDE2NmQyMzU5ZTU1ZmYzNDg0ZjVkNzAyMGM3MGQ4NmQ4OTA3OTYiLCJpcCI6Ijo6MSIsInVzZXJfYWdlbnQiOiJUaWNrZXRpbmctV2ViQXBwIn19.dmxSPfrUo8473iM6sAuHjIb5xHl9ssuml7oCtkVgqB4
Connection: close
Request body:

========================================
2019-05-05 09:13:00 
::1 GET /tourism/public-api/v1/tourism/files HTTP/1.1
HTTP headers:
Host: localhost
User-Agent: Ticketing-WebApp
Authorization: Bearer eyJ0eXAiOiJKV1QiLCJhbGciOiJIUzI1NiJ9.eyJpYXQiOjE1NTcwMjIzNzgsImp0aSI6IldSYUxTVmxpMkl3UGxPQ1ZlYVVYQWlmZ1R6Wm1id2YzYzZ6WEdNWmtaWHM9IiwiaXNzIjoiOjoxIiwibmJmIjoxNTU3MDIyMzc4LCJleHAiOjE1NTcwMjQxNzgsImRhdGEiOnsidXNlcm5hbWUiOiJhZG1pbl9wYW50YWlfYW5jb2wiLCJwYXNzd29yZCI6ImI3MDE2NmQyMzU5ZTU1ZmYzNDg0ZjVkNzAyMGM3MGQ4NmQ4OTA3OTYiLCJpcCI6Ijo6MSIsInVzZXJfYWdlbnQiOiJUaWNrZXRpbmctV2ViQXBwIn19.dmxSPfrUo8473iM6sAuHjIb5xHl9ssuml7oCtkVgqB4
Connection: close
Request body:

========================================
2019-05-05 09:13:00 
::1 POST /tourism/public-api/v1/users/token HTTP/1.1
HTTP headers:
Host: localhost
Content-Length: 40
User-Agent: Ticketing-WebApp
Connection: close
Content-Type: application/x-www-form-urlencoded
Request body:
username=admin_pantai_ancol&password=ade
========================================
2019-05-05 09:13:01 
::1 GET /tourism/public-api/v1/tourism/files HTTP/1.1
HTTP headers:
Host: localhost
User-Agent: Ticketing-WebApp
Authorization: Bearer eyJ0eXAiOiJKV1QiLCJhbGciOiJIUzI1NiJ9.eyJpYXQiOjE1NTcwMjIzODAsImp0aSI6ImZ2dXJOSFZlMnZ0V29adWpiSkxCMUdlSFphUnZpUHZcLzhXQ1E5XC9ROFl4ND0iLCJpc3MiOiI6OjEiLCJuYmYiOjE1NTcwMjIzODAsImV4cCI6MTU1NzAyNDE4MCwiZGF0YSI6eyJ1c2VybmFtZSI6ImFkbWluX3BhbnRhaV9hbmNvbCIsInBhc3N3b3JkIjoiYjcwMTY2ZDIzNTllNTVmZjM0ODRmNWQ3MDIwYzcwZDg2ZDg5MDc5NiIsImlwIjoiOjoxIiwidXNlcl9hZ2VudCI6IlRpY2tldGluZy1XZWJBcHAifX0.e2wWiCuZSTR51R57JIE61n8LorrsyIh12VoIIuQFFvA
Connection: close
Request body:

========================================
2019-05-05 09:13:01 
::1 POST /tourism/public-api/v1/users/token HTTP/1.1
HTTP headers:
Host: localhost
Content-Length: 40
User-Agent: Ticketing-WebApp
Connection: close
Content-Type: application/x-www-form-urlencoded
Request body:
username=admin_pantai_ancol&password=ade
========================================
2019-05-05 09:13:02 
::1 GET /tourism/public-api/v1/tourism/files HTTP/1.1
HTTP headers:
Host: localhost
User-Agent: Ticketing-WebApp
Authorization: Bearer eyJ0eXAiOiJKV1QiLCJhbGciOiJIUzI1NiJ9.eyJpYXQiOjE1NTcwMjIzODEsImp0aSI6Ilcya1V1NTVCaFN5RTJrWXFsR3lndll2Rko5KzMxZlBDakMxZ0dEUjZqdW89IiwiaXNzIjoiOjoxIiwibmJmIjoxNTU3MDIyMzgxLCJleHAiOjE1NTcwMjQxODEsImRhdGEiOnsidXNlcm5hbWUiOiJhZG1pbl9wYW50YWlfYW5jb2wiLCJwYXNzd29yZCI6ImI3MDE2NmQyMzU5ZTU1ZmYzNDg0ZjVkNzAyMGM3MGQ4NmQ4OTA3OTYiLCJpcCI6Ijo6MSIsInVzZXJfYWdlbnQiOiJUaWNrZXRpbmctV2ViQXBwIn19.xoJgP5blmolAby0uIFqtaB4GyDVATFJOSartqI3vJDQ
Connection: close
Request body:

========================================
2019-05-05 09:13:02 
::1 POST /tourism/public-api/v1/users/token HTTP/1.1
HTTP headers:
Host: localhost
Content-Length: 40
User-Agent: Ticketing-WebApp
Connection: close
Content-Type: application/x-www-form-urlencoded
Request body:
username=admin_pantai_ancol&password=ade
========================================
2019-05-05 09:13:03 
::1 GET /tourism/public-api/v1/tourism/files HTTP/1.1
HTTP headers:
Host: localhost
User-Agent: Ticketing-WebApp
Authorization: Bearer eyJ0eXAiOiJKV1QiLCJhbGciOiJIUzI1NiJ9.eyJpYXQiOjE1NTcwMjIzODIsImp0aSI6IlREXC9KdXNPa2ZsWHNMOHMxK0czSXBjVFhjMXF1TkRoOG54ZTRQMnhmSCtjPSIsImlzcyI6Ijo6MSIsIm5iZiI6MTU1NzAyMjM4MiwiZXhwIjoxNTU3MDI0MTgyLCJkYXRhIjp7InVzZXJuYW1lIjoiYWRtaW5fcGFudGFpX2FuY29sIiwicGFzc3dvcmQiOiJiNzAxNjZkMjM1OWU1NWZmMzQ4NGY1ZDcwMjBjNzBkODZkODkwNzk2IiwiaXAiOiI6OjEiLCJ1c2VyX2FnZW50IjoiVGlja2V0aW5nLVdlYkFwcCJ9fQ.dsNuigHw5aeEmozwpNK2aUeJV5joCAwZZBcJuPk3Lkc
Connection: close
Request body:

========================================
2019-05-05 09:13:03 
::1 GET /tourism/public-api/v1/tourism/files/tourism_attachments HTTP/1.1
HTTP headers:
Host: localhost
User-Agent: Ticketing-WebApp
Authorization: Bearer eyJ0eXAiOiJKV1QiLCJhbGciOiJIUzI1NiJ9.eyJpYXQiOjE1NTcwMjIzODIsImp0aSI6IlREXC9KdXNPa2ZsWHNMOHMxK0czSXBjVFhjMXF1TkRoOG54ZTRQMnhmSCtjPSIsImlzcyI6Ijo6MSIsIm5iZiI6MTU1NzAyMjM4MiwiZXhwIjoxNTU3MDI0MTgyLCJkYXRhIjp7InVzZXJuYW1lIjoiYWRtaW5fcGFudGFpX2FuY29sIiwicGFzc3dvcmQiOiJiNzAxNjZkMjM1OWU1NWZmMzQ4NGY1ZDcwMjBjNzBkODZkODkwNzk2IiwiaXAiOiI6OjEiLCJ1c2VyX2FnZW50IjoiVGlja2V0aW5nLVdlYkFwcCJ9fQ.dsNuigHw5aeEmozwpNK2aUeJV5joCAwZZBcJuPk3Lkc
Connection: close
Request body:

========================================
2019-05-05 09:13:03 
::1 POST /tourism/public-api/v1/users/token HTTP/1.1
HTTP headers:
Host: localhost
Content-Length: 40
User-Agent: Ticketing-WebApp
Connection: close
Content-Type: application/x-www-form-urlencoded
Request body:
username=admin_pantai_ancol&password=ade
========================================
2019-05-05 09:13:04 
::1 GET /tourism/public-api/v1/tourism/files/tourism_attachments HTTP/1.1
HTTP headers:
Host: localhost
User-Agent: Ticketing-WebApp
Authorization: Bearer eyJ0eXAiOiJKV1QiLCJhbGciOiJIUzI1NiJ9.eyJpYXQiOjE1NTcwMjIzODMsImp0aSI6ImR1ODdkOG90em45Y0ttXC8zRjZwbTlHNndFd01lOVJwWmljc29zUHNENnp3PSIsImlzcyI6Ijo6MSIsIm5iZiI6MTU1NzAyMjM4MywiZXhwIjoxNTU3MDI0MTgzLCJkYXRhIjp7InVzZXJuYW1lIjoiYWRtaW5fcGFudGFpX2FuY29sIiwicGFzc3dvcmQiOiJiNzAxNjZkMjM1OWU1NWZmMzQ4NGY1ZDcwMjBjNzBkODZkODkwNzk2IiwiaXAiOiI6OjEiLCJ1c2VyX2FnZW50IjoiVGlja2V0aW5nLVdlYkFwcCJ9fQ.ILZ6COUaNURYS-IW5JxFe59eLfilQEobqYenKHJpWNk
Connection: close
Request body:

========================================
2019-05-05 09:13:04 
::1 POST /tourism/public-api/v1/users/token HTTP/1.1
HTTP headers:
Host: localhost
Content-Length: 40
User-Agent: Ticketing-WebApp
Connection: close
Content-Type: application/x-www-form-urlencoded
Request body:
username=admin_pantai_ancol&password=ade
========================================
2019-05-05 09:13:06 
::1 GET /tourism/public-api/v1/tourism/files/tourism_attachments HTTP/1.1
HTTP headers:
Host: localhost
User-Agent: Ticketing-WebApp
Authorization: Bearer eyJ0eXAiOiJKV1QiLCJhbGciOiJIUzI1NiJ9.eyJpYXQiOjE1NTcwMjIzODUsImp0aSI6IkJoVzQzbzRFYmVOdkxEdFVSXC9wN0JnUVFuU1krQkZnOWdGRmdBMVN6YkpNPSIsImlzcyI6Ijo6MSIsIm5iZiI6MTU1NzAyMjM4NSwiZXhwIjoxNTU3MDI0MTg1LCJkYXRhIjp7InVzZXJuYW1lIjoiYWRtaW5fcGFudGFpX2FuY29sIiwicGFzc3dvcmQiOiJiNzAxNjZkMjM1OWU1NWZmMzQ4NGY1ZDcwMjBjNzBkODZkODkwNzk2IiwiaXAiOiI6OjEiLCJ1c2VyX2FnZW50IjoiVGlja2V0aW5nLVdlYkFwcCJ9fQ.YFTlZpUIcwIKzoUNRrCoFXvPk1lyk4xtEW7sREU4SpU
Connection: close
Request body:

========================================
2019-05-05 09:13:06 
::1 POST /tourism/public-api/v1/users/token HTTP/1.1
HTTP headers:
Host: localhost
Content-Length: 40
User-Agent: Ticketing-WebApp
Connection: close
Content-Type: application/x-www-form-urlencoded
Request body:
username=admin_pantai_ancol&password=ade
========================================
2019-05-05 09:13:07 
::1 GET /tourism/public-api/v1/tourism/files/tourism_attachments HTTP/1.1
HTTP headers:
Host: localhost
User-Agent: Ticketing-WebApp
Authorization: Bearer eyJ0eXAiOiJKV1QiLCJhbGciOiJIUzI1NiJ9.eyJpYXQiOjE1NTcwMjIzODYsImp0aSI6ImxSUG1YQWk2RDdSYnBaY1FQeDQ5Mk9cL1RFdGZsajFnbWFYQ0EwUHBwWU1NPSIsImlzcyI6Ijo6MSIsIm5iZiI6MTU1NzAyMjM4NiwiZXhwIjoxNTU3MDI0MTg2LCJkYXRhIjp7InVzZXJuYW1lIjoiYWRtaW5fcGFudGFpX2FuY29sIiwicGFzc3dvcmQiOiJiNzAxNjZkMjM1OWU1NWZmMzQ4NGY1ZDcwMjBjNzBkODZkODkwNzk2IiwiaXAiOiI6OjEiLCJ1c2VyX2FnZW50IjoiVGlja2V0aW5nLVdlYkFwcCJ9fQ.jukKjeDvjCOR3bxT9Z8KDXjCjEBWk0E_-99c_qI8DhM
Connection: close
Request body:

========================================
2019-05-05 09:13:07 
::1 GET /tourism/public-api/v1/continents HTTP/1.1
HTTP headers:
Host: localhost
User-Agent: Ticketing-WebApp
Authorization: Bearer eyJ0eXAiOiJKV1QiLCJhbGciOiJIUzI1NiJ9.eyJpYXQiOjE1NTcwMjIzODYsImp0aSI6ImxSUG1YQWk2RDdSYnBaY1FQeDQ5Mk9cL1RFdGZsajFnbWFYQ0EwUHBwWU1NPSIsImlzcyI6Ijo6MSIsIm5iZiI6MTU1NzAyMjM4NiwiZXhwIjoxNTU3MDI0MTg2LCJkYXRhIjp7InVzZXJuYW1lIjoiYWRtaW5fcGFudGFpX2FuY29sIiwicGFzc3dvcmQiOiJiNzAxNjZkMjM1OWU1NWZmMzQ4NGY1ZDcwMjBjNzBkODZkODkwNzk2IiwiaXAiOiI6OjEiLCJ1c2VyX2FnZW50IjoiVGlja2V0aW5nLVdlYkFwcCJ9fQ.jukKjeDvjCOR3bxT9Z8KDXjCjEBWk0E_-99c_qI8DhM
Connection: close
Request body:

========================================
2019-05-05 09:14:21 
::1 GET /tourism/public-api/v1/tourism/7 HTTP/1.1
HTTP headers:
Host: localhost
User-Agent: Ticketing-WebApp
Authorization: Bearer eyJ0eXAiOiJKV1QiLCJhbGciOiJIUzI1NiJ9.eyJpYXQiOjE1NTcwMjIzODYsImp0aSI6ImxSUG1YQWk2RDdSYnBaY1FQeDQ5Mk9cL1RFdGZsajFnbWFYQ0EwUHBwWU1NPSIsImlzcyI6Ijo6MSIsIm5iZiI6MTU1NzAyMjM4NiwiZXhwIjoxNTU3MDI0MTg2LCJkYXRhIjp7InVzZXJuYW1lIjoiYWRtaW5fcGFudGFpX2FuY29sIiwicGFzc3dvcmQiOiJiNzAxNjZkMjM1OWU1NWZmMzQ4NGY1ZDcwMjBjNzBkODZkODkwNzk2IiwiaXAiOiI6OjEiLCJ1c2VyX2FnZW50IjoiVGlja2V0aW5nLVdlYkFwcCJ9fQ.jukKjeDvjCOR3bxT9Z8KDXjCjEBWk0E_-99c_qI8DhM
Connection: close
Request body:

========================================
2019-05-05 09:14:21 
::1 GET /tourism/public-api/v1/tourism/7/tourism_attachments HTTP/1.1
HTTP headers:
Host: localhost
User-Agent: Ticketing-WebApp
Authorization: Bearer eyJ0eXAiOiJKV1QiLCJhbGciOiJIUzI1NiJ9.eyJpYXQiOjE1NTcwMjIzODYsImp0aSI6ImxSUG1YQWk2RDdSYnBaY1FQeDQ5Mk9cL1RFdGZsajFnbWFYQ0EwUHBwWU1NPSIsImlzcyI6Ijo6MSIsIm5iZiI6MTU1NzAyMjM4NiwiZXhwIjoxNTU3MDI0MTg2LCJkYXRhIjp7InVzZXJuYW1lIjoiYWRtaW5fcGFudGFpX2FuY29sIiwicGFzc3dvcmQiOiJiNzAxNjZkMjM1OWU1NWZmMzQ4NGY1ZDcwMjBjNzBkODZkODkwNzk2IiwiaXAiOiI6OjEiLCJ1c2VyX2FnZW50IjoiVGlja2V0aW5nLVdlYkFwcCJ9fQ.jukKjeDvjCOR3bxT9Z8KDXjCjEBWk0E_-99c_qI8DhM
Connection: close
Request body:

========================================
2019-05-05 09:14:23 
::1 GET /tourism/public-api/v1/continents HTTP/1.1
HTTP headers:
Host: localhost
User-Agent: Ticketing-WebApp
Authorization: Bearer eyJ0eXAiOiJKV1QiLCJhbGciOiJIUzI1NiJ9.eyJpYXQiOjE1NTcwMjIzODYsImp0aSI6ImxSUG1YQWk2RDdSYnBaY1FQeDQ5Mk9cL1RFdGZsajFnbWFYQ0EwUHBwWU1NPSIsImlzcyI6Ijo6MSIsIm5iZiI6MTU1NzAyMjM4NiwiZXhwIjoxNTU3MDI0MTg2LCJkYXRhIjp7InVzZXJuYW1lIjoiYWRtaW5fcGFudGFpX2FuY29sIiwicGFzc3dvcmQiOiJiNzAxNjZkMjM1OWU1NWZmMzQ4NGY1ZDcwMjBjNzBkODZkODkwNzk2IiwiaXAiOiI6OjEiLCJ1c2VyX2FnZW50IjoiVGlja2V0aW5nLVdlYkFwcCJ9fQ.jukKjeDvjCOR3bxT9Z8KDXjCjEBWk0E_-99c_qI8DhM
Connection: close
Request body:

========================================
2019-05-05 09:14:55 
::1 POST /tourism/public-api/v1/tourism_attachments/photo HTTP/1.1
HTTP headers:
Host: localhost
Content-Length: 86607
Content-Type: multipart/form-data; boundary="ddbc67b255b0b5a266920f4179d10440"
Authorization: Bearer eyJ0eXAiOiJKV1QiLCJhbGciOiJIUzI1NiJ9.eyJpYXQiOjE1NTcwMjIzODYsImp0aSI6ImxSUG1YQWk2RDdSYnBaY1FQeDQ5Mk9cL1RFdGZsajFnbWFYQ0EwUHBwWU1NPSIsImlzcyI6Ijo6MSIsIm5iZiI6MTU1NzAyMjM4NiwiZXhwIjoxNTU3MDI0MTg2LCJkYXRhIjp7InVzZXJuYW1lIjoiYWRtaW5fcGFudGFpX2FuY29sIiwicGFzc3dvcmQiOiJiNzAxNjZkMjM1OWU1NWZmMzQ4NGY1ZDcwMjBjNzBkODZkODkwNzk2IiwiaXAiOiI6OjEiLCJ1c2VyX2FnZW50IjoiVGlja2V0aW5nLVdlYkFwcCJ9fQ.jukKjeDvjCOR3bxT9Z8KDXjCjEBWk0E_-99c_qI8DhM
Connection: close
User-Agent: CakePHP
Request body:

========================================
2019-05-05 09:17:35 
::1 GET /tourism/public-api/v1/tourism/7 HTTP/1.1
HTTP headers:
Host: localhost
User-Agent: Ticketing-WebApp
Authorization: Bearer eyJ0eXAiOiJKV1QiLCJhbGciOiJIUzI1NiJ9.eyJpYXQiOjE1NTcwMjIzODYsImp0aSI6ImxSUG1YQWk2RDdSYnBaY1FQeDQ5Mk9cL1RFdGZsajFnbWFYQ0EwUHBwWU1NPSIsImlzcyI6Ijo6MSIsIm5iZiI6MTU1NzAyMjM4NiwiZXhwIjoxNTU3MDI0MTg2LCJkYXRhIjp7InVzZXJuYW1lIjoiYWRtaW5fcGFudGFpX2FuY29sIiwicGFzc3dvcmQiOiJiNzAxNjZkMjM1OWU1NWZmMzQ4NGY1ZDcwMjBjNzBkODZkODkwNzk2IiwiaXAiOiI6OjEiLCJ1c2VyX2FnZW50IjoiVGlja2V0aW5nLVdlYkFwcCJ9fQ.jukKjeDvjCOR3bxT9Z8KDXjCjEBWk0E_-99c_qI8DhM
Connection: close
Request body:

========================================
2019-05-05 09:17:35 
::1 GET /tourism/public-api/v1/tourism/7/tourism_attachments HTTP/1.1
HTTP headers:
Host: localhost
User-Agent: Ticketing-WebApp
Authorization: Bearer eyJ0eXAiOiJKV1QiLCJhbGciOiJIUzI1NiJ9.eyJpYXQiOjE1NTcwMjIzODYsImp0aSI6ImxSUG1YQWk2RDdSYnBaY1FQeDQ5Mk9cL1RFdGZsajFnbWFYQ0EwUHBwWU1NPSIsImlzcyI6Ijo6MSIsIm5iZiI6MTU1NzAyMjM4NiwiZXhwIjoxNTU3MDI0MTg2LCJkYXRhIjp7InVzZXJuYW1lIjoiYWRtaW5fcGFudGFpX2FuY29sIiwicGFzc3dvcmQiOiJiNzAxNjZkMjM1OWU1NWZmMzQ4NGY1ZDcwMjBjNzBkODZkODkwNzk2IiwiaXAiOiI6OjEiLCJ1c2VyX2FnZW50IjoiVGlja2V0aW5nLVdlYkFwcCJ9fQ.jukKjeDvjCOR3bxT9Z8KDXjCjEBWk0E_-99c_qI8DhM
Connection: close
Request body:

========================================
2019-05-05 09:17:35 
::1 GET /tourism/public-api/v1/continents HTTP/1.1
HTTP headers:
Host: localhost
User-Agent: Ticketing-WebApp
Authorization: Bearer eyJ0eXAiOiJKV1QiLCJhbGciOiJIUzI1NiJ9.eyJpYXQiOjE1NTcwMjIzODYsImp0aSI6ImxSUG1YQWk2RDdSYnBaY1FQeDQ5Mk9cL1RFdGZsajFnbWFYQ0EwUHBwWU1NPSIsImlzcyI6Ijo6MSIsIm5iZiI6MTU1NzAyMjM4NiwiZXhwIjoxNTU3MDI0MTg2LCJkYXRhIjp7InVzZXJuYW1lIjoiYWRtaW5fcGFudGFpX2FuY29sIiwicGFzc3dvcmQiOiJiNzAxNjZkMjM1OWU1NWZmMzQ4NGY1ZDcwMjBjNzBkODZkODkwNzk2IiwiaXAiOiI6OjEiLCJ1c2VyX2FnZW50IjoiVGlja2V0aW5nLVdlYkFwcCJ9fQ.jukKjeDvjCOR3bxT9Z8KDXjCjEBWk0E_-99c_qI8DhM
Connection: close
Request body:

========================================
2019-05-05 09:17:48 
::1 POST /tourism/public-api/v1/tourism_attachments/photo HTTP/1.1
HTTP headers:
Host: localhost
Content-Length: 126901
Content-Type: multipart/form-data; boundary="659eb21a10585e2bcd5a92a3c3bb2a94"
Authorization: Bearer eyJ0eXAiOiJKV1QiLCJhbGciOiJIUzI1NiJ9.eyJpYXQiOjE1NTcwMjIzODYsImp0aSI6ImxSUG1YQWk2RDdSYnBaY1FQeDQ5Mk9cL1RFdGZsajFnbWFYQ0EwUHBwWU1NPSIsImlzcyI6Ijo6MSIsIm5iZiI6MTU1NzAyMjM4NiwiZXhwIjoxNTU3MDI0MTg2LCJkYXRhIjp7InVzZXJuYW1lIjoiYWRtaW5fcGFudGFpX2FuY29sIiwicGFzc3dvcmQiOiJiNzAxNjZkMjM1OWU1NWZmMzQ4NGY1ZDcwMjBjNzBkODZkODkwNzk2IiwiaXAiOiI6OjEiLCJ1c2VyX2FnZW50IjoiVGlja2V0aW5nLVdlYkFwcCJ9fQ.jukKjeDvjCOR3bxT9Z8KDXjCjEBWk0E_-99c_qI8DhM
Connection: close
User-Agent: CakePHP
Request body:

========================================
2019-05-05 09:17:59 
::1 GET /tourism/public-api/v1/tourism/7 HTTP/1.1
HTTP headers:
Host: localhost
User-Agent: Ticketing-WebApp
Authorization: Bearer eyJ0eXAiOiJKV1QiLCJhbGciOiJIUzI1NiJ9.eyJpYXQiOjE1NTcwMjIzODYsImp0aSI6ImxSUG1YQWk2RDdSYnBaY1FQeDQ5Mk9cL1RFdGZsajFnbWFYQ0EwUHBwWU1NPSIsImlzcyI6Ijo6MSIsIm5iZiI6MTU1NzAyMjM4NiwiZXhwIjoxNTU3MDI0MTg2LCJkYXRhIjp7InVzZXJuYW1lIjoiYWRtaW5fcGFudGFpX2FuY29sIiwicGFzc3dvcmQiOiJiNzAxNjZkMjM1OWU1NWZmMzQ4NGY1ZDcwMjBjNzBkODZkODkwNzk2IiwiaXAiOiI6OjEiLCJ1c2VyX2FnZW50IjoiVGlja2V0aW5nLVdlYkFwcCJ9fQ.jukKjeDvjCOR3bxT9Z8KDXjCjEBWk0E_-99c_qI8DhM
Connection: close
Request body:

========================================
2019-05-05 09:17:59 
::1 GET /tourism/public-api/v1/tourism/7/tourism_attachments HTTP/1.1
HTTP headers:
Host: localhost
User-Agent: Ticketing-WebApp
Authorization: Bearer eyJ0eXAiOiJKV1QiLCJhbGciOiJIUzI1NiJ9.eyJpYXQiOjE1NTcwMjIzODYsImp0aSI6ImxSUG1YQWk2RDdSYnBaY1FQeDQ5Mk9cL1RFdGZsajFnbWFYQ0EwUHBwWU1NPSIsImlzcyI6Ijo6MSIsIm5iZiI6MTU1NzAyMjM4NiwiZXhwIjoxNTU3MDI0MTg2LCJkYXRhIjp7InVzZXJuYW1lIjoiYWRtaW5fcGFudGFpX2FuY29sIiwicGFzc3dvcmQiOiJiNzAxNjZkMjM1OWU1NWZmMzQ4NGY1ZDcwMjBjNzBkODZkODkwNzk2IiwiaXAiOiI6OjEiLCJ1c2VyX2FnZW50IjoiVGlja2V0aW5nLVdlYkFwcCJ9fQ.jukKjeDvjCOR3bxT9Z8KDXjCjEBWk0E_-99c_qI8DhM
Connection: close
Request body:

========================================
2019-05-05 09:17:59 
::1 GET /tourism/public-api/v1/continents HTTP/1.1
HTTP headers:
Host: localhost
User-Agent: Ticketing-WebApp
Authorization: Bearer eyJ0eXAiOiJKV1QiLCJhbGciOiJIUzI1NiJ9.eyJpYXQiOjE1NTcwMjIzODYsImp0aSI6ImxSUG1YQWk2RDdSYnBaY1FQeDQ5Mk9cL1RFdGZsajFnbWFYQ0EwUHBwWU1NPSIsImlzcyI6Ijo6MSIsIm5iZiI6MTU1NzAyMjM4NiwiZXhwIjoxNTU3MDI0MTg2LCJkYXRhIjp7InVzZXJuYW1lIjoiYWRtaW5fcGFudGFpX2FuY29sIiwicGFzc3dvcmQiOiJiNzAxNjZkMjM1OWU1NWZmMzQ4NGY1ZDcwMjBjNzBkODZkODkwNzk2IiwiaXAiOiI6OjEiLCJ1c2VyX2FnZW50IjoiVGlja2V0aW5nLVdlYkFwcCJ9fQ.jukKjeDvjCOR3bxT9Z8KDXjCjEBWk0E_-99c_qI8DhM
Connection: close
Request body:

========================================
2019-05-05 10:11:16 
::1 GET /tourism/public-api/v1/tourism/7 HTTP/1.1
HTTP headers:
Host: localhost
User-Agent: Ticketing-WebApp
Connection: close
Request body:

========================================
2019-05-05 10:11:16 
::1 POST /tourism/public-api/v1/users/token HTTP/1.1
HTTP headers:
Host: localhost
Content-Length: 10
User-Agent: Ticketing-WebApp
Connection: close
Content-Type: application/x-www-form-urlencoded
Request body:
password=0
========================================
2019-05-05 10:11:16 
::1 GET /tourism/public-api/v1/tourism/7 HTTP/1.1
HTTP headers:
Host: localhost
User-Agent: Ticketing-WebApp
Connection: close
Request body:

========================================
2019-05-05 10:11:16 
::1 POST /tourism/public-api/v1/users/token HTTP/1.1
HTTP headers:
Host: localhost
Content-Length: 10
User-Agent: Ticketing-WebApp
Connection: close
Content-Type: application/x-www-form-urlencoded
Request body:
password=0
========================================
2019-05-05 10:11:16 
::1 GET /tourism/public-api/v1/tourism/7 HTTP/1.1
HTTP headers:
Host: localhost
User-Agent: Ticketing-WebApp
Connection: close
Request body:

========================================
2019-05-05 10:11:16 
::1 POST /tourism/public-api/v1/users/token HTTP/1.1
HTTP headers:
Host: localhost
Content-Length: 10
User-Agent: Ticketing-WebApp
Connection: close
Content-Type: application/x-www-form-urlencoded
Request body:
password=0
========================================
2019-05-05 10:11:16 
::1 GET /tourism/public-api/v1/tourism/7 HTTP/1.1
HTTP headers:
Host: localhost
User-Agent: Ticketing-WebApp
Connection: close
Request body:

========================================
2019-05-05 10:11:16 
::1 GET /tourism/public-api/v1/tourism/7/tourism_attachments HTTP/1.1
HTTP headers:
Host: localhost
User-Agent: Ticketing-WebApp
Connection: close
Request body:

========================================
2019-05-05 10:11:17 
::1 POST /tourism/public-api/v1/users/token HTTP/1.1
HTTP headers:
Host: localhost
Content-Length: 10
User-Agent: Ticketing-WebApp
Connection: close
Content-Type: application/x-www-form-urlencoded
Request body:
password=0
========================================
2019-05-05 10:11:17 
::1 GET /tourism/public-api/v1/tourism/7/tourism_attachments HTTP/1.1
HTTP headers:
Host: localhost
User-Agent: Ticketing-WebApp
Connection: close
Request body:

========================================
2019-05-05 10:11:17 
::1 POST /tourism/public-api/v1/users/token HTTP/1.1
HTTP headers:
Host: localhost
Content-Length: 10
User-Agent: Ticketing-WebApp
Connection: close
Content-Type: application/x-www-form-urlencoded
Request body:
password=0
========================================
2019-05-05 10:11:17 
::1 GET /tourism/public-api/v1/tourism/7/tourism_attachments HTTP/1.1
HTTP headers:
Host: localhost
User-Agent: Ticketing-WebApp
Connection: close
Request body:

========================================
2019-05-05 10:11:17 
::1 POST /tourism/public-api/v1/users/token HTTP/1.1
HTTP headers:
Host: localhost
Content-Length: 10
User-Agent: Ticketing-WebApp
Connection: close
Content-Type: application/x-www-form-urlencoded
Request body:
password=0
========================================
2019-05-05 10:11:17 
::1 GET /tourism/public-api/v1/tourism/7/tourism_attachments HTTP/1.1
HTTP headers:
Host: localhost
User-Agent: Ticketing-WebApp
Connection: close
Request body:

========================================
2019-05-05 10:11:17 
::1 GET /tourism/public-api/v1/continents HTTP/1.1
HTTP headers:
Host: localhost
User-Agent: Ticketing-WebApp
Connection: close
Request body:

========================================
2019-05-05 10:11:27 
::1 POST /tourism/public-api/v1/users/token HTTP/1.1
HTTP headers:
Host: localhost
Content-Length: 40
User-Agent: Ticketing-WebApp
Connection: close
Content-Type: application/x-www-form-urlencoded
Request body:
username=admin_pantai_ancol&password=ade
========================================
2019-05-05 10:11:28 
::1 GET /tourism/public-api/v1/users/5 HTTP/1.1
HTTP headers:
Host: localhost
User-Agent: Ticketing-WebApp
Authorization: Bearer eyJ0eXAiOiJKV1QiLCJhbGciOiJIUzI1NiJ9.eyJpYXQiOjE1NTcwMjU4ODcsImp0aSI6InNDRHdFNkg1Uk5BaFMxT2dib1FDMkFwQlBnUFpDT0k4VzVQU1d1WkNadFk9IiwiaXNzIjoiOjoxIiwibmJmIjoxNTU3MDI1ODg3LCJleHAiOjE1NTcwMjc2ODcsImRhdGEiOnsidXNlcm5hbWUiOiJhZG1pbl9wYW50YWlfYW5jb2wiLCJwYXNzd29yZCI6ImI3MDE2NmQyMzU5ZTU1ZmYzNDg0ZjVkNzAyMGM3MGQ4NmQ4OTA3OTYiLCJpcCI6Ijo6MSIsInVzZXJfYWdlbnQiOiJUaWNrZXRpbmctV2ViQXBwIn19.JKxGIzFYXkSbJAFpQiyCLITVBUbRy6tLWP4jmS9_UIM
Connection: close
Request body:

========================================
2019-05-05 10:11:35 
::1 GET /tourism/public-api/v1/tourism?tourism_approval_status=2 HTTP/1.1
HTTP headers:
Host: localhost
User-Agent: Ticketing-WebApp
Authorization: Bearer eyJ0eXAiOiJKV1QiLCJhbGciOiJIUzI1NiJ9.eyJpYXQiOjE1NTcwMjU4ODcsImp0aSI6InNDRHdFNkg1Uk5BaFMxT2dib1FDMkFwQlBnUFpDT0k4VzVQU1d1WkNadFk9IiwiaXNzIjoiOjoxIiwibmJmIjoxNTU3MDI1ODg3LCJleHAiOjE1NTcwMjc2ODcsImRhdGEiOnsidXNlcm5hbWUiOiJhZG1pbl9wYW50YWlfYW5jb2wiLCJwYXNzd29yZCI6ImI3MDE2NmQyMzU5ZTU1ZmYzNDg0ZjVkNzAyMGM3MGQ4NmQ4OTA3OTYiLCJpcCI6Ijo6MSIsInVzZXJfYWdlbnQiOiJUaWNrZXRpbmctV2ViQXBwIn19.JKxGIzFYXkSbJAFpQiyCLITVBUbRy6tLWP4jmS9_UIM
Connection: close
Request body:

========================================
2019-05-05 10:11:35 
::1 GET /tourism/public-api/v1/continents HTTP/1.1
HTTP headers:
Host: localhost
User-Agent: Ticketing-WebApp
Authorization: Bearer eyJ0eXAiOiJKV1QiLCJhbGciOiJIUzI1NiJ9.eyJpYXQiOjE1NTcwMjU4ODcsImp0aSI6InNDRHdFNkg1Uk5BaFMxT2dib1FDMkFwQlBnUFpDT0k4VzVQU1d1WkNadFk9IiwiaXNzIjoiOjoxIiwibmJmIjoxNTU3MDI1ODg3LCJleHAiOjE1NTcwMjc2ODcsImRhdGEiOnsidXNlcm5hbWUiOiJhZG1pbl9wYW50YWlfYW5jb2wiLCJwYXNzd29yZCI6ImI3MDE2NmQyMzU5ZTU1ZmYzNDg0ZjVkNzAyMGM3MGQ4NmQ4OTA3OTYiLCJpcCI6Ijo6MSIsInVzZXJfYWdlbnQiOiJUaWNrZXRpbmctV2ViQXBwIn19.JKxGIzFYXkSbJAFpQiyCLITVBUbRy6tLWP4jmS9_UIM
Connection: close
Request body:

========================================
2019-05-05 10:11:38 
::1 GET /tourism/public-api/v1/tourism/7 HTTP/1.1
HTTP headers:
Host: localhost
User-Agent: Ticketing-WebApp
Authorization: Bearer eyJ0eXAiOiJKV1QiLCJhbGciOiJIUzI1NiJ9.eyJpYXQiOjE1NTcwMjU4ODcsImp0aSI6InNDRHdFNkg1Uk5BaFMxT2dib1FDMkFwQlBnUFpDT0k4VzVQU1d1WkNadFk9IiwiaXNzIjoiOjoxIiwibmJmIjoxNTU3MDI1ODg3LCJleHAiOjE1NTcwMjc2ODcsImRhdGEiOnsidXNlcm5hbWUiOiJhZG1pbl9wYW50YWlfYW5jb2wiLCJwYXNzd29yZCI6ImI3MDE2NmQyMzU5ZTU1ZmYzNDg0ZjVkNzAyMGM3MGQ4NmQ4OTA3OTYiLCJpcCI6Ijo6MSIsInVzZXJfYWdlbnQiOiJUaWNrZXRpbmctV2ViQXBwIn19.JKxGIzFYXkSbJAFpQiyCLITVBUbRy6tLWP4jmS9_UIM
Connection: close
Request body:

========================================
2019-05-05 10:11:38 
::1 GET /tourism/public-api/v1/tourism/7/tourism_attachments HTTP/1.1
HTTP headers:
Host: localhost
User-Agent: Ticketing-WebApp
Authorization: Bearer eyJ0eXAiOiJKV1QiLCJhbGciOiJIUzI1NiJ9.eyJpYXQiOjE1NTcwMjU4ODcsImp0aSI6InNDRHdFNkg1Uk5BaFMxT2dib1FDMkFwQlBnUFpDT0k4VzVQU1d1WkNadFk9IiwiaXNzIjoiOjoxIiwibmJmIjoxNTU3MDI1ODg3LCJleHAiOjE1NTcwMjc2ODcsImRhdGEiOnsidXNlcm5hbWUiOiJhZG1pbl9wYW50YWlfYW5jb2wiLCJwYXNzd29yZCI6ImI3MDE2NmQyMzU5ZTU1ZmYzNDg0ZjVkNzAyMGM3MGQ4NmQ4OTA3OTYiLCJpcCI6Ijo6MSIsInVzZXJfYWdlbnQiOiJUaWNrZXRpbmctV2ViQXBwIn19.JKxGIzFYXkSbJAFpQiyCLITVBUbRy6tLWP4jmS9_UIM
Connection: close
Request body:

========================================
2019-05-05 10:11:38 
::1 GET /tourism/public-api/v1/continents HTTP/1.1
HTTP headers:
Host: localhost
User-Agent: Ticketing-WebApp
Authorization: Bearer eyJ0eXAiOiJKV1QiLCJhbGciOiJIUzI1NiJ9.eyJpYXQiOjE1NTcwMjU4ODcsImp0aSI6InNDRHdFNkg1Uk5BaFMxT2dib1FDMkFwQlBnUFpDT0k4VzVQU1d1WkNadFk9IiwiaXNzIjoiOjoxIiwibmJmIjoxNTU3MDI1ODg3LCJleHAiOjE1NTcwMjc2ODcsImRhdGEiOnsidXNlcm5hbWUiOiJhZG1pbl9wYW50YWlfYW5jb2wiLCJwYXNzd29yZCI6ImI3MDE2NmQyMzU5ZTU1ZmYzNDg0ZjVkNzAyMGM3MGQ4NmQ4OTA3OTYiLCJpcCI6Ijo6MSIsInVzZXJfYWdlbnQiOiJUaWNrZXRpbmctV2ViQXBwIn19.JKxGIzFYXkSbJAFpQiyCLITVBUbRy6tLWP4jmS9_UIM
Connection: close
Request body:

========================================
2019-05-05 10:13:23 
::1 GET /tourism/public-api/v1/tourism/7 HTTP/1.1
HTTP headers:
Host: localhost
User-Agent: Ticketing-WebApp
Authorization: Bearer eyJ0eXAiOiJKV1QiLCJhbGciOiJIUzI1NiJ9.eyJpYXQiOjE1NTcwMjU4ODcsImp0aSI6InNDRHdFNkg1Uk5BaFMxT2dib1FDMkFwQlBnUFpDT0k4VzVQU1d1WkNadFk9IiwiaXNzIjoiOjoxIiwibmJmIjoxNTU3MDI1ODg3LCJleHAiOjE1NTcwMjc2ODcsImRhdGEiOnsidXNlcm5hbWUiOiJhZG1pbl9wYW50YWlfYW5jb2wiLCJwYXNzd29yZCI6ImI3MDE2NmQyMzU5ZTU1ZmYzNDg0ZjVkNzAyMGM3MGQ4NmQ4OTA3OTYiLCJpcCI6Ijo6MSIsInVzZXJfYWdlbnQiOiJUaWNrZXRpbmctV2ViQXBwIn19.JKxGIzFYXkSbJAFpQiyCLITVBUbRy6tLWP4jmS9_UIM
Connection: close
Request body:

========================================
2019-05-05 10:13:23 
::1 GET /tourism/public-api/v1/tourism/7/tourism_attachments HTTP/1.1
HTTP headers:
Host: localhost
User-Agent: Ticketing-WebApp
Authorization: Bearer eyJ0eXAiOiJKV1QiLCJhbGciOiJIUzI1NiJ9.eyJpYXQiOjE1NTcwMjU4ODcsImp0aSI6InNDRHdFNkg1Uk5BaFMxT2dib1FDMkFwQlBnUFpDT0k4VzVQU1d1WkNadFk9IiwiaXNzIjoiOjoxIiwibmJmIjoxNTU3MDI1ODg3LCJleHAiOjE1NTcwMjc2ODcsImRhdGEiOnsidXNlcm5hbWUiOiJhZG1pbl9wYW50YWlfYW5jb2wiLCJwYXNzd29yZCI6ImI3MDE2NmQyMzU5ZTU1ZmYzNDg0ZjVkNzAyMGM3MGQ4NmQ4OTA3OTYiLCJpcCI6Ijo6MSIsInVzZXJfYWdlbnQiOiJUaWNrZXRpbmctV2ViQXBwIn19.JKxGIzFYXkSbJAFpQiyCLITVBUbRy6tLWP4jmS9_UIM
Connection: close
Request body:

========================================
2019-05-05 10:13:23 
::1 GET /tourism/public-api/v1/continents HTTP/1.1
HTTP headers:
Host: localhost
User-Agent: Ticketing-WebApp
Authorization: Bearer eyJ0eXAiOiJKV1QiLCJhbGciOiJIUzI1NiJ9.eyJpYXQiOjE1NTcwMjU4ODcsImp0aSI6InNDRHdFNkg1Uk5BaFMxT2dib1FDMkFwQlBnUFpDT0k4VzVQU1d1WkNadFk9IiwiaXNzIjoiOjoxIiwibmJmIjoxNTU3MDI1ODg3LCJleHAiOjE1NTcwMjc2ODcsImRhdGEiOnsidXNlcm5hbWUiOiJhZG1pbl9wYW50YWlfYW5jb2wiLCJwYXNzd29yZCI6ImI3MDE2NmQyMzU5ZTU1ZmYzNDg0ZjVkNzAyMGM3MGQ4NmQ4OTA3OTYiLCJpcCI6Ijo6MSIsInVzZXJfYWdlbnQiOiJUaWNrZXRpbmctV2ViQXBwIn19.JKxGIzFYXkSbJAFpQiyCLITVBUbRy6tLWP4jmS9_UIM
Connection: close
Request body:

========================================
2019-05-05 10:15:20 
::1 GET /tourism/public-api/v1/tourism/7 HTTP/1.1
HTTP headers:
Host: localhost
User-Agent: Ticketing-WebApp
Authorization: Bearer eyJ0eXAiOiJKV1QiLCJhbGciOiJIUzI1NiJ9.eyJpYXQiOjE1NTcwMjU4ODcsImp0aSI6InNDRHdFNkg1Uk5BaFMxT2dib1FDMkFwQlBnUFpDT0k4VzVQU1d1WkNadFk9IiwiaXNzIjoiOjoxIiwibmJmIjoxNTU3MDI1ODg3LCJleHAiOjE1NTcwMjc2ODcsImRhdGEiOnsidXNlcm5hbWUiOiJhZG1pbl9wYW50YWlfYW5jb2wiLCJwYXNzd29yZCI6ImI3MDE2NmQyMzU5ZTU1ZmYzNDg0ZjVkNzAyMGM3MGQ4NmQ4OTA3OTYiLCJpcCI6Ijo6MSIsInVzZXJfYWdlbnQiOiJUaWNrZXRpbmctV2ViQXBwIn19.JKxGIzFYXkSbJAFpQiyCLITVBUbRy6tLWP4jmS9_UIM
Connection: close
Request body:

========================================
2019-05-05 10:15:20 
::1 GET /tourism/public-api/v1/tourism/7/tourism_attachments HTTP/1.1
HTTP headers:
Host: localhost
User-Agent: Ticketing-WebApp
Authorization: Bearer eyJ0eXAiOiJKV1QiLCJhbGciOiJIUzI1NiJ9.eyJpYXQiOjE1NTcwMjU4ODcsImp0aSI6InNDRHdFNkg1Uk5BaFMxT2dib1FDMkFwQlBnUFpDT0k4VzVQU1d1WkNadFk9IiwiaXNzIjoiOjoxIiwibmJmIjoxNTU3MDI1ODg3LCJleHAiOjE1NTcwMjc2ODcsImRhdGEiOnsidXNlcm5hbWUiOiJhZG1pbl9wYW50YWlfYW5jb2wiLCJwYXNzd29yZCI6ImI3MDE2NmQyMzU5ZTU1ZmYzNDg0ZjVkNzAyMGM3MGQ4NmQ4OTA3OTYiLCJpcCI6Ijo6MSIsInVzZXJfYWdlbnQiOiJUaWNrZXRpbmctV2ViQXBwIn19.JKxGIzFYXkSbJAFpQiyCLITVBUbRy6tLWP4jmS9_UIM
Connection: close
Request body:

========================================
2019-05-05 10:15:20 
::1 GET /tourism/public-api/v1/continents HTTP/1.1
HTTP headers:
Host: localhost
User-Agent: Ticketing-WebApp
Authorization: Bearer eyJ0eXAiOiJKV1QiLCJhbGciOiJIUzI1NiJ9.eyJpYXQiOjE1NTcwMjU4ODcsImp0aSI6InNDRHdFNkg1Uk5BaFMxT2dib1FDMkFwQlBnUFpDT0k4VzVQU1d1WkNadFk9IiwiaXNzIjoiOjoxIiwibmJmIjoxNTU3MDI1ODg3LCJleHAiOjE1NTcwMjc2ODcsImRhdGEiOnsidXNlcm5hbWUiOiJhZG1pbl9wYW50YWlfYW5jb2wiLCJwYXNzd29yZCI6ImI3MDE2NmQyMzU5ZTU1ZmYzNDg0ZjVkNzAyMGM3MGQ4NmQ4OTA3OTYiLCJpcCI6Ijo6MSIsInVzZXJfYWdlbnQiOiJUaWNrZXRpbmctV2ViQXBwIn19.JKxGIzFYXkSbJAFpQiyCLITVBUbRy6tLWP4jmS9_UIM
Connection: close
Request body:

========================================
2019-05-05 10:15:50 
::1 GET /tourism/public-api/v1/tourism/7 HTTP/1.1
HTTP headers:
Host: localhost
User-Agent: Ticketing-WebApp
Authorization: Bearer eyJ0eXAiOiJKV1QiLCJhbGciOiJIUzI1NiJ9.eyJpYXQiOjE1NTcwMjU4ODcsImp0aSI6InNDRHdFNkg1Uk5BaFMxT2dib1FDMkFwQlBnUFpDT0k4VzVQU1d1WkNadFk9IiwiaXNzIjoiOjoxIiwibmJmIjoxNTU3MDI1ODg3LCJleHAiOjE1NTcwMjc2ODcsImRhdGEiOnsidXNlcm5hbWUiOiJhZG1pbl9wYW50YWlfYW5jb2wiLCJwYXNzd29yZCI6ImI3MDE2NmQyMzU5ZTU1ZmYzNDg0ZjVkNzAyMGM3MGQ4NmQ4OTA3OTYiLCJpcCI6Ijo6MSIsInVzZXJfYWdlbnQiOiJUaWNrZXRpbmctV2ViQXBwIn19.JKxGIzFYXkSbJAFpQiyCLITVBUbRy6tLWP4jmS9_UIM
Connection: close
Request body:

========================================
2019-05-05 10:15:50 
::1 GET /tourism/public-api/v1/tourism/7/tourism_attachments HTTP/1.1
HTTP headers:
Host: localhost
User-Agent: Ticketing-WebApp
Authorization: Bearer eyJ0eXAiOiJKV1QiLCJhbGciOiJIUzI1NiJ9.eyJpYXQiOjE1NTcwMjU4ODcsImp0aSI6InNDRHdFNkg1Uk5BaFMxT2dib1FDMkFwQlBnUFpDT0k4VzVQU1d1WkNadFk9IiwiaXNzIjoiOjoxIiwibmJmIjoxNTU3MDI1ODg3LCJleHAiOjE1NTcwMjc2ODcsImRhdGEiOnsidXNlcm5hbWUiOiJhZG1pbl9wYW50YWlfYW5jb2wiLCJwYXNzd29yZCI6ImI3MDE2NmQyMzU5ZTU1ZmYzNDg0ZjVkNzAyMGM3MGQ4NmQ4OTA3OTYiLCJpcCI6Ijo6MSIsInVzZXJfYWdlbnQiOiJUaWNrZXRpbmctV2ViQXBwIn19.JKxGIzFYXkSbJAFpQiyCLITVBUbRy6tLWP4jmS9_UIM
Connection: close
Request body:

========================================
2019-05-05 10:15:52 
::1 GET /tourism/public-api/v1/continents HTTP/1.1
HTTP headers:
Host: localhost
User-Agent: Ticketing-WebApp
Authorization: Bearer eyJ0eXAiOiJKV1QiLCJhbGciOiJIUzI1NiJ9.eyJpYXQiOjE1NTcwMjU4ODcsImp0aSI6InNDRHdFNkg1Uk5BaFMxT2dib1FDMkFwQlBnUFpDT0k4VzVQU1d1WkNadFk9IiwiaXNzIjoiOjoxIiwibmJmIjoxNTU3MDI1ODg3LCJleHAiOjE1NTcwMjc2ODcsImRhdGEiOnsidXNlcm5hbWUiOiJhZG1pbl9wYW50YWlfYW5jb2wiLCJwYXNzd29yZCI6ImI3MDE2NmQyMzU5ZTU1ZmYzNDg0ZjVkNzAyMGM3MGQ4NmQ4OTA3OTYiLCJpcCI6Ijo6MSIsInVzZXJfYWdlbnQiOiJUaWNrZXRpbmctV2ViQXBwIn19.JKxGIzFYXkSbJAFpQiyCLITVBUbRy6tLWP4jmS9_UIM
Connection: close
Request body:

========================================
2019-05-05 10:16:18 
::1 GET /tourism/public-api/v1/tourism/7 HTTP/1.1
HTTP headers:
Host: localhost
User-Agent: Ticketing-WebApp
Authorization: Bearer eyJ0eXAiOiJKV1QiLCJhbGciOiJIUzI1NiJ9.eyJpYXQiOjE1NTcwMjU4ODcsImp0aSI6InNDRHdFNkg1Uk5BaFMxT2dib1FDMkFwQlBnUFpDT0k4VzVQU1d1WkNadFk9IiwiaXNzIjoiOjoxIiwibmJmIjoxNTU3MDI1ODg3LCJleHAiOjE1NTcwMjc2ODcsImRhdGEiOnsidXNlcm5hbWUiOiJhZG1pbl9wYW50YWlfYW5jb2wiLCJwYXNzd29yZCI6ImI3MDE2NmQyMzU5ZTU1ZmYzNDg0ZjVkNzAyMGM3MGQ4NmQ4OTA3OTYiLCJpcCI6Ijo6MSIsInVzZXJfYWdlbnQiOiJUaWNrZXRpbmctV2ViQXBwIn19.JKxGIzFYXkSbJAFpQiyCLITVBUbRy6tLWP4jmS9_UIM
Connection: close
Request body:

========================================
2019-05-05 10:16:18 
::1 GET /tourism/public-api/v1/tourism/7/tourism_attachments HTTP/1.1
HTTP headers:
Host: localhost
User-Agent: Ticketing-WebApp
Authorization: Bearer eyJ0eXAiOiJKV1QiLCJhbGciOiJIUzI1NiJ9.eyJpYXQiOjE1NTcwMjU4ODcsImp0aSI6InNDRHdFNkg1Uk5BaFMxT2dib1FDMkFwQlBnUFpDT0k4VzVQU1d1WkNadFk9IiwiaXNzIjoiOjoxIiwibmJmIjoxNTU3MDI1ODg3LCJleHAiOjE1NTcwMjc2ODcsImRhdGEiOnsidXNlcm5hbWUiOiJhZG1pbl9wYW50YWlfYW5jb2wiLCJwYXNzd29yZCI6ImI3MDE2NmQyMzU5ZTU1ZmYzNDg0ZjVkNzAyMGM3MGQ4NmQ4OTA3OTYiLCJpcCI6Ijo6MSIsInVzZXJfYWdlbnQiOiJUaWNrZXRpbmctV2ViQXBwIn19.JKxGIzFYXkSbJAFpQiyCLITVBUbRy6tLWP4jmS9_UIM
Connection: close
Request body:

========================================
2019-05-05 10:16:18 
::1 GET /tourism/public-api/v1/continents HTTP/1.1
HTTP headers:
Host: localhost
User-Agent: Ticketing-WebApp
Authorization: Bearer eyJ0eXAiOiJKV1QiLCJhbGciOiJIUzI1NiJ9.eyJpYXQiOjE1NTcwMjU4ODcsImp0aSI6InNDRHdFNkg1Uk5BaFMxT2dib1FDMkFwQlBnUFpDT0k4VzVQU1d1WkNadFk9IiwiaXNzIjoiOjoxIiwibmJmIjoxNTU3MDI1ODg3LCJleHAiOjE1NTcwMjc2ODcsImRhdGEiOnsidXNlcm5hbWUiOiJhZG1pbl9wYW50YWlfYW5jb2wiLCJwYXNzd29yZCI6ImI3MDE2NmQyMzU5ZTU1ZmYzNDg0ZjVkNzAyMGM3MGQ4NmQ4OTA3OTYiLCJpcCI6Ijo6MSIsInVzZXJfYWdlbnQiOiJUaWNrZXRpbmctV2ViQXBwIn19.JKxGIzFYXkSbJAFpQiyCLITVBUbRy6tLWP4jmS9_UIM
Connection: close
Request body:

========================================
2019-05-05 10:16:54 
::1 GET /tourism/public-api/v1/tourism/7 HTTP/1.1
HTTP headers:
Host: localhost
User-Agent: Ticketing-WebApp
Authorization: Bearer eyJ0eXAiOiJKV1QiLCJhbGciOiJIUzI1NiJ9.eyJpYXQiOjE1NTcwMjU4ODcsImp0aSI6InNDRHdFNkg1Uk5BaFMxT2dib1FDMkFwQlBnUFpDT0k4VzVQU1d1WkNadFk9IiwiaXNzIjoiOjoxIiwibmJmIjoxNTU3MDI1ODg3LCJleHAiOjE1NTcwMjc2ODcsImRhdGEiOnsidXNlcm5hbWUiOiJhZG1pbl9wYW50YWlfYW5jb2wiLCJwYXNzd29yZCI6ImI3MDE2NmQyMzU5ZTU1ZmYzNDg0ZjVkNzAyMGM3MGQ4NmQ4OTA3OTYiLCJpcCI6Ijo6MSIsInVzZXJfYWdlbnQiOiJUaWNrZXRpbmctV2ViQXBwIn19.JKxGIzFYXkSbJAFpQiyCLITVBUbRy6tLWP4jmS9_UIM
Connection: close
Request body:

========================================
2019-05-05 10:16:54 
::1 GET /tourism/public-api/v1/tourism/7/tourism_attachments HTTP/1.1
HTTP headers:
Host: localhost
User-Agent: Ticketing-WebApp
Authorization: Bearer eyJ0eXAiOiJKV1QiLCJhbGciOiJIUzI1NiJ9.eyJpYXQiOjE1NTcwMjU4ODcsImp0aSI6InNDRHdFNkg1Uk5BaFMxT2dib1FDMkFwQlBnUFpDT0k4VzVQU1d1WkNadFk9IiwiaXNzIjoiOjoxIiwibmJmIjoxNTU3MDI1ODg3LCJleHAiOjE1NTcwMjc2ODcsImRhdGEiOnsidXNlcm5hbWUiOiJhZG1pbl9wYW50YWlfYW5jb2wiLCJwYXNzd29yZCI6ImI3MDE2NmQyMzU5ZTU1ZmYzNDg0ZjVkNzAyMGM3MGQ4NmQ4OTA3OTYiLCJpcCI6Ijo6MSIsInVzZXJfYWdlbnQiOiJUaWNrZXRpbmctV2ViQXBwIn19.JKxGIzFYXkSbJAFpQiyCLITVBUbRy6tLWP4jmS9_UIM
Connection: close
Request body:

========================================
2019-05-05 10:16:55 
::1 GET /tourism/public-api/v1/continents HTTP/1.1
HTTP headers:
Host: localhost
User-Agent: Ticketing-WebApp
Authorization: Bearer eyJ0eXAiOiJKV1QiLCJhbGciOiJIUzI1NiJ9.eyJpYXQiOjE1NTcwMjU4ODcsImp0aSI6InNDRHdFNkg1Uk5BaFMxT2dib1FDMkFwQlBnUFpDT0k4VzVQU1d1WkNadFk9IiwiaXNzIjoiOjoxIiwibmJmIjoxNTU3MDI1ODg3LCJleHAiOjE1NTcwMjc2ODcsImRhdGEiOnsidXNlcm5hbWUiOiJhZG1pbl9wYW50YWlfYW5jb2wiLCJwYXNzd29yZCI6ImI3MDE2NmQyMzU5ZTU1ZmYzNDg0ZjVkNzAyMGM3MGQ4NmQ4OTA3OTYiLCJpcCI6Ijo6MSIsInVzZXJfYWdlbnQiOiJUaWNrZXRpbmctV2ViQXBwIn19.JKxGIzFYXkSbJAFpQiyCLITVBUbRy6tLWP4jmS9_UIM
Connection: close
Request body:

========================================
2019-05-05 10:27:24 
::1 GET /tourism/public-api/v1/tourism/7 HTTP/1.1
HTTP headers:
Host: localhost
User-Agent: Ticketing-WebApp
Authorization: Bearer eyJ0eXAiOiJKV1QiLCJhbGciOiJIUzI1NiJ9.eyJpYXQiOjE1NTcwMjU4ODcsImp0aSI6InNDRHdFNkg1Uk5BaFMxT2dib1FDMkFwQlBnUFpDT0k4VzVQU1d1WkNadFk9IiwiaXNzIjoiOjoxIiwibmJmIjoxNTU3MDI1ODg3LCJleHAiOjE1NTcwMjc2ODcsImRhdGEiOnsidXNlcm5hbWUiOiJhZG1pbl9wYW50YWlfYW5jb2wiLCJwYXNzd29yZCI6ImI3MDE2NmQyMzU5ZTU1ZmYzNDg0ZjVkNzAyMGM3MGQ4NmQ4OTA3OTYiLCJpcCI6Ijo6MSIsInVzZXJfYWdlbnQiOiJUaWNrZXRpbmctV2ViQXBwIn19.JKxGIzFYXkSbJAFpQiyCLITVBUbRy6tLWP4jmS9_UIM
Connection: close
Request body:

========================================
2019-05-05 10:27:24 
::1 GET /tourism/public-api/v1/tourism/7/tourism_attachments HTTP/1.1
HTTP headers:
Host: localhost
User-Agent: Ticketing-WebApp
Authorization: Bearer eyJ0eXAiOiJKV1QiLCJhbGciOiJIUzI1NiJ9.eyJpYXQiOjE1NTcwMjU4ODcsImp0aSI6InNDRHdFNkg1Uk5BaFMxT2dib1FDMkFwQlBnUFpDT0k4VzVQU1d1WkNadFk9IiwiaXNzIjoiOjoxIiwibmJmIjoxNTU3MDI1ODg3LCJleHAiOjE1NTcwMjc2ODcsImRhdGEiOnsidXNlcm5hbWUiOiJhZG1pbl9wYW50YWlfYW5jb2wiLCJwYXNzd29yZCI6ImI3MDE2NmQyMzU5ZTU1ZmYzNDg0ZjVkNzAyMGM3MGQ4NmQ4OTA3OTYiLCJpcCI6Ijo6MSIsInVzZXJfYWdlbnQiOiJUaWNrZXRpbmctV2ViQXBwIn19.JKxGIzFYXkSbJAFpQiyCLITVBUbRy6tLWP4jmS9_UIM
Connection: close
Request body:

========================================
2019-05-05 10:27:25 
::1 GET /tourism/public-api/v1/continents HTTP/1.1
HTTP headers:
Host: localhost
User-Agent: Ticketing-WebApp
Authorization: Bearer eyJ0eXAiOiJKV1QiLCJhbGciOiJIUzI1NiJ9.eyJpYXQiOjE1NTcwMjU4ODcsImp0aSI6InNDRHdFNkg1Uk5BaFMxT2dib1FDMkFwQlBnUFpDT0k4VzVQU1d1WkNadFk9IiwiaXNzIjoiOjoxIiwibmJmIjoxNTU3MDI1ODg3LCJleHAiOjE1NTcwMjc2ODcsImRhdGEiOnsidXNlcm5hbWUiOiJhZG1pbl9wYW50YWlfYW5jb2wiLCJwYXNzd29yZCI6ImI3MDE2NmQyMzU5ZTU1ZmYzNDg0ZjVkNzAyMGM3MGQ4NmQ4OTA3OTYiLCJpcCI6Ijo6MSIsInVzZXJfYWdlbnQiOiJUaWNrZXRpbmctV2ViQXBwIn19.JKxGIzFYXkSbJAFpQiyCLITVBUbRy6tLWP4jmS9_UIM
Connection: close
Request body:

========================================
2019-05-05 11:30:21 
::1 GET /tourism/public-api/v1/tourism/7 HTTP/1.1
HTTP headers:
Host: localhost
User-Agent: Ticketing-WebApp
Connection: close
Request body:

========================================
2019-05-05 11:30:22 
::1 POST /tourism/public-api/v1/users/token HTTP/1.1
HTTP headers:
Host: localhost
Content-Length: 10
User-Agent: Ticketing-WebApp
Connection: close
Content-Type: application/x-www-form-urlencoded
Request body:
password=0
========================================
2019-05-05 11:30:22 
::1 GET /tourism/public-api/v1/tourism/7 HTTP/1.1
HTTP headers:
Host: localhost
User-Agent: Ticketing-WebApp
Connection: close
Request body:

========================================
2019-05-05 11:30:22 
::1 POST /tourism/public-api/v1/users/token HTTP/1.1
HTTP headers:
Host: localhost
Content-Length: 10
User-Agent: Ticketing-WebApp
Connection: close
Content-Type: application/x-www-form-urlencoded
Request body:
password=0
========================================
2019-05-05 11:30:22 
::1 GET /tourism/public-api/v1/tourism/7 HTTP/1.1
HTTP headers:
Host: localhost
User-Agent: Ticketing-WebApp
Connection: close
Request body:

========================================
2019-05-05 11:30:22 
::1 POST /tourism/public-api/v1/users/token HTTP/1.1
HTTP headers:
Host: localhost
Content-Length: 10
User-Agent: Ticketing-WebApp
Connection: close
Content-Type: application/x-www-form-urlencoded
Request body:
password=0
========================================
2019-05-05 11:30:22 
::1 GET /tourism/public-api/v1/tourism/7 HTTP/1.1
HTTP headers:
Host: localhost
User-Agent: Ticketing-WebApp
Connection: close
Request body:

========================================
2019-05-05 11:30:22 
::1 GET /tourism/public-api/v1/tourism/7/tourism_attachments HTTP/1.1
HTTP headers:
Host: localhost
User-Agent: Ticketing-WebApp
Connection: close
Request body:

========================================
2019-05-05 11:30:22 
::1 POST /tourism/public-api/v1/users/token HTTP/1.1
HTTP headers:
Host: localhost
Content-Length: 10
User-Agent: Ticketing-WebApp
Connection: close
Content-Type: application/x-www-form-urlencoded
Request body:
password=0
========================================
2019-05-05 11:30:22 
::1 GET /tourism/public-api/v1/tourism/7/tourism_attachments HTTP/1.1
HTTP headers:
Host: localhost
User-Agent: Ticketing-WebApp
Connection: close
Request body:

========================================
2019-05-05 11:30:22 
::1 POST /tourism/public-api/v1/users/token HTTP/1.1
HTTP headers:
Host: localhost
Content-Length: 10
User-Agent: Ticketing-WebApp
Connection: close
Content-Type: application/x-www-form-urlencoded
Request body:
password=0
========================================
2019-05-05 11:30:22 
::1 GET /tourism/public-api/v1/tourism/7/tourism_attachments HTTP/1.1
HTTP headers:
Host: localhost
User-Agent: Ticketing-WebApp
Connection: close
Request body:

========================================
2019-05-05 11:30:22 
::1 POST /tourism/public-api/v1/users/token HTTP/1.1
HTTP headers:
Host: localhost
Content-Length: 10
User-Agent: Ticketing-WebApp
Connection: close
Content-Type: application/x-www-form-urlencoded
Request body:
password=0
========================================
2019-05-05 11:30:22 
::1 GET /tourism/public-api/v1/tourism/7/tourism_attachments HTTP/1.1
HTTP headers:
Host: localhost
User-Agent: Ticketing-WebApp
Connection: close
Request body:

========================================
2019-05-05 11:30:23 
::1 GET /tourism/public-api/v1/continents HTTP/1.1
HTTP headers:
Host: localhost
User-Agent: Ticketing-WebApp
Connection: close
Request body:

========================================
2019-05-05 11:30:34 
::1 POST /tourism/public-api/v1/users/token HTTP/1.1
HTTP headers:
Host: localhost
Content-Length: 40
User-Agent: Ticketing-WebApp
Connection: close
Content-Type: application/x-www-form-urlencoded
Request body:
username=admin_pantai_ancol&password=ade
========================================
2019-05-05 11:30:35 
::1 GET /tourism/public-api/v1/users/5 HTTP/1.1
HTTP headers:
Host: localhost
User-Agent: Ticketing-WebApp
Authorization: Bearer eyJ0eXAiOiJKV1QiLCJhbGciOiJIUzI1NiJ9.eyJpYXQiOjE1NTcwMzA2MzQsImp0aSI6InNyeklpekdlT2NpeFhxNUdaZ1gxdmlXcm55aDlkU0NPTkZ0cTNYZ1wvVHM0PSIsImlzcyI6Ijo6MSIsIm5iZiI6MTU1NzAzMDYzNCwiZXhwIjoxNTU3MDMyNDM0LCJkYXRhIjp7InVzZXJuYW1lIjoiYWRtaW5fcGFudGFpX2FuY29sIiwicGFzc3dvcmQiOiJiNzAxNjZkMjM1OWU1NWZmMzQ4NGY1ZDcwMjBjNzBkODZkODkwNzk2IiwiaXAiOiI6OjEiLCJ1c2VyX2FnZW50IjoiVGlja2V0aW5nLVdlYkFwcCJ9fQ.ysOfwVNnfc7RzlKxXgFwS8DyS1seIws-rmET3fCqOr8
Connection: close
Request body:

========================================
2019-05-05 11:30:43 
::1 GET /tourism/public-api/v1/tourism?tourism_approval_status=2 HTTP/1.1
HTTP headers:
Host: localhost
User-Agent: Ticketing-WebApp
Authorization: Bearer eyJ0eXAiOiJKV1QiLCJhbGciOiJIUzI1NiJ9.eyJpYXQiOjE1NTcwMzA2MzQsImp0aSI6InNyeklpekdlT2NpeFhxNUdaZ1gxdmlXcm55aDlkU0NPTkZ0cTNYZ1wvVHM0PSIsImlzcyI6Ijo6MSIsIm5iZiI6MTU1NzAzMDYzNCwiZXhwIjoxNTU3MDMyNDM0LCJkYXRhIjp7InVzZXJuYW1lIjoiYWRtaW5fcGFudGFpX2FuY29sIiwicGFzc3dvcmQiOiJiNzAxNjZkMjM1OWU1NWZmMzQ4NGY1ZDcwMjBjNzBkODZkODkwNzk2IiwiaXAiOiI6OjEiLCJ1c2VyX2FnZW50IjoiVGlja2V0aW5nLVdlYkFwcCJ9fQ.ysOfwVNnfc7RzlKxXgFwS8DyS1seIws-rmET3fCqOr8
Connection: close
Request body:

========================================
2019-05-05 11:30:43 
::1 GET /tourism/public-api/v1/continents HTTP/1.1
HTTP headers:
Host: localhost
User-Agent: Ticketing-WebApp
Authorization: Bearer eyJ0eXAiOiJKV1QiLCJhbGciOiJIUzI1NiJ9.eyJpYXQiOjE1NTcwMzA2MzQsImp0aSI6InNyeklpekdlT2NpeFhxNUdaZ1gxdmlXcm55aDlkU0NPTkZ0cTNYZ1wvVHM0PSIsImlzcyI6Ijo6MSIsIm5iZiI6MTU1NzAzMDYzNCwiZXhwIjoxNTU3MDMyNDM0LCJkYXRhIjp7InVzZXJuYW1lIjoiYWRtaW5fcGFudGFpX2FuY29sIiwicGFzc3dvcmQiOiJiNzAxNjZkMjM1OWU1NWZmMzQ4NGY1ZDcwMjBjNzBkODZkODkwNzk2IiwiaXAiOiI6OjEiLCJ1c2VyX2FnZW50IjoiVGlja2V0aW5nLVdlYkFwcCJ9fQ.ysOfwVNnfc7RzlKxXgFwS8DyS1seIws-rmET3fCqOr8
Connection: close
Request body:

========================================
2019-05-05 11:30:46 
::1 GET /tourism/public-api/v1/tourism/7 HTTP/1.1
HTTP headers:
Host: localhost
User-Agent: Ticketing-WebApp
Authorization: Bearer eyJ0eXAiOiJKV1QiLCJhbGciOiJIUzI1NiJ9.eyJpYXQiOjE1NTcwMzA2MzQsImp0aSI6InNyeklpekdlT2NpeFhxNUdaZ1gxdmlXcm55aDlkU0NPTkZ0cTNYZ1wvVHM0PSIsImlzcyI6Ijo6MSIsIm5iZiI6MTU1NzAzMDYzNCwiZXhwIjoxNTU3MDMyNDM0LCJkYXRhIjp7InVzZXJuYW1lIjoiYWRtaW5fcGFudGFpX2FuY29sIiwicGFzc3dvcmQiOiJiNzAxNjZkMjM1OWU1NWZmMzQ4NGY1ZDcwMjBjNzBkODZkODkwNzk2IiwiaXAiOiI6OjEiLCJ1c2VyX2FnZW50IjoiVGlja2V0aW5nLVdlYkFwcCJ9fQ.ysOfwVNnfc7RzlKxXgFwS8DyS1seIws-rmET3fCqOr8
Connection: close
Request body:

========================================
2019-05-05 11:30:46 
::1 GET /tourism/public-api/v1/tourism/7/tourism_attachments HTTP/1.1
HTTP headers:
Host: localhost
User-Agent: Ticketing-WebApp
Authorization: Bearer eyJ0eXAiOiJKV1QiLCJhbGciOiJIUzI1NiJ9.eyJpYXQiOjE1NTcwMzA2MzQsImp0aSI6InNyeklpekdlT2NpeFhxNUdaZ1gxdmlXcm55aDlkU0NPTkZ0cTNYZ1wvVHM0PSIsImlzcyI6Ijo6MSIsIm5iZiI6MTU1NzAzMDYzNCwiZXhwIjoxNTU3MDMyNDM0LCJkYXRhIjp7InVzZXJuYW1lIjoiYWRtaW5fcGFudGFpX2FuY29sIiwicGFzc3dvcmQiOiJiNzAxNjZkMjM1OWU1NWZmMzQ4NGY1ZDcwMjBjNzBkODZkODkwNzk2IiwiaXAiOiI6OjEiLCJ1c2VyX2FnZW50IjoiVGlja2V0aW5nLVdlYkFwcCJ9fQ.ysOfwVNnfc7RzlKxXgFwS8DyS1seIws-rmET3fCqOr8
Connection: close
Request body:

========================================
2019-05-05 11:30:46 
::1 GET /tourism/public-api/v1/continents HTTP/1.1
HTTP headers:
Host: localhost
User-Agent: Ticketing-WebApp
Authorization: Bearer eyJ0eXAiOiJKV1QiLCJhbGciOiJIUzI1NiJ9.eyJpYXQiOjE1NTcwMzA2MzQsImp0aSI6InNyeklpekdlT2NpeFhxNUdaZ1gxdmlXcm55aDlkU0NPTkZ0cTNYZ1wvVHM0PSIsImlzcyI6Ijo6MSIsIm5iZiI6MTU1NzAzMDYzNCwiZXhwIjoxNTU3MDMyNDM0LCJkYXRhIjp7InVzZXJuYW1lIjoiYWRtaW5fcGFudGFpX2FuY29sIiwicGFzc3dvcmQiOiJiNzAxNjZkMjM1OWU1NWZmMzQ4NGY1ZDcwMjBjNzBkODZkODkwNzk2IiwiaXAiOiI6OjEiLCJ1c2VyX2FnZW50IjoiVGlja2V0aW5nLVdlYkFwcCJ9fQ.ysOfwVNnfc7RzlKxXgFwS8DyS1seIws-rmET3fCqOr8
Connection: close
Request body:

========================================
2019-05-05 11:32:30 
::1 GET /tourism/public-api/v1/tourism/7 HTTP/1.1
HTTP headers:
Host: localhost
User-Agent: Ticketing-WebApp
Authorization: Bearer eyJ0eXAiOiJKV1QiLCJhbGciOiJIUzI1NiJ9.eyJpYXQiOjE1NTcwMzA2MzQsImp0aSI6InNyeklpekdlT2NpeFhxNUdaZ1gxdmlXcm55aDlkU0NPTkZ0cTNYZ1wvVHM0PSIsImlzcyI6Ijo6MSIsIm5iZiI6MTU1NzAzMDYzNCwiZXhwIjoxNTU3MDMyNDM0LCJkYXRhIjp7InVzZXJuYW1lIjoiYWRtaW5fcGFudGFpX2FuY29sIiwicGFzc3dvcmQiOiJiNzAxNjZkMjM1OWU1NWZmMzQ4NGY1ZDcwMjBjNzBkODZkODkwNzk2IiwiaXAiOiI6OjEiLCJ1c2VyX2FnZW50IjoiVGlja2V0aW5nLVdlYkFwcCJ9fQ.ysOfwVNnfc7RzlKxXgFwS8DyS1seIws-rmET3fCqOr8
Connection: close
Request body:

========================================
2019-05-05 11:32:31 
::1 GET /tourism/public-api/v1/tourism/7/tourism_attachments HTTP/1.1
HTTP headers:
Host: localhost
User-Agent: Ticketing-WebApp
Authorization: Bearer eyJ0eXAiOiJKV1QiLCJhbGciOiJIUzI1NiJ9.eyJpYXQiOjE1NTcwMzA2MzQsImp0aSI6InNyeklpekdlT2NpeFhxNUdaZ1gxdmlXcm55aDlkU0NPTkZ0cTNYZ1wvVHM0PSIsImlzcyI6Ijo6MSIsIm5iZiI6MTU1NzAzMDYzNCwiZXhwIjoxNTU3MDMyNDM0LCJkYXRhIjp7InVzZXJuYW1lIjoiYWRtaW5fcGFudGFpX2FuY29sIiwicGFzc3dvcmQiOiJiNzAxNjZkMjM1OWU1NWZmMzQ4NGY1ZDcwMjBjNzBkODZkODkwNzk2IiwiaXAiOiI6OjEiLCJ1c2VyX2FnZW50IjoiVGlja2V0aW5nLVdlYkFwcCJ9fQ.ysOfwVNnfc7RzlKxXgFwS8DyS1seIws-rmET3fCqOr8
Connection: close
Request body:

========================================
2019-05-05 11:32:32 
::1 GET /tourism/public-api/v1/continents HTTP/1.1
HTTP headers:
Host: localhost
User-Agent: Ticketing-WebApp
Authorization: Bearer eyJ0eXAiOiJKV1QiLCJhbGciOiJIUzI1NiJ9.eyJpYXQiOjE1NTcwMzA2MzQsImp0aSI6InNyeklpekdlT2NpeFhxNUdaZ1gxdmlXcm55aDlkU0NPTkZ0cTNYZ1wvVHM0PSIsImlzcyI6Ijo6MSIsIm5iZiI6MTU1NzAzMDYzNCwiZXhwIjoxNTU3MDMyNDM0LCJkYXRhIjp7InVzZXJuYW1lIjoiYWRtaW5fcGFudGFpX2FuY29sIiwicGFzc3dvcmQiOiJiNzAxNjZkMjM1OWU1NWZmMzQ4NGY1ZDcwMjBjNzBkODZkODkwNzk2IiwiaXAiOiI6OjEiLCJ1c2VyX2FnZW50IjoiVGlja2V0aW5nLVdlYkFwcCJ9fQ.ysOfwVNnfc7RzlKxXgFwS8DyS1seIws-rmET3fCqOr8
Connection: close
Request body:

========================================
2019-05-05 11:38:05 
::1 GET /tourism/public-api/v1/tourism/7 HTTP/1.1
HTTP headers:
Host: localhost
User-Agent: Ticketing-WebApp
Authorization: Bearer eyJ0eXAiOiJKV1QiLCJhbGciOiJIUzI1NiJ9.eyJpYXQiOjE1NTcwMzA2MzQsImp0aSI6InNyeklpekdlT2NpeFhxNUdaZ1gxdmlXcm55aDlkU0NPTkZ0cTNYZ1wvVHM0PSIsImlzcyI6Ijo6MSIsIm5iZiI6MTU1NzAzMDYzNCwiZXhwIjoxNTU3MDMyNDM0LCJkYXRhIjp7InVzZXJuYW1lIjoiYWRtaW5fcGFudGFpX2FuY29sIiwicGFzc3dvcmQiOiJiNzAxNjZkMjM1OWU1NWZmMzQ4NGY1ZDcwMjBjNzBkODZkODkwNzk2IiwiaXAiOiI6OjEiLCJ1c2VyX2FnZW50IjoiVGlja2V0aW5nLVdlYkFwcCJ9fQ.ysOfwVNnfc7RzlKxXgFwS8DyS1seIws-rmET3fCqOr8
Connection: close
Request body:

========================================
2019-05-05 11:38:05 
::1 GET /tourism/public-api/v1/tourism/7/tourism_attachments HTTP/1.1
HTTP headers:
Host: localhost
User-Agent: Ticketing-WebApp
Authorization: Bearer eyJ0eXAiOiJKV1QiLCJhbGciOiJIUzI1NiJ9.eyJpYXQiOjE1NTcwMzA2MzQsImp0aSI6InNyeklpekdlT2NpeFhxNUdaZ1gxdmlXcm55aDlkU0NPTkZ0cTNYZ1wvVHM0PSIsImlzcyI6Ijo6MSIsIm5iZiI6MTU1NzAzMDYzNCwiZXhwIjoxNTU3MDMyNDM0LCJkYXRhIjp7InVzZXJuYW1lIjoiYWRtaW5fcGFudGFpX2FuY29sIiwicGFzc3dvcmQiOiJiNzAxNjZkMjM1OWU1NWZmMzQ4NGY1ZDcwMjBjNzBkODZkODkwNzk2IiwiaXAiOiI6OjEiLCJ1c2VyX2FnZW50IjoiVGlja2V0aW5nLVdlYkFwcCJ9fQ.ysOfwVNnfc7RzlKxXgFwS8DyS1seIws-rmET3fCqOr8
Connection: close
Request body:

========================================
2019-05-05 11:38:05 
::1 GET /tourism/public-api/v1/continents HTTP/1.1
HTTP headers:
Host: localhost
User-Agent: Ticketing-WebApp
Authorization: Bearer eyJ0eXAiOiJKV1QiLCJhbGciOiJIUzI1NiJ9.eyJpYXQiOjE1NTcwMzA2MzQsImp0aSI6InNyeklpekdlT2NpeFhxNUdaZ1gxdmlXcm55aDlkU0NPTkZ0cTNYZ1wvVHM0PSIsImlzcyI6Ijo6MSIsIm5iZiI6MTU1NzAzMDYzNCwiZXhwIjoxNTU3MDMyNDM0LCJkYXRhIjp7InVzZXJuYW1lIjoiYWRtaW5fcGFudGFpX2FuY29sIiwicGFzc3dvcmQiOiJiNzAxNjZkMjM1OWU1NWZmMzQ4NGY1ZDcwMjBjNzBkODZkODkwNzk2IiwiaXAiOiI6OjEiLCJ1c2VyX2FnZW50IjoiVGlja2V0aW5nLVdlYkFwcCJ9fQ.ysOfwVNnfc7RzlKxXgFwS8DyS1seIws-rmET3fCqOr8
Connection: close
Request body:

========================================
2019-05-05 11:38:38 
::1 GET /tourism/public-api/v1/tourism/7 HTTP/1.1
HTTP headers:
Host: localhost
User-Agent: Ticketing-WebApp
Authorization: Bearer eyJ0eXAiOiJKV1QiLCJhbGciOiJIUzI1NiJ9.eyJpYXQiOjE1NTcwMzA2MzQsImp0aSI6InNyeklpekdlT2NpeFhxNUdaZ1gxdmlXcm55aDlkU0NPTkZ0cTNYZ1wvVHM0PSIsImlzcyI6Ijo6MSIsIm5iZiI6MTU1NzAzMDYzNCwiZXhwIjoxNTU3MDMyNDM0LCJkYXRhIjp7InVzZXJuYW1lIjoiYWRtaW5fcGFudGFpX2FuY29sIiwicGFzc3dvcmQiOiJiNzAxNjZkMjM1OWU1NWZmMzQ4NGY1ZDcwMjBjNzBkODZkODkwNzk2IiwiaXAiOiI6OjEiLCJ1c2VyX2FnZW50IjoiVGlja2V0aW5nLVdlYkFwcCJ9fQ.ysOfwVNnfc7RzlKxXgFwS8DyS1seIws-rmET3fCqOr8
Connection: close
Request body:

========================================
2019-05-05 11:38:38 
::1 GET /tourism/public-api/v1/tourism/7/tourism_attachments HTTP/1.1
HTTP headers:
Host: localhost
User-Agent: Ticketing-WebApp
Authorization: Bearer eyJ0eXAiOiJKV1QiLCJhbGciOiJIUzI1NiJ9.eyJpYXQiOjE1NTcwMzA2MzQsImp0aSI6InNyeklpekdlT2NpeFhxNUdaZ1gxdmlXcm55aDlkU0NPTkZ0cTNYZ1wvVHM0PSIsImlzcyI6Ijo6MSIsIm5iZiI6MTU1NzAzMDYzNCwiZXhwIjoxNTU3MDMyNDM0LCJkYXRhIjp7InVzZXJuYW1lIjoiYWRtaW5fcGFudGFpX2FuY29sIiwicGFzc3dvcmQiOiJiNzAxNjZkMjM1OWU1NWZmMzQ4NGY1ZDcwMjBjNzBkODZkODkwNzk2IiwiaXAiOiI6OjEiLCJ1c2VyX2FnZW50IjoiVGlja2V0aW5nLVdlYkFwcCJ9fQ.ysOfwVNnfc7RzlKxXgFwS8DyS1seIws-rmET3fCqOr8
Connection: close
Request body:

========================================
2019-05-05 11:38:40 
::1 GET /tourism/public-api/v1/continents HTTP/1.1
HTTP headers:
Host: localhost
User-Agent: Ticketing-WebApp
Authorization: Bearer eyJ0eXAiOiJKV1QiLCJhbGciOiJIUzI1NiJ9.eyJpYXQiOjE1NTcwMzA2MzQsImp0aSI6InNyeklpekdlT2NpeFhxNUdaZ1gxdmlXcm55aDlkU0NPTkZ0cTNYZ1wvVHM0PSIsImlzcyI6Ijo6MSIsIm5iZiI6MTU1NzAzMDYzNCwiZXhwIjoxNTU3MDMyNDM0LCJkYXRhIjp7InVzZXJuYW1lIjoiYWRtaW5fcGFudGFpX2FuY29sIiwicGFzc3dvcmQiOiJiNzAxNjZkMjM1OWU1NWZmMzQ4NGY1ZDcwMjBjNzBkODZkODkwNzk2IiwiaXAiOiI6OjEiLCJ1c2VyX2FnZW50IjoiVGlja2V0aW5nLVdlYkFwcCJ9fQ.ysOfwVNnfc7RzlKxXgFwS8DyS1seIws-rmET3fCqOr8
Connection: close
Request body:

========================================
2019-05-05 11:39:13 
::1 GET /tourism/public-api/v1/tourism/7 HTTP/1.1
HTTP headers:
Host: localhost
User-Agent: Ticketing-WebApp
Authorization: Bearer eyJ0eXAiOiJKV1QiLCJhbGciOiJIUzI1NiJ9.eyJpYXQiOjE1NTcwMzA2MzQsImp0aSI6InNyeklpekdlT2NpeFhxNUdaZ1gxdmlXcm55aDlkU0NPTkZ0cTNYZ1wvVHM0PSIsImlzcyI6Ijo6MSIsIm5iZiI6MTU1NzAzMDYzNCwiZXhwIjoxNTU3MDMyNDM0LCJkYXRhIjp7InVzZXJuYW1lIjoiYWRtaW5fcGFudGFpX2FuY29sIiwicGFzc3dvcmQiOiJiNzAxNjZkMjM1OWU1NWZmMzQ4NGY1ZDcwMjBjNzBkODZkODkwNzk2IiwiaXAiOiI6OjEiLCJ1c2VyX2FnZW50IjoiVGlja2V0aW5nLVdlYkFwcCJ9fQ.ysOfwVNnfc7RzlKxXgFwS8DyS1seIws-rmET3fCqOr8
Connection: close
Request body:

========================================
2019-05-05 11:39:13 
::1 GET /tourism/public-api/v1/tourism/7/tourism_attachments HTTP/1.1
HTTP headers:
Host: localhost
User-Agent: Ticketing-WebApp
Authorization: Bearer eyJ0eXAiOiJKV1QiLCJhbGciOiJIUzI1NiJ9.eyJpYXQiOjE1NTcwMzA2MzQsImp0aSI6InNyeklpekdlT2NpeFhxNUdaZ1gxdmlXcm55aDlkU0NPTkZ0cTNYZ1wvVHM0PSIsImlzcyI6Ijo6MSIsIm5iZiI6MTU1NzAzMDYzNCwiZXhwIjoxNTU3MDMyNDM0LCJkYXRhIjp7InVzZXJuYW1lIjoiYWRtaW5fcGFudGFpX2FuY29sIiwicGFzc3dvcmQiOiJiNzAxNjZkMjM1OWU1NWZmMzQ4NGY1ZDcwMjBjNzBkODZkODkwNzk2IiwiaXAiOiI6OjEiLCJ1c2VyX2FnZW50IjoiVGlja2V0aW5nLVdlYkFwcCJ9fQ.ysOfwVNnfc7RzlKxXgFwS8DyS1seIws-rmET3fCqOr8
Connection: close
Request body:

========================================
2019-05-05 11:39:15 
::1 GET /tourism/public-api/v1/continents HTTP/1.1
HTTP headers:
Host: localhost
User-Agent: Ticketing-WebApp
Authorization: Bearer eyJ0eXAiOiJKV1QiLCJhbGciOiJIUzI1NiJ9.eyJpYXQiOjE1NTcwMzA2MzQsImp0aSI6InNyeklpekdlT2NpeFhxNUdaZ1gxdmlXcm55aDlkU0NPTkZ0cTNYZ1wvVHM0PSIsImlzcyI6Ijo6MSIsIm5iZiI6MTU1NzAzMDYzNCwiZXhwIjoxNTU3MDMyNDM0LCJkYXRhIjp7InVzZXJuYW1lIjoiYWRtaW5fcGFudGFpX2FuY29sIiwicGFzc3dvcmQiOiJiNzAxNjZkMjM1OWU1NWZmMzQ4NGY1ZDcwMjBjNzBkODZkODkwNzk2IiwiaXAiOiI6OjEiLCJ1c2VyX2FnZW50IjoiVGlja2V0aW5nLVdlYkFwcCJ9fQ.ysOfwVNnfc7RzlKxXgFwS8DyS1seIws-rmET3fCqOr8
Connection: close
Request body:

========================================
