2018-10-30 19:29:51 
::1 POST /tourism/public-api/v1/users/token HTTP/1.1
HTTP headers:
Host: localhost
Content-Length: 25
User-Agent: Ticketing-WebApp
Connection: close
Content-Type: application/x-www-form-urlencoded
Request body:
username=ade&password=ade
========================================
2018-10-30 19:29:53 
::1 GET /tourism/public-api/v1/users/1 HTTP/1.1
HTTP headers:
Host: localhost
User-Agent: Ticketing-WebApp
Authorization: Bearer eyJ0eXAiOiJKV1QiLCJhbGciOiJIUzI1NiJ9.eyJpYXQiOjE1NDA5MDI1OTIsImp0aSI6IkZQc0dYYmVFM0xJeWF5OGU2MVFqVHN1SG9PVG9QcHM5SE5qaFRRb2lTdTQ9IiwiaXNzIjoiOjoxIiwibmJmIjoxNTQwOTAyNTkyLCJleHAiOjE1NDA5MDQzOTIsImRhdGEiOnsidXNlcm5hbWUiOiJhZGUiLCJwYXNzd29yZCI6ImI3MDE2NmQyMzU5ZTU1ZmYzNDg0ZjVkNzAyMGM3MGQ4NmQ4OTA3OTYiLCJpcCI6Ijo6MSIsInVzZXJfYWdlbnQiOiJUaWNrZXRpbmctV2ViQXBwIn19.vVIpa0z8GJluHkOPvMlEELJTFpy_CTo3Vl9v1QOsEgc
Connection: close
Request body:

========================================
2018-10-30 19:30:10 
::1 GET /tourism/public-api/v1/provinces/1/countries?limit=40 HTTP/1.1
HTTP headers:
Host: localhost
User-Agent: Ticketing-WebApp
Authorization: Bearer eyJ0eXAiOiJKV1QiLCJhbGciOiJIUzI1NiJ9.eyJpYXQiOjE1NDA5MDI1OTIsImp0aSI6IkZQc0dYYmVFM0xJeWF5OGU2MVFqVHN1SG9PVG9QcHM5SE5qaFRRb2lTdTQ9IiwiaXNzIjoiOjoxIiwibmJmIjoxNTQwOTAyNTkyLCJleHAiOjE1NDA5MDQzOTIsImRhdGEiOnsidXNlcm5hbWUiOiJhZGUiLCJwYXNzd29yZCI6ImI3MDE2NmQyMzU5ZTU1ZmYzNDg0ZjVkNzAyMGM3MGQ4NmQ4OTA3OTYiLCJpcCI6Ijo6MSIsInVzZXJfYWdlbnQiOiJUaWNrZXRpbmctV2ViQXBwIn19.vVIpa0z8GJluHkOPvMlEELJTFpy_CTo3Vl9v1QOsEgc
Connection: close
Request body:

========================================
2018-10-30 19:36:22 
::1 GET /tourism/public-api/v1/province/12/cities?limit=100 HTTP/1.1
HTTP headers:
Host: localhost
User-Agent: Ticketing-WebApp
Authorization: Bearer eyJ0eXAiOiJKV1QiLCJhbGciOiJIUzI1NiJ9.eyJpYXQiOjE1NDA5MDI1OTIsImp0aSI6IkZQc0dYYmVFM0xJeWF5OGU2MVFqVHN1SG9PVG9QcHM5SE5qaFRRb2lTdTQ9IiwiaXNzIjoiOjoxIiwibmJmIjoxNTQwOTAyNTkyLCJleHAiOjE1NDA5MDQzOTIsImRhdGEiOnsidXNlcm5hbWUiOiJhZGUiLCJwYXNzd29yZCI6ImI3MDE2NmQyMzU5ZTU1ZmYzNDg0ZjVkNzAyMGM3MGQ4NmQ4OTA3OTYiLCJpcCI6Ijo6MSIsInVzZXJfYWdlbnQiOiJUaWNrZXRpbmctV2ViQXBwIn19.vVIpa0z8GJluHkOPvMlEELJTFpy_CTo3Vl9v1QOsEgc
Connection: close
Request body:

========================================
2018-10-30 19:45:15 
::1 GET /tourism/public-api/v1/provinces/1/countries?limit=40 HTTP/1.1
HTTP headers:
Host: localhost
User-Agent: Ticketing-WebApp
Authorization: Bearer eyJ0eXAiOiJKV1QiLCJhbGciOiJIUzI1NiJ9.eyJpYXQiOjE1NDA5MDI1OTIsImp0aSI6IkZQc0dYYmVFM0xJeWF5OGU2MVFqVHN1SG9PVG9QcHM5SE5qaFRRb2lTdTQ9IiwiaXNzIjoiOjoxIiwibmJmIjoxNTQwOTAyNTkyLCJleHAiOjE1NDA5MDQzOTIsImRhdGEiOnsidXNlcm5hbWUiOiJhZGUiLCJwYXNzd29yZCI6ImI3MDE2NmQyMzU5ZTU1ZmYzNDg0ZjVkNzAyMGM3MGQ4NmQ4OTA3OTYiLCJpcCI6Ijo6MSIsInVzZXJfYWdlbnQiOiJUaWNrZXRpbmctV2ViQXBwIn19.vVIpa0z8GJluHkOPvMlEELJTFpy_CTo3Vl9v1QOsEgc
Connection: close
Request body:

========================================
2018-10-30 19:45:19 
::1 GET /tourism/public-api/v1/province/12/cities?limit=100 HTTP/1.1
HTTP headers:
Host: localhost
User-Agent: Ticketing-WebApp
Authorization: Bearer eyJ0eXAiOiJKV1QiLCJhbGciOiJIUzI1NiJ9.eyJpYXQiOjE1NDA5MDI1OTIsImp0aSI6IkZQc0dYYmVFM0xJeWF5OGU2MVFqVHN1SG9PVG9QcHM5SE5qaFRRb2lTdTQ9IiwiaXNzIjoiOjoxIiwibmJmIjoxNTQwOTAyNTkyLCJleHAiOjE1NDA5MDQzOTIsImRhdGEiOnsidXNlcm5hbWUiOiJhZGUiLCJwYXNzd29yZCI6ImI3MDE2NmQyMzU5ZTU1ZmYzNDg0ZjVkNzAyMGM3MGQ4NmQ4OTA3OTYiLCJpcCI6Ijo6MSIsInVzZXJfYWdlbnQiOiJUaWNrZXRpbmctV2ViQXBwIn19.vVIpa0z8GJluHkOPvMlEELJTFpy_CTo3Vl9v1QOsEgc
Connection: close
Request body:

========================================
2018-10-30 19:45:47 
::1 GET /tourism/public-api/v1/province/1/cities?limit=100 HTTP/1.1
HTTP headers:
Host: localhost
User-Agent: Ticketing-WebApp
Authorization: Bearer eyJ0eXAiOiJKV1QiLCJhbGciOiJIUzI1NiJ9.eyJpYXQiOjE1NDA5MDI1OTIsImp0aSI6IkZQc0dYYmVFM0xJeWF5OGU2MVFqVHN1SG9PVG9QcHM5SE5qaFRRb2lTdTQ9IiwiaXNzIjoiOjoxIiwibmJmIjoxNTQwOTAyNTkyLCJleHAiOjE1NDA5MDQzOTIsImRhdGEiOnsidXNlcm5hbWUiOiJhZGUiLCJwYXNzd29yZCI6ImI3MDE2NmQyMzU5ZTU1ZmYzNDg0ZjVkNzAyMGM3MGQ4NmQ4OTA3OTYiLCJpcCI6Ijo6MSIsInVzZXJfYWdlbnQiOiJUaWNrZXRpbmctV2ViQXBwIn19.vVIpa0z8GJluHkOPvMlEELJTFpy_CTo3Vl9v1QOsEgc
Connection: close
Request body:

========================================
2018-10-30 19:57:10 
::1 GET /tourism/public-api/v1/provinces/1/countries?limit=40 HTTP/1.1
HTTP headers:
Host: localhost
User-Agent: Ticketing-WebApp
Authorization: Bearer eyJ0eXAiOiJKV1QiLCJhbGciOiJIUzI1NiJ9.eyJpYXQiOjE1NDA5MDI1OTIsImp0aSI6IkZQc0dYYmVFM0xJeWF5OGU2MVFqVHN1SG9PVG9QcHM5SE5qaFRRb2lTdTQ9IiwiaXNzIjoiOjoxIiwibmJmIjoxNTQwOTAyNTkyLCJleHAiOjE1NDA5MDQzOTIsImRhdGEiOnsidXNlcm5hbWUiOiJhZGUiLCJwYXNzd29yZCI6ImI3MDE2NmQyMzU5ZTU1ZmYzNDg0ZjVkNzAyMGM3MGQ4NmQ4OTA3OTYiLCJpcCI6Ijo6MSIsInVzZXJfYWdlbnQiOiJUaWNrZXRpbmctV2ViQXBwIn19.vVIpa0z8GJluHkOPvMlEELJTFpy_CTo3Vl9v1QOsEgc
Connection: close
Request body:

========================================
2018-10-30 19:57:19 
::1 GET /tourism/public-api/v1/province/12/cities?limit=100 HTTP/1.1
HTTP headers:
Host: localhost
User-Agent: Ticketing-WebApp
Authorization: Bearer eyJ0eXAiOiJKV1QiLCJhbGciOiJIUzI1NiJ9.eyJpYXQiOjE1NDA5MDI1OTIsImp0aSI6IkZQc0dYYmVFM0xJeWF5OGU2MVFqVHN1SG9PVG9QcHM5SE5qaFRRb2lTdTQ9IiwiaXNzIjoiOjoxIiwibmJmIjoxNTQwOTAyNTkyLCJleHAiOjE1NDA5MDQzOTIsImRhdGEiOnsidXNlcm5hbWUiOiJhZGUiLCJwYXNzd29yZCI6ImI3MDE2NmQyMzU5ZTU1ZmYzNDg0ZjVkNzAyMGM3MGQ4NmQ4OTA3OTYiLCJpcCI6Ijo6MSIsInVzZXJfYWdlbnQiOiJUaWNrZXRpbmctV2ViQXBwIn19.vVIpa0z8GJluHkOPvMlEELJTFpy_CTo3Vl9v1QOsEgc
Connection: close
Request body:

========================================
2018-10-30 19:57:23 
::1 GET /tourism/public-api/v1/province/2/cities?limit=100 HTTP/1.1
HTTP headers:
Host: localhost
User-Agent: Ticketing-WebApp
Authorization: Bearer eyJ0eXAiOiJKV1QiLCJhbGciOiJIUzI1NiJ9.eyJpYXQiOjE1NDA5MDI1OTIsImp0aSI6IkZQc0dYYmVFM0xJeWF5OGU2MVFqVHN1SG9PVG9QcHM5SE5qaFRRb2lTdTQ9IiwiaXNzIjoiOjoxIiwibmJmIjoxNTQwOTAyNTkyLCJleHAiOjE1NDA5MDQzOTIsImRhdGEiOnsidXNlcm5hbWUiOiJhZGUiLCJwYXNzd29yZCI6ImI3MDE2NmQyMzU5ZTU1ZmYzNDg0ZjVkNzAyMGM3MGQ4NmQ4OTA3OTYiLCJpcCI6Ijo6MSIsInVzZXJfYWdlbnQiOiJUaWNrZXRpbmctV2ViQXBwIn19.vVIpa0z8GJluHkOPvMlEELJTFpy_CTo3Vl9v1QOsEgc
Connection: close
Request body:

========================================
2018-10-30 19:58:08 
::1 GET /tourism/public-api/v1/provinces/1/countries?limit=40 HTTP/1.1
HTTP headers:
Host: localhost
User-Agent: Ticketing-WebApp
Authorization: Bearer eyJ0eXAiOiJKV1QiLCJhbGciOiJIUzI1NiJ9.eyJpYXQiOjE1NDA5MDI1OTIsImp0aSI6IkZQc0dYYmVFM0xJeWF5OGU2MVFqVHN1SG9PVG9QcHM5SE5qaFRRb2lTdTQ9IiwiaXNzIjoiOjoxIiwibmJmIjoxNTQwOTAyNTkyLCJleHAiOjE1NDA5MDQzOTIsImRhdGEiOnsidXNlcm5hbWUiOiJhZGUiLCJwYXNzd29yZCI6ImI3MDE2NmQyMzU5ZTU1ZmYzNDg0ZjVkNzAyMGM3MGQ4NmQ4OTA3OTYiLCJpcCI6Ijo6MSIsInVzZXJfYWdlbnQiOiJUaWNrZXRpbmctV2ViQXBwIn19.vVIpa0z8GJluHkOPvMlEELJTFpy_CTo3Vl9v1QOsEgc
Connection: close
Request body:

========================================
2018-10-30 19:58:30 
::1 GET /tourism/public-api/v1/provinces/1/countries?limit=40 HTTP/1.1
HTTP headers:
Host: localhost
User-Agent: Ticketing-WebApp
Authorization: Bearer eyJ0eXAiOiJKV1QiLCJhbGciOiJIUzI1NiJ9.eyJpYXQiOjE1NDA5MDI1OTIsImp0aSI6IkZQc0dYYmVFM0xJeWF5OGU2MVFqVHN1SG9PVG9QcHM5SE5qaFRRb2lTdTQ9IiwiaXNzIjoiOjoxIiwibmJmIjoxNTQwOTAyNTkyLCJleHAiOjE1NDA5MDQzOTIsImRhdGEiOnsidXNlcm5hbWUiOiJhZGUiLCJwYXNzd29yZCI6ImI3MDE2NmQyMzU5ZTU1ZmYzNDg0ZjVkNzAyMGM3MGQ4NmQ4OTA3OTYiLCJpcCI6Ijo6MSIsInVzZXJfYWdlbnQiOiJUaWNrZXRpbmctV2ViQXBwIn19.vVIpa0z8GJluHkOPvMlEELJTFpy_CTo3Vl9v1QOsEgc
Connection: close
Request body:

========================================
2018-10-30 19:58:36 
::1 GET /tourism/public-api/v1/province/12/cities?limit=100 HTTP/1.1
HTTP headers:
Host: localhost
User-Agent: Ticketing-WebApp
Authorization: Bearer eyJ0eXAiOiJKV1QiLCJhbGciOiJIUzI1NiJ9.eyJpYXQiOjE1NDA5MDI1OTIsImp0aSI6IkZQc0dYYmVFM0xJeWF5OGU2MVFqVHN1SG9PVG9QcHM5SE5qaFRRb2lTdTQ9IiwiaXNzIjoiOjoxIiwibmJmIjoxNTQwOTAyNTkyLCJleHAiOjE1NDA5MDQzOTIsImRhdGEiOnsidXNlcm5hbWUiOiJhZGUiLCJwYXNzd29yZCI6ImI3MDE2NmQyMzU5ZTU1ZmYzNDg0ZjVkNzAyMGM3MGQ4NmQ4OTA3OTYiLCJpcCI6Ijo6MSIsInVzZXJfYWdlbnQiOiJUaWNrZXRpbmctV2ViQXBwIn19.vVIpa0z8GJluHkOPvMlEELJTFpy_CTo3Vl9v1QOsEgc
Connection: close
Request body:

========================================
2018-10-30 20:00:04 
::1 GET /tourism/public-api/v1/provinces/1/countries?limit=40 HTTP/1.1
HTTP headers:
Host: localhost
User-Agent: Ticketing-WebApp
Authorization: Bearer eyJ0eXAiOiJKV1QiLCJhbGciOiJIUzI1NiJ9.eyJpYXQiOjE1NDA5MDI1OTIsImp0aSI6IkZQc0dYYmVFM0xJeWF5OGU2MVFqVHN1SG9PVG9QcHM5SE5qaFRRb2lTdTQ9IiwiaXNzIjoiOjoxIiwibmJmIjoxNTQwOTAyNTkyLCJleHAiOjE1NDA5MDQzOTIsImRhdGEiOnsidXNlcm5hbWUiOiJhZGUiLCJwYXNzd29yZCI6ImI3MDE2NmQyMzU5ZTU1ZmYzNDg0ZjVkNzAyMGM3MGQ4NmQ4OTA3OTYiLCJpcCI6Ijo6MSIsInVzZXJfYWdlbnQiOiJUaWNrZXRpbmctV2ViQXBwIn19.vVIpa0z8GJluHkOPvMlEELJTFpy_CTo3Vl9v1QOsEgc
Connection: close
Request body:

========================================
2018-10-30 20:12:30 
::1 POST /tourism/public-api/v1/users/token HTTP/1.1
HTTP headers:
Host: localhost
Content-Length: 28
User-Agent: Ticketing-WebApp
Connection: close
Content-Type: application/x-www-form-urlencoded
Request body:
username=user2&password=user
========================================
2018-10-30 20:12:32 
::1 GET /tourism/public-api/v1/users/9 HTTP/1.1
HTTP headers:
Host: localhost
User-Agent: Ticketing-WebApp
Authorization: Bearer eyJ0eXAiOiJKV1QiLCJhbGciOiJIUzI1NiJ9.eyJpYXQiOjE1NDA5MDUxNTEsImp0aSI6IkliRDVqWktUdTIzSkR5Zk5PdEh5K1F6WWhxUFI4NHNPNnF2ck9Bb2JaWkk9IiwiaXNzIjoiOjoxIiwibmJmIjoxNTQwOTA1MTUxLCJleHAiOjE1NDA5MDY5NTEsImRhdGEiOnsidXNlcm5hbWUiOiJ1c2VyMiIsInBhc3N3b3JkIjoiNjBiZGRiMTY0MDlhMmJhZjc2OTM2NjE5YWZlY2Y3NzhkYWJlNjhkZSIsImlwIjoiOjoxIiwidXNlcl9hZ2VudCI6IlRpY2tldGluZy1XZWJBcHAifX0.jZBPss3UaHFChhVnxYXKn4iQLWOoXPGV6lbgUydOeN8
Connection: close
Request body:

========================================
2018-10-30 20:12:38 
::1 GET /tourism/public-api/v1/provinces/1/countries?limit=40 HTTP/1.1
HTTP headers:
Host: localhost
User-Agent: Ticketing-WebApp
Authorization: Bearer eyJ0eXAiOiJKV1QiLCJhbGciOiJIUzI1NiJ9.eyJpYXQiOjE1NDA5MDUxNTEsImp0aSI6IkliRDVqWktUdTIzSkR5Zk5PdEh5K1F6WWhxUFI4NHNPNnF2ck9Bb2JaWkk9IiwiaXNzIjoiOjoxIiwibmJmIjoxNTQwOTA1MTUxLCJleHAiOjE1NDA5MDY5NTEsImRhdGEiOnsidXNlcm5hbWUiOiJ1c2VyMiIsInBhc3N3b3JkIjoiNjBiZGRiMTY0MDlhMmJhZjc2OTM2NjE5YWZlY2Y3NzhkYWJlNjhkZSIsImlwIjoiOjoxIiwidXNlcl9hZ2VudCI6IlRpY2tldGluZy1XZWJBcHAifX0.jZBPss3UaHFChhVnxYXKn4iQLWOoXPGV6lbgUydOeN8
Connection: close
Request body:

========================================
2018-10-30 20:13:08 
::1 GET /tourism/public-api/v1/province/12/cities?limit=100 HTTP/1.1
HTTP headers:
Host: localhost
User-Agent: Ticketing-WebApp
Authorization: Bearer eyJ0eXAiOiJKV1QiLCJhbGciOiJIUzI1NiJ9.eyJpYXQiOjE1NDA5MDUxNTEsImp0aSI6IkliRDVqWktUdTIzSkR5Zk5PdEh5K1F6WWhxUFI4NHNPNnF2ck9Bb2JaWkk9IiwiaXNzIjoiOjoxIiwibmJmIjoxNTQwOTA1MTUxLCJleHAiOjE1NDA5MDY5NTEsImRhdGEiOnsidXNlcm5hbWUiOiJ1c2VyMiIsInBhc3N3b3JkIjoiNjBiZGRiMTY0MDlhMmJhZjc2OTM2NjE5YWZlY2Y3NzhkYWJlNjhkZSIsImlwIjoiOjoxIiwidXNlcl9hZ2VudCI6IlRpY2tldGluZy1XZWJBcHAifX0.jZBPss3UaHFChhVnxYXKn4iQLWOoXPGV6lbgUydOeN8
Connection: close
Request body:

========================================
2018-10-30 20:13:13 
::1 PUT /tourism/public-api/v1/users/9 HTTP/1.1
HTTP headers:
Host: localhost
User-Agent: Ticketing-WebApp
Authorization: Bearer eyJ0eXAiOiJKV1QiLCJhbGciOiJIUzI1NiJ9.eyJpYXQiOjE1NDA5MDUxNTEsImp0aSI6IkliRDVqWktUdTIzSkR5Zk5PdEh5K1F6WWhxUFI4NHNPNnF2ck9Bb2JaWkk9IiwiaXNzIjoiOjoxIiwibmJmIjoxNTQwOTA1MTUxLCJleHAiOjE1NDA5MDY5NTEsImRhdGEiOnsidXNlcm5hbWUiOiJ1c2VyMiIsInBhc3N3b3JkIjoiNjBiZGRiMTY0MDlhMmJhZjc2OTM2NjE5YWZlY2Y3NzhkYWJlNjhkZSIsImlwIjoiOjoxIiwidXNlcl9hZ2VudCI6IlRpY2tldGluZy1XZWJBcHAifX0.jZBPss3UaHFChhVnxYXKn4iQLWOoXPGV6lbgUydOeN8
Connection: close
Content-Type: application/x-www-form-urlencoded
Request body:

========================================
2018-10-30 20:13:14 
::1 POST /tourism/public-api/v1/users/token HTTP/1.1
HTTP headers:
Host: localhost
Content-Length: 28
User-Agent: Ticketing-WebApp
Connection: close
Content-Type: application/x-www-form-urlencoded
Request body:
username=user2&password=user
========================================
2018-10-30 20:13:15 
::1 PUT /tourism/public-api/v1/users/9 HTTP/1.1
HTTP headers:
Host: localhost
User-Agent: Ticketing-WebApp
Authorization: Bearer eyJ0eXAiOiJKV1QiLCJhbGciOiJIUzI1NiJ9.eyJpYXQiOjE1NDA5MDUxOTQsImp0aSI6IjVteEE5UFRKTkErNTdxSmFEZ2RcL2ZhbXIxd2xcL2J0NzAraTRyRUFKek5iMD0iLCJpc3MiOiI6OjEiLCJuYmYiOjE1NDA5MDUxOTQsImV4cCI6MTU0MDkwNjk5NCwiZGF0YSI6eyJ1c2VybmFtZSI6InVzZXIyIiwicGFzc3dvcmQiOiI2MGJkZGIxNjQwOWEyYmFmNzY5MzY2MTlhZmVjZjc3OGRhYmU2OGRlIiwiaXAiOiI6OjEiLCJ1c2VyX2FnZW50IjoiVGlja2V0aW5nLVdlYkFwcCJ9fQ.MKGcY-Q--tEGSXK99Ye-FKqmQ7H79mWnB_nJGD8mcB0
Connection: close
Content-Type: application/x-www-form-urlencoded
Request body:

========================================
2018-10-30 20:13:15 
::1 POST /tourism/public-api/v1/users/token HTTP/1.1
HTTP headers:
Host: localhost
Content-Length: 28
User-Agent: Ticketing-WebApp
Connection: close
Content-Type: application/x-www-form-urlencoded
Request body:
username=user2&password=user
========================================
2018-10-30 20:13:16 
::1 PUT /tourism/public-api/v1/users/9 HTTP/1.1
HTTP headers:
Host: localhost
User-Agent: Ticketing-WebApp
Authorization: Bearer eyJ0eXAiOiJKV1QiLCJhbGciOiJIUzI1NiJ9.eyJpYXQiOjE1NDA5MDUxOTUsImp0aSI6ImJrSTViRnVuVTB6bkNPeUFqaGdkMm0xSkpMTFo5VE5McEtGQjFYMmdDcEE9IiwiaXNzIjoiOjoxIiwibmJmIjoxNTQwOTA1MTk1LCJleHAiOjE1NDA5MDY5OTUsImRhdGEiOnsidXNlcm5hbWUiOiJ1c2VyMiIsInBhc3N3b3JkIjoiNjBiZGRiMTY0MDlhMmJhZjc2OTM2NjE5YWZlY2Y3NzhkYWJlNjhkZSIsImlwIjoiOjoxIiwidXNlcl9hZ2VudCI6IlRpY2tldGluZy1XZWJBcHAifX0.ZwoQ6UK5-PzQaTAPEch_aZXpc9KVBA_IKhpKPeHQczg
Connection: close
Content-Type: application/x-www-form-urlencoded
Request body:

========================================
2018-10-30 20:13:16 
::1 POST /tourism/public-api/v1/users/token HTTP/1.1
HTTP headers:
Host: localhost
Content-Length: 28
User-Agent: Ticketing-WebApp
Connection: close
Content-Type: application/x-www-form-urlencoded
Request body:
username=user2&password=user
========================================
2018-10-30 20:13:17 
::1 PUT /tourism/public-api/v1/users/9 HTTP/1.1
HTTP headers:
Host: localhost
User-Agent: Ticketing-WebApp
Authorization: Bearer eyJ0eXAiOiJKV1QiLCJhbGciOiJIUzI1NiJ9.eyJpYXQiOjE1NDA5MDUxOTYsImp0aSI6InBJQjhDY0pucTBjOU02aENaSnNFTmpESlJVWHlzdkprTHBrQXhRSXNrUTg9IiwiaXNzIjoiOjoxIiwibmJmIjoxNTQwOTA1MTk2LCJleHAiOjE1NDA5MDY5OTYsImRhdGEiOnsidXNlcm5hbWUiOiJ1c2VyMiIsInBhc3N3b3JkIjoiNjBiZGRiMTY0MDlhMmJhZjc2OTM2NjE5YWZlY2Y3NzhkYWJlNjhkZSIsImlwIjoiOjoxIiwidXNlcl9hZ2VudCI6IlRpY2tldGluZy1XZWJBcHAifX0.1PcG78xtg0dytDtDm3htJOFqQF5WKd0XWoPzZBwA6rs
Connection: close
Content-Type: application/x-www-form-urlencoded
Request body:

========================================
2018-10-30 20:15:54 
::1 PUT /tourism/public-api/v1/users/9 HTTP/1.1
HTTP headers:
Host: localhost
User-Agent: Ticketing-WebApp
Authorization: Bearer eyJ0eXAiOiJKV1QiLCJhbGciOiJIUzI1NiJ9.eyJpYXQiOjE1NDA5MDUxOTYsImp0aSI6InBJQjhDY0pucTBjOU02aENaSnNFTmpESlJVWHlzdkprTHBrQXhRSXNrUTg9IiwiaXNzIjoiOjoxIiwibmJmIjoxNTQwOTA1MTk2LCJleHAiOjE1NDA5MDY5OTYsImRhdGEiOnsidXNlcm5hbWUiOiJ1c2VyMiIsInBhc3N3b3JkIjoiNjBiZGRiMTY0MDlhMmJhZjc2OTM2NjE5YWZlY2Y3NzhkYWJlNjhkZSIsImlwIjoiOjoxIiwidXNlcl9hZ2VudCI6IlRpY2tldGluZy1XZWJBcHAifX0.1PcG78xtg0dytDtDm3htJOFqQF5WKd0XWoPzZBwA6rs
Connection: close
Content-Type: application/x-www-form-urlencoded
Request body:

========================================
2018-10-30 20:15:54 
::1 POST /tourism/public-api/v1/users/token HTTP/1.1
HTTP headers:
Host: localhost
Content-Length: 28
User-Agent: Ticketing-WebApp
Connection: close
Content-Type: application/x-www-form-urlencoded
Request body:
username=user2&password=user
========================================
2018-10-30 20:15:55 
::1 PUT /tourism/public-api/v1/users/9 HTTP/1.1
HTTP headers:
Host: localhost
User-Agent: Ticketing-WebApp
Authorization: Bearer eyJ0eXAiOiJKV1QiLCJhbGciOiJIUzI1NiJ9.eyJpYXQiOjE1NDA5MDUzNTQsImp0aSI6IkZCYm44VXVTS1VBcFB0c1ltc2xmVlJxQlc0Um9JdTArR2FUXC94alBna3ZVPSIsImlzcyI6Ijo6MSIsIm5iZiI6MTU0MDkwNTM1NCwiZXhwIjoxNTQwOTA3MTU0LCJkYXRhIjp7InVzZXJuYW1lIjoidXNlcjIiLCJwYXNzd29yZCI6IjYwYmRkYjE2NDA5YTJiYWY3NjkzNjYxOWFmZWNmNzc4ZGFiZTY4ZGUiLCJpcCI6Ijo6MSIsInVzZXJfYWdlbnQiOiJUaWNrZXRpbmctV2ViQXBwIn19.IbyvrcsQ2-jHFmA0GGIYw4TXWOfNS9J2t-weTB9LLvM
Connection: close
Content-Type: application/x-www-form-urlencoded
Request body:

========================================
2018-10-30 20:15:56 
::1 POST /tourism/public-api/v1/users/token HTTP/1.1
HTTP headers:
Host: localhost
Content-Length: 28
User-Agent: Ticketing-WebApp
Connection: close
Content-Type: application/x-www-form-urlencoded
Request body:
username=user2&password=user
========================================
2018-10-30 20:15:57 
::1 PUT /tourism/public-api/v1/users/9 HTTP/1.1
HTTP headers:
Host: localhost
User-Agent: Ticketing-WebApp
Authorization: Bearer eyJ0eXAiOiJKV1QiLCJhbGciOiJIUzI1NiJ9.eyJpYXQiOjE1NDA5MDUzNTYsImp0aSI6IllTYVdScFNFNnVYKzk3NFVmZTAybkpNMkRBdUNvUmtNRWh3RFc0Zkc1bFk9IiwiaXNzIjoiOjoxIiwibmJmIjoxNTQwOTA1MzU2LCJleHAiOjE1NDA5MDcxNTYsImRhdGEiOnsidXNlcm5hbWUiOiJ1c2VyMiIsInBhc3N3b3JkIjoiNjBiZGRiMTY0MDlhMmJhZjc2OTM2NjE5YWZlY2Y3NzhkYWJlNjhkZSIsImlwIjoiOjoxIiwidXNlcl9hZ2VudCI6IlRpY2tldGluZy1XZWJBcHAifX0.k4uMpKb3HMG2bx_wEJqGpYgQrmZArNlR_rJxfdMr24g
Connection: close
Content-Type: application/x-www-form-urlencoded
Request body:

========================================
2018-10-30 20:15:57 
::1 POST /tourism/public-api/v1/users/token HTTP/1.1
HTTP headers:
Host: localhost
Content-Length: 28
User-Agent: Ticketing-WebApp
Connection: close
Content-Type: application/x-www-form-urlencoded
Request body:
username=user2&password=user
========================================
2018-10-30 20:15:58 
::1 PUT /tourism/public-api/v1/users/9 HTTP/1.1
HTTP headers:
Host: localhost
User-Agent: Ticketing-WebApp
Authorization: Bearer eyJ0eXAiOiJKV1QiLCJhbGciOiJIUzI1NiJ9.eyJpYXQiOjE1NDA5MDUzNTcsImp0aSI6Ilwvd3kyRktEWmk2QU9nK2ticjRTbTVqalJIUGE5aUJpSWJJWGRhUTJDN0VBPSIsImlzcyI6Ijo6MSIsIm5iZiI6MTU0MDkwNTM1NywiZXhwIjoxNTQwOTA3MTU3LCJkYXRhIjp7InVzZXJuYW1lIjoidXNlcjIiLCJwYXNzd29yZCI6IjYwYmRkYjE2NDA5YTJiYWY3NjkzNjYxOWFmZWNmNzc4ZGFiZTY4ZGUiLCJpcCI6Ijo6MSIsInVzZXJfYWdlbnQiOiJUaWNrZXRpbmctV2ViQXBwIn19.vDyAggg0AF0X50BN_MVODMYabVWgnxQz6CWGEScYIgY
Connection: close
Content-Type: application/x-www-form-urlencoded
Request body:

========================================
2018-10-30 20:16:01 
::1 GET /tourism/public-api/v1/provinces/1/countries?limit=40 HTTP/1.1
HTTP headers:
Host: localhost
User-Agent: Ticketing-WebApp
Authorization: Bearer eyJ0eXAiOiJKV1QiLCJhbGciOiJIUzI1NiJ9.eyJpYXQiOjE1NDA5MDUzNTcsImp0aSI6Ilwvd3kyRktEWmk2QU9nK2ticjRTbTVqalJIUGE5aUJpSWJJWGRhUTJDN0VBPSIsImlzcyI6Ijo6MSIsIm5iZiI6MTU0MDkwNTM1NywiZXhwIjoxNTQwOTA3MTU3LCJkYXRhIjp7InVzZXJuYW1lIjoidXNlcjIiLCJwYXNzd29yZCI6IjYwYmRkYjE2NDA5YTJiYWY3NjkzNjYxOWFmZWNmNzc4ZGFiZTY4ZGUiLCJpcCI6Ijo6MSIsInVzZXJfYWdlbnQiOiJUaWNrZXRpbmctV2ViQXBwIn19.vDyAggg0AF0X50BN_MVODMYabVWgnxQz6CWGEScYIgY
Connection: close
Request body:

========================================
2018-10-30 20:16:02 
::1 GET /tourism/public-api/v1/provinces/1/countries?limit=40 HTTP/1.1
HTTP headers:
Host: localhost
User-Agent: Ticketing-WebApp
Authorization: Bearer eyJ0eXAiOiJKV1QiLCJhbGciOiJIUzI1NiJ9.eyJpYXQiOjE1NDA5MDUzNTcsImp0aSI6Ilwvd3kyRktEWmk2QU9nK2ticjRTbTVqalJIUGE5aUJpSWJJWGRhUTJDN0VBPSIsImlzcyI6Ijo6MSIsIm5iZiI6MTU0MDkwNTM1NywiZXhwIjoxNTQwOTA3MTU3LCJkYXRhIjp7InVzZXJuYW1lIjoidXNlcjIiLCJwYXNzd29yZCI6IjYwYmRkYjE2NDA5YTJiYWY3NjkzNjYxOWFmZWNmNzc4ZGFiZTY4ZGUiLCJpcCI6Ijo6MSIsInVzZXJfYWdlbnQiOiJUaWNrZXRpbmctV2ViQXBwIn19.vDyAggg0AF0X50BN_MVODMYabVWgnxQz6CWGEScYIgY
Connection: close
Request body:

========================================
2018-10-30 20:16:06 
::1 PUT /tourism/public-api/v1/users/9 HTTP/1.1
HTTP headers:
Host: localhost
User-Agent: Ticketing-WebApp
Authorization: Bearer eyJ0eXAiOiJKV1QiLCJhbGciOiJIUzI1NiJ9.eyJpYXQiOjE1NDA5MDUzNTcsImp0aSI6Ilwvd3kyRktEWmk2QU9nK2ticjRTbTVqalJIUGE5aUJpSWJJWGRhUTJDN0VBPSIsImlzcyI6Ijo6MSIsIm5iZiI6MTU0MDkwNTM1NywiZXhwIjoxNTQwOTA3MTU3LCJkYXRhIjp7InVzZXJuYW1lIjoidXNlcjIiLCJwYXNzd29yZCI6IjYwYmRkYjE2NDA5YTJiYWY3NjkzNjYxOWFmZWNmNzc4ZGFiZTY4ZGUiLCJpcCI6Ijo6MSIsInVzZXJfYWdlbnQiOiJUaWNrZXRpbmctV2ViQXBwIn19.vDyAggg0AF0X50BN_MVODMYabVWgnxQz6CWGEScYIgY
Connection: close
Content-Type: application/x-www-form-urlencoded
Request body:

========================================
2018-10-30 20:16:07 
::1 POST /tourism/public-api/v1/users/token HTTP/1.1
HTTP headers:
Host: localhost
Content-Length: 28
User-Agent: Ticketing-WebApp
Connection: close
Content-Type: application/x-www-form-urlencoded
Request body:
username=user2&password=user
========================================
2018-10-30 20:16:08 
::1 PUT /tourism/public-api/v1/users/9 HTTP/1.1
HTTP headers:
Host: localhost
User-Agent: Ticketing-WebApp
Authorization: Bearer eyJ0eXAiOiJKV1QiLCJhbGciOiJIUzI1NiJ9.eyJpYXQiOjE1NDA5MDUzNjcsImp0aSI6InVpamlSelZ4V0NHZ3ZXZVZkTHJ0aGxGV0tUNG9tZFVqNE9cL2g1RXNGcUJnPSIsImlzcyI6Ijo6MSIsIm5iZiI6MTU0MDkwNTM2NywiZXhwIjoxNTQwOTA3MTY3LCJkYXRhIjp7InVzZXJuYW1lIjoidXNlcjIiLCJwYXNzd29yZCI6IjYwYmRkYjE2NDA5YTJiYWY3NjkzNjYxOWFmZWNmNzc4ZGFiZTY4ZGUiLCJpcCI6Ijo6MSIsInVzZXJfYWdlbnQiOiJUaWNrZXRpbmctV2ViQXBwIn19.2eHRUm1hEcAXMGD5mCHPOkHTTaFt8QpBKnY_7H77xb4
Connection: close
Content-Type: application/x-www-form-urlencoded
Request body:

========================================
2018-10-30 20:16:08 
::1 POST /tourism/public-api/v1/users/token HTTP/1.1
HTTP headers:
Host: localhost
Content-Length: 28
User-Agent: Ticketing-WebApp
Connection: close
Content-Type: application/x-www-form-urlencoded
Request body:
username=user2&password=user
========================================
2018-10-30 20:16:09 
::1 PUT /tourism/public-api/v1/users/9 HTTP/1.1
HTTP headers:
Host: localhost
User-Agent: Ticketing-WebApp
Authorization: Bearer eyJ0eXAiOiJKV1QiLCJhbGciOiJIUzI1NiJ9.eyJpYXQiOjE1NDA5MDUzNjgsImp0aSI6IjJVM0VncEVxNFYxOXUxUlhFYTVUSWtONFZ2TkJQb1NrQ1ZiQkpudkJBSGc9IiwiaXNzIjoiOjoxIiwibmJmIjoxNTQwOTA1MzY4LCJleHAiOjE1NDA5MDcxNjgsImRhdGEiOnsidXNlcm5hbWUiOiJ1c2VyMiIsInBhc3N3b3JkIjoiNjBiZGRiMTY0MDlhMmJhZjc2OTM2NjE5YWZlY2Y3NzhkYWJlNjhkZSIsImlwIjoiOjoxIiwidXNlcl9hZ2VudCI6IlRpY2tldGluZy1XZWJBcHAifX0.VsUf28-MnWMVzjUEfq3V7oyANybZn8DDd6CtVEuGLoM
Connection: close
Content-Type: application/x-www-form-urlencoded
Request body:

========================================
2018-10-30 20:16:09 
::1 POST /tourism/public-api/v1/users/token HTTP/1.1
HTTP headers:
Host: localhost
Content-Length: 28
User-Agent: Ticketing-WebApp
Connection: close
Content-Type: application/x-www-form-urlencoded
Request body:
username=user2&password=user
========================================
2018-10-30 20:16:11 
::1 PUT /tourism/public-api/v1/users/9 HTTP/1.1
HTTP headers:
Host: localhost
User-Agent: Ticketing-WebApp
Authorization: Bearer eyJ0eXAiOiJKV1QiLCJhbGciOiJIUzI1NiJ9.eyJpYXQiOjE1NDA5MDUzNzAsImp0aSI6ImI5OE8zMEY0bDhCelVMbGdMMTdQY21IUEYxZkRxeTJFdDNzbXRJXC8rbTFvPSIsImlzcyI6Ijo6MSIsIm5iZiI6MTU0MDkwNTM3MCwiZXhwIjoxNTQwOTA3MTcwLCJkYXRhIjp7InVzZXJuYW1lIjoidXNlcjIiLCJwYXNzd29yZCI6IjYwYmRkYjE2NDA5YTJiYWY3NjkzNjYxOWFmZWNmNzc4ZGFiZTY4ZGUiLCJpcCI6Ijo6MSIsInVzZXJfYWdlbnQiOiJUaWNrZXRpbmctV2ViQXBwIn19.7JKQJWZj6XLgwbQ2Eb-YRoWmqekiUzZ8nu7gByr7L8g
Connection: close
Content-Type: application/x-www-form-urlencoded
Request body:

========================================
2018-10-30 20:18:14 
::1 GET /tourism/public-api/v1/provinces/1/countries?limit=40 HTTP/1.1
HTTP headers:
Host: localhost
User-Agent: Ticketing-WebApp
Authorization: Bearer eyJ0eXAiOiJKV1QiLCJhbGciOiJIUzI1NiJ9.eyJpYXQiOjE1NDA5MDUzNzAsImp0aSI6ImI5OE8zMEY0bDhCelVMbGdMMTdQY21IUEYxZkRxeTJFdDNzbXRJXC8rbTFvPSIsImlzcyI6Ijo6MSIsIm5iZiI6MTU0MDkwNTM3MCwiZXhwIjoxNTQwOTA3MTcwLCJkYXRhIjp7InVzZXJuYW1lIjoidXNlcjIiLCJwYXNzd29yZCI6IjYwYmRkYjE2NDA5YTJiYWY3NjkzNjYxOWFmZWNmNzc4ZGFiZTY4ZGUiLCJpcCI6Ijo6MSIsInVzZXJfYWdlbnQiOiJUaWNrZXRpbmctV2ViQXBwIn19.7JKQJWZj6XLgwbQ2Eb-YRoWmqekiUzZ8nu7gByr7L8g
Connection: close
Request body:

========================================
2018-10-30 20:19:52 
::1 GET /tourism/public-api/v1/provinces/1/countries?limit=40 HTTP/1.1
HTTP headers:
Host: localhost
User-Agent: Ticketing-WebApp
Authorization: Bearer eyJ0eXAiOiJKV1QiLCJhbGciOiJIUzI1NiJ9.eyJpYXQiOjE1NDA5MDUzNzAsImp0aSI6ImI5OE8zMEY0bDhCelVMbGdMMTdQY21IUEYxZkRxeTJFdDNzbXRJXC8rbTFvPSIsImlzcyI6Ijo6MSIsIm5iZiI6MTU0MDkwNTM3MCwiZXhwIjoxNTQwOTA3MTcwLCJkYXRhIjp7InVzZXJuYW1lIjoidXNlcjIiLCJwYXNzd29yZCI6IjYwYmRkYjE2NDA5YTJiYWY3NjkzNjYxOWFmZWNmNzc4ZGFiZTY4ZGUiLCJpcCI6Ijo6MSIsInVzZXJfYWdlbnQiOiJUaWNrZXRpbmctV2ViQXBwIn19.7JKQJWZj6XLgwbQ2Eb-YRoWmqekiUzZ8nu7gByr7L8g
Connection: close
Request body:

========================================
2018-10-30 20:20:41 
::1 GET /tourism/public-api/v1/province/12/cities?limit=100 HTTP/1.1
HTTP headers:
Host: localhost
User-Agent: Ticketing-WebApp
Authorization: Bearer eyJ0eXAiOiJKV1QiLCJhbGciOiJIUzI1NiJ9.eyJpYXQiOjE1NDA5MDUzNzAsImp0aSI6ImI5OE8zMEY0bDhCelVMbGdMMTdQY21IUEYxZkRxeTJFdDNzbXRJXC8rbTFvPSIsImlzcyI6Ijo6MSIsIm5iZiI6MTU0MDkwNTM3MCwiZXhwIjoxNTQwOTA3MTcwLCJkYXRhIjp7InVzZXJuYW1lIjoidXNlcjIiLCJwYXNzd29yZCI6IjYwYmRkYjE2NDA5YTJiYWY3NjkzNjYxOWFmZWNmNzc4ZGFiZTY4ZGUiLCJpcCI6Ijo6MSIsInVzZXJfYWdlbnQiOiJUaWNrZXRpbmctV2ViQXBwIn19.7JKQJWZj6XLgwbQ2Eb-YRoWmqekiUzZ8nu7gByr7L8g
Connection: close
Request body:

========================================
2018-10-30 20:23:05 
::1 GET /tourism/public-api/v1/provinces/1/countries?limit=40 HTTP/1.1
HTTP headers:
Host: localhost
User-Agent: Ticketing-WebApp
Authorization: Bearer eyJ0eXAiOiJKV1QiLCJhbGciOiJIUzI1NiJ9.eyJpYXQiOjE1NDA5MDUzNzAsImp0aSI6ImI5OE8zMEY0bDhCelVMbGdMMTdQY21IUEYxZkRxeTJFdDNzbXRJXC8rbTFvPSIsImlzcyI6Ijo6MSIsIm5iZiI6MTU0MDkwNTM3MCwiZXhwIjoxNTQwOTA3MTcwLCJkYXRhIjp7InVzZXJuYW1lIjoidXNlcjIiLCJwYXNzd29yZCI6IjYwYmRkYjE2NDA5YTJiYWY3NjkzNjYxOWFmZWNmNzc4ZGFiZTY4ZGUiLCJpcCI6Ijo6MSIsInVzZXJfYWdlbnQiOiJUaWNrZXRpbmctV2ViQXBwIn19.7JKQJWZj6XLgwbQ2Eb-YRoWmqekiUzZ8nu7gByr7L8g
Connection: close
Request body:

========================================
2018-10-30 20:27:57 
::1 GET /tourism/public-api/v1/provinces/1/countries?limit=40 HTTP/1.1
HTTP headers:
Host: localhost
User-Agent: Ticketing-WebApp
Authorization: Bearer eyJ0eXAiOiJKV1QiLCJhbGciOiJIUzI1NiJ9.eyJpYXQiOjE1NDA5MDUzNzAsImp0aSI6ImI5OE8zMEY0bDhCelVMbGdMMTdQY21IUEYxZkRxeTJFdDNzbXRJXC8rbTFvPSIsImlzcyI6Ijo6MSIsIm5iZiI6MTU0MDkwNTM3MCwiZXhwIjoxNTQwOTA3MTcwLCJkYXRhIjp7InVzZXJuYW1lIjoidXNlcjIiLCJwYXNzd29yZCI6IjYwYmRkYjE2NDA5YTJiYWY3NjkzNjYxOWFmZWNmNzc4ZGFiZTY4ZGUiLCJpcCI6Ijo6MSIsInVzZXJfYWdlbnQiOiJUaWNrZXRpbmctV2ViQXBwIn19.7JKQJWZj6XLgwbQ2Eb-YRoWmqekiUzZ8nu7gByr7L8g
Connection: close
Request body:

========================================
2018-10-30 20:28:03 
::1 GET /tourism/public-api/v1/province/12/cities?limit=100 HTTP/1.1
HTTP headers:
Host: localhost
User-Agent: Ticketing-WebApp
Authorization: Bearer eyJ0eXAiOiJKV1QiLCJhbGciOiJIUzI1NiJ9.eyJpYXQiOjE1NDA5MDUzNzAsImp0aSI6ImI5OE8zMEY0bDhCelVMbGdMMTdQY21IUEYxZkRxeTJFdDNzbXRJXC8rbTFvPSIsImlzcyI6Ijo6MSIsIm5iZiI6MTU0MDkwNTM3MCwiZXhwIjoxNTQwOTA3MTcwLCJkYXRhIjp7InVzZXJuYW1lIjoidXNlcjIiLCJwYXNzd29yZCI6IjYwYmRkYjE2NDA5YTJiYWY3NjkzNjYxOWFmZWNmNzc4ZGFiZTY4ZGUiLCJpcCI6Ijo6MSIsInVzZXJfYWdlbnQiOiJUaWNrZXRpbmctV2ViQXBwIn19.7JKQJWZj6XLgwbQ2Eb-YRoWmqekiUzZ8nu7gByr7L8g
Connection: close
Request body:

========================================
2018-10-30 20:32:08 
::1 GET /tourism/public-api/v1/provinces/1/countries?limit=40 HTTP/1.1
HTTP headers:
Host: localhost
User-Agent: Ticketing-WebApp
Authorization: Bearer eyJ0eXAiOiJKV1QiLCJhbGciOiJIUzI1NiJ9.eyJpYXQiOjE1NDA5MDUzNzAsImp0aSI6ImI5OE8zMEY0bDhCelVMbGdMMTdQY21IUEYxZkRxeTJFdDNzbXRJXC8rbTFvPSIsImlzcyI6Ijo6MSIsIm5iZiI6MTU0MDkwNTM3MCwiZXhwIjoxNTQwOTA3MTcwLCJkYXRhIjp7InVzZXJuYW1lIjoidXNlcjIiLCJwYXNzd29yZCI6IjYwYmRkYjE2NDA5YTJiYWY3NjkzNjYxOWFmZWNmNzc4ZGFiZTY4ZGUiLCJpcCI6Ijo6MSIsInVzZXJfYWdlbnQiOiJUaWNrZXRpbmctV2ViQXBwIn19.7JKQJWZj6XLgwbQ2Eb-YRoWmqekiUzZ8nu7gByr7L8g
Connection: close
Request body:

========================================
2018-10-30 20:32:47 
::1 GET /tourism/public-api/v1/provinces/1/countries?limit=40 HTTP/1.1
HTTP headers:
Host: localhost
User-Agent: Ticketing-WebApp
Authorization: Bearer eyJ0eXAiOiJKV1QiLCJhbGciOiJIUzI1NiJ9.eyJpYXQiOjE1NDA5MDUzNzAsImp0aSI6ImI5OE8zMEY0bDhCelVMbGdMMTdQY21IUEYxZkRxeTJFdDNzbXRJXC8rbTFvPSIsImlzcyI6Ijo6MSIsIm5iZiI6MTU0MDkwNTM3MCwiZXhwIjoxNTQwOTA3MTcwLCJkYXRhIjp7InVzZXJuYW1lIjoidXNlcjIiLCJwYXNzd29yZCI6IjYwYmRkYjE2NDA5YTJiYWY3NjkzNjYxOWFmZWNmNzc4ZGFiZTY4ZGUiLCJpcCI6Ijo6MSIsInVzZXJfYWdlbnQiOiJUaWNrZXRpbmctV2ViQXBwIn19.7JKQJWZj6XLgwbQ2Eb-YRoWmqekiUzZ8nu7gByr7L8g
Connection: close
Request body:

========================================
2018-10-30 20:32:59 
::1 GET /tourism/public-api/v1/province/12/cities?limit=100 HTTP/1.1
HTTP headers:
Host: localhost
User-Agent: Ticketing-WebApp
Authorization: Bearer eyJ0eXAiOiJKV1QiLCJhbGciOiJIUzI1NiJ9.eyJpYXQiOjE1NDA5MDUzNzAsImp0aSI6ImI5OE8zMEY0bDhCelVMbGdMMTdQY21IUEYxZkRxeTJFdDNzbXRJXC8rbTFvPSIsImlzcyI6Ijo6MSIsIm5iZiI6MTU0MDkwNTM3MCwiZXhwIjoxNTQwOTA3MTcwLCJkYXRhIjp7InVzZXJuYW1lIjoidXNlcjIiLCJwYXNzd29yZCI6IjYwYmRkYjE2NDA5YTJiYWY3NjkzNjYxOWFmZWNmNzc4ZGFiZTY4ZGUiLCJpcCI6Ijo6MSIsInVzZXJfYWdlbnQiOiJUaWNrZXRpbmctV2ViQXBwIn19.7JKQJWZj6XLgwbQ2Eb-YRoWmqekiUzZ8nu7gByr7L8g
Connection: close
Request body:

========================================
