2018-08-26 10:47:18 
::1 POST /tourism/public-api/v1/users/token HTTP/1.1
HTTP headers:
Host: localhost
Content-Length: 25
User-Agent: Ticketing-WebApp
Connection: close
Content-Type: application/x-www-form-urlencoded
Request body:
username=ade&password=ade
========================================
2018-08-26 10:47:19 
::1 GET /tourism/public-api/v1/users/1 HTTP/1.1
HTTP headers:
Host: localhost
User-Agent: Ticketing-WebApp
Authorization: Bearer eyJ0eXAiOiJKV1QiLCJhbGciOiJIUzI1NiJ9.eyJpYXQiOjE1MzUyNTUyMzgsImp0aSI6Im5YSTVYdEFaSUpVeitOMzhhQjFtbFdcL2xrZFwvMlBpd3lKOGk3RzlRRVFWRT0iLCJpc3MiOiI6OjEiLCJuYmYiOjE1MzUyNTUyMzgsImV4cCI6MTUzNTI1NzAzOCwiZGF0YSI6eyJ1c2VybmFtZSI6ImFkZSIsInBhc3N3b3JkIjoiYjcwMTY2ZDIzNTllNTVmZjM0ODRmNWQ3MDIwYzcwZDg2ZDg5MDc5NiIsImlwIjoiOjoxIiwidXNlcl9hZ2VudCI6IlRpY2tldGluZy1XZWJBcHAifX0.5HDsFKTUOO3CrXkzxlj8IPNoPUrKxKxDrYMgBziUbAQ
Connection: close
Request body:

========================================
2018-08-26 11:30:04 
::1 POST /tourism/public-api/v1/users/token HTTP/1.1
HTTP headers:
Host: localhost
Content-Length: 25
User-Agent: Ticketing-WebApp
Connection: close
Content-Type: application/x-www-form-urlencoded
Request body:
username=ade&password=ade
========================================
2018-08-26 11:30:05 
::1 GET /tourism/public-api/v1/users/1 HTTP/1.1
HTTP headers:
Host: localhost
User-Agent: Ticketing-WebApp
Authorization: Bearer eyJ0eXAiOiJKV1QiLCJhbGciOiJIUzI1NiJ9.eyJpYXQiOjE1MzUyNTc4MDQsImp0aSI6IkpORWpHV3hhXC9WS0c1dTRnd1NtZXVwK1ZPN1E3dDkxOEQ5djFkMUtUaDVBPSIsImlzcyI6Ijo6MSIsIm5iZiI6MTUzNTI1NzgwNCwiZXhwIjoxNTM1MjU5NjA0LCJkYXRhIjp7InVzZXJuYW1lIjoiYWRlIiwicGFzc3dvcmQiOiJiNzAxNjZkMjM1OWU1NWZmMzQ4NGY1ZDcwMjBjNzBkODZkODkwNzk2IiwiaXAiOiI6OjEiLCJ1c2VyX2FnZW50IjoiVGlja2V0aW5nLVdlYkFwcCJ9fQ.eumzEW4qs_iDAoau2xf7mPPEuGlyM1vdTye7Fl9jDw4
Connection: close
Request body:

========================================
2018-08-26 11:32:41 
::1 GET /tourism/public-api/v1/countries/5/continent?limit=1 HTTP/1.1
HTTP headers:
Host: localhost
User-Agent: Ticketing-WebApp
Authorization: Bearer eyJ0eXAiOiJKV1QiLCJhbGciOiJIUzI1NiJ9.eyJpYXQiOjE1MzUyNTc4MDQsImp0aSI6IkpORWpHV3hhXC9WS0c1dTRnd1NtZXVwK1ZPN1E3dDkxOEQ5djFkMUtUaDVBPSIsImlzcyI6Ijo6MSIsIm5iZiI6MTUzNTI1NzgwNCwiZXhwIjoxNTM1MjU5NjA0LCJkYXRhIjp7InVzZXJuYW1lIjoiYWRlIiwicGFzc3dvcmQiOiJiNzAxNjZkMjM1OWU1NWZmMzQ4NGY1ZDcwMjBjNzBkODZkODkwNzk2IiwiaXAiOiI6OjEiLCJ1c2VyX2FnZW50IjoiVGlja2V0aW5nLVdlYkFwcCJ9fQ.eumzEW4qs_iDAoau2xf7mPPEuGlyM1vdTye7Fl9jDw4
Connection: close
Request body:

========================================
2018-08-26 11:32:41 
::1 GET /tourism/public-api/v1/countries/5/continent?limit=6 HTTP/1.1
HTTP headers:
Host: localhost
User-Agent: Ticketing-WebApp
Authorization: Bearer eyJ0eXAiOiJKV1QiLCJhbGciOiJIUzI1NiJ9.eyJpYXQiOjE1MzUyNTc4MDQsImp0aSI6IkpORWpHV3hhXC9WS0c1dTRnd1NtZXVwK1ZPN1E3dDkxOEQ5djFkMUtUaDVBPSIsImlzcyI6Ijo6MSIsIm5iZiI6MTUzNTI1NzgwNCwiZXhwIjoxNTM1MjU5NjA0LCJkYXRhIjp7InVzZXJuYW1lIjoiYWRlIiwicGFzc3dvcmQiOiJiNzAxNjZkMjM1OWU1NWZmMzQ4NGY1ZDcwMjBjNzBkODZkODkwNzk2IiwiaXAiOiI6OjEiLCJ1c2VyX2FnZW50IjoiVGlja2V0aW5nLVdlYkFwcCJ9fQ.eumzEW4qs_iDAoau2xf7mPPEuGlyM1vdTye7Fl9jDw4
Connection: close
Request body:

========================================
2018-08-26 11:32:43 
::1 GET /tourism/public-api/v1/countries/5/continent?limit=1 HTTP/1.1
HTTP headers:
Host: localhost
User-Agent: Ticketing-WebApp
Authorization: Bearer eyJ0eXAiOiJKV1QiLCJhbGciOiJIUzI1NiJ9.eyJpYXQiOjE1MzUyNTc4MDQsImp0aSI6IkpORWpHV3hhXC9WS0c1dTRnd1NtZXVwK1ZPN1E3dDkxOEQ5djFkMUtUaDVBPSIsImlzcyI6Ijo6MSIsIm5iZiI6MTUzNTI1NzgwNCwiZXhwIjoxNTM1MjU5NjA0LCJkYXRhIjp7InVzZXJuYW1lIjoiYWRlIiwicGFzc3dvcmQiOiJiNzAxNjZkMjM1OWU1NWZmMzQ4NGY1ZDcwMjBjNzBkODZkODkwNzk2IiwiaXAiOiI6OjEiLCJ1c2VyX2FnZW50IjoiVGlja2V0aW5nLVdlYkFwcCJ9fQ.eumzEW4qs_iDAoau2xf7mPPEuGlyM1vdTye7Fl9jDw4
Connection: close
Request body:

========================================
2018-08-26 11:32:43 
::1 GET /tourism/public-api/v1/countries/5/continent?limit=6 HTTP/1.1
HTTP headers:
Host: localhost
User-Agent: Ticketing-WebApp
Authorization: Bearer eyJ0eXAiOiJKV1QiLCJhbGciOiJIUzI1NiJ9.eyJpYXQiOjE1MzUyNTc4MDQsImp0aSI6IkpORWpHV3hhXC9WS0c1dTRnd1NtZXVwK1ZPN1E3dDkxOEQ5djFkMUtUaDVBPSIsImlzcyI6Ijo6MSIsIm5iZiI6MTUzNTI1NzgwNCwiZXhwIjoxNTM1MjU5NjA0LCJkYXRhIjp7InVzZXJuYW1lIjoiYWRlIiwicGFzc3dvcmQiOiJiNzAxNjZkMjM1OWU1NWZmMzQ4NGY1ZDcwMjBjNzBkODZkODkwNzk2IiwiaXAiOiI6OjEiLCJ1c2VyX2FnZW50IjoiVGlja2V0aW5nLVdlYkFwcCJ9fQ.eumzEW4qs_iDAoau2xf7mPPEuGlyM1vdTye7Fl9jDw4
Connection: close
Request body:

========================================
2018-08-26 11:32:45 
::1 GET /tourism/public-api/v1/countries/5/continent?limit=1 HTTP/1.1
HTTP headers:
Host: localhost
User-Agent: Ticketing-WebApp
Authorization: Bearer eyJ0eXAiOiJKV1QiLCJhbGciOiJIUzI1NiJ9.eyJpYXQiOjE1MzUyNTc4MDQsImp0aSI6IkpORWpHV3hhXC9WS0c1dTRnd1NtZXVwK1ZPN1E3dDkxOEQ5djFkMUtUaDVBPSIsImlzcyI6Ijo6MSIsIm5iZiI6MTUzNTI1NzgwNCwiZXhwIjoxNTM1MjU5NjA0LCJkYXRhIjp7InVzZXJuYW1lIjoiYWRlIiwicGFzc3dvcmQiOiJiNzAxNjZkMjM1OWU1NWZmMzQ4NGY1ZDcwMjBjNzBkODZkODkwNzk2IiwiaXAiOiI6OjEiLCJ1c2VyX2FnZW50IjoiVGlja2V0aW5nLVdlYkFwcCJ9fQ.eumzEW4qs_iDAoau2xf7mPPEuGlyM1vdTye7Fl9jDw4
Connection: close
Request body:

========================================
2018-08-26 11:32:45 
::1 GET /tourism/public-api/v1/countries/5/continent?limit=6 HTTP/1.1
HTTP headers:
Host: localhost
User-Agent: Ticketing-WebApp
Authorization: Bearer eyJ0eXAiOiJKV1QiLCJhbGciOiJIUzI1NiJ9.eyJpYXQiOjE1MzUyNTc4MDQsImp0aSI6IkpORWpHV3hhXC9WS0c1dTRnd1NtZXVwK1ZPN1E3dDkxOEQ5djFkMUtUaDVBPSIsImlzcyI6Ijo6MSIsIm5iZiI6MTUzNTI1NzgwNCwiZXhwIjoxNTM1MjU5NjA0LCJkYXRhIjp7InVzZXJuYW1lIjoiYWRlIiwicGFzc3dvcmQiOiJiNzAxNjZkMjM1OWU1NWZmMzQ4NGY1ZDcwMjBjNzBkODZkODkwNzk2IiwiaXAiOiI6OjEiLCJ1c2VyX2FnZW50IjoiVGlja2V0aW5nLVdlYkFwcCJ9fQ.eumzEW4qs_iDAoau2xf7mPPEuGlyM1vdTye7Fl9jDw4
Connection: close
Request body:

========================================
2018-08-26 11:35:45 
::1 GET /tourism/public-api/v1/countries/5/continent?limit=1 HTTP/1.1
HTTP headers:
Host: localhost
User-Agent: Ticketing-WebApp
Authorization: Bearer eyJ0eXAiOiJKV1QiLCJhbGciOiJIUzI1NiJ9.eyJpYXQiOjE1MzUyNTc4MDQsImp0aSI6IkpORWpHV3hhXC9WS0c1dTRnd1NtZXVwK1ZPN1E3dDkxOEQ5djFkMUtUaDVBPSIsImlzcyI6Ijo6MSIsIm5iZiI6MTUzNTI1NzgwNCwiZXhwIjoxNTM1MjU5NjA0LCJkYXRhIjp7InVzZXJuYW1lIjoiYWRlIiwicGFzc3dvcmQiOiJiNzAxNjZkMjM1OWU1NWZmMzQ4NGY1ZDcwMjBjNzBkODZkODkwNzk2IiwiaXAiOiI6OjEiLCJ1c2VyX2FnZW50IjoiVGlja2V0aW5nLVdlYkFwcCJ9fQ.eumzEW4qs_iDAoau2xf7mPPEuGlyM1vdTye7Fl9jDw4
Connection: close
Request body:

========================================
2018-08-26 11:35:46 
::1 GET /tourism/public-api/v1/countries/5/continent?limit=6 HTTP/1.1
HTTP headers:
Host: localhost
User-Agent: Ticketing-WebApp
Authorization: Bearer eyJ0eXAiOiJKV1QiLCJhbGciOiJIUzI1NiJ9.eyJpYXQiOjE1MzUyNTc4MDQsImp0aSI6IkpORWpHV3hhXC9WS0c1dTRnd1NtZXVwK1ZPN1E3dDkxOEQ5djFkMUtUaDVBPSIsImlzcyI6Ijo6MSIsIm5iZiI6MTUzNTI1NzgwNCwiZXhwIjoxNTM1MjU5NjA0LCJkYXRhIjp7InVzZXJuYW1lIjoiYWRlIiwicGFzc3dvcmQiOiJiNzAxNjZkMjM1OWU1NWZmMzQ4NGY1ZDcwMjBjNzBkODZkODkwNzk2IiwiaXAiOiI6OjEiLCJ1c2VyX2FnZW50IjoiVGlja2V0aW5nLVdlYkFwcCJ9fQ.eumzEW4qs_iDAoau2xf7mPPEuGlyM1vdTye7Fl9jDw4
Connection: close
Request body:

========================================
2018-08-26 11:35:53 
::1 GET /tourism/public-api/v1/countries/5/continent?limit=1 HTTP/1.1
HTTP headers:
Host: localhost
User-Agent: Ticketing-WebApp
Authorization: Bearer eyJ0eXAiOiJKV1QiLCJhbGciOiJIUzI1NiJ9.eyJpYXQiOjE1MzUyNTc4MDQsImp0aSI6IkpORWpHV3hhXC9WS0c1dTRnd1NtZXVwK1ZPN1E3dDkxOEQ5djFkMUtUaDVBPSIsImlzcyI6Ijo6MSIsIm5iZiI6MTUzNTI1NzgwNCwiZXhwIjoxNTM1MjU5NjA0LCJkYXRhIjp7InVzZXJuYW1lIjoiYWRlIiwicGFzc3dvcmQiOiJiNzAxNjZkMjM1OWU1NWZmMzQ4NGY1ZDcwMjBjNzBkODZkODkwNzk2IiwiaXAiOiI6OjEiLCJ1c2VyX2FnZW50IjoiVGlja2V0aW5nLVdlYkFwcCJ9fQ.eumzEW4qs_iDAoau2xf7mPPEuGlyM1vdTye7Fl9jDw4
Connection: close
Request body:

========================================
2018-08-26 11:35:53 
::1 GET /tourism/public-api/v1/countries/5/continent?limit=6 HTTP/1.1
HTTP headers:
Host: localhost
User-Agent: Ticketing-WebApp
Authorization: Bearer eyJ0eXAiOiJKV1QiLCJhbGciOiJIUzI1NiJ9.eyJpYXQiOjE1MzUyNTc4MDQsImp0aSI6IkpORWpHV3hhXC9WS0c1dTRnd1NtZXVwK1ZPN1E3dDkxOEQ5djFkMUtUaDVBPSIsImlzcyI6Ijo6MSIsIm5iZiI6MTUzNTI1NzgwNCwiZXhwIjoxNTM1MjU5NjA0LCJkYXRhIjp7InVzZXJuYW1lIjoiYWRlIiwicGFzc3dvcmQiOiJiNzAxNjZkMjM1OWU1NWZmMzQ4NGY1ZDcwMjBjNzBkODZkODkwNzk2IiwiaXAiOiI6OjEiLCJ1c2VyX2FnZW50IjoiVGlja2V0aW5nLVdlYkFwcCJ9fQ.eumzEW4qs_iDAoau2xf7mPPEuGlyM1vdTye7Fl9jDw4
Connection: close
Request body:

========================================
2018-08-26 11:35:56 
::1 GET /tourism/public-api/v1/countries/5/continent?limit=1 HTTP/1.1
HTTP headers:
Host: localhost
User-Agent: Ticketing-WebApp
Authorization: Bearer eyJ0eXAiOiJKV1QiLCJhbGciOiJIUzI1NiJ9.eyJpYXQiOjE1MzUyNTc4MDQsImp0aSI6IkpORWpHV3hhXC9WS0c1dTRnd1NtZXVwK1ZPN1E3dDkxOEQ5djFkMUtUaDVBPSIsImlzcyI6Ijo6MSIsIm5iZiI6MTUzNTI1NzgwNCwiZXhwIjoxNTM1MjU5NjA0LCJkYXRhIjp7InVzZXJuYW1lIjoiYWRlIiwicGFzc3dvcmQiOiJiNzAxNjZkMjM1OWU1NWZmMzQ4NGY1ZDcwMjBjNzBkODZkODkwNzk2IiwiaXAiOiI6OjEiLCJ1c2VyX2FnZW50IjoiVGlja2V0aW5nLVdlYkFwcCJ9fQ.eumzEW4qs_iDAoau2xf7mPPEuGlyM1vdTye7Fl9jDw4
Connection: close
Request body:

========================================
2018-08-26 11:35:56 
::1 GET /tourism/public-api/v1/countries/5/continent?limit=6 HTTP/1.1
HTTP headers:
Host: localhost
User-Agent: Ticketing-WebApp
Authorization: Bearer eyJ0eXAiOiJKV1QiLCJhbGciOiJIUzI1NiJ9.eyJpYXQiOjE1MzUyNTc4MDQsImp0aSI6IkpORWpHV3hhXC9WS0c1dTRnd1NtZXVwK1ZPN1E3dDkxOEQ5djFkMUtUaDVBPSIsImlzcyI6Ijo6MSIsIm5iZiI6MTUzNTI1NzgwNCwiZXhwIjoxNTM1MjU5NjA0LCJkYXRhIjp7InVzZXJuYW1lIjoiYWRlIiwicGFzc3dvcmQiOiJiNzAxNjZkMjM1OWU1NWZmMzQ4NGY1ZDcwMjBjNzBkODZkODkwNzk2IiwiaXAiOiI6OjEiLCJ1c2VyX2FnZW50IjoiVGlja2V0aW5nLVdlYkFwcCJ9fQ.eumzEW4qs_iDAoau2xf7mPPEuGlyM1vdTye7Fl9jDw4
Connection: close
Request body:

========================================
2018-08-26 11:35:59 
::1 GET /tourism/public-api/v1/provinces/1/continent?limit=1 HTTP/1.1
HTTP headers:
Host: localhost
User-Agent: Ticketing-WebApp
Authorization: Bearer eyJ0eXAiOiJKV1QiLCJhbGciOiJIUzI1NiJ9.eyJpYXQiOjE1MzUyNTc4MDQsImp0aSI6IkpORWpHV3hhXC9WS0c1dTRnd1NtZXVwK1ZPN1E3dDkxOEQ5djFkMUtUaDVBPSIsImlzcyI6Ijo6MSIsIm5iZiI6MTUzNTI1NzgwNCwiZXhwIjoxNTM1MjU5NjA0LCJkYXRhIjp7InVzZXJuYW1lIjoiYWRlIiwicGFzc3dvcmQiOiJiNzAxNjZkMjM1OWU1NWZmMzQ4NGY1ZDcwMjBjNzBkODZkODkwNzk2IiwiaXAiOiI6OjEiLCJ1c2VyX2FnZW50IjoiVGlja2V0aW5nLVdlYkFwcCJ9fQ.eumzEW4qs_iDAoau2xf7mPPEuGlyM1vdTye7Fl9jDw4
Connection: close
Request body:

========================================
2018-08-26 11:35:59 
::1 POST /tourism/public-api/v1/users/token HTTP/1.1
HTTP headers:
Host: localhost
Content-Length: 25
User-Agent: Ticketing-WebApp
Connection: close
Content-Type: application/x-www-form-urlencoded
Request body:
username=ade&password=ade
========================================
2018-08-26 11:36:00 
::1 GET /tourism/public-api/v1/provinces/1/continent?limit=1 HTTP/1.1
HTTP headers:
Host: localhost
User-Agent: Ticketing-WebApp
Authorization: Bearer eyJ0eXAiOiJKV1QiLCJhbGciOiJIUzI1NiJ9.eyJpYXQiOjE1MzUyNTgxNTksImp0aSI6IlYzbHp0TCt6SkpLMEZxZzFQcUMxbllWTmlGdVBEZ3VERTlzXC9qMjVKRkxnPSIsImlzcyI6Ijo6MSIsIm5iZiI6MTUzNTI1ODE1OSwiZXhwIjoxNTM1MjU5OTU5LCJkYXRhIjp7InVzZXJuYW1lIjoiYWRlIiwicGFzc3dvcmQiOiJiNzAxNjZkMjM1OWU1NWZmMzQ4NGY1ZDcwMjBjNzBkODZkODkwNzk2IiwiaXAiOiI6OjEiLCJ1c2VyX2FnZW50IjoiVGlja2V0aW5nLVdlYkFwcCJ9fQ.EzFAUN69IqL-TlZcxaWr_wz5dhqiQcvPSOk_kGHR08I
Connection: close
Request body:

========================================
2018-08-26 11:36:00 
::1 POST /tourism/public-api/v1/users/token HTTP/1.1
HTTP headers:
Host: localhost
Content-Length: 25
User-Agent: Ticketing-WebApp
Connection: close
Content-Type: application/x-www-form-urlencoded
Request body:
username=ade&password=ade
========================================
2018-08-26 11:36:01 
::1 GET /tourism/public-api/v1/provinces/1/continent?limit=1 HTTP/1.1
HTTP headers:
Host: localhost
User-Agent: Ticketing-WebApp
Authorization: Bearer eyJ0eXAiOiJKV1QiLCJhbGciOiJIUzI1NiJ9.eyJpYXQiOjE1MzUyNTgxNjAsImp0aSI6ImhUdjY3eVdzQjZQSjk4S2NzNlB3K1ViT2I5bFN5ODJCTWN5cU5CVVRib1E9IiwiaXNzIjoiOjoxIiwibmJmIjoxNTM1MjU4MTYwLCJleHAiOjE1MzUyNTk5NjAsImRhdGEiOnsidXNlcm5hbWUiOiJhZGUiLCJwYXNzd29yZCI6ImI3MDE2NmQyMzU5ZTU1ZmYzNDg0ZjVkNzAyMGM3MGQ4NmQ4OTA3OTYiLCJpcCI6Ijo6MSIsInVzZXJfYWdlbnQiOiJUaWNrZXRpbmctV2ViQXBwIn19.ejA9KeBUxxZkFfgAiRT5d_NuYHnr8hHsxG7gNk5sBK4
Connection: close
Request body:

========================================
2018-08-26 11:36:01 
::1 POST /tourism/public-api/v1/users/token HTTP/1.1
HTTP headers:
Host: localhost
Content-Length: 25
User-Agent: Ticketing-WebApp
Connection: close
Content-Type: application/x-www-form-urlencoded
Request body:
username=ade&password=ade
========================================
2018-08-26 11:36:02 
::1 GET /tourism/public-api/v1/provinces/1/continent?limit=1 HTTP/1.1
HTTP headers:
Host: localhost
User-Agent: Ticketing-WebApp
Authorization: Bearer eyJ0eXAiOiJKV1QiLCJhbGciOiJIUzI1NiJ9.eyJpYXQiOjE1MzUyNTgxNjEsImp0aSI6Ikd1V0Rlc0ZuZEU0UkV2dkJFN0xvcDU0TU9GdFRkc0oxdll3QU15SGZGa2M9IiwiaXNzIjoiOjoxIiwibmJmIjoxNTM1MjU4MTYxLCJleHAiOjE1MzUyNTk5NjEsImRhdGEiOnsidXNlcm5hbWUiOiJhZGUiLCJwYXNzd29yZCI6ImI3MDE2NmQyMzU5ZTU1ZmYzNDg0ZjVkNzAyMGM3MGQ4NmQ4OTA3OTYiLCJpcCI6Ijo6MSIsInVzZXJfYWdlbnQiOiJUaWNrZXRpbmctV2ViQXBwIn19.sbXnn5-2yp9PcrQBgTvBK7DQfwaGdRygHhebEcLf8fE
Connection: close
Request body:

========================================
2018-08-26 11:36:02 
::1 GET /tourism/public-api/v1/provinces/1/continent?limit= HTTP/1.1
HTTP headers:
Host: localhost
User-Agent: Ticketing-WebApp
Authorization: Bearer eyJ0eXAiOiJKV1QiLCJhbGciOiJIUzI1NiJ9.eyJpYXQiOjE1MzUyNTgxNjEsImp0aSI6Ikd1V0Rlc0ZuZEU0UkV2dkJFN0xvcDU0TU9GdFRkc0oxdll3QU15SGZGa2M9IiwiaXNzIjoiOjoxIiwibmJmIjoxNTM1MjU4MTYxLCJleHAiOjE1MzUyNTk5NjEsImRhdGEiOnsidXNlcm5hbWUiOiJhZGUiLCJwYXNzd29yZCI6ImI3MDE2NmQyMzU5ZTU1ZmYzNDg0ZjVkNzAyMGM3MGQ4NmQ4OTA3OTYiLCJpcCI6Ijo6MSIsInVzZXJfYWdlbnQiOiJUaWNrZXRpbmctV2ViQXBwIn19.sbXnn5-2yp9PcrQBgTvBK7DQfwaGdRygHhebEcLf8fE
Connection: close
Request body:

========================================
2018-08-26 11:36:02 
::1 POST /tourism/public-api/v1/users/token HTTP/1.1
HTTP headers:
Host: localhost
Content-Length: 25
User-Agent: Ticketing-WebApp
Connection: close
Content-Type: application/x-www-form-urlencoded
Request body:
username=ade&password=ade
========================================
2018-08-26 11:36:03 
::1 GET /tourism/public-api/v1/provinces/1/continent?limit= HTTP/1.1
HTTP headers:
Host: localhost
User-Agent: Ticketing-WebApp
Authorization: Bearer eyJ0eXAiOiJKV1QiLCJhbGciOiJIUzI1NiJ9.eyJpYXQiOjE1MzUyNTgxNjIsImp0aSI6IlZyR0NHRU0ya1JJak1FdzFCVjNcL0RJc01WdUtBckVrYlBNUExhdlNJYVFJPSIsImlzcyI6Ijo6MSIsIm5iZiI6MTUzNTI1ODE2MiwiZXhwIjoxNTM1MjU5OTYyLCJkYXRhIjp7InVzZXJuYW1lIjoiYWRlIiwicGFzc3dvcmQiOiJiNzAxNjZkMjM1OWU1NWZmMzQ4NGY1ZDcwMjBjNzBkODZkODkwNzk2IiwiaXAiOiI6OjEiLCJ1c2VyX2FnZW50IjoiVGlja2V0aW5nLVdlYkFwcCJ9fQ.aaamuzKNEzGf_O40tIYaAqCYD9vxtLM1McQz7NcJmR4
Connection: close
Request body:

========================================
2018-08-26 11:36:04 
::1 POST /tourism/public-api/v1/users/token HTTP/1.1
HTTP headers:
Host: localhost
Content-Length: 25
User-Agent: Ticketing-WebApp
Connection: close
Content-Type: application/x-www-form-urlencoded
Request body:
username=ade&password=ade
========================================
2018-08-26 11:36:05 
::1 GET /tourism/public-api/v1/provinces/1/continent?limit= HTTP/1.1
HTTP headers:
Host: localhost
User-Agent: Ticketing-WebApp
Authorization: Bearer eyJ0eXAiOiJKV1QiLCJhbGciOiJIUzI1NiJ9.eyJpYXQiOjE1MzUyNTgxNjQsImp0aSI6Im5cL0IxRnVUMEZoa1B0WVBKSkZtUk83eGpRNG1ycDRKRWRUeHFpUkxab1dJPSIsImlzcyI6Ijo6MSIsIm5iZiI6MTUzNTI1ODE2NCwiZXhwIjoxNTM1MjU5OTY0LCJkYXRhIjp7InVzZXJuYW1lIjoiYWRlIiwicGFzc3dvcmQiOiJiNzAxNjZkMjM1OWU1NWZmMzQ4NGY1ZDcwMjBjNzBkODZkODkwNzk2IiwiaXAiOiI6OjEiLCJ1c2VyX2FnZW50IjoiVGlja2V0aW5nLVdlYkFwcCJ9fQ.EdySNwyuTc5F5wjmCXCidDbyVPIcfnEKmL9pxINw31w
Connection: close
Request body:

========================================
2018-08-26 11:36:05 
::1 POST /tourism/public-api/v1/users/token HTTP/1.1
HTTP headers:
Host: localhost
Content-Length: 25
User-Agent: Ticketing-WebApp
Connection: close
Content-Type: application/x-www-form-urlencoded
Request body:
username=ade&password=ade
========================================
2018-08-26 11:36:06 
::1 GET /tourism/public-api/v1/provinces/1/continent?limit= HTTP/1.1
HTTP headers:
Host: localhost
User-Agent: Ticketing-WebApp
Authorization: Bearer eyJ0eXAiOiJKV1QiLCJhbGciOiJIUzI1NiJ9.eyJpYXQiOjE1MzUyNTgxNjUsImp0aSI6Im5TOElQVXJUbGtTUW5sK2VpNjgycFNWTktGZm1uU2lybUVsblROVHViajg9IiwiaXNzIjoiOjoxIiwibmJmIjoxNTM1MjU4MTY1LCJleHAiOjE1MzUyNTk5NjUsImRhdGEiOnsidXNlcm5hbWUiOiJhZGUiLCJwYXNzd29yZCI6ImI3MDE2NmQyMzU5ZTU1ZmYzNDg0ZjVkNzAyMGM3MGQ4NmQ4OTA3OTYiLCJpcCI6Ijo6MSIsInVzZXJfYWdlbnQiOiJUaWNrZXRpbmctV2ViQXBwIn19.K6-9xX-_AZaWhpqhTluiqlMA136oWHyVHA3325cnZY8
Connection: close
Request body:

========================================
2018-08-26 11:37:00 
::1 GET /tourism/public-api/v1/countries/5/continent?limit=1 HTTP/1.1
HTTP headers:
Host: localhost
User-Agent: Ticketing-WebApp
Authorization: Bearer eyJ0eXAiOiJKV1QiLCJhbGciOiJIUzI1NiJ9.eyJpYXQiOjE1MzUyNTgxNjUsImp0aSI6Im5TOElQVXJUbGtTUW5sK2VpNjgycFNWTktGZm1uU2lybUVsblROVHViajg9IiwiaXNzIjoiOjoxIiwibmJmIjoxNTM1MjU4MTY1LCJleHAiOjE1MzUyNTk5NjUsImRhdGEiOnsidXNlcm5hbWUiOiJhZGUiLCJwYXNzd29yZCI6ImI3MDE2NmQyMzU5ZTU1ZmYzNDg0ZjVkNzAyMGM3MGQ4NmQ4OTA3OTYiLCJpcCI6Ijo6MSIsInVzZXJfYWdlbnQiOiJUaWNrZXRpbmctV2ViQXBwIn19.K6-9xX-_AZaWhpqhTluiqlMA136oWHyVHA3325cnZY8
Connection: close
Request body:

========================================
2018-08-26 11:37:00 
::1 GET /tourism/public-api/v1/countries/5/continent?limit=6 HTTP/1.1
HTTP headers:
Host: localhost
User-Agent: Ticketing-WebApp
Authorization: Bearer eyJ0eXAiOiJKV1QiLCJhbGciOiJIUzI1NiJ9.eyJpYXQiOjE1MzUyNTgxNjUsImp0aSI6Im5TOElQVXJUbGtTUW5sK2VpNjgycFNWTktGZm1uU2lybUVsblROVHViajg9IiwiaXNzIjoiOjoxIiwibmJmIjoxNTM1MjU4MTY1LCJleHAiOjE1MzUyNTk5NjUsImRhdGEiOnsidXNlcm5hbWUiOiJhZGUiLCJwYXNzd29yZCI6ImI3MDE2NmQyMzU5ZTU1ZmYzNDg0ZjVkNzAyMGM3MGQ4NmQ4OTA3OTYiLCJpcCI6Ijo6MSIsInVzZXJfYWdlbnQiOiJUaWNrZXRpbmctV2ViQXBwIn19.K6-9xX-_AZaWhpqhTluiqlMA136oWHyVHA3325cnZY8
Connection: close
Request body:

========================================
2018-08-26 11:37:01 
::1 GET /tourism/public-api/v1/countries/5/continent?limit=1 HTTP/1.1
HTTP headers:
Host: localhost
User-Agent: Ticketing-WebApp
Authorization: Bearer eyJ0eXAiOiJKV1QiLCJhbGciOiJIUzI1NiJ9.eyJpYXQiOjE1MzUyNTgxNjUsImp0aSI6Im5TOElQVXJUbGtTUW5sK2VpNjgycFNWTktGZm1uU2lybUVsblROVHViajg9IiwiaXNzIjoiOjoxIiwibmJmIjoxNTM1MjU4MTY1LCJleHAiOjE1MzUyNTk5NjUsImRhdGEiOnsidXNlcm5hbWUiOiJhZGUiLCJwYXNzd29yZCI6ImI3MDE2NmQyMzU5ZTU1ZmYzNDg0ZjVkNzAyMGM3MGQ4NmQ4OTA3OTYiLCJpcCI6Ijo6MSIsInVzZXJfYWdlbnQiOiJUaWNrZXRpbmctV2ViQXBwIn19.K6-9xX-_AZaWhpqhTluiqlMA136oWHyVHA3325cnZY8
Connection: close
Request body:

========================================
2018-08-26 11:37:02 
::1 GET /tourism/public-api/v1/countries/5/continent?limit=6 HTTP/1.1
HTTP headers:
Host: localhost
User-Agent: Ticketing-WebApp
Authorization: Bearer eyJ0eXAiOiJKV1QiLCJhbGciOiJIUzI1NiJ9.eyJpYXQiOjE1MzUyNTgxNjUsImp0aSI6Im5TOElQVXJUbGtTUW5sK2VpNjgycFNWTktGZm1uU2lybUVsblROVHViajg9IiwiaXNzIjoiOjoxIiwibmJmIjoxNTM1MjU4MTY1LCJleHAiOjE1MzUyNTk5NjUsImRhdGEiOnsidXNlcm5hbWUiOiJhZGUiLCJwYXNzd29yZCI6ImI3MDE2NmQyMzU5ZTU1ZmYzNDg0ZjVkNzAyMGM3MGQ4NmQ4OTA3OTYiLCJpcCI6Ijo6MSIsInVzZXJfYWdlbnQiOiJUaWNrZXRpbmctV2ViQXBwIn19.K6-9xX-_AZaWhpqhTluiqlMA136oWHyVHA3325cnZY8
Connection: close
Request body:

========================================
2018-08-26 11:37:03 
::1 GET /tourism/public-api/v1/provinces/1/continent?limit=1 HTTP/1.1
HTTP headers:
Host: localhost
User-Agent: Ticketing-WebApp
Authorization: Bearer eyJ0eXAiOiJKV1QiLCJhbGciOiJIUzI1NiJ9.eyJpYXQiOjE1MzUyNTgxNjUsImp0aSI6Im5TOElQVXJUbGtTUW5sK2VpNjgycFNWTktGZm1uU2lybUVsblROVHViajg9IiwiaXNzIjoiOjoxIiwibmJmIjoxNTM1MjU4MTY1LCJleHAiOjE1MzUyNTk5NjUsImRhdGEiOnsidXNlcm5hbWUiOiJhZGUiLCJwYXNzd29yZCI6ImI3MDE2NmQyMzU5ZTU1ZmYzNDg0ZjVkNzAyMGM3MGQ4NmQ4OTA3OTYiLCJpcCI6Ijo6MSIsInVzZXJfYWdlbnQiOiJUaWNrZXRpbmctV2ViQXBwIn19.K6-9xX-_AZaWhpqhTluiqlMA136oWHyVHA3325cnZY8
Connection: close
Request body:

========================================
2018-08-26 11:37:04 
::1 POST /tourism/public-api/v1/users/token HTTP/1.1
HTTP headers:
Host: localhost
Content-Length: 25
User-Agent: Ticketing-WebApp
Connection: close
Content-Type: application/x-www-form-urlencoded
Request body:
username=ade&password=ade
========================================
2018-08-26 11:37:05 
::1 GET /tourism/public-api/v1/provinces/1/continent?limit=1 HTTP/1.1
HTTP headers:
Host: localhost
User-Agent: Ticketing-WebApp
Authorization: Bearer eyJ0eXAiOiJKV1QiLCJhbGciOiJIUzI1NiJ9.eyJpYXQiOjE1MzUyNTgyMjQsImp0aSI6IklWUVVYblZENDFCM3dHR3U5bldnNnd3Q2Fmb1wveFdmelQ3NWVhQ0ZTcDBRPSIsImlzcyI6Ijo6MSIsIm5iZiI6MTUzNTI1ODIyNCwiZXhwIjoxNTM1MjYwMDI0LCJkYXRhIjp7InVzZXJuYW1lIjoiYWRlIiwicGFzc3dvcmQiOiJiNzAxNjZkMjM1OWU1NWZmMzQ4NGY1ZDcwMjBjNzBkODZkODkwNzk2IiwiaXAiOiI6OjEiLCJ1c2VyX2FnZW50IjoiVGlja2V0aW5nLVdlYkFwcCJ9fQ.y1s0B4cDYyv5qiSASlJwDCq8-0HCQfgzJwF7Qc-dN_8
Connection: close
Request body:

========================================
2018-08-26 11:37:05 
::1 POST /tourism/public-api/v1/users/token HTTP/1.1
HTTP headers:
Host: localhost
Content-Length: 25
User-Agent: Ticketing-WebApp
Connection: close
Content-Type: application/x-www-form-urlencoded
Request body:
username=ade&password=ade
========================================
2018-08-26 11:37:06 
::1 GET /tourism/public-api/v1/provinces/1/continent?limit=1 HTTP/1.1
HTTP headers:
Host: localhost
User-Agent: Ticketing-WebApp
Authorization: Bearer eyJ0eXAiOiJKV1QiLCJhbGciOiJIUzI1NiJ9.eyJpYXQiOjE1MzUyNTgyMjUsImp0aSI6IkN2VWtkV2N6dzZhRFgrTlhtckxIb1ZTM29CbU5vV1NsenNGS0VXQjB6T3M9IiwiaXNzIjoiOjoxIiwibmJmIjoxNTM1MjU4MjI1LCJleHAiOjE1MzUyNjAwMjUsImRhdGEiOnsidXNlcm5hbWUiOiJhZGUiLCJwYXNzd29yZCI6ImI3MDE2NmQyMzU5ZTU1ZmYzNDg0ZjVkNzAyMGM3MGQ4NmQ4OTA3OTYiLCJpcCI6Ijo6MSIsInVzZXJfYWdlbnQiOiJUaWNrZXRpbmctV2ViQXBwIn19.Hyl9dmWutqd52kpcuDdSdGBdCpqPBRjMAQMRVVShSXk
Connection: close
Request body:

========================================
2018-08-26 11:37:06 
::1 POST /tourism/public-api/v1/users/token HTTP/1.1
HTTP headers:
Host: localhost
Content-Length: 25
User-Agent: Ticketing-WebApp
Connection: close
Content-Type: application/x-www-form-urlencoded
Request body:
username=ade&password=ade
========================================
2018-08-26 11:37:07 
::1 GET /tourism/public-api/v1/provinces/1/continent?limit=1 HTTP/1.1
HTTP headers:
Host: localhost
User-Agent: Ticketing-WebApp
Authorization: Bearer eyJ0eXAiOiJKV1QiLCJhbGciOiJIUzI1NiJ9.eyJpYXQiOjE1MzUyNTgyMjYsImp0aSI6ImJOTkZETEQ4U0VvQzRSODIyQmhSa0lJdlFqTFpyckZicFBwcGNXSHVCdVk9IiwiaXNzIjoiOjoxIiwibmJmIjoxNTM1MjU4MjI2LCJleHAiOjE1MzUyNjAwMjYsImRhdGEiOnsidXNlcm5hbWUiOiJhZGUiLCJwYXNzd29yZCI6ImI3MDE2NmQyMzU5ZTU1ZmYzNDg0ZjVkNzAyMGM3MGQ4NmQ4OTA3OTYiLCJpcCI6Ijo6MSIsInVzZXJfYWdlbnQiOiJUaWNrZXRpbmctV2ViQXBwIn19.RZvDOc-v3auzA0LzdMU7Me_-Gq7rESpxhfks7KiKN2o
Connection: close
Request body:

========================================
2018-08-26 11:39:57 
::1 GET /tourism/public-api/v1/countries/5/continent?limit=1 HTTP/1.1
HTTP headers:
Host: localhost
User-Agent: Ticketing-WebApp
Authorization: Bearer eyJ0eXAiOiJKV1QiLCJhbGciOiJIUzI1NiJ9.eyJpYXQiOjE1MzUyNTgyMjYsImp0aSI6ImJOTkZETEQ4U0VvQzRSODIyQmhSa0lJdlFqTFpyckZicFBwcGNXSHVCdVk9IiwiaXNzIjoiOjoxIiwibmJmIjoxNTM1MjU4MjI2LCJleHAiOjE1MzUyNjAwMjYsImRhdGEiOnsidXNlcm5hbWUiOiJhZGUiLCJwYXNzd29yZCI6ImI3MDE2NmQyMzU5ZTU1ZmYzNDg0ZjVkNzAyMGM3MGQ4NmQ4OTA3OTYiLCJpcCI6Ijo6MSIsInVzZXJfYWdlbnQiOiJUaWNrZXRpbmctV2ViQXBwIn19.RZvDOc-v3auzA0LzdMU7Me_-Gq7rESpxhfks7KiKN2o
Connection: close
Request body:

========================================
2018-08-26 11:39:57 
::1 GET /tourism/public-api/v1/countries/5/continent?limit=6 HTTP/1.1
HTTP headers:
Host: localhost
User-Agent: Ticketing-WebApp
Authorization: Bearer eyJ0eXAiOiJKV1QiLCJhbGciOiJIUzI1NiJ9.eyJpYXQiOjE1MzUyNTgyMjYsImp0aSI6ImJOTkZETEQ4U0VvQzRSODIyQmhSa0lJdlFqTFpyckZicFBwcGNXSHVCdVk9IiwiaXNzIjoiOjoxIiwibmJmIjoxNTM1MjU4MjI2LCJleHAiOjE1MzUyNjAwMjYsImRhdGEiOnsidXNlcm5hbWUiOiJhZGUiLCJwYXNzd29yZCI6ImI3MDE2NmQyMzU5ZTU1ZmYzNDg0ZjVkNzAyMGM3MGQ4NmQ4OTA3OTYiLCJpcCI6Ijo6MSIsInVzZXJfYWdlbnQiOiJUaWNrZXRpbmctV2ViQXBwIn19.RZvDOc-v3auzA0LzdMU7Me_-Gq7rESpxhfks7KiKN2o
Connection: close
Request body:

========================================
2018-08-26 11:39:58 
::1 GET /tourism/public-api/v1/countries/5/continent?limit=1 HTTP/1.1
HTTP headers:
Host: localhost
User-Agent: Ticketing-WebApp
Authorization: Bearer eyJ0eXAiOiJKV1QiLCJhbGciOiJIUzI1NiJ9.eyJpYXQiOjE1MzUyNTgyMjYsImp0aSI6ImJOTkZETEQ4U0VvQzRSODIyQmhSa0lJdlFqTFpyckZicFBwcGNXSHVCdVk9IiwiaXNzIjoiOjoxIiwibmJmIjoxNTM1MjU4MjI2LCJleHAiOjE1MzUyNjAwMjYsImRhdGEiOnsidXNlcm5hbWUiOiJhZGUiLCJwYXNzd29yZCI6ImI3MDE2NmQyMzU5ZTU1ZmYzNDg0ZjVkNzAyMGM3MGQ4NmQ4OTA3OTYiLCJpcCI6Ijo6MSIsInVzZXJfYWdlbnQiOiJUaWNrZXRpbmctV2ViQXBwIn19.RZvDOc-v3auzA0LzdMU7Me_-Gq7rESpxhfks7KiKN2o
Connection: close
Request body:

========================================
2018-08-26 11:39:58 
::1 GET /tourism/public-api/v1/countries/5/continent?limit=6 HTTP/1.1
HTTP headers:
Host: localhost
User-Agent: Ticketing-WebApp
Authorization: Bearer eyJ0eXAiOiJKV1QiLCJhbGciOiJIUzI1NiJ9.eyJpYXQiOjE1MzUyNTgyMjYsImp0aSI6ImJOTkZETEQ4U0VvQzRSODIyQmhSa0lJdlFqTFpyckZicFBwcGNXSHVCdVk9IiwiaXNzIjoiOjoxIiwibmJmIjoxNTM1MjU4MjI2LCJleHAiOjE1MzUyNjAwMjYsImRhdGEiOnsidXNlcm5hbWUiOiJhZGUiLCJwYXNzd29yZCI6ImI3MDE2NmQyMzU5ZTU1ZmYzNDg0ZjVkNzAyMGM3MGQ4NmQ4OTA3OTYiLCJpcCI6Ijo6MSIsInVzZXJfYWdlbnQiOiJUaWNrZXRpbmctV2ViQXBwIn19.RZvDOc-v3auzA0LzdMU7Me_-Gq7rESpxhfks7KiKN2o
Connection: close
Request body:

========================================
2018-08-26 11:40:00 
::1 GET /tourism/public-api/v1/provinces/1/countries?limit=1 HTTP/1.1
HTTP headers:
Host: localhost
User-Agent: Ticketing-WebApp
Authorization: Bearer eyJ0eXAiOiJKV1QiLCJhbGciOiJIUzI1NiJ9.eyJpYXQiOjE1MzUyNTgyMjYsImp0aSI6ImJOTkZETEQ4U0VvQzRSODIyQmhSa0lJdlFqTFpyckZicFBwcGNXSHVCdVk9IiwiaXNzIjoiOjoxIiwibmJmIjoxNTM1MjU4MjI2LCJleHAiOjE1MzUyNjAwMjYsImRhdGEiOnsidXNlcm5hbWUiOiJhZGUiLCJwYXNzd29yZCI6ImI3MDE2NmQyMzU5ZTU1ZmYzNDg0ZjVkNzAyMGM3MGQ4NmQ4OTA3OTYiLCJpcCI6Ijo6MSIsInVzZXJfYWdlbnQiOiJUaWNrZXRpbmctV2ViQXBwIn19.RZvDOc-v3auzA0LzdMU7Me_-Gq7rESpxhfks7KiKN2o
Connection: close
Request body:

========================================
2018-08-26 11:40:00 
::1 GET /tourism/public-api/v1/provinces/1/countries?limit=Array HTTP/1.1
HTTP headers:
Host: localhost
User-Agent: Ticketing-WebApp
Authorization: Bearer eyJ0eXAiOiJKV1QiLCJhbGciOiJIUzI1NiJ9.eyJpYXQiOjE1MzUyNTgyMjYsImp0aSI6ImJOTkZETEQ4U0VvQzRSODIyQmhSa0lJdlFqTFpyckZicFBwcGNXSHVCdVk9IiwiaXNzIjoiOjoxIiwibmJmIjoxNTM1MjU4MjI2LCJleHAiOjE1MzUyNjAwMjYsImRhdGEiOnsidXNlcm5hbWUiOiJhZGUiLCJwYXNzd29yZCI6ImI3MDE2NmQyMzU5ZTU1ZmYzNDg0ZjVkNzAyMGM3MGQ4NmQ4OTA3OTYiLCJpcCI6Ijo6MSIsInVzZXJfYWdlbnQiOiJUaWNrZXRpbmctV2ViQXBwIn19.RZvDOc-v3auzA0LzdMU7Me_-Gq7rESpxhfks7KiKN2o
Connection: close
Request body:

========================================
2018-08-26 11:40:00 
::1 POST /tourism/public-api/v1/users/token HTTP/1.1
HTTP headers:
Host: localhost
Content-Length: 25
User-Agent: Ticketing-WebApp
Connection: close
Content-Type: application/x-www-form-urlencoded
Request body:
username=ade&password=ade
========================================
2018-08-26 11:40:01 
::1 GET /tourism/public-api/v1/provinces/1/countries?limit=Array HTTP/1.1
HTTP headers:
Host: localhost
User-Agent: Ticketing-WebApp
Authorization: Bearer eyJ0eXAiOiJKV1QiLCJhbGciOiJIUzI1NiJ9.eyJpYXQiOjE1MzUyNTg0MDAsImp0aSI6IklSOVNMK1wvRzduMmVVdTRkY2UxajZBZUNaWUxOaG1JVHFxMHM0TysxWWRzPSIsImlzcyI6Ijo6MSIsIm5iZiI6MTUzNTI1ODQwMCwiZXhwIjoxNTM1MjYwMjAwLCJkYXRhIjp7InVzZXJuYW1lIjoiYWRlIiwicGFzc3dvcmQiOiJiNzAxNjZkMjM1OWU1NWZmMzQ4NGY1ZDcwMjBjNzBkODZkODkwNzk2IiwiaXAiOiI6OjEiLCJ1c2VyX2FnZW50IjoiVGlja2V0aW5nLVdlYkFwcCJ9fQ.9mvNAqtjmW_x1sODb-XrUH2vN6F577tKPPG7f3rq2AI
Connection: close
Request body:

========================================
2018-08-26 11:40:02 
::1 POST /tourism/public-api/v1/users/token HTTP/1.1
HTTP headers:
Host: localhost
Content-Length: 25
User-Agent: Ticketing-WebApp
Connection: close
Content-Type: application/x-www-form-urlencoded
Request body:
username=ade&password=ade
========================================
2018-08-26 11:40:03 
::1 GET /tourism/public-api/v1/provinces/1/countries?limit=Array HTTP/1.1
HTTP headers:
Host: localhost
User-Agent: Ticketing-WebApp
Authorization: Bearer eyJ0eXAiOiJKV1QiLCJhbGciOiJIUzI1NiJ9.eyJpYXQiOjE1MzUyNTg0MDIsImp0aSI6IjFSTlwvNzVtWlVNUXJyRUlLZ293RVFMZmpcLzNmYzAwSlRKaGtUQ2hzXC91QVk9IiwiaXNzIjoiOjoxIiwibmJmIjoxNTM1MjU4NDAyLCJleHAiOjE1MzUyNjAyMDIsImRhdGEiOnsidXNlcm5hbWUiOiJhZGUiLCJwYXNzd29yZCI6ImI3MDE2NmQyMzU5ZTU1ZmYzNDg0ZjVkNzAyMGM3MGQ4NmQ4OTA3OTYiLCJpcCI6Ijo6MSIsInVzZXJfYWdlbnQiOiJUaWNrZXRpbmctV2ViQXBwIn19.CKzemCulNCZPawKqbM5MFCNGIF5zrhv7yhVKzWuRdtQ
Connection: close
Request body:

========================================
2018-08-26 11:40:03 
::1 POST /tourism/public-api/v1/users/token HTTP/1.1
HTTP headers:
Host: localhost
Content-Length: 25
User-Agent: Ticketing-WebApp
Connection: close
Content-Type: application/x-www-form-urlencoded
Request body:
username=ade&password=ade
========================================
2018-08-26 11:40:04 
::1 GET /tourism/public-api/v1/provinces/1/countries?limit=Array HTTP/1.1
HTTP headers:
Host: localhost
User-Agent: Ticketing-WebApp
Authorization: Bearer eyJ0eXAiOiJKV1QiLCJhbGciOiJIUzI1NiJ9.eyJpYXQiOjE1MzUyNTg0MDMsImp0aSI6Ik53eTlcL29NRnBkMml3c1M3dFIzb1ByQVF5XC9hSHNIazhVQzd3R3JLZ1N2QT0iLCJpc3MiOiI6OjEiLCJuYmYiOjE1MzUyNTg0MDMsImV4cCI6MTUzNTI2MDIwMywiZGF0YSI6eyJ1c2VybmFtZSI6ImFkZSIsInBhc3N3b3JkIjoiYjcwMTY2ZDIzNTllNTVmZjM0ODRmNWQ3MDIwYzcwZDg2ZDg5MDc5NiIsImlwIjoiOjoxIiwidXNlcl9hZ2VudCI6IlRpY2tldGluZy1XZWJBcHAifX0.ynpaRCYZ6Y2TYru5i2f-yCncknAFLuW7Zdhw3De6Shg
Connection: close
Request body:

========================================
2018-08-26 11:40:31 
::1 GET /tourism/public-api/v1/countries/5/continent?limit=1 HTTP/1.1
HTTP headers:
Host: localhost
User-Agent: Ticketing-WebApp
Authorization: Bearer eyJ0eXAiOiJKV1QiLCJhbGciOiJIUzI1NiJ9.eyJpYXQiOjE1MzUyNTg0MDMsImp0aSI6Ik53eTlcL29NRnBkMml3c1M3dFIzb1ByQVF5XC9hSHNIazhVQzd3R3JLZ1N2QT0iLCJpc3MiOiI6OjEiLCJuYmYiOjE1MzUyNTg0MDMsImV4cCI6MTUzNTI2MDIwMywiZGF0YSI6eyJ1c2VybmFtZSI6ImFkZSIsInBhc3N3b3JkIjoiYjcwMTY2ZDIzNTllNTVmZjM0ODRmNWQ3MDIwYzcwZDg2ZDg5MDc5NiIsImlwIjoiOjoxIiwidXNlcl9hZ2VudCI6IlRpY2tldGluZy1XZWJBcHAifX0.ynpaRCYZ6Y2TYru5i2f-yCncknAFLuW7Zdhw3De6Shg
Connection: close
Request body:

========================================
2018-08-26 11:40:31 
::1 GET /tourism/public-api/v1/countries/5/continent?limit=6 HTTP/1.1
HTTP headers:
Host: localhost
User-Agent: Ticketing-WebApp
Authorization: Bearer eyJ0eXAiOiJKV1QiLCJhbGciOiJIUzI1NiJ9.eyJpYXQiOjE1MzUyNTg0MDMsImp0aSI6Ik53eTlcL29NRnBkMml3c1M3dFIzb1ByQVF5XC9hSHNIazhVQzd3R3JLZ1N2QT0iLCJpc3MiOiI6OjEiLCJuYmYiOjE1MzUyNTg0MDMsImV4cCI6MTUzNTI2MDIwMywiZGF0YSI6eyJ1c2VybmFtZSI6ImFkZSIsInBhc3N3b3JkIjoiYjcwMTY2ZDIzNTllNTVmZjM0ODRmNWQ3MDIwYzcwZDg2ZDg5MDc5NiIsImlwIjoiOjoxIiwidXNlcl9hZ2VudCI6IlRpY2tldGluZy1XZWJBcHAifX0.ynpaRCYZ6Y2TYru5i2f-yCncknAFLuW7Zdhw3De6Shg
Connection: close
Request body:

========================================
2018-08-26 11:40:33 
::1 GET /tourism/public-api/v1/countries/5/continent?limit=1 HTTP/1.1
HTTP headers:
Host: localhost
User-Agent: Ticketing-WebApp
Authorization: Bearer eyJ0eXAiOiJKV1QiLCJhbGciOiJIUzI1NiJ9.eyJpYXQiOjE1MzUyNTg0MDMsImp0aSI6Ik53eTlcL29NRnBkMml3c1M3dFIzb1ByQVF5XC9hSHNIazhVQzd3R3JLZ1N2QT0iLCJpc3MiOiI6OjEiLCJuYmYiOjE1MzUyNTg0MDMsImV4cCI6MTUzNTI2MDIwMywiZGF0YSI6eyJ1c2VybmFtZSI6ImFkZSIsInBhc3N3b3JkIjoiYjcwMTY2ZDIzNTllNTVmZjM0ODRmNWQ3MDIwYzcwZDg2ZDg5MDc5NiIsImlwIjoiOjoxIiwidXNlcl9hZ2VudCI6IlRpY2tldGluZy1XZWJBcHAifX0.ynpaRCYZ6Y2TYru5i2f-yCncknAFLuW7Zdhw3De6Shg
Connection: close
Request body:

========================================
2018-08-26 11:40:33 
::1 GET /tourism/public-api/v1/countries/5/continent?limit=6 HTTP/1.1
HTTP headers:
Host: localhost
User-Agent: Ticketing-WebApp
Authorization: Bearer eyJ0eXAiOiJKV1QiLCJhbGciOiJIUzI1NiJ9.eyJpYXQiOjE1MzUyNTg0MDMsImp0aSI6Ik53eTlcL29NRnBkMml3c1M3dFIzb1ByQVF5XC9hSHNIazhVQzd3R3JLZ1N2QT0iLCJpc3MiOiI6OjEiLCJuYmYiOjE1MzUyNTg0MDMsImV4cCI6MTUzNTI2MDIwMywiZGF0YSI6eyJ1c2VybmFtZSI6ImFkZSIsInBhc3N3b3JkIjoiYjcwMTY2ZDIzNTllNTVmZjM0ODRmNWQ3MDIwYzcwZDg2ZDg5MDc5NiIsImlwIjoiOjoxIiwidXNlcl9hZ2VudCI6IlRpY2tldGluZy1XZWJBcHAifX0.ynpaRCYZ6Y2TYru5i2f-yCncknAFLuW7Zdhw3De6Shg
Connection: close
Request body:

========================================
2018-08-26 11:40:34 
::1 GET /tourism/public-api/v1/provinces/1/countries?limit=1 HTTP/1.1
HTTP headers:
Host: localhost
User-Agent: Ticketing-WebApp
Authorization: Bearer eyJ0eXAiOiJKV1QiLCJhbGciOiJIUzI1NiJ9.eyJpYXQiOjE1MzUyNTg0MDMsImp0aSI6Ik53eTlcL29NRnBkMml3c1M3dFIzb1ByQVF5XC9hSHNIazhVQzd3R3JLZ1N2QT0iLCJpc3MiOiI6OjEiLCJuYmYiOjE1MzUyNTg0MDMsImV4cCI6MTUzNTI2MDIwMywiZGF0YSI6eyJ1c2VybmFtZSI6ImFkZSIsInBhc3N3b3JkIjoiYjcwMTY2ZDIzNTllNTVmZjM0ODRmNWQ3MDIwYzcwZDg2ZDg5MDc5NiIsImlwIjoiOjoxIiwidXNlcl9hZ2VudCI6IlRpY2tldGluZy1XZWJBcHAifX0.ynpaRCYZ6Y2TYru5i2f-yCncknAFLuW7Zdhw3De6Shg
Connection: close
Request body:

========================================
2018-08-26 11:40:35 
::1 GET /tourism/public-api/v1/provinces/1/countries?limit=33 HTTP/1.1
HTTP headers:
Host: localhost
User-Agent: Ticketing-WebApp
Authorization: Bearer eyJ0eXAiOiJKV1QiLCJhbGciOiJIUzI1NiJ9.eyJpYXQiOjE1MzUyNTg0MDMsImp0aSI6Ik53eTlcL29NRnBkMml3c1M3dFIzb1ByQVF5XC9hSHNIazhVQzd3R3JLZ1N2QT0iLCJpc3MiOiI6OjEiLCJuYmYiOjE1MzUyNTg0MDMsImV4cCI6MTUzNTI2MDIwMywiZGF0YSI6eyJ1c2VybmFtZSI6ImFkZSIsInBhc3N3b3JkIjoiYjcwMTY2ZDIzNTllNTVmZjM0ODRmNWQ3MDIwYzcwZDg2ZDg5MDc5NiIsImlwIjoiOjoxIiwidXNlcl9hZ2VudCI6IlRpY2tldGluZy1XZWJBcHAifX0.ynpaRCYZ6Y2TYru5i2f-yCncknAFLuW7Zdhw3De6Shg
Connection: close
Request body:

========================================
2018-08-26 11:40:53 
::1 GET /tourism/public-api/v1/countries/5/continent?limit=1 HTTP/1.1
HTTP headers:
Host: localhost
User-Agent: Ticketing-WebApp
Authorization: Bearer eyJ0eXAiOiJKV1QiLCJhbGciOiJIUzI1NiJ9.eyJpYXQiOjE1MzUyNTg0MDMsImp0aSI6Ik53eTlcL29NRnBkMml3c1M3dFIzb1ByQVF5XC9hSHNIazhVQzd3R3JLZ1N2QT0iLCJpc3MiOiI6OjEiLCJuYmYiOjE1MzUyNTg0MDMsImV4cCI6MTUzNTI2MDIwMywiZGF0YSI6eyJ1c2VybmFtZSI6ImFkZSIsInBhc3N3b3JkIjoiYjcwMTY2ZDIzNTllNTVmZjM0ODRmNWQ3MDIwYzcwZDg2ZDg5MDc5NiIsImlwIjoiOjoxIiwidXNlcl9hZ2VudCI6IlRpY2tldGluZy1XZWJBcHAifX0.ynpaRCYZ6Y2TYru5i2f-yCncknAFLuW7Zdhw3De6Shg
Connection: close
Request body:

========================================
2018-08-26 11:40:53 
::1 GET /tourism/public-api/v1/countries/5/continent?limit=6 HTTP/1.1
HTTP headers:
Host: localhost
User-Agent: Ticketing-WebApp
Authorization: Bearer eyJ0eXAiOiJKV1QiLCJhbGciOiJIUzI1NiJ9.eyJpYXQiOjE1MzUyNTg0MDMsImp0aSI6Ik53eTlcL29NRnBkMml3c1M3dFIzb1ByQVF5XC9hSHNIazhVQzd3R3JLZ1N2QT0iLCJpc3MiOiI6OjEiLCJuYmYiOjE1MzUyNTg0MDMsImV4cCI6MTUzNTI2MDIwMywiZGF0YSI6eyJ1c2VybmFtZSI6ImFkZSIsInBhc3N3b3JkIjoiYjcwMTY2ZDIzNTllNTVmZjM0ODRmNWQ3MDIwYzcwZDg2ZDg5MDc5NiIsImlwIjoiOjoxIiwidXNlcl9hZ2VudCI6IlRpY2tldGluZy1XZWJBcHAifX0.ynpaRCYZ6Y2TYru5i2f-yCncknAFLuW7Zdhw3De6Shg
Connection: close
Request body:

========================================
2018-08-26 11:40:54 
::1 GET /tourism/public-api/v1/countries/5/continent?limit=1 HTTP/1.1
HTTP headers:
Host: localhost
User-Agent: Ticketing-WebApp
Authorization: Bearer eyJ0eXAiOiJKV1QiLCJhbGciOiJIUzI1NiJ9.eyJpYXQiOjE1MzUyNTg0MDMsImp0aSI6Ik53eTlcL29NRnBkMml3c1M3dFIzb1ByQVF5XC9hSHNIazhVQzd3R3JLZ1N2QT0iLCJpc3MiOiI6OjEiLCJuYmYiOjE1MzUyNTg0MDMsImV4cCI6MTUzNTI2MDIwMywiZGF0YSI6eyJ1c2VybmFtZSI6ImFkZSIsInBhc3N3b3JkIjoiYjcwMTY2ZDIzNTllNTVmZjM0ODRmNWQ3MDIwYzcwZDg2ZDg5MDc5NiIsImlwIjoiOjoxIiwidXNlcl9hZ2VudCI6IlRpY2tldGluZy1XZWJBcHAifX0.ynpaRCYZ6Y2TYru5i2f-yCncknAFLuW7Zdhw3De6Shg
Connection: close
Request body:

========================================
2018-08-26 11:40:55 
::1 GET /tourism/public-api/v1/countries/5/continent?limit=6 HTTP/1.1
HTTP headers:
Host: localhost
User-Agent: Ticketing-WebApp
Authorization: Bearer eyJ0eXAiOiJKV1QiLCJhbGciOiJIUzI1NiJ9.eyJpYXQiOjE1MzUyNTg0MDMsImp0aSI6Ik53eTlcL29NRnBkMml3c1M3dFIzb1ByQVF5XC9hSHNIazhVQzd3R3JLZ1N2QT0iLCJpc3MiOiI6OjEiLCJuYmYiOjE1MzUyNTg0MDMsImV4cCI6MTUzNTI2MDIwMywiZGF0YSI6eyJ1c2VybmFtZSI6ImFkZSIsInBhc3N3b3JkIjoiYjcwMTY2ZDIzNTllNTVmZjM0ODRmNWQ3MDIwYzcwZDg2ZDg5MDc5NiIsImlwIjoiOjoxIiwidXNlcl9hZ2VudCI6IlRpY2tldGluZy1XZWJBcHAifX0.ynpaRCYZ6Y2TYru5i2f-yCncknAFLuW7Zdhw3De6Shg
Connection: close
Request body:

========================================
2018-08-26 11:40:56 
::1 GET /tourism/public-api/v1/provinces/1/countries?limit=1 HTTP/1.1
HTTP headers:
Host: localhost
User-Agent: Ticketing-WebApp
Authorization: Bearer eyJ0eXAiOiJKV1QiLCJhbGciOiJIUzI1NiJ9.eyJpYXQiOjE1MzUyNTg0MDMsImp0aSI6Ik53eTlcL29NRnBkMml3c1M3dFIzb1ByQVF5XC9hSHNIazhVQzd3R3JLZ1N2QT0iLCJpc3MiOiI6OjEiLCJuYmYiOjE1MzUyNTg0MDMsImV4cCI6MTUzNTI2MDIwMywiZGF0YSI6eyJ1c2VybmFtZSI6ImFkZSIsInBhc3N3b3JkIjoiYjcwMTY2ZDIzNTllNTVmZjM0ODRmNWQ3MDIwYzcwZDg2ZDg5MDc5NiIsImlwIjoiOjoxIiwidXNlcl9hZ2VudCI6IlRpY2tldGluZy1XZWJBcHAifX0.ynpaRCYZ6Y2TYru5i2f-yCncknAFLuW7Zdhw3De6Shg
Connection: close
Request body:

========================================
2018-08-26 11:40:56 
::1 GET /tourism/public-api/v1/provinces/1/countries?limit=33 HTTP/1.1
HTTP headers:
Host: localhost
User-Agent: Ticketing-WebApp
Authorization: Bearer eyJ0eXAiOiJKV1QiLCJhbGciOiJIUzI1NiJ9.eyJpYXQiOjE1MzUyNTg0MDMsImp0aSI6Ik53eTlcL29NRnBkMml3c1M3dFIzb1ByQVF5XC9hSHNIazhVQzd3R3JLZ1N2QT0iLCJpc3MiOiI6OjEiLCJuYmYiOjE1MzUyNTg0MDMsImV4cCI6MTUzNTI2MDIwMywiZGF0YSI6eyJ1c2VybmFtZSI6ImFkZSIsInBhc3N3b3JkIjoiYjcwMTY2ZDIzNTllNTVmZjM0ODRmNWQ3MDIwYzcwZDg2ZDg5MDc5NiIsImlwIjoiOjoxIiwidXNlcl9hZ2VudCI6IlRpY2tldGluZy1XZWJBcHAifX0.ynpaRCYZ6Y2TYru5i2f-yCncknAFLuW7Zdhw3De6Shg
Connection: close
Request body:

========================================
2018-08-26 11:48:10 
::1 GET /tourism/public-api/v1/countries/5/continent?limit=1 HTTP/1.1
HTTP headers:
Host: localhost
User-Agent: Ticketing-WebApp
Authorization: Bearer eyJ0eXAiOiJKV1QiLCJhbGciOiJIUzI1NiJ9.eyJpYXQiOjE1MzUyNTg0MDMsImp0aSI6Ik53eTlcL29NRnBkMml3c1M3dFIzb1ByQVF5XC9hSHNIazhVQzd3R3JLZ1N2QT0iLCJpc3MiOiI6OjEiLCJuYmYiOjE1MzUyNTg0MDMsImV4cCI6MTUzNTI2MDIwMywiZGF0YSI6eyJ1c2VybmFtZSI6ImFkZSIsInBhc3N3b3JkIjoiYjcwMTY2ZDIzNTllNTVmZjM0ODRmNWQ3MDIwYzcwZDg2ZDg5MDc5NiIsImlwIjoiOjoxIiwidXNlcl9hZ2VudCI6IlRpY2tldGluZy1XZWJBcHAifX0.ynpaRCYZ6Y2TYru5i2f-yCncknAFLuW7Zdhw3De6Shg
Connection: close
Request body:

========================================
2018-08-26 11:48:10 
::1 GET /tourism/public-api/v1/countries/5/continent?limit=6 HTTP/1.1
HTTP headers:
Host: localhost
User-Agent: Ticketing-WebApp
Authorization: Bearer eyJ0eXAiOiJKV1QiLCJhbGciOiJIUzI1NiJ9.eyJpYXQiOjE1MzUyNTg0MDMsImp0aSI6Ik53eTlcL29NRnBkMml3c1M3dFIzb1ByQVF5XC9hSHNIazhVQzd3R3JLZ1N2QT0iLCJpc3MiOiI6OjEiLCJuYmYiOjE1MzUyNTg0MDMsImV4cCI6MTUzNTI2MDIwMywiZGF0YSI6eyJ1c2VybmFtZSI6ImFkZSIsInBhc3N3b3JkIjoiYjcwMTY2ZDIzNTllNTVmZjM0ODRmNWQ3MDIwYzcwZDg2ZDg5MDc5NiIsImlwIjoiOjoxIiwidXNlcl9hZ2VudCI6IlRpY2tldGluZy1XZWJBcHAifX0.ynpaRCYZ6Y2TYru5i2f-yCncknAFLuW7Zdhw3De6Shg
Connection: close
Request body:

========================================
2018-08-26 11:48:11 
::1 GET /tourism/public-api/v1/countries/5/continent?limit=1 HTTP/1.1
HTTP headers:
Host: localhost
User-Agent: Ticketing-WebApp
Authorization: Bearer eyJ0eXAiOiJKV1QiLCJhbGciOiJIUzI1NiJ9.eyJpYXQiOjE1MzUyNTg0MDMsImp0aSI6Ik53eTlcL29NRnBkMml3c1M3dFIzb1ByQVF5XC9hSHNIazhVQzd3R3JLZ1N2QT0iLCJpc3MiOiI6OjEiLCJuYmYiOjE1MzUyNTg0MDMsImV4cCI6MTUzNTI2MDIwMywiZGF0YSI6eyJ1c2VybmFtZSI6ImFkZSIsInBhc3N3b3JkIjoiYjcwMTY2ZDIzNTllNTVmZjM0ODRmNWQ3MDIwYzcwZDg2ZDg5MDc5NiIsImlwIjoiOjoxIiwidXNlcl9hZ2VudCI6IlRpY2tldGluZy1XZWJBcHAifX0.ynpaRCYZ6Y2TYru5i2f-yCncknAFLuW7Zdhw3De6Shg
Connection: close
Request body:

========================================
2018-08-26 11:48:11 
::1 GET /tourism/public-api/v1/countries/5/continent?limit=6 HTTP/1.1
HTTP headers:
Host: localhost
User-Agent: Ticketing-WebApp
Authorization: Bearer eyJ0eXAiOiJKV1QiLCJhbGciOiJIUzI1NiJ9.eyJpYXQiOjE1MzUyNTg0MDMsImp0aSI6Ik53eTlcL29NRnBkMml3c1M3dFIzb1ByQVF5XC9hSHNIazhVQzd3R3JLZ1N2QT0iLCJpc3MiOiI6OjEiLCJuYmYiOjE1MzUyNTg0MDMsImV4cCI6MTUzNTI2MDIwMywiZGF0YSI6eyJ1c2VybmFtZSI6ImFkZSIsInBhc3N3b3JkIjoiYjcwMTY2ZDIzNTllNTVmZjM0ODRmNWQ3MDIwYzcwZDg2ZDg5MDc5NiIsImlwIjoiOjoxIiwidXNlcl9hZ2VudCI6IlRpY2tldGluZy1XZWJBcHAifX0.ynpaRCYZ6Y2TYru5i2f-yCncknAFLuW7Zdhw3De6Shg
Connection: close
Request body:

========================================
2018-08-26 11:48:14 
::1 GET /tourism/public-api/v1/provinces/1/countries?limit=1 HTTP/1.1
HTTP headers:
Host: localhost
User-Agent: Ticketing-WebApp
Authorization: Bearer eyJ0eXAiOiJKV1QiLCJhbGciOiJIUzI1NiJ9.eyJpYXQiOjE1MzUyNTg0MDMsImp0aSI6Ik53eTlcL29NRnBkMml3c1M3dFIzb1ByQVF5XC9hSHNIazhVQzd3R3JLZ1N2QT0iLCJpc3MiOiI6OjEiLCJuYmYiOjE1MzUyNTg0MDMsImV4cCI6MTUzNTI2MDIwMywiZGF0YSI6eyJ1c2VybmFtZSI6ImFkZSIsInBhc3N3b3JkIjoiYjcwMTY2ZDIzNTllNTVmZjM0ODRmNWQ3MDIwYzcwZDg2ZDg5MDc5NiIsImlwIjoiOjoxIiwidXNlcl9hZ2VudCI6IlRpY2tldGluZy1XZWJBcHAifX0.ynpaRCYZ6Y2TYru5i2f-yCncknAFLuW7Zdhw3De6Shg
Connection: close
Request body:

========================================
2018-08-26 11:48:14 
::1 GET /tourism/public-api/v1/provinces/1/countries?limit=33 HTTP/1.1
HTTP headers:
Host: localhost
User-Agent: Ticketing-WebApp
Authorization: Bearer eyJ0eXAiOiJKV1QiLCJhbGciOiJIUzI1NiJ9.eyJpYXQiOjE1MzUyNTg0MDMsImp0aSI6Ik53eTlcL29NRnBkMml3c1M3dFIzb1ByQVF5XC9hSHNIazhVQzd3R3JLZ1N2QT0iLCJpc3MiOiI6OjEiLCJuYmYiOjE1MzUyNTg0MDMsImV4cCI6MTUzNTI2MDIwMywiZGF0YSI6eyJ1c2VybmFtZSI6ImFkZSIsInBhc3N3b3JkIjoiYjcwMTY2ZDIzNTllNTVmZjM0ODRmNWQ3MDIwYzcwZDg2ZDg5MDc5NiIsImlwIjoiOjoxIiwidXNlcl9hZ2VudCI6IlRpY2tldGluZy1XZWJBcHAifX0.ynpaRCYZ6Y2TYru5i2f-yCncknAFLuW7Zdhw3De6Shg
Connection: close
Request body:

========================================
2018-08-26 11:48:26 
::1 GET /tourism/public-api/v1/cities?name=Kota%20Bekasi HTTP/1.1
HTTP headers:
Host: localhost
User-Agent: Ticketing-WebApp
Authorization: Bearer eyJ0eXAiOiJKV1QiLCJhbGciOiJIUzI1NiJ9.eyJpYXQiOjE1MzUyNTg0MDMsImp0aSI6Ik53eTlcL29NRnBkMml3c1M3dFIzb1ByQVF5XC9hSHNIazhVQzd3R3JLZ1N2QT0iLCJpc3MiOiI6OjEiLCJuYmYiOjE1MzUyNTg0MDMsImV4cCI6MTUzNTI2MDIwMywiZGF0YSI6eyJ1c2VybmFtZSI6ImFkZSIsInBhc3N3b3JkIjoiYjcwMTY2ZDIzNTllNTVmZjM0ODRmNWQ3MDIwYzcwZDg2ZDg5MDc5NiIsImlwIjoiOjoxIiwidXNlcl9hZ2VudCI6IlRpY2tldGluZy1XZWJBcHAifX0.ynpaRCYZ6Y2TYru5i2f-yCncknAFLuW7Zdhw3De6Shg
Connection: close
Request body:

========================================
2018-08-26 11:48:26 
::1 POST /tourism/public-api/v1/cities HTTP/1.1
HTTP headers:
Host: localhost
Content-Length: 31
User-Agent: Ticketing-WebApp
Authorization: Bearer eyJ0eXAiOiJKV1QiLCJhbGciOiJIUzI1NiJ9.eyJpYXQiOjE1MzUyNTg0MDMsImp0aSI6Ik53eTlcL29NRnBkMml3c1M3dFIzb1ByQVF5XC9hSHNIazhVQzd3R3JLZ1N2QT0iLCJpc3MiOiI6OjEiLCJuYmYiOjE1MzUyNTg0MDMsImV4cCI6MTUzNTI2MDIwMywiZGF0YSI6eyJ1c2VybmFtZSI6ImFkZSIsInBhc3N3b3JkIjoiYjcwMTY2ZDIzNTllNTVmZjM0ODRmNWQ3MDIwYzcwZDg2ZDg5MDc5NiIsImlwIjoiOjoxIiwidXNlcl9hZ2VudCI6IlRpY2tldGluZy1XZWJBcHAifX0.ynpaRCYZ6Y2TYru5i2f-yCncknAFLuW7Zdhw3De6Shg
Connection: close
Content-Type: application/x-www-form-urlencoded
Request body:
name=Kota+Bekasi&province_id=12
========================================
2018-08-26 11:48:37 
::1 GET /tourism/public-api/v1/cities?name=Kota%20Bekasi HTTP/1.1
HTTP headers:
Host: localhost
User-Agent: Ticketing-WebApp
Authorization: Bearer eyJ0eXAiOiJKV1QiLCJhbGciOiJIUzI1NiJ9.eyJpYXQiOjE1MzUyNTg0MDMsImp0aSI6Ik53eTlcL29NRnBkMml3c1M3dFIzb1ByQVF5XC9hSHNIazhVQzd3R3JLZ1N2QT0iLCJpc3MiOiI6OjEiLCJuYmYiOjE1MzUyNTg0MDMsImV4cCI6MTUzNTI2MDIwMywiZGF0YSI6eyJ1c2VybmFtZSI6ImFkZSIsInBhc3N3b3JkIjoiYjcwMTY2ZDIzNTllNTVmZjM0ODRmNWQ3MDIwYzcwZDg2ZDg5MDc5NiIsImlwIjoiOjoxIiwidXNlcl9hZ2VudCI6IlRpY2tldGluZy1XZWJBcHAifX0.ynpaRCYZ6Y2TYru5i2f-yCncknAFLuW7Zdhw3De6Shg
Connection: close
Request body:

========================================
2018-08-26 11:49:20 
::1 GET /tourism/public-api/v1/countries/5/continent?limit=1 HTTP/1.1
HTTP headers:
Host: localhost
User-Agent: Ticketing-WebApp
Authorization: Bearer eyJ0eXAiOiJKV1QiLCJhbGciOiJIUzI1NiJ9.eyJpYXQiOjE1MzUyNTg0MDMsImp0aSI6Ik53eTlcL29NRnBkMml3c1M3dFIzb1ByQVF5XC9hSHNIazhVQzd3R3JLZ1N2QT0iLCJpc3MiOiI6OjEiLCJuYmYiOjE1MzUyNTg0MDMsImV4cCI6MTUzNTI2MDIwMywiZGF0YSI6eyJ1c2VybmFtZSI6ImFkZSIsInBhc3N3b3JkIjoiYjcwMTY2ZDIzNTllNTVmZjM0ODRmNWQ3MDIwYzcwZDg2ZDg5MDc5NiIsImlwIjoiOjoxIiwidXNlcl9hZ2VudCI6IlRpY2tldGluZy1XZWJBcHAifX0.ynpaRCYZ6Y2TYru5i2f-yCncknAFLuW7Zdhw3De6Shg
Connection: close
Request body:

========================================
2018-08-26 11:49:21 
::1 GET /tourism/public-api/v1/countries/5/continent?limit=6 HTTP/1.1
HTTP headers:
Host: localhost
User-Agent: Ticketing-WebApp
Authorization: Bearer eyJ0eXAiOiJKV1QiLCJhbGciOiJIUzI1NiJ9.eyJpYXQiOjE1MzUyNTg0MDMsImp0aSI6Ik53eTlcL29NRnBkMml3c1M3dFIzb1ByQVF5XC9hSHNIazhVQzd3R3JLZ1N2QT0iLCJpc3MiOiI6OjEiLCJuYmYiOjE1MzUyNTg0MDMsImV4cCI6MTUzNTI2MDIwMywiZGF0YSI6eyJ1c2VybmFtZSI6ImFkZSIsInBhc3N3b3JkIjoiYjcwMTY2ZDIzNTllNTVmZjM0ODRmNWQ3MDIwYzcwZDg2ZDg5MDc5NiIsImlwIjoiOjoxIiwidXNlcl9hZ2VudCI6IlRpY2tldGluZy1XZWJBcHAifX0.ynpaRCYZ6Y2TYru5i2f-yCncknAFLuW7Zdhw3De6Shg
Connection: close
Request body:

========================================
2018-08-26 11:49:24 
::1 GET /tourism/public-api/v1/countries/5/continent?limit=1 HTTP/1.1
HTTP headers:
Host: localhost
User-Agent: Ticketing-WebApp
Authorization: Bearer eyJ0eXAiOiJKV1QiLCJhbGciOiJIUzI1NiJ9.eyJpYXQiOjE1MzUyNTg0MDMsImp0aSI6Ik53eTlcL29NRnBkMml3c1M3dFIzb1ByQVF5XC9hSHNIazhVQzd3R3JLZ1N2QT0iLCJpc3MiOiI6OjEiLCJuYmYiOjE1MzUyNTg0MDMsImV4cCI6MTUzNTI2MDIwMywiZGF0YSI6eyJ1c2VybmFtZSI6ImFkZSIsInBhc3N3b3JkIjoiYjcwMTY2ZDIzNTllNTVmZjM0ODRmNWQ3MDIwYzcwZDg2ZDg5MDc5NiIsImlwIjoiOjoxIiwidXNlcl9hZ2VudCI6IlRpY2tldGluZy1XZWJBcHAifX0.ynpaRCYZ6Y2TYru5i2f-yCncknAFLuW7Zdhw3De6Shg
Connection: close
Request body:

========================================
2018-08-26 11:49:24 
::1 GET /tourism/public-api/v1/countries/5/continent?limit=6 HTTP/1.1
HTTP headers:
Host: localhost
User-Agent: Ticketing-WebApp
Authorization: Bearer eyJ0eXAiOiJKV1QiLCJhbGciOiJIUzI1NiJ9.eyJpYXQiOjE1MzUyNTg0MDMsImp0aSI6Ik53eTlcL29NRnBkMml3c1M3dFIzb1ByQVF5XC9hSHNIazhVQzd3R3JLZ1N2QT0iLCJpc3MiOiI6OjEiLCJuYmYiOjE1MzUyNTg0MDMsImV4cCI6MTUzNTI2MDIwMywiZGF0YSI6eyJ1c2VybmFtZSI6ImFkZSIsInBhc3N3b3JkIjoiYjcwMTY2ZDIzNTllNTVmZjM0ODRmNWQ3MDIwYzcwZDg2ZDg5MDc5NiIsImlwIjoiOjoxIiwidXNlcl9hZ2VudCI6IlRpY2tldGluZy1XZWJBcHAifX0.ynpaRCYZ6Y2TYru5i2f-yCncknAFLuW7Zdhw3De6Shg
Connection: close
Request body:

========================================
2018-08-26 11:49:26 
::1 GET /tourism/public-api/v1/provinces/1/countries?limit=1 HTTP/1.1
HTTP headers:
Host: localhost
User-Agent: Ticketing-WebApp
Authorization: Bearer eyJ0eXAiOiJKV1QiLCJhbGciOiJIUzI1NiJ9.eyJpYXQiOjE1MzUyNTg0MDMsImp0aSI6Ik53eTlcL29NRnBkMml3c1M3dFIzb1ByQVF5XC9hSHNIazhVQzd3R3JLZ1N2QT0iLCJpc3MiOiI6OjEiLCJuYmYiOjE1MzUyNTg0MDMsImV4cCI6MTUzNTI2MDIwMywiZGF0YSI6eyJ1c2VybmFtZSI6ImFkZSIsInBhc3N3b3JkIjoiYjcwMTY2ZDIzNTllNTVmZjM0ODRmNWQ3MDIwYzcwZDg2ZDg5MDc5NiIsImlwIjoiOjoxIiwidXNlcl9hZ2VudCI6IlRpY2tldGluZy1XZWJBcHAifX0.ynpaRCYZ6Y2TYru5i2f-yCncknAFLuW7Zdhw3De6Shg
Connection: close
Request body:

========================================
2018-08-26 11:49:27 
::1 GET /tourism/public-api/v1/provinces/1/countries?limit=33 HTTP/1.1
HTTP headers:
Host: localhost
User-Agent: Ticketing-WebApp
Authorization: Bearer eyJ0eXAiOiJKV1QiLCJhbGciOiJIUzI1NiJ9.eyJpYXQiOjE1MzUyNTg0MDMsImp0aSI6Ik53eTlcL29NRnBkMml3c1M3dFIzb1ByQVF5XC9hSHNIazhVQzd3R3JLZ1N2QT0iLCJpc3MiOiI6OjEiLCJuYmYiOjE1MzUyNTg0MDMsImV4cCI6MTUzNTI2MDIwMywiZGF0YSI6eyJ1c2VybmFtZSI6ImFkZSIsInBhc3N3b3JkIjoiYjcwMTY2ZDIzNTllNTVmZjM0ODRmNWQ3MDIwYzcwZDg2ZDg5MDc5NiIsImlwIjoiOjoxIiwidXNlcl9hZ2VudCI6IlRpY2tldGluZy1XZWJBcHAifX0.ynpaRCYZ6Y2TYru5i2f-yCncknAFLuW7Zdhw3De6Shg
Connection: close
Request body:

========================================
2018-08-26 11:49:37 
::1 GET /tourism/public-api/v1/cities?name=Bekasi HTTP/1.1
HTTP headers:
Host: localhost
User-Agent: Ticketing-WebApp
Authorization: Bearer eyJ0eXAiOiJKV1QiLCJhbGciOiJIUzI1NiJ9.eyJpYXQiOjE1MzUyNTg0MDMsImp0aSI6Ik53eTlcL29NRnBkMml3c1M3dFIzb1ByQVF5XC9hSHNIazhVQzd3R3JLZ1N2QT0iLCJpc3MiOiI6OjEiLCJuYmYiOjE1MzUyNTg0MDMsImV4cCI6MTUzNTI2MDIwMywiZGF0YSI6eyJ1c2VybmFtZSI6ImFkZSIsInBhc3N3b3JkIjoiYjcwMTY2ZDIzNTllNTVmZjM0ODRmNWQ3MDIwYzcwZDg2ZDg5MDc5NiIsImlwIjoiOjoxIiwidXNlcl9hZ2VudCI6IlRpY2tldGluZy1XZWJBcHAifX0.ynpaRCYZ6Y2TYru5i2f-yCncknAFLuW7Zdhw3De6Shg
Connection: close
Request body:

========================================
2018-08-26 11:49:46 
::1 GET /tourism/public-api/v1/cities?name=Tambun HTTP/1.1
HTTP headers:
Host: localhost
User-Agent: Ticketing-WebApp
Authorization: Bearer eyJ0eXAiOiJKV1QiLCJhbGciOiJIUzI1NiJ9.eyJpYXQiOjE1MzUyNTg0MDMsImp0aSI6Ik53eTlcL29NRnBkMml3c1M3dFIzb1ByQVF5XC9hSHNIazhVQzd3R3JLZ1N2QT0iLCJpc3MiOiI6OjEiLCJuYmYiOjE1MzUyNTg0MDMsImV4cCI6MTUzNTI2MDIwMywiZGF0YSI6eyJ1c2VybmFtZSI6ImFkZSIsInBhc3N3b3JkIjoiYjcwMTY2ZDIzNTllNTVmZjM0ODRmNWQ3MDIwYzcwZDg2ZDg5MDc5NiIsImlwIjoiOjoxIiwidXNlcl9hZ2VudCI6IlRpY2tldGluZy1XZWJBcHAifX0.ynpaRCYZ6Y2TYru5i2f-yCncknAFLuW7Zdhw3De6Shg
Connection: close
Request body:

========================================
2018-08-26 11:49:46 
::1 POST /tourism/public-api/v1/cities HTTP/1.1
HTTP headers:
Host: localhost
Content-Length: 26
User-Agent: Ticketing-WebApp
Authorization: Bearer eyJ0eXAiOiJKV1QiLCJhbGciOiJIUzI1NiJ9.eyJpYXQiOjE1MzUyNTg0MDMsImp0aSI6Ik53eTlcL29NRnBkMml3c1M3dFIzb1ByQVF5XC9hSHNIazhVQzd3R3JLZ1N2QT0iLCJpc3MiOiI6OjEiLCJuYmYiOjE1MzUyNTg0MDMsImV4cCI6MTUzNTI2MDIwMywiZGF0YSI6eyJ1c2VybmFtZSI6ImFkZSIsInBhc3N3b3JkIjoiYjcwMTY2ZDIzNTllNTVmZjM0ODRmNWQ3MDIwYzcwZDg2ZDg5MDc5NiIsImlwIjoiOjoxIiwidXNlcl9hZ2VudCI6IlRpY2tldGluZy1XZWJBcHAifX0.ynpaRCYZ6Y2TYru5i2f-yCncknAFLuW7Zdhw3De6Shg
Connection: close
Content-Type: application/x-www-form-urlencoded
Request body:
name=Tambun&province_id=12
========================================
2018-08-26 11:49:51 
::1 GET /tourism/public-api/v1/cities?name=Tambun HTTP/1.1
HTTP headers:
Host: localhost
User-Agent: Ticketing-WebApp
Authorization: Bearer eyJ0eXAiOiJKV1QiLCJhbGciOiJIUzI1NiJ9.eyJpYXQiOjE1MzUyNTg0MDMsImp0aSI6Ik53eTlcL29NRnBkMml3c1M3dFIzb1ByQVF5XC9hSHNIazhVQzd3R3JLZ1N2QT0iLCJpc3MiOiI6OjEiLCJuYmYiOjE1MzUyNTg0MDMsImV4cCI6MTUzNTI2MDIwMywiZGF0YSI6eyJ1c2VybmFtZSI6ImFkZSIsInBhc3N3b3JkIjoiYjcwMTY2ZDIzNTllNTVmZjM0ODRmNWQ3MDIwYzcwZDg2ZDg5MDc5NiIsImlwIjoiOjoxIiwidXNlcl9hZ2VudCI6IlRpY2tldGluZy1XZWJBcHAifX0.ynpaRCYZ6Y2TYru5i2f-yCncknAFLuW7Zdhw3De6Shg
Connection: close
Request body:

========================================
2018-08-26 11:51:13 
::1 GET /tourism/public-api/v1/countries/5/continent?limit=1 HTTP/1.1
HTTP headers:
Host: localhost
User-Agent: Ticketing-WebApp
Authorization: Bearer eyJ0eXAiOiJKV1QiLCJhbGciOiJIUzI1NiJ9.eyJpYXQiOjE1MzUyNTg0MDMsImp0aSI6Ik53eTlcL29NRnBkMml3c1M3dFIzb1ByQVF5XC9hSHNIazhVQzd3R3JLZ1N2QT0iLCJpc3MiOiI6OjEiLCJuYmYiOjE1MzUyNTg0MDMsImV4cCI6MTUzNTI2MDIwMywiZGF0YSI6eyJ1c2VybmFtZSI6ImFkZSIsInBhc3N3b3JkIjoiYjcwMTY2ZDIzNTllNTVmZjM0ODRmNWQ3MDIwYzcwZDg2ZDg5MDc5NiIsImlwIjoiOjoxIiwidXNlcl9hZ2VudCI6IlRpY2tldGluZy1XZWJBcHAifX0.ynpaRCYZ6Y2TYru5i2f-yCncknAFLuW7Zdhw3De6Shg
Connection: close
Request body:

========================================
2018-08-26 11:51:13 
::1 GET /tourism/public-api/v1/countries/5/continent?limit=6 HTTP/1.1
HTTP headers:
Host: localhost
User-Agent: Ticketing-WebApp
Authorization: Bearer eyJ0eXAiOiJKV1QiLCJhbGciOiJIUzI1NiJ9.eyJpYXQiOjE1MzUyNTg0MDMsImp0aSI6Ik53eTlcL29NRnBkMml3c1M3dFIzb1ByQVF5XC9hSHNIazhVQzd3R3JLZ1N2QT0iLCJpc3MiOiI6OjEiLCJuYmYiOjE1MzUyNTg0MDMsImV4cCI6MTUzNTI2MDIwMywiZGF0YSI6eyJ1c2VybmFtZSI6ImFkZSIsInBhc3N3b3JkIjoiYjcwMTY2ZDIzNTllNTVmZjM0ODRmNWQ3MDIwYzcwZDg2ZDg5MDc5NiIsImlwIjoiOjoxIiwidXNlcl9hZ2VudCI6IlRpY2tldGluZy1XZWJBcHAifX0.ynpaRCYZ6Y2TYru5i2f-yCncknAFLuW7Zdhw3De6Shg
Connection: close
Request body:

========================================
2018-08-26 11:52:02 
::1 GET /tourism/public-api/v1/countries/5/continent?limit=1 HTTP/1.1
HTTP headers:
Host: localhost
User-Agent: Ticketing-WebApp
Authorization: Bearer eyJ0eXAiOiJKV1QiLCJhbGciOiJIUzI1NiJ9.eyJpYXQiOjE1MzUyNTg0MDMsImp0aSI6Ik53eTlcL29NRnBkMml3c1M3dFIzb1ByQVF5XC9hSHNIazhVQzd3R3JLZ1N2QT0iLCJpc3MiOiI6OjEiLCJuYmYiOjE1MzUyNTg0MDMsImV4cCI6MTUzNTI2MDIwMywiZGF0YSI6eyJ1c2VybmFtZSI6ImFkZSIsInBhc3N3b3JkIjoiYjcwMTY2ZDIzNTllNTVmZjM0ODRmNWQ3MDIwYzcwZDg2ZDg5MDc5NiIsImlwIjoiOjoxIiwidXNlcl9hZ2VudCI6IlRpY2tldGluZy1XZWJBcHAifX0.ynpaRCYZ6Y2TYru5i2f-yCncknAFLuW7Zdhw3De6Shg
Connection: close
Request body:

========================================
2018-08-26 11:52:02 
::1 GET /tourism/public-api/v1/countries/5/continent?limit=6 HTTP/1.1
HTTP headers:
Host: localhost
User-Agent: Ticketing-WebApp
Authorization: Bearer eyJ0eXAiOiJKV1QiLCJhbGciOiJIUzI1NiJ9.eyJpYXQiOjE1MzUyNTg0MDMsImp0aSI6Ik53eTlcL29NRnBkMml3c1M3dFIzb1ByQVF5XC9hSHNIazhVQzd3R3JLZ1N2QT0iLCJpc3MiOiI6OjEiLCJuYmYiOjE1MzUyNTg0MDMsImV4cCI6MTUzNTI2MDIwMywiZGF0YSI6eyJ1c2VybmFtZSI6ImFkZSIsInBhc3N3b3JkIjoiYjcwMTY2ZDIzNTllNTVmZjM0ODRmNWQ3MDIwYzcwZDg2ZDg5MDc5NiIsImlwIjoiOjoxIiwidXNlcl9hZ2VudCI6IlRpY2tldGluZy1XZWJBcHAifX0.ynpaRCYZ6Y2TYru5i2f-yCncknAFLuW7Zdhw3De6Shg
Connection: close
Request body:

========================================
2018-08-26 11:53:13 
::1 GET /tourism/public-api/v1/countries/5/continent?limit=1 HTTP/1.1
HTTP headers:
Host: localhost
User-Agent: Ticketing-WebApp
Authorization: Bearer eyJ0eXAiOiJKV1QiLCJhbGciOiJIUzI1NiJ9.eyJpYXQiOjE1MzUyNTg0MDMsImp0aSI6Ik53eTlcL29NRnBkMml3c1M3dFIzb1ByQVF5XC9hSHNIazhVQzd3R3JLZ1N2QT0iLCJpc3MiOiI6OjEiLCJuYmYiOjE1MzUyNTg0MDMsImV4cCI6MTUzNTI2MDIwMywiZGF0YSI6eyJ1c2VybmFtZSI6ImFkZSIsInBhc3N3b3JkIjoiYjcwMTY2ZDIzNTllNTVmZjM0ODRmNWQ3MDIwYzcwZDg2ZDg5MDc5NiIsImlwIjoiOjoxIiwidXNlcl9hZ2VudCI6IlRpY2tldGluZy1XZWJBcHAifX0.ynpaRCYZ6Y2TYru5i2f-yCncknAFLuW7Zdhw3De6Shg
Connection: close
Request body:

========================================
2018-08-26 11:53:13 
::1 GET /tourism/public-api/v1/countries/5/continent?limit=6 HTTP/1.1
HTTP headers:
Host: localhost
User-Agent: Ticketing-WebApp
Authorization: Bearer eyJ0eXAiOiJKV1QiLCJhbGciOiJIUzI1NiJ9.eyJpYXQiOjE1MzUyNTg0MDMsImp0aSI6Ik53eTlcL29NRnBkMml3c1M3dFIzb1ByQVF5XC9hSHNIazhVQzd3R3JLZ1N2QT0iLCJpc3MiOiI6OjEiLCJuYmYiOjE1MzUyNTg0MDMsImV4cCI6MTUzNTI2MDIwMywiZGF0YSI6eyJ1c2VybmFtZSI6ImFkZSIsInBhc3N3b3JkIjoiYjcwMTY2ZDIzNTllNTVmZjM0ODRmNWQ3MDIwYzcwZDg2ZDg5MDc5NiIsImlwIjoiOjoxIiwidXNlcl9hZ2VudCI6IlRpY2tldGluZy1XZWJBcHAifX0.ynpaRCYZ6Y2TYru5i2f-yCncknAFLuW7Zdhw3De6Shg
Connection: close
Request body:

========================================
2018-08-26 11:53:16 
::1 GET /tourism/public-api/v1/countries/1/continent?limit=1 HTTP/1.1
HTTP headers:
Host: localhost
User-Agent: Ticketing-WebApp
Authorization: Bearer eyJ0eXAiOiJKV1QiLCJhbGciOiJIUzI1NiJ9.eyJpYXQiOjE1MzUyNTg0MDMsImp0aSI6Ik53eTlcL29NRnBkMml3c1M3dFIzb1ByQVF5XC9hSHNIazhVQzd3R3JLZ1N2QT0iLCJpc3MiOiI6OjEiLCJuYmYiOjE1MzUyNTg0MDMsImV4cCI6MTUzNTI2MDIwMywiZGF0YSI6eyJ1c2VybmFtZSI6ImFkZSIsInBhc3N3b3JkIjoiYjcwMTY2ZDIzNTllNTVmZjM0ODRmNWQ3MDIwYzcwZDg2ZDg5MDc5NiIsImlwIjoiOjoxIiwidXNlcl9hZ2VudCI6IlRpY2tldGluZy1XZWJBcHAifX0.ynpaRCYZ6Y2TYru5i2f-yCncknAFLuW7Zdhw3De6Shg
Connection: close
Request body:

========================================
2018-08-26 11:53:16 
::1 GET /tourism/public-api/v1/countries/1/continent?limit=0 HTTP/1.1
HTTP headers:
Host: localhost
User-Agent: Ticketing-WebApp
Authorization: Bearer eyJ0eXAiOiJKV1QiLCJhbGciOiJIUzI1NiJ9.eyJpYXQiOjE1MzUyNTg0MDMsImp0aSI6Ik53eTlcL29NRnBkMml3c1M3dFIzb1ByQVF5XC9hSHNIazhVQzd3R3JLZ1N2QT0iLCJpc3MiOiI6OjEiLCJuYmYiOjE1MzUyNTg0MDMsImV4cCI6MTUzNTI2MDIwMywiZGF0YSI6eyJ1c2VybmFtZSI6ImFkZSIsInBhc3N3b3JkIjoiYjcwMTY2ZDIzNTllNTVmZjM0ODRmNWQ3MDIwYzcwZDg2ZDg5MDc5NiIsImlwIjoiOjoxIiwidXNlcl9hZ2VudCI6IlRpY2tldGluZy1XZWJBcHAifX0.ynpaRCYZ6Y2TYru5i2f-yCncknAFLuW7Zdhw3De6Shg
Connection: close
Request body:

========================================
2018-08-26 11:54:29 
::1 GET /tourism/public-api/v1/countries/5/continent?limit=1 HTTP/1.1
HTTP headers:
Host: localhost
User-Agent: Ticketing-WebApp
Authorization: Bearer eyJ0eXAiOiJKV1QiLCJhbGciOiJIUzI1NiJ9.eyJpYXQiOjE1MzUyNTg0MDMsImp0aSI6Ik53eTlcL29NRnBkMml3c1M3dFIzb1ByQVF5XC9hSHNIazhVQzd3R3JLZ1N2QT0iLCJpc3MiOiI6OjEiLCJuYmYiOjE1MzUyNTg0MDMsImV4cCI6MTUzNTI2MDIwMywiZGF0YSI6eyJ1c2VybmFtZSI6ImFkZSIsInBhc3N3b3JkIjoiYjcwMTY2ZDIzNTllNTVmZjM0ODRmNWQ3MDIwYzcwZDg2ZDg5MDc5NiIsImlwIjoiOjoxIiwidXNlcl9hZ2VudCI6IlRpY2tldGluZy1XZWJBcHAifX0.ynpaRCYZ6Y2TYru5i2f-yCncknAFLuW7Zdhw3De6Shg
Connection: close
Request body:

========================================
2018-08-26 11:54:29 
::1 GET /tourism/public-api/v1/countries/5/continent?limit=6 HTTP/1.1
HTTP headers:
Host: localhost
User-Agent: Ticketing-WebApp
Authorization: Bearer eyJ0eXAiOiJKV1QiLCJhbGciOiJIUzI1NiJ9.eyJpYXQiOjE1MzUyNTg0MDMsImp0aSI6Ik53eTlcL29NRnBkMml3c1M3dFIzb1ByQVF5XC9hSHNIazhVQzd3R3JLZ1N2QT0iLCJpc3MiOiI6OjEiLCJuYmYiOjE1MzUyNTg0MDMsImV4cCI6MTUzNTI2MDIwMywiZGF0YSI6eyJ1c2VybmFtZSI6ImFkZSIsInBhc3N3b3JkIjoiYjcwMTY2ZDIzNTllNTVmZjM0ODRmNWQ3MDIwYzcwZDg2ZDg5MDc5NiIsImlwIjoiOjoxIiwidXNlcl9hZ2VudCI6IlRpY2tldGluZy1XZWJBcHAifX0.ynpaRCYZ6Y2TYru5i2f-yCncknAFLuW7Zdhw3De6Shg
Connection: close
Request body:

========================================
2018-08-26 11:54:31 
::1 GET /tourism/public-api/v1/provinces/1/countries?limit=1 HTTP/1.1
HTTP headers:
Host: localhost
User-Agent: Ticketing-WebApp
Authorization: Bearer eyJ0eXAiOiJKV1QiLCJhbGciOiJIUzI1NiJ9.eyJpYXQiOjE1MzUyNTg0MDMsImp0aSI6Ik53eTlcL29NRnBkMml3c1M3dFIzb1ByQVF5XC9hSHNIazhVQzd3R3JLZ1N2QT0iLCJpc3MiOiI6OjEiLCJuYmYiOjE1MzUyNTg0MDMsImV4cCI6MTUzNTI2MDIwMywiZGF0YSI6eyJ1c2VybmFtZSI6ImFkZSIsInBhc3N3b3JkIjoiYjcwMTY2ZDIzNTllNTVmZjM0ODRmNWQ3MDIwYzcwZDg2ZDg5MDc5NiIsImlwIjoiOjoxIiwidXNlcl9hZ2VudCI6IlRpY2tldGluZy1XZWJBcHAifX0.ynpaRCYZ6Y2TYru5i2f-yCncknAFLuW7Zdhw3De6Shg
Connection: close
Request body:

========================================
2018-08-26 11:54:31 
::1 GET /tourism/public-api/v1/provinces/1/countries?limit=33 HTTP/1.1
HTTP headers:
Host: localhost
User-Agent: Ticketing-WebApp
Authorization: Bearer eyJ0eXAiOiJKV1QiLCJhbGciOiJIUzI1NiJ9.eyJpYXQiOjE1MzUyNTg0MDMsImp0aSI6Ik53eTlcL29NRnBkMml3c1M3dFIzb1ByQVF5XC9hSHNIazhVQzd3R3JLZ1N2QT0iLCJpc3MiOiI6OjEiLCJuYmYiOjE1MzUyNTg0MDMsImV4cCI6MTUzNTI2MDIwMywiZGF0YSI6eyJ1c2VybmFtZSI6ImFkZSIsInBhc3N3b3JkIjoiYjcwMTY2ZDIzNTllNTVmZjM0ODRmNWQ3MDIwYzcwZDg2ZDg5MDc5NiIsImlwIjoiOjoxIiwidXNlcl9hZ2VudCI6IlRpY2tldGluZy1XZWJBcHAifX0.ynpaRCYZ6Y2TYru5i2f-yCncknAFLuW7Zdhw3De6Shg
Connection: close
Request body:

========================================
2018-08-26 19:03:22 
::1 POST /tourism/public-api/v1/users/token HTTP/1.1
HTTP headers:
Host: localhost
Content-Length: 25
User-Agent: Ticketing-WebApp
Connection: close
Content-Type: application/x-www-form-urlencoded
Request body:
username=ade&password=ade
========================================
2018-08-26 19:03:23 
::1 GET /tourism/public-api/v1/users/1 HTTP/1.1
HTTP headers:
Host: localhost
User-Agent: Ticketing-WebApp
Authorization: Bearer eyJ0eXAiOiJKV1QiLCJhbGciOiJIUzI1NiJ9.eyJpYXQiOjE1MzUyODUwMDIsImp0aSI6IjJFZ2ptWE9uanpLcTFZRUt6VWM4cTlRdlFcL1I4RE02M1N2T1VFRlBDR0VrPSIsImlzcyI6Ijo6MSIsIm5iZiI6MTUzNTI4NTAwMiwiZXhwIjoxNTM1Mjg2ODAyLCJkYXRhIjp7InVzZXJuYW1lIjoiYWRlIiwicGFzc3dvcmQiOiJiNzAxNjZkMjM1OWU1NWZmMzQ4NGY1ZDcwMjBjNzBkODZkODkwNzk2IiwiaXAiOiI6OjEiLCJ1c2VyX2FnZW50IjoiVGlja2V0aW5nLVdlYkFwcCJ9fQ.d9wJwbRuhrO1tu6yDxpaQpNpdc_jMcIb1rYlS8H7CCU
Connection: close
Request body:

========================================
2018-08-26 19:04:20 
::1 GET /tourism/public-api/v1/countries/5/continent?limit=1 HTTP/1.1
HTTP headers:
Host: localhost
User-Agent: Ticketing-WebApp
Authorization: Bearer eyJ0eXAiOiJKV1QiLCJhbGciOiJIUzI1NiJ9.eyJpYXQiOjE1MzUyODUwMDIsImp0aSI6IjJFZ2ptWE9uanpLcTFZRUt6VWM4cTlRdlFcL1I4RE02M1N2T1VFRlBDR0VrPSIsImlzcyI6Ijo6MSIsIm5iZiI6MTUzNTI4NTAwMiwiZXhwIjoxNTM1Mjg2ODAyLCJkYXRhIjp7InVzZXJuYW1lIjoiYWRlIiwicGFzc3dvcmQiOiJiNzAxNjZkMjM1OWU1NWZmMzQ4NGY1ZDcwMjBjNzBkODZkODkwNzk2IiwiaXAiOiI6OjEiLCJ1c2VyX2FnZW50IjoiVGlja2V0aW5nLVdlYkFwcCJ9fQ.d9wJwbRuhrO1tu6yDxpaQpNpdc_jMcIb1rYlS8H7CCU
Connection: close
Request body:

========================================
2018-08-26 19:04:20 
::1 GET /tourism/public-api/v1/countries/5/continent?limit=6 HTTP/1.1
HTTP headers:
Host: localhost
User-Agent: Ticketing-WebApp
Authorization: Bearer eyJ0eXAiOiJKV1QiLCJhbGciOiJIUzI1NiJ9.eyJpYXQiOjE1MzUyODUwMDIsImp0aSI6IjJFZ2ptWE9uanpLcTFZRUt6VWM4cTlRdlFcL1I4RE02M1N2T1VFRlBDR0VrPSIsImlzcyI6Ijo6MSIsIm5iZiI6MTUzNTI4NTAwMiwiZXhwIjoxNTM1Mjg2ODAyLCJkYXRhIjp7InVzZXJuYW1lIjoiYWRlIiwicGFzc3dvcmQiOiJiNzAxNjZkMjM1OWU1NWZmMzQ4NGY1ZDcwMjBjNzBkODZkODkwNzk2IiwiaXAiOiI6OjEiLCJ1c2VyX2FnZW50IjoiVGlja2V0aW5nLVdlYkFwcCJ9fQ.d9wJwbRuhrO1tu6yDxpaQpNpdc_jMcIb1rYlS8H7CCU
Connection: close
Request body:

========================================
2018-08-26 19:04:26 
::1 GET /tourism/public-api/v1/provinces/1/countries?limit=1 HTTP/1.1
HTTP headers:
Host: localhost
User-Agent: Ticketing-WebApp
Authorization: Bearer eyJ0eXAiOiJKV1QiLCJhbGciOiJIUzI1NiJ9.eyJpYXQiOjE1MzUyODUwMDIsImp0aSI6IjJFZ2ptWE9uanpLcTFZRUt6VWM4cTlRdlFcL1I4RE02M1N2T1VFRlBDR0VrPSIsImlzcyI6Ijo6MSIsIm5iZiI6MTUzNTI4NTAwMiwiZXhwIjoxNTM1Mjg2ODAyLCJkYXRhIjp7InVzZXJuYW1lIjoiYWRlIiwicGFzc3dvcmQiOiJiNzAxNjZkMjM1OWU1NWZmMzQ4NGY1ZDcwMjBjNzBkODZkODkwNzk2IiwiaXAiOiI6OjEiLCJ1c2VyX2FnZW50IjoiVGlja2V0aW5nLVdlYkFwcCJ9fQ.d9wJwbRuhrO1tu6yDxpaQpNpdc_jMcIb1rYlS8H7CCU
Connection: close
Request body:

========================================
2018-08-26 19:04:26 
::1 GET /tourism/public-api/v1/provinces/1/countries?limit=33 HTTP/1.1
HTTP headers:
Host: localhost
User-Agent: Ticketing-WebApp
Authorization: Bearer eyJ0eXAiOiJKV1QiLCJhbGciOiJIUzI1NiJ9.eyJpYXQiOjE1MzUyODUwMDIsImp0aSI6IjJFZ2ptWE9uanpLcTFZRUt6VWM4cTlRdlFcL1I4RE02M1N2T1VFRlBDR0VrPSIsImlzcyI6Ijo6MSIsIm5iZiI6MTUzNTI4NTAwMiwiZXhwIjoxNTM1Mjg2ODAyLCJkYXRhIjp7InVzZXJuYW1lIjoiYWRlIiwicGFzc3dvcmQiOiJiNzAxNjZkMjM1OWU1NWZmMzQ4NGY1ZDcwMjBjNzBkODZkODkwNzk2IiwiaXAiOiI6OjEiLCJ1c2VyX2FnZW50IjoiVGlja2V0aW5nLVdlYkFwcCJ9fQ.d9wJwbRuhrO1tu6yDxpaQpNpdc_jMcIb1rYlS8H7CCU
Connection: close
Request body:

========================================
2018-08-26 19:08:48 
::1 GET /tourism/public-api/v1/countries/5/continent?limit=1 HTTP/1.1
HTTP headers:
Host: localhost
User-Agent: Ticketing-WebApp
Authorization: Bearer eyJ0eXAiOiJKV1QiLCJhbGciOiJIUzI1NiJ9.eyJpYXQiOjE1MzUyODUwMDIsImp0aSI6IjJFZ2ptWE9uanpLcTFZRUt6VWM4cTlRdlFcL1I4RE02M1N2T1VFRlBDR0VrPSIsImlzcyI6Ijo6MSIsIm5iZiI6MTUzNTI4NTAwMiwiZXhwIjoxNTM1Mjg2ODAyLCJkYXRhIjp7InVzZXJuYW1lIjoiYWRlIiwicGFzc3dvcmQiOiJiNzAxNjZkMjM1OWU1NWZmMzQ4NGY1ZDcwMjBjNzBkODZkODkwNzk2IiwiaXAiOiI6OjEiLCJ1c2VyX2FnZW50IjoiVGlja2V0aW5nLVdlYkFwcCJ9fQ.d9wJwbRuhrO1tu6yDxpaQpNpdc_jMcIb1rYlS8H7CCU
Connection: close
Request body:

========================================
2018-08-26 19:08:48 
::1 GET /tourism/public-api/v1/countries/5/continent?limit=6 HTTP/1.1
HTTP headers:
Host: localhost
User-Agent: Ticketing-WebApp
Authorization: Bearer eyJ0eXAiOiJKV1QiLCJhbGciOiJIUzI1NiJ9.eyJpYXQiOjE1MzUyODUwMDIsImp0aSI6IjJFZ2ptWE9uanpLcTFZRUt6VWM4cTlRdlFcL1I4RE02M1N2T1VFRlBDR0VrPSIsImlzcyI6Ijo6MSIsIm5iZiI6MTUzNTI4NTAwMiwiZXhwIjoxNTM1Mjg2ODAyLCJkYXRhIjp7InVzZXJuYW1lIjoiYWRlIiwicGFzc3dvcmQiOiJiNzAxNjZkMjM1OWU1NWZmMzQ4NGY1ZDcwMjBjNzBkODZkODkwNzk2IiwiaXAiOiI6OjEiLCJ1c2VyX2FnZW50IjoiVGlja2V0aW5nLVdlYkFwcCJ9fQ.d9wJwbRuhrO1tu6yDxpaQpNpdc_jMcIb1rYlS8H7CCU
Connection: close
Request body:

========================================
2018-08-26 19:08:51 
::1 GET /tourism/public-api/v1/provinces/1/countries?limit=1 HTTP/1.1
HTTP headers:
Host: localhost
User-Agent: Ticketing-WebApp
Authorization: Bearer eyJ0eXAiOiJKV1QiLCJhbGciOiJIUzI1NiJ9.eyJpYXQiOjE1MzUyODUwMDIsImp0aSI6IjJFZ2ptWE9uanpLcTFZRUt6VWM4cTlRdlFcL1I4RE02M1N2T1VFRlBDR0VrPSIsImlzcyI6Ijo6MSIsIm5iZiI6MTUzNTI4NTAwMiwiZXhwIjoxNTM1Mjg2ODAyLCJkYXRhIjp7InVzZXJuYW1lIjoiYWRlIiwicGFzc3dvcmQiOiJiNzAxNjZkMjM1OWU1NWZmMzQ4NGY1ZDcwMjBjNzBkODZkODkwNzk2IiwiaXAiOiI6OjEiLCJ1c2VyX2FnZW50IjoiVGlja2V0aW5nLVdlYkFwcCJ9fQ.d9wJwbRuhrO1tu6yDxpaQpNpdc_jMcIb1rYlS8H7CCU
Connection: close
Request body:

========================================
2018-08-26 19:08:51 
::1 GET /tourism/public-api/v1/provinces/1/countries?limit=33 HTTP/1.1
HTTP headers:
Host: localhost
User-Agent: Ticketing-WebApp
Authorization: Bearer eyJ0eXAiOiJKV1QiLCJhbGciOiJIUzI1NiJ9.eyJpYXQiOjE1MzUyODUwMDIsImp0aSI6IjJFZ2ptWE9uanpLcTFZRUt6VWM4cTlRdlFcL1I4RE02M1N2T1VFRlBDR0VrPSIsImlzcyI6Ijo6MSIsIm5iZiI6MTUzNTI4NTAwMiwiZXhwIjoxNTM1Mjg2ODAyLCJkYXRhIjp7InVzZXJuYW1lIjoiYWRlIiwicGFzc3dvcmQiOiJiNzAxNjZkMjM1OWU1NWZmMzQ4NGY1ZDcwMjBjNzBkODZkODkwNzk2IiwiaXAiOiI6OjEiLCJ1c2VyX2FnZW50IjoiVGlja2V0aW5nLVdlYkFwcCJ9fQ.d9wJwbRuhrO1tu6yDxpaQpNpdc_jMcIb1rYlS8H7CCU
Connection: close
Request body:

========================================
2018-08-26 19:08:55 
::1 GET /tourism/public-api/v1/provinces/12/cities?limit=1 HTTP/1.1
HTTP headers:
Host: localhost
User-Agent: Ticketing-WebApp
Authorization: Bearer eyJ0eXAiOiJKV1QiLCJhbGciOiJIUzI1NiJ9.eyJpYXQiOjE1MzUyODUwMDIsImp0aSI6IjJFZ2ptWE9uanpLcTFZRUt6VWM4cTlRdlFcL1I4RE02M1N2T1VFRlBDR0VrPSIsImlzcyI6Ijo6MSIsIm5iZiI6MTUzNTI4NTAwMiwiZXhwIjoxNTM1Mjg2ODAyLCJkYXRhIjp7InVzZXJuYW1lIjoiYWRlIiwicGFzc3dvcmQiOiJiNzAxNjZkMjM1OWU1NWZmMzQ4NGY1ZDcwMjBjNzBkODZkODkwNzk2IiwiaXAiOiI6OjEiLCJ1c2VyX2FnZW50IjoiVGlja2V0aW5nLVdlYkFwcCJ9fQ.d9wJwbRuhrO1tu6yDxpaQpNpdc_jMcIb1rYlS8H7CCU
Connection: close
Request body:

========================================
2018-08-26 19:08:55 
::1 POST /tourism/public-api/v1/users/token HTTP/1.1
HTTP headers:
Host: localhost
Content-Length: 25
User-Agent: Ticketing-WebApp
Connection: close
Content-Type: application/x-www-form-urlencoded
Request body:
username=ade&password=ade
========================================
2018-08-26 19:08:56 
::1 GET /tourism/public-api/v1/provinces/12/cities?limit=1 HTTP/1.1
HTTP headers:
Host: localhost
User-Agent: Ticketing-WebApp
Authorization: Bearer eyJ0eXAiOiJKV1QiLCJhbGciOiJIUzI1NiJ9.eyJpYXQiOjE1MzUyODUzMzUsImp0aSI6ImpIcVNTc2FkbUlvYnNPaXdWRlpYa1lxeG85S1VhRWh0RmFOWnN2N20rbGM9IiwiaXNzIjoiOjoxIiwibmJmIjoxNTM1Mjg1MzM1LCJleHAiOjE1MzUyODcxMzUsImRhdGEiOnsidXNlcm5hbWUiOiJhZGUiLCJwYXNzd29yZCI6ImI3MDE2NmQyMzU5ZTU1ZmYzNDg0ZjVkNzAyMGM3MGQ4NmQ4OTA3OTYiLCJpcCI6Ijo6MSIsInVzZXJfYWdlbnQiOiJUaWNrZXRpbmctV2ViQXBwIn19.hY3BR3lt9a6ktonrygAn7mgPIx9J0FC144CjSqLFAqg
Connection: close
Request body:

========================================
2018-08-26 19:08:56 
::1 POST /tourism/public-api/v1/users/token HTTP/1.1
HTTP headers:
Host: localhost
Content-Length: 25
User-Agent: Ticketing-WebApp
Connection: close
Content-Type: application/x-www-form-urlencoded
Request body:
username=ade&password=ade
========================================
2018-08-26 19:08:57 
::1 GET /tourism/public-api/v1/provinces/12/cities?limit=1 HTTP/1.1
HTTP headers:
Host: localhost
User-Agent: Ticketing-WebApp
Authorization: Bearer eyJ0eXAiOiJKV1QiLCJhbGciOiJIUzI1NiJ9.eyJpYXQiOjE1MzUyODUzMzYsImp0aSI6Ik8ydHIzY2I3QUFzNWJwT252M2pEZWs1aVFWOUNtdnRSMTR1MDNLOHV0V289IiwiaXNzIjoiOjoxIiwibmJmIjoxNTM1Mjg1MzM2LCJleHAiOjE1MzUyODcxMzYsImRhdGEiOnsidXNlcm5hbWUiOiJhZGUiLCJwYXNzd29yZCI6ImI3MDE2NmQyMzU5ZTU1ZmYzNDg0ZjVkNzAyMGM3MGQ4NmQ4OTA3OTYiLCJpcCI6Ijo6MSIsInVzZXJfYWdlbnQiOiJUaWNrZXRpbmctV2ViQXBwIn19.KqqTn26n-YExYic5MX5kTJZwLRF1mDOJLPMBas4YMgk
Connection: close
Request body:

========================================
2018-08-26 19:08:57 
::1 POST /tourism/public-api/v1/users/token HTTP/1.1
HTTP headers:
Host: localhost
Content-Length: 25
User-Agent: Ticketing-WebApp
Connection: close
Content-Type: application/x-www-form-urlencoded
Request body:
username=ade&password=ade
========================================
2018-08-26 19:08:58 
::1 GET /tourism/public-api/v1/provinces/12/cities?limit=1 HTTP/1.1
HTTP headers:
Host: localhost
User-Agent: Ticketing-WebApp
Authorization: Bearer eyJ0eXAiOiJKV1QiLCJhbGciOiJIUzI1NiJ9.eyJpYXQiOjE1MzUyODUzMzcsImp0aSI6IldiNlhIbmJEVlZ6SnlpU1owZWZkWW5pN3gxQVNmQVRtWWdkcmp4RmpWMFE9IiwiaXNzIjoiOjoxIiwibmJmIjoxNTM1Mjg1MzM3LCJleHAiOjE1MzUyODcxMzcsImRhdGEiOnsidXNlcm5hbWUiOiJhZGUiLCJwYXNzd29yZCI6ImI3MDE2NmQyMzU5ZTU1ZmYzNDg0ZjVkNzAyMGM3MGQ4NmQ4OTA3OTYiLCJpcCI6Ijo6MSIsInVzZXJfYWdlbnQiOiJUaWNrZXRpbmctV2ViQXBwIn19.VnFcXjJhZf3NEFWVvEy2x17sT7AJppVdrL5upXJ5n2I
Connection: close
Request body:

========================================
2018-08-26 19:08:58 
::1 GET /tourism/public-api/v1/provinces/12/cities?limit= HTTP/1.1
HTTP headers:
Host: localhost
User-Agent: Ticketing-WebApp
Authorization: Bearer eyJ0eXAiOiJKV1QiLCJhbGciOiJIUzI1NiJ9.eyJpYXQiOjE1MzUyODUzMzcsImp0aSI6IldiNlhIbmJEVlZ6SnlpU1owZWZkWW5pN3gxQVNmQVRtWWdkcmp4RmpWMFE9IiwiaXNzIjoiOjoxIiwibmJmIjoxNTM1Mjg1MzM3LCJleHAiOjE1MzUyODcxMzcsImRhdGEiOnsidXNlcm5hbWUiOiJhZGUiLCJwYXNzd29yZCI6ImI3MDE2NmQyMzU5ZTU1ZmYzNDg0ZjVkNzAyMGM3MGQ4NmQ4OTA3OTYiLCJpcCI6Ijo6MSIsInVzZXJfYWdlbnQiOiJUaWNrZXRpbmctV2ViQXBwIn19.VnFcXjJhZf3NEFWVvEy2x17sT7AJppVdrL5upXJ5n2I
Connection: close
Request body:

========================================
2018-08-26 19:08:58 
::1 POST /tourism/public-api/v1/users/token HTTP/1.1
HTTP headers:
Host: localhost
Content-Length: 25
User-Agent: Ticketing-WebApp
Connection: close
Content-Type: application/x-www-form-urlencoded
Request body:
username=ade&password=ade
========================================
2018-08-26 19:08:59 
::1 GET /tourism/public-api/v1/provinces/12/cities?limit= HTTP/1.1
HTTP headers:
Host: localhost
User-Agent: Ticketing-WebApp
Authorization: Bearer eyJ0eXAiOiJKV1QiLCJhbGciOiJIUzI1NiJ9.eyJpYXQiOjE1MzUyODUzMzgsImp0aSI6IjZqMW5yUStcL0YyeXpRdkRYTCtHSE10MTl5bnpkREZFMDlqNFE1VjJsZURJPSIsImlzcyI6Ijo6MSIsIm5iZiI6MTUzNTI4NTMzOCwiZXhwIjoxNTM1Mjg3MTM4LCJkYXRhIjp7InVzZXJuYW1lIjoiYWRlIiwicGFzc3dvcmQiOiJiNzAxNjZkMjM1OWU1NWZmMzQ4NGY1ZDcwMjBjNzBkODZkODkwNzk2IiwiaXAiOiI6OjEiLCJ1c2VyX2FnZW50IjoiVGlja2V0aW5nLVdlYkFwcCJ9fQ._XXERij7Vzd1qRnndMvEIMTHaggr09UaEhVu6mP42rE
Connection: close
Request body:

========================================
2018-08-26 19:08:59 
::1 POST /tourism/public-api/v1/users/token HTTP/1.1
HTTP headers:
Host: localhost
Content-Length: 25
User-Agent: Ticketing-WebApp
Connection: close
Content-Type: application/x-www-form-urlencoded
Request body:
username=ade&password=ade
========================================
2018-08-26 19:09:01 
::1 GET /tourism/public-api/v1/provinces/12/cities?limit= HTTP/1.1
HTTP headers:
Host: localhost
User-Agent: Ticketing-WebApp
Authorization: Bearer eyJ0eXAiOiJKV1QiLCJhbGciOiJIUzI1NiJ9.eyJpYXQiOjE1MzUyODUzNDAsImp0aSI6IlFScmZNOVwvT0taRWg2Tjg2YURBbVUxY1FvcHV4MlYxZ29BVHg2SFNESEs0PSIsImlzcyI6Ijo6MSIsIm5iZiI6MTUzNTI4NTM0MCwiZXhwIjoxNTM1Mjg3MTQwLCJkYXRhIjp7InVzZXJuYW1lIjoiYWRlIiwicGFzc3dvcmQiOiJiNzAxNjZkMjM1OWU1NWZmMzQ4NGY1ZDcwMjBjNzBkODZkODkwNzk2IiwiaXAiOiI6OjEiLCJ1c2VyX2FnZW50IjoiVGlja2V0aW5nLVdlYkFwcCJ9fQ.NvEQO57rkLqjAiZGe0yFMpm0cFanWV4FS4UoZDBThjU
Connection: close
Request body:

========================================
2018-08-26 19:09:01 
::1 POST /tourism/public-api/v1/users/token HTTP/1.1
HTTP headers:
Host: localhost
Content-Length: 25
User-Agent: Ticketing-WebApp
Connection: close
Content-Type: application/x-www-form-urlencoded
Request body:
username=ade&password=ade
========================================
2018-08-26 19:09:02 
::1 GET /tourism/public-api/v1/provinces/12/cities?limit= HTTP/1.1
HTTP headers:
Host: localhost
User-Agent: Ticketing-WebApp
Authorization: Bearer eyJ0eXAiOiJKV1QiLCJhbGciOiJIUzI1NiJ9.eyJpYXQiOjE1MzUyODUzNDEsImp0aSI6Ikd1cVpqQjFnWlZ2cTBlMjlldFF0MTJCY0p5Q1dXOWZcL0VRT1pHZWpEdXlnPSIsImlzcyI6Ijo6MSIsIm5iZiI6MTUzNTI4NTM0MSwiZXhwIjoxNTM1Mjg3MTQxLCJkYXRhIjp7InVzZXJuYW1lIjoiYWRlIiwicGFzc3dvcmQiOiJiNzAxNjZkMjM1OWU1NWZmMzQ4NGY1ZDcwMjBjNzBkODZkODkwNzk2IiwiaXAiOiI6OjEiLCJ1c2VyX2FnZW50IjoiVGlja2V0aW5nLVdlYkFwcCJ9fQ.bes1Yw9cuOzGll0CTxfXffCzMVWW7kRBLG6EBLOAhgk
Connection: close
Request body:

========================================
2018-08-26 19:09:40 
::1 GET /tourism/public-api/v1/countries/5/continent?limit=1 HTTP/1.1
HTTP headers:
Host: localhost
User-Agent: Ticketing-WebApp
Authorization: Bearer eyJ0eXAiOiJKV1QiLCJhbGciOiJIUzI1NiJ9.eyJpYXQiOjE1MzUyODUzNDEsImp0aSI6Ikd1cVpqQjFnWlZ2cTBlMjlldFF0MTJCY0p5Q1dXOWZcL0VRT1pHZWpEdXlnPSIsImlzcyI6Ijo6MSIsIm5iZiI6MTUzNTI4NTM0MSwiZXhwIjoxNTM1Mjg3MTQxLCJkYXRhIjp7InVzZXJuYW1lIjoiYWRlIiwicGFzc3dvcmQiOiJiNzAxNjZkMjM1OWU1NWZmMzQ4NGY1ZDcwMjBjNzBkODZkODkwNzk2IiwiaXAiOiI6OjEiLCJ1c2VyX2FnZW50IjoiVGlja2V0aW5nLVdlYkFwcCJ9fQ.bes1Yw9cuOzGll0CTxfXffCzMVWW7kRBLG6EBLOAhgk
Connection: close
Request body:

========================================
2018-08-26 19:09:40 
::1 GET /tourism/public-api/v1/countries/5/continent?limit=6 HTTP/1.1
HTTP headers:
Host: localhost
User-Agent: Ticketing-WebApp
Authorization: Bearer eyJ0eXAiOiJKV1QiLCJhbGciOiJIUzI1NiJ9.eyJpYXQiOjE1MzUyODUzNDEsImp0aSI6Ikd1cVpqQjFnWlZ2cTBlMjlldFF0MTJCY0p5Q1dXOWZcL0VRT1pHZWpEdXlnPSIsImlzcyI6Ijo6MSIsIm5iZiI6MTUzNTI4NTM0MSwiZXhwIjoxNTM1Mjg3MTQxLCJkYXRhIjp7InVzZXJuYW1lIjoiYWRlIiwicGFzc3dvcmQiOiJiNzAxNjZkMjM1OWU1NWZmMzQ4NGY1ZDcwMjBjNzBkODZkODkwNzk2IiwiaXAiOiI6OjEiLCJ1c2VyX2FnZW50IjoiVGlja2V0aW5nLVdlYkFwcCJ9fQ.bes1Yw9cuOzGll0CTxfXffCzMVWW7kRBLG6EBLOAhgk
Connection: close
Request body:

========================================
2018-08-26 19:09:42 
::1 GET /tourism/public-api/v1/provinces/1/countries?limit=1 HTTP/1.1
HTTP headers:
Host: localhost
User-Agent: Ticketing-WebApp
Authorization: Bearer eyJ0eXAiOiJKV1QiLCJhbGciOiJIUzI1NiJ9.eyJpYXQiOjE1MzUyODUzNDEsImp0aSI6Ikd1cVpqQjFnWlZ2cTBlMjlldFF0MTJCY0p5Q1dXOWZcL0VRT1pHZWpEdXlnPSIsImlzcyI6Ijo6MSIsIm5iZiI6MTUzNTI4NTM0MSwiZXhwIjoxNTM1Mjg3MTQxLCJkYXRhIjp7InVzZXJuYW1lIjoiYWRlIiwicGFzc3dvcmQiOiJiNzAxNjZkMjM1OWU1NWZmMzQ4NGY1ZDcwMjBjNzBkODZkODkwNzk2IiwiaXAiOiI6OjEiLCJ1c2VyX2FnZW50IjoiVGlja2V0aW5nLVdlYkFwcCJ9fQ.bes1Yw9cuOzGll0CTxfXffCzMVWW7kRBLG6EBLOAhgk
Connection: close
Request body:

========================================
2018-08-26 19:09:42 
::1 GET /tourism/public-api/v1/provinces/1/countries?limit=33 HTTP/1.1
HTTP headers:
Host: localhost
User-Agent: Ticketing-WebApp
Authorization: Bearer eyJ0eXAiOiJKV1QiLCJhbGciOiJIUzI1NiJ9.eyJpYXQiOjE1MzUyODUzNDEsImp0aSI6Ikd1cVpqQjFnWlZ2cTBlMjlldFF0MTJCY0p5Q1dXOWZcL0VRT1pHZWpEdXlnPSIsImlzcyI6Ijo6MSIsIm5iZiI6MTUzNTI4NTM0MSwiZXhwIjoxNTM1Mjg3MTQxLCJkYXRhIjp7InVzZXJuYW1lIjoiYWRlIiwicGFzc3dvcmQiOiJiNzAxNjZkMjM1OWU1NWZmMzQ4NGY1ZDcwMjBjNzBkODZkODkwNzk2IiwiaXAiOiI6OjEiLCJ1c2VyX2FnZW50IjoiVGlja2V0aW5nLVdlYkFwcCJ9fQ.bes1Yw9cuOzGll0CTxfXffCzMVWW7kRBLG6EBLOAhgk
Connection: close
Request body:

========================================
2018-08-26 19:09:46 
::1 GET /tourism/public-api/v1/province/12/cities?limit=1 HTTP/1.1
HTTP headers:
Host: localhost
User-Agent: Ticketing-WebApp
Authorization: Bearer eyJ0eXAiOiJKV1QiLCJhbGciOiJIUzI1NiJ9.eyJpYXQiOjE1MzUyODUzNDEsImp0aSI6Ikd1cVpqQjFnWlZ2cTBlMjlldFF0MTJCY0p5Q1dXOWZcL0VRT1pHZWpEdXlnPSIsImlzcyI6Ijo6MSIsIm5iZiI6MTUzNTI4NTM0MSwiZXhwIjoxNTM1Mjg3MTQxLCJkYXRhIjp7InVzZXJuYW1lIjoiYWRlIiwicGFzc3dvcmQiOiJiNzAxNjZkMjM1OWU1NWZmMzQ4NGY1ZDcwMjBjNzBkODZkODkwNzk2IiwiaXAiOiI6OjEiLCJ1c2VyX2FnZW50IjoiVGlja2V0aW5nLVdlYkFwcCJ9fQ.bes1Yw9cuOzGll0CTxfXffCzMVWW7kRBLG6EBLOAhgk
Connection: close
Request body:

========================================
2018-08-26 19:09:46 
::1 GET /tourism/public-api/v1/province/12/cities?limit=2 HTTP/1.1
HTTP headers:
Host: localhost
User-Agent: Ticketing-WebApp
Authorization: Bearer eyJ0eXAiOiJKV1QiLCJhbGciOiJIUzI1NiJ9.eyJpYXQiOjE1MzUyODUzNDEsImp0aSI6Ikd1cVpqQjFnWlZ2cTBlMjlldFF0MTJCY0p5Q1dXOWZcL0VRT1pHZWpEdXlnPSIsImlzcyI6Ijo6MSIsIm5iZiI6MTUzNTI4NTM0MSwiZXhwIjoxNTM1Mjg3MTQxLCJkYXRhIjp7InVzZXJuYW1lIjoiYWRlIiwicGFzc3dvcmQiOiJiNzAxNjZkMjM1OWU1NWZmMzQ4NGY1ZDcwMjBjNzBkODZkODkwNzk2IiwiaXAiOiI6OjEiLCJ1c2VyX2FnZW50IjoiVGlja2V0aW5nLVdlYkFwcCJ9fQ.bes1Yw9cuOzGll0CTxfXffCzMVWW7kRBLG6EBLOAhgk
Connection: close
Request body:

========================================
2018-08-26 19:15:42 
::1 GET /tourism/public-api/v1/countries/5/continent?limit=1 HTTP/1.1
HTTP headers:
Host: localhost
User-Agent: Ticketing-WebApp
Authorization: Bearer eyJ0eXAiOiJKV1QiLCJhbGciOiJIUzI1NiJ9.eyJpYXQiOjE1MzUyODUzNDEsImp0aSI6Ikd1cVpqQjFnWlZ2cTBlMjlldFF0MTJCY0p5Q1dXOWZcL0VRT1pHZWpEdXlnPSIsImlzcyI6Ijo6MSIsIm5iZiI6MTUzNTI4NTM0MSwiZXhwIjoxNTM1Mjg3MTQxLCJkYXRhIjp7InVzZXJuYW1lIjoiYWRlIiwicGFzc3dvcmQiOiJiNzAxNjZkMjM1OWU1NWZmMzQ4NGY1ZDcwMjBjNzBkODZkODkwNzk2IiwiaXAiOiI6OjEiLCJ1c2VyX2FnZW50IjoiVGlja2V0aW5nLVdlYkFwcCJ9fQ.bes1Yw9cuOzGll0CTxfXffCzMVWW7kRBLG6EBLOAhgk
Connection: close
Request body:

========================================
2018-08-26 19:15:42 
::1 GET /tourism/public-api/v1/countries/5/continent?limit=6 HTTP/1.1
HTTP headers:
Host: localhost
User-Agent: Ticketing-WebApp
Authorization: Bearer eyJ0eXAiOiJKV1QiLCJhbGciOiJIUzI1NiJ9.eyJpYXQiOjE1MzUyODUzNDEsImp0aSI6Ikd1cVpqQjFnWlZ2cTBlMjlldFF0MTJCY0p5Q1dXOWZcL0VRT1pHZWpEdXlnPSIsImlzcyI6Ijo6MSIsIm5iZiI6MTUzNTI4NTM0MSwiZXhwIjoxNTM1Mjg3MTQxLCJkYXRhIjp7InVzZXJuYW1lIjoiYWRlIiwicGFzc3dvcmQiOiJiNzAxNjZkMjM1OWU1NWZmMzQ4NGY1ZDcwMjBjNzBkODZkODkwNzk2IiwiaXAiOiI6OjEiLCJ1c2VyX2FnZW50IjoiVGlja2V0aW5nLVdlYkFwcCJ9fQ.bes1Yw9cuOzGll0CTxfXffCzMVWW7kRBLG6EBLOAhgk
Connection: close
Request body:

========================================
2018-08-26 19:33:10 
::1 GET /tourism/public-api/v1/countries/5/continent?limit=1 HTTP/1.1
HTTP headers:
Host: localhost
User-Agent: Ticketing-WebApp
Authorization: Bearer eyJ0eXAiOiJKV1QiLCJhbGciOiJIUzI1NiJ9.eyJpYXQiOjE1MzUyODUzNDEsImp0aSI6Ikd1cVpqQjFnWlZ2cTBlMjlldFF0MTJCY0p5Q1dXOWZcL0VRT1pHZWpEdXlnPSIsImlzcyI6Ijo6MSIsIm5iZiI6MTUzNTI4NTM0MSwiZXhwIjoxNTM1Mjg3MTQxLCJkYXRhIjp7InVzZXJuYW1lIjoiYWRlIiwicGFzc3dvcmQiOiJiNzAxNjZkMjM1OWU1NWZmMzQ4NGY1ZDcwMjBjNzBkODZkODkwNzk2IiwiaXAiOiI6OjEiLCJ1c2VyX2FnZW50IjoiVGlja2V0aW5nLVdlYkFwcCJ9fQ.bes1Yw9cuOzGll0CTxfXffCzMVWW7kRBLG6EBLOAhgk
Connection: close
Request body:

========================================
2018-08-26 19:33:10 
::1 GET /tourism/public-api/v1/countries/5/continent?limit=6 HTTP/1.1
HTTP headers:
Host: localhost
User-Agent: Ticketing-WebApp
Authorization: Bearer eyJ0eXAiOiJKV1QiLCJhbGciOiJIUzI1NiJ9.eyJpYXQiOjE1MzUyODUzNDEsImp0aSI6Ikd1cVpqQjFnWlZ2cTBlMjlldFF0MTJCY0p5Q1dXOWZcL0VRT1pHZWpEdXlnPSIsImlzcyI6Ijo6MSIsIm5iZiI6MTUzNTI4NTM0MSwiZXhwIjoxNTM1Mjg3MTQxLCJkYXRhIjp7InVzZXJuYW1lIjoiYWRlIiwicGFzc3dvcmQiOiJiNzAxNjZkMjM1OWU1NWZmMzQ4NGY1ZDcwMjBjNzBkODZkODkwNzk2IiwiaXAiOiI6OjEiLCJ1c2VyX2FnZW50IjoiVGlja2V0aW5nLVdlYkFwcCJ9fQ.bes1Yw9cuOzGll0CTxfXffCzMVWW7kRBLG6EBLOAhgk
Connection: close
Request body:

========================================
2018-08-26 19:38:37 
::1 GET /tourism/public-api/v1/countries/5/continent?limit=1 HTTP/1.1
HTTP headers:
Host: localhost
User-Agent: Ticketing-WebApp
Authorization: Bearer eyJ0eXAiOiJKV1QiLCJhbGciOiJIUzI1NiJ9.eyJpYXQiOjE1MzUyODUzNDEsImp0aSI6Ikd1cVpqQjFnWlZ2cTBlMjlldFF0MTJCY0p5Q1dXOWZcL0VRT1pHZWpEdXlnPSIsImlzcyI6Ijo6MSIsIm5iZiI6MTUzNTI4NTM0MSwiZXhwIjoxNTM1Mjg3MTQxLCJkYXRhIjp7InVzZXJuYW1lIjoiYWRlIiwicGFzc3dvcmQiOiJiNzAxNjZkMjM1OWU1NWZmMzQ4NGY1ZDcwMjBjNzBkODZkODkwNzk2IiwiaXAiOiI6OjEiLCJ1c2VyX2FnZW50IjoiVGlja2V0aW5nLVdlYkFwcCJ9fQ.bes1Yw9cuOzGll0CTxfXffCzMVWW7kRBLG6EBLOAhgk
Connection: close
Request body:

========================================
2018-08-26 19:38:37 
::1 GET /tourism/public-api/v1/countries/5/continent?limit=6 HTTP/1.1
HTTP headers:
Host: localhost
User-Agent: Ticketing-WebApp
Authorization: Bearer eyJ0eXAiOiJKV1QiLCJhbGciOiJIUzI1NiJ9.eyJpYXQiOjE1MzUyODUzNDEsImp0aSI6Ikd1cVpqQjFnWlZ2cTBlMjlldFF0MTJCY0p5Q1dXOWZcL0VRT1pHZWpEdXlnPSIsImlzcyI6Ijo6MSIsIm5iZiI6MTUzNTI4NTM0MSwiZXhwIjoxNTM1Mjg3MTQxLCJkYXRhIjp7InVzZXJuYW1lIjoiYWRlIiwicGFzc3dvcmQiOiJiNzAxNjZkMjM1OWU1NWZmMzQ4NGY1ZDcwMjBjNzBkODZkODkwNzk2IiwiaXAiOiI6OjEiLCJ1c2VyX2FnZW50IjoiVGlja2V0aW5nLVdlYkFwcCJ9fQ.bes1Yw9cuOzGll0CTxfXffCzMVWW7kRBLG6EBLOAhgk
Connection: close
Request body:

========================================
2018-08-26 19:39:08 
::1 GET /tourism/public-api/v1/countries/5/continent?limit=1 HTTP/1.1
HTTP headers:
Host: localhost
User-Agent: Ticketing-WebApp
Authorization: Bearer eyJ0eXAiOiJKV1QiLCJhbGciOiJIUzI1NiJ9.eyJpYXQiOjE1MzUyODUzNDEsImp0aSI6Ikd1cVpqQjFnWlZ2cTBlMjlldFF0MTJCY0p5Q1dXOWZcL0VRT1pHZWpEdXlnPSIsImlzcyI6Ijo6MSIsIm5iZiI6MTUzNTI4NTM0MSwiZXhwIjoxNTM1Mjg3MTQxLCJkYXRhIjp7InVzZXJuYW1lIjoiYWRlIiwicGFzc3dvcmQiOiJiNzAxNjZkMjM1OWU1NWZmMzQ4NGY1ZDcwMjBjNzBkODZkODkwNzk2IiwiaXAiOiI6OjEiLCJ1c2VyX2FnZW50IjoiVGlja2V0aW5nLVdlYkFwcCJ9fQ.bes1Yw9cuOzGll0CTxfXffCzMVWW7kRBLG6EBLOAhgk
Connection: close
Request body:

========================================
2018-08-26 19:39:08 
::1 POST /tourism/public-api/v1/users/token HTTP/1.1
HTTP headers:
Host: localhost
Content-Length: 25
User-Agent: Ticketing-WebApp
Connection: close
Content-Type: application/x-www-form-urlencoded
Request body:
username=ade&password=ade
========================================
2018-08-26 19:39:09 
::1 GET /tourism/public-api/v1/countries/5/continent?limit=1 HTTP/1.1
HTTP headers:
Host: localhost
User-Agent: Ticketing-WebApp
Authorization: Bearer eyJ0eXAiOiJKV1QiLCJhbGciOiJIUzI1NiJ9.eyJpYXQiOjE1MzUyODcxNDgsImp0aSI6IlRcL0xlQ0tOd1FMSDJaSENRRnFYN3FqS0V2REVRU3VlTVdVaUtlY1BzN0M0PSIsImlzcyI6Ijo6MSIsIm5iZiI6MTUzNTI4NzE0OCwiZXhwIjoxNTM1Mjg4OTQ4LCJkYXRhIjp7InVzZXJuYW1lIjoiYWRlIiwicGFzc3dvcmQiOiJiNzAxNjZkMjM1OWU1NWZmMzQ4NGY1ZDcwMjBjNzBkODZkODkwNzk2IiwiaXAiOiI6OjEiLCJ1c2VyX2FnZW50IjoiVGlja2V0aW5nLVdlYkFwcCJ9fQ.8enYxzXi77xs44e2jyNHfVRv8ESXzpZWhY-OEX_iP1E
Connection: close
Request body:

========================================
2018-08-26 19:39:09 
::1 GET /tourism/public-api/v1/countries/5/continent?limit=6 HTTP/1.1
HTTP headers:
Host: localhost
User-Agent: Ticketing-WebApp
Authorization: Bearer eyJ0eXAiOiJKV1QiLCJhbGciOiJIUzI1NiJ9.eyJpYXQiOjE1MzUyODcxNDgsImp0aSI6IlRcL0xlQ0tOd1FMSDJaSENRRnFYN3FqS0V2REVRU3VlTVdVaUtlY1BzN0M0PSIsImlzcyI6Ijo6MSIsIm5iZiI6MTUzNTI4NzE0OCwiZXhwIjoxNTM1Mjg4OTQ4LCJkYXRhIjp7InVzZXJuYW1lIjoiYWRlIiwicGFzc3dvcmQiOiJiNzAxNjZkMjM1OWU1NWZmMzQ4NGY1ZDcwMjBjNzBkODZkODkwNzk2IiwiaXAiOiI6OjEiLCJ1c2VyX2FnZW50IjoiVGlja2V0aW5nLVdlYkFwcCJ9fQ.8enYxzXi77xs44e2jyNHfVRv8ESXzpZWhY-OEX_iP1E
Connection: close
Request body:

========================================
