2019-05-12 18:36:00 
::1 GET /tourism/public-api/v1/tourism?tourism_approval_status=2&sort=DESC HTTP/1.1
HTTP headers:
Host: localhost
User-Agent: Ticketing-WebApp
Connection: close
Request body:

========================================
2019-05-12 18:39:34 
::1 POST /tourism/public-api/v1/users/token HTTP/1.1
HTTP headers:
Host: localhost
Content-Length: 25
User-Agent: Ticketing-WebApp
Connection: close
Content-Type: application/x-www-form-urlencoded
Request body:
username=ade&password=ade
========================================
2019-05-12 18:39:36 
::1 GET /tourism/public-api/v1/users/1 HTTP/1.1
HTTP headers:
Host: localhost
User-Agent: Ticketing-WebApp
Authorization: Bearer eyJ0eXAiOiJKV1QiLCJhbGciOiJIUzI1NiJ9.eyJpYXQiOjE1NTc2NjExNzUsImp0aSI6Ikp0dkNMYldlS3FJKzlqMGdLTVVXeVwvc2RLSGtBZTRTRVNHSzZXMmVuRHQ0PSIsImlzcyI6Ijo6MSIsIm5iZiI6MTU1NzY2MTE3NSwiZXhwIjoxNTU3NjYyOTc1LCJkYXRhIjp7InVzZXJuYW1lIjoiYWRlIiwicGFzc3dvcmQiOiJiNzAxNjZkMjM1OWU1NWZmMzQ4NGY1ZDcwMjBjNzBkODZkODkwNzk2IiwiaXAiOiI6OjEiLCJ1c2VyX2FnZW50IjoiVGlja2V0aW5nLVdlYkFwcCJ9fQ.Be4A3mm4iKazI9HSSg3P5wRfr6iioKqlknmL0Gp8Cm4
Connection: close
Request body:

========================================
2019-05-12 18:39:36 
::1 GET /tourism/public-api/v1/tourism?tourism_approval_status=2&sort=DESC HTTP/1.1
HTTP headers:
Host: localhost
User-Agent: Ticketing-WebApp
Authorization: Bearer eyJ0eXAiOiJKV1QiLCJhbGciOiJIUzI1NiJ9.eyJpYXQiOjE1NTc2NjExNzUsImp0aSI6Ikp0dkNMYldlS3FJKzlqMGdLTVVXeVwvc2RLSGtBZTRTRVNHSzZXMmVuRHQ0PSIsImlzcyI6Ijo6MSIsIm5iZiI6MTU1NzY2MTE3NSwiZXhwIjoxNTU3NjYyOTc1LCJkYXRhIjp7InVzZXJuYW1lIjoiYWRlIiwicGFzc3dvcmQiOiJiNzAxNjZkMjM1OWU1NWZmMzQ4NGY1ZDcwMjBjNzBkODZkODkwNzk2IiwiaXAiOiI6OjEiLCJ1c2VyX2FnZW50IjoiVGlja2V0aW5nLVdlYkFwcCJ9fQ.Be4A3mm4iKazI9HSSg3P5wRfr6iioKqlknmL0Gp8Cm4
Connection: close
Request body:

========================================
2019-05-12 18:42:35 
::1 GET /tourism/public-api/v1/tourism/8 HTTP/1.1
HTTP headers:
Host: localhost
User-Agent: Ticketing-WebApp
Authorization: Bearer eyJ0eXAiOiJKV1QiLCJhbGciOiJIUzI1NiJ9.eyJpYXQiOjE1NTc2NjExNzUsImp0aSI6Ikp0dkNMYldlS3FJKzlqMGdLTVVXeVwvc2RLSGtBZTRTRVNHSzZXMmVuRHQ0PSIsImlzcyI6Ijo6MSIsIm5iZiI6MTU1NzY2MTE3NSwiZXhwIjoxNTU3NjYyOTc1LCJkYXRhIjp7InVzZXJuYW1lIjoiYWRlIiwicGFzc3dvcmQiOiJiNzAxNjZkMjM1OWU1NWZmMzQ4NGY1ZDcwMjBjNzBkODZkODkwNzk2IiwiaXAiOiI6OjEiLCJ1c2VyX2FnZW50IjoiVGlja2V0aW5nLVdlYkFwcCJ9fQ.Be4A3mm4iKazI9HSSg3P5wRfr6iioKqlknmL0Gp8Cm4
Connection: close
Request body:

========================================
2019-05-12 18:42:35 
::1 GET /tourism/public-api/v1/tourism/8/tourism_attachments HTTP/1.1
HTTP headers:
Host: localhost
User-Agent: Ticketing-WebApp
Authorization: Bearer eyJ0eXAiOiJKV1QiLCJhbGciOiJIUzI1NiJ9.eyJpYXQiOjE1NTc2NjExNzUsImp0aSI6Ikp0dkNMYldlS3FJKzlqMGdLTVVXeVwvc2RLSGtBZTRTRVNHSzZXMmVuRHQ0PSIsImlzcyI6Ijo6MSIsIm5iZiI6MTU1NzY2MTE3NSwiZXhwIjoxNTU3NjYyOTc1LCJkYXRhIjp7InVzZXJuYW1lIjoiYWRlIiwicGFzc3dvcmQiOiJiNzAxNjZkMjM1OWU1NWZmMzQ4NGY1ZDcwMjBjNzBkODZkODkwNzk2IiwiaXAiOiI6OjEiLCJ1c2VyX2FnZW50IjoiVGlja2V0aW5nLVdlYkFwcCJ9fQ.Be4A3mm4iKazI9HSSg3P5wRfr6iioKqlknmL0Gp8Cm4
Connection: close
Request body:

========================================
2019-05-12 18:42:36 
::1 GET /tourism/public-api/v1/continents HTTP/1.1
HTTP headers:
Host: localhost
User-Agent: Ticketing-WebApp
Authorization: Bearer eyJ0eXAiOiJKV1QiLCJhbGciOiJIUzI1NiJ9.eyJpYXQiOjE1NTc2NjExNzUsImp0aSI6Ikp0dkNMYldlS3FJKzlqMGdLTVVXeVwvc2RLSGtBZTRTRVNHSzZXMmVuRHQ0PSIsImlzcyI6Ijo6MSIsIm5iZiI6MTU1NzY2MTE3NSwiZXhwIjoxNTU3NjYyOTc1LCJkYXRhIjp7InVzZXJuYW1lIjoiYWRlIiwicGFzc3dvcmQiOiJiNzAxNjZkMjM1OWU1NWZmMzQ4NGY1ZDcwMjBjNzBkODZkODkwNzk2IiwiaXAiOiI6OjEiLCJ1c2VyX2FnZW50IjoiVGlja2V0aW5nLVdlYkFwcCJ9fQ.Be4A3mm4iKazI9HSSg3P5wRfr6iioKqlknmL0Gp8Cm4
Connection: close
Request body:

========================================
2019-05-12 18:42:36 
::1 GET /tourism/public-api/v1/countries//continent?limit=1 HTTP/1.1
HTTP headers:
Host: localhost
User-Agent: Ticketing-WebApp
Authorization: Bearer eyJ0eXAiOiJKV1QiLCJhbGciOiJIUzI1NiJ9.eyJpYXQiOjE1NTc2NjExNzUsImp0aSI6Ikp0dkNMYldlS3FJKzlqMGdLTVVXeVwvc2RLSGtBZTRTRVNHSzZXMmVuRHQ0PSIsImlzcyI6Ijo6MSIsIm5iZiI6MTU1NzY2MTE3NSwiZXhwIjoxNTU3NjYyOTc1LCJkYXRhIjp7InVzZXJuYW1lIjoiYWRlIiwicGFzc3dvcmQiOiJiNzAxNjZkMjM1OWU1NWZmMzQ4NGY1ZDcwMjBjNzBkODZkODkwNzk2IiwiaXAiOiI6OjEiLCJ1c2VyX2FnZW50IjoiVGlja2V0aW5nLVdlYkFwcCJ9fQ.Be4A3mm4iKazI9HSSg3P5wRfr6iioKqlknmL0Gp8Cm4
Connection: close
Request body:

========================================
2019-05-12 18:42:36 
::1 POST /tourism/public-api/v1/users/token HTTP/1.1
HTTP headers:
Host: localhost
Content-Length: 25
User-Agent: Ticketing-WebApp
Connection: close
Content-Type: application/x-www-form-urlencoded
Request body:
username=ade&password=ade
========================================
2019-05-12 18:42:37 
::1 GET /tourism/public-api/v1/countries//continent?limit=1 HTTP/1.1
HTTP headers:
Host: localhost
User-Agent: Ticketing-WebApp
Authorization: Bearer eyJ0eXAiOiJKV1QiLCJhbGciOiJIUzI1NiJ9.eyJpYXQiOjE1NTc2NjEzNTYsImp0aSI6InpaVk0rWWhUeVhOaWRnWUlKVDdpdGNqUCtyN0QzRzJCcHdxMjdoMENta0k9IiwiaXNzIjoiOjoxIiwibmJmIjoxNTU3NjYxMzU2LCJleHAiOjE1NTc2NjMxNTYsImRhdGEiOnsidXNlcm5hbWUiOiJhZGUiLCJwYXNzd29yZCI6ImI3MDE2NmQyMzU5ZTU1ZmYzNDg0ZjVkNzAyMGM3MGQ4NmQ4OTA3OTYiLCJpcCI6Ijo6MSIsInVzZXJfYWdlbnQiOiJUaWNrZXRpbmctV2ViQXBwIn19.dt-LaaPxAdda2aEprxZ2jpKIQOGBwtWc4Kk8iBIW880
Connection: close
Request body:

========================================
2019-05-12 18:42:37 
::1 POST /tourism/public-api/v1/users/token HTTP/1.1
HTTP headers:
Host: localhost
Content-Length: 25
User-Agent: Ticketing-WebApp
Connection: close
Content-Type: application/x-www-form-urlencoded
Request body:
username=ade&password=ade
========================================
2019-05-12 18:42:38 
::1 GET /tourism/public-api/v1/countries//continent?limit=1 HTTP/1.1
HTTP headers:
Host: localhost
User-Agent: Ticketing-WebApp
Authorization: Bearer eyJ0eXAiOiJKV1QiLCJhbGciOiJIUzI1NiJ9.eyJpYXQiOjE1NTc2NjEzNTcsImp0aSI6Im51VVQ4WHB1M0RTOFwvQXZVUTM4K3JKQ1F2aWxtTm0xRUtYZUUxcWZINVdnPSIsImlzcyI6Ijo6MSIsIm5iZiI6MTU1NzY2MTM1NywiZXhwIjoxNTU3NjYzMTU3LCJkYXRhIjp7InVzZXJuYW1lIjoiYWRlIiwicGFzc3dvcmQiOiJiNzAxNjZkMjM1OWU1NWZmMzQ4NGY1ZDcwMjBjNzBkODZkODkwNzk2IiwiaXAiOiI6OjEiLCJ1c2VyX2FnZW50IjoiVGlja2V0aW5nLVdlYkFwcCJ9fQ.9XdJJ-c-4qRolfIprt9-CmRcjIwalv6zMYS2e-_ettM
Connection: close
Request body:

========================================
2019-05-12 18:42:38 
::1 POST /tourism/public-api/v1/users/token HTTP/1.1
HTTP headers:
Host: localhost
Content-Length: 25
User-Agent: Ticketing-WebApp
Connection: close
Content-Type: application/x-www-form-urlencoded
Request body:
username=ade&password=ade
========================================
2019-05-12 18:42:39 
::1 GET /tourism/public-api/v1/countries//continent?limit=1 HTTP/1.1
HTTP headers:
Host: localhost
User-Agent: Ticketing-WebApp
Authorization: Bearer eyJ0eXAiOiJKV1QiLCJhbGciOiJIUzI1NiJ9.eyJpYXQiOjE1NTc2NjEzNTgsImp0aSI6IjV6eFlLdGFmRHZxaUVwK0dmR2xhYnZLejN0Q0k4bmZVeXJlUmdhcHRDWWM9IiwiaXNzIjoiOjoxIiwibmJmIjoxNTU3NjYxMzU4LCJleHAiOjE1NTc2NjMxNTgsImRhdGEiOnsidXNlcm5hbWUiOiJhZGUiLCJwYXNzd29yZCI6ImI3MDE2NmQyMzU5ZTU1ZmYzNDg0ZjVkNzAyMGM3MGQ4NmQ4OTA3OTYiLCJpcCI6Ijo6MSIsInVzZXJfYWdlbnQiOiJUaWNrZXRpbmctV2ViQXBwIn19.pGtAD18DXOJ64p3hhxhNWIUlS3UeJqKtPfME7YGkLNE
Connection: close
Request body:

========================================
2019-05-12 18:42:39 
::1 GET /tourism/public-api/v1/countries//continent?limit= HTTP/1.1
HTTP headers:
Host: localhost
User-Agent: Ticketing-WebApp
Authorization: Bearer eyJ0eXAiOiJKV1QiLCJhbGciOiJIUzI1NiJ9.eyJpYXQiOjE1NTc2NjEzNTgsImp0aSI6IjV6eFlLdGFmRHZxaUVwK0dmR2xhYnZLejN0Q0k4bmZVeXJlUmdhcHRDWWM9IiwiaXNzIjoiOjoxIiwibmJmIjoxNTU3NjYxMzU4LCJleHAiOjE1NTc2NjMxNTgsImRhdGEiOnsidXNlcm5hbWUiOiJhZGUiLCJwYXNzd29yZCI6ImI3MDE2NmQyMzU5ZTU1ZmYzNDg0ZjVkNzAyMGM3MGQ4NmQ4OTA3OTYiLCJpcCI6Ijo6MSIsInVzZXJfYWdlbnQiOiJUaWNrZXRpbmctV2ViQXBwIn19.pGtAD18DXOJ64p3hhxhNWIUlS3UeJqKtPfME7YGkLNE
Connection: close
Request body:

========================================
2019-05-12 18:42:39 
::1 POST /tourism/public-api/v1/users/token HTTP/1.1
HTTP headers:
Host: localhost
Content-Length: 25
User-Agent: Ticketing-WebApp
Connection: close
Content-Type: application/x-www-form-urlencoded
Request body:
username=ade&password=ade
========================================
2019-05-12 18:42:41 
::1 GET /tourism/public-api/v1/countries//continent?limit= HTTP/1.1
HTTP headers:
Host: localhost
User-Agent: Ticketing-WebApp
Authorization: Bearer eyJ0eXAiOiJKV1QiLCJhbGciOiJIUzI1NiJ9.eyJpYXQiOjE1NTc2NjEzNjAsImp0aSI6ImNrSFVLNkdQM1N5MVRlZm52clVUMlVDZ2xmb1wvV1VNOUJuV3NlazJhSFNFPSIsImlzcyI6Ijo6MSIsIm5iZiI6MTU1NzY2MTM2MCwiZXhwIjoxNTU3NjYzMTYwLCJkYXRhIjp7InVzZXJuYW1lIjoiYWRlIiwicGFzc3dvcmQiOiJiNzAxNjZkMjM1OWU1NWZmMzQ4NGY1ZDcwMjBjNzBkODZkODkwNzk2IiwiaXAiOiI6OjEiLCJ1c2VyX2FnZW50IjoiVGlja2V0aW5nLVdlYkFwcCJ9fQ.jGZUSDYiFOZRuDlbtgWsjOWF_kpmoEdM5OQomPycbP8
Connection: close
Request body:

========================================
2019-05-12 18:42:41 
::1 POST /tourism/public-api/v1/users/token HTTP/1.1
HTTP headers:
Host: localhost
Content-Length: 25
User-Agent: Ticketing-WebApp
Connection: close
Content-Type: application/x-www-form-urlencoded
Request body:
username=ade&password=ade
========================================
2019-05-12 18:42:42 
::1 GET /tourism/public-api/v1/countries//continent?limit= HTTP/1.1
HTTP headers:
Host: localhost
User-Agent: Ticketing-WebApp
Authorization: Bearer eyJ0eXAiOiJKV1QiLCJhbGciOiJIUzI1NiJ9.eyJpYXQiOjE1NTc2NjEzNjEsImp0aSI6ImVFYllqcWhWT0lXUno0YXlwNWxTRGNMQ2h2YzFLb3VrUU4zcEkxWWo5NTQ9IiwiaXNzIjoiOjoxIiwibmJmIjoxNTU3NjYxMzYxLCJleHAiOjE1NTc2NjMxNjEsImRhdGEiOnsidXNlcm5hbWUiOiJhZGUiLCJwYXNzd29yZCI6ImI3MDE2NmQyMzU5ZTU1ZmYzNDg0ZjVkNzAyMGM3MGQ4NmQ4OTA3OTYiLCJpcCI6Ijo6MSIsInVzZXJfYWdlbnQiOiJUaWNrZXRpbmctV2ViQXBwIn19.HKqmtK54Qaai90WlG0VUXOcHYFiu7v8CHVelIwceL_0
Connection: close
Request body:

========================================
2019-05-12 18:42:42 
::1 POST /tourism/public-api/v1/users/token HTTP/1.1
HTTP headers:
Host: localhost
Content-Length: 25
User-Agent: Ticketing-WebApp
Connection: close
Content-Type: application/x-www-form-urlencoded
Request body:
username=ade&password=ade
========================================
2019-05-12 18:42:43 
::1 GET /tourism/public-api/v1/countries//continent?limit= HTTP/1.1
HTTP headers:
Host: localhost
User-Agent: Ticketing-WebApp
Authorization: Bearer eyJ0eXAiOiJKV1QiLCJhbGciOiJIUzI1NiJ9.eyJpYXQiOjE1NTc2NjEzNjIsImp0aSI6InN3VktRWWNVRWQ0TzJsMk5tODkyekt5ZUxCU0t3ZWhySjBFeWQ1Sml5b0E9IiwiaXNzIjoiOjoxIiwibmJmIjoxNTU3NjYxMzYyLCJleHAiOjE1NTc2NjMxNjIsImRhdGEiOnsidXNlcm5hbWUiOiJhZGUiLCJwYXNzd29yZCI6ImI3MDE2NmQyMzU5ZTU1ZmYzNDg0ZjVkNzAyMGM3MGQ4NmQ4OTA3OTYiLCJpcCI6Ijo6MSIsInVzZXJfYWdlbnQiOiJUaWNrZXRpbmctV2ViQXBwIn19.i88wPLzRJiPZIFSp32QuFRCGuvLA7H9x5WjD-8yx15A
Connection: close
Request body:

========================================
2019-05-12 18:42:43 
::1 GET /tourism/public-api/v1/province//cities?limit=1 HTTP/1.1
HTTP headers:
Host: localhost
User-Agent: Ticketing-WebApp
Authorization: Bearer eyJ0eXAiOiJKV1QiLCJhbGciOiJIUzI1NiJ9.eyJpYXQiOjE1NTc2NjEzNjIsImp0aSI6InN3VktRWWNVRWQ0TzJsMk5tODkyekt5ZUxCU0t3ZWhySjBFeWQ1Sml5b0E9IiwiaXNzIjoiOjoxIiwibmJmIjoxNTU3NjYxMzYyLCJleHAiOjE1NTc2NjMxNjIsImRhdGEiOnsidXNlcm5hbWUiOiJhZGUiLCJwYXNzd29yZCI6ImI3MDE2NmQyMzU5ZTU1ZmYzNDg0ZjVkNzAyMGM3MGQ4NmQ4OTA3OTYiLCJpcCI6Ijo6MSIsInVzZXJfYWdlbnQiOiJUaWNrZXRpbmctV2ViQXBwIn19.i88wPLzRJiPZIFSp32QuFRCGuvLA7H9x5WjD-8yx15A
Connection: close
Request body:

========================================
2019-05-12 18:42:43 
::1 POST /tourism/public-api/v1/users/token HTTP/1.1
HTTP headers:
Host: localhost
Content-Length: 25
User-Agent: Ticketing-WebApp
Connection: close
Content-Type: application/x-www-form-urlencoded
Request body:
username=ade&password=ade
========================================
2019-05-12 18:42:44 
::1 GET /tourism/public-api/v1/province//cities?limit=1 HTTP/1.1
HTTP headers:
Host: localhost
User-Agent: Ticketing-WebApp
Authorization: Bearer eyJ0eXAiOiJKV1QiLCJhbGciOiJIUzI1NiJ9.eyJpYXQiOjE1NTc2NjEzNjMsImp0aSI6IlNBUFMrZlh2cU0ySGh0ZEF3RnU3S0ZDTjZ1SHNhSjNxbEtSSHdKbGU5TUk9IiwiaXNzIjoiOjoxIiwibmJmIjoxNTU3NjYxMzYzLCJleHAiOjE1NTc2NjMxNjMsImRhdGEiOnsidXNlcm5hbWUiOiJhZGUiLCJwYXNzd29yZCI6ImI3MDE2NmQyMzU5ZTU1ZmYzNDg0ZjVkNzAyMGM3MGQ4NmQ4OTA3OTYiLCJpcCI6Ijo6MSIsInVzZXJfYWdlbnQiOiJUaWNrZXRpbmctV2ViQXBwIn19.ngqnYpkMtgLO_ugdfXGdsNbVTPWnNQSQSEIb__2xp1A
Connection: close
Request body:

========================================
2019-05-12 18:42:44 
::1 POST /tourism/public-api/v1/users/token HTTP/1.1
HTTP headers:
Host: localhost
Content-Length: 25
User-Agent: Ticketing-WebApp
Connection: close
Content-Type: application/x-www-form-urlencoded
Request body:
username=ade&password=ade
========================================
2019-05-12 18:42:45 
::1 GET /tourism/public-api/v1/province//cities?limit=1 HTTP/1.1
HTTP headers:
Host: localhost
User-Agent: Ticketing-WebApp
Authorization: Bearer eyJ0eXAiOiJKV1QiLCJhbGciOiJIUzI1NiJ9.eyJpYXQiOjE1NTc2NjEzNjQsImp0aSI6IitTQWh1OEVDUHlhd1pNSzFnTkFrcWNtM0ZOOUVGbHNhKzY4SHFCQzdKU289IiwiaXNzIjoiOjoxIiwibmJmIjoxNTU3NjYxMzY0LCJleHAiOjE1NTc2NjMxNjQsImRhdGEiOnsidXNlcm5hbWUiOiJhZGUiLCJwYXNzd29yZCI6ImI3MDE2NmQyMzU5ZTU1ZmYzNDg0ZjVkNzAyMGM3MGQ4NmQ4OTA3OTYiLCJpcCI6Ijo6MSIsInVzZXJfYWdlbnQiOiJUaWNrZXRpbmctV2ViQXBwIn19.lC5t5CP7ifIB7L4UE5Nj7ULf2Dl-7I5GA9GfIub1cM8
Connection: close
Request body:

========================================
2019-05-12 18:42:45 
::1 POST /tourism/public-api/v1/users/token HTTP/1.1
HTTP headers:
Host: localhost
Content-Length: 25
User-Agent: Ticketing-WebApp
Connection: close
Content-Type: application/x-www-form-urlencoded
Request body:
username=ade&password=ade
========================================
2019-05-12 18:42:46 
::1 GET /tourism/public-api/v1/province//cities?limit=1 HTTP/1.1
HTTP headers:
Host: localhost
User-Agent: Ticketing-WebApp
Authorization: Bearer eyJ0eXAiOiJKV1QiLCJhbGciOiJIUzI1NiJ9.eyJpYXQiOjE1NTc2NjEzNjUsImp0aSI6IldaZWVaM2xHSjA1aG13aEFwRnQ4S0IwT1dHSzJzakY3ZWhKYmRDXC9HZ3g0PSIsImlzcyI6Ijo6MSIsIm5iZiI6MTU1NzY2MTM2NSwiZXhwIjoxNTU3NjYzMTY1LCJkYXRhIjp7InVzZXJuYW1lIjoiYWRlIiwicGFzc3dvcmQiOiJiNzAxNjZkMjM1OWU1NWZmMzQ4NGY1ZDcwMjBjNzBkODZkODkwNzk2IiwiaXAiOiI6OjEiLCJ1c2VyX2FnZW50IjoiVGlja2V0aW5nLVdlYkFwcCJ9fQ.w60kGp-8etWbRQzz_55N9V74WK1RgdKaAA67HkCW_EY
Connection: close
Request body:

========================================
2019-05-12 18:42:46 
::1 GET /tourism/public-api/v1/province//cities?limit= HTTP/1.1
HTTP headers:
Host: localhost
User-Agent: Ticketing-WebApp
Authorization: Bearer eyJ0eXAiOiJKV1QiLCJhbGciOiJIUzI1NiJ9.eyJpYXQiOjE1NTc2NjEzNjUsImp0aSI6IldaZWVaM2xHSjA1aG13aEFwRnQ4S0IwT1dHSzJzakY3ZWhKYmRDXC9HZ3g0PSIsImlzcyI6Ijo6MSIsIm5iZiI6MTU1NzY2MTM2NSwiZXhwIjoxNTU3NjYzMTY1LCJkYXRhIjp7InVzZXJuYW1lIjoiYWRlIiwicGFzc3dvcmQiOiJiNzAxNjZkMjM1OWU1NWZmMzQ4NGY1ZDcwMjBjNzBkODZkODkwNzk2IiwiaXAiOiI6OjEiLCJ1c2VyX2FnZW50IjoiVGlja2V0aW5nLVdlYkFwcCJ9fQ.w60kGp-8etWbRQzz_55N9V74WK1RgdKaAA67HkCW_EY
Connection: close
Request body:

========================================
2019-05-12 18:42:47 
::1 POST /tourism/public-api/v1/users/token HTTP/1.1
HTTP headers:
Host: localhost
Content-Length: 25
User-Agent: Ticketing-WebApp
Connection: close
Content-Type: application/x-www-form-urlencoded
Request body:
username=ade&password=ade
========================================
2019-05-12 18:42:48 
::1 GET /tourism/public-api/v1/province//cities?limit= HTTP/1.1
HTTP headers:
Host: localhost
User-Agent: Ticketing-WebApp
Authorization: Bearer eyJ0eXAiOiJKV1QiLCJhbGciOiJIUzI1NiJ9.eyJpYXQiOjE1NTc2NjEzNjcsImp0aSI6InMrRVpGbE5OVm1yNHhKVzd6V0kraHFMMk56czM4VU5zRVhcLzFuM2Z5ZWx3PSIsImlzcyI6Ijo6MSIsIm5iZiI6MTU1NzY2MTM2NywiZXhwIjoxNTU3NjYzMTY3LCJkYXRhIjp7InVzZXJuYW1lIjoiYWRlIiwicGFzc3dvcmQiOiJiNzAxNjZkMjM1OWU1NWZmMzQ4NGY1ZDcwMjBjNzBkODZkODkwNzk2IiwiaXAiOiI6OjEiLCJ1c2VyX2FnZW50IjoiVGlja2V0aW5nLVdlYkFwcCJ9fQ.PLTj5ll2sqlWCeZmHySQ3K9GbtoGmv8vfZu5Ze7Yr0c
Connection: close
Request body:

========================================
2019-05-12 18:42:48 
::1 POST /tourism/public-api/v1/users/token HTTP/1.1
HTTP headers:
Host: localhost
Content-Length: 25
User-Agent: Ticketing-WebApp
Connection: close
Content-Type: application/x-www-form-urlencoded
Request body:
username=ade&password=ade
========================================
2019-05-12 18:42:49 
::1 GET /tourism/public-api/v1/province//cities?limit= HTTP/1.1
HTTP headers:
Host: localhost
User-Agent: Ticketing-WebApp
Authorization: Bearer eyJ0eXAiOiJKV1QiLCJhbGciOiJIUzI1NiJ9.eyJpYXQiOjE1NTc2NjEzNjgsImp0aSI6InpWVFRiMm5XWDJOOHE0VXl4SWJLbWRrQVkzZzZnUmNtVm5ZZ2wwa3VYU0U9IiwiaXNzIjoiOjoxIiwibmJmIjoxNTU3NjYxMzY4LCJleHAiOjE1NTc2NjMxNjgsImRhdGEiOnsidXNlcm5hbWUiOiJhZGUiLCJwYXNzd29yZCI6ImI3MDE2NmQyMzU5ZTU1ZmYzNDg0ZjVkNzAyMGM3MGQ4NmQ4OTA3OTYiLCJpcCI6Ijo6MSIsInVzZXJfYWdlbnQiOiJUaWNrZXRpbmctV2ViQXBwIn19.L3mKEtihVuOzWN68Y4kMOLud5uK5lOJkwZCdBf3UZi4
Connection: close
Request body:

========================================
2019-05-12 18:42:49 
::1 POST /tourism/public-api/v1/users/token HTTP/1.1
HTTP headers:
Host: localhost
Content-Length: 25
User-Agent: Ticketing-WebApp
Connection: close
Content-Type: application/x-www-form-urlencoded
Request body:
username=ade&password=ade
========================================
2019-05-12 18:42:50 
::1 GET /tourism/public-api/v1/province//cities?limit= HTTP/1.1
HTTP headers:
Host: localhost
User-Agent: Ticketing-WebApp
Authorization: Bearer eyJ0eXAiOiJKV1QiLCJhbGciOiJIUzI1NiJ9.eyJpYXQiOjE1NTc2NjEzNjksImp0aSI6InhiTGhsRmZYVVJWOXlVYm9PdzVJZ0sxUWNINlM2MGEwNmhWT3ZoZ2J1TWc9IiwiaXNzIjoiOjoxIiwibmJmIjoxNTU3NjYxMzY5LCJleHAiOjE1NTc2NjMxNjksImRhdGEiOnsidXNlcm5hbWUiOiJhZGUiLCJwYXNzd29yZCI6ImI3MDE2NmQyMzU5ZTU1ZmYzNDg0ZjVkNzAyMGM3MGQ4NmQ4OTA3OTYiLCJpcCI6Ijo6MSIsInVzZXJfYWdlbnQiOiJUaWNrZXRpbmctV2ViQXBwIn19.HK5qPZMKsrKvYZsYXBFqzRkogrzSBlK7K3gAC2KfCIk
Connection: close
Request body:

========================================
2019-05-12 18:42:50 
::1 GET /tourism/public-api/v1/provinces//countries?limit=1 HTTP/1.1
HTTP headers:
Host: localhost
User-Agent: Ticketing-WebApp
Authorization: Bearer eyJ0eXAiOiJKV1QiLCJhbGciOiJIUzI1NiJ9.eyJpYXQiOjE1NTc2NjEzNjksImp0aSI6InhiTGhsRmZYVVJWOXlVYm9PdzVJZ0sxUWNINlM2MGEwNmhWT3ZoZ2J1TWc9IiwiaXNzIjoiOjoxIiwibmJmIjoxNTU3NjYxMzY5LCJleHAiOjE1NTc2NjMxNjksImRhdGEiOnsidXNlcm5hbWUiOiJhZGUiLCJwYXNzd29yZCI6ImI3MDE2NmQyMzU5ZTU1ZmYzNDg0ZjVkNzAyMGM3MGQ4NmQ4OTA3OTYiLCJpcCI6Ijo6MSIsInVzZXJfYWdlbnQiOiJUaWNrZXRpbmctV2ViQXBwIn19.HK5qPZMKsrKvYZsYXBFqzRkogrzSBlK7K3gAC2KfCIk
Connection: close
Request body:

========================================
2019-05-12 18:42:50 
::1 POST /tourism/public-api/v1/users/token HTTP/1.1
HTTP headers:
Host: localhost
Content-Length: 25
User-Agent: Ticketing-WebApp
Connection: close
Content-Type: application/x-www-form-urlencoded
Request body:
username=ade&password=ade
========================================
2019-05-12 18:42:51 
::1 GET /tourism/public-api/v1/provinces//countries?limit=1 HTTP/1.1
HTTP headers:
Host: localhost
User-Agent: Ticketing-WebApp
Authorization: Bearer eyJ0eXAiOiJKV1QiLCJhbGciOiJIUzI1NiJ9.eyJpYXQiOjE1NTc2NjEzNzAsImp0aSI6Im9yOEJjV292WkhjdVJuYmlwWTVPcnY1OFJqQ1wvaGNXbUdqa1FRYUsrWGVVPSIsImlzcyI6Ijo6MSIsIm5iZiI6MTU1NzY2MTM3MCwiZXhwIjoxNTU3NjYzMTcwLCJkYXRhIjp7InVzZXJuYW1lIjoiYWRlIiwicGFzc3dvcmQiOiJiNzAxNjZkMjM1OWU1NWZmMzQ4NGY1ZDcwMjBjNzBkODZkODkwNzk2IiwiaXAiOiI6OjEiLCJ1c2VyX2FnZW50IjoiVGlja2V0aW5nLVdlYkFwcCJ9fQ.JwjgeYKmYlv_2sjLsoFMxYkyNCAHVQlgwdPoqYzIxec
Connection: close
Request body:

========================================
2019-05-12 18:42:51 
::1 POST /tourism/public-api/v1/users/token HTTP/1.1
HTTP headers:
Host: localhost
Content-Length: 25
User-Agent: Ticketing-WebApp
Connection: close
Content-Type: application/x-www-form-urlencoded
Request body:
username=ade&password=ade
========================================
2019-05-12 18:42:52 
::1 GET /tourism/public-api/v1/provinces//countries?limit=1 HTTP/1.1
HTTP headers:
Host: localhost
User-Agent: Ticketing-WebApp
Authorization: Bearer eyJ0eXAiOiJKV1QiLCJhbGciOiJIUzI1NiJ9.eyJpYXQiOjE1NTc2NjEzNzEsImp0aSI6IitHb0lWTDd0QWhaYlJPXC8yaXN1ZHd5czEzXC9hM1FSVDg5YmJJRVUwQ295TT0iLCJpc3MiOiI6OjEiLCJuYmYiOjE1NTc2NjEzNzEsImV4cCI6MTU1NzY2MzE3MSwiZGF0YSI6eyJ1c2VybmFtZSI6ImFkZSIsInBhc3N3b3JkIjoiYjcwMTY2ZDIzNTllNTVmZjM0ODRmNWQ3MDIwYzcwZDg2ZDg5MDc5NiIsImlwIjoiOjoxIiwidXNlcl9hZ2VudCI6IlRpY2tldGluZy1XZWJBcHAifX0.RDSBxU01wB6vwU9uWsGLF_KWMdCDFJoiaZpEl6pMpdY
Connection: close
Request body:

========================================
2019-05-12 18:42:52 
::1 POST /tourism/public-api/v1/users/token HTTP/1.1
HTTP headers:
Host: localhost
Content-Length: 25
User-Agent: Ticketing-WebApp
Connection: close
Content-Type: application/x-www-form-urlencoded
Request body:
username=ade&password=ade
========================================
2019-05-12 18:42:53 
::1 GET /tourism/public-api/v1/provinces//countries?limit=1 HTTP/1.1
HTTP headers:
Host: localhost
User-Agent: Ticketing-WebApp
Authorization: Bearer eyJ0eXAiOiJKV1QiLCJhbGciOiJIUzI1NiJ9.eyJpYXQiOjE1NTc2NjEzNzIsImp0aSI6IjlmQWV4cWNKRlU5VGs5MU9kK2pzbE9mMU9DczErXC9uS1hIa21WMG1SMzZzPSIsImlzcyI6Ijo6MSIsIm5iZiI6MTU1NzY2MTM3MiwiZXhwIjoxNTU3NjYzMTcyLCJkYXRhIjp7InVzZXJuYW1lIjoiYWRlIiwicGFzc3dvcmQiOiJiNzAxNjZkMjM1OWU1NWZmMzQ4NGY1ZDcwMjBjNzBkODZkODkwNzk2IiwiaXAiOiI6OjEiLCJ1c2VyX2FnZW50IjoiVGlja2V0aW5nLVdlYkFwcCJ9fQ.YzWyKfgGn_l-ifrt_8NIX1rc72kGEHboQcI1QyI8uN0
Connection: close
Request body:

========================================
2019-05-12 18:42:54 
::1 GET /tourism/public-api/v1/provinces//countries?limit= HTTP/1.1
HTTP headers:
Host: localhost
User-Agent: Ticketing-WebApp
Authorization: Bearer eyJ0eXAiOiJKV1QiLCJhbGciOiJIUzI1NiJ9.eyJpYXQiOjE1NTc2NjEzNzIsImp0aSI6IjlmQWV4cWNKRlU5VGs5MU9kK2pzbE9mMU9DczErXC9uS1hIa21WMG1SMzZzPSIsImlzcyI6Ijo6MSIsIm5iZiI6MTU1NzY2MTM3MiwiZXhwIjoxNTU3NjYzMTcyLCJkYXRhIjp7InVzZXJuYW1lIjoiYWRlIiwicGFzc3dvcmQiOiJiNzAxNjZkMjM1OWU1NWZmMzQ4NGY1ZDcwMjBjNzBkODZkODkwNzk2IiwiaXAiOiI6OjEiLCJ1c2VyX2FnZW50IjoiVGlja2V0aW5nLVdlYkFwcCJ9fQ.YzWyKfgGn_l-ifrt_8NIX1rc72kGEHboQcI1QyI8uN0
Connection: close
Request body:

========================================
2019-05-12 18:42:54 
::1 POST /tourism/public-api/v1/users/token HTTP/1.1
HTTP headers:
Host: localhost
Content-Length: 25
User-Agent: Ticketing-WebApp
Connection: close
Content-Type: application/x-www-form-urlencoded
Request body:
username=ade&password=ade
========================================
2019-05-12 18:42:55 
::1 GET /tourism/public-api/v1/provinces//countries?limit= HTTP/1.1
HTTP headers:
Host: localhost
User-Agent: Ticketing-WebApp
Authorization: Bearer eyJ0eXAiOiJKV1QiLCJhbGciOiJIUzI1NiJ9.eyJpYXQiOjE1NTc2NjEzNzQsImp0aSI6InNDcVRmVGFwSDI4NHV2VmNDKzhXdjM3aXpiSGd4cjY5RmNkWTJBWEkrUmM9IiwiaXNzIjoiOjoxIiwibmJmIjoxNTU3NjYxMzc0LCJleHAiOjE1NTc2NjMxNzQsImRhdGEiOnsidXNlcm5hbWUiOiJhZGUiLCJwYXNzd29yZCI6ImI3MDE2NmQyMzU5ZTU1ZmYzNDg0ZjVkNzAyMGM3MGQ4NmQ4OTA3OTYiLCJpcCI6Ijo6MSIsInVzZXJfYWdlbnQiOiJUaWNrZXRpbmctV2ViQXBwIn19.ATOiL5eBDOGrSFIv5MB01bzFueuhOMD1PiW7DQEistI
Connection: close
Request body:

========================================
2019-05-12 18:42:55 
::1 POST /tourism/public-api/v1/users/token HTTP/1.1
HTTP headers:
Host: localhost
Content-Length: 25
User-Agent: Ticketing-WebApp
Connection: close
Content-Type: application/x-www-form-urlencoded
Request body:
username=ade&password=ade
========================================
2019-05-12 18:42:56 
::1 GET /tourism/public-api/v1/provinces//countries?limit= HTTP/1.1
HTTP headers:
Host: localhost
User-Agent: Ticketing-WebApp
Authorization: Bearer eyJ0eXAiOiJKV1QiLCJhbGciOiJIUzI1NiJ9.eyJpYXQiOjE1NTc2NjEzNzUsImp0aSI6IlE3Sk5IaTB3TmZ5K1d3K2hNUDdONkdrQ2xZUVFhczRPOVF6NDYrQVM0VVk9IiwiaXNzIjoiOjoxIiwibmJmIjoxNTU3NjYxMzc1LCJleHAiOjE1NTc2NjMxNzUsImRhdGEiOnsidXNlcm5hbWUiOiJhZGUiLCJwYXNzd29yZCI6ImI3MDE2NmQyMzU5ZTU1ZmYzNDg0ZjVkNzAyMGM3MGQ4NmQ4OTA3OTYiLCJpcCI6Ijo6MSIsInVzZXJfYWdlbnQiOiJUaWNrZXRpbmctV2ViQXBwIn19.JtS72QNexbL_gaVkh9KAtRpmn2oGNGAViPGYhFpxGX4
Connection: close
Request body:

========================================
2019-05-12 18:42:56 
::1 POST /tourism/public-api/v1/users/token HTTP/1.1
HTTP headers:
Host: localhost
Content-Length: 25
User-Agent: Ticketing-WebApp
Connection: close
Content-Type: application/x-www-form-urlencoded
Request body:
username=ade&password=ade
========================================
2019-05-12 18:42:57 
::1 GET /tourism/public-api/v1/provinces//countries?limit= HTTP/1.1
HTTP headers:
Host: localhost
User-Agent: Ticketing-WebApp
Authorization: Bearer eyJ0eXAiOiJKV1QiLCJhbGciOiJIUzI1NiJ9.eyJpYXQiOjE1NTc2NjEzNzYsImp0aSI6Iklxbmd3ZGFFNlBFWENGS0xPUmExMkdPS1JkaU1tSXhSXC9ia0RtZ29WVGlFPSIsImlzcyI6Ijo6MSIsIm5iZiI6MTU1NzY2MTM3NiwiZXhwIjoxNTU3NjYzMTc2LCJkYXRhIjp7InVzZXJuYW1lIjoiYWRlIiwicGFzc3dvcmQiOiJiNzAxNjZkMjM1OWU1NWZmMzQ4NGY1ZDcwMjBjNzBkODZkODkwNzk2IiwiaXAiOiI6OjEiLCJ1c2VyX2FnZW50IjoiVGlja2V0aW5nLVdlYkFwcCJ9fQ.L4qUPs8R-tTE5adHNJYqt5L49nh4XT17-LD9m5NqmqA
Connection: close
Request body:

========================================
