2018-01-09 09:28:29 
::1 POST /synergix-takaful/public-api/v1/users/token HTTP/1.1
HTTP headers:
Host: localhost
Content-Length: 31
User-Agent: Ticketing-WebApp
Connection: close
Content-Type: application/x-www-form-urlencoded
Request body:
username=nyimas&password=nyimas
========================================
2018-01-09 09:28:30 
::1 GET /synergix-takaful/public-api/v1/users/17 HTTP/1.1
HTTP headers:
Host: localhost
User-Agent: Ticketing-WebApp
Authorization: Bearer eyJ0eXAiOiJKV1QiLCJhbGciOiJIUzI1NiJ9.eyJpYXQiOjE1MTU0NjQ5MDksImp0aSI6InU4Vkpoelp2TElqN0M5VHJxcU1uTTZnZThDcUIrNXhLOFY1K2pBbWtzUlU9IiwiaXNzIjoiOjoxIiwibmJmIjoxNTE1NDY0OTA5LCJleHAiOjE1MTU0NjY3MDksImRhdGEiOnsidXNlcm5hbWUiOiJueWltYXMiLCJwYXNzd29yZCI6IjM5ZDVmOWE3ZTI5ZWIwODViZGZmY2VlYWM4YjI3Yzk5ZWY5ZGEwNmQiLCJpcCI6Ijo6MSIsInVzZXJfYWdlbnQiOiJUaWNrZXRpbmctV2ViQXBwIn19.33eTC9NCsvulFuKzbCELykPzE5Xv70MV1xok-JAJfis
Connection: close
Request body:

========================================
2018-01-09 09:28:30 
::1 GET /synergix-takaful/public-api/v1/user_level_modules/active?code=TICKET&user_level_id=1 HTTP/1.1
HTTP headers:
Host: localhost
User-Agent: Ticketing-WebApp
Authorization: Bearer eyJ0eXAiOiJKV1QiLCJhbGciOiJIUzI1NiJ9.eyJpYXQiOjE1MTU0NjQ5MDksImp0aSI6InU4Vkpoelp2TElqN0M5VHJxcU1uTTZnZThDcUIrNXhLOFY1K2pBbWtzUlU9IiwiaXNzIjoiOjoxIiwibmJmIjoxNTE1NDY0OTA5LCJleHAiOjE1MTU0NjY3MDksImRhdGEiOnsidXNlcm5hbWUiOiJueWltYXMiLCJwYXNzd29yZCI6IjM5ZDVmOWE3ZTI5ZWIwODViZGZmY2VlYWM4YjI3Yzk5ZWY5ZGEwNmQiLCJpcCI6Ijo6MSIsInVzZXJfYWdlbnQiOiJUaWNrZXRpbmctV2ViQXBwIn19.33eTC9NCsvulFuKzbCELykPzE5Xv70MV1xok-JAJfis
Connection: close
Request body:

========================================
2018-01-09 09:28:38 
::1 GET /synergix-takaful/public-api/v1/tickets?limit=20&start=1515430800&end=1515430800 HTTP/1.1
HTTP headers:
Host: localhost
User-Agent: Ticketing-WebApp
Authorization: Bearer eyJ0eXAiOiJKV1QiLCJhbGciOiJIUzI1NiJ9.eyJpYXQiOjE1MTU0NjQ5MDksImp0aSI6InU4Vkpoelp2TElqN0M5VHJxcU1uTTZnZThDcUIrNXhLOFY1K2pBbWtzUlU9IiwiaXNzIjoiOjoxIiwibmJmIjoxNTE1NDY0OTA5LCJleHAiOjE1MTU0NjY3MDksImRhdGEiOnsidXNlcm5hbWUiOiJueWltYXMiLCJwYXNzd29yZCI6IjM5ZDVmOWE3ZTI5ZWIwODViZGZmY2VlYWM4YjI3Yzk5ZWY5ZGEwNmQiLCJpcCI6Ijo6MSIsInVzZXJfYWdlbnQiOiJUaWNrZXRpbmctV2ViQXBwIn19.33eTC9NCsvulFuKzbCELykPzE5Xv70MV1xok-JAJfis
Connection: close
Request body:

========================================
2018-01-09 09:30:25 
::1 POST /synergix-takaful/public-api/v1/users/token HTTP/1.1
HTTP headers:
Host: localhost
Content-Length: 35
User-Agent: Ticketing-WebApp
Connection: close
Content-Type: application/x-www-form-urlencoded
Request body:
username=ba_admin&password=ba_admin
========================================
2018-01-09 09:30:26 
::1 GET /synergix-takaful/public-api/v1/users/9 HTTP/1.1
HTTP headers:
Host: localhost
User-Agent: Ticketing-WebApp
Authorization: Bearer eyJ0eXAiOiJKV1QiLCJhbGciOiJIUzI1NiJ9.eyJpYXQiOjE1MTU0NjUwMjUsImp0aSI6InczVUZQZjRcLzE0bUFQVkluMHFMOXJyXC9SNUk0cUNEVGcycW55c2prRDRVRT0iLCJpc3MiOiI6OjEiLCJuYmYiOjE1MTU0NjUwMjUsImV4cCI6MTUxNTQ2NjgyNSwiZGF0YSI6eyJ1c2VybmFtZSI6ImJhX2FkbWluIiwicGFzc3dvcmQiOiJhMDM2YWMxMzcyMmFhM2M2ODViNGZjNDk1YmNhMTBhNzE3NGYwOTcwIiwiaXAiOiI6OjEiLCJ1c2VyX2FnZW50IjoiVGlja2V0aW5nLVdlYkFwcCJ9fQ.I_zK_c7z27WjRNJZBzC2Qjh2p3-a_TvPD2MH1hetWe4
Connection: close
Request body:

========================================
2018-01-09 09:30:26 
::1 GET /synergix-takaful/public-api/v1/user_level_modules/active?code=TICKET&user_level_id=7 HTTP/1.1
HTTP headers:
Host: localhost
User-Agent: Ticketing-WebApp
Authorization: Bearer eyJ0eXAiOiJKV1QiLCJhbGciOiJIUzI1NiJ9.eyJpYXQiOjE1MTU0NjUwMjUsImp0aSI6InczVUZQZjRcLzE0bUFQVkluMHFMOXJyXC9SNUk0cUNEVGcycW55c2prRDRVRT0iLCJpc3MiOiI6OjEiLCJuYmYiOjE1MTU0NjUwMjUsImV4cCI6MTUxNTQ2NjgyNSwiZGF0YSI6eyJ1c2VybmFtZSI6ImJhX2FkbWluIiwicGFzc3dvcmQiOiJhMDM2YWMxMzcyMmFhM2M2ODViNGZjNDk1YmNhMTBhNzE3NGYwOTcwIiwiaXAiOiI6OjEiLCJ1c2VyX2FnZW50IjoiVGlja2V0aW5nLVdlYkFwcCJ9fQ.I_zK_c7z27WjRNJZBzC2Qjh2p3-a_TvPD2MH1hetWe4
Connection: close
Request body:

========================================
2018-01-09 09:30:27 
::1 GET /synergix-takaful/public-api/v1/tickets?limit=20&start=1515430800&end=1515430800 HTTP/1.1
HTTP headers:
Host: localhost
User-Agent: Ticketing-WebApp
Authorization: Bearer eyJ0eXAiOiJKV1QiLCJhbGciOiJIUzI1NiJ9.eyJpYXQiOjE1MTU0NjUwMjUsImp0aSI6InczVUZQZjRcLzE0bUFQVkluMHFMOXJyXC9SNUk0cUNEVGcycW55c2prRDRVRT0iLCJpc3MiOiI6OjEiLCJuYmYiOjE1MTU0NjUwMjUsImV4cCI6MTUxNTQ2NjgyNSwiZGF0YSI6eyJ1c2VybmFtZSI6ImJhX2FkbWluIiwicGFzc3dvcmQiOiJhMDM2YWMxMzcyMmFhM2M2ODViNGZjNDk1YmNhMTBhNzE3NGYwOTcwIiwiaXAiOiI6OjEiLCJ1c2VyX2FnZW50IjoiVGlja2V0aW5nLVdlYkFwcCJ9fQ.I_zK_c7z27WjRNJZBzC2Qjh2p3-a_TvPD2MH1hetWe4
Connection: close
Request body:

========================================
2018-01-09 09:43:46 
::1 GET /synergix-takaful/public-api/v1/tickets?limit=20 HTTP/1.1
HTTP headers:
Host: localhost
User-Agent: Ticketing-WebApp
Authorization: Bearer eyJ0eXAiOiJKV1QiLCJhbGciOiJIUzI1NiJ9.eyJpYXQiOjE1MTU0NjUwMjUsImp0aSI6InczVUZQZjRcLzE0bUFQVkluMHFMOXJyXC9SNUk0cUNEVGcycW55c2prRDRVRT0iLCJpc3MiOiI6OjEiLCJuYmYiOjE1MTU0NjUwMjUsImV4cCI6MTUxNTQ2NjgyNSwiZGF0YSI6eyJ1c2VybmFtZSI6ImJhX2FkbWluIiwicGFzc3dvcmQiOiJhMDM2YWMxMzcyMmFhM2M2ODViNGZjNDk1YmNhMTBhNzE3NGYwOTcwIiwiaXAiOiI6OjEiLCJ1c2VyX2FnZW50IjoiVGlja2V0aW5nLVdlYkFwcCJ9fQ.I_zK_c7z27WjRNJZBzC2Qjh2p3-a_TvPD2MH1hetWe4
Connection: close
Request body:

========================================
2018-01-09 09:43:55 
::1 GET /synergix-takaful/public-api/v1/tickets?limit=1&ticket_no=1801080008 HTTP/1.1
HTTP headers:
Host: localhost
User-Agent: Ticketing-WebApp
Authorization: Bearer eyJ0eXAiOiJKV1QiLCJhbGciOiJIUzI1NiJ9.eyJpYXQiOjE1MTU0NjUwMjUsImp0aSI6InczVUZQZjRcLzE0bUFQVkluMHFMOXJyXC9SNUk0cUNEVGcycW55c2prRDRVRT0iLCJpc3MiOiI6OjEiLCJuYmYiOjE1MTU0NjUwMjUsImV4cCI6MTUxNTQ2NjgyNSwiZGF0YSI6eyJ1c2VybmFtZSI6ImJhX2FkbWluIiwicGFzc3dvcmQiOiJhMDM2YWMxMzcyMmFhM2M2ODViNGZjNDk1YmNhMTBhNzE3NGYwOTcwIiwiaXAiOiI6OjEiLCJ1c2VyX2FnZW50IjoiVGlja2V0aW5nLVdlYkFwcCJ9fQ.I_zK_c7z27WjRNJZBzC2Qjh2p3-a_TvPD2MH1hetWe4
Connection: close
Request body:

========================================
2018-01-09 09:43:56 
::1 GET /synergix-takaful/public-api/v1/contact_types?is_active=1 HTTP/1.1
HTTP headers:
Host: localhost
User-Agent: Ticketing-WebApp
Authorization: Bearer eyJ0eXAiOiJKV1QiLCJhbGciOiJIUzI1NiJ9.eyJpYXQiOjE1MTU0NjUwMjUsImp0aSI6InczVUZQZjRcLzE0bUFQVkluMHFMOXJyXC9SNUk0cUNEVGcycW55c2prRDRVRT0iLCJpc3MiOiI6OjEiLCJuYmYiOjE1MTU0NjUwMjUsImV4cCI6MTUxNTQ2NjgyNSwiZGF0YSI6eyJ1c2VybmFtZSI6ImJhX2FkbWluIiwicGFzc3dvcmQiOiJhMDM2YWMxMzcyMmFhM2M2ODViNGZjNDk1YmNhMTBhNzE3NGYwOTcwIiwiaXAiOiI6OjEiLCJ1c2VyX2FnZW50IjoiVGlja2V0aW5nLVdlYkFwcCJ9fQ.I_zK_c7z27WjRNJZBzC2Qjh2p3-a_TvPD2MH1hetWe4
Connection: close
Request body:

========================================
2018-01-09 09:43:56 
::1 GET /synergix-takaful/public-api/v1/departments?is_active=1&limit=100 HTTP/1.1
HTTP headers:
Host: localhost
User-Agent: Ticketing-WebApp
Authorization: Bearer eyJ0eXAiOiJKV1QiLCJhbGciOiJIUzI1NiJ9.eyJpYXQiOjE1MTU0NjUwMjUsImp0aSI6InczVUZQZjRcLzE0bUFQVkluMHFMOXJyXC9SNUk0cUNEVGcycW55c2prRDRVRT0iLCJpc3MiOiI6OjEiLCJuYmYiOjE1MTU0NjUwMjUsImV4cCI6MTUxNTQ2NjgyNSwiZGF0YSI6eyJ1c2VybmFtZSI6ImJhX2FkbWluIiwicGFzc3dvcmQiOiJhMDM2YWMxMzcyMmFhM2M2ODViNGZjNDk1YmNhMTBhNzE3NGYwOTcwIiwiaXAiOiI6OjEiLCJ1c2VyX2FnZW50IjoiVGlja2V0aW5nLVdlYkFwcCJ9fQ.I_zK_c7z27WjRNJZBzC2Qjh2p3-a_TvPD2MH1hetWe4
Connection: close
Request body:

========================================
2018-01-09 09:43:56 
::1 GET /synergix-takaful/public-api/v1/ticket_priorities?is_active=1 HTTP/1.1
HTTP headers:
Host: localhost
User-Agent: Ticketing-WebApp
Authorization: Bearer eyJ0eXAiOiJKV1QiLCJhbGciOiJIUzI1NiJ9.eyJpYXQiOjE1MTU0NjUwMjUsImp0aSI6InczVUZQZjRcLzE0bUFQVkluMHFMOXJyXC9SNUk0cUNEVGcycW55c2prRDRVRT0iLCJpc3MiOiI6OjEiLCJuYmYiOjE1MTU0NjUwMjUsImV4cCI6MTUxNTQ2NjgyNSwiZGF0YSI6eyJ1c2VybmFtZSI6ImJhX2FkbWluIiwicGFzc3dvcmQiOiJhMDM2YWMxMzcyMmFhM2M2ODViNGZjNDk1YmNhMTBhNzE3NGYwOTcwIiwiaXAiOiI6OjEiLCJ1c2VyX2FnZW50IjoiVGlja2V0aW5nLVdlYkFwcCJ9fQ.I_zK_c7z27WjRNJZBzC2Qjh2p3-a_TvPD2MH1hetWe4
Connection: close
Request body:

========================================
2018-01-09 09:43:56 
::1 GET /synergix-takaful/public-api/v1/customer_types/active?limit=50 HTTP/1.1
HTTP headers:
Host: localhost
User-Agent: Ticketing-WebApp
Authorization: Bearer eyJ0eXAiOiJKV1QiLCJhbGciOiJIUzI1NiJ9.eyJpYXQiOjE1MTU0NjUwMjUsImp0aSI6InczVUZQZjRcLzE0bUFQVkluMHFMOXJyXC9SNUk0cUNEVGcycW55c2prRDRVRT0iLCJpc3MiOiI6OjEiLCJuYmYiOjE1MTU0NjUwMjUsImV4cCI6MTUxNTQ2NjgyNSwiZGF0YSI6eyJ1c2VybmFtZSI6ImJhX2FkbWluIiwicGFzc3dvcmQiOiJhMDM2YWMxMzcyMmFhM2M2ODViNGZjNDk1YmNhMTBhNzE3NGYwOTcwIiwiaXAiOiI6OjEiLCJ1c2VyX2FnZW50IjoiVGlja2V0aW5nLVdlYkFwcCJ9fQ.I_zK_c7z27WjRNJZBzC2Qjh2p3-a_TvPD2MH1hetWe4
Connection: close
Request body:

========================================
2018-01-09 09:44:01 
::1 GET /synergix-takaful/public-api/v1/media_tickets?ticket_id=8&order=created&sort=asc HTTP/1.1
HTTP headers:
Host: localhost
User-Agent: Ticketing-WebApp
Authorization: Bearer eyJ0eXAiOiJKV1QiLCJhbGciOiJIUzI1NiJ9.eyJpYXQiOjE1MTU0NjUwMjUsImp0aSI6InczVUZQZjRcLzE0bUFQVkluMHFMOXJyXC9SNUk0cUNEVGcycW55c2prRDRVRT0iLCJpc3MiOiI6OjEiLCJuYmYiOjE1MTU0NjUwMjUsImV4cCI6MTUxNTQ2NjgyNSwiZGF0YSI6eyJ1c2VybmFtZSI6ImJhX2FkbWluIiwicGFzc3dvcmQiOiJhMDM2YWMxMzcyMmFhM2M2ODViNGZjNDk1YmNhMTBhNzE3NGYwOTcwIiwiaXAiOiI6OjEiLCJ1c2VyX2FnZW50IjoiVGlja2V0aW5nLVdlYkFwcCJ9fQ.I_zK_c7z27WjRNJZBzC2Qjh2p3-a_TvPD2MH1hetWe4
Connection: close
Request body:

========================================
2018-01-09 09:44:04 
::1 GET /synergix-takaful/public-api/v1/tickets/8/ticket_histories HTTP/1.1
HTTP headers:
Host: localhost
User-Agent: Ticketing-WebApp
Authorization: Bearer eyJ0eXAiOiJKV1QiLCJhbGciOiJIUzI1NiJ9.eyJpYXQiOjE1MTU0NjUwMjUsImp0aSI6InczVUZQZjRcLzE0bUFQVkluMHFMOXJyXC9SNUk0cUNEVGcycW55c2prRDRVRT0iLCJpc3MiOiI6OjEiLCJuYmYiOjE1MTU0NjUwMjUsImV4cCI6MTUxNTQ2NjgyNSwiZGF0YSI6eyJ1c2VybmFtZSI6ImJhX2FkbWluIiwicGFzc3dvcmQiOiJhMDM2YWMxMzcyMmFhM2M2ODViNGZjNDk1YmNhMTBhNzE3NGYwOTcwIiwiaXAiOiI6OjEiLCJ1c2VyX2FnZW50IjoiVGlja2V0aW5nLVdlYkFwcCJ9fQ.I_zK_c7z27WjRNJZBzC2Qjh2p3-a_TvPD2MH1hetWe4
Connection: close
Request body:

========================================
2018-01-09 09:44:06 
::1 GET /synergix-takaful/public-api/v1/tickets/8/ticket_attachments HTTP/1.1
HTTP headers:
Host: localhost
User-Agent: Ticketing-WebApp
Authorization: Bearer eyJ0eXAiOiJKV1QiLCJhbGciOiJIUzI1NiJ9.eyJpYXQiOjE1MTU0NjUwMjUsImp0aSI6InczVUZQZjRcLzE0bUFQVkluMHFMOXJyXC9SNUk0cUNEVGcycW55c2prRDRVRT0iLCJpc3MiOiI6OjEiLCJuYmYiOjE1MTU0NjUwMjUsImV4cCI6MTUxNTQ2NjgyNSwiZGF0YSI6eyJ1c2VybmFtZSI6ImJhX2FkbWluIiwicGFzc3dvcmQiOiJhMDM2YWMxMzcyMmFhM2M2ODViNGZjNDk1YmNhMTBhNzE3NGYwOTcwIiwiaXAiOiI6OjEiLCJ1c2VyX2FnZW50IjoiVGlja2V0aW5nLVdlYkFwcCJ9fQ.I_zK_c7z27WjRNJZBzC2Qjh2p3-a_TvPD2MH1hetWe4
Connection: close
Request body:

========================================
2018-01-09 16:30:27 
::1 POST /synergix-takaful/public-api/v1/users/token HTTP/1.1
HTTP headers:
Host: localhost
Content-Length: 35
User-Agent: Ticketing-WebApp
Connection: close
Content-Type: application/x-www-form-urlencoded
Request body:
username=ba_admin&password=ba_admin
========================================
2018-01-09 16:30:29 
::1 GET /synergix-takaful/public-api/v1/users/9 HTTP/1.1
HTTP headers:
Host: localhost
User-Agent: Ticketing-WebApp
Authorization: Bearer eyJ0eXAiOiJKV1QiLCJhbGciOiJIUzI1NiJ9.eyJpYXQiOjE1MTU0OTAyMjgsImp0aSI6IjlualQ5T0VuckhtMHJxdktQXC95TXVtcXpmN2dKUDZwdGh1T2UzNGsyU0VnPSIsImlzcyI6Ijo6MSIsIm5iZiI6MTUxNTQ5MDIyOCwiZXhwIjoxNTE1NDkyMDI4LCJkYXRhIjp7InVzZXJuYW1lIjoiYmFfYWRtaW4iLCJwYXNzd29yZCI6ImEwMzZhYzEzNzIyYWEzYzY4NWI0ZmM0OTViY2ExMGE3MTc0ZjA5NzAiLCJpcCI6Ijo6MSIsInVzZXJfYWdlbnQiOiJUaWNrZXRpbmctV2ViQXBwIn19.zeCkf7AdVSEgdaWGavxSQzKXIu7UE91UZF9np6O1JmU
Connection: close
Request body:

========================================
2018-01-09 16:30:30 
::1 GET /synergix-takaful/public-api/v1/user_level_modules/active?code=TICKET&user_level_id=7&order=code&limit=100 HTTP/1.1
HTTP headers:
Host: localhost
User-Agent: Ticketing-WebApp
Authorization: Bearer eyJ0eXAiOiJKV1QiLCJhbGciOiJIUzI1NiJ9.eyJpYXQiOjE1MTU0OTAyMjgsImp0aSI6IjlualQ5T0VuckhtMHJxdktQXC95TXVtcXpmN2dKUDZwdGh1T2UzNGsyU0VnPSIsImlzcyI6Ijo6MSIsIm5iZiI6MTUxNTQ5MDIyOCwiZXhwIjoxNTE1NDkyMDI4LCJkYXRhIjp7InVzZXJuYW1lIjoiYmFfYWRtaW4iLCJwYXNzd29yZCI6ImEwMzZhYzEzNzIyYWEzYzY4NWI0ZmM0OTViY2ExMGE3MTc0ZjA5NzAiLCJpcCI6Ijo6MSIsInVzZXJfYWdlbnQiOiJUaWNrZXRpbmctV2ViQXBwIn19.zeCkf7AdVSEgdaWGavxSQzKXIu7UE91UZF9np6O1JmU
Connection: close
Request body:

========================================
2018-01-09 16:30:31 
::1 GET /synergix-takaful/public-api/v1/ticket_statistics HTTP/1.1
HTTP headers:
Host: localhost
User-Agent: Ticketing-WebApp
Authorization: Bearer eyJ0eXAiOiJKV1QiLCJhbGciOiJIUzI1NiJ9.eyJpYXQiOjE1MTU0OTAyMjgsImp0aSI6IjlualQ5T0VuckhtMHJxdktQXC95TXVtcXpmN2dKUDZwdGh1T2UzNGsyU0VnPSIsImlzcyI6Ijo6MSIsIm5iZiI6MTUxNTQ5MDIyOCwiZXhwIjoxNTE1NDkyMDI4LCJkYXRhIjp7InVzZXJuYW1lIjoiYmFfYWRtaW4iLCJwYXNzd29yZCI6ImEwMzZhYzEzNzIyYWEzYzY4NWI0ZmM0OTViY2ExMGE3MTc0ZjA5NzAiLCJpcCI6Ijo6MSIsInVzZXJfYWdlbnQiOiJUaWNrZXRpbmctV2ViQXBwIn19.zeCkf7AdVSEgdaWGavxSQzKXIu7UE91UZF9np6O1JmU
Connection: close
Request body:

========================================
2018-01-09 16:30:31 
::1 GET /synergix-takaful/public-api/v1/ticket_statistics/departments HTTP/1.1
HTTP headers:
Host: localhost
User-Agent: Ticketing-WebApp
Authorization: Bearer eyJ0eXAiOiJKV1QiLCJhbGciOiJIUzI1NiJ9.eyJpYXQiOjE1MTU0OTAyMjgsImp0aSI6IjlualQ5T0VuckhtMHJxdktQXC95TXVtcXpmN2dKUDZwdGh1T2UzNGsyU0VnPSIsImlzcyI6Ijo6MSIsIm5iZiI6MTUxNTQ5MDIyOCwiZXhwIjoxNTE1NDkyMDI4LCJkYXRhIjp7InVzZXJuYW1lIjoiYmFfYWRtaW4iLCJwYXNzd29yZCI6ImEwMzZhYzEzNzIyYWEzYzY4NWI0ZmM0OTViY2ExMGE3MTc0ZjA5NzAiLCJpcCI6Ijo6MSIsInVzZXJfYWdlbnQiOiJUaWNrZXRpbmctV2ViQXBwIn19.zeCkf7AdVSEgdaWGavxSQzKXIu7UE91UZF9np6O1JmU
Connection: close
Request body:

========================================
2018-01-09 16:30:31 
::1 GET /synergix-takaful/public-api/v1/ticket_statistics/categories HTTP/1.1
HTTP headers:
Host: localhost
User-Agent: Ticketing-WebApp
Authorization: Bearer eyJ0eXAiOiJKV1QiLCJhbGciOiJIUzI1NiJ9.eyJpYXQiOjE1MTU0OTAyMjgsImp0aSI6IjlualQ5T0VuckhtMHJxdktQXC95TXVtcXpmN2dKUDZwdGh1T2UzNGsyU0VnPSIsImlzcyI6Ijo6MSIsIm5iZiI6MTUxNTQ5MDIyOCwiZXhwIjoxNTE1NDkyMDI4LCJkYXRhIjp7InVzZXJuYW1lIjoiYmFfYWRtaW4iLCJwYXNzd29yZCI6ImEwMzZhYzEzNzIyYWEzYzY4NWI0ZmM0OTViY2ExMGE3MTc0ZjA5NzAiLCJpcCI6Ijo6MSIsInVzZXJfYWdlbnQiOiJUaWNrZXRpbmctV2ViQXBwIn19.zeCkf7AdVSEgdaWGavxSQzKXIu7UE91UZF9np6O1JmU
Connection: close
Request body:

========================================
2018-01-09 16:30:31 
::1 GET /synergix-takaful/public-api/v1/ticket_statistics/subcategories HTTP/1.1
HTTP headers:
Host: localhost
User-Agent: Ticketing-WebApp
Authorization: Bearer eyJ0eXAiOiJKV1QiLCJhbGciOiJIUzI1NiJ9.eyJpYXQiOjE1MTU0OTAyMjgsImp0aSI6IjlualQ5T0VuckhtMHJxdktQXC95TXVtcXpmN2dKUDZwdGh1T2UzNGsyU0VnPSIsImlzcyI6Ijo6MSIsIm5iZiI6MTUxNTQ5MDIyOCwiZXhwIjoxNTE1NDkyMDI4LCJkYXRhIjp7InVzZXJuYW1lIjoiYmFfYWRtaW4iLCJwYXNzd29yZCI6ImEwMzZhYzEzNzIyYWEzYzY4NWI0ZmM0OTViY2ExMGE3MTc0ZjA5NzAiLCJpcCI6Ijo6MSIsInVzZXJfYWdlbnQiOiJUaWNrZXRpbmctV2ViQXBwIn19.zeCkf7AdVSEgdaWGavxSQzKXIu7UE91UZF9np6O1JmU
Connection: close
Request body:

========================================
2018-01-09 16:30:35 
::1 GET /synergix-takaful/public-api/v1/ticket_types?is_active=1 HTTP/1.1
HTTP headers:
Host: localhost
User-Agent: Ticketing-WebApp
Authorization: Bearer eyJ0eXAiOiJKV1QiLCJhbGciOiJIUzI1NiJ9.eyJpYXQiOjE1MTU0OTAyMjgsImp0aSI6IjlualQ5T0VuckhtMHJxdktQXC95TXVtcXpmN2dKUDZwdGh1T2UzNGsyU0VnPSIsImlzcyI6Ijo6MSIsIm5iZiI6MTUxNTQ5MDIyOCwiZXhwIjoxNTE1NDkyMDI4LCJkYXRhIjp7InVzZXJuYW1lIjoiYmFfYWRtaW4iLCJwYXNzd29yZCI6ImEwMzZhYzEzNzIyYWEzYzY4NWI0ZmM0OTViY2ExMGE3MTc0ZjA5NzAiLCJpcCI6Ijo6MSIsInVzZXJfYWdlbnQiOiJUaWNrZXRpbmctV2ViQXBwIn19.zeCkf7AdVSEgdaWGavxSQzKXIu7UE91UZF9np6O1JmU
Connection: close
Request body:

========================================
2018-01-09 16:30:35 
::1 GET /synergix-takaful/public-api/v1/ticket_statuses/active?order=name HTTP/1.1
HTTP headers:
Host: localhost
User-Agent: Ticketing-WebApp
Authorization: Bearer eyJ0eXAiOiJKV1QiLCJhbGciOiJIUzI1NiJ9.eyJpYXQiOjE1MTU0OTAyMjgsImp0aSI6IjlualQ5T0VuckhtMHJxdktQXC95TXVtcXpmN2dKUDZwdGh1T2UzNGsyU0VnPSIsImlzcyI6Ijo6MSIsIm5iZiI6MTUxNTQ5MDIyOCwiZXhwIjoxNTE1NDkyMDI4LCJkYXRhIjp7InVzZXJuYW1lIjoiYmFfYWRtaW4iLCJwYXNzd29yZCI6ImEwMzZhYzEzNzIyYWEzYzY4NWI0ZmM0OTViY2ExMGE3MTc0ZjA5NzAiLCJpcCI6Ijo6MSIsInVzZXJfYWdlbnQiOiJUaWNrZXRpbmctV2ViQXBwIn19.zeCkf7AdVSEgdaWGavxSQzKXIu7UE91UZF9np6O1JmU
Connection: close
Request body:

========================================
2018-01-09 16:30:35 
::1 GET /synergix-takaful/public-api/v1/product_types/active?limit=50 HTTP/1.1
HTTP headers:
Host: localhost
User-Agent: Ticketing-WebApp
Authorization: Bearer eyJ0eXAiOiJKV1QiLCJhbGciOiJIUzI1NiJ9.eyJpYXQiOjE1MTU0OTAyMjgsImp0aSI6IjlualQ5T0VuckhtMHJxdktQXC95TXVtcXpmN2dKUDZwdGh1T2UzNGsyU0VnPSIsImlzcyI6Ijo6MSIsIm5iZiI6MTUxNTQ5MDIyOCwiZXhwIjoxNTE1NDkyMDI4LCJkYXRhIjp7InVzZXJuYW1lIjoiYmFfYWRtaW4iLCJwYXNzd29yZCI6ImEwMzZhYzEzNzIyYWEzYzY4NWI0ZmM0OTViY2ExMGE3MTc0ZjA5NzAiLCJpcCI6Ijo6MSIsInVzZXJfYWdlbnQiOiJUaWNrZXRpbmctV2ViQXBwIn19.zeCkf7AdVSEgdaWGavxSQzKXIu7UE91UZF9np6O1JmU
Connection: close
Request body:

========================================
2018-01-09 16:30:35 
::1 GET /synergix-takaful/public-api/v1/tickets?limit=20&start=1515430800&end=1515430800 HTTP/1.1
HTTP headers:
Host: localhost
User-Agent: Ticketing-WebApp
Authorization: Bearer eyJ0eXAiOiJKV1QiLCJhbGciOiJIUzI1NiJ9.eyJpYXQiOjE1MTU0OTAyMjgsImp0aSI6IjlualQ5T0VuckhtMHJxdktQXC95TXVtcXpmN2dKUDZwdGh1T2UzNGsyU0VnPSIsImlzcyI6Ijo6MSIsIm5iZiI6MTUxNTQ5MDIyOCwiZXhwIjoxNTE1NDkyMDI4LCJkYXRhIjp7InVzZXJuYW1lIjoiYmFfYWRtaW4iLCJwYXNzd29yZCI6ImEwMzZhYzEzNzIyYWEzYzY4NWI0ZmM0OTViY2ExMGE3MTc0ZjA5NzAiLCJpcCI6Ijo6MSIsInVzZXJfYWdlbnQiOiJUaWNrZXRpbmctV2ViQXBwIn19.zeCkf7AdVSEgdaWGavxSQzKXIu7UE91UZF9np6O1JmU
Connection: close
Request body:

========================================
2018-01-09 16:30:39 
::1 GET /synergix-takaful/public-api/v1/ticket_sources?is_active=1 HTTP/1.1
HTTP headers:
Host: localhost
User-Agent: Ticketing-WebApp
Authorization: Bearer eyJ0eXAiOiJKV1QiLCJhbGciOiJIUzI1NiJ9.eyJpYXQiOjE1MTU0OTAyMjgsImp0aSI6IjlualQ5T0VuckhtMHJxdktQXC95TXVtcXpmN2dKUDZwdGh1T2UzNGsyU0VnPSIsImlzcyI6Ijo6MSIsIm5iZiI6MTUxNTQ5MDIyOCwiZXhwIjoxNTE1NDkyMDI4LCJkYXRhIjp7InVzZXJuYW1lIjoiYmFfYWRtaW4iLCJwYXNzd29yZCI6ImEwMzZhYzEzNzIyYWEzYzY4NWI0ZmM0OTViY2ExMGE3MTc0ZjA5NzAiLCJpcCI6Ijo6MSIsInVzZXJfYWdlbnQiOiJUaWNrZXRpbmctV2ViQXBwIn19.zeCkf7AdVSEgdaWGavxSQzKXIu7UE91UZF9np6O1JmU
Connection: close
Request body:

========================================
2018-01-09 16:30:39 
::1 GET /synergix-takaful/public-api/v1/provinces/active?limit=50 HTTP/1.1
HTTP headers:
Host: localhost
User-Agent: Ticketing-WebApp
Authorization: Bearer eyJ0eXAiOiJKV1QiLCJhbGciOiJIUzI1NiJ9.eyJpYXQiOjE1MTU0OTAyMjgsImp0aSI6IjlualQ5T0VuckhtMHJxdktQXC95TXVtcXpmN2dKUDZwdGh1T2UzNGsyU0VnPSIsImlzcyI6Ijo6MSIsIm5iZiI6MTUxNTQ5MDIyOCwiZXhwIjoxNTE1NDkyMDI4LCJkYXRhIjp7InVzZXJuYW1lIjoiYmFfYWRtaW4iLCJwYXNzd29yZCI6ImEwMzZhYzEzNzIyYWEzYzY4NWI0ZmM0OTViY2ExMGE3MTc0ZjA5NzAiLCJpcCI6Ijo6MSIsInVzZXJfYWdlbnQiOiJUaWNrZXRpbmctV2ViQXBwIn19.zeCkf7AdVSEgdaWGavxSQzKXIu7UE91UZF9np6O1JmU
Connection: close
Request body:

========================================
2018-01-09 16:30:39 
::1 GET /synergix-takaful/public-api/v1/ticket_sources?is_active=1&limit=50 HTTP/1.1
HTTP headers:
Host: localhost
User-Agent: Ticketing-WebApp
Authorization: Bearer eyJ0eXAiOiJKV1QiLCJhbGciOiJIUzI1NiJ9.eyJpYXQiOjE1MTU0OTAyMjgsImp0aSI6IjlualQ5T0VuckhtMHJxdktQXC95TXVtcXpmN2dKUDZwdGh1T2UzNGsyU0VnPSIsImlzcyI6Ijo6MSIsIm5iZiI6MTUxNTQ5MDIyOCwiZXhwIjoxNTE1NDkyMDI4LCJkYXRhIjp7InVzZXJuYW1lIjoiYmFfYWRtaW4iLCJwYXNzd29yZCI6ImEwMzZhYzEzNzIyYWEzYzY4NWI0ZmM0OTViY2ExMGE3MTc0ZjA5NzAiLCJpcCI6Ijo6MSIsInVzZXJfYWdlbnQiOiJUaWNrZXRpbmctV2ViQXBwIn19.zeCkf7AdVSEgdaWGavxSQzKXIu7UE91UZF9np6O1JmU
Connection: close
Request body:

========================================
2018-01-09 16:30:46 
::1 GET /synergix-takaful/public-api/v1/ticket_categories?product_type_id=1&ticket_type_id=5&is_active=1&limit=500&order=name HTTP/1.1
HTTP headers:
Host: localhost
User-Agent: Ticketing-WebApp
Authorization: Bearer eyJ0eXAiOiJKV1QiLCJhbGciOiJIUzI1NiJ9.eyJpYXQiOjE1MTU0OTAyMjgsImp0aSI6IjlualQ5T0VuckhtMHJxdktQXC95TXVtcXpmN2dKUDZwdGh1T2UzNGsyU0VnPSIsImlzcyI6Ijo6MSIsIm5iZiI6MTUxNTQ5MDIyOCwiZXhwIjoxNTE1NDkyMDI4LCJkYXRhIjp7InVzZXJuYW1lIjoiYmFfYWRtaW4iLCJwYXNzd29yZCI6ImEwMzZhYzEzNzIyYWEzYzY4NWI0ZmM0OTViY2ExMGE3MTc0ZjA5NzAiLCJpcCI6Ijo6MSIsInVzZXJfYWdlbnQiOiJUaWNrZXRpbmctV2ViQXBwIn19.zeCkf7AdVSEgdaWGavxSQzKXIu7UE91UZF9np6O1JmU
Connection: close
Request body:

========================================
2018-01-09 16:30:49 
::1 GET /synergix-takaful/public-api/v1/ticket_subcategories?ticket_category_id=8&is_active=1&limit=500&order=name HTTP/1.1
HTTP headers:
Host: localhost
User-Agent: Ticketing-WebApp
Authorization: Bearer eyJ0eXAiOiJKV1QiLCJhbGciOiJIUzI1NiJ9.eyJpYXQiOjE1MTU0OTAyMjgsImp0aSI6IjlualQ5T0VuckhtMHJxdktQXC95TXVtcXpmN2dKUDZwdGh1T2UzNGsyU0VnPSIsImlzcyI6Ijo6MSIsIm5iZiI6MTUxNTQ5MDIyOCwiZXhwIjoxNTE1NDkyMDI4LCJkYXRhIjp7InVzZXJuYW1lIjoiYmFfYWRtaW4iLCJwYXNzd29yZCI6ImEwMzZhYzEzNzIyYWEzYzY4NWI0ZmM0OTViY2ExMGE3MTc0ZjA5NzAiLCJpcCI6Ijo6MSIsInVzZXJfYWdlbnQiOiJUaWNrZXRpbmctV2ViQXBwIn19.zeCkf7AdVSEgdaWGavxSQzKXIu7UE91UZF9np6O1JmU
Connection: close
Request body:

========================================
2018-01-09 16:30:54 
::1 GET /synergix-takaful/public-api/v1/ticket_subcategories?ticket_category_id=7&is_active=1&limit=500&order=name HTTP/1.1
HTTP headers:
Host: localhost
User-Agent: Ticketing-WebApp
Authorization: Bearer eyJ0eXAiOiJKV1QiLCJhbGciOiJIUzI1NiJ9.eyJpYXQiOjE1MTU0OTAyMjgsImp0aSI6IjlualQ5T0VuckhtMHJxdktQXC95TXVtcXpmN2dKUDZwdGh1T2UzNGsyU0VnPSIsImlzcyI6Ijo6MSIsIm5iZiI6MTUxNTQ5MDIyOCwiZXhwIjoxNTE1NDkyMDI4LCJkYXRhIjp7InVzZXJuYW1lIjoiYmFfYWRtaW4iLCJwYXNzd29yZCI6ImEwMzZhYzEzNzIyYWEzYzY4NWI0ZmM0OTViY2ExMGE3MTc0ZjA5NzAiLCJpcCI6Ijo6MSIsInVzZXJfYWdlbnQiOiJUaWNrZXRpbmctV2ViQXBwIn19.zeCkf7AdVSEgdaWGavxSQzKXIu7UE91UZF9np6O1JmU
Connection: close
Request body:

========================================
2018-01-09 16:30:57 
::1 GET /synergix-takaful/public-api/v1/ticket_subcategories?ticket_category_id=4&is_active=1&limit=500&order=name HTTP/1.1
HTTP headers:
Host: localhost
User-Agent: Ticketing-WebApp
Authorization: Bearer eyJ0eXAiOiJKV1QiLCJhbGciOiJIUzI1NiJ9.eyJpYXQiOjE1MTU0OTAyMjgsImp0aSI6IjlualQ5T0VuckhtMHJxdktQXC95TXVtcXpmN2dKUDZwdGh1T2UzNGsyU0VnPSIsImlzcyI6Ijo6MSIsIm5iZiI6MTUxNTQ5MDIyOCwiZXhwIjoxNTE1NDkyMDI4LCJkYXRhIjp7InVzZXJuYW1lIjoiYmFfYWRtaW4iLCJwYXNzd29yZCI6ImEwMzZhYzEzNzIyYWEzYzY4NWI0ZmM0OTViY2ExMGE3MTc0ZjA5NzAiLCJpcCI6Ijo6MSIsInVzZXJfYWdlbnQiOiJUaWNrZXRpbmctV2ViQXBwIn19.zeCkf7AdVSEgdaWGavxSQzKXIu7UE91UZF9np6O1JmU
Connection: close
Request body:

========================================
2018-01-09 17:03:55 
::1 POST /synergix-takaful/public-api/v1/users/token HTTP/1.1
HTTP headers:
Host: localhost
Content-Length: 35
User-Agent: Ticketing-WebApp
Connection: close
Content-Type: application/x-www-form-urlencoded
Request body:
username=ba_admin&password=ba_admin
========================================
2018-01-09 17:03:56 
::1 GET /synergix-takaful/public-api/v1/users/9 HTTP/1.1
HTTP headers:
Host: localhost
User-Agent: Ticketing-WebApp
Authorization: Bearer eyJ0eXAiOiJKV1QiLCJhbGciOiJIUzI1NiJ9.eyJpYXQiOjE1MTU0OTIyMzUsImp0aSI6IjdBY2FGY3VpMkhsZmNMV2tTNU5QMk03eVVncGsrOUFGZ01HdWNcLzZnbGcwPSIsImlzcyI6Ijo6MSIsIm5iZiI6MTUxNTQ5MjIzNSwiZXhwIjoxNTE1NDk0MDM1LCJkYXRhIjp7InVzZXJuYW1lIjoiYmFfYWRtaW4iLCJwYXNzd29yZCI6ImEwMzZhYzEzNzIyYWEzYzY4NWI0ZmM0OTViY2ExMGE3MTc0ZjA5NzAiLCJpcCI6Ijo6MSIsInVzZXJfYWdlbnQiOiJUaWNrZXRpbmctV2ViQXBwIn19.qdN1tm49EGYenC7eIKtIlkVYKLLk0QMvszjY4kGgO3o
Connection: close
Request body:

========================================
2018-01-09 17:03:56 
::1 GET /synergix-takaful/public-api/v1/user_level_modules/active?code=TICKET&user_level_id=7 HTTP/1.1
HTTP headers:
Host: localhost
User-Agent: Ticketing-WebApp
Authorization: Bearer eyJ0eXAiOiJKV1QiLCJhbGciOiJIUzI1NiJ9.eyJpYXQiOjE1MTU0OTIyMzUsImp0aSI6IjdBY2FGY3VpMkhsZmNMV2tTNU5QMk03eVVncGsrOUFGZ01HdWNcLzZnbGcwPSIsImlzcyI6Ijo6MSIsIm5iZiI6MTUxNTQ5MjIzNSwiZXhwIjoxNTE1NDk0MDM1LCJkYXRhIjp7InVzZXJuYW1lIjoiYmFfYWRtaW4iLCJwYXNzd29yZCI6ImEwMzZhYzEzNzIyYWEzYzY4NWI0ZmM0OTViY2ExMGE3MTc0ZjA5NzAiLCJpcCI6Ijo6MSIsInVzZXJfYWdlbnQiOiJUaWNrZXRpbmctV2ViQXBwIn19.qdN1tm49EGYenC7eIKtIlkVYKLLk0QMvszjY4kGgO3o
Connection: close
Request body:

========================================
2018-01-09 17:03:57 
::1 GET /synergix-takaful/public-api/v1/tickets?limit=20&start=1515430800&end=1515430800 HTTP/1.1
HTTP headers:
Host: localhost
User-Agent: Ticketing-WebApp
Authorization: Bearer eyJ0eXAiOiJKV1QiLCJhbGciOiJIUzI1NiJ9.eyJpYXQiOjE1MTU0OTIyMzUsImp0aSI6IjdBY2FGY3VpMkhsZmNMV2tTNU5QMk03eVVncGsrOUFGZ01HdWNcLzZnbGcwPSIsImlzcyI6Ijo6MSIsIm5iZiI6MTUxNTQ5MjIzNSwiZXhwIjoxNTE1NDk0MDM1LCJkYXRhIjp7InVzZXJuYW1lIjoiYmFfYWRtaW4iLCJwYXNzd29yZCI6ImEwMzZhYzEzNzIyYWEzYzY4NWI0ZmM0OTViY2ExMGE3MTc0ZjA5NzAiLCJpcCI6Ijo6MSIsInVzZXJfYWdlbnQiOiJUaWNrZXRpbmctV2ViQXBwIn19.qdN1tm49EGYenC7eIKtIlkVYKLLk0QMvszjY4kGgO3o
Connection: close
Request body:

========================================
2018-01-09 17:04:37 
::1 POST /synergix-takaful/public-api/v1/users/token HTTP/1.1
HTTP headers:
Host: localhost
Content-Length: 35
User-Agent: Ticketing-WebApp
Connection: close
Content-Type: application/x-www-form-urlencoded
Request body:
username=ba_admin&password=ba_admin
========================================
2018-01-09 17:04:38 
::1 GET /synergix-takaful/public-api/v1/users/9 HTTP/1.1
HTTP headers:
Host: localhost
User-Agent: Ticketing-WebApp
Authorization: Bearer eyJ0eXAiOiJKV1QiLCJhbGciOiJIUzI1NiJ9.eyJpYXQiOjE1MTU0OTIyNzcsImp0aSI6InBESXgyd1JhK2VjUGdwazBIR1R0d2ZjdE9sZHUrVDM5VGk3bVBXWkk1eVk9IiwiaXNzIjoiOjoxIiwibmJmIjoxNTE1NDkyMjc3LCJleHAiOjE1MTU0OTQwNzcsImRhdGEiOnsidXNlcm5hbWUiOiJiYV9hZG1pbiIsInBhc3N3b3JkIjoiYTAzNmFjMTM3MjJhYTNjNjg1YjRmYzQ5NWJjYTEwYTcxNzRmMDk3MCIsImlwIjoiOjoxIiwidXNlcl9hZ2VudCI6IlRpY2tldGluZy1XZWJBcHAifX0.5NqYjE4lu-IfA0H5z8_FgD45frCWv_36VQReKMlZxd8
Connection: close
Request body:

========================================
2018-01-09 17:04:38 
::1 GET /synergix-takaful/public-api/v1/user_level_modules/active?code=TICKET&user_level_id=7 HTTP/1.1
HTTP headers:
Host: localhost
User-Agent: Ticketing-WebApp
Authorization: Bearer eyJ0eXAiOiJKV1QiLCJhbGciOiJIUzI1NiJ9.eyJpYXQiOjE1MTU0OTIyNzcsImp0aSI6InBESXgyd1JhK2VjUGdwazBIR1R0d2ZjdE9sZHUrVDM5VGk3bVBXWkk1eVk9IiwiaXNzIjoiOjoxIiwibmJmIjoxNTE1NDkyMjc3LCJleHAiOjE1MTU0OTQwNzcsImRhdGEiOnsidXNlcm5hbWUiOiJiYV9hZG1pbiIsInBhc3N3b3JkIjoiYTAzNmFjMTM3MjJhYTNjNjg1YjRmYzQ5NWJjYTEwYTcxNzRmMDk3MCIsImlwIjoiOjoxIiwidXNlcl9hZ2VudCI6IlRpY2tldGluZy1XZWJBcHAifX0.5NqYjE4lu-IfA0H5z8_FgD45frCWv_36VQReKMlZxd8
Connection: close
Request body:

========================================
2018-01-09 17:04:38 
::1 GET /synergix-takaful/public-api/v1/tickets?limit=20&start=1515430800&end=1515430800 HTTP/1.1
HTTP headers:
Host: localhost
User-Agent: Ticketing-WebApp
Authorization: Bearer eyJ0eXAiOiJKV1QiLCJhbGciOiJIUzI1NiJ9.eyJpYXQiOjE1MTU0OTIyNzcsImp0aSI6InBESXgyd1JhK2VjUGdwazBIR1R0d2ZjdE9sZHUrVDM5VGk3bVBXWkk1eVk9IiwiaXNzIjoiOjoxIiwibmJmIjoxNTE1NDkyMjc3LCJleHAiOjE1MTU0OTQwNzcsImRhdGEiOnsidXNlcm5hbWUiOiJiYV9hZG1pbiIsInBhc3N3b3JkIjoiYTAzNmFjMTM3MjJhYTNjNjg1YjRmYzQ5NWJjYTEwYTcxNzRmMDk3MCIsImlwIjoiOjoxIiwidXNlcl9hZ2VudCI6IlRpY2tldGluZy1XZWJBcHAifX0.5NqYjE4lu-IfA0H5z8_FgD45frCWv_36VQReKMlZxd8
Connection: close
Request body:

========================================
2018-01-09 18:02:00 
::1 POST /synergix-takaful/public-api/v1/users/token HTTP/1.1
HTTP headers:
Host: localhost
Content-Length: 29
User-Agent: Ticketing-WebApp
Connection: close
Content-Type: application/x-www-form-urlencoded
Request body:
username=bs_01&password=bs_01
========================================
2018-01-09 18:02:01 
::1 GET /synergix-takaful/public-api/v1/users/6 HTTP/1.1
HTTP headers:
Host: localhost
User-Agent: Ticketing-WebApp
Authorization: Bearer eyJ0eXAiOiJKV1QiLCJhbGciOiJIUzI1NiJ9.eyJpYXQiOjE1MTU0OTU3MjAsImp0aSI6Ilpwb1J2K1wvWUd6NUFWanZhMmsxN3Vva0g1emRHdXNjekFKak5weUhodks4PSIsImlzcyI6Ijo6MSIsIm5iZiI6MTUxNTQ5NTcyMCwiZXhwIjoxNTE1NDk3NTIwLCJkYXRhIjp7InVzZXJuYW1lIjoiYnNfMDEiLCJwYXNzd29yZCI6IjE1M2ViYjRmYjNhN2M5ZGMxZmNiMTE2MzkwOTVjOGVjNDZiZGM0OTEiLCJpcCI6Ijo6MSIsInVzZXJfYWdlbnQiOiJUaWNrZXRpbmctV2ViQXBwIn19.aJp7N6tWjsBJ8RvooqWVnDAJRDeJB_pKVk7olGN-GYA
Connection: close
Request body:

========================================
2018-01-09 18:02:01 
::1 GET /synergix-takaful/public-api/v1/user_level_modules/active?code=TICKET&user_level_id=1&order=code&limit=100 HTTP/1.1
HTTP headers:
Host: localhost
User-Agent: Ticketing-WebApp
Authorization: Bearer eyJ0eXAiOiJKV1QiLCJhbGciOiJIUzI1NiJ9.eyJpYXQiOjE1MTU0OTU3MjAsImp0aSI6Ilpwb1J2K1wvWUd6NUFWanZhMmsxN3Vva0g1emRHdXNjekFKak5weUhodks4PSIsImlzcyI6Ijo6MSIsIm5iZiI6MTUxNTQ5NTcyMCwiZXhwIjoxNTE1NDk3NTIwLCJkYXRhIjp7InVzZXJuYW1lIjoiYnNfMDEiLCJwYXNzd29yZCI6IjE1M2ViYjRmYjNhN2M5ZGMxZmNiMTE2MzkwOTVjOGVjNDZiZGM0OTEiLCJpcCI6Ijo6MSIsInVzZXJfYWdlbnQiOiJUaWNrZXRpbmctV2ViQXBwIn19.aJp7N6tWjsBJ8RvooqWVnDAJRDeJB_pKVk7olGN-GYA
Connection: close
Request body:

========================================
2018-01-09 18:02:01 
::1 GET /synergix-takaful/public-api/v1/ticket_statistics HTTP/1.1
HTTP headers:
Host: localhost
User-Agent: Ticketing-WebApp
Authorization: Bearer eyJ0eXAiOiJKV1QiLCJhbGciOiJIUzI1NiJ9.eyJpYXQiOjE1MTU0OTU3MjAsImp0aSI6Ilpwb1J2K1wvWUd6NUFWanZhMmsxN3Vva0g1emRHdXNjekFKak5weUhodks4PSIsImlzcyI6Ijo6MSIsIm5iZiI6MTUxNTQ5NTcyMCwiZXhwIjoxNTE1NDk3NTIwLCJkYXRhIjp7InVzZXJuYW1lIjoiYnNfMDEiLCJwYXNzd29yZCI6IjE1M2ViYjRmYjNhN2M5ZGMxZmNiMTE2MzkwOTVjOGVjNDZiZGM0OTEiLCJpcCI6Ijo6MSIsInVzZXJfYWdlbnQiOiJUaWNrZXRpbmctV2ViQXBwIn19.aJp7N6tWjsBJ8RvooqWVnDAJRDeJB_pKVk7olGN-GYA
Connection: close
Request body:

========================================
2018-01-09 18:02:02 
::1 GET /synergix-takaful/public-api/v1/ticket_statistics/departments HTTP/1.1
HTTP headers:
Host: localhost
User-Agent: Ticketing-WebApp
Authorization: Bearer eyJ0eXAiOiJKV1QiLCJhbGciOiJIUzI1NiJ9.eyJpYXQiOjE1MTU0OTU3MjAsImp0aSI6Ilpwb1J2K1wvWUd6NUFWanZhMmsxN3Vva0g1emRHdXNjekFKak5weUhodks4PSIsImlzcyI6Ijo6MSIsIm5iZiI6MTUxNTQ5NTcyMCwiZXhwIjoxNTE1NDk3NTIwLCJkYXRhIjp7InVzZXJuYW1lIjoiYnNfMDEiLCJwYXNzd29yZCI6IjE1M2ViYjRmYjNhN2M5ZGMxZmNiMTE2MzkwOTVjOGVjNDZiZGM0OTEiLCJpcCI6Ijo6MSIsInVzZXJfYWdlbnQiOiJUaWNrZXRpbmctV2ViQXBwIn19.aJp7N6tWjsBJ8RvooqWVnDAJRDeJB_pKVk7olGN-GYA
Connection: close
Request body:

========================================
2018-01-09 18:02:02 
::1 GET /synergix-takaful/public-api/v1/ticket_statistics/categories HTTP/1.1
HTTP headers:
Host: localhost
User-Agent: Ticketing-WebApp
Authorization: Bearer eyJ0eXAiOiJKV1QiLCJhbGciOiJIUzI1NiJ9.eyJpYXQiOjE1MTU0OTU3MjAsImp0aSI6Ilpwb1J2K1wvWUd6NUFWanZhMmsxN3Vva0g1emRHdXNjekFKak5weUhodks4PSIsImlzcyI6Ijo6MSIsIm5iZiI6MTUxNTQ5NTcyMCwiZXhwIjoxNTE1NDk3NTIwLCJkYXRhIjp7InVzZXJuYW1lIjoiYnNfMDEiLCJwYXNzd29yZCI6IjE1M2ViYjRmYjNhN2M5ZGMxZmNiMTE2MzkwOTVjOGVjNDZiZGM0OTEiLCJpcCI6Ijo6MSIsInVzZXJfYWdlbnQiOiJUaWNrZXRpbmctV2ViQXBwIn19.aJp7N6tWjsBJ8RvooqWVnDAJRDeJB_pKVk7olGN-GYA
Connection: close
Request body:

========================================
2018-01-09 18:02:02 
::1 GET /synergix-takaful/public-api/v1/ticket_statistics/subcategories HTTP/1.1
HTTP headers:
Host: localhost
User-Agent: Ticketing-WebApp
Authorization: Bearer eyJ0eXAiOiJKV1QiLCJhbGciOiJIUzI1NiJ9.eyJpYXQiOjE1MTU0OTU3MjAsImp0aSI6Ilpwb1J2K1wvWUd6NUFWanZhMmsxN3Vva0g1emRHdXNjekFKak5weUhodks4PSIsImlzcyI6Ijo6MSIsIm5iZiI6MTUxNTQ5NTcyMCwiZXhwIjoxNTE1NDk3NTIwLCJkYXRhIjp7InVzZXJuYW1lIjoiYnNfMDEiLCJwYXNzd29yZCI6IjE1M2ViYjRmYjNhN2M5ZGMxZmNiMTE2MzkwOTVjOGVjNDZiZGM0OTEiLCJpcCI6Ijo6MSIsInVzZXJfYWdlbnQiOiJUaWNrZXRpbmctV2ViQXBwIn19.aJp7N6tWjsBJ8RvooqWVnDAJRDeJB_pKVk7olGN-GYA
Connection: close
Request body:

========================================
2018-01-09 18:02:06 
::1 GET /synergix-takaful/public-api/v1/ticket_types?is_active=1 HTTP/1.1
HTTP headers:
Host: localhost
User-Agent: Ticketing-WebApp
Authorization: Bearer eyJ0eXAiOiJKV1QiLCJhbGciOiJIUzI1NiJ9.eyJpYXQiOjE1MTU0OTU3MjAsImp0aSI6Ilpwb1J2K1wvWUd6NUFWanZhMmsxN3Vva0g1emRHdXNjekFKak5weUhodks4PSIsImlzcyI6Ijo6MSIsIm5iZiI6MTUxNTQ5NTcyMCwiZXhwIjoxNTE1NDk3NTIwLCJkYXRhIjp7InVzZXJuYW1lIjoiYnNfMDEiLCJwYXNzd29yZCI6IjE1M2ViYjRmYjNhN2M5ZGMxZmNiMTE2MzkwOTVjOGVjNDZiZGM0OTEiLCJpcCI6Ijo6MSIsInVzZXJfYWdlbnQiOiJUaWNrZXRpbmctV2ViQXBwIn19.aJp7N6tWjsBJ8RvooqWVnDAJRDeJB_pKVk7olGN-GYA
Connection: close
Request body:

========================================
2018-01-09 18:02:06 
::1 GET /synergix-takaful/public-api/v1/departments?is_active=1&limit=100&order=name HTTP/1.1
HTTP headers:
Host: localhost
User-Agent: Ticketing-WebApp
Authorization: Bearer eyJ0eXAiOiJKV1QiLCJhbGciOiJIUzI1NiJ9.eyJpYXQiOjE1MTU0OTU3MjAsImp0aSI6Ilpwb1J2K1wvWUd6NUFWanZhMmsxN3Vva0g1emRHdXNjekFKak5weUhodks4PSIsImlzcyI6Ijo6MSIsIm5iZiI6MTUxNTQ5NTcyMCwiZXhwIjoxNTE1NDk3NTIwLCJkYXRhIjp7InVzZXJuYW1lIjoiYnNfMDEiLCJwYXNzd29yZCI6IjE1M2ViYjRmYjNhN2M5ZGMxZmNiMTE2MzkwOTVjOGVjNDZiZGM0OTEiLCJpcCI6Ijo6MSIsInVzZXJfYWdlbnQiOiJUaWNrZXRpbmctV2ViQXBwIn19.aJp7N6tWjsBJ8RvooqWVnDAJRDeJB_pKVk7olGN-GYA
Connection: close
Request body:

========================================
2018-01-09 18:02:06 
::1 GET /synergix-takaful/public-api/v1/ticket_priorities?is_active=1&order=name HTTP/1.1
HTTP headers:
Host: localhost
User-Agent: Ticketing-WebApp
Authorization: Bearer eyJ0eXAiOiJKV1QiLCJhbGciOiJIUzI1NiJ9.eyJpYXQiOjE1MTU0OTU3MjAsImp0aSI6Ilpwb1J2K1wvWUd6NUFWanZhMmsxN3Vva0g1emRHdXNjekFKak5weUhodks4PSIsImlzcyI6Ijo6MSIsIm5iZiI6MTUxNTQ5NTcyMCwiZXhwIjoxNTE1NDk3NTIwLCJkYXRhIjp7InVzZXJuYW1lIjoiYnNfMDEiLCJwYXNzd29yZCI6IjE1M2ViYjRmYjNhN2M5ZGMxZmNiMTE2MzkwOTVjOGVjNDZiZGM0OTEiLCJpcCI6Ijo6MSIsInVzZXJfYWdlbnQiOiJUaWNrZXRpbmctV2ViQXBwIn19.aJp7N6tWjsBJ8RvooqWVnDAJRDeJB_pKVk7olGN-GYA
Connection: close
Request body:

========================================
2018-01-09 18:02:07 
::1 GET /synergix-takaful/public-api/v1/ticket_statuses/active?order=name HTTP/1.1
HTTP headers:
Host: localhost
User-Agent: Ticketing-WebApp
Authorization: Bearer eyJ0eXAiOiJKV1QiLCJhbGciOiJIUzI1NiJ9.eyJpYXQiOjE1MTU0OTU3MjAsImp0aSI6Ilpwb1J2K1wvWUd6NUFWanZhMmsxN3Vva0g1emRHdXNjekFKak5weUhodks4PSIsImlzcyI6Ijo6MSIsIm5iZiI6MTUxNTQ5NTcyMCwiZXhwIjoxNTE1NDk3NTIwLCJkYXRhIjp7InVzZXJuYW1lIjoiYnNfMDEiLCJwYXNzd29yZCI6IjE1M2ViYjRmYjNhN2M5ZGMxZmNiMTE2MzkwOTVjOGVjNDZiZGM0OTEiLCJpcCI6Ijo6MSIsInVzZXJfYWdlbnQiOiJUaWNrZXRpbmctV2ViQXBwIn19.aJp7N6tWjsBJ8RvooqWVnDAJRDeJB_pKVk7olGN-GYA
Connection: close
Request body:

========================================
2018-01-09 18:02:07 
::1 GET /synergix-takaful/public-api/v1/product_types/active?limit=50 HTTP/1.1
HTTP headers:
Host: localhost
User-Agent: Ticketing-WebApp
Authorization: Bearer eyJ0eXAiOiJKV1QiLCJhbGciOiJIUzI1NiJ9.eyJpYXQiOjE1MTU0OTU3MjAsImp0aSI6Ilpwb1J2K1wvWUd6NUFWanZhMmsxN3Vva0g1emRHdXNjekFKak5weUhodks4PSIsImlzcyI6Ijo6MSIsIm5iZiI6MTUxNTQ5NTcyMCwiZXhwIjoxNTE1NDk3NTIwLCJkYXRhIjp7InVzZXJuYW1lIjoiYnNfMDEiLCJwYXNzd29yZCI6IjE1M2ViYjRmYjNhN2M5ZGMxZmNiMTE2MzkwOTVjOGVjNDZiZGM0OTEiLCJpcCI6Ijo6MSIsInVzZXJfYWdlbnQiOiJUaWNrZXRpbmctV2ViQXBwIn19.aJp7N6tWjsBJ8RvooqWVnDAJRDeJB_pKVk7olGN-GYA
Connection: close
Request body:

========================================
2018-01-09 18:02:07 
::1 GET /synergix-takaful/public-api/v1/tickets?limit=20&start=1515430800&end=1515430800 HTTP/1.1
HTTP headers:
Host: localhost
User-Agent: Ticketing-WebApp
Authorization: Bearer eyJ0eXAiOiJKV1QiLCJhbGciOiJIUzI1NiJ9.eyJpYXQiOjE1MTU0OTU3MjAsImp0aSI6Ilpwb1J2K1wvWUd6NUFWanZhMmsxN3Vva0g1emRHdXNjekFKak5weUhodks4PSIsImlzcyI6Ijo6MSIsIm5iZiI6MTUxNTQ5NTcyMCwiZXhwIjoxNTE1NDk3NTIwLCJkYXRhIjp7InVzZXJuYW1lIjoiYnNfMDEiLCJwYXNzd29yZCI6IjE1M2ViYjRmYjNhN2M5ZGMxZmNiMTE2MzkwOTVjOGVjNDZiZGM0OTEiLCJpcCI6Ijo6MSIsInVzZXJfYWdlbnQiOiJUaWNrZXRpbmctV2ViQXBwIn19.aJp7N6tWjsBJ8RvooqWVnDAJRDeJB_pKVk7olGN-GYA
Connection: close
Request body:

========================================
2018-01-09 18:02:09 
::1 GET /synergix-takaful/public-api/v1/contact_types?is_active=1 HTTP/1.1
HTTP headers:
Host: localhost
User-Agent: Ticketing-WebApp
Authorization: Bearer eyJ0eXAiOiJKV1QiLCJhbGciOiJIUzI1NiJ9.eyJpYXQiOjE1MTU0OTU3MjAsImp0aSI6Ilpwb1J2K1wvWUd6NUFWanZhMmsxN3Vva0g1emRHdXNjekFKak5weUhodks4PSIsImlzcyI6Ijo6MSIsIm5iZiI6MTUxNTQ5NTcyMCwiZXhwIjoxNTE1NDk3NTIwLCJkYXRhIjp7InVzZXJuYW1lIjoiYnNfMDEiLCJwYXNzd29yZCI6IjE1M2ViYjRmYjNhN2M5ZGMxZmNiMTE2MzkwOTVjOGVjNDZiZGM0OTEiLCJpcCI6Ijo6MSIsInVzZXJfYWdlbnQiOiJUaWNrZXRpbmctV2ViQXBwIn19.aJp7N6tWjsBJ8RvooqWVnDAJRDeJB_pKVk7olGN-GYA
Connection: close
Request body:

========================================
2018-01-09 18:02:09 
::1 GET /synergix-takaful/public-api/v1/ticket_sources?is_active=1 HTTP/1.1
HTTP headers:
Host: localhost
User-Agent: Ticketing-WebApp
Authorization: Bearer eyJ0eXAiOiJKV1QiLCJhbGciOiJIUzI1NiJ9.eyJpYXQiOjE1MTU0OTU3MjAsImp0aSI6Ilpwb1J2K1wvWUd6NUFWanZhMmsxN3Vva0g1emRHdXNjekFKak5weUhodks4PSIsImlzcyI6Ijo6MSIsIm5iZiI6MTUxNTQ5NTcyMCwiZXhwIjoxNTE1NDk3NTIwLCJkYXRhIjp7InVzZXJuYW1lIjoiYnNfMDEiLCJwYXNzd29yZCI6IjE1M2ViYjRmYjNhN2M5ZGMxZmNiMTE2MzkwOTVjOGVjNDZiZGM0OTEiLCJpcCI6Ijo6MSIsInVzZXJfYWdlbnQiOiJUaWNrZXRpbmctV2ViQXBwIn19.aJp7N6tWjsBJ8RvooqWVnDAJRDeJB_pKVk7olGN-GYA
Connection: close
Request body:

========================================
2018-01-09 18:02:09 
::1 GET /synergix-takaful/public-api/v1/departments?is_active=1&limit=100 HTTP/1.1
HTTP headers:
Host: localhost
User-Agent: Ticketing-WebApp
Authorization: Bearer eyJ0eXAiOiJKV1QiLCJhbGciOiJIUzI1NiJ9.eyJpYXQiOjE1MTU0OTU3MjAsImp0aSI6Ilpwb1J2K1wvWUd6NUFWanZhMmsxN3Vva0g1emRHdXNjekFKak5weUhodks4PSIsImlzcyI6Ijo6MSIsIm5iZiI6MTUxNTQ5NTcyMCwiZXhwIjoxNTE1NDk3NTIwLCJkYXRhIjp7InVzZXJuYW1lIjoiYnNfMDEiLCJwYXNzd29yZCI6IjE1M2ViYjRmYjNhN2M5ZGMxZmNiMTE2MzkwOTVjOGVjNDZiZGM0OTEiLCJpcCI6Ijo6MSIsInVzZXJfYWdlbnQiOiJUaWNrZXRpbmctV2ViQXBwIn19.aJp7N6tWjsBJ8RvooqWVnDAJRDeJB_pKVk7olGN-GYA
Connection: close
Request body:

========================================
2018-01-09 18:02:09 
::1 GET /synergix-takaful/public-api/v1/ticket_priorities?is_active=1 HTTP/1.1
HTTP headers:
Host: localhost
User-Agent: Ticketing-WebApp
Authorization: Bearer eyJ0eXAiOiJKV1QiLCJhbGciOiJIUzI1NiJ9.eyJpYXQiOjE1MTU0OTU3MjAsImp0aSI6Ilpwb1J2K1wvWUd6NUFWanZhMmsxN3Vva0g1emRHdXNjekFKak5weUhodks4PSIsImlzcyI6Ijo6MSIsIm5iZiI6MTUxNTQ5NTcyMCwiZXhwIjoxNTE1NDk3NTIwLCJkYXRhIjp7InVzZXJuYW1lIjoiYnNfMDEiLCJwYXNzd29yZCI6IjE1M2ViYjRmYjNhN2M5ZGMxZmNiMTE2MzkwOTVjOGVjNDZiZGM0OTEiLCJpcCI6Ijo6MSIsInVzZXJfYWdlbnQiOiJUaWNrZXRpbmctV2ViQXBwIn19.aJp7N6tWjsBJ8RvooqWVnDAJRDeJB_pKVk7olGN-GYA
Connection: close
Request body:

========================================
2018-01-09 18:02:09 
::1 GET /synergix-takaful/public-api/v1/provinces/active?limit=50 HTTP/1.1
HTTP headers:
Host: localhost
User-Agent: Ticketing-WebApp
Authorization: Bearer eyJ0eXAiOiJKV1QiLCJhbGciOiJIUzI1NiJ9.eyJpYXQiOjE1MTU0OTU3MjAsImp0aSI6Ilpwb1J2K1wvWUd6NUFWanZhMmsxN3Vva0g1emRHdXNjekFKak5weUhodks4PSIsImlzcyI6Ijo6MSIsIm5iZiI6MTUxNTQ5NTcyMCwiZXhwIjoxNTE1NDk3NTIwLCJkYXRhIjp7InVzZXJuYW1lIjoiYnNfMDEiLCJwYXNzd29yZCI6IjE1M2ViYjRmYjNhN2M5ZGMxZmNiMTE2MzkwOTVjOGVjNDZiZGM0OTEiLCJpcCI6Ijo6MSIsInVzZXJfYWdlbnQiOiJUaWNrZXRpbmctV2ViQXBwIn19.aJp7N6tWjsBJ8RvooqWVnDAJRDeJB_pKVk7olGN-GYA
Connection: close
Request body:

========================================
2018-01-09 18:02:09 
::1 GET /synergix-takaful/public-api/v1/customer_types/active?limit=50 HTTP/1.1
HTTP headers:
Host: localhost
User-Agent: Ticketing-WebApp
Authorization: Bearer eyJ0eXAiOiJKV1QiLCJhbGciOiJIUzI1NiJ9.eyJpYXQiOjE1MTU0OTU3MjAsImp0aSI6Ilpwb1J2K1wvWUd6NUFWanZhMmsxN3Vva0g1emRHdXNjekFKak5weUhodks4PSIsImlzcyI6Ijo6MSIsIm5iZiI6MTUxNTQ5NTcyMCwiZXhwIjoxNTE1NDk3NTIwLCJkYXRhIjp7InVzZXJuYW1lIjoiYnNfMDEiLCJwYXNzd29yZCI6IjE1M2ViYjRmYjNhN2M5ZGMxZmNiMTE2MzkwOTVjOGVjNDZiZGM0OTEiLCJpcCI6Ijo6MSIsInVzZXJfYWdlbnQiOiJUaWNrZXRpbmctV2ViQXBwIn19.aJp7N6tWjsBJ8RvooqWVnDAJRDeJB_pKVk7olGN-GYA
Connection: close
Request body:

========================================
2018-01-09 18:02:10 
::1 GET /synergix-takaful/public-api/v1/ticket_sources?is_active=1&limit=50 HTTP/1.1
HTTP headers:
Host: localhost
User-Agent: Ticketing-WebApp
Authorization: Bearer eyJ0eXAiOiJKV1QiLCJhbGciOiJIUzI1NiJ9.eyJpYXQiOjE1MTU0OTU3MjAsImp0aSI6Ilpwb1J2K1wvWUd6NUFWanZhMmsxN3Vva0g1emRHdXNjekFKak5weUhodks4PSIsImlzcyI6Ijo6MSIsIm5iZiI6MTUxNTQ5NTcyMCwiZXhwIjoxNTE1NDk3NTIwLCJkYXRhIjp7InVzZXJuYW1lIjoiYnNfMDEiLCJwYXNzd29yZCI6IjE1M2ViYjRmYjNhN2M5ZGMxZmNiMTE2MzkwOTVjOGVjNDZiZGM0OTEiLCJpcCI6Ijo6MSIsInVzZXJfYWdlbnQiOiJUaWNrZXRpbmctV2ViQXBwIn19.aJp7N6tWjsBJ8RvooqWVnDAJRDeJB_pKVk7olGN-GYA
Connection: close
Request body:

========================================
2018-01-09 18:02:16 
::1 GET /synergix-takaful/public-api/v1/customers?fullname=awa&limit=10 HTTP/1.1
HTTP headers:
Host: localhost
User-Agent: Ticketing-WebApp
Authorization: Bearer eyJ0eXAiOiJKV1QiLCJhbGciOiJIUzI1NiJ9.eyJpYXQiOjE1MTU0OTU3MjAsImp0aSI6Ilpwb1J2K1wvWUd6NUFWanZhMmsxN3Vva0g1emRHdXNjekFKak5weUhodks4PSIsImlzcyI6Ijo6MSIsIm5iZiI6MTUxNTQ5NTcyMCwiZXhwIjoxNTE1NDk3NTIwLCJkYXRhIjp7InVzZXJuYW1lIjoiYnNfMDEiLCJwYXNzd29yZCI6IjE1M2ViYjRmYjNhN2M5ZGMxZmNiMTE2MzkwOTVjOGVjNDZiZGM0OTEiLCJpcCI6Ijo6MSIsInVzZXJfYWdlbnQiOiJUaWNrZXRpbmctV2ViQXBwIn19.aJp7N6tWjsBJ8RvooqWVnDAJRDeJB_pKVk7olGN-GYA
Connection: close
Request body:

========================================
2018-01-09 18:02:25 
::1 GET /synergix-takaful/public-api/v1/ticket_categories?product_type_id=1&ticket_type_id=7&is_active=1&limit=500&order=name HTTP/1.1
HTTP headers:
Host: localhost
User-Agent: Ticketing-WebApp
Authorization: Bearer eyJ0eXAiOiJKV1QiLCJhbGciOiJIUzI1NiJ9.eyJpYXQiOjE1MTU0OTU3MjAsImp0aSI6Ilpwb1J2K1wvWUd6NUFWanZhMmsxN3Vva0g1emRHdXNjekFKak5weUhodks4PSIsImlzcyI6Ijo6MSIsIm5iZiI6MTUxNTQ5NTcyMCwiZXhwIjoxNTE1NDk3NTIwLCJkYXRhIjp7InVzZXJuYW1lIjoiYnNfMDEiLCJwYXNzd29yZCI6IjE1M2ViYjRmYjNhN2M5ZGMxZmNiMTE2MzkwOTVjOGVjNDZiZGM0OTEiLCJpcCI6Ijo6MSIsInVzZXJfYWdlbnQiOiJUaWNrZXRpbmctV2ViQXBwIn19.aJp7N6tWjsBJ8RvooqWVnDAJRDeJB_pKVk7olGN-GYA
Connection: close
Request body:

========================================
2018-01-09 18:02:29 
::1 GET /synergix-takaful/public-api/v1/ticket_subcategories?ticket_category_id=44&is_active=1&limit=500&order=name HTTP/1.1
HTTP headers:
Host: localhost
User-Agent: Ticketing-WebApp
Authorization: Bearer eyJ0eXAiOiJKV1QiLCJhbGciOiJIUzI1NiJ9.eyJpYXQiOjE1MTU0OTU3MjAsImp0aSI6Ilpwb1J2K1wvWUd6NUFWanZhMmsxN3Vva0g1emRHdXNjekFKak5weUhodks4PSIsImlzcyI6Ijo6MSIsIm5iZiI6MTUxNTQ5NTcyMCwiZXhwIjoxNTE1NDk3NTIwLCJkYXRhIjp7InVzZXJuYW1lIjoiYnNfMDEiLCJwYXNzd29yZCI6IjE1M2ViYjRmYjNhN2M5ZGMxZmNiMTE2MzkwOTVjOGVjNDZiZGM0OTEiLCJpcCI6Ijo6MSIsInVzZXJfYWdlbnQiOiJUaWNrZXRpbmctV2ViQXBwIn19.aJp7N6tWjsBJ8RvooqWVnDAJRDeJB_pKVk7olGN-GYA
Connection: close
Request body:

========================================
2018-01-09 18:02:42 
::1 POST /synergix-takaful/public-api/v1/tickets HTTP/1.1
HTTP headers:
Host: localhost
Content-Length: 327
User-Agent: Ticketing-WebApp
Authorization: Bearer eyJ0eXAiOiJKV1QiLCJhbGciOiJIUzI1NiJ9.eyJpYXQiOjE1MTU0OTU3MjAsImp0aSI6Ilpwb1J2K1wvWUd6NUFWanZhMmsxN3Vva0g1emRHdXNjekFKak5weUhodks4PSIsImlzcyI6Ijo6MSIsIm5iZiI6MTUxNTQ5NTcyMCwiZXhwIjoxNTE1NDk3NTIwLCJkYXRhIjp7InVzZXJuYW1lIjoiYnNfMDEiLCJwYXNzd29yZCI6IjE1M2ViYjRmYjNhN2M5ZGMxZmNiMTE2MzkwOTVjOGVjNDZiZGM0OTEiLCJpcCI6Ijo6MSIsInVzZXJfYWdlbnQiOiJUaWNrZXRpbmctV2ViQXBwIn19.aJp7N6tWjsBJ8RvooqWVnDAJRDeJB_pKVk7olGN-GYA
Connection: close
Content-Type: application/x-www-form-urlencoded
Request body:
media_id=&contact_type_id=1&ticket_source_id=1&product_type_id=1&ticket_category_id=44&ticket_subcategory_id=213&ticket_priority_id=3&ticket_type_id=7&department_id=4&create_date=2018-01-09+18%3A02%3A42&create_user_id=6&open_date=2018-01-09+18%3A02%3A42&open_user_id=6&ticket_detail=pahit&customer_id=1&sla=1&ticket_status_id=1
========================================
2018-01-09 18:02:42 
::1 GET /synergix-takaful/public-api/v1/tickets/10 HTTP/1.1
HTTP headers:
Host: localhost
User-Agent: Ticketing-WebApp
Authorization: Bearer eyJ0eXAiOiJKV1QiLCJhbGciOiJIUzI1NiJ9.eyJpYXQiOjE1MTU0OTU3MjAsImp0aSI6Ilpwb1J2K1wvWUd6NUFWanZhMmsxN3Vva0g1emRHdXNjekFKak5weUhodks4PSIsImlzcyI6Ijo6MSIsIm5iZiI6MTUxNTQ5NTcyMCwiZXhwIjoxNTE1NDk3NTIwLCJkYXRhIjp7InVzZXJuYW1lIjoiYnNfMDEiLCJwYXNzd29yZCI6IjE1M2ViYjRmYjNhN2M5ZGMxZmNiMTE2MzkwOTVjOGVjNDZiZGM0OTEiLCJpcCI6Ijo6MSIsInVzZXJfYWdlbnQiOiJUaWNrZXRpbmctV2ViQXBwIn19.aJp7N6tWjsBJ8RvooqWVnDAJRDeJB_pKVk7olGN-GYA
Connection: close
Request body:

========================================
2018-01-09 18:02:43 
::1 GET /synergix-takaful/public-api/v1/tickets?limit=1&ticket_no=1801090010 HTTP/1.1
HTTP headers:
Host: localhost
User-Agent: Ticketing-WebApp
Authorization: Bearer eyJ0eXAiOiJKV1QiLCJhbGciOiJIUzI1NiJ9.eyJpYXQiOjE1MTU0OTU3MjAsImp0aSI6Ilpwb1J2K1wvWUd6NUFWanZhMmsxN3Vva0g1emRHdXNjekFKak5weUhodks4PSIsImlzcyI6Ijo6MSIsIm5iZiI6MTUxNTQ5NTcyMCwiZXhwIjoxNTE1NDk3NTIwLCJkYXRhIjp7InVzZXJuYW1lIjoiYnNfMDEiLCJwYXNzd29yZCI6IjE1M2ViYjRmYjNhN2M5ZGMxZmNiMTE2MzkwOTVjOGVjNDZiZGM0OTEiLCJpcCI6Ijo6MSIsInVzZXJfYWdlbnQiOiJUaWNrZXRpbmctV2ViQXBwIn19.aJp7N6tWjsBJ8RvooqWVnDAJRDeJB_pKVk7olGN-GYA
Connection: close
Request body:

========================================
2018-01-09 18:02:44 
::1 GET /synergix-takaful/public-api/v1/ticket_categories?is_active=1&ticket_type_id=7&product_type_id=1 HTTP/1.1
HTTP headers:
Host: localhost
User-Agent: Ticketing-WebApp
Authorization: Bearer eyJ0eXAiOiJKV1QiLCJhbGciOiJIUzI1NiJ9.eyJpYXQiOjE1MTU0OTU3MjAsImp0aSI6Ilpwb1J2K1wvWUd6NUFWanZhMmsxN3Vva0g1emRHdXNjekFKak5weUhodks4PSIsImlzcyI6Ijo6MSIsIm5iZiI6MTUxNTQ5NTcyMCwiZXhwIjoxNTE1NDk3NTIwLCJkYXRhIjp7InVzZXJuYW1lIjoiYnNfMDEiLCJwYXNzd29yZCI6IjE1M2ViYjRmYjNhN2M5ZGMxZmNiMTE2MzkwOTVjOGVjNDZiZGM0OTEiLCJpcCI6Ijo6MSIsInVzZXJfYWdlbnQiOiJUaWNrZXRpbmctV2ViQXBwIn19.aJp7N6tWjsBJ8RvooqWVnDAJRDeJB_pKVk7olGN-GYA
Connection: close
Request body:

========================================
2018-01-09 18:02:44 
::1 GET /synergix-takaful/public-api/v1/ticket_subcategories?is_active=1&ticket_category_id=44 HTTP/1.1
HTTP headers:
Host: localhost
User-Agent: Ticketing-WebApp
Authorization: Bearer eyJ0eXAiOiJKV1QiLCJhbGciOiJIUzI1NiJ9.eyJpYXQiOjE1MTU0OTU3MjAsImp0aSI6Ilpwb1J2K1wvWUd6NUFWanZhMmsxN3Vva0g1emRHdXNjekFKak5weUhodks4PSIsImlzcyI6Ijo6MSIsIm5iZiI6MTUxNTQ5NTcyMCwiZXhwIjoxNTE1NDk3NTIwLCJkYXRhIjp7InVzZXJuYW1lIjoiYnNfMDEiLCJwYXNzd29yZCI6IjE1M2ViYjRmYjNhN2M5ZGMxZmNiMTE2MzkwOTVjOGVjNDZiZGM0OTEiLCJpcCI6Ijo6MSIsInVzZXJfYWdlbnQiOiJUaWNrZXRpbmctV2ViQXBwIn19.aJp7N6tWjsBJ8RvooqWVnDAJRDeJB_pKVk7olGN-GYA
Connection: close
Request body:

========================================
2018-01-09 18:02:53 
::1 POST /synergix-takaful/public-api/v1/users/token HTTP/1.1
HTTP headers:
Host: localhost
Content-Length: 37
User-Agent: Ticketing-WebApp
Connection: close
Content-Type: application/x-www-form-urlencoded
Request body:
username=claim_non&password=claim_non
========================================
2018-01-09 18:02:54 
::1 GET /synergix-takaful/public-api/v1/users/16 HTTP/1.1
HTTP headers:
Host: localhost
User-Agent: Ticketing-WebApp
Authorization: Bearer eyJ0eXAiOiJKV1QiLCJhbGciOiJIUzI1NiJ9.eyJpYXQiOjE1MTU0OTU3NzMsImp0aSI6Im52R3h4RVdTQlFSWVRWK2daSFZjTEpQeFpXdVRtc1l4Y1wvbXVDbnBDZXMwPSIsImlzcyI6Ijo6MSIsIm5iZiI6MTUxNTQ5NTc3MywiZXhwIjoxNTE1NDk3NTczLCJkYXRhIjp7InVzZXJuYW1lIjoiY2xhaW1fbm9uIiwicGFzc3dvcmQiOiI4YjZjNjFhYjkyNTg3M2NiMjA4YTM4MjQ1NGYzYTc3NWFmODFmYjlkIiwiaXAiOiI6OjEiLCJ1c2VyX2FnZW50IjoiVGlja2V0aW5nLVdlYkFwcCJ9fQ.HuZWPjsfqhI7lI6uQFbMfkpmpBLubCtYz8c1NZI_KFk
Connection: close
Request body:

========================================
2018-01-09 18:02:55 
::1 GET /synergix-takaful/public-api/v1/user_level_modules/active?code=TICKET&user_level_id=6&order=code&limit=100 HTTP/1.1
HTTP headers:
Host: localhost
User-Agent: Ticketing-WebApp
Authorization: Bearer eyJ0eXAiOiJKV1QiLCJhbGciOiJIUzI1NiJ9.eyJpYXQiOjE1MTU0OTU3NzMsImp0aSI6Im52R3h4RVdTQlFSWVRWK2daSFZjTEpQeFpXdVRtc1l4Y1wvbXVDbnBDZXMwPSIsImlzcyI6Ijo6MSIsIm5iZiI6MTUxNTQ5NTc3MywiZXhwIjoxNTE1NDk3NTczLCJkYXRhIjp7InVzZXJuYW1lIjoiY2xhaW1fbm9uIiwicGFzc3dvcmQiOiI4YjZjNjFhYjkyNTg3M2NiMjA4YTM4MjQ1NGYzYTc3NWFmODFmYjlkIiwiaXAiOiI6OjEiLCJ1c2VyX2FnZW50IjoiVGlja2V0aW5nLVdlYkFwcCJ9fQ.HuZWPjsfqhI7lI6uQFbMfkpmpBLubCtYz8c1NZI_KFk
Connection: close
Request body:

========================================
2018-01-09 18:02:59 
::1 GET /synergix-takaful/public-api/v1/tickets?department_ticket=4&limit=20&start=1515430800&end=1515430800 HTTP/1.1
HTTP headers:
Host: localhost
User-Agent: Ticketing-WebApp
Authorization: Bearer eyJ0eXAiOiJKV1QiLCJhbGciOiJIUzI1NiJ9.eyJpYXQiOjE1MTU0OTU3NzMsImp0aSI6Im52R3h4RVdTQlFSWVRWK2daSFZjTEpQeFpXdVRtc1l4Y1wvbXVDbnBDZXMwPSIsImlzcyI6Ijo6MSIsIm5iZiI6MTUxNTQ5NTc3MywiZXhwIjoxNTE1NDk3NTczLCJkYXRhIjp7InVzZXJuYW1lIjoiY2xhaW1fbm9uIiwicGFzc3dvcmQiOiI4YjZjNjFhYjkyNTg3M2NiMjA4YTM4MjQ1NGYzYTc3NWFmODFmYjlkIiwiaXAiOiI6OjEiLCJ1c2VyX2FnZW50IjoiVGlja2V0aW5nLVdlYkFwcCJ9fQ.HuZWPjsfqhI7lI6uQFbMfkpmpBLubCtYz8c1NZI_KFk
Connection: close
Request body:

========================================
2018-01-09 18:03:02 
::1 GET /synergix-takaful/public-api/v1/tickets?department_ticket=4&limit=20&start=1515430800&end=1515430800 HTTP/1.1
HTTP headers:
Host: localhost
User-Agent: Ticketing-WebApp
Authorization: Bearer eyJ0eXAiOiJKV1QiLCJhbGciOiJIUzI1NiJ9.eyJpYXQiOjE1MTU0OTU3NzMsImp0aSI6Im52R3h4RVdTQlFSWVRWK2daSFZjTEpQeFpXdVRtc1l4Y1wvbXVDbnBDZXMwPSIsImlzcyI6Ijo6MSIsIm5iZiI6MTUxNTQ5NTc3MywiZXhwIjoxNTE1NDk3NTczLCJkYXRhIjp7InVzZXJuYW1lIjoiY2xhaW1fbm9uIiwicGFzc3dvcmQiOiI4YjZjNjFhYjkyNTg3M2NiMjA4YTM4MjQ1NGYzYTc3NWFmODFmYjlkIiwiaXAiOiI6OjEiLCJ1c2VyX2FnZW50IjoiVGlja2V0aW5nLVdlYkFwcCJ9fQ.HuZWPjsfqhI7lI6uQFbMfkpmpBLubCtYz8c1NZI_KFk
Connection: close
Request body:

========================================
2018-01-09 18:03:23 
::1 GET /synergix-takaful/public-api/v1/tickets/10/ticket_histories HTTP/1.1
HTTP headers:
Host: localhost
User-Agent: Ticketing-WebApp
Authorization: Bearer eyJ0eXAiOiJKV1QiLCJhbGciOiJIUzI1NiJ9.eyJpYXQiOjE1MTU0OTU3MjAsImp0aSI6Ilpwb1J2K1wvWUd6NUFWanZhMmsxN3Vva0g1emRHdXNjekFKak5weUhodks4PSIsImlzcyI6Ijo6MSIsIm5iZiI6MTUxNTQ5NTcyMCwiZXhwIjoxNTE1NDk3NTIwLCJkYXRhIjp7InVzZXJuYW1lIjoiYnNfMDEiLCJwYXNzd29yZCI6IjE1M2ViYjRmYjNhN2M5ZGMxZmNiMTE2MzkwOTVjOGVjNDZiZGM0OTEiLCJpcCI6Ijo6MSIsInVzZXJfYWdlbnQiOiJUaWNrZXRpbmctV2ViQXBwIn19.aJp7N6tWjsBJ8RvooqWVnDAJRDeJB_pKVk7olGN-GYA
Connection: close
Request body:

========================================
2018-01-09 18:03:29 
::1 GET /synergix-takaful/public-api/v1/tickets/10 HTTP/1.1
HTTP headers:
Host: localhost
User-Agent: Ticketing-WebApp
Authorization: Bearer eyJ0eXAiOiJKV1QiLCJhbGciOiJIUzI1NiJ9.eyJpYXQiOjE1MTU0OTU3MjAsImp0aSI6Ilpwb1J2K1wvWUd6NUFWanZhMmsxN3Vva0g1emRHdXNjekFKak5weUhodks4PSIsImlzcyI6Ijo6MSIsIm5iZiI6MTUxNTQ5NTcyMCwiZXhwIjoxNTE1NDk3NTIwLCJkYXRhIjp7InVzZXJuYW1lIjoiYnNfMDEiLCJwYXNzd29yZCI6IjE1M2ViYjRmYjNhN2M5ZGMxZmNiMTE2MzkwOTVjOGVjNDZiZGM0OTEiLCJpcCI6Ijo6MSIsInVzZXJfYWdlbnQiOiJUaWNrZXRpbmctV2ViQXBwIn19.aJp7N6tWjsBJ8RvooqWVnDAJRDeJB_pKVk7olGN-GYA
Connection: close
Request body:

========================================
2018-01-09 18:03:29 
::1 PUT /synergix-takaful/public-api/v1/tickets/10 HTTP/1.1
HTTP headers:
Host: localhost
Content-Length: 73
User-Agent: Ticketing-WebApp
Authorization: Bearer eyJ0eXAiOiJKV1QiLCJhbGciOiJIUzI1NiJ9.eyJpYXQiOjE1MTU0OTU3MjAsImp0aSI6Ilpwb1J2K1wvWUd6NUFWanZhMmsxN3Vva0g1emRHdXNjekFKak5weUhodks4PSIsImlzcyI6Ijo6MSIsIm5iZiI6MTUxNTQ5NTcyMCwiZXhwIjoxNTE1NDk3NTIwLCJkYXRhIjp7InVzZXJuYW1lIjoiYnNfMDEiLCJwYXNzd29yZCI6IjE1M2ViYjRmYjNhN2M5ZGMxZmNiMTE2MzkwOTVjOGVjNDZiZGM0OTEiLCJpcCI6Ijo6MSIsInVzZXJfYWdlbnQiOiJUaWNrZXRpbmctV2ViQXBwIn19.aJp7N6tWjsBJ8RvooqWVnDAJRDeJB_pKVk7olGN-GYA
Connection: close
Content-Type: application/x-www-form-urlencoded
Request body:
ticket_status_id=3&process_date=2018-01-09+18%3A03%3A29&process_user_id=6
========================================
2018-01-09 18:03:29 
::1 POST /synergix-takaful/public-api/v1/ticket_histories HTTP/1.1
HTTP headers:
Host: localhost
Content-Length: 53
User-Agent: Ticketing-WebApp
Authorization: Bearer eyJ0eXAiOiJKV1QiLCJhbGciOiJIUzI1NiJ9.eyJpYXQiOjE1MTU0OTU3MjAsImp0aSI6Ilpwb1J2K1wvWUd6NUFWanZhMmsxN3Vva0g1emRHdXNjekFKak5weUhodks4PSIsImlzcyI6Ijo6MSIsIm5iZiI6MTUxNTQ5NTcyMCwiZXhwIjoxNTE1NDk3NTIwLCJkYXRhIjp7InVzZXJuYW1lIjoiYnNfMDEiLCJwYXNzd29yZCI6IjE1M2ViYjRmYjNhN2M5ZGMxZmNiMTE2MzkwOTVjOGVjNDZiZGM0OTEiLCJpcCI6Ijo6MSIsInVzZXJfYWdlbnQiOiJUaWNrZXRpbmctV2ViQXBwIn19.aJp7N6tWjsBJ8RvooqWVnDAJRDeJB_pKVk7olGN-GYA
Connection: close
Content-Type: application/x-www-form-urlencoded
Request body:
ticket_id=10&ticket_status_id=3&user_id=6&note=submit
========================================
2018-01-09 18:03:30 
::1 GET /synergix-takaful/public-api/v1/tickets?limit=1&ticket_no=1801090010 HTTP/1.1
HTTP headers:
Host: localhost
User-Agent: Ticketing-WebApp
Authorization: Bearer eyJ0eXAiOiJKV1QiLCJhbGciOiJIUzI1NiJ9.eyJpYXQiOjE1MTU0OTU3MjAsImp0aSI6Ilpwb1J2K1wvWUd6NUFWanZhMmsxN3Vva0g1emRHdXNjekFKak5weUhodks4PSIsImlzcyI6Ijo6MSIsIm5iZiI6MTUxNTQ5NTcyMCwiZXhwIjoxNTE1NDk3NTIwLCJkYXRhIjp7InVzZXJuYW1lIjoiYnNfMDEiLCJwYXNzd29yZCI6IjE1M2ViYjRmYjNhN2M5ZGMxZmNiMTE2MzkwOTVjOGVjNDZiZGM0OTEiLCJpcCI6Ijo6MSIsInVzZXJfYWdlbnQiOiJUaWNrZXRpbmctV2ViQXBwIn19.aJp7N6tWjsBJ8RvooqWVnDAJRDeJB_pKVk7olGN-GYA
Connection: close
Request body:

========================================
2018-01-09 18:03:32 
::1 GET /synergix-takaful/public-api/v1/tickets/10/ticket_histories HTTP/1.1
HTTP headers:
Host: localhost
User-Agent: Ticketing-WebApp
Authorization: Bearer eyJ0eXAiOiJKV1QiLCJhbGciOiJIUzI1NiJ9.eyJpYXQiOjE1MTU0OTU3MjAsImp0aSI6Ilpwb1J2K1wvWUd6NUFWanZhMmsxN3Vva0g1emRHdXNjekFKak5weUhodks4PSIsImlzcyI6Ijo6MSIsIm5iZiI6MTUxNTQ5NTcyMCwiZXhwIjoxNTE1NDk3NTIwLCJkYXRhIjp7InVzZXJuYW1lIjoiYnNfMDEiLCJwYXNzd29yZCI6IjE1M2ViYjRmYjNhN2M5ZGMxZmNiMTE2MzkwOTVjOGVjNDZiZGM0OTEiLCJpcCI6Ijo6MSIsInVzZXJfYWdlbnQiOiJUaWNrZXRpbmctV2ViQXBwIn19.aJp7N6tWjsBJ8RvooqWVnDAJRDeJB_pKVk7olGN-GYA
Connection: close
Request body:

========================================
2018-01-09 18:03:36 
::1 GET /synergix-takaful/public-api/v1/tickets?department_ticket=4&limit=20&start=1515430800&end=1515430800 HTTP/1.1
HTTP headers:
Host: localhost
User-Agent: Ticketing-WebApp
Authorization: Bearer eyJ0eXAiOiJKV1QiLCJhbGciOiJIUzI1NiJ9.eyJpYXQiOjE1MTU0OTU3NzMsImp0aSI6Im52R3h4RVdTQlFSWVRWK2daSFZjTEpQeFpXdVRtc1l4Y1wvbXVDbnBDZXMwPSIsImlzcyI6Ijo6MSIsIm5iZiI6MTUxNTQ5NTc3MywiZXhwIjoxNTE1NDk3NTczLCJkYXRhIjp7InVzZXJuYW1lIjoiY2xhaW1fbm9uIiwicGFzc3dvcmQiOiI4YjZjNjFhYjkyNTg3M2NiMjA4YTM4MjQ1NGYzYTc3NWFmODFmYjlkIiwiaXAiOiI6OjEiLCJ1c2VyX2FnZW50IjoiVGlja2V0aW5nLVdlYkFwcCJ9fQ.HuZWPjsfqhI7lI6uQFbMfkpmpBLubCtYz8c1NZI_KFk
Connection: close
Request body:

========================================
2018-01-09 19:24:12 
::1 POST /synergix-takaful/public-api/v1/users/token HTTP/1.1
HTTP headers:
Host: localhost
Content-Length: 31
User-Agent: Ticketing-WebApp
Connection: close
Content-Type: application/x-www-form-urlencoded
Request body:
username=rahmat&password=rahmat
========================================
2018-01-09 19:24:14 
::1 GET /synergix-takaful/public-api/v1/users/8 HTTP/1.1
HTTP headers:
Host: localhost
User-Agent: Ticketing-WebApp
Authorization: Bearer eyJ0eXAiOiJKV1QiLCJhbGciOiJIUzI1NiJ9.eyJpYXQiOjE1MTU1MDA2NTMsImp0aSI6ImhERUtSVE16Y0dmSEFHNGVpOTZsbzdEUnpZeHpxcjd4cTh4dENrMDNwR3M9IiwiaXNzIjoiOjoxIiwibmJmIjoxNTE1NTAwNjUzLCJleHAiOjE1MTU1MDI0NTMsImRhdGEiOnsidXNlcm5hbWUiOiJyYWhtYXQiLCJwYXNzd29yZCI6IjkxZGY3YWE2MjA5OWMzYmY0YTNmNmQ1ZDU0NTYzNzg5NDg5ZTA0YjUiLCJpcCI6Ijo6MSIsInVzZXJfYWdlbnQiOiJUaWNrZXRpbmctV2ViQXBwIn19.0Z5ctjMVNDt4bsfZPmGMrcZyLYR9_1fjKOAxpeA2gLI
Connection: close
Request body:

========================================
2018-01-09 19:24:14 
::1 GET /synergix-takaful/public-api/v1/user_level_modules/active?code=TICKET&user_level_id=1 HTTP/1.1
HTTP headers:
Host: localhost
User-Agent: Ticketing-WebApp
Authorization: Bearer eyJ0eXAiOiJKV1QiLCJhbGciOiJIUzI1NiJ9.eyJpYXQiOjE1MTU1MDA2NTMsImp0aSI6ImhERUtSVE16Y0dmSEFHNGVpOTZsbzdEUnpZeHpxcjd4cTh4dENrMDNwR3M9IiwiaXNzIjoiOjoxIiwibmJmIjoxNTE1NTAwNjUzLCJleHAiOjE1MTU1MDI0NTMsImRhdGEiOnsidXNlcm5hbWUiOiJyYWhtYXQiLCJwYXNzd29yZCI6IjkxZGY3YWE2MjA5OWMzYmY0YTNmNmQ1ZDU0NTYzNzg5NDg5ZTA0YjUiLCJpcCI6Ijo6MSIsInVzZXJfYWdlbnQiOiJUaWNrZXRpbmctV2ViQXBwIn19.0Z5ctjMVNDt4bsfZPmGMrcZyLYR9_1fjKOAxpeA2gLI
Connection: close
Request body:

========================================
2018-01-09 19:24:14 
::1 GET /synergix-takaful/public-api/v1/tickets?limit=20&start=1515430800&end=1515430800 HTTP/1.1
HTTP headers:
Host: localhost
User-Agent: Ticketing-WebApp
Authorization: Bearer eyJ0eXAiOiJKV1QiLCJhbGciOiJIUzI1NiJ9.eyJpYXQiOjE1MTU1MDA2NTMsImp0aSI6ImhERUtSVE16Y0dmSEFHNGVpOTZsbzdEUnpZeHpxcjd4cTh4dENrMDNwR3M9IiwiaXNzIjoiOjoxIiwibmJmIjoxNTE1NTAwNjUzLCJleHAiOjE1MTU1MDI0NTMsImRhdGEiOnsidXNlcm5hbWUiOiJyYWhtYXQiLCJwYXNzd29yZCI6IjkxZGY3YWE2MjA5OWMzYmY0YTNmNmQ1ZDU0NTYzNzg5NDg5ZTA0YjUiLCJpcCI6Ijo6MSIsInVzZXJfYWdlbnQiOiJUaWNrZXRpbmctV2ViQXBwIn19.0Z5ctjMVNDt4bsfZPmGMrcZyLYR9_1fjKOAxpeA2gLI
Connection: close
Request body:

========================================
