2018-06-21 11:02:44 
172.22.24.131 POST /synergix-takaful/public-api/v1/users/token HTTP/1.1
HTTP headers:
Host: 192.168.0.196
Content-Length: 29
User-Agent: Ticketing-WebApp
Connection: close
Content-Type: application/x-www-form-urlencoded
Request body:
username=mario&password=mario
========================================
2018-06-21 11:02:46 
172.22.24.131 POST /synergix-takaful/public-api/v1/users/token HTTP/1.1
HTTP headers:
Host: 192.168.0.196
Content-Length: 10
User-Agent: Ticketing-WebApp
Connection: close
Content-Type: application/x-www-form-urlencoded
Request body:
password=0
========================================
2018-06-21 11:02:46 
172.22.24.131 POST /synergix-takaful/public-api/v1/users/token HTTP/1.1
HTTP headers:
Host: 192.168.0.196
Content-Length: 29
User-Agent: Ticketing-WebApp
Connection: close
Content-Type: application/x-www-form-urlencoded
Request body:
username=mario&password=mario
========================================
2018-06-21 11:20:46 
172.22.24.131 POST /synergix-takaful/public-api/v1/users/token HTTP/1.1
HTTP headers:
Host: 192.168.0.196
Content-Length: 35
User-Agent: Ticketing-WebApp
Connection: close
Content-Type: application/x-www-form-urlencoded
Request body:
username=bs_admin&password=bs_admin
========================================
2018-06-21 11:20:47 
172.22.24.131 GET /synergix-takaful/public-api/v1/users/85 HTTP/1.1
HTTP headers:
Host: 192.168.0.196
User-Agent: Ticketing-WebApp
Authorization: Bearer eyJ0eXAiOiJKV1QiLCJhbGciOiJIUzI1NiJ9.eyJpYXQiOjE1Mjk1NTQ4NDYsImp0aSI6InpCdFpFZEdkQ2g0U2IzYndrRk1KTUFoM3gwcFI1aFI0dU80XC9rTlRGbktVPSIsImlzcyI6IjE3Mi4yMi4yNC4xMzEiLCJuYmYiOjE1Mjk1NTQ4NDYsImV4cCI6MTUyOTU1NjY0NiwiZGF0YSI6eyJ1c2VybmFtZSI6ImJzX2FkbWluIiwicGFzc3dvcmQiOiIyZTRmNjNjOTA4NjFhNzExNTVkOTczZDMwODJkMmRkODBiZDA1MDJmIiwiaXAiOiIxNzIuMjIuMjQuMTMxIiwidXNlcl9hZ2VudCI6IlRpY2tldGluZy1XZWJBcHAifX0.epy5Lyxj1slFMt_bvrTuOzNJZloMX9ubEx0UfjeoOWo
Connection: close
Request body:

========================================
2018-06-21 11:20:48 
172.22.24.131 GET /synergix-takaful/public-api/v1/user_level_modules/active?code=TICKET&user_level_id=7&order=code&limit=100 HTTP/1.1
HTTP headers:
Host: 192.168.0.196
User-Agent: Ticketing-WebApp
Authorization: Bearer eyJ0eXAiOiJKV1QiLCJhbGciOiJIUzI1NiJ9.eyJpYXQiOjE1Mjk1NTQ4NDYsImp0aSI6InpCdFpFZEdkQ2g0U2IzYndrRk1KTUFoM3gwcFI1aFI0dU80XC9rTlRGbktVPSIsImlzcyI6IjE3Mi4yMi4yNC4xMzEiLCJuYmYiOjE1Mjk1NTQ4NDYsImV4cCI6MTUyOTU1NjY0NiwiZGF0YSI6eyJ1c2VybmFtZSI6ImJzX2FkbWluIiwicGFzc3dvcmQiOiIyZTRmNjNjOTA4NjFhNzExNTVkOTczZDMwODJkMmRkODBiZDA1MDJmIiwiaXAiOiIxNzIuMjIuMjQuMTMxIiwidXNlcl9hZ2VudCI6IlRpY2tldGluZy1XZWJBcHAifX0.epy5Lyxj1slFMt_bvrTuOzNJZloMX9ubEx0UfjeoOWo
Connection: close
Request body:

========================================
2018-06-21 11:20:48 
172.22.24.131 GET /synergix-takaful/public-api/v1/ticket_statistics HTTP/1.1
HTTP headers:
Host: 192.168.0.196
User-Agent: Ticketing-WebApp
Authorization: Bearer eyJ0eXAiOiJKV1QiLCJhbGciOiJIUzI1NiJ9.eyJpYXQiOjE1Mjk1NTQ4NDYsImp0aSI6InpCdFpFZEdkQ2g0U2IzYndrRk1KTUFoM3gwcFI1aFI0dU80XC9rTlRGbktVPSIsImlzcyI6IjE3Mi4yMi4yNC4xMzEiLCJuYmYiOjE1Mjk1NTQ4NDYsImV4cCI6MTUyOTU1NjY0NiwiZGF0YSI6eyJ1c2VybmFtZSI6ImJzX2FkbWluIiwicGFzc3dvcmQiOiIyZTRmNjNjOTA4NjFhNzExNTVkOTczZDMwODJkMmRkODBiZDA1MDJmIiwiaXAiOiIxNzIuMjIuMjQuMTMxIiwidXNlcl9hZ2VudCI6IlRpY2tldGluZy1XZWJBcHAifX0.epy5Lyxj1slFMt_bvrTuOzNJZloMX9ubEx0UfjeoOWo
Connection: close
Request body:

========================================
2018-06-21 11:20:48 
172.22.24.131 GET /synergix-takaful/public-api/v1/ticket_statistics/departments HTTP/1.1
HTTP headers:
Host: 192.168.0.196
User-Agent: Ticketing-WebApp
Authorization: Bearer eyJ0eXAiOiJKV1QiLCJhbGciOiJIUzI1NiJ9.eyJpYXQiOjE1Mjk1NTQ4NDYsImp0aSI6InpCdFpFZEdkQ2g0U2IzYndrRk1KTUFoM3gwcFI1aFI0dU80XC9rTlRGbktVPSIsImlzcyI6IjE3Mi4yMi4yNC4xMzEiLCJuYmYiOjE1Mjk1NTQ4NDYsImV4cCI6MTUyOTU1NjY0NiwiZGF0YSI6eyJ1c2VybmFtZSI6ImJzX2FkbWluIiwicGFzc3dvcmQiOiIyZTRmNjNjOTA4NjFhNzExNTVkOTczZDMwODJkMmRkODBiZDA1MDJmIiwiaXAiOiIxNzIuMjIuMjQuMTMxIiwidXNlcl9hZ2VudCI6IlRpY2tldGluZy1XZWJBcHAifX0.epy5Lyxj1slFMt_bvrTuOzNJZloMX9ubEx0UfjeoOWo
Connection: close
Request body:

========================================
2018-06-21 11:20:49 
172.22.24.131 GET /synergix-takaful/public-api/v1/ticket_statistics/categories HTTP/1.1
HTTP headers:
Host: 192.168.0.196
User-Agent: Ticketing-WebApp
Authorization: Bearer eyJ0eXAiOiJKV1QiLCJhbGciOiJIUzI1NiJ9.eyJpYXQiOjE1Mjk1NTQ4NDYsImp0aSI6InpCdFpFZEdkQ2g0U2IzYndrRk1KTUFoM3gwcFI1aFI0dU80XC9rTlRGbktVPSIsImlzcyI6IjE3Mi4yMi4yNC4xMzEiLCJuYmYiOjE1Mjk1NTQ4NDYsImV4cCI6MTUyOTU1NjY0NiwiZGF0YSI6eyJ1c2VybmFtZSI6ImJzX2FkbWluIiwicGFzc3dvcmQiOiIyZTRmNjNjOTA4NjFhNzExNTVkOTczZDMwODJkMmRkODBiZDA1MDJmIiwiaXAiOiIxNzIuMjIuMjQuMTMxIiwidXNlcl9hZ2VudCI6IlRpY2tldGluZy1XZWJBcHAifX0.epy5Lyxj1slFMt_bvrTuOzNJZloMX9ubEx0UfjeoOWo
Connection: close
Request body:

========================================
2018-06-21 11:20:50 
172.22.24.131 GET /synergix-takaful/public-api/v1/ticket_statistics/subcategories HTTP/1.1
HTTP headers:
Host: 192.168.0.196
User-Agent: Ticketing-WebApp
Authorization: Bearer eyJ0eXAiOiJKV1QiLCJhbGciOiJIUzI1NiJ9.eyJpYXQiOjE1Mjk1NTQ4NDYsImp0aSI6InpCdFpFZEdkQ2g0U2IzYndrRk1KTUFoM3gwcFI1aFI0dU80XC9rTlRGbktVPSIsImlzcyI6IjE3Mi4yMi4yNC4xMzEiLCJuYmYiOjE1Mjk1NTQ4NDYsImV4cCI6MTUyOTU1NjY0NiwiZGF0YSI6eyJ1c2VybmFtZSI6ImJzX2FkbWluIiwicGFzc3dvcmQiOiIyZTRmNjNjOTA4NjFhNzExNTVkOTczZDMwODJkMmRkODBiZDA1MDJmIiwiaXAiOiIxNzIuMjIuMjQuMTMxIiwidXNlcl9hZ2VudCI6IlRpY2tldGluZy1XZWJBcHAifX0.epy5Lyxj1slFMt_bvrTuOzNJZloMX9ubEx0UfjeoOWo
Connection: close
Request body:

========================================
2018-06-21 11:20:55 
172.22.24.131 GET /synergix-takaful/public-api/v1/ticket_types?is_active=1 HTTP/1.1
HTTP headers:
Host: 192.168.0.196
User-Agent: Ticketing-WebApp
Authorization: Bearer eyJ0eXAiOiJKV1QiLCJhbGciOiJIUzI1NiJ9.eyJpYXQiOjE1Mjk1NTQ4NDYsImp0aSI6InpCdFpFZEdkQ2g0U2IzYndrRk1KTUFoM3gwcFI1aFI0dU80XC9rTlRGbktVPSIsImlzcyI6IjE3Mi4yMi4yNC4xMzEiLCJuYmYiOjE1Mjk1NTQ4NDYsImV4cCI6MTUyOTU1NjY0NiwiZGF0YSI6eyJ1c2VybmFtZSI6ImJzX2FkbWluIiwicGFzc3dvcmQiOiIyZTRmNjNjOTA4NjFhNzExNTVkOTczZDMwODJkMmRkODBiZDA1MDJmIiwiaXAiOiIxNzIuMjIuMjQuMTMxIiwidXNlcl9hZ2VudCI6IlRpY2tldGluZy1XZWJBcHAifX0.epy5Lyxj1slFMt_bvrTuOzNJZloMX9ubEx0UfjeoOWo
Connection: close
Request body:

========================================
2018-06-21 11:20:55 
172.22.24.131 GET /synergix-takaful/public-api/v1/departments?is_active=1&limit=100&order=name HTTP/1.1
HTTP headers:
Host: 192.168.0.196
User-Agent: Ticketing-WebApp
Authorization: Bearer eyJ0eXAiOiJKV1QiLCJhbGciOiJIUzI1NiJ9.eyJpYXQiOjE1Mjk1NTQ4NDYsImp0aSI6InpCdFpFZEdkQ2g0U2IzYndrRk1KTUFoM3gwcFI1aFI0dU80XC9rTlRGbktVPSIsImlzcyI6IjE3Mi4yMi4yNC4xMzEiLCJuYmYiOjE1Mjk1NTQ4NDYsImV4cCI6MTUyOTU1NjY0NiwiZGF0YSI6eyJ1c2VybmFtZSI6ImJzX2FkbWluIiwicGFzc3dvcmQiOiIyZTRmNjNjOTA4NjFhNzExNTVkOTczZDMwODJkMmRkODBiZDA1MDJmIiwiaXAiOiIxNzIuMjIuMjQuMTMxIiwidXNlcl9hZ2VudCI6IlRpY2tldGluZy1XZWJBcHAifX0.epy5Lyxj1slFMt_bvrTuOzNJZloMX9ubEx0UfjeoOWo
Connection: close
Request body:

========================================
2018-06-21 11:20:56 
172.22.24.131 GET /synergix-takaful/public-api/v1/ticket_priorities?is_active=1&order=name HTTP/1.1
HTTP headers:
Host: 192.168.0.196
User-Agent: Ticketing-WebApp
Authorization: Bearer eyJ0eXAiOiJKV1QiLCJhbGciOiJIUzI1NiJ9.eyJpYXQiOjE1Mjk1NTQ4NDYsImp0aSI6InpCdFpFZEdkQ2g0U2IzYndrRk1KTUFoM3gwcFI1aFI0dU80XC9rTlRGbktVPSIsImlzcyI6IjE3Mi4yMi4yNC4xMzEiLCJuYmYiOjE1Mjk1NTQ4NDYsImV4cCI6MTUyOTU1NjY0NiwiZGF0YSI6eyJ1c2VybmFtZSI6ImJzX2FkbWluIiwicGFzc3dvcmQiOiIyZTRmNjNjOTA4NjFhNzExNTVkOTczZDMwODJkMmRkODBiZDA1MDJmIiwiaXAiOiIxNzIuMjIuMjQuMTMxIiwidXNlcl9hZ2VudCI6IlRpY2tldGluZy1XZWJBcHAifX0.epy5Lyxj1slFMt_bvrTuOzNJZloMX9ubEx0UfjeoOWo
Connection: close
Request body:

========================================
2018-06-21 11:20:56 
172.22.24.131 GET /synergix-takaful/public-api/v1/ticket_statuses/active?order=name HTTP/1.1
HTTP headers:
Host: 192.168.0.196
User-Agent: Ticketing-WebApp
Authorization: Bearer eyJ0eXAiOiJKV1QiLCJhbGciOiJIUzI1NiJ9.eyJpYXQiOjE1Mjk1NTQ4NDYsImp0aSI6InpCdFpFZEdkQ2g0U2IzYndrRk1KTUFoM3gwcFI1aFI0dU80XC9rTlRGbktVPSIsImlzcyI6IjE3Mi4yMi4yNC4xMzEiLCJuYmYiOjE1Mjk1NTQ4NDYsImV4cCI6MTUyOTU1NjY0NiwiZGF0YSI6eyJ1c2VybmFtZSI6ImJzX2FkbWluIiwicGFzc3dvcmQiOiIyZTRmNjNjOTA4NjFhNzExNTVkOTczZDMwODJkMmRkODBiZDA1MDJmIiwiaXAiOiIxNzIuMjIuMjQuMTMxIiwidXNlcl9hZ2VudCI6IlRpY2tldGluZy1XZWJBcHAifX0.epy5Lyxj1slFMt_bvrTuOzNJZloMX9ubEx0UfjeoOWo
Connection: close
Request body:

========================================
2018-06-21 11:20:56 
172.22.24.131 GET /synergix-takaful/public-api/v1/product_types/active?limit=50 HTTP/1.1
HTTP headers:
Host: 192.168.0.196
User-Agent: Ticketing-WebApp
Authorization: Bearer eyJ0eXAiOiJKV1QiLCJhbGciOiJIUzI1NiJ9.eyJpYXQiOjE1Mjk1NTQ4NDYsImp0aSI6InpCdFpFZEdkQ2g0U2IzYndrRk1KTUFoM3gwcFI1aFI0dU80XC9rTlRGbktVPSIsImlzcyI6IjE3Mi4yMi4yNC4xMzEiLCJuYmYiOjE1Mjk1NTQ4NDYsImV4cCI6MTUyOTU1NjY0NiwiZGF0YSI6eyJ1c2VybmFtZSI6ImJzX2FkbWluIiwicGFzc3dvcmQiOiIyZTRmNjNjOTA4NjFhNzExNTVkOTczZDMwODJkMmRkODBiZDA1MDJmIiwiaXAiOiIxNzIuMjIuMjQuMTMxIiwidXNlcl9hZ2VudCI6IlRpY2tldGluZy1XZWJBcHAifX0.epy5Lyxj1slFMt_bvrTuOzNJZloMX9ubEx0UfjeoOWo
Connection: close
Request body:

========================================
2018-06-21 11:20:56 
172.22.24.131 GET /synergix-takaful/public-api/v1/tickets?need_follow_up=1&ticket_status_id=4&limit=1 HTTP/1.1
HTTP headers:
Host: 192.168.0.196
User-Agent: Ticketing-WebApp
Authorization: Bearer eyJ0eXAiOiJKV1QiLCJhbGciOiJIUzI1NiJ9.eyJpYXQiOjE1Mjk1NTQ4NDYsImp0aSI6InpCdFpFZEdkQ2g0U2IzYndrRk1KTUFoM3gwcFI1aFI0dU80XC9rTlRGbktVPSIsImlzcyI6IjE3Mi4yMi4yNC4xMzEiLCJuYmYiOjE1Mjk1NTQ4NDYsImV4cCI6MTUyOTU1NjY0NiwiZGF0YSI6eyJ1c2VybmFtZSI6ImJzX2FkbWluIiwicGFzc3dvcmQiOiIyZTRmNjNjOTA4NjFhNzExNTVkOTczZDMwODJkMmRkODBiZDA1MDJmIiwiaXAiOiIxNzIuMjIuMjQuMTMxIiwidXNlcl9hZ2VudCI6IlRpY2tldGluZy1XZWJBcHAifX0.epy5Lyxj1slFMt_bvrTuOzNJZloMX9ubEx0UfjeoOWo
Connection: close
Request body:

========================================
2018-06-21 11:20:58 
172.22.24.131 GET /synergix-takaful/public-api/v1/tickets?limit=20&start=1529514000&end=1529514000 HTTP/1.1
HTTP headers:
Host: 192.168.0.196
User-Agent: Ticketing-WebApp
Authorization: Bearer eyJ0eXAiOiJKV1QiLCJhbGciOiJIUzI1NiJ9.eyJpYXQiOjE1Mjk1NTQ4NDYsImp0aSI6InpCdFpFZEdkQ2g0U2IzYndrRk1KTUFoM3gwcFI1aFI0dU80XC9rTlRGbktVPSIsImlzcyI6IjE3Mi4yMi4yNC4xMzEiLCJuYmYiOjE1Mjk1NTQ4NDYsImV4cCI6MTUyOTU1NjY0NiwiZGF0YSI6eyJ1c2VybmFtZSI6ImJzX2FkbWluIiwicGFzc3dvcmQiOiIyZTRmNjNjOTA4NjFhNzExNTVkOTczZDMwODJkMmRkODBiZDA1MDJmIiwiaXAiOiIxNzIuMjIuMjQuMTMxIiwidXNlcl9hZ2VudCI6IlRpY2tldGluZy1XZWJBcHAifX0.epy5Lyxj1slFMt_bvrTuOzNJZloMX9ubEx0UfjeoOWo
Connection: close
Request body:

========================================
2018-06-21 11:21:12 
172.22.24.131 GET /synergix-takaful/public-api/v1/contact_types?is_active=1 HTTP/1.1
HTTP headers:
Host: 192.168.0.196
User-Agent: Ticketing-WebApp
Authorization: Bearer eyJ0eXAiOiJKV1QiLCJhbGciOiJIUzI1NiJ9.eyJpYXQiOjE1Mjk1NTQ4NDYsImp0aSI6InpCdFpFZEdkQ2g0U2IzYndrRk1KTUFoM3gwcFI1aFI0dU80XC9rTlRGbktVPSIsImlzcyI6IjE3Mi4yMi4yNC4xMzEiLCJuYmYiOjE1Mjk1NTQ4NDYsImV4cCI6MTUyOTU1NjY0NiwiZGF0YSI6eyJ1c2VybmFtZSI6ImJzX2FkbWluIiwicGFzc3dvcmQiOiIyZTRmNjNjOTA4NjFhNzExNTVkOTczZDMwODJkMmRkODBiZDA1MDJmIiwiaXAiOiIxNzIuMjIuMjQuMTMxIiwidXNlcl9hZ2VudCI6IlRpY2tldGluZy1XZWJBcHAifX0.epy5Lyxj1slFMt_bvrTuOzNJZloMX9ubEx0UfjeoOWo
Connection: close
Request body:

========================================
2018-06-21 11:21:12 
172.22.24.131 GET /synergix-takaful/public-api/v1/ticket_sources?is_active=1 HTTP/1.1
HTTP headers:
Host: 192.168.0.196
User-Agent: Ticketing-WebApp
Authorization: Bearer eyJ0eXAiOiJKV1QiLCJhbGciOiJIUzI1NiJ9.eyJpYXQiOjE1Mjk1NTQ4NDYsImp0aSI6InpCdFpFZEdkQ2g0U2IzYndrRk1KTUFoM3gwcFI1aFI0dU80XC9rTlRGbktVPSIsImlzcyI6IjE3Mi4yMi4yNC4xMzEiLCJuYmYiOjE1Mjk1NTQ4NDYsImV4cCI6MTUyOTU1NjY0NiwiZGF0YSI6eyJ1c2VybmFtZSI6ImJzX2FkbWluIiwicGFzc3dvcmQiOiIyZTRmNjNjOTA4NjFhNzExNTVkOTczZDMwODJkMmRkODBiZDA1MDJmIiwiaXAiOiIxNzIuMjIuMjQuMTMxIiwidXNlcl9hZ2VudCI6IlRpY2tldGluZy1XZWJBcHAifX0.epy5Lyxj1slFMt_bvrTuOzNJZloMX9ubEx0UfjeoOWo
Connection: close
Request body:

========================================
2018-06-21 11:21:12 
172.22.24.131 GET /synergix-takaful/public-api/v1/ticket_types?is_active=1 HTTP/1.1
HTTP headers:
Host: 192.168.0.196
User-Agent: Ticketing-WebApp
Authorization: Bearer eyJ0eXAiOiJKV1QiLCJhbGciOiJIUzI1NiJ9.eyJpYXQiOjE1Mjk1NTQ4NDYsImp0aSI6InpCdFpFZEdkQ2g0U2IzYndrRk1KTUFoM3gwcFI1aFI0dU80XC9rTlRGbktVPSIsImlzcyI6IjE3Mi4yMi4yNC4xMzEiLCJuYmYiOjE1Mjk1NTQ4NDYsImV4cCI6MTUyOTU1NjY0NiwiZGF0YSI6eyJ1c2VybmFtZSI6ImJzX2FkbWluIiwicGFzc3dvcmQiOiIyZTRmNjNjOTA4NjFhNzExNTVkOTczZDMwODJkMmRkODBiZDA1MDJmIiwiaXAiOiIxNzIuMjIuMjQuMTMxIiwidXNlcl9hZ2VudCI6IlRpY2tldGluZy1XZWJBcHAifX0.epy5Lyxj1slFMt_bvrTuOzNJZloMX9ubEx0UfjeoOWo
Connection: close
Request body:

========================================
2018-06-21 11:21:12 
172.22.24.131 GET /synergix-takaful/public-api/v1/departments?is_active=1&limit=100 HTTP/1.1
HTTP headers:
Host: 192.168.0.196
User-Agent: Ticketing-WebApp
Authorization: Bearer eyJ0eXAiOiJKV1QiLCJhbGciOiJIUzI1NiJ9.eyJpYXQiOjE1Mjk1NTQ4NDYsImp0aSI6InpCdFpFZEdkQ2g0U2IzYndrRk1KTUFoM3gwcFI1aFI0dU80XC9rTlRGbktVPSIsImlzcyI6IjE3Mi4yMi4yNC4xMzEiLCJuYmYiOjE1Mjk1NTQ4NDYsImV4cCI6MTUyOTU1NjY0NiwiZGF0YSI6eyJ1c2VybmFtZSI6ImJzX2FkbWluIiwicGFzc3dvcmQiOiIyZTRmNjNjOTA4NjFhNzExNTVkOTczZDMwODJkMmRkODBiZDA1MDJmIiwiaXAiOiIxNzIuMjIuMjQuMTMxIiwidXNlcl9hZ2VudCI6IlRpY2tldGluZy1XZWJBcHAifX0.epy5Lyxj1slFMt_bvrTuOzNJZloMX9ubEx0UfjeoOWo
Connection: close
Request body:

========================================
2018-06-21 11:21:12 
172.22.24.131 GET /synergix-takaful/public-api/v1/ticket_priorities?is_active=1 HTTP/1.1
HTTP headers:
Host: 192.168.0.196
User-Agent: Ticketing-WebApp
Authorization: Bearer eyJ0eXAiOiJKV1QiLCJhbGciOiJIUzI1NiJ9.eyJpYXQiOjE1Mjk1NTQ4NDYsImp0aSI6InpCdFpFZEdkQ2g0U2IzYndrRk1KTUFoM3gwcFI1aFI0dU80XC9rTlRGbktVPSIsImlzcyI6IjE3Mi4yMi4yNC4xMzEiLCJuYmYiOjE1Mjk1NTQ4NDYsImV4cCI6MTUyOTU1NjY0NiwiZGF0YSI6eyJ1c2VybmFtZSI6ImJzX2FkbWluIiwicGFzc3dvcmQiOiIyZTRmNjNjOTA4NjFhNzExNTVkOTczZDMwODJkMmRkODBiZDA1MDJmIiwiaXAiOiIxNzIuMjIuMjQuMTMxIiwidXNlcl9hZ2VudCI6IlRpY2tldGluZy1XZWJBcHAifX0.epy5Lyxj1slFMt_bvrTuOzNJZloMX9ubEx0UfjeoOWo
Connection: close
Request body:

========================================
2018-06-21 11:21:12 
172.22.24.131 GET /synergix-takaful/public-api/v1/provinces/active?limit=50 HTTP/1.1
HTTP headers:
Host: 192.168.0.196
User-Agent: Ticketing-WebApp
Authorization: Bearer eyJ0eXAiOiJKV1QiLCJhbGciOiJIUzI1NiJ9.eyJpYXQiOjE1Mjk1NTQ4NDYsImp0aSI6InpCdFpFZEdkQ2g0U2IzYndrRk1KTUFoM3gwcFI1aFI0dU80XC9rTlRGbktVPSIsImlzcyI6IjE3Mi4yMi4yNC4xMzEiLCJuYmYiOjE1Mjk1NTQ4NDYsImV4cCI6MTUyOTU1NjY0NiwiZGF0YSI6eyJ1c2VybmFtZSI6ImJzX2FkbWluIiwicGFzc3dvcmQiOiIyZTRmNjNjOTA4NjFhNzExNTVkOTczZDMwODJkMmRkODBiZDA1MDJmIiwiaXAiOiIxNzIuMjIuMjQuMTMxIiwidXNlcl9hZ2VudCI6IlRpY2tldGluZy1XZWJBcHAifX0.epy5Lyxj1slFMt_bvrTuOzNJZloMX9ubEx0UfjeoOWo
Connection: close
Request body:

========================================
2018-06-21 11:21:12 
172.22.24.131 GET /synergix-takaful/public-api/v1/product_types/active?limit=50 HTTP/1.1
HTTP headers:
Host: 192.168.0.196
User-Agent: Ticketing-WebApp
Authorization: Bearer eyJ0eXAiOiJKV1QiLCJhbGciOiJIUzI1NiJ9.eyJpYXQiOjE1Mjk1NTQ4NDYsImp0aSI6InpCdFpFZEdkQ2g0U2IzYndrRk1KTUFoM3gwcFI1aFI0dU80XC9rTlRGbktVPSIsImlzcyI6IjE3Mi4yMi4yNC4xMzEiLCJuYmYiOjE1Mjk1NTQ4NDYsImV4cCI6MTUyOTU1NjY0NiwiZGF0YSI6eyJ1c2VybmFtZSI6ImJzX2FkbWluIiwicGFzc3dvcmQiOiIyZTRmNjNjOTA4NjFhNzExNTVkOTczZDMwODJkMmRkODBiZDA1MDJmIiwiaXAiOiIxNzIuMjIuMjQuMTMxIiwidXNlcl9hZ2VudCI6IlRpY2tldGluZy1XZWJBcHAifX0.epy5Lyxj1slFMt_bvrTuOzNJZloMX9ubEx0UfjeoOWo
Connection: close
Request body:

========================================
2018-06-21 11:21:12 
172.22.24.131 GET /synergix-takaful/public-api/v1/customer_types/active?limit=50 HTTP/1.1
HTTP headers:
Host: 192.168.0.196
User-Agent: Ticketing-WebApp
Authorization: Bearer eyJ0eXAiOiJKV1QiLCJhbGciOiJIUzI1NiJ9.eyJpYXQiOjE1Mjk1NTQ4NDYsImp0aSI6InpCdFpFZEdkQ2g0U2IzYndrRk1KTUFoM3gwcFI1aFI0dU80XC9rTlRGbktVPSIsImlzcyI6IjE3Mi4yMi4yNC4xMzEiLCJuYmYiOjE1Mjk1NTQ4NDYsImV4cCI6MTUyOTU1NjY0NiwiZGF0YSI6eyJ1c2VybmFtZSI6ImJzX2FkbWluIiwicGFzc3dvcmQiOiIyZTRmNjNjOTA4NjFhNzExNTVkOTczZDMwODJkMmRkODBiZDA1MDJmIiwiaXAiOiIxNzIuMjIuMjQuMTMxIiwidXNlcl9hZ2VudCI6IlRpY2tldGluZy1XZWJBcHAifX0.epy5Lyxj1slFMt_bvrTuOzNJZloMX9ubEx0UfjeoOWo
Connection: close
Request body:

========================================
2018-06-21 11:21:13 
172.22.24.131 GET /synergix-takaful/public-api/v1/ticket_sources?is_active=1&limit=50 HTTP/1.1
HTTP headers:
Host: 192.168.0.196
User-Agent: Ticketing-WebApp
Authorization: Bearer eyJ0eXAiOiJKV1QiLCJhbGciOiJIUzI1NiJ9.eyJpYXQiOjE1Mjk1NTQ4NDYsImp0aSI6InpCdFpFZEdkQ2g0U2IzYndrRk1KTUFoM3gwcFI1aFI0dU80XC9rTlRGbktVPSIsImlzcyI6IjE3Mi4yMi4yNC4xMzEiLCJuYmYiOjE1Mjk1NTQ4NDYsImV4cCI6MTUyOTU1NjY0NiwiZGF0YSI6eyJ1c2VybmFtZSI6ImJzX2FkbWluIiwicGFzc3dvcmQiOiIyZTRmNjNjOTA4NjFhNzExNTVkOTczZDMwODJkMmRkODBiZDA1MDJmIiwiaXAiOiIxNzIuMjIuMjQuMTMxIiwidXNlcl9hZ2VudCI6IlRpY2tldGluZy1XZWJBcHAifX0.epy5Lyxj1slFMt_bvrTuOzNJZloMX9ubEx0UfjeoOWo
Connection: close
Request body:

========================================
2018-06-21 11:21:15 
::1 POST /synergix-takaful/public-api/v1/users/token HTTP/1.1
HTTP headers:
Host: localhost
Content-Length: 35
User-Agent: Ticketing-WebApp
Connection: close
Content-Type: application/x-www-form-urlencoded
Request body:
username=ba_admin&password=ba_admin
========================================
2018-06-21 11:21:16 
::1 GET /synergix-takaful/public-api/v1/users/86 HTTP/1.1
HTTP headers:
Host: localhost
User-Agent: Ticketing-WebApp
Authorization: Bearer eyJ0eXAiOiJKV1QiLCJhbGciOiJIUzI1NiJ9.eyJpYXQiOjE1Mjk1NTQ4NzUsImp0aSI6Im92Z1VmR1RjUWpMdzl6UFNIU3V4SUdubVk1VXdYTVFWc0ZZQmFnYWxsT3M9IiwiaXNzIjoiOjoxIiwibmJmIjoxNTI5NTU0ODc1LCJleHAiOjE1Mjk1NTY2NzUsImRhdGEiOnsidXNlcm5hbWUiOiJiYV9hZG1pbiIsInBhc3N3b3JkIjoiYTAzNmFjMTM3MjJhYTNjNjg1YjRmYzQ5NWJjYTEwYTcxNzRmMDk3MCIsImlwIjoiOjoxIiwidXNlcl9hZ2VudCI6IlRpY2tldGluZy1XZWJBcHAifX0.VxhwyMHfL2XGj3DZTsLb_dOGCK3GVBz2aKrttZ-Gd8k
Connection: close
Request body:

========================================
2018-06-21 11:21:17 
::1 GET /synergix-takaful/public-api/v1/user_level_modules/active?code=TICKET&user_level_id=7&order=code&limit=100 HTTP/1.1
HTTP headers:
Host: localhost
User-Agent: Ticketing-WebApp
Authorization: Bearer eyJ0eXAiOiJKV1QiLCJhbGciOiJIUzI1NiJ9.eyJpYXQiOjE1Mjk1NTQ4NzUsImp0aSI6Im92Z1VmR1RjUWpMdzl6UFNIU3V4SUdubVk1VXdYTVFWc0ZZQmFnYWxsT3M9IiwiaXNzIjoiOjoxIiwibmJmIjoxNTI5NTU0ODc1LCJleHAiOjE1Mjk1NTY2NzUsImRhdGEiOnsidXNlcm5hbWUiOiJiYV9hZG1pbiIsInBhc3N3b3JkIjoiYTAzNmFjMTM3MjJhYTNjNjg1YjRmYzQ5NWJjYTEwYTcxNzRmMDk3MCIsImlwIjoiOjoxIiwidXNlcl9hZ2VudCI6IlRpY2tldGluZy1XZWJBcHAifX0.VxhwyMHfL2XGj3DZTsLb_dOGCK3GVBz2aKrttZ-Gd8k
Connection: close
Request body:

========================================
2018-06-21 11:21:17 
::1 GET /synergix-takaful/public-api/v1/ticket_types?is_active=1 HTTP/1.1
HTTP headers:
Host: localhost
User-Agent: Ticketing-WebApp
Authorization: Bearer eyJ0eXAiOiJKV1QiLCJhbGciOiJIUzI1NiJ9.eyJpYXQiOjE1Mjk1NTQ4NzUsImp0aSI6Im92Z1VmR1RjUWpMdzl6UFNIU3V4SUdubVk1VXdYTVFWc0ZZQmFnYWxsT3M9IiwiaXNzIjoiOjoxIiwibmJmIjoxNTI5NTU0ODc1LCJleHAiOjE1Mjk1NTY2NzUsImRhdGEiOnsidXNlcm5hbWUiOiJiYV9hZG1pbiIsInBhc3N3b3JkIjoiYTAzNmFjMTM3MjJhYTNjNjg1YjRmYzQ5NWJjYTEwYTcxNzRmMDk3MCIsImlwIjoiOjoxIiwidXNlcl9hZ2VudCI6IlRpY2tldGluZy1XZWJBcHAifX0.VxhwyMHfL2XGj3DZTsLb_dOGCK3GVBz2aKrttZ-Gd8k
Connection: close
Request body:

========================================
2018-06-21 11:21:17 
::1 GET /synergix-takaful/public-api/v1/departments?is_active=1&limit=100&order=name HTTP/1.1
HTTP headers:
Host: localhost
User-Agent: Ticketing-WebApp
Authorization: Bearer eyJ0eXAiOiJKV1QiLCJhbGciOiJIUzI1NiJ9.eyJpYXQiOjE1Mjk1NTQ4NzUsImp0aSI6Im92Z1VmR1RjUWpMdzl6UFNIU3V4SUdubVk1VXdYTVFWc0ZZQmFnYWxsT3M9IiwiaXNzIjoiOjoxIiwibmJmIjoxNTI5NTU0ODc1LCJleHAiOjE1Mjk1NTY2NzUsImRhdGEiOnsidXNlcm5hbWUiOiJiYV9hZG1pbiIsInBhc3N3b3JkIjoiYTAzNmFjMTM3MjJhYTNjNjg1YjRmYzQ5NWJjYTEwYTcxNzRmMDk3MCIsImlwIjoiOjoxIiwidXNlcl9hZ2VudCI6IlRpY2tldGluZy1XZWJBcHAifX0.VxhwyMHfL2XGj3DZTsLb_dOGCK3GVBz2aKrttZ-Gd8k
Connection: close
Request body:

========================================
2018-06-21 11:21:17 
::1 GET /synergix-takaful/public-api/v1/ticket_priorities?is_active=1&order=name HTTP/1.1
HTTP headers:
Host: localhost
User-Agent: Ticketing-WebApp
Authorization: Bearer eyJ0eXAiOiJKV1QiLCJhbGciOiJIUzI1NiJ9.eyJpYXQiOjE1Mjk1NTQ4NzUsImp0aSI6Im92Z1VmR1RjUWpMdzl6UFNIU3V4SUdubVk1VXdYTVFWc0ZZQmFnYWxsT3M9IiwiaXNzIjoiOjoxIiwibmJmIjoxNTI5NTU0ODc1LCJleHAiOjE1Mjk1NTY2NzUsImRhdGEiOnsidXNlcm5hbWUiOiJiYV9hZG1pbiIsInBhc3N3b3JkIjoiYTAzNmFjMTM3MjJhYTNjNjg1YjRmYzQ5NWJjYTEwYTcxNzRmMDk3MCIsImlwIjoiOjoxIiwidXNlcl9hZ2VudCI6IlRpY2tldGluZy1XZWJBcHAifX0.VxhwyMHfL2XGj3DZTsLb_dOGCK3GVBz2aKrttZ-Gd8k
Connection: close
Request body:

========================================
2018-06-21 11:21:17 
::1 GET /synergix-takaful/public-api/v1/ticket_statuses/active?order=name HTTP/1.1
HTTP headers:
Host: localhost
User-Agent: Ticketing-WebApp
Authorization: Bearer eyJ0eXAiOiJKV1QiLCJhbGciOiJIUzI1NiJ9.eyJpYXQiOjE1Mjk1NTQ4NzUsImp0aSI6Im92Z1VmR1RjUWpMdzl6UFNIU3V4SUdubVk1VXdYTVFWc0ZZQmFnYWxsT3M9IiwiaXNzIjoiOjoxIiwibmJmIjoxNTI5NTU0ODc1LCJleHAiOjE1Mjk1NTY2NzUsImRhdGEiOnsidXNlcm5hbWUiOiJiYV9hZG1pbiIsInBhc3N3b3JkIjoiYTAzNmFjMTM3MjJhYTNjNjg1YjRmYzQ5NWJjYTEwYTcxNzRmMDk3MCIsImlwIjoiOjoxIiwidXNlcl9hZ2VudCI6IlRpY2tldGluZy1XZWJBcHAifX0.VxhwyMHfL2XGj3DZTsLb_dOGCK3GVBz2aKrttZ-Gd8k
Connection: close
Request body:

========================================
2018-06-21 11:21:17 
::1 GET /synergix-takaful/public-api/v1/product_types/active?limit=50 HTTP/1.1
HTTP headers:
Host: localhost
User-Agent: Ticketing-WebApp
Authorization: Bearer eyJ0eXAiOiJKV1QiLCJhbGciOiJIUzI1NiJ9.eyJpYXQiOjE1Mjk1NTQ4NzUsImp0aSI6Im92Z1VmR1RjUWpMdzl6UFNIU3V4SUdubVk1VXdYTVFWc0ZZQmFnYWxsT3M9IiwiaXNzIjoiOjoxIiwibmJmIjoxNTI5NTU0ODc1LCJleHAiOjE1Mjk1NTY2NzUsImRhdGEiOnsidXNlcm5hbWUiOiJiYV9hZG1pbiIsInBhc3N3b3JkIjoiYTAzNmFjMTM3MjJhYTNjNjg1YjRmYzQ5NWJjYTEwYTcxNzRmMDk3MCIsImlwIjoiOjoxIiwidXNlcl9hZ2VudCI6IlRpY2tldGluZy1XZWJBcHAifX0.VxhwyMHfL2XGj3DZTsLb_dOGCK3GVBz2aKrttZ-Gd8k
Connection: close
Request body:

========================================
2018-06-21 11:21:17 
::1 GET /synergix-takaful/public-api/v1/tickets?need_follow_up=1&ticket_status_id=4&limit=1 HTTP/1.1
HTTP headers:
Host: localhost
User-Agent: Ticketing-WebApp
Authorization: Bearer eyJ0eXAiOiJKV1QiLCJhbGciOiJIUzI1NiJ9.eyJpYXQiOjE1Mjk1NTQ4NzUsImp0aSI6Im92Z1VmR1RjUWpMdzl6UFNIU3V4SUdubVk1VXdYTVFWc0ZZQmFnYWxsT3M9IiwiaXNzIjoiOjoxIiwibmJmIjoxNTI5NTU0ODc1LCJleHAiOjE1Mjk1NTY2NzUsImRhdGEiOnsidXNlcm5hbWUiOiJiYV9hZG1pbiIsInBhc3N3b3JkIjoiYTAzNmFjMTM3MjJhYTNjNjg1YjRmYzQ5NWJjYTEwYTcxNzRmMDk3MCIsImlwIjoiOjoxIiwidXNlcl9hZ2VudCI6IlRpY2tldGluZy1XZWJBcHAifX0.VxhwyMHfL2XGj3DZTsLb_dOGCK3GVBz2aKrttZ-Gd8k
Connection: close
Request body:

========================================
2018-06-21 11:21:19 
::1 GET /synergix-takaful/public-api/v1/tickets?limit=20&start=1529514000&end=1529514000 HTTP/1.1
HTTP headers:
Host: localhost
User-Agent: Ticketing-WebApp
Authorization: Bearer eyJ0eXAiOiJKV1QiLCJhbGciOiJIUzI1NiJ9.eyJpYXQiOjE1Mjk1NTQ4NzUsImp0aSI6Im92Z1VmR1RjUWpMdzl6UFNIU3V4SUdubVk1VXdYTVFWc0ZZQmFnYWxsT3M9IiwiaXNzIjoiOjoxIiwibmJmIjoxNTI5NTU0ODc1LCJleHAiOjE1Mjk1NTY2NzUsImRhdGEiOnsidXNlcm5hbWUiOiJiYV9hZG1pbiIsInBhc3N3b3JkIjoiYTAzNmFjMTM3MjJhYTNjNjg1YjRmYzQ5NWJjYTEwYTcxNzRmMDk3MCIsImlwIjoiOjoxIiwidXNlcl9hZ2VudCI6IlRpY2tldGluZy1XZWJBcHAifX0.VxhwyMHfL2XGj3DZTsLb_dOGCK3GVBz2aKrttZ-Gd8k
Connection: close
Request body:

========================================
2018-06-21 11:21:51 
172.22.24.131 GET /synergix-takaful/public-api/v1/customers?order=id&sort=desc&limit=10 HTTP/1.1
HTTP headers:
Host: 192.168.0.196
User-Agent: Ticketing-WebApp
Authorization: Bearer eyJ0eXAiOiJKV1QiLCJhbGciOiJIUzI1NiJ9.eyJpYXQiOjE1Mjk1NTQ4NDYsImp0aSI6InpCdFpFZEdkQ2g0U2IzYndrRk1KTUFoM3gwcFI1aFI0dU80XC9rTlRGbktVPSIsImlzcyI6IjE3Mi4yMi4yNC4xMzEiLCJuYmYiOjE1Mjk1NTQ4NDYsImV4cCI6MTUyOTU1NjY0NiwiZGF0YSI6eyJ1c2VybmFtZSI6ImJzX2FkbWluIiwicGFzc3dvcmQiOiIyZTRmNjNjOTA4NjFhNzExNTVkOTczZDMwODJkMmRkODBiZDA1MDJmIiwiaXAiOiIxNzIuMjIuMjQuMTMxIiwidXNlcl9hZ2VudCI6IlRpY2tldGluZy1XZWJBcHAifX0.epy5Lyxj1slFMt_bvrTuOzNJZloMX9ubEx0UfjeoOWo
Connection: close
Request body:

========================================
2018-06-21 11:21:52 
::1 POST /synergix-takaful/public-api/v1/users/token HTTP/1.1
HTTP headers:
Host: localhost
Content-Length: 29
User-Agent: Ticketing-WebApp
Connection: close
Content-Type: application/x-www-form-urlencoded
Request body:
username=mario&password=mario
========================================
2018-06-21 11:21:52 
::1 POST /synergix-takaful/public-api/v1/users/token HTTP/1.1
HTTP headers:
Host: localhost
Content-Length: 10
User-Agent: Ticketing-WebApp
Connection: close
Content-Type: application/x-www-form-urlencoded
Request body:
password=0
========================================
2018-06-21 11:21:52 
::1 POST /synergix-takaful/public-api/v1/users/token HTTP/1.1
HTTP headers:
Host: localhost
Content-Length: 29
User-Agent: Ticketing-WebApp
Connection: close
Content-Type: application/x-www-form-urlencoded
Request body:
username=mario&password=mario
========================================
2018-06-21 11:21:57 
172.22.24.131 GET /synergix-takaful/public-api/v1/customers?order=id&sort=desc&page=2&limit=10&page=2 HTTP/1.1
HTTP headers:
Host: 192.168.0.196
User-Agent: Ticketing-WebApp
Authorization: Bearer eyJ0eXAiOiJKV1QiLCJhbGciOiJIUzI1NiJ9.eyJpYXQiOjE1Mjk1NTQ4NDYsImp0aSI6InpCdFpFZEdkQ2g0U2IzYndrRk1KTUFoM3gwcFI1aFI0dU80XC9rTlRGbktVPSIsImlzcyI6IjE3Mi4yMi4yNC4xMzEiLCJuYmYiOjE1Mjk1NTQ4NDYsImV4cCI6MTUyOTU1NjY0NiwiZGF0YSI6eyJ1c2VybmFtZSI6ImJzX2FkbWluIiwicGFzc3dvcmQiOiIyZTRmNjNjOTA4NjFhNzExNTVkOTczZDMwODJkMmRkODBiZDA1MDJmIiwiaXAiOiIxNzIuMjIuMjQuMTMxIiwidXNlcl9hZ2VudCI6IlRpY2tldGluZy1XZWJBcHAifX0.epy5Lyxj1slFMt_bvrTuOzNJZloMX9ubEx0UfjeoOWo
Connection: close
Request body:

========================================
2018-06-21 11:22:28 
172.22.24.131 GET /synergix-takaful/public-api/v1/ticket_types?is_active=1 HTTP/1.1
HTTP headers:
Host: 192.168.0.196
User-Agent: Ticketing-WebApp
Authorization: Bearer eyJ0eXAiOiJKV1QiLCJhbGciOiJIUzI1NiJ9.eyJpYXQiOjE1Mjk1NTQ4NDYsImp0aSI6InpCdFpFZEdkQ2g0U2IzYndrRk1KTUFoM3gwcFI1aFI0dU80XC9rTlRGbktVPSIsImlzcyI6IjE3Mi4yMi4yNC4xMzEiLCJuYmYiOjE1Mjk1NTQ4NDYsImV4cCI6MTUyOTU1NjY0NiwiZGF0YSI6eyJ1c2VybmFtZSI6ImJzX2FkbWluIiwicGFzc3dvcmQiOiIyZTRmNjNjOTA4NjFhNzExNTVkOTczZDMwODJkMmRkODBiZDA1MDJmIiwiaXAiOiIxNzIuMjIuMjQuMTMxIiwidXNlcl9hZ2VudCI6IlRpY2tldGluZy1XZWJBcHAifX0.epy5Lyxj1slFMt_bvrTuOzNJZloMX9ubEx0UfjeoOWo
Connection: close
Request body:

========================================
2018-06-21 11:22:28 
172.22.24.131 GET /synergix-takaful/public-api/v1/departments?is_active=1&limit=100&order=name HTTP/1.1
HTTP headers:
Host: 192.168.0.196
User-Agent: Ticketing-WebApp
Authorization: Bearer eyJ0eXAiOiJKV1QiLCJhbGciOiJIUzI1NiJ9.eyJpYXQiOjE1Mjk1NTQ4NDYsImp0aSI6InpCdFpFZEdkQ2g0U2IzYndrRk1KTUFoM3gwcFI1aFI0dU80XC9rTlRGbktVPSIsImlzcyI6IjE3Mi4yMi4yNC4xMzEiLCJuYmYiOjE1Mjk1NTQ4NDYsImV4cCI6MTUyOTU1NjY0NiwiZGF0YSI6eyJ1c2VybmFtZSI6ImJzX2FkbWluIiwicGFzc3dvcmQiOiIyZTRmNjNjOTA4NjFhNzExNTVkOTczZDMwODJkMmRkODBiZDA1MDJmIiwiaXAiOiIxNzIuMjIuMjQuMTMxIiwidXNlcl9hZ2VudCI6IlRpY2tldGluZy1XZWJBcHAifX0.epy5Lyxj1slFMt_bvrTuOzNJZloMX9ubEx0UfjeoOWo
Connection: close
Request body:

========================================
2018-06-21 11:22:28 
172.22.24.131 GET /synergix-takaful/public-api/v1/ticket_priorities?is_active=1&order=name HTTP/1.1
HTTP headers:
Host: 192.168.0.196
User-Agent: Ticketing-WebApp
Authorization: Bearer eyJ0eXAiOiJKV1QiLCJhbGciOiJIUzI1NiJ9.eyJpYXQiOjE1Mjk1NTQ4NDYsImp0aSI6InpCdFpFZEdkQ2g0U2IzYndrRk1KTUFoM3gwcFI1aFI0dU80XC9rTlRGbktVPSIsImlzcyI6IjE3Mi4yMi4yNC4xMzEiLCJuYmYiOjE1Mjk1NTQ4NDYsImV4cCI6MTUyOTU1NjY0NiwiZGF0YSI6eyJ1c2VybmFtZSI6ImJzX2FkbWluIiwicGFzc3dvcmQiOiIyZTRmNjNjOTA4NjFhNzExNTVkOTczZDMwODJkMmRkODBiZDA1MDJmIiwiaXAiOiIxNzIuMjIuMjQuMTMxIiwidXNlcl9hZ2VudCI6IlRpY2tldGluZy1XZWJBcHAifX0.epy5Lyxj1slFMt_bvrTuOzNJZloMX9ubEx0UfjeoOWo
Connection: close
Request body:

========================================
2018-06-21 11:22:29 
172.22.24.131 GET /synergix-takaful/public-api/v1/ticket_statuses/active?order=name HTTP/1.1
HTTP headers:
Host: 192.168.0.196
User-Agent: Ticketing-WebApp
Authorization: Bearer eyJ0eXAiOiJKV1QiLCJhbGciOiJIUzI1NiJ9.eyJpYXQiOjE1Mjk1NTQ4NDYsImp0aSI6InpCdFpFZEdkQ2g0U2IzYndrRk1KTUFoM3gwcFI1aFI0dU80XC9rTlRGbktVPSIsImlzcyI6IjE3Mi4yMi4yNC4xMzEiLCJuYmYiOjE1Mjk1NTQ4NDYsImV4cCI6MTUyOTU1NjY0NiwiZGF0YSI6eyJ1c2VybmFtZSI6ImJzX2FkbWluIiwicGFzc3dvcmQiOiIyZTRmNjNjOTA4NjFhNzExNTVkOTczZDMwODJkMmRkODBiZDA1MDJmIiwiaXAiOiIxNzIuMjIuMjQuMTMxIiwidXNlcl9hZ2VudCI6IlRpY2tldGluZy1XZWJBcHAifX0.epy5Lyxj1slFMt_bvrTuOzNJZloMX9ubEx0UfjeoOWo
Connection: close
Request body:

========================================
2018-06-21 11:22:29 
172.22.24.131 GET /synergix-takaful/public-api/v1/product_types/active?limit=50 HTTP/1.1
HTTP headers:
Host: 192.168.0.196
User-Agent: Ticketing-WebApp
Authorization: Bearer eyJ0eXAiOiJKV1QiLCJhbGciOiJIUzI1NiJ9.eyJpYXQiOjE1Mjk1NTQ4NDYsImp0aSI6InpCdFpFZEdkQ2g0U2IzYndrRk1KTUFoM3gwcFI1aFI0dU80XC9rTlRGbktVPSIsImlzcyI6IjE3Mi4yMi4yNC4xMzEiLCJuYmYiOjE1Mjk1NTQ4NDYsImV4cCI6MTUyOTU1NjY0NiwiZGF0YSI6eyJ1c2VybmFtZSI6ImJzX2FkbWluIiwicGFzc3dvcmQiOiIyZTRmNjNjOTA4NjFhNzExNTVkOTczZDMwODJkMmRkODBiZDA1MDJmIiwiaXAiOiIxNzIuMjIuMjQuMTMxIiwidXNlcl9hZ2VudCI6IlRpY2tldGluZy1XZWJBcHAifX0.epy5Lyxj1slFMt_bvrTuOzNJZloMX9ubEx0UfjeoOWo
Connection: close
Request body:

========================================
2018-06-21 11:22:29 
172.22.24.131 GET /synergix-takaful/public-api/v1/tickets?need_follow_up=1&ticket_status_id=4&limit=1 HTTP/1.1
HTTP headers:
Host: 192.168.0.196
User-Agent: Ticketing-WebApp
Authorization: Bearer eyJ0eXAiOiJKV1QiLCJhbGciOiJIUzI1NiJ9.eyJpYXQiOjE1Mjk1NTQ4NDYsImp0aSI6InpCdFpFZEdkQ2g0U2IzYndrRk1KTUFoM3gwcFI1aFI0dU80XC9rTlRGbktVPSIsImlzcyI6IjE3Mi4yMi4yNC4xMzEiLCJuYmYiOjE1Mjk1NTQ4NDYsImV4cCI6MTUyOTU1NjY0NiwiZGF0YSI6eyJ1c2VybmFtZSI6ImJzX2FkbWluIiwicGFzc3dvcmQiOiIyZTRmNjNjOTA4NjFhNzExNTVkOTczZDMwODJkMmRkODBiZDA1MDJmIiwiaXAiOiIxNzIuMjIuMjQuMTMxIiwidXNlcl9hZ2VudCI6IlRpY2tldGluZy1XZWJBcHAifX0.epy5Lyxj1slFMt_bvrTuOzNJZloMX9ubEx0UfjeoOWo
Connection: close
Request body:

========================================
2018-06-21 11:22:36 
::1 POST /synergix-takaful/public-api/v1/users/token HTTP/1.1
HTTP headers:
Host: localhost
Content-Length: 35
User-Agent: Ticketing-WebApp
Connection: close
Content-Type: application/x-www-form-urlencoded
Request body:
username=ba_admin&password=ba_admin
========================================
2018-06-21 11:22:37 
::1 GET /synergix-takaful/public-api/v1/users/86 HTTP/1.1
HTTP headers:
Host: localhost
User-Agent: Ticketing-WebApp
Authorization: Bearer eyJ0eXAiOiJKV1QiLCJhbGciOiJIUzI1NiJ9.eyJpYXQiOjE1Mjk1NTQ5NTYsImp0aSI6IkVSYXVraFpCczZ0bmtqeHNSNEI5VG8xUk1VT0VPOVZrMUFheXc1c1pxWGs9IiwiaXNzIjoiOjoxIiwibmJmIjoxNTI5NTU0OTU2LCJleHAiOjE1Mjk1NTY3NTYsImRhdGEiOnsidXNlcm5hbWUiOiJiYV9hZG1pbiIsInBhc3N3b3JkIjoiYTAzNmFjMTM3MjJhYTNjNjg1YjRmYzQ5NWJjYTEwYTcxNzRmMDk3MCIsImlwIjoiOjoxIiwidXNlcl9hZ2VudCI6IlRpY2tldGluZy1XZWJBcHAifX0.jYRFhe469CjphZC6jAWQX52xX2GdZ8FRRoNw5TXbi5M
Connection: close
Request body:

========================================
2018-06-21 11:22:40 
::1 GET /synergix-takaful/public-api/v1/user_level_modules/active?code=TICKET&user_level_id=7&order=code&limit=100 HTTP/1.1
HTTP headers:
Host: localhost
User-Agent: Ticketing-WebApp
Authorization: Bearer eyJ0eXAiOiJKV1QiLCJhbGciOiJIUzI1NiJ9.eyJpYXQiOjE1Mjk1NTQ5NTYsImp0aSI6IkVSYXVraFpCczZ0bmtqeHNSNEI5VG8xUk1VT0VPOVZrMUFheXc1c1pxWGs9IiwiaXNzIjoiOjoxIiwibmJmIjoxNTI5NTU0OTU2LCJleHAiOjE1Mjk1NTY3NTYsImRhdGEiOnsidXNlcm5hbWUiOiJiYV9hZG1pbiIsInBhc3N3b3JkIjoiYTAzNmFjMTM3MjJhYTNjNjg1YjRmYzQ5NWJjYTEwYTcxNzRmMDk3MCIsImlwIjoiOjoxIiwidXNlcl9hZ2VudCI6IlRpY2tldGluZy1XZWJBcHAifX0.jYRFhe469CjphZC6jAWQX52xX2GdZ8FRRoNw5TXbi5M
Connection: close
Request body:

========================================
2018-06-21 11:22:40 
::1 GET /synergix-takaful/public-api/v1/ticket_statistics HTTP/1.1
HTTP headers:
Host: localhost
User-Agent: Ticketing-WebApp
Authorization: Bearer eyJ0eXAiOiJKV1QiLCJhbGciOiJIUzI1NiJ9.eyJpYXQiOjE1Mjk1NTQ5NTYsImp0aSI6IkVSYXVraFpCczZ0bmtqeHNSNEI5VG8xUk1VT0VPOVZrMUFheXc1c1pxWGs9IiwiaXNzIjoiOjoxIiwibmJmIjoxNTI5NTU0OTU2LCJleHAiOjE1Mjk1NTY3NTYsImRhdGEiOnsidXNlcm5hbWUiOiJiYV9hZG1pbiIsInBhc3N3b3JkIjoiYTAzNmFjMTM3MjJhYTNjNjg1YjRmYzQ5NWJjYTEwYTcxNzRmMDk3MCIsImlwIjoiOjoxIiwidXNlcl9hZ2VudCI6IlRpY2tldGluZy1XZWJBcHAifX0.jYRFhe469CjphZC6jAWQX52xX2GdZ8FRRoNw5TXbi5M
Connection: close
Request body:

========================================
2018-06-21 11:22:40 
::1 GET /synergix-takaful/public-api/v1/ticket_statistics/departments HTTP/1.1
HTTP headers:
Host: localhost
User-Agent: Ticketing-WebApp
Authorization: Bearer eyJ0eXAiOiJKV1QiLCJhbGciOiJIUzI1NiJ9.eyJpYXQiOjE1Mjk1NTQ5NTYsImp0aSI6IkVSYXVraFpCczZ0bmtqeHNSNEI5VG8xUk1VT0VPOVZrMUFheXc1c1pxWGs9IiwiaXNzIjoiOjoxIiwibmJmIjoxNTI5NTU0OTU2LCJleHAiOjE1Mjk1NTY3NTYsImRhdGEiOnsidXNlcm5hbWUiOiJiYV9hZG1pbiIsInBhc3N3b3JkIjoiYTAzNmFjMTM3MjJhYTNjNjg1YjRmYzQ5NWJjYTEwYTcxNzRmMDk3MCIsImlwIjoiOjoxIiwidXNlcl9hZ2VudCI6IlRpY2tldGluZy1XZWJBcHAifX0.jYRFhe469CjphZC6jAWQX52xX2GdZ8FRRoNw5TXbi5M
Connection: close
Request body:

========================================
2018-06-21 11:22:40 
::1 GET /synergix-takaful/public-api/v1/ticket_statistics/categories HTTP/1.1
HTTP headers:
Host: localhost
User-Agent: Ticketing-WebApp
Authorization: Bearer eyJ0eXAiOiJKV1QiLCJhbGciOiJIUzI1NiJ9.eyJpYXQiOjE1Mjk1NTQ5NTYsImp0aSI6IkVSYXVraFpCczZ0bmtqeHNSNEI5VG8xUk1VT0VPOVZrMUFheXc1c1pxWGs9IiwiaXNzIjoiOjoxIiwibmJmIjoxNTI5NTU0OTU2LCJleHAiOjE1Mjk1NTY3NTYsImRhdGEiOnsidXNlcm5hbWUiOiJiYV9hZG1pbiIsInBhc3N3b3JkIjoiYTAzNmFjMTM3MjJhYTNjNjg1YjRmYzQ5NWJjYTEwYTcxNzRmMDk3MCIsImlwIjoiOjoxIiwidXNlcl9hZ2VudCI6IlRpY2tldGluZy1XZWJBcHAifX0.jYRFhe469CjphZC6jAWQX52xX2GdZ8FRRoNw5TXbi5M
Connection: close
Request body:

========================================
2018-06-21 11:22:41 
172.22.24.131 GET /synergix-takaful/public-api/v1/tickets?limit=20&start=1529514000&end=1529514000 HTTP/1.1
HTTP headers:
Host: 192.168.0.196
User-Agent: Ticketing-WebApp
Authorization: Bearer eyJ0eXAiOiJKV1QiLCJhbGciOiJIUzI1NiJ9.eyJpYXQiOjE1Mjk1NTQ4NDYsImp0aSI6InpCdFpFZEdkQ2g0U2IzYndrRk1KTUFoM3gwcFI1aFI0dU80XC9rTlRGbktVPSIsImlzcyI6IjE3Mi4yMi4yNC4xMzEiLCJuYmYiOjE1Mjk1NTQ4NDYsImV4cCI6MTUyOTU1NjY0NiwiZGF0YSI6eyJ1c2VybmFtZSI6ImJzX2FkbWluIiwicGFzc3dvcmQiOiIyZTRmNjNjOTA4NjFhNzExNTVkOTczZDMwODJkMmRkODBiZDA1MDJmIiwiaXAiOiIxNzIuMjIuMjQuMTMxIiwidXNlcl9hZ2VudCI6IlRpY2tldGluZy1XZWJBcHAifX0.epy5Lyxj1slFMt_bvrTuOzNJZloMX9ubEx0UfjeoOWo
Connection: close
Request body:

========================================
2018-06-21 11:22:41 
::1 GET /synergix-takaful/public-api/v1/ticket_statistics/subcategories HTTP/1.1
HTTP headers:
Host: localhost
User-Agent: Ticketing-WebApp
Authorization: Bearer eyJ0eXAiOiJKV1QiLCJhbGciOiJIUzI1NiJ9.eyJpYXQiOjE1Mjk1NTQ5NTYsImp0aSI6IkVSYXVraFpCczZ0bmtqeHNSNEI5VG8xUk1VT0VPOVZrMUFheXc1c1pxWGs9IiwiaXNzIjoiOjoxIiwibmJmIjoxNTI5NTU0OTU2LCJleHAiOjE1Mjk1NTY3NTYsImRhdGEiOnsidXNlcm5hbWUiOiJiYV9hZG1pbiIsInBhc3N3b3JkIjoiYTAzNmFjMTM3MjJhYTNjNjg1YjRmYzQ5NWJjYTEwYTcxNzRmMDk3MCIsImlwIjoiOjoxIiwidXNlcl9hZ2VudCI6IlRpY2tldGluZy1XZWJBcHAifX0.jYRFhe469CjphZC6jAWQX52xX2GdZ8FRRoNw5TXbi5M
Connection: close
Request body:

========================================
2018-06-21 11:22:49 
172.22.24.131 GET /synergix-takaful/public-api/v1/ticket_types?is_active=1 HTTP/1.1
HTTP headers:
Host: 192.168.0.196
User-Agent: Ticketing-WebApp
Authorization: Bearer eyJ0eXAiOiJKV1QiLCJhbGciOiJIUzI1NiJ9.eyJpYXQiOjE1Mjk1NTQ4NDYsImp0aSI6InpCdFpFZEdkQ2g0U2IzYndrRk1KTUFoM3gwcFI1aFI0dU80XC9rTlRGbktVPSIsImlzcyI6IjE3Mi4yMi4yNC4xMzEiLCJuYmYiOjE1Mjk1NTQ4NDYsImV4cCI6MTUyOTU1NjY0NiwiZGF0YSI6eyJ1c2VybmFtZSI6ImJzX2FkbWluIiwicGFzc3dvcmQiOiIyZTRmNjNjOTA4NjFhNzExNTVkOTczZDMwODJkMmRkODBiZDA1MDJmIiwiaXAiOiIxNzIuMjIuMjQuMTMxIiwidXNlcl9hZ2VudCI6IlRpY2tldGluZy1XZWJBcHAifX0.epy5Lyxj1slFMt_bvrTuOzNJZloMX9ubEx0UfjeoOWo
Connection: close
Request body:

========================================
2018-06-21 11:22:49 
172.22.24.131 GET /synergix-takaful/public-api/v1/departments?is_active=1&limit=100&order=name HTTP/1.1
HTTP headers:
Host: 192.168.0.196
User-Agent: Ticketing-WebApp
Authorization: Bearer eyJ0eXAiOiJKV1QiLCJhbGciOiJIUzI1NiJ9.eyJpYXQiOjE1Mjk1NTQ4NDYsImp0aSI6InpCdFpFZEdkQ2g0U2IzYndrRk1KTUFoM3gwcFI1aFI0dU80XC9rTlRGbktVPSIsImlzcyI6IjE3Mi4yMi4yNC4xMzEiLCJuYmYiOjE1Mjk1NTQ4NDYsImV4cCI6MTUyOTU1NjY0NiwiZGF0YSI6eyJ1c2VybmFtZSI6ImJzX2FkbWluIiwicGFzc3dvcmQiOiIyZTRmNjNjOTA4NjFhNzExNTVkOTczZDMwODJkMmRkODBiZDA1MDJmIiwiaXAiOiIxNzIuMjIuMjQuMTMxIiwidXNlcl9hZ2VudCI6IlRpY2tldGluZy1XZWJBcHAifX0.epy5Lyxj1slFMt_bvrTuOzNJZloMX9ubEx0UfjeoOWo
Connection: close
Request body:

========================================
2018-06-21 11:22:49 
172.22.24.131 GET /synergix-takaful/public-api/v1/ticket_priorities?is_active=1&order=name HTTP/1.1
HTTP headers:
Host: 192.168.0.196
User-Agent: Ticketing-WebApp
Authorization: Bearer eyJ0eXAiOiJKV1QiLCJhbGciOiJIUzI1NiJ9.eyJpYXQiOjE1Mjk1NTQ4NDYsImp0aSI6InpCdFpFZEdkQ2g0U2IzYndrRk1KTUFoM3gwcFI1aFI0dU80XC9rTlRGbktVPSIsImlzcyI6IjE3Mi4yMi4yNC4xMzEiLCJuYmYiOjE1Mjk1NTQ4NDYsImV4cCI6MTUyOTU1NjY0NiwiZGF0YSI6eyJ1c2VybmFtZSI6ImJzX2FkbWluIiwicGFzc3dvcmQiOiIyZTRmNjNjOTA4NjFhNzExNTVkOTczZDMwODJkMmRkODBiZDA1MDJmIiwiaXAiOiIxNzIuMjIuMjQuMTMxIiwidXNlcl9hZ2VudCI6IlRpY2tldGluZy1XZWJBcHAifX0.epy5Lyxj1slFMt_bvrTuOzNJZloMX9ubEx0UfjeoOWo
Connection: close
Request body:

========================================
2018-06-21 11:22:50 
172.22.24.131 GET /synergix-takaful/public-api/v1/ticket_statuses/active?order=name HTTP/1.1
HTTP headers:
Host: 192.168.0.196
User-Agent: Ticketing-WebApp
Authorization: Bearer eyJ0eXAiOiJKV1QiLCJhbGciOiJIUzI1NiJ9.eyJpYXQiOjE1Mjk1NTQ4NDYsImp0aSI6InpCdFpFZEdkQ2g0U2IzYndrRk1KTUFoM3gwcFI1aFI0dU80XC9rTlRGbktVPSIsImlzcyI6IjE3Mi4yMi4yNC4xMzEiLCJuYmYiOjE1Mjk1NTQ4NDYsImV4cCI6MTUyOTU1NjY0NiwiZGF0YSI6eyJ1c2VybmFtZSI6ImJzX2FkbWluIiwicGFzc3dvcmQiOiIyZTRmNjNjOTA4NjFhNzExNTVkOTczZDMwODJkMmRkODBiZDA1MDJmIiwiaXAiOiIxNzIuMjIuMjQuMTMxIiwidXNlcl9hZ2VudCI6IlRpY2tldGluZy1XZWJBcHAifX0.epy5Lyxj1slFMt_bvrTuOzNJZloMX9ubEx0UfjeoOWo
Connection: close
Request body:

========================================
2018-06-21 11:22:50 
172.22.24.131 GET /synergix-takaful/public-api/v1/product_types/active?limit=50 HTTP/1.1
HTTP headers:
Host: 192.168.0.196
User-Agent: Ticketing-WebApp
Authorization: Bearer eyJ0eXAiOiJKV1QiLCJhbGciOiJIUzI1NiJ9.eyJpYXQiOjE1Mjk1NTQ4NDYsImp0aSI6InpCdFpFZEdkQ2g0U2IzYndrRk1KTUFoM3gwcFI1aFI0dU80XC9rTlRGbktVPSIsImlzcyI6IjE3Mi4yMi4yNC4xMzEiLCJuYmYiOjE1Mjk1NTQ4NDYsImV4cCI6MTUyOTU1NjY0NiwiZGF0YSI6eyJ1c2VybmFtZSI6ImJzX2FkbWluIiwicGFzc3dvcmQiOiIyZTRmNjNjOTA4NjFhNzExNTVkOTczZDMwODJkMmRkODBiZDA1MDJmIiwiaXAiOiIxNzIuMjIuMjQuMTMxIiwidXNlcl9hZ2VudCI6IlRpY2tldGluZy1XZWJBcHAifX0.epy5Lyxj1slFMt_bvrTuOzNJZloMX9ubEx0UfjeoOWo
Connection: close
Request body:

========================================
2018-06-21 11:22:50 
172.22.24.131 GET /synergix-takaful/public-api/v1/tickets?need_follow_up=1&ticket_status_id=4&limit=1 HTTP/1.1
HTTP headers:
Host: 192.168.0.196
User-Agent: Ticketing-WebApp
Authorization: Bearer eyJ0eXAiOiJKV1QiLCJhbGciOiJIUzI1NiJ9.eyJpYXQiOjE1Mjk1NTQ4NDYsImp0aSI6InpCdFpFZEdkQ2g0U2IzYndrRk1KTUFoM3gwcFI1aFI0dU80XC9rTlRGbktVPSIsImlzcyI6IjE3Mi4yMi4yNC4xMzEiLCJuYmYiOjE1Mjk1NTQ4NDYsImV4cCI6MTUyOTU1NjY0NiwiZGF0YSI6eyJ1c2VybmFtZSI6ImJzX2FkbWluIiwicGFzc3dvcmQiOiIyZTRmNjNjOTA4NjFhNzExNTVkOTczZDMwODJkMmRkODBiZDA1MDJmIiwiaXAiOiIxNzIuMjIuMjQuMTMxIiwidXNlcl9hZ2VudCI6IlRpY2tldGluZy1XZWJBcHAifX0.epy5Lyxj1slFMt_bvrTuOzNJZloMX9ubEx0UfjeoOWo
Connection: close
Request body:

========================================
2018-06-21 11:22:51 
172.22.24.131 GET /synergix-takaful/public-api/v1/tickets?limit=20 HTTP/1.1
HTTP headers:
Host: 192.168.0.196
User-Agent: Ticketing-WebApp
Authorization: Bearer eyJ0eXAiOiJKV1QiLCJhbGciOiJIUzI1NiJ9.eyJpYXQiOjE1Mjk1NTQ4NDYsImp0aSI6InpCdFpFZEdkQ2g0U2IzYndrRk1KTUFoM3gwcFI1aFI0dU80XC9rTlRGbktVPSIsImlzcyI6IjE3Mi4yMi4yNC4xMzEiLCJuYmYiOjE1Mjk1NTQ4NDYsImV4cCI6MTUyOTU1NjY0NiwiZGF0YSI6eyJ1c2VybmFtZSI6ImJzX2FkbWluIiwicGFzc3dvcmQiOiIyZTRmNjNjOTA4NjFhNzExNTVkOTczZDMwODJkMmRkODBiZDA1MDJmIiwiaXAiOiIxNzIuMjIuMjQuMTMxIiwidXNlcl9hZ2VudCI6IlRpY2tldGluZy1XZWJBcHAifX0.epy5Lyxj1slFMt_bvrTuOzNJZloMX9ubEx0UfjeoOWo
Connection: close
Request body:

========================================
2018-06-21 11:23:04 
172.22.24.131 GET /synergix-takaful/public-api/v1/ticket_types?is_active=1 HTTP/1.1
HTTP headers:
Host: 192.168.0.196
User-Agent: Ticketing-WebApp
Authorization: Bearer eyJ0eXAiOiJKV1QiLCJhbGciOiJIUzI1NiJ9.eyJpYXQiOjE1Mjk1NTQ4NDYsImp0aSI6InpCdFpFZEdkQ2g0U2IzYndrRk1KTUFoM3gwcFI1aFI0dU80XC9rTlRGbktVPSIsImlzcyI6IjE3Mi4yMi4yNC4xMzEiLCJuYmYiOjE1Mjk1NTQ4NDYsImV4cCI6MTUyOTU1NjY0NiwiZGF0YSI6eyJ1c2VybmFtZSI6ImJzX2FkbWluIiwicGFzc3dvcmQiOiIyZTRmNjNjOTA4NjFhNzExNTVkOTczZDMwODJkMmRkODBiZDA1MDJmIiwiaXAiOiIxNzIuMjIuMjQuMTMxIiwidXNlcl9hZ2VudCI6IlRpY2tldGluZy1XZWJBcHAifX0.epy5Lyxj1slFMt_bvrTuOzNJZloMX9ubEx0UfjeoOWo
Connection: close
Request body:

========================================
2018-06-21 11:23:04 
172.22.24.131 GET /synergix-takaful/public-api/v1/departments?is_active=1&limit=100&order=name HTTP/1.1
HTTP headers:
Host: 192.168.0.196
User-Agent: Ticketing-WebApp
Authorization: Bearer eyJ0eXAiOiJKV1QiLCJhbGciOiJIUzI1NiJ9.eyJpYXQiOjE1Mjk1NTQ4NDYsImp0aSI6InpCdFpFZEdkQ2g0U2IzYndrRk1KTUFoM3gwcFI1aFI0dU80XC9rTlRGbktVPSIsImlzcyI6IjE3Mi4yMi4yNC4xMzEiLCJuYmYiOjE1Mjk1NTQ4NDYsImV4cCI6MTUyOTU1NjY0NiwiZGF0YSI6eyJ1c2VybmFtZSI6ImJzX2FkbWluIiwicGFzc3dvcmQiOiIyZTRmNjNjOTA4NjFhNzExNTVkOTczZDMwODJkMmRkODBiZDA1MDJmIiwiaXAiOiIxNzIuMjIuMjQuMTMxIiwidXNlcl9hZ2VudCI6IlRpY2tldGluZy1XZWJBcHAifX0.epy5Lyxj1slFMt_bvrTuOzNJZloMX9ubEx0UfjeoOWo
Connection: close
Request body:

========================================
2018-06-21 11:23:04 
172.22.24.131 GET /synergix-takaful/public-api/v1/ticket_priorities?is_active=1&order=name HTTP/1.1
HTTP headers:
Host: 192.168.0.196
User-Agent: Ticketing-WebApp
Authorization: Bearer eyJ0eXAiOiJKV1QiLCJhbGciOiJIUzI1NiJ9.eyJpYXQiOjE1Mjk1NTQ4NDYsImp0aSI6InpCdFpFZEdkQ2g0U2IzYndrRk1KTUFoM3gwcFI1aFI0dU80XC9rTlRGbktVPSIsImlzcyI6IjE3Mi4yMi4yNC4xMzEiLCJuYmYiOjE1Mjk1NTQ4NDYsImV4cCI6MTUyOTU1NjY0NiwiZGF0YSI6eyJ1c2VybmFtZSI6ImJzX2FkbWluIiwicGFzc3dvcmQiOiIyZTRmNjNjOTA4NjFhNzExNTVkOTczZDMwODJkMmRkODBiZDA1MDJmIiwiaXAiOiIxNzIuMjIuMjQuMTMxIiwidXNlcl9hZ2VudCI6IlRpY2tldGluZy1XZWJBcHAifX0.epy5Lyxj1slFMt_bvrTuOzNJZloMX9ubEx0UfjeoOWo
Connection: close
Request body:

========================================
2018-06-21 11:23:04 
172.22.24.131 GET /synergix-takaful/public-api/v1/ticket_statuses/active?order=name HTTP/1.1
HTTP headers:
Host: 192.168.0.196
User-Agent: Ticketing-WebApp
Authorization: Bearer eyJ0eXAiOiJKV1QiLCJhbGciOiJIUzI1NiJ9.eyJpYXQiOjE1Mjk1NTQ4NDYsImp0aSI6InpCdFpFZEdkQ2g0U2IzYndrRk1KTUFoM3gwcFI1aFI0dU80XC9rTlRGbktVPSIsImlzcyI6IjE3Mi4yMi4yNC4xMzEiLCJuYmYiOjE1Mjk1NTQ4NDYsImV4cCI6MTUyOTU1NjY0NiwiZGF0YSI6eyJ1c2VybmFtZSI6ImJzX2FkbWluIiwicGFzc3dvcmQiOiIyZTRmNjNjOTA4NjFhNzExNTVkOTczZDMwODJkMmRkODBiZDA1MDJmIiwiaXAiOiIxNzIuMjIuMjQuMTMxIiwidXNlcl9hZ2VudCI6IlRpY2tldGluZy1XZWJBcHAifX0.epy5Lyxj1slFMt_bvrTuOzNJZloMX9ubEx0UfjeoOWo
Connection: close
Request body:

========================================
2018-06-21 11:23:04 
172.22.24.131 GET /synergix-takaful/public-api/v1/product_types/active?limit=50 HTTP/1.1
HTTP headers:
Host: 192.168.0.196
User-Agent: Ticketing-WebApp
Authorization: Bearer eyJ0eXAiOiJKV1QiLCJhbGciOiJIUzI1NiJ9.eyJpYXQiOjE1Mjk1NTQ4NDYsImp0aSI6InpCdFpFZEdkQ2g0U2IzYndrRk1KTUFoM3gwcFI1aFI0dU80XC9rTlRGbktVPSIsImlzcyI6IjE3Mi4yMi4yNC4xMzEiLCJuYmYiOjE1Mjk1NTQ4NDYsImV4cCI6MTUyOTU1NjY0NiwiZGF0YSI6eyJ1c2VybmFtZSI6ImJzX2FkbWluIiwicGFzc3dvcmQiOiIyZTRmNjNjOTA4NjFhNzExNTVkOTczZDMwODJkMmRkODBiZDA1MDJmIiwiaXAiOiIxNzIuMjIuMjQuMTMxIiwidXNlcl9hZ2VudCI6IlRpY2tldGluZy1XZWJBcHAifX0.epy5Lyxj1slFMt_bvrTuOzNJZloMX9ubEx0UfjeoOWo
Connection: close
Request body:

========================================
2018-06-21 11:23:04 
172.22.24.131 GET /synergix-takaful/public-api/v1/tickets?need_follow_up=1&ticket_status_id=4&limit=1 HTTP/1.1
HTTP headers:
Host: 192.168.0.196
User-Agent: Ticketing-WebApp
Authorization: Bearer eyJ0eXAiOiJKV1QiLCJhbGciOiJIUzI1NiJ9.eyJpYXQiOjE1Mjk1NTQ4NDYsImp0aSI6InpCdFpFZEdkQ2g0U2IzYndrRk1KTUFoM3gwcFI1aFI0dU80XC9rTlRGbktVPSIsImlzcyI6IjE3Mi4yMi4yNC4xMzEiLCJuYmYiOjE1Mjk1NTQ4NDYsImV4cCI6MTUyOTU1NjY0NiwiZGF0YSI6eyJ1c2VybmFtZSI6ImJzX2FkbWluIiwicGFzc3dvcmQiOiIyZTRmNjNjOTA4NjFhNzExNTVkOTczZDMwODJkMmRkODBiZDA1MDJmIiwiaXAiOiIxNzIuMjIuMjQuMTMxIiwidXNlcl9hZ2VudCI6IlRpY2tldGluZy1XZWJBcHAifX0.epy5Lyxj1slFMt_bvrTuOzNJZloMX9ubEx0UfjeoOWo
Connection: close
Request body:

========================================
2018-06-21 11:23:07 
172.22.24.131 GET /synergix-takaful/public-api/v1/tickets?limit=20&page=124 HTTP/1.1
HTTP headers:
Host: 192.168.0.196
User-Agent: Ticketing-WebApp
Authorization: Bearer eyJ0eXAiOiJKV1QiLCJhbGciOiJIUzI1NiJ9.eyJpYXQiOjE1Mjk1NTQ4NDYsImp0aSI6InpCdFpFZEdkQ2g0U2IzYndrRk1KTUFoM3gwcFI1aFI0dU80XC9rTlRGbktVPSIsImlzcyI6IjE3Mi4yMi4yNC4xMzEiLCJuYmYiOjE1Mjk1NTQ4NDYsImV4cCI6MTUyOTU1NjY0NiwiZGF0YSI6eyJ1c2VybmFtZSI6ImJzX2FkbWluIiwicGFzc3dvcmQiOiIyZTRmNjNjOTA4NjFhNzExNTVkOTczZDMwODJkMmRkODBiZDA1MDJmIiwiaXAiOiIxNzIuMjIuMjQuMTMxIiwidXNlcl9hZ2VudCI6IlRpY2tldGluZy1XZWJBcHAifX0.epy5Lyxj1slFMt_bvrTuOzNJZloMX9ubEx0UfjeoOWo
Connection: close
Request body:

========================================
2018-06-21 11:23:11 
::1 POST /synergix-takaful/public-api/v1/users/token HTTP/1.1
HTTP headers:
Host: localhost
Content-Length: 35
User-Agent: Ticketing-WebApp
Connection: close
Content-Type: application/x-www-form-urlencoded
Request body:
username=ba_admin&password=ba_admin
========================================
2018-06-21 11:23:12 
::1 GET /synergix-takaful/public-api/v1/users/86 HTTP/1.1
HTTP headers:
Host: localhost
User-Agent: Ticketing-WebApp
Authorization: Bearer eyJ0eXAiOiJKV1QiLCJhbGciOiJIUzI1NiJ9.eyJpYXQiOjE1Mjk1NTQ5OTEsImp0aSI6IjNyczRVT1RJckFKTGRqRTdnclhIdzU0Q00yUGlmcXNEbVlxb1RlU3hOSU09IiwiaXNzIjoiOjoxIiwibmJmIjoxNTI5NTU0OTkxLCJleHAiOjE1Mjk1NTY3OTEsImRhdGEiOnsidXNlcm5hbWUiOiJiYV9hZG1pbiIsInBhc3N3b3JkIjoiYTAzNmFjMTM3MjJhYTNjNjg1YjRmYzQ5NWJjYTEwYTcxNzRmMDk3MCIsImlwIjoiOjoxIiwidXNlcl9hZ2VudCI6IlRpY2tldGluZy1XZWJBcHAifX0.6b8RB29uQZRw3LSvcs8D3K8_rIaVo1Z0EJEvJF-VLUk
Connection: close
Request body:

========================================
2018-06-21 11:23:13 
::1 GET /synergix-takaful/public-api/v1/user_level_modules/active?code=TICKET&user_level_id=7&order=code&limit=100 HTTP/1.1
HTTP headers:
Host: localhost
User-Agent: Ticketing-WebApp
Authorization: Bearer eyJ0eXAiOiJKV1QiLCJhbGciOiJIUzI1NiJ9.eyJpYXQiOjE1Mjk1NTQ5OTEsImp0aSI6IjNyczRVT1RJckFKTGRqRTdnclhIdzU0Q00yUGlmcXNEbVlxb1RlU3hOSU09IiwiaXNzIjoiOjoxIiwibmJmIjoxNTI5NTU0OTkxLCJleHAiOjE1Mjk1NTY3OTEsImRhdGEiOnsidXNlcm5hbWUiOiJiYV9hZG1pbiIsInBhc3N3b3JkIjoiYTAzNmFjMTM3MjJhYTNjNjg1YjRmYzQ5NWJjYTEwYTcxNzRmMDk3MCIsImlwIjoiOjoxIiwidXNlcl9hZ2VudCI6IlRpY2tldGluZy1XZWJBcHAifX0.6b8RB29uQZRw3LSvcs8D3K8_rIaVo1Z0EJEvJF-VLUk
Connection: close
Request body:

========================================
2018-06-21 11:23:13 
::1 GET /synergix-takaful/public-api/v1/ticket_statistics HTTP/1.1
HTTP headers:
Host: localhost
User-Agent: Ticketing-WebApp
Authorization: Bearer eyJ0eXAiOiJKV1QiLCJhbGciOiJIUzI1NiJ9.eyJpYXQiOjE1Mjk1NTQ5OTEsImp0aSI6IjNyczRVT1RJckFKTGRqRTdnclhIdzU0Q00yUGlmcXNEbVlxb1RlU3hOSU09IiwiaXNzIjoiOjoxIiwibmJmIjoxNTI5NTU0OTkxLCJleHAiOjE1Mjk1NTY3OTEsImRhdGEiOnsidXNlcm5hbWUiOiJiYV9hZG1pbiIsInBhc3N3b3JkIjoiYTAzNmFjMTM3MjJhYTNjNjg1YjRmYzQ5NWJjYTEwYTcxNzRmMDk3MCIsImlwIjoiOjoxIiwidXNlcl9hZ2VudCI6IlRpY2tldGluZy1XZWJBcHAifX0.6b8RB29uQZRw3LSvcs8D3K8_rIaVo1Z0EJEvJF-VLUk
Connection: close
Request body:

========================================
2018-06-21 11:23:13 
::1 GET /synergix-takaful/public-api/v1/ticket_statistics/departments HTTP/1.1
HTTP headers:
Host: localhost
User-Agent: Ticketing-WebApp
Authorization: Bearer eyJ0eXAiOiJKV1QiLCJhbGciOiJIUzI1NiJ9.eyJpYXQiOjE1Mjk1NTQ5OTEsImp0aSI6IjNyczRVT1RJckFKTGRqRTdnclhIdzU0Q00yUGlmcXNEbVlxb1RlU3hOSU09IiwiaXNzIjoiOjoxIiwibmJmIjoxNTI5NTU0OTkxLCJleHAiOjE1Mjk1NTY3OTEsImRhdGEiOnsidXNlcm5hbWUiOiJiYV9hZG1pbiIsInBhc3N3b3JkIjoiYTAzNmFjMTM3MjJhYTNjNjg1YjRmYzQ5NWJjYTEwYTcxNzRmMDk3MCIsImlwIjoiOjoxIiwidXNlcl9hZ2VudCI6IlRpY2tldGluZy1XZWJBcHAifX0.6b8RB29uQZRw3LSvcs8D3K8_rIaVo1Z0EJEvJF-VLUk
Connection: close
Request body:

========================================
2018-06-21 11:23:13 
::1 GET /synergix-takaful/public-api/v1/ticket_statistics/categories HTTP/1.1
HTTP headers:
Host: localhost
User-Agent: Ticketing-WebApp
Authorization: Bearer eyJ0eXAiOiJKV1QiLCJhbGciOiJIUzI1NiJ9.eyJpYXQiOjE1Mjk1NTQ5OTEsImp0aSI6IjNyczRVT1RJckFKTGRqRTdnclhIdzU0Q00yUGlmcXNEbVlxb1RlU3hOSU09IiwiaXNzIjoiOjoxIiwibmJmIjoxNTI5NTU0OTkxLCJleHAiOjE1Mjk1NTY3OTEsImRhdGEiOnsidXNlcm5hbWUiOiJiYV9hZG1pbiIsInBhc3N3b3JkIjoiYTAzNmFjMTM3MjJhYTNjNjg1YjRmYzQ5NWJjYTEwYTcxNzRmMDk3MCIsImlwIjoiOjoxIiwidXNlcl9hZ2VudCI6IlRpY2tldGluZy1XZWJBcHAifX0.6b8RB29uQZRw3LSvcs8D3K8_rIaVo1Z0EJEvJF-VLUk
Connection: close
Request body:

========================================
2018-06-21 11:23:13 
::1 GET /synergix-takaful/public-api/v1/ticket_statistics/subcategories HTTP/1.1
HTTP headers:
Host: localhost
User-Agent: Ticketing-WebApp
Authorization: Bearer eyJ0eXAiOiJKV1QiLCJhbGciOiJIUzI1NiJ9.eyJpYXQiOjE1Mjk1NTQ5OTEsImp0aSI6IjNyczRVT1RJckFKTGRqRTdnclhIdzU0Q00yUGlmcXNEbVlxb1RlU3hOSU09IiwiaXNzIjoiOjoxIiwibmJmIjoxNTI5NTU0OTkxLCJleHAiOjE1Mjk1NTY3OTEsImRhdGEiOnsidXNlcm5hbWUiOiJiYV9hZG1pbiIsInBhc3N3b3JkIjoiYTAzNmFjMTM3MjJhYTNjNjg1YjRmYzQ5NWJjYTEwYTcxNzRmMDk3MCIsImlwIjoiOjoxIiwidXNlcl9hZ2VudCI6IlRpY2tldGluZy1XZWJBcHAifX0.6b8RB29uQZRw3LSvcs8D3K8_rIaVo1Z0EJEvJF-VLUk
Connection: close
Request body:

========================================
2018-06-21 11:23:17 
::1 GET /synergix-takaful/public-api/v1/tickets?need_follow_up=1&ticket_status_id=4&limit=1 HTTP/1.1
HTTP headers:
Host: localhost
User-Agent: Ticketing-WebApp
Authorization: Bearer eyJ0eXAiOiJKV1QiLCJhbGciOiJIUzI1NiJ9.eyJpYXQiOjE1Mjk1NTQ5OTEsImp0aSI6IjNyczRVT1RJckFKTGRqRTdnclhIdzU0Q00yUGlmcXNEbVlxb1RlU3hOSU09IiwiaXNzIjoiOjoxIiwibmJmIjoxNTI5NTU0OTkxLCJleHAiOjE1Mjk1NTY3OTEsImRhdGEiOnsidXNlcm5hbWUiOiJiYV9hZG1pbiIsInBhc3N3b3JkIjoiYTAzNmFjMTM3MjJhYTNjNjg1YjRmYzQ5NWJjYTEwYTcxNzRmMDk3MCIsImlwIjoiOjoxIiwidXNlcl9hZ2VudCI6IlRpY2tldGluZy1XZWJBcHAifX0.6b8RB29uQZRw3LSvcs8D3K8_rIaVo1Z0EJEvJF-VLUk
Connection: close
Request body:

========================================
2018-06-21 11:23:18 
::1 GET /synergix-takaful/public-api/v1/tickets?limit=20&start=1529514000&end=1529514000 HTTP/1.1
HTTP headers:
Host: localhost
User-Agent: Ticketing-WebApp
Authorization: Bearer eyJ0eXAiOiJKV1QiLCJhbGciOiJIUzI1NiJ9.eyJpYXQiOjE1Mjk1NTQ5OTEsImp0aSI6IjNyczRVT1RJckFKTGRqRTdnclhIdzU0Q00yUGlmcXNEbVlxb1RlU3hOSU09IiwiaXNzIjoiOjoxIiwibmJmIjoxNTI5NTU0OTkxLCJleHAiOjE1Mjk1NTY3OTEsImRhdGEiOnsidXNlcm5hbWUiOiJiYV9hZG1pbiIsInBhc3N3b3JkIjoiYTAzNmFjMTM3MjJhYTNjNjg1YjRmYzQ5NWJjYTEwYTcxNzRmMDk3MCIsImlwIjoiOjoxIiwidXNlcl9hZ2VudCI6IlRpY2tldGluZy1XZWJBcHAifX0.6b8RB29uQZRw3LSvcs8D3K8_rIaVo1Z0EJEvJF-VLUk
Connection: close
Request body:

========================================
2018-06-21 11:24:05 
::1 GET /synergix-takaful/public-api/v1/tickets?need_follow_up=1&ticket_status_id=4&limit=1 HTTP/1.1
HTTP headers:
Host: localhost
User-Agent: Ticketing-WebApp
Authorization: Bearer eyJ0eXAiOiJKV1QiLCJhbGciOiJIUzI1NiJ9.eyJpYXQiOjE1Mjk1NTQ5OTEsImp0aSI6IjNyczRVT1RJckFKTGRqRTdnclhIdzU0Q00yUGlmcXNEbVlxb1RlU3hOSU09IiwiaXNzIjoiOjoxIiwibmJmIjoxNTI5NTU0OTkxLCJleHAiOjE1Mjk1NTY3OTEsImRhdGEiOnsidXNlcm5hbWUiOiJiYV9hZG1pbiIsInBhc3N3b3JkIjoiYTAzNmFjMTM3MjJhYTNjNjg1YjRmYzQ5NWJjYTEwYTcxNzRmMDk3MCIsImlwIjoiOjoxIiwidXNlcl9hZ2VudCI6IlRpY2tldGluZy1XZWJBcHAifX0.6b8RB29uQZRw3LSvcs8D3K8_rIaVo1Z0EJEvJF-VLUk
Connection: close
Request body:

========================================
2018-06-21 11:24:05 
::1 GET /synergix-takaful/public-api/v1/tickets?need_follow_up=1&ticket_status_id=4&limit=1 HTTP/1.1
HTTP headers:
Host: localhost
User-Agent: Ticketing-WebApp
Authorization: Bearer eyJ0eXAiOiJKV1QiLCJhbGciOiJIUzI1NiJ9.eyJpYXQiOjE1Mjk1NTQ5NTYsImp0aSI6IkVSYXVraFpCczZ0bmtqeHNSNEI5VG8xUk1VT0VPOVZrMUFheXc1c1pxWGs9IiwiaXNzIjoiOjoxIiwibmJmIjoxNTI5NTU0OTU2LCJleHAiOjE1Mjk1NTY3NTYsImRhdGEiOnsidXNlcm5hbWUiOiJiYV9hZG1pbiIsInBhc3N3b3JkIjoiYTAzNmFjMTM3MjJhYTNjNjg1YjRmYzQ5NWJjYTEwYTcxNzRmMDk3MCIsImlwIjoiOjoxIiwidXNlcl9hZ2VudCI6IlRpY2tldGluZy1XZWJBcHAifX0.jYRFhe469CjphZC6jAWQX52xX2GdZ8FRRoNw5TXbi5M
Connection: close
Request body:

========================================
2018-06-21 11:24:07 
::1 GET /synergix-takaful/public-api/v1/tickets?limit=20 HTTP/1.1
HTTP headers:
Host: localhost
User-Agent: Ticketing-WebApp
Authorization: Bearer eyJ0eXAiOiJKV1QiLCJhbGciOiJIUzI1NiJ9.eyJpYXQiOjE1Mjk1NTQ5OTEsImp0aSI6IjNyczRVT1RJckFKTGRqRTdnclhIdzU0Q00yUGlmcXNEbVlxb1RlU3hOSU09IiwiaXNzIjoiOjoxIiwibmJmIjoxNTI5NTU0OTkxLCJleHAiOjE1Mjk1NTY3OTEsImRhdGEiOnsidXNlcm5hbWUiOiJiYV9hZG1pbiIsInBhc3N3b3JkIjoiYTAzNmFjMTM3MjJhYTNjNjg1YjRmYzQ5NWJjYTEwYTcxNzRmMDk3MCIsImlwIjoiOjoxIiwidXNlcl9hZ2VudCI6IlRpY2tldGluZy1XZWJBcHAifX0.6b8RB29uQZRw3LSvcs8D3K8_rIaVo1Z0EJEvJF-VLUk
Connection: close
Request body:

========================================
2018-06-21 11:24:11 
::1 GET /synergix-takaful/public-api/v1/tickets?limit=20&start=1529514000&end=1529514000 HTTP/1.1
HTTP headers:
Host: localhost
User-Agent: Ticketing-WebApp
Authorization: Bearer eyJ0eXAiOiJKV1QiLCJhbGciOiJIUzI1NiJ9.eyJpYXQiOjE1Mjk1NTQ5NTYsImp0aSI6IkVSYXVraFpCczZ0bmtqeHNSNEI5VG8xUk1VT0VPOVZrMUFheXc1c1pxWGs9IiwiaXNzIjoiOjoxIiwibmJmIjoxNTI5NTU0OTU2LCJleHAiOjE1Mjk1NTY3NTYsImRhdGEiOnsidXNlcm5hbWUiOiJiYV9hZG1pbiIsInBhc3N3b3JkIjoiYTAzNmFjMTM3MjJhYTNjNjg1YjRmYzQ5NWJjYTEwYTcxNzRmMDk3MCIsImlwIjoiOjoxIiwidXNlcl9hZ2VudCI6IlRpY2tldGluZy1XZWJBcHAifX0.jYRFhe469CjphZC6jAWQX52xX2GdZ8FRRoNw5TXbi5M
Connection: close
Request body:

========================================
2018-06-21 13:49:00 
172.22.24.131 GET /synergix-takaful/public-api/v1/ticket_types?is_active=1 HTTP/1.1
HTTP headers:
Host: 192.168.0.196
User-Agent: Ticketing-WebApp
Authorization: Bearer eyJ0eXAiOiJKV1QiLCJhbGciOiJIUzI1NiJ9.eyJpYXQiOjE1Mjk1NTQ4NDYsImp0aSI6InpCdFpFZEdkQ2g0U2IzYndrRk1KTUFoM3gwcFI1aFI0dU80XC9rTlRGbktVPSIsImlzcyI6IjE3Mi4yMi4yNC4xMzEiLCJuYmYiOjE1Mjk1NTQ4NDYsImV4cCI6MTUyOTU1NjY0NiwiZGF0YSI6eyJ1c2VybmFtZSI6ImJzX2FkbWluIiwicGFzc3dvcmQiOiIyZTRmNjNjOTA4NjFhNzExNTVkOTczZDMwODJkMmRkODBiZDA1MDJmIiwiaXAiOiIxNzIuMjIuMjQuMTMxIiwidXNlcl9hZ2VudCI6IlRpY2tldGluZy1XZWJBcHAifX0.epy5Lyxj1slFMt_bvrTuOzNJZloMX9ubEx0UfjeoOWo
Connection: close
Request body:

========================================
2018-06-21 13:49:05 
172.22.24.131 POST /synergix-takaful/public-api/v1/users/token HTTP/1.1
HTTP headers:
Host: 192.168.0.196
Content-Length: 35
User-Agent: Ticketing-WebApp
Connection: close
Content-Type: application/x-www-form-urlencoded
Request body:
username=bs_admin&password=bs_admin
========================================
2018-06-21 13:49:06 
172.22.24.131 GET /synergix-takaful/public-api/v1/ticket_types?is_active=1 HTTP/1.1
HTTP headers:
Host: 192.168.0.196
User-Agent: Ticketing-WebApp
Authorization: Bearer eyJ0eXAiOiJKV1QiLCJhbGciOiJIUzI1NiJ9.eyJpYXQiOjE1Mjk1NjM3NDUsImp0aSI6IlBZc214TzIrR3M1Y1lsRFZVQzVyTm9jR0NTc2dIRmtZbFQ4TVwvNFQ1RzZJPSIsImlzcyI6IjE3Mi4yMi4yNC4xMzEiLCJuYmYiOjE1Mjk1NjM3NDUsImV4cCI6MTUyOTU2NTU0NSwiZGF0YSI6eyJ1c2VybmFtZSI6ImJzX2FkbWluIiwicGFzc3dvcmQiOiIyZTRmNjNjOTA4NjFhNzExNTVkOTczZDMwODJkMmRkODBiZDA1MDJmIiwiaXAiOiIxNzIuMjIuMjQuMTMxIiwidXNlcl9hZ2VudCI6IlRpY2tldGluZy1XZWJBcHAifX0.-VGW2JepVslP7vNld-HJTJCA08KHfRFCI6DgTPzJHvI
Connection: close
Request body:

========================================
2018-06-21 13:49:06 
172.22.24.131 GET /synergix-takaful/public-api/v1/departments?is_active=1&limit=100&order=name HTTP/1.1
HTTP headers:
Host: 192.168.0.196
User-Agent: Ticketing-WebApp
Authorization: Bearer eyJ0eXAiOiJKV1QiLCJhbGciOiJIUzI1NiJ9.eyJpYXQiOjE1Mjk1NjM3NDUsImp0aSI6IlBZc214TzIrR3M1Y1lsRFZVQzVyTm9jR0NTc2dIRmtZbFQ4TVwvNFQ1RzZJPSIsImlzcyI6IjE3Mi4yMi4yNC4xMzEiLCJuYmYiOjE1Mjk1NjM3NDUsImV4cCI6MTUyOTU2NTU0NSwiZGF0YSI6eyJ1c2VybmFtZSI6ImJzX2FkbWluIiwicGFzc3dvcmQiOiIyZTRmNjNjOTA4NjFhNzExNTVkOTczZDMwODJkMmRkODBiZDA1MDJmIiwiaXAiOiIxNzIuMjIuMjQuMTMxIiwidXNlcl9hZ2VudCI6IlRpY2tldGluZy1XZWJBcHAifX0.-VGW2JepVslP7vNld-HJTJCA08KHfRFCI6DgTPzJHvI
Connection: close
Request body:

========================================
2018-06-21 13:49:06 
172.22.24.131 GET /synergix-takaful/public-api/v1/ticket_priorities?is_active=1&order=name HTTP/1.1
HTTP headers:
Host: 192.168.0.196
User-Agent: Ticketing-WebApp
Authorization: Bearer eyJ0eXAiOiJKV1QiLCJhbGciOiJIUzI1NiJ9.eyJpYXQiOjE1Mjk1NjM3NDUsImp0aSI6IlBZc214TzIrR3M1Y1lsRFZVQzVyTm9jR0NTc2dIRmtZbFQ4TVwvNFQ1RzZJPSIsImlzcyI6IjE3Mi4yMi4yNC4xMzEiLCJuYmYiOjE1Mjk1NjM3NDUsImV4cCI6MTUyOTU2NTU0NSwiZGF0YSI6eyJ1c2VybmFtZSI6ImJzX2FkbWluIiwicGFzc3dvcmQiOiIyZTRmNjNjOTA4NjFhNzExNTVkOTczZDMwODJkMmRkODBiZDA1MDJmIiwiaXAiOiIxNzIuMjIuMjQuMTMxIiwidXNlcl9hZ2VudCI6IlRpY2tldGluZy1XZWJBcHAifX0.-VGW2JepVslP7vNld-HJTJCA08KHfRFCI6DgTPzJHvI
Connection: close
Request body:

========================================
2018-06-21 13:49:07 
172.22.24.131 GET /synergix-takaful/public-api/v1/ticket_statuses/active?order=name HTTP/1.1
HTTP headers:
Host: 192.168.0.196
User-Agent: Ticketing-WebApp
Authorization: Bearer eyJ0eXAiOiJKV1QiLCJhbGciOiJIUzI1NiJ9.eyJpYXQiOjE1Mjk1NjM3NDUsImp0aSI6IlBZc214TzIrR3M1Y1lsRFZVQzVyTm9jR0NTc2dIRmtZbFQ4TVwvNFQ1RzZJPSIsImlzcyI6IjE3Mi4yMi4yNC4xMzEiLCJuYmYiOjE1Mjk1NjM3NDUsImV4cCI6MTUyOTU2NTU0NSwiZGF0YSI6eyJ1c2VybmFtZSI6ImJzX2FkbWluIiwicGFzc3dvcmQiOiIyZTRmNjNjOTA4NjFhNzExNTVkOTczZDMwODJkMmRkODBiZDA1MDJmIiwiaXAiOiIxNzIuMjIuMjQuMTMxIiwidXNlcl9hZ2VudCI6IlRpY2tldGluZy1XZWJBcHAifX0.-VGW2JepVslP7vNld-HJTJCA08KHfRFCI6DgTPzJHvI
Connection: close
Request body:

========================================
2018-06-21 13:49:07 
172.22.24.131 GET /synergix-takaful/public-api/v1/product_types/active?limit=50 HTTP/1.1
HTTP headers:
Host: 192.168.0.196
User-Agent: Ticketing-WebApp
Authorization: Bearer eyJ0eXAiOiJKV1QiLCJhbGciOiJIUzI1NiJ9.eyJpYXQiOjE1Mjk1NjM3NDUsImp0aSI6IlBZc214TzIrR3M1Y1lsRFZVQzVyTm9jR0NTc2dIRmtZbFQ4TVwvNFQ1RzZJPSIsImlzcyI6IjE3Mi4yMi4yNC4xMzEiLCJuYmYiOjE1Mjk1NjM3NDUsImV4cCI6MTUyOTU2NTU0NSwiZGF0YSI6eyJ1c2VybmFtZSI6ImJzX2FkbWluIiwicGFzc3dvcmQiOiIyZTRmNjNjOTA4NjFhNzExNTVkOTczZDMwODJkMmRkODBiZDA1MDJmIiwiaXAiOiIxNzIuMjIuMjQuMTMxIiwidXNlcl9hZ2VudCI6IlRpY2tldGluZy1XZWJBcHAifX0.-VGW2JepVslP7vNld-HJTJCA08KHfRFCI6DgTPzJHvI
Connection: close
Request body:

========================================
2018-06-21 13:49:07 
172.22.24.131 GET /synergix-takaful/public-api/v1/tickets?need_follow_up=1&ticket_status_id=4&limit=1 HTTP/1.1
HTTP headers:
Host: 192.168.0.196
User-Agent: Ticketing-WebApp
Authorization: Bearer eyJ0eXAiOiJKV1QiLCJhbGciOiJIUzI1NiJ9.eyJpYXQiOjE1Mjk1NjM3NDUsImp0aSI6IlBZc214TzIrR3M1Y1lsRFZVQzVyTm9jR0NTc2dIRmtZbFQ4TVwvNFQ1RzZJPSIsImlzcyI6IjE3Mi4yMi4yNC4xMzEiLCJuYmYiOjE1Mjk1NjM3NDUsImV4cCI6MTUyOTU2NTU0NSwiZGF0YSI6eyJ1c2VybmFtZSI6ImJzX2FkbWluIiwicGFzc3dvcmQiOiIyZTRmNjNjOTA4NjFhNzExNTVkOTczZDMwODJkMmRkODBiZDA1MDJmIiwiaXAiOiIxNzIuMjIuMjQuMTMxIiwidXNlcl9hZ2VudCI6IlRpY2tldGluZy1XZWJBcHAifX0.-VGW2JepVslP7vNld-HJTJCA08KHfRFCI6DgTPzJHvI
Connection: close
Request body:

========================================
2018-06-21 13:49:09 
172.22.24.131 GET /synergix-takaful/public-api/v1/tickets?limit=20&page=124 HTTP/1.1
HTTP headers:
Host: 192.168.0.196
User-Agent: Ticketing-WebApp
Authorization: Bearer eyJ0eXAiOiJKV1QiLCJhbGciOiJIUzI1NiJ9.eyJpYXQiOjE1Mjk1NjM3NDUsImp0aSI6IlBZc214TzIrR3M1Y1lsRFZVQzVyTm9jR0NTc2dIRmtZbFQ4TVwvNFQ1RzZJPSIsImlzcyI6IjE3Mi4yMi4yNC4xMzEiLCJuYmYiOjE1Mjk1NjM3NDUsImV4cCI6MTUyOTU2NTU0NSwiZGF0YSI6eyJ1c2VybmFtZSI6ImJzX2FkbWluIiwicGFzc3dvcmQiOiIyZTRmNjNjOTA4NjFhNzExNTVkOTczZDMwODJkMmRkODBiZDA1MDJmIiwiaXAiOiIxNzIuMjIuMjQuMTMxIiwidXNlcl9hZ2VudCI6IlRpY2tldGluZy1XZWJBcHAifX0.-VGW2JepVslP7vNld-HJTJCA08KHfRFCI6DgTPzJHvI
Connection: close
Request body:

========================================
2018-06-21 13:50:25 
172.22.24.131 POST /synergix-takaful/public-api/v1/users/token HTTP/1.1
HTTP headers:
Host: 192.168.0.196
Content-Length: 35
User-Agent: Ticketing-WebApp
Connection: close
Content-Type: application/x-www-form-urlencoded
Request body:
username=bs_admin&password=bs_admin
========================================
2018-06-21 13:50:26 
172.22.24.131 GET /synergix-takaful/public-api/v1/users/85 HTTP/1.1
HTTP headers:
Host: 192.168.0.196
User-Agent: Ticketing-WebApp
Authorization: Bearer eyJ0eXAiOiJKV1QiLCJhbGciOiJIUzI1NiJ9.eyJpYXQiOjE1Mjk1NjM4MjUsImp0aSI6Ik9aU1RBblZBallEUWxTN1JRNW42ZGZMSHU0dUxxWE1veldhcFF2YlVVbkE9IiwiaXNzIjoiMTcyLjIyLjI0LjEzMSIsIm5iZiI6MTUyOTU2MzgyNSwiZXhwIjoxNTI5NTY1NjI1LCJkYXRhIjp7InVzZXJuYW1lIjoiYnNfYWRtaW4iLCJwYXNzd29yZCI6IjJlNGY2M2M5MDg2MWE3MTE1NWQ5NzNkMzA4MmQyZGQ4MGJkMDUwMmYiLCJpcCI6IjE3Mi4yMi4yNC4xMzEiLCJ1c2VyX2FnZW50IjoiVGlja2V0aW5nLVdlYkFwcCJ9fQ.QVS6A8myeWGpnxCMX-kB9_q5k7FZzT2E7X2V8_34hy8
Connection: close
Request body:

========================================
2018-06-21 13:50:27 
172.22.24.131 GET /synergix-takaful/public-api/v1/user_level_modules/active?code=TICKET&user_level_id=7&order=code&limit=100 HTTP/1.1
HTTP headers:
Host: 192.168.0.196
User-Agent: Ticketing-WebApp
Authorization: Bearer eyJ0eXAiOiJKV1QiLCJhbGciOiJIUzI1NiJ9.eyJpYXQiOjE1Mjk1NjM4MjUsImp0aSI6Ik9aU1RBblZBallEUWxTN1JRNW42ZGZMSHU0dUxxWE1veldhcFF2YlVVbkE9IiwiaXNzIjoiMTcyLjIyLjI0LjEzMSIsIm5iZiI6MTUyOTU2MzgyNSwiZXhwIjoxNTI5NTY1NjI1LCJkYXRhIjp7InVzZXJuYW1lIjoiYnNfYWRtaW4iLCJwYXNzd29yZCI6IjJlNGY2M2M5MDg2MWE3MTE1NWQ5NzNkMzA4MmQyZGQ4MGJkMDUwMmYiLCJpcCI6IjE3Mi4yMi4yNC4xMzEiLCJ1c2VyX2FnZW50IjoiVGlja2V0aW5nLVdlYkFwcCJ9fQ.QVS6A8myeWGpnxCMX-kB9_q5k7FZzT2E7X2V8_34hy8
Connection: close
Request body:

========================================
2018-06-21 13:50:29 
172.22.24.131 GET /synergix-takaful/public-api/v1/ticket_statistics HTTP/1.1
HTTP headers:
Host: 192.168.0.196
User-Agent: Ticketing-WebApp
Authorization: Bearer eyJ0eXAiOiJKV1QiLCJhbGciOiJIUzI1NiJ9.eyJpYXQiOjE1Mjk1NjM4MjUsImp0aSI6Ik9aU1RBblZBallEUWxTN1JRNW42ZGZMSHU0dUxxWE1veldhcFF2YlVVbkE9IiwiaXNzIjoiMTcyLjIyLjI0LjEzMSIsIm5iZiI6MTUyOTU2MzgyNSwiZXhwIjoxNTI5NTY1NjI1LCJkYXRhIjp7InVzZXJuYW1lIjoiYnNfYWRtaW4iLCJwYXNzd29yZCI6IjJlNGY2M2M5MDg2MWE3MTE1NWQ5NzNkMzA4MmQyZGQ4MGJkMDUwMmYiLCJpcCI6IjE3Mi4yMi4yNC4xMzEiLCJ1c2VyX2FnZW50IjoiVGlja2V0aW5nLVdlYkFwcCJ9fQ.QVS6A8myeWGpnxCMX-kB9_q5k7FZzT2E7X2V8_34hy8
Connection: close
Request body:

========================================
2018-06-21 13:50:29 
172.22.24.131 GET /synergix-takaful/public-api/v1/ticket_statistics/departments HTTP/1.1
HTTP headers:
Host: 192.168.0.196
User-Agent: Ticketing-WebApp
Authorization: Bearer eyJ0eXAiOiJKV1QiLCJhbGciOiJIUzI1NiJ9.eyJpYXQiOjE1Mjk1NjM4MjUsImp0aSI6Ik9aU1RBblZBallEUWxTN1JRNW42ZGZMSHU0dUxxWE1veldhcFF2YlVVbkE9IiwiaXNzIjoiMTcyLjIyLjI0LjEzMSIsIm5iZiI6MTUyOTU2MzgyNSwiZXhwIjoxNTI5NTY1NjI1LCJkYXRhIjp7InVzZXJuYW1lIjoiYnNfYWRtaW4iLCJwYXNzd29yZCI6IjJlNGY2M2M5MDg2MWE3MTE1NWQ5NzNkMzA4MmQyZGQ4MGJkMDUwMmYiLCJpcCI6IjE3Mi4yMi4yNC4xMzEiLCJ1c2VyX2FnZW50IjoiVGlja2V0aW5nLVdlYkFwcCJ9fQ.QVS6A8myeWGpnxCMX-kB9_q5k7FZzT2E7X2V8_34hy8
Connection: close
Request body:

========================================
2018-06-21 13:50:30 
172.22.24.131 GET /synergix-takaful/public-api/v1/ticket_statistics/categories HTTP/1.1
HTTP headers:
Host: 192.168.0.196
User-Agent: Ticketing-WebApp
Authorization: Bearer eyJ0eXAiOiJKV1QiLCJhbGciOiJIUzI1NiJ9.eyJpYXQiOjE1Mjk1NjM4MjUsImp0aSI6Ik9aU1RBblZBallEUWxTN1JRNW42ZGZMSHU0dUxxWE1veldhcFF2YlVVbkE9IiwiaXNzIjoiMTcyLjIyLjI0LjEzMSIsIm5iZiI6MTUyOTU2MzgyNSwiZXhwIjoxNTI5NTY1NjI1LCJkYXRhIjp7InVzZXJuYW1lIjoiYnNfYWRtaW4iLCJwYXNzd29yZCI6IjJlNGY2M2M5MDg2MWE3MTE1NWQ5NzNkMzA4MmQyZGQ4MGJkMDUwMmYiLCJpcCI6IjE3Mi4yMi4yNC4xMzEiLCJ1c2VyX2FnZW50IjoiVGlja2V0aW5nLVdlYkFwcCJ9fQ.QVS6A8myeWGpnxCMX-kB9_q5k7FZzT2E7X2V8_34hy8
Connection: close
Request body:

========================================
2018-06-21 13:50:30 
172.22.24.131 GET /synergix-takaful/public-api/v1/ticket_statistics/subcategories HTTP/1.1
HTTP headers:
Host: 192.168.0.196
User-Agent: Ticketing-WebApp
Authorization: Bearer eyJ0eXAiOiJKV1QiLCJhbGciOiJIUzI1NiJ9.eyJpYXQiOjE1Mjk1NjM4MjUsImp0aSI6Ik9aU1RBblZBallEUWxTN1JRNW42ZGZMSHU0dUxxWE1veldhcFF2YlVVbkE9IiwiaXNzIjoiMTcyLjIyLjI0LjEzMSIsIm5iZiI6MTUyOTU2MzgyNSwiZXhwIjoxNTI5NTY1NjI1LCJkYXRhIjp7InVzZXJuYW1lIjoiYnNfYWRtaW4iLCJwYXNzd29yZCI6IjJlNGY2M2M5MDg2MWE3MTE1NWQ5NzNkMzA4MmQyZGQ4MGJkMDUwMmYiLCJpcCI6IjE3Mi4yMi4yNC4xMzEiLCJ1c2VyX2FnZW50IjoiVGlja2V0aW5nLVdlYkFwcCJ9fQ.QVS6A8myeWGpnxCMX-kB9_q5k7FZzT2E7X2V8_34hy8
Connection: close
Request body:

========================================
