2018-01-12 10:24:31 
::1 POST /synergix-takaful/public-api/v1/users/token HTTP/1.1
HTTP headers:
Host: localhost
Content-Length: 35
User-Agent: Ticketing-WebApp
Connection: close
Content-Type: application/x-www-form-urlencoded
Request body:
username=ba_admin&password=ba_admin
========================================
2018-01-12 10:24:32 
::1 GET /synergix-takaful/public-api/v1/users/9 HTTP/1.1
HTTP headers:
Host: localhost
User-Agent: Ticketing-WebApp
Authorization: Bearer eyJ0eXAiOiJKV1QiLCJhbGciOiJIUzI1NiJ9.eyJpYXQiOjE1MTU3Mjc0NzEsImp0aSI6Im9ISzRPZUFyNFhuNDQ0cFFJSzNoOGJxTStpOXd1cjRqQlFSamlBUHdOWVk9IiwiaXNzIjoiOjoxIiwibmJmIjoxNTE1NzI3NDcxLCJleHAiOjE1MTU3MjkyNzEsImRhdGEiOnsidXNlcm5hbWUiOiJiYV9hZG1pbiIsInBhc3N3b3JkIjoiYTAzNmFjMTM3MjJhYTNjNjg1YjRmYzQ5NWJjYTEwYTcxNzRmMDk3MCIsImlwIjoiOjoxIiwidXNlcl9hZ2VudCI6IlRpY2tldGluZy1XZWJBcHAifX0.gMzxZIT0zoYqfigoE-JD8eB6DBaFi--jwaEJQKzJTsE
Connection: close
Request body:

========================================
2018-01-12 10:24:32 
::1 GET /synergix-takaful/public-api/v1/user_level_modules/active?code=TICKET&user_level_id=7 HTTP/1.1
HTTP headers:
Host: localhost
User-Agent: Ticketing-WebApp
Authorization: Bearer eyJ0eXAiOiJKV1QiLCJhbGciOiJIUzI1NiJ9.eyJpYXQiOjE1MTU3Mjc0NzEsImp0aSI6Im9ISzRPZUFyNFhuNDQ0cFFJSzNoOGJxTStpOXd1cjRqQlFSamlBUHdOWVk9IiwiaXNzIjoiOjoxIiwibmJmIjoxNTE1NzI3NDcxLCJleHAiOjE1MTU3MjkyNzEsImRhdGEiOnsidXNlcm5hbWUiOiJiYV9hZG1pbiIsInBhc3N3b3JkIjoiYTAzNmFjMTM3MjJhYTNjNjg1YjRmYzQ5NWJjYTEwYTcxNzRmMDk3MCIsImlwIjoiOjoxIiwidXNlcl9hZ2VudCI6IlRpY2tldGluZy1XZWJBcHAifX0.gMzxZIT0zoYqfigoE-JD8eB6DBaFi--jwaEJQKzJTsE
Connection: close
Request body:

========================================
2018-01-12 10:24:33 
::1 GET /synergix-takaful/public-api/v1/tickets?limit=20&start=1515690000&end=1515690000 HTTP/1.1
HTTP headers:
Host: localhost
User-Agent: Ticketing-WebApp
Authorization: Bearer eyJ0eXAiOiJKV1QiLCJhbGciOiJIUzI1NiJ9.eyJpYXQiOjE1MTU3Mjc0NzEsImp0aSI6Im9ISzRPZUFyNFhuNDQ0cFFJSzNoOGJxTStpOXd1cjRqQlFSamlBUHdOWVk9IiwiaXNzIjoiOjoxIiwibmJmIjoxNTE1NzI3NDcxLCJleHAiOjE1MTU3MjkyNzEsImRhdGEiOnsidXNlcm5hbWUiOiJiYV9hZG1pbiIsInBhc3N3b3JkIjoiYTAzNmFjMTM3MjJhYTNjNjg1YjRmYzQ5NWJjYTEwYTcxNzRmMDk3MCIsImlwIjoiOjoxIiwidXNlcl9hZ2VudCI6IlRpY2tldGluZy1XZWJBcHAifX0.gMzxZIT0zoYqfigoE-JD8eB6DBaFi--jwaEJQKzJTsE
Connection: close
Request body:

========================================
2018-01-12 11:29:49 
::1 POST /synergix-takaful/public-api/v1/users/token HTTP/1.1
HTTP headers:
Host: localhost
Content-Length: 37
User-Agent: Ticketing-WebApp
Connection: close
Content-Type: application/x-www-form-urlencoded
Request body:
username=rahmat_admin&password=rahmat
========================================
2018-01-12 11:29:50 
::1 GET /synergix-takaful/public-api/v1/users/13 HTTP/1.1
HTTP headers:
Host: localhost
User-Agent: Ticketing-WebApp
Authorization: Bearer eyJ0eXAiOiJKV1QiLCJhbGciOiJIUzI1NiJ9.eyJpYXQiOjE1MTU3MzEzODksImp0aSI6IlFOSk5pVGZFY1JNV2JtUE9jR1FldVJrc1EzZjFjMzNZTUdXM2VVMitCaUk9IiwiaXNzIjoiOjoxIiwibmJmIjoxNTE1NzMxMzg5LCJleHAiOjE1MTU3MzMxODksImRhdGEiOnsidXNlcm5hbWUiOiJyYWhtYXRfYWRtaW4iLCJwYXNzd29yZCI6IjkxZGY3YWE2MjA5OWMzYmY0YTNmNmQ1ZDU0NTYzNzg5NDg5ZTA0YjUiLCJpcCI6Ijo6MSIsInVzZXJfYWdlbnQiOiJUaWNrZXRpbmctV2ViQXBwIn19.3dyhACDA4rYhaYbphJFE2PS-sMAJwtxJT5GdjMUimWs
Connection: close
Request body:

========================================
2018-01-12 11:29:50 
::1 GET /synergix-takaful/public-api/v1/user_level_modules/active?code=TICKET&user_level_id=7 HTTP/1.1
HTTP headers:
Host: localhost
User-Agent: Ticketing-WebApp
Authorization: Bearer eyJ0eXAiOiJKV1QiLCJhbGciOiJIUzI1NiJ9.eyJpYXQiOjE1MTU3MzEzODksImp0aSI6IlFOSk5pVGZFY1JNV2JtUE9jR1FldVJrc1EzZjFjMzNZTUdXM2VVMitCaUk9IiwiaXNzIjoiOjoxIiwibmJmIjoxNTE1NzMxMzg5LCJleHAiOjE1MTU3MzMxODksImRhdGEiOnsidXNlcm5hbWUiOiJyYWhtYXRfYWRtaW4iLCJwYXNzd29yZCI6IjkxZGY3YWE2MjA5OWMzYmY0YTNmNmQ1ZDU0NTYzNzg5NDg5ZTA0YjUiLCJpcCI6Ijo6MSIsInVzZXJfYWdlbnQiOiJUaWNrZXRpbmctV2ViQXBwIn19.3dyhACDA4rYhaYbphJFE2PS-sMAJwtxJT5GdjMUimWs
Connection: close
Request body:

========================================
2018-01-12 11:29:51 
::1 GET /synergix-takaful/public-api/v1/tickets?limit=20&start=1515690000&end=1515690000 HTTP/1.1
HTTP headers:
Host: localhost
User-Agent: Ticketing-WebApp
Authorization: Bearer eyJ0eXAiOiJKV1QiLCJhbGciOiJIUzI1NiJ9.eyJpYXQiOjE1MTU3MzEzODksImp0aSI6IlFOSk5pVGZFY1JNV2JtUE9jR1FldVJrc1EzZjFjMzNZTUdXM2VVMitCaUk9IiwiaXNzIjoiOjoxIiwibmJmIjoxNTE1NzMxMzg5LCJleHAiOjE1MTU3MzMxODksImRhdGEiOnsidXNlcm5hbWUiOiJyYWhtYXRfYWRtaW4iLCJwYXNzd29yZCI6IjkxZGY3YWE2MjA5OWMzYmY0YTNmNmQ1ZDU0NTYzNzg5NDg5ZTA0YjUiLCJpcCI6Ijo6MSIsInVzZXJfYWdlbnQiOiJUaWNrZXRpbmctV2ViQXBwIn19.3dyhACDA4rYhaYbphJFE2PS-sMAJwtxJT5GdjMUimWs
Connection: close
Request body:

========================================
2018-01-12 11:31:31 
::1 POST /synergix-takaful/public-api/v1/users/token HTTP/1.1
HTTP headers:
Host: localhost
Content-Length: 37
User-Agent: Ticketing-WebApp
Connection: close
Content-Type: application/x-www-form-urlencoded
Request body:
username=rahmat_admin&password=rahmat
========================================
2018-01-12 11:31:32 
::1 GET /synergix-takaful/public-api/v1/users/13 HTTP/1.1
HTTP headers:
Host: localhost
User-Agent: Ticketing-WebApp
Authorization: Bearer eyJ0eXAiOiJKV1QiLCJhbGciOiJIUzI1NiJ9.eyJpYXQiOjE1MTU3MzE0OTEsImp0aSI6Im12NkRqeTQ4XC9XTFRUdElGXC9kTytvRTNKWjhEMHRqcUsxUktFVVIzRlNQQT0iLCJpc3MiOiI6OjEiLCJuYmYiOjE1MTU3MzE0OTEsImV4cCI6MTUxNTczMzI5MSwiZGF0YSI6eyJ1c2VybmFtZSI6InJhaG1hdF9hZG1pbiIsInBhc3N3b3JkIjoiOTFkZjdhYTYyMDk5YzNiZjRhM2Y2ZDVkNTQ1NjM3ODk0ODllMDRiNSIsImlwIjoiOjoxIiwidXNlcl9hZ2VudCI6IlRpY2tldGluZy1XZWJBcHAifX0.bKQjzx9CnvWZ1hwTAvSNmff7OYaGTbnUKxHetJLrCFw
Connection: close
Request body:

========================================
2018-01-12 11:31:32 
::1 GET /synergix-takaful/public-api/v1/user_level_modules/active?code=TICKET&user_level_id=7 HTTP/1.1
HTTP headers:
Host: localhost
User-Agent: Ticketing-WebApp
Authorization: Bearer eyJ0eXAiOiJKV1QiLCJhbGciOiJIUzI1NiJ9.eyJpYXQiOjE1MTU3MzE0OTEsImp0aSI6Im12NkRqeTQ4XC9XTFRUdElGXC9kTytvRTNKWjhEMHRqcUsxUktFVVIzRlNQQT0iLCJpc3MiOiI6OjEiLCJuYmYiOjE1MTU3MzE0OTEsImV4cCI6MTUxNTczMzI5MSwiZGF0YSI6eyJ1c2VybmFtZSI6InJhaG1hdF9hZG1pbiIsInBhc3N3b3JkIjoiOTFkZjdhYTYyMDk5YzNiZjRhM2Y2ZDVkNTQ1NjM3ODk0ODllMDRiNSIsImlwIjoiOjoxIiwidXNlcl9hZ2VudCI6IlRpY2tldGluZy1XZWJBcHAifX0.bKQjzx9CnvWZ1hwTAvSNmff7OYaGTbnUKxHetJLrCFw
Connection: close
Request body:

========================================
2018-01-12 11:31:32 
::1 GET /synergix-takaful/public-api/v1/tickets?limit=20&start=1515690000&end=1515690000 HTTP/1.1
HTTP headers:
Host: localhost
User-Agent: Ticketing-WebApp
Authorization: Bearer eyJ0eXAiOiJKV1QiLCJhbGciOiJIUzI1NiJ9.eyJpYXQiOjE1MTU3MzE0OTEsImp0aSI6Im12NkRqeTQ4XC9XTFRUdElGXC9kTytvRTNKWjhEMHRqcUsxUktFVVIzRlNQQT0iLCJpc3MiOiI6OjEiLCJuYmYiOjE1MTU3MzE0OTEsImV4cCI6MTUxNTczMzI5MSwiZGF0YSI6eyJ1c2VybmFtZSI6InJhaG1hdF9hZG1pbiIsInBhc3N3b3JkIjoiOTFkZjdhYTYyMDk5YzNiZjRhM2Y2ZDVkNTQ1NjM3ODk0ODllMDRiNSIsImlwIjoiOjoxIiwidXNlcl9hZ2VudCI6IlRpY2tldGluZy1XZWJBcHAifX0.bKQjzx9CnvWZ1hwTAvSNmff7OYaGTbnUKxHetJLrCFw
Connection: close
Request body:

========================================
2018-01-12 13:36:17 
::1 POST /synergix-takaful/public-api/v1/users/token HTTP/1.1
HTTP headers:
Host: localhost
Content-Length: 37
User-Agent: Ticketing-WebApp
Connection: close
Content-Type: application/x-www-form-urlencoded
Request body:
username=rahmat_admin&password=rahmat
========================================
2018-01-12 13:36:18 
::1 GET /synergix-takaful/public-api/v1/users/13 HTTP/1.1
HTTP headers:
Host: localhost
User-Agent: Ticketing-WebApp
Authorization: Bearer eyJ0eXAiOiJKV1QiLCJhbGciOiJIUzI1NiJ9.eyJpYXQiOjE1MTU3Mzg5NzcsImp0aSI6IlNjZmpTNUVaWGZqK0JBQzlGU0tTcW1xMDk0VmJQZ0c5M0VQcEJMcitoY0E9IiwiaXNzIjoiOjoxIiwibmJmIjoxNTE1NzM4OTc3LCJleHAiOjE1MTU3NDA3NzcsImRhdGEiOnsidXNlcm5hbWUiOiJyYWhtYXRfYWRtaW4iLCJwYXNzd29yZCI6IjkxZGY3YWE2MjA5OWMzYmY0YTNmNmQ1ZDU0NTYzNzg5NDg5ZTA0YjUiLCJpcCI6Ijo6MSIsInVzZXJfYWdlbnQiOiJUaWNrZXRpbmctV2ViQXBwIn19.g57rNPSjApHEL09N0bFUklTn238dLP3V0OBr88kkwnA
Connection: close
Request body:

========================================
2018-01-12 13:36:18 
::1 GET /synergix-takaful/public-api/v1/user_level_modules/active?code=TICKET&user_level_id=7 HTTP/1.1
HTTP headers:
Host: localhost
User-Agent: Ticketing-WebApp
Authorization: Bearer eyJ0eXAiOiJKV1QiLCJhbGciOiJIUzI1NiJ9.eyJpYXQiOjE1MTU3Mzg5NzcsImp0aSI6IlNjZmpTNUVaWGZqK0JBQzlGU0tTcW1xMDk0VmJQZ0c5M0VQcEJMcitoY0E9IiwiaXNzIjoiOjoxIiwibmJmIjoxNTE1NzM4OTc3LCJleHAiOjE1MTU3NDA3NzcsImRhdGEiOnsidXNlcm5hbWUiOiJyYWhtYXRfYWRtaW4iLCJwYXNzd29yZCI6IjkxZGY3YWE2MjA5OWMzYmY0YTNmNmQ1ZDU0NTYzNzg5NDg5ZTA0YjUiLCJpcCI6Ijo6MSIsInVzZXJfYWdlbnQiOiJUaWNrZXRpbmctV2ViQXBwIn19.g57rNPSjApHEL09N0bFUklTn238dLP3V0OBr88kkwnA
Connection: close
Request body:

========================================
2018-01-12 13:36:19 
::1 GET /synergix-takaful/public-api/v1/tickets?limit=20&start=1515690000&end=1515690000 HTTP/1.1
HTTP headers:
Host: localhost
User-Agent: Ticketing-WebApp
Authorization: Bearer eyJ0eXAiOiJKV1QiLCJhbGciOiJIUzI1NiJ9.eyJpYXQiOjE1MTU3Mzg5NzcsImp0aSI6IlNjZmpTNUVaWGZqK0JBQzlGU0tTcW1xMDk0VmJQZ0c5M0VQcEJMcitoY0E9IiwiaXNzIjoiOjoxIiwibmJmIjoxNTE1NzM4OTc3LCJleHAiOjE1MTU3NDA3NzcsImRhdGEiOnsidXNlcm5hbWUiOiJyYWhtYXRfYWRtaW4iLCJwYXNzd29yZCI6IjkxZGY3YWE2MjA5OWMzYmY0YTNmNmQ1ZDU0NTYzNzg5NDg5ZTA0YjUiLCJpcCI6Ijo6MSIsInVzZXJfYWdlbnQiOiJUaWNrZXRpbmctV2ViQXBwIn19.g57rNPSjApHEL09N0bFUklTn238dLP3V0OBr88kkwnA
Connection: close
Request body:

========================================
2018-01-12 13:41:58 
::1 POST /synergix-takaful/public-api/v1/users/token HTTP/1.1
HTTP headers:
Host: localhost
Content-Length: 37
User-Agent: Ticketing-WebApp
Connection: close
Content-Type: application/x-www-form-urlencoded
Request body:
username=rahmat_admin&password=rahmat
========================================
2018-01-12 13:41:59 
::1 GET /synergix-takaful/public-api/v1/users/13 HTTP/1.1
HTTP headers:
Host: localhost
User-Agent: Ticketing-WebApp
Authorization: Bearer eyJ0eXAiOiJKV1QiLCJhbGciOiJIUzI1NiJ9.eyJpYXQiOjE1MTU3MzkzMTgsImp0aSI6ImRKTGtCcm1OdzVUeEpwcERzMUJseDJLc1J5eXVrYXBPbUlwN0tVUlBzQjg9IiwiaXNzIjoiOjoxIiwibmJmIjoxNTE1NzM5MzE4LCJleHAiOjE1MTU3NDExMTgsImRhdGEiOnsidXNlcm5hbWUiOiJyYWhtYXRfYWRtaW4iLCJwYXNzd29yZCI6IjkxZGY3YWE2MjA5OWMzYmY0YTNmNmQ1ZDU0NTYzNzg5NDg5ZTA0YjUiLCJpcCI6Ijo6MSIsInVzZXJfYWdlbnQiOiJUaWNrZXRpbmctV2ViQXBwIn19.uDYCzUejRjJq9Zs55zrkiqY2odMddI-0Epd8_ejyZkA
Connection: close
Request body:

========================================
2018-01-12 13:41:59 
::1 GET /synergix-takaful/public-api/v1/user_level_modules/active?code=TICKET&user_level_id=7 HTTP/1.1
HTTP headers:
Host: localhost
User-Agent: Ticketing-WebApp
Authorization: Bearer eyJ0eXAiOiJKV1QiLCJhbGciOiJIUzI1NiJ9.eyJpYXQiOjE1MTU3MzkzMTgsImp0aSI6ImRKTGtCcm1OdzVUeEpwcERzMUJseDJLc1J5eXVrYXBPbUlwN0tVUlBzQjg9IiwiaXNzIjoiOjoxIiwibmJmIjoxNTE1NzM5MzE4LCJleHAiOjE1MTU3NDExMTgsImRhdGEiOnsidXNlcm5hbWUiOiJyYWhtYXRfYWRtaW4iLCJwYXNzd29yZCI6IjkxZGY3YWE2MjA5OWMzYmY0YTNmNmQ1ZDU0NTYzNzg5NDg5ZTA0YjUiLCJpcCI6Ijo6MSIsInVzZXJfYWdlbnQiOiJUaWNrZXRpbmctV2ViQXBwIn19.uDYCzUejRjJq9Zs55zrkiqY2odMddI-0Epd8_ejyZkA
Connection: close
Request body:

========================================
2018-01-12 13:42:00 
::1 GET /synergix-takaful/public-api/v1/tickets?limit=20&start=1515690000&end=1515690000 HTTP/1.1
HTTP headers:
Host: localhost
User-Agent: Ticketing-WebApp
Authorization: Bearer eyJ0eXAiOiJKV1QiLCJhbGciOiJIUzI1NiJ9.eyJpYXQiOjE1MTU3MzkzMTgsImp0aSI6ImRKTGtCcm1OdzVUeEpwcERzMUJseDJLc1J5eXVrYXBPbUlwN0tVUlBzQjg9IiwiaXNzIjoiOjoxIiwibmJmIjoxNTE1NzM5MzE4LCJleHAiOjE1MTU3NDExMTgsImRhdGEiOnsidXNlcm5hbWUiOiJyYWhtYXRfYWRtaW4iLCJwYXNzd29yZCI6IjkxZGY3YWE2MjA5OWMzYmY0YTNmNmQ1ZDU0NTYzNzg5NDg5ZTA0YjUiLCJpcCI6Ijo6MSIsInVzZXJfYWdlbnQiOiJUaWNrZXRpbmctV2ViQXBwIn19.uDYCzUejRjJq9Zs55zrkiqY2odMddI-0Epd8_ejyZkA
Connection: close
Request body:

========================================
2018-01-12 21:10:04 
172.22.3.9 GET /synergix-takaful/public-api/v1/ticket_statistics/subcategories?department_id=16 HTTP/1.1
HTTP headers:
Host: 192.168.0.196
Connection: keep-alive
Cache-Control: no-cache
User-Agent: Mozilla/5.0 (Windows NT 10.0; Win64; x64) AppleWebKit/537.36 (KHTML, like Gecko) Chrome/63.0.3239.132 Safari/537.36
Postman-Token: ab9c22e1-8d78-779a-02d1-cb12d2bd67f6
Accept: */*
Accept-Encoding: gzip, deflate
Accept-Language: en-US,en;q=0.9
Request body:

========================================
2018-01-12 21:10:08 
172.22.3.9 POST /synergix-takaful/public-api/v1/users/token HTTP/1.1
HTTP headers:
Host: 192.168.0.196
Connection: keep-alive
Content-Length: 31
User-Agent: Mozilla/5.0 (Windows NT 10.0; Win64; x64) AppleWebKit/537.36 (KHTML, like Gecko) Chrome/63.0.3239.132 Safari/537.36
Cache-Control: no-cache
Origin: chrome-extension://fhbjgbiflinjbdggehcddcbncdddomop
Postman-Token: 01694992-4e5c-129e-e5ce-06920208f4f2
Content-Type: application/x-www-form-urlencoded
Accept: */*
Accept-Encoding: gzip, deflate
Accept-Language: en-US,en;q=0.9
Request body:
username=adil&password=adil1234
========================================
2018-01-12 21:10:25 
172.22.3.9 GET /synergix-takaful/public-api/v1/ticket_statistics/subcategories?department_id=16 HTTP/1.1
HTTP headers:
Host: 192.168.0.196
Connection: keep-alive
User-Agent: Mozilla/5.0 (Windows NT 10.0; Win64; x64) AppleWebKit/537.36 (KHTML, like Gecko) Chrome/63.0.3239.132 Safari/537.36
Cache-Control: no-cache
Authorization: Bearer eyJ0eXAiOiJKV1QiLCJhbGciOiJIUzI1NiJ9.eyJpYXQiOjE1MTU3NjYyMDgsImp0aSI6IkZSSEVYaDU3YlM3aWMyMzRUYnZ5T1BleHNXS0N2Q3Nzc0ZFNTZNY1RrQzQ9IiwiaXNzIjoiMTcyLjIyLjMuOSIsIm5iZiI6MTUxNTc2NjIwOCwiZXhwIjoxNTE1NzY4MDA4LCJkYXRhIjp7InVzZXJuYW1lIjoiYWRpbCIsInBhc3N3b3JkIjoiMmRhODUzODE1ODk2MzIzNGI3YzRhYmVlYmMyNmU5MTJkMGYxMTFiYSIsImlwIjoiMTcyLjIyLjMuOSIsInVzZXJfYWdlbnQiOiJNb3ppbGxhXC81LjAgKFdpbmRvd3MgTlQgMTAuMDsgV2luNjQ7IHg2NCkgQXBwbGVXZWJLaXRcLzUzNy4zNiAoS0hUTUwsIGxpa2UgR2Vja28pIENocm9tZVwvNjMuMC4zMjM5LjEzMiBTYWZhcmlcLzUzNy4zNiJ9fQ.htdOT-Eo6fgmyXvWaAZOBMnM5kZyprgqC1yPvJGj8no
Postman-Token: b348c19f-d19a-2d06-ceea-f975d4285687
Accept: */*
Accept-Encoding: gzip, deflate
Accept-Language: en-US,en;q=0.9
Request body:

========================================
