2018-03-29 09:57:43 
::1 GET /synergix-takaful/public-api/v1/tickets?need_follow_up=1&ticket_status_id=4&limit=1 HTTP/1.1
HTTP headers:
Host: localhost
User-Agent: Ticketing-WebApp
Authorization: Bearer eyJ0eXAiOiJKV1QiLCJhbGciOiJIUzI1NiJ9.eyJpYXQiOjE1MjIyMTc5NzUsImp0aSI6IjErSlljUndOTytHaVREMVF4bVg1R3NaUEpGems2UWRzVXdXdEM2Ym9Pb2M9IiwiaXNzIjoiOjoxIiwibmJmIjoxNTIyMjE3OTc1LCJleHAiOjE1MjIyMTk3NzUsImRhdGEiOnsidXNlcm5hbWUiOiJic19hZG1pbiIsInBhc3N3b3JkIjoiMmU0ZjYzYzkwODYxYTcxMTU1ZDk3M2QzMDgyZDJkZDgwYmQwNTAyZiIsImlwIjoiOjoxIiwidXNlcl9hZ2VudCI6IlRpY2tldGluZy1XZWJBcHAifX0.JzeK72AcNqvn04ADW0pnMt4Qhwb6IO9nq3Gj2K4prSM
Connection: close
Request body:

========================================
2018-03-29 09:57:43 
::1 POST /synergix-takaful/public-api/v1/users/token HTTP/1.1
HTTP headers:
Host: localhost
Content-Length: 35
User-Agent: Ticketing-WebApp
Connection: close
Content-Type: application/x-www-form-urlencoded
Request body:
username=bs_admin&password=bs_admin
========================================
2018-03-29 09:57:45 
::1 GET /synergix-takaful/public-api/v1/tickets?need_follow_up=1&ticket_status_id=4&limit=1 HTTP/1.1
HTTP headers:
Host: localhost
User-Agent: Ticketing-WebApp
Authorization: Bearer eyJ0eXAiOiJKV1QiLCJhbGciOiJIUzI1NiJ9.eyJpYXQiOjE1MjIyOTIyNjQsImp0aSI6IjMzYWJlaDUxUTZFV0EzNHhWK1V1ZU1jSXBpbXhCQis4eVc0dGJndzlkZnc9IiwiaXNzIjoiOjoxIiwibmJmIjoxNTIyMjkyMjY0LCJleHAiOjE1MjIyOTQwNjQsImRhdGEiOnsidXNlcm5hbWUiOiJic19hZG1pbiIsInBhc3N3b3JkIjoiMmU0ZjYzYzkwODYxYTcxMTU1ZDk3M2QzMDgyZDJkZDgwYmQwNTAyZiIsImlwIjoiOjoxIiwidXNlcl9hZ2VudCI6IlRpY2tldGluZy1XZWJBcHAifX0.8DV-liU7gOOq-tybZthQzcfnUVvqU3D63ipd-SeEPuI
Connection: close
Request body:

========================================
2018-03-29 09:57:45 
::1 GET /synergix-takaful/public-api/v1/tickets?limit=20&start=1522256400&end=1522256400 HTTP/1.1
HTTP headers:
Host: localhost
User-Agent: Ticketing-WebApp
Authorization: Bearer eyJ0eXAiOiJKV1QiLCJhbGciOiJIUzI1NiJ9.eyJpYXQiOjE1MjIyOTIyNjQsImp0aSI6IjMzYWJlaDUxUTZFV0EzNHhWK1V1ZU1jSXBpbXhCQis4eVc0dGJndzlkZnc9IiwiaXNzIjoiOjoxIiwibmJmIjoxNTIyMjkyMjY0LCJleHAiOjE1MjIyOTQwNjQsImRhdGEiOnsidXNlcm5hbWUiOiJic19hZG1pbiIsInBhc3N3b3JkIjoiMmU0ZjYzYzkwODYxYTcxMTU1ZDk3M2QzMDgyZDJkZDgwYmQwNTAyZiIsImlwIjoiOjoxIiwidXNlcl9hZ2VudCI6IlRpY2tldGluZy1XZWJBcHAifX0.8DV-liU7gOOq-tybZthQzcfnUVvqU3D63ipd-SeEPuI
Connection: close
Request body:

========================================
2018-03-29 09:57:46 
::1 GET /synergix-takaful/public-api/v1/tickets?need_follow_up=1&ticket_status_id=4&limit=1 HTTP/1.1
HTTP headers:
Host: localhost
User-Agent: Ticketing-WebApp
Authorization: Bearer eyJ0eXAiOiJKV1QiLCJhbGciOiJIUzI1NiJ9.eyJpYXQiOjE1MjIyOTIyNjQsImp0aSI6IjMzYWJlaDUxUTZFV0EzNHhWK1V1ZU1jSXBpbXhCQis4eVc0dGJndzlkZnc9IiwiaXNzIjoiOjoxIiwibmJmIjoxNTIyMjkyMjY0LCJleHAiOjE1MjIyOTQwNjQsImRhdGEiOnsidXNlcm5hbWUiOiJic19hZG1pbiIsInBhc3N3b3JkIjoiMmU0ZjYzYzkwODYxYTcxMTU1ZDk3M2QzMDgyZDJkZDgwYmQwNTAyZiIsImlwIjoiOjoxIiwidXNlcl9hZ2VudCI6IlRpY2tldGluZy1XZWJBcHAifX0.8DV-liU7gOOq-tybZthQzcfnUVvqU3D63ipd-SeEPuI
Connection: close
Request body:

========================================
2018-03-29 09:57:46 
::1 GET /synergix-takaful/public-api/v1/tickets?limit=20&start=1522256400&end=1522256400 HTTP/1.1
HTTP headers:
Host: localhost
User-Agent: Ticketing-WebApp
Authorization: Bearer eyJ0eXAiOiJKV1QiLCJhbGciOiJIUzI1NiJ9.eyJpYXQiOjE1MjIyOTIyNjQsImp0aSI6IjMzYWJlaDUxUTZFV0EzNHhWK1V1ZU1jSXBpbXhCQis4eVc0dGJndzlkZnc9IiwiaXNzIjoiOjoxIiwibmJmIjoxNTIyMjkyMjY0LCJleHAiOjE1MjIyOTQwNjQsImRhdGEiOnsidXNlcm5hbWUiOiJic19hZG1pbiIsInBhc3N3b3JkIjoiMmU0ZjYzYzkwODYxYTcxMTU1ZDk3M2QzMDgyZDJkZDgwYmQwNTAyZiIsImlwIjoiOjoxIiwidXNlcl9hZ2VudCI6IlRpY2tldGluZy1XZWJBcHAifX0.8DV-liU7gOOq-tybZthQzcfnUVvqU3D63ipd-SeEPuI
Connection: close
Request body:

========================================
2018-03-29 19:06:26 
::1 POST /synergix-takaful/public-api/v1/users/token HTTP/1.1
HTTP headers:
Host: localhost
Content-Length: 31
User-Agent: Ticketing-WebApp
Connection: close
Content-Type: application/x-www-form-urlencoded
Request body:
username=rahmat&password=rahmat
========================================
2018-03-29 19:06:28 
::1 GET /synergix-takaful/public-api/v1/users/8 HTTP/1.1
HTTP headers:
Host: localhost
User-Agent: Ticketing-WebApp
Authorization: Bearer eyJ0eXAiOiJKV1QiLCJhbGciOiJIUzI1NiJ9.eyJpYXQiOjE1MjIzMjUxODcsImp0aSI6ImJkbThjWXdKUCtqdHZYNWY0Q1R0aFdQdFwvYklyR0wxNW1Dd2ZNSlBuSVBFPSIsImlzcyI6Ijo6MSIsIm5iZiI6MTUyMjMyNTE4NywiZXhwIjoxNTIyMzI2OTg3LCJkYXRhIjp7InVzZXJuYW1lIjoicmFobWF0IiwicGFzc3dvcmQiOiI5MWRmN2FhNjIwOTljM2JmNGEzZjZkNWQ1NDU2Mzc4OTQ4OWUwNGI1IiwiaXAiOiI6OjEiLCJ1c2VyX2FnZW50IjoiVGlja2V0aW5nLVdlYkFwcCJ9fQ.rB6dmPSNEFBfC8wLgR6b7GHhakF_UG4d7jigriWOSX8
Connection: close
Request body:

========================================
2018-03-29 19:06:28 
::1 GET /synergix-takaful/public-api/v1/user_level_modules/active?code=TICKET&user_level_id=1 HTTP/1.1
HTTP headers:
Host: localhost
User-Agent: Ticketing-WebApp
Authorization: Bearer eyJ0eXAiOiJKV1QiLCJhbGciOiJIUzI1NiJ9.eyJpYXQiOjE1MjIzMjUxODcsImp0aSI6ImJkbThjWXdKUCtqdHZYNWY0Q1R0aFdQdFwvYklyR0wxNW1Dd2ZNSlBuSVBFPSIsImlzcyI6Ijo6MSIsIm5iZiI6MTUyMjMyNTE4NywiZXhwIjoxNTIyMzI2OTg3LCJkYXRhIjp7InVzZXJuYW1lIjoicmFobWF0IiwicGFzc3dvcmQiOiI5MWRmN2FhNjIwOTljM2JmNGEzZjZkNWQ1NDU2Mzc4OTQ4OWUwNGI1IiwiaXAiOiI6OjEiLCJ1c2VyX2FnZW50IjoiVGlja2V0aW5nLVdlYkFwcCJ9fQ.rB6dmPSNEFBfC8wLgR6b7GHhakF_UG4d7jigriWOSX8
Connection: close
Request body:

========================================
2018-03-29 19:06:28 
::1 GET /synergix-takaful/public-api/v1/ticket_types?is_active=1 HTTP/1.1
HTTP headers:
Host: localhost
User-Agent: Ticketing-WebApp
Authorization: Bearer eyJ0eXAiOiJKV1QiLCJhbGciOiJIUzI1NiJ9.eyJpYXQiOjE1MjIzMjUxODcsImp0aSI6ImJkbThjWXdKUCtqdHZYNWY0Q1R0aFdQdFwvYklyR0wxNW1Dd2ZNSlBuSVBFPSIsImlzcyI6Ijo6MSIsIm5iZiI6MTUyMjMyNTE4NywiZXhwIjoxNTIyMzI2OTg3LCJkYXRhIjp7InVzZXJuYW1lIjoicmFobWF0IiwicGFzc3dvcmQiOiI5MWRmN2FhNjIwOTljM2JmNGEzZjZkNWQ1NDU2Mzc4OTQ4OWUwNGI1IiwiaXAiOiI6OjEiLCJ1c2VyX2FnZW50IjoiVGlja2V0aW5nLVdlYkFwcCJ9fQ.rB6dmPSNEFBfC8wLgR6b7GHhakF_UG4d7jigriWOSX8
Connection: close
Request body:

========================================
2018-03-29 19:06:28 
::1 GET /synergix-takaful/public-api/v1/departments?is_active=1&limit=100&order=name HTTP/1.1
HTTP headers:
Host: localhost
User-Agent: Ticketing-WebApp
Authorization: Bearer eyJ0eXAiOiJKV1QiLCJhbGciOiJIUzI1NiJ9.eyJpYXQiOjE1MjIzMjUxODcsImp0aSI6ImJkbThjWXdKUCtqdHZYNWY0Q1R0aFdQdFwvYklyR0wxNW1Dd2ZNSlBuSVBFPSIsImlzcyI6Ijo6MSIsIm5iZiI6MTUyMjMyNTE4NywiZXhwIjoxNTIyMzI2OTg3LCJkYXRhIjp7InVzZXJuYW1lIjoicmFobWF0IiwicGFzc3dvcmQiOiI5MWRmN2FhNjIwOTljM2JmNGEzZjZkNWQ1NDU2Mzc4OTQ4OWUwNGI1IiwiaXAiOiI6OjEiLCJ1c2VyX2FnZW50IjoiVGlja2V0aW5nLVdlYkFwcCJ9fQ.rB6dmPSNEFBfC8wLgR6b7GHhakF_UG4d7jigriWOSX8
Connection: close
Request body:

========================================
2018-03-29 19:06:28 
::1 GET /synergix-takaful/public-api/v1/ticket_priorities?is_active=1&order=name HTTP/1.1
HTTP headers:
Host: localhost
User-Agent: Ticketing-WebApp
Authorization: Bearer eyJ0eXAiOiJKV1QiLCJhbGciOiJIUzI1NiJ9.eyJpYXQiOjE1MjIzMjUxODcsImp0aSI6ImJkbThjWXdKUCtqdHZYNWY0Q1R0aFdQdFwvYklyR0wxNW1Dd2ZNSlBuSVBFPSIsImlzcyI6Ijo6MSIsIm5iZiI6MTUyMjMyNTE4NywiZXhwIjoxNTIyMzI2OTg3LCJkYXRhIjp7InVzZXJuYW1lIjoicmFobWF0IiwicGFzc3dvcmQiOiI5MWRmN2FhNjIwOTljM2JmNGEzZjZkNWQ1NDU2Mzc4OTQ4OWUwNGI1IiwiaXAiOiI6OjEiLCJ1c2VyX2FnZW50IjoiVGlja2V0aW5nLVdlYkFwcCJ9fQ.rB6dmPSNEFBfC8wLgR6b7GHhakF_UG4d7jigriWOSX8
Connection: close
Request body:

========================================
2018-03-29 19:06:28 
::1 GET /synergix-takaful/public-api/v1/ticket_statuses/active?order=name HTTP/1.1
HTTP headers:
Host: localhost
User-Agent: Ticketing-WebApp
Authorization: Bearer eyJ0eXAiOiJKV1QiLCJhbGciOiJIUzI1NiJ9.eyJpYXQiOjE1MjIzMjUxODcsImp0aSI6ImJkbThjWXdKUCtqdHZYNWY0Q1R0aFdQdFwvYklyR0wxNW1Dd2ZNSlBuSVBFPSIsImlzcyI6Ijo6MSIsIm5iZiI6MTUyMjMyNTE4NywiZXhwIjoxNTIyMzI2OTg3LCJkYXRhIjp7InVzZXJuYW1lIjoicmFobWF0IiwicGFzc3dvcmQiOiI5MWRmN2FhNjIwOTljM2JmNGEzZjZkNWQ1NDU2Mzc4OTQ4OWUwNGI1IiwiaXAiOiI6OjEiLCJ1c2VyX2FnZW50IjoiVGlja2V0aW5nLVdlYkFwcCJ9fQ.rB6dmPSNEFBfC8wLgR6b7GHhakF_UG4d7jigriWOSX8
Connection: close
Request body:

========================================
2018-03-29 19:06:29 
::1 GET /synergix-takaful/public-api/v1/product_types/active?limit=50 HTTP/1.1
HTTP headers:
Host: localhost
User-Agent: Ticketing-WebApp
Authorization: Bearer eyJ0eXAiOiJKV1QiLCJhbGciOiJIUzI1NiJ9.eyJpYXQiOjE1MjIzMjUxODcsImp0aSI6ImJkbThjWXdKUCtqdHZYNWY0Q1R0aFdQdFwvYklyR0wxNW1Dd2ZNSlBuSVBFPSIsImlzcyI6Ijo6MSIsIm5iZiI6MTUyMjMyNTE4NywiZXhwIjoxNTIyMzI2OTg3LCJkYXRhIjp7InVzZXJuYW1lIjoicmFobWF0IiwicGFzc3dvcmQiOiI5MWRmN2FhNjIwOTljM2JmNGEzZjZkNWQ1NDU2Mzc4OTQ4OWUwNGI1IiwiaXAiOiI6OjEiLCJ1c2VyX2FnZW50IjoiVGlja2V0aW5nLVdlYkFwcCJ9fQ.rB6dmPSNEFBfC8wLgR6b7GHhakF_UG4d7jigriWOSX8
Connection: close
Request body:

========================================
2018-03-29 19:06:29 
::1 GET /synergix-takaful/public-api/v1/tickets?need_follow_up=1&ticket_status_id=4&limit=1 HTTP/1.1
HTTP headers:
Host: localhost
User-Agent: Ticketing-WebApp
Authorization: Bearer eyJ0eXAiOiJKV1QiLCJhbGciOiJIUzI1NiJ9.eyJpYXQiOjE1MjIzMjUxODcsImp0aSI6ImJkbThjWXdKUCtqdHZYNWY0Q1R0aFdQdFwvYklyR0wxNW1Dd2ZNSlBuSVBFPSIsImlzcyI6Ijo6MSIsIm5iZiI6MTUyMjMyNTE4NywiZXhwIjoxNTIyMzI2OTg3LCJkYXRhIjp7InVzZXJuYW1lIjoicmFobWF0IiwicGFzc3dvcmQiOiI5MWRmN2FhNjIwOTljM2JmNGEzZjZkNWQ1NDU2Mzc4OTQ4OWUwNGI1IiwiaXAiOiI6OjEiLCJ1c2VyX2FnZW50IjoiVGlja2V0aW5nLVdlYkFwcCJ9fQ.rB6dmPSNEFBfC8wLgR6b7GHhakF_UG4d7jigriWOSX8
Connection: close
Request body:

========================================
2018-03-29 19:06:29 
::1 GET /synergix-takaful/public-api/v1/tickets?limit=20&start=1522256400&end=1522256400 HTTP/1.1
HTTP headers:
Host: localhost
User-Agent: Ticketing-WebApp
Authorization: Bearer eyJ0eXAiOiJKV1QiLCJhbGciOiJIUzI1NiJ9.eyJpYXQiOjE1MjIzMjUxODcsImp0aSI6ImJkbThjWXdKUCtqdHZYNWY0Q1R0aFdQdFwvYklyR0wxNW1Dd2ZNSlBuSVBFPSIsImlzcyI6Ijo6MSIsIm5iZiI6MTUyMjMyNTE4NywiZXhwIjoxNTIyMzI2OTg3LCJkYXRhIjp7InVzZXJuYW1lIjoicmFobWF0IiwicGFzc3dvcmQiOiI5MWRmN2FhNjIwOTljM2JmNGEzZjZkNWQ1NDU2Mzc4OTQ4OWUwNGI1IiwiaXAiOiI6OjEiLCJ1c2VyX2FnZW50IjoiVGlja2V0aW5nLVdlYkFwcCJ9fQ.rB6dmPSNEFBfC8wLgR6b7GHhakF_UG4d7jigriWOSX8
Connection: close
Request body:

========================================
2018-03-29 19:38:38 
::1 POST /synergix-takaful/public-api/v1/users/token HTTP/1.1
HTTP headers:
Host: localhost
Content-Length: 31
User-Agent: Ticketing-WebApp
Connection: close
Content-Type: application/x-www-form-urlencoded
Request body:
username=rahmat&password=rahmat
========================================
2018-03-29 19:38:39 
::1 GET /synergix-takaful/public-api/v1/users/8 HTTP/1.1
HTTP headers:
Host: localhost
User-Agent: Ticketing-WebApp
Authorization: Bearer eyJ0eXAiOiJKV1QiLCJhbGciOiJIUzI1NiJ9.eyJpYXQiOjE1MjIzMjcxMTgsImp0aSI6InFWazV5ZzhRVHRHaE80Wm43Wm1vcWtFcGVVY0VIXC9od2ViR2pDSDA4TGNBPSIsImlzcyI6Ijo6MSIsIm5iZiI6MTUyMjMyNzExOCwiZXhwIjoxNTIyMzI4OTE4LCJkYXRhIjp7InVzZXJuYW1lIjoicmFobWF0IiwicGFzc3dvcmQiOiI5MWRmN2FhNjIwOTljM2JmNGEzZjZkNWQ1NDU2Mzc4OTQ4OWUwNGI1IiwiaXAiOiI6OjEiLCJ1c2VyX2FnZW50IjoiVGlja2V0aW5nLVdlYkFwcCJ9fQ.GT2UpBgO3fqQvUj1ilNDahf1D_Y74_mOtc8e1qw0OOg
Connection: close
Request body:

========================================
2018-03-29 19:38:39 
::1 GET /synergix-takaful/public-api/v1/user_level_modules/active?code=TICKET&user_level_id=1 HTTP/1.1
HTTP headers:
Host: localhost
User-Agent: Ticketing-WebApp
Authorization: Bearer eyJ0eXAiOiJKV1QiLCJhbGciOiJIUzI1NiJ9.eyJpYXQiOjE1MjIzMjcxMTgsImp0aSI6InFWazV5ZzhRVHRHaE80Wm43Wm1vcWtFcGVVY0VIXC9od2ViR2pDSDA4TGNBPSIsImlzcyI6Ijo6MSIsIm5iZiI6MTUyMjMyNzExOCwiZXhwIjoxNTIyMzI4OTE4LCJkYXRhIjp7InVzZXJuYW1lIjoicmFobWF0IiwicGFzc3dvcmQiOiI5MWRmN2FhNjIwOTljM2JmNGEzZjZkNWQ1NDU2Mzc4OTQ4OWUwNGI1IiwiaXAiOiI6OjEiLCJ1c2VyX2FnZW50IjoiVGlja2V0aW5nLVdlYkFwcCJ9fQ.GT2UpBgO3fqQvUj1ilNDahf1D_Y74_mOtc8e1qw0OOg
Connection: close
Request body:

========================================
2018-03-29 19:38:40 
::1 GET /synergix-takaful/public-api/v1/tickets?need_follow_up=1&ticket_status_id=4&limit=1 HTTP/1.1
HTTP headers:
Host: localhost
User-Agent: Ticketing-WebApp
Authorization: Bearer eyJ0eXAiOiJKV1QiLCJhbGciOiJIUzI1NiJ9.eyJpYXQiOjE1MjIzMjcxMTgsImp0aSI6InFWazV5ZzhRVHRHaE80Wm43Wm1vcWtFcGVVY0VIXC9od2ViR2pDSDA4TGNBPSIsImlzcyI6Ijo6MSIsIm5iZiI6MTUyMjMyNzExOCwiZXhwIjoxNTIyMzI4OTE4LCJkYXRhIjp7InVzZXJuYW1lIjoicmFobWF0IiwicGFzc3dvcmQiOiI5MWRmN2FhNjIwOTljM2JmNGEzZjZkNWQ1NDU2Mzc4OTQ4OWUwNGI1IiwiaXAiOiI6OjEiLCJ1c2VyX2FnZW50IjoiVGlja2V0aW5nLVdlYkFwcCJ9fQ.GT2UpBgO3fqQvUj1ilNDahf1D_Y74_mOtc8e1qw0OOg
Connection: close
Request body:

========================================
2018-03-29 19:38:40 
::1 GET /synergix-takaful/public-api/v1/tickets?limit=20&start=1522256400&end=1522256400 HTTP/1.1
HTTP headers:
Host: localhost
User-Agent: Ticketing-WebApp
Authorization: Bearer eyJ0eXAiOiJKV1QiLCJhbGciOiJIUzI1NiJ9.eyJpYXQiOjE1MjIzMjcxMTgsImp0aSI6InFWazV5ZzhRVHRHaE80Wm43Wm1vcWtFcGVVY0VIXC9od2ViR2pDSDA4TGNBPSIsImlzcyI6Ijo6MSIsIm5iZiI6MTUyMjMyNzExOCwiZXhwIjoxNTIyMzI4OTE4LCJkYXRhIjp7InVzZXJuYW1lIjoicmFobWF0IiwicGFzc3dvcmQiOiI5MWRmN2FhNjIwOTljM2JmNGEzZjZkNWQ1NDU2Mzc4OTQ4OWUwNGI1IiwiaXAiOiI6OjEiLCJ1c2VyX2FnZW50IjoiVGlja2V0aW5nLVdlYkFwcCJ9fQ.GT2UpBgO3fqQvUj1ilNDahf1D_Y74_mOtc8e1qw0OOg
Connection: close
Request body:

========================================
