2018-08-12 19:10:31 
::1 POST /tourism/public-api/v1/users/token HTTP/1.1
HTTP headers:
Host: localhost
Content-Length: 25
User-Agent: Ticketing-WebApp
Connection: close
Content-Type: application/x-www-form-urlencoded
Request body:
username=ade&password=ade
========================================
2018-08-12 19:10:32 
::1 GET /tourism/public-api/v1/users/1 HTTP/1.1
HTTP headers:
Host: localhost
User-Agent: Ticketing-WebApp
Authorization: Bearer eyJ0eXAiOiJKV1QiLCJhbGciOiJIUzI1NiJ9.eyJpYXQiOjE1MzQwNzU4MzEsImp0aSI6ImdMd0hvdXBpc2x0aDhhREx4NmxwYU9ET3pnWWFleFY2dU1sYVZHVnNobVE9IiwiaXNzIjoiOjoxIiwibmJmIjoxNTM0MDc1ODMxLCJleHAiOjE1MzQwNzc2MzEsImRhdGEiOnsidXNlcm5hbWUiOiJhZGUiLCJwYXNzd29yZCI6ImI3MDE2NmQyMzU5ZTU1ZmYzNDg0ZjVkNzAyMGM3MGQ4NmQ4OTA3OTYiLCJpcCI6Ijo6MSIsInVzZXJfYWdlbnQiOiJUaWNrZXRpbmctV2ViQXBwIn19.6qp7p9WMzj9hmfqod7RtMDrtWm6LiobTNkegF3LhbYY
Connection: close
Request body:

========================================
2018-08-12 19:11:53 
::1 GET /tourism/public-api/v1/countries/1/continent?limit=1 HTTP/1.1
HTTP headers:
Host: localhost
User-Agent: Ticketing-WebApp
Authorization: Bearer eyJ0eXAiOiJKV1QiLCJhbGciOiJIUzI1NiJ9.eyJpYXQiOjE1MzQwNzU4MzEsImp0aSI6ImdMd0hvdXBpc2x0aDhhREx4NmxwYU9ET3pnWWFleFY2dU1sYVZHVnNobVE9IiwiaXNzIjoiOjoxIiwibmJmIjoxNTM0MDc1ODMxLCJleHAiOjE1MzQwNzc2MzEsImRhdGEiOnsidXNlcm5hbWUiOiJhZGUiLCJwYXNzd29yZCI6ImI3MDE2NmQyMzU5ZTU1ZmYzNDg0ZjVkNzAyMGM3MGQ4NmQ4OTA3OTYiLCJpcCI6Ijo6MSIsInVzZXJfYWdlbnQiOiJUaWNrZXRpbmctV2ViQXBwIn19.6qp7p9WMzj9hmfqod7RtMDrtWm6LiobTNkegF3LhbYY
Connection: close
Request body:

========================================
2018-08-12 19:11:53 
::1 GET /tourism/public-api/v1/countries/1/continent?limit=0 HTTP/1.1
HTTP headers:
Host: localhost
User-Agent: Ticketing-WebApp
Authorization: Bearer eyJ0eXAiOiJKV1QiLCJhbGciOiJIUzI1NiJ9.eyJpYXQiOjE1MzQwNzU4MzEsImp0aSI6ImdMd0hvdXBpc2x0aDhhREx4NmxwYU9ET3pnWWFleFY2dU1sYVZHVnNobVE9IiwiaXNzIjoiOjoxIiwibmJmIjoxNTM0MDc1ODMxLCJleHAiOjE1MzQwNzc2MzEsImRhdGEiOnsidXNlcm5hbWUiOiJhZGUiLCJwYXNzd29yZCI6ImI3MDE2NmQyMzU5ZTU1ZmYzNDg0ZjVkNzAyMGM3MGQ4NmQ4OTA3OTYiLCJpcCI6Ijo6MSIsInVzZXJfYWdlbnQiOiJUaWNrZXRpbmctV2ViQXBwIn19.6qp7p9WMzj9hmfqod7RtMDrtWm6LiobTNkegF3LhbYY
Connection: close
Request body:

========================================
2018-08-12 19:11:58 
::1 GET /tourism/public-api/v1/countries/2/continent?limit=1 HTTP/1.1
HTTP headers:
Host: localhost
User-Agent: Ticketing-WebApp
Authorization: Bearer eyJ0eXAiOiJKV1QiLCJhbGciOiJIUzI1NiJ9.eyJpYXQiOjE1MzQwNzU4MzEsImp0aSI6ImdMd0hvdXBpc2x0aDhhREx4NmxwYU9ET3pnWWFleFY2dU1sYVZHVnNobVE9IiwiaXNzIjoiOjoxIiwibmJmIjoxNTM0MDc1ODMxLCJleHAiOjE1MzQwNzc2MzEsImRhdGEiOnsidXNlcm5hbWUiOiJhZGUiLCJwYXNzd29yZCI6ImI3MDE2NmQyMzU5ZTU1ZmYzNDg0ZjVkNzAyMGM3MGQ4NmQ4OTA3OTYiLCJpcCI6Ijo6MSIsInVzZXJfYWdlbnQiOiJUaWNrZXRpbmctV2ViQXBwIn19.6qp7p9WMzj9hmfqod7RtMDrtWm6LiobTNkegF3LhbYY
Connection: close
Request body:

========================================
2018-08-12 19:11:58 
::1 GET /tourism/public-api/v1/countries/2/continent?limit=0 HTTP/1.1
HTTP headers:
Host: localhost
User-Agent: Ticketing-WebApp
Authorization: Bearer eyJ0eXAiOiJKV1QiLCJhbGciOiJIUzI1NiJ9.eyJpYXQiOjE1MzQwNzU4MzEsImp0aSI6ImdMd0hvdXBpc2x0aDhhREx4NmxwYU9ET3pnWWFleFY2dU1sYVZHVnNobVE9IiwiaXNzIjoiOjoxIiwibmJmIjoxNTM0MDc1ODMxLCJleHAiOjE1MzQwNzc2MzEsImRhdGEiOnsidXNlcm5hbWUiOiJhZGUiLCJwYXNzd29yZCI6ImI3MDE2NmQyMzU5ZTU1ZmYzNDg0ZjVkNzAyMGM3MGQ4NmQ4OTA3OTYiLCJpcCI6Ijo6MSIsInVzZXJfYWdlbnQiOiJUaWNrZXRpbmctV2ViQXBwIn19.6qp7p9WMzj9hmfqod7RtMDrtWm6LiobTNkegF3LhbYY
Connection: close
Request body:

========================================
2018-08-12 19:13:05 
::1 GET /tourism/public-api/v1/countries/7/continent?limit=1 HTTP/1.1
HTTP headers:
Host: localhost
User-Agent: Ticketing-WebApp
Authorization: Bearer eyJ0eXAiOiJKV1QiLCJhbGciOiJIUzI1NiJ9.eyJpYXQiOjE1MzQwNzU4MzEsImp0aSI6ImdMd0hvdXBpc2x0aDhhREx4NmxwYU9ET3pnWWFleFY2dU1sYVZHVnNobVE9IiwiaXNzIjoiOjoxIiwibmJmIjoxNTM0MDc1ODMxLCJleHAiOjE1MzQwNzc2MzEsImRhdGEiOnsidXNlcm5hbWUiOiJhZGUiLCJwYXNzd29yZCI6ImI3MDE2NmQyMzU5ZTU1ZmYzNDg0ZjVkNzAyMGM3MGQ4NmQ4OTA3OTYiLCJpcCI6Ijo6MSIsInVzZXJfYWdlbnQiOiJUaWNrZXRpbmctV2ViQXBwIn19.6qp7p9WMzj9hmfqod7RtMDrtWm6LiobTNkegF3LhbYY
Connection: close
Request body:

========================================
2018-08-12 19:13:05 
::1 GET /tourism/public-api/v1/countries/7/continent?limit=0 HTTP/1.1
HTTP headers:
Host: localhost
User-Agent: Ticketing-WebApp
Authorization: Bearer eyJ0eXAiOiJKV1QiLCJhbGciOiJIUzI1NiJ9.eyJpYXQiOjE1MzQwNzU4MzEsImp0aSI6ImdMd0hvdXBpc2x0aDhhREx4NmxwYU9ET3pnWWFleFY2dU1sYVZHVnNobVE9IiwiaXNzIjoiOjoxIiwibmJmIjoxNTM0MDc1ODMxLCJleHAiOjE1MzQwNzc2MzEsImRhdGEiOnsidXNlcm5hbWUiOiJhZGUiLCJwYXNzd29yZCI6ImI3MDE2NmQyMzU5ZTU1ZmYzNDg0ZjVkNzAyMGM3MGQ4NmQ4OTA3OTYiLCJpcCI6Ijo6MSIsInVzZXJfYWdlbnQiOiJUaWNrZXRpbmctV2ViQXBwIn19.6qp7p9WMzj9hmfqod7RtMDrtWm6LiobTNkegF3LhbYY
Connection: close
Request body:

========================================
2018-08-12 19:15:27 
::1 GET /tourism/public-api/v1/countries/5/continent?limit=1 HTTP/1.1
HTTP headers:
Host: localhost
User-Agent: Ticketing-WebApp
Authorization: Bearer eyJ0eXAiOiJKV1QiLCJhbGciOiJIUzI1NiJ9.eyJpYXQiOjE1MzQwNzU4MzEsImp0aSI6ImdMd0hvdXBpc2x0aDhhREx4NmxwYU9ET3pnWWFleFY2dU1sYVZHVnNobVE9IiwiaXNzIjoiOjoxIiwibmJmIjoxNTM0MDc1ODMxLCJleHAiOjE1MzQwNzc2MzEsImRhdGEiOnsidXNlcm5hbWUiOiJhZGUiLCJwYXNzd29yZCI6ImI3MDE2NmQyMzU5ZTU1ZmYzNDg0ZjVkNzAyMGM3MGQ4NmQ4OTA3OTYiLCJpcCI6Ijo6MSIsInVzZXJfYWdlbnQiOiJUaWNrZXRpbmctV2ViQXBwIn19.6qp7p9WMzj9hmfqod7RtMDrtWm6LiobTNkegF3LhbYY
Connection: close
Request body:

========================================
2018-08-12 19:15:27 
::1 GET /tourism/public-api/v1/countries/5/continent?limit=1 HTTP/1.1
HTTP headers:
Host: localhost
User-Agent: Ticketing-WebApp
Authorization: Bearer eyJ0eXAiOiJKV1QiLCJhbGciOiJIUzI1NiJ9.eyJpYXQiOjE1MzQwNzU4MzEsImp0aSI6ImdMd0hvdXBpc2x0aDhhREx4NmxwYU9ET3pnWWFleFY2dU1sYVZHVnNobVE9IiwiaXNzIjoiOjoxIiwibmJmIjoxNTM0MDc1ODMxLCJleHAiOjE1MzQwNzc2MzEsImRhdGEiOnsidXNlcm5hbWUiOiJhZGUiLCJwYXNzd29yZCI6ImI3MDE2NmQyMzU5ZTU1ZmYzNDg0ZjVkNzAyMGM3MGQ4NmQ4OTA3OTYiLCJpcCI6Ijo6MSIsInVzZXJfYWdlbnQiOiJUaWNrZXRpbmctV2ViQXBwIn19.6qp7p9WMzj9hmfqod7RtMDrtWm6LiobTNkegF3LhbYY
Connection: close
Request body:

========================================
2018-08-12 19:16:39 
::1 GET /tourism/public-api/v1/countries/1/continent?limit=1 HTTP/1.1
HTTP headers:
Host: localhost
User-Agent: Ticketing-WebApp
Authorization: Bearer eyJ0eXAiOiJKV1QiLCJhbGciOiJIUzI1NiJ9.eyJpYXQiOjE1MzQwNzU4MzEsImp0aSI6ImdMd0hvdXBpc2x0aDhhREx4NmxwYU9ET3pnWWFleFY2dU1sYVZHVnNobVE9IiwiaXNzIjoiOjoxIiwibmJmIjoxNTM0MDc1ODMxLCJleHAiOjE1MzQwNzc2MzEsImRhdGEiOnsidXNlcm5hbWUiOiJhZGUiLCJwYXNzd29yZCI6ImI3MDE2NmQyMzU5ZTU1ZmYzNDg0ZjVkNzAyMGM3MGQ4NmQ4OTA3OTYiLCJpcCI6Ijo6MSIsInVzZXJfYWdlbnQiOiJUaWNrZXRpbmctV2ViQXBwIn19.6qp7p9WMzj9hmfqod7RtMDrtWm6LiobTNkegF3LhbYY
Connection: close
Request body:

========================================
2018-08-12 19:16:39 
::1 GET /tourism/public-api/v1/countries/1/continent?limit=0 HTTP/1.1
HTTP headers:
Host: localhost
User-Agent: Ticketing-WebApp
Authorization: Bearer eyJ0eXAiOiJKV1QiLCJhbGciOiJIUzI1NiJ9.eyJpYXQiOjE1MzQwNzU4MzEsImp0aSI6ImdMd0hvdXBpc2x0aDhhREx4NmxwYU9ET3pnWWFleFY2dU1sYVZHVnNobVE9IiwiaXNzIjoiOjoxIiwibmJmIjoxNTM0MDc1ODMxLCJleHAiOjE1MzQwNzc2MzEsImRhdGEiOnsidXNlcm5hbWUiOiJhZGUiLCJwYXNzd29yZCI6ImI3MDE2NmQyMzU5ZTU1ZmYzNDg0ZjVkNzAyMGM3MGQ4NmQ4OTA3OTYiLCJpcCI6Ijo6MSIsInVzZXJfYWdlbnQiOiJUaWNrZXRpbmctV2ViQXBwIn19.6qp7p9WMzj9hmfqod7RtMDrtWm6LiobTNkegF3LhbYY
Connection: close
Request body:

========================================
2018-08-12 19:17:12 
::1 GET /tourism/public-api/v1/countries/1/continent?limit=1 HTTP/1.1
HTTP headers:
Host: localhost
User-Agent: Ticketing-WebApp
Authorization: Bearer eyJ0eXAiOiJKV1QiLCJhbGciOiJIUzI1NiJ9.eyJpYXQiOjE1MzQwNzU4MzEsImp0aSI6ImdMd0hvdXBpc2x0aDhhREx4NmxwYU9ET3pnWWFleFY2dU1sYVZHVnNobVE9IiwiaXNzIjoiOjoxIiwibmJmIjoxNTM0MDc1ODMxLCJleHAiOjE1MzQwNzc2MzEsImRhdGEiOnsidXNlcm5hbWUiOiJhZGUiLCJwYXNzd29yZCI6ImI3MDE2NmQyMzU5ZTU1ZmYzNDg0ZjVkNzAyMGM3MGQ4NmQ4OTA3OTYiLCJpcCI6Ijo6MSIsInVzZXJfYWdlbnQiOiJUaWNrZXRpbmctV2ViQXBwIn19.6qp7p9WMzj9hmfqod7RtMDrtWm6LiobTNkegF3LhbYY
Connection: close
Request body:

========================================
2018-08-12 19:17:12 
::1 GET /tourism/public-api/v1/countries/1/continent?limit=0 HTTP/1.1
HTTP headers:
Host: localhost
User-Agent: Ticketing-WebApp
Authorization: Bearer eyJ0eXAiOiJKV1QiLCJhbGciOiJIUzI1NiJ9.eyJpYXQiOjE1MzQwNzU4MzEsImp0aSI6ImdMd0hvdXBpc2x0aDhhREx4NmxwYU9ET3pnWWFleFY2dU1sYVZHVnNobVE9IiwiaXNzIjoiOjoxIiwibmJmIjoxNTM0MDc1ODMxLCJleHAiOjE1MzQwNzc2MzEsImRhdGEiOnsidXNlcm5hbWUiOiJhZGUiLCJwYXNzd29yZCI6ImI3MDE2NmQyMzU5ZTU1ZmYzNDg0ZjVkNzAyMGM3MGQ4NmQ4OTA3OTYiLCJpcCI6Ijo6MSIsInVzZXJfYWdlbnQiOiJUaWNrZXRpbmctV2ViQXBwIn19.6qp7p9WMzj9hmfqod7RtMDrtWm6LiobTNkegF3LhbYY
Connection: close
Request body:

========================================
2018-08-12 19:17:52 
::1 GET /tourism/public-api/v1/countries/2/continent?limit=1 HTTP/1.1
HTTP headers:
Host: localhost
User-Agent: Ticketing-WebApp
Authorization: Bearer eyJ0eXAiOiJKV1QiLCJhbGciOiJIUzI1NiJ9.eyJpYXQiOjE1MzQwNzU4MzEsImp0aSI6ImdMd0hvdXBpc2x0aDhhREx4NmxwYU9ET3pnWWFleFY2dU1sYVZHVnNobVE9IiwiaXNzIjoiOjoxIiwibmJmIjoxNTM0MDc1ODMxLCJleHAiOjE1MzQwNzc2MzEsImRhdGEiOnsidXNlcm5hbWUiOiJhZGUiLCJwYXNzd29yZCI6ImI3MDE2NmQyMzU5ZTU1ZmYzNDg0ZjVkNzAyMGM3MGQ4NmQ4OTA3OTYiLCJpcCI6Ijo6MSIsInVzZXJfYWdlbnQiOiJUaWNrZXRpbmctV2ViQXBwIn19.6qp7p9WMzj9hmfqod7RtMDrtWm6LiobTNkegF3LhbYY
Connection: close
Request body:

========================================
2018-08-12 19:17:52 
::1 GET /tourism/public-api/v1/countries/2/continent?limit=0 HTTP/1.1
HTTP headers:
Host: localhost
User-Agent: Ticketing-WebApp
Authorization: Bearer eyJ0eXAiOiJKV1QiLCJhbGciOiJIUzI1NiJ9.eyJpYXQiOjE1MzQwNzU4MzEsImp0aSI6ImdMd0hvdXBpc2x0aDhhREx4NmxwYU9ET3pnWWFleFY2dU1sYVZHVnNobVE9IiwiaXNzIjoiOjoxIiwibmJmIjoxNTM0MDc1ODMxLCJleHAiOjE1MzQwNzc2MzEsImRhdGEiOnsidXNlcm5hbWUiOiJhZGUiLCJwYXNzd29yZCI6ImI3MDE2NmQyMzU5ZTU1ZmYzNDg0ZjVkNzAyMGM3MGQ4NmQ4OTA3OTYiLCJpcCI6Ijo6MSIsInVzZXJfYWdlbnQiOiJUaWNrZXRpbmctV2ViQXBwIn19.6qp7p9WMzj9hmfqod7RtMDrtWm6LiobTNkegF3LhbYY
Connection: close
Request body:

========================================
2018-08-12 19:19:05 
::1 GET /tourism/public-api/v1/countries/2/continent?limit=1 HTTP/1.1
HTTP headers:
Host: localhost
User-Agent: Ticketing-WebApp
Authorization: Bearer eyJ0eXAiOiJKV1QiLCJhbGciOiJIUzI1NiJ9.eyJpYXQiOjE1MzQwNzU4MzEsImp0aSI6ImdMd0hvdXBpc2x0aDhhREx4NmxwYU9ET3pnWWFleFY2dU1sYVZHVnNobVE9IiwiaXNzIjoiOjoxIiwibmJmIjoxNTM0MDc1ODMxLCJleHAiOjE1MzQwNzc2MzEsImRhdGEiOnsidXNlcm5hbWUiOiJhZGUiLCJwYXNzd29yZCI6ImI3MDE2NmQyMzU5ZTU1ZmYzNDg0ZjVkNzAyMGM3MGQ4NmQ4OTA3OTYiLCJpcCI6Ijo6MSIsInVzZXJfYWdlbnQiOiJUaWNrZXRpbmctV2ViQXBwIn19.6qp7p9WMzj9hmfqod7RtMDrtWm6LiobTNkegF3LhbYY
Connection: close
Request body:

========================================
2018-08-12 19:19:05 
::1 GET /tourism/public-api/v1/countries/2/continent?limit=0 HTTP/1.1
HTTP headers:
Host: localhost
User-Agent: Ticketing-WebApp
Authorization: Bearer eyJ0eXAiOiJKV1QiLCJhbGciOiJIUzI1NiJ9.eyJpYXQiOjE1MzQwNzU4MzEsImp0aSI6ImdMd0hvdXBpc2x0aDhhREx4NmxwYU9ET3pnWWFleFY2dU1sYVZHVnNobVE9IiwiaXNzIjoiOjoxIiwibmJmIjoxNTM0MDc1ODMxLCJleHAiOjE1MzQwNzc2MzEsImRhdGEiOnsidXNlcm5hbWUiOiJhZGUiLCJwYXNzd29yZCI6ImI3MDE2NmQyMzU5ZTU1ZmYzNDg0ZjVkNzAyMGM3MGQ4NmQ4OTA3OTYiLCJpcCI6Ijo6MSIsInVzZXJfYWdlbnQiOiJUaWNrZXRpbmctV2ViQXBwIn19.6qp7p9WMzj9hmfqod7RtMDrtWm6LiobTNkegF3LhbYY
Connection: close
Request body:

========================================
2018-08-12 19:21:38 
::1 GET /tourism/public-api/v1/countries/3/continent?limit=1 HTTP/1.1
HTTP headers:
Host: localhost
User-Agent: Ticketing-WebApp
Authorization: Bearer eyJ0eXAiOiJKV1QiLCJhbGciOiJIUzI1NiJ9.eyJpYXQiOjE1MzQwNzU4MzEsImp0aSI6ImdMd0hvdXBpc2x0aDhhREx4NmxwYU9ET3pnWWFleFY2dU1sYVZHVnNobVE9IiwiaXNzIjoiOjoxIiwibmJmIjoxNTM0MDc1ODMxLCJleHAiOjE1MzQwNzc2MzEsImRhdGEiOnsidXNlcm5hbWUiOiJhZGUiLCJwYXNzd29yZCI6ImI3MDE2NmQyMzU5ZTU1ZmYzNDg0ZjVkNzAyMGM3MGQ4NmQ4OTA3OTYiLCJpcCI6Ijo6MSIsInVzZXJfYWdlbnQiOiJUaWNrZXRpbmctV2ViQXBwIn19.6qp7p9WMzj9hmfqod7RtMDrtWm6LiobTNkegF3LhbYY
Connection: close
Request body:

========================================
2018-08-12 19:21:38 
::1 GET /tourism/public-api/v1/countries/3/continent?limit=0 HTTP/1.1
HTTP headers:
Host: localhost
User-Agent: Ticketing-WebApp
Authorization: Bearer eyJ0eXAiOiJKV1QiLCJhbGciOiJIUzI1NiJ9.eyJpYXQiOjE1MzQwNzU4MzEsImp0aSI6ImdMd0hvdXBpc2x0aDhhREx4NmxwYU9ET3pnWWFleFY2dU1sYVZHVnNobVE9IiwiaXNzIjoiOjoxIiwibmJmIjoxNTM0MDc1ODMxLCJleHAiOjE1MzQwNzc2MzEsImRhdGEiOnsidXNlcm5hbWUiOiJhZGUiLCJwYXNzd29yZCI6ImI3MDE2NmQyMzU5ZTU1ZmYzNDg0ZjVkNzAyMGM3MGQ4NmQ4OTA3OTYiLCJpcCI6Ijo6MSIsInVzZXJfYWdlbnQiOiJUaWNrZXRpbmctV2ViQXBwIn19.6qp7p9WMzj9hmfqod7RtMDrtWm6LiobTNkegF3LhbYY
Connection: close
Request body:

========================================
2018-08-12 19:34:57 
::1 GET /tourism/public-api/v1/countries/2/continent?limit=1 HTTP/1.1
HTTP headers:
Host: localhost
User-Agent: Ticketing-WebApp
Authorization: Bearer eyJ0eXAiOiJKV1QiLCJhbGciOiJIUzI1NiJ9.eyJpYXQiOjE1MzQwNzU4MzEsImp0aSI6ImdMd0hvdXBpc2x0aDhhREx4NmxwYU9ET3pnWWFleFY2dU1sYVZHVnNobVE9IiwiaXNzIjoiOjoxIiwibmJmIjoxNTM0MDc1ODMxLCJleHAiOjE1MzQwNzc2MzEsImRhdGEiOnsidXNlcm5hbWUiOiJhZGUiLCJwYXNzd29yZCI6ImI3MDE2NmQyMzU5ZTU1ZmYzNDg0ZjVkNzAyMGM3MGQ4NmQ4OTA3OTYiLCJpcCI6Ijo6MSIsInVzZXJfYWdlbnQiOiJUaWNrZXRpbmctV2ViQXBwIn19.6qp7p9WMzj9hmfqod7RtMDrtWm6LiobTNkegF3LhbYY
Connection: close
Request body:

========================================
2018-08-12 19:34:57 
::1 GET /tourism/public-api/v1/countries/2/continent?limit=0 HTTP/1.1
HTTP headers:
Host: localhost
User-Agent: Ticketing-WebApp
Authorization: Bearer eyJ0eXAiOiJKV1QiLCJhbGciOiJIUzI1NiJ9.eyJpYXQiOjE1MzQwNzU4MzEsImp0aSI6ImdMd0hvdXBpc2x0aDhhREx4NmxwYU9ET3pnWWFleFY2dU1sYVZHVnNobVE9IiwiaXNzIjoiOjoxIiwibmJmIjoxNTM0MDc1ODMxLCJleHAiOjE1MzQwNzc2MzEsImRhdGEiOnsidXNlcm5hbWUiOiJhZGUiLCJwYXNzd29yZCI6ImI3MDE2NmQyMzU5ZTU1ZmYzNDg0ZjVkNzAyMGM3MGQ4NmQ4OTA3OTYiLCJpcCI6Ijo6MSIsInVzZXJfYWdlbnQiOiJUaWNrZXRpbmctV2ViQXBwIn19.6qp7p9WMzj9hmfqod7RtMDrtWm6LiobTNkegF3LhbYY
Connection: close
Request body:

========================================
2018-08-12 19:35:20 
::1 GET /tourism/public-api/v1/countries/1/continent?limit=1 HTTP/1.1
HTTP headers:
Host: localhost
User-Agent: Ticketing-WebApp
Authorization: Bearer eyJ0eXAiOiJKV1QiLCJhbGciOiJIUzI1NiJ9.eyJpYXQiOjE1MzQwNzU4MzEsImp0aSI6ImdMd0hvdXBpc2x0aDhhREx4NmxwYU9ET3pnWWFleFY2dU1sYVZHVnNobVE9IiwiaXNzIjoiOjoxIiwibmJmIjoxNTM0MDc1ODMxLCJleHAiOjE1MzQwNzc2MzEsImRhdGEiOnsidXNlcm5hbWUiOiJhZGUiLCJwYXNzd29yZCI6ImI3MDE2NmQyMzU5ZTU1ZmYzNDg0ZjVkNzAyMGM3MGQ4NmQ4OTA3OTYiLCJpcCI6Ijo6MSIsInVzZXJfYWdlbnQiOiJUaWNrZXRpbmctV2ViQXBwIn19.6qp7p9WMzj9hmfqod7RtMDrtWm6LiobTNkegF3LhbYY
Connection: close
Request body:

========================================
2018-08-12 19:35:20 
::1 GET /tourism/public-api/v1/countries/1/continent?limit=0 HTTP/1.1
HTTP headers:
Host: localhost
User-Agent: Ticketing-WebApp
Authorization: Bearer eyJ0eXAiOiJKV1QiLCJhbGciOiJIUzI1NiJ9.eyJpYXQiOjE1MzQwNzU4MzEsImp0aSI6ImdMd0hvdXBpc2x0aDhhREx4NmxwYU9ET3pnWWFleFY2dU1sYVZHVnNobVE9IiwiaXNzIjoiOjoxIiwibmJmIjoxNTM0MDc1ODMxLCJleHAiOjE1MzQwNzc2MzEsImRhdGEiOnsidXNlcm5hbWUiOiJhZGUiLCJwYXNzd29yZCI6ImI3MDE2NmQyMzU5ZTU1ZmYzNDg0ZjVkNzAyMGM3MGQ4NmQ4OTA3OTYiLCJpcCI6Ijo6MSIsInVzZXJfYWdlbnQiOiJUaWNrZXRpbmctV2ViQXBwIn19.6qp7p9WMzj9hmfqod7RtMDrtWm6LiobTNkegF3LhbYY
Connection: close
Request body:

========================================
2018-08-12 19:41:20 
::1 GET /tourism/public-api/v1/countries/2/continent?limit=1 HTTP/1.1
HTTP headers:
Host: localhost
User-Agent: Ticketing-WebApp
Authorization: Bearer eyJ0eXAiOiJKV1QiLCJhbGciOiJIUzI1NiJ9.eyJpYXQiOjE1MzQwNzU4MzEsImp0aSI6ImdMd0hvdXBpc2x0aDhhREx4NmxwYU9ET3pnWWFleFY2dU1sYVZHVnNobVE9IiwiaXNzIjoiOjoxIiwibmJmIjoxNTM0MDc1ODMxLCJleHAiOjE1MzQwNzc2MzEsImRhdGEiOnsidXNlcm5hbWUiOiJhZGUiLCJwYXNzd29yZCI6ImI3MDE2NmQyMzU5ZTU1ZmYzNDg0ZjVkNzAyMGM3MGQ4NmQ4OTA3OTYiLCJpcCI6Ijo6MSIsInVzZXJfYWdlbnQiOiJUaWNrZXRpbmctV2ViQXBwIn19.6qp7p9WMzj9hmfqod7RtMDrtWm6LiobTNkegF3LhbYY
Connection: close
Request body:

========================================
2018-08-12 19:41:20 
::1 POST /tourism/public-api/v1/users/token HTTP/1.1
HTTP headers:
Host: localhost
Content-Length: 25
User-Agent: Ticketing-WebApp
Connection: close
Content-Type: application/x-www-form-urlencoded
Request body:
username=ade&password=ade
========================================
2018-08-12 19:41:21 
::1 GET /tourism/public-api/v1/countries/2/continent?limit=1 HTTP/1.1
HTTP headers:
Host: localhost
User-Agent: Ticketing-WebApp
Authorization: Bearer eyJ0eXAiOiJKV1QiLCJhbGciOiJIUzI1NiJ9.eyJpYXQiOjE1MzQwNzc2ODAsImp0aSI6InJTb3NQTFwvcWxoQnl4cDFoUVwvXC9jTG02alI5cEQzVWx3MEM2ZGdyalZFXC84PSIsImlzcyI6Ijo6MSIsIm5iZiI6MTUzNDA3NzY4MCwiZXhwIjoxNTM0MDc5NDgwLCJkYXRhIjp7InVzZXJuYW1lIjoiYWRlIiwicGFzc3dvcmQiOiJiNzAxNjZkMjM1OWU1NWZmMzQ4NGY1ZDcwMjBjNzBkODZkODkwNzk2IiwiaXAiOiI6OjEiLCJ1c2VyX2FnZW50IjoiVGlja2V0aW5nLVdlYkFwcCJ9fQ.a8o-Nos7BDxXCcPO22VexewvwfQyK24oTeCFCOKfSRA
Connection: close
Request body:

========================================
2018-08-12 19:41:21 
::1 GET /tourism/public-api/v1/countries/2/continent?limit=0 HTTP/1.1
HTTP headers:
Host: localhost
User-Agent: Ticketing-WebApp
Authorization: Bearer eyJ0eXAiOiJKV1QiLCJhbGciOiJIUzI1NiJ9.eyJpYXQiOjE1MzQwNzc2ODAsImp0aSI6InJTb3NQTFwvcWxoQnl4cDFoUVwvXC9jTG02alI5cEQzVWx3MEM2ZGdyalZFXC84PSIsImlzcyI6Ijo6MSIsIm5iZiI6MTUzNDA3NzY4MCwiZXhwIjoxNTM0MDc5NDgwLCJkYXRhIjp7InVzZXJuYW1lIjoiYWRlIiwicGFzc3dvcmQiOiJiNzAxNjZkMjM1OWU1NWZmMzQ4NGY1ZDcwMjBjNzBkODZkODkwNzk2IiwiaXAiOiI6OjEiLCJ1c2VyX2FnZW50IjoiVGlja2V0aW5nLVdlYkFwcCJ9fQ.a8o-Nos7BDxXCcPO22VexewvwfQyK24oTeCFCOKfSRA
Connection: close
Request body:

========================================
2018-08-12 19:41:38 
::1 GET /tourism/public-api/v1/countries/1/continent?limit=1 HTTP/1.1
HTTP headers:
Host: localhost
User-Agent: Ticketing-WebApp
Authorization: Bearer eyJ0eXAiOiJKV1QiLCJhbGciOiJIUzI1NiJ9.eyJpYXQiOjE1MzQwNzc2ODAsImp0aSI6InJTb3NQTFwvcWxoQnl4cDFoUVwvXC9jTG02alI5cEQzVWx3MEM2ZGdyalZFXC84PSIsImlzcyI6Ijo6MSIsIm5iZiI6MTUzNDA3NzY4MCwiZXhwIjoxNTM0MDc5NDgwLCJkYXRhIjp7InVzZXJuYW1lIjoiYWRlIiwicGFzc3dvcmQiOiJiNzAxNjZkMjM1OWU1NWZmMzQ4NGY1ZDcwMjBjNzBkODZkODkwNzk2IiwiaXAiOiI6OjEiLCJ1c2VyX2FnZW50IjoiVGlja2V0aW5nLVdlYkFwcCJ9fQ.a8o-Nos7BDxXCcPO22VexewvwfQyK24oTeCFCOKfSRA
Connection: close
Request body:

========================================
2018-08-12 19:41:38 
::1 GET /tourism/public-api/v1/countries/1/continent?limit=0 HTTP/1.1
HTTP headers:
Host: localhost
User-Agent: Ticketing-WebApp
Authorization: Bearer eyJ0eXAiOiJKV1QiLCJhbGciOiJIUzI1NiJ9.eyJpYXQiOjE1MzQwNzc2ODAsImp0aSI6InJTb3NQTFwvcWxoQnl4cDFoUVwvXC9jTG02alI5cEQzVWx3MEM2ZGdyalZFXC84PSIsImlzcyI6Ijo6MSIsIm5iZiI6MTUzNDA3NzY4MCwiZXhwIjoxNTM0MDc5NDgwLCJkYXRhIjp7InVzZXJuYW1lIjoiYWRlIiwicGFzc3dvcmQiOiJiNzAxNjZkMjM1OWU1NWZmMzQ4NGY1ZDcwMjBjNzBkODZkODkwNzk2IiwiaXAiOiI6OjEiLCJ1c2VyX2FnZW50IjoiVGlja2V0aW5nLVdlYkFwcCJ9fQ.a8o-Nos7BDxXCcPO22VexewvwfQyK24oTeCFCOKfSRA
Connection: close
Request body:

========================================
2018-08-12 19:41:57 
::1 GET /tourism/public-api/v1/countries/2/continent?limit=1 HTTP/1.1
HTTP headers:
Host: localhost
User-Agent: Ticketing-WebApp
Authorization: Bearer eyJ0eXAiOiJKV1QiLCJhbGciOiJIUzI1NiJ9.eyJpYXQiOjE1MzQwNzc2ODAsImp0aSI6InJTb3NQTFwvcWxoQnl4cDFoUVwvXC9jTG02alI5cEQzVWx3MEM2ZGdyalZFXC84PSIsImlzcyI6Ijo6MSIsIm5iZiI6MTUzNDA3NzY4MCwiZXhwIjoxNTM0MDc5NDgwLCJkYXRhIjp7InVzZXJuYW1lIjoiYWRlIiwicGFzc3dvcmQiOiJiNzAxNjZkMjM1OWU1NWZmMzQ4NGY1ZDcwMjBjNzBkODZkODkwNzk2IiwiaXAiOiI6OjEiLCJ1c2VyX2FnZW50IjoiVGlja2V0aW5nLVdlYkFwcCJ9fQ.a8o-Nos7BDxXCcPO22VexewvwfQyK24oTeCFCOKfSRA
Connection: close
Request body:

========================================
2018-08-12 19:41:57 
::1 GET /tourism/public-api/v1/countries/2/continent?limit=0 HTTP/1.1
HTTP headers:
Host: localhost
User-Agent: Ticketing-WebApp
Authorization: Bearer eyJ0eXAiOiJKV1QiLCJhbGciOiJIUzI1NiJ9.eyJpYXQiOjE1MzQwNzc2ODAsImp0aSI6InJTb3NQTFwvcWxoQnl4cDFoUVwvXC9jTG02alI5cEQzVWx3MEM2ZGdyalZFXC84PSIsImlzcyI6Ijo6MSIsIm5iZiI6MTUzNDA3NzY4MCwiZXhwIjoxNTM0MDc5NDgwLCJkYXRhIjp7InVzZXJuYW1lIjoiYWRlIiwicGFzc3dvcmQiOiJiNzAxNjZkMjM1OWU1NWZmMzQ4NGY1ZDcwMjBjNzBkODZkODkwNzk2IiwiaXAiOiI6OjEiLCJ1c2VyX2FnZW50IjoiVGlja2V0aW5nLVdlYkFwcCJ9fQ.a8o-Nos7BDxXCcPO22VexewvwfQyK24oTeCFCOKfSRA
Connection: close
Request body:

========================================
2018-08-12 19:42:11 
::1 GET /tourism/public-api/v1/countries/3/continent?limit=1 HTTP/1.1
HTTP headers:
Host: localhost
User-Agent: Ticketing-WebApp
Authorization: Bearer eyJ0eXAiOiJKV1QiLCJhbGciOiJIUzI1NiJ9.eyJpYXQiOjE1MzQwNzc2ODAsImp0aSI6InJTb3NQTFwvcWxoQnl4cDFoUVwvXC9jTG02alI5cEQzVWx3MEM2ZGdyalZFXC84PSIsImlzcyI6Ijo6MSIsIm5iZiI6MTUzNDA3NzY4MCwiZXhwIjoxNTM0MDc5NDgwLCJkYXRhIjp7InVzZXJuYW1lIjoiYWRlIiwicGFzc3dvcmQiOiJiNzAxNjZkMjM1OWU1NWZmMzQ4NGY1ZDcwMjBjNzBkODZkODkwNzk2IiwiaXAiOiI6OjEiLCJ1c2VyX2FnZW50IjoiVGlja2V0aW5nLVdlYkFwcCJ9fQ.a8o-Nos7BDxXCcPO22VexewvwfQyK24oTeCFCOKfSRA
Connection: close
Request body:

========================================
2018-08-12 19:42:11 
::1 GET /tourism/public-api/v1/countries/3/continent?limit=0 HTTP/1.1
HTTP headers:
Host: localhost
User-Agent: Ticketing-WebApp
Authorization: Bearer eyJ0eXAiOiJKV1QiLCJhbGciOiJIUzI1NiJ9.eyJpYXQiOjE1MzQwNzc2ODAsImp0aSI6InJTb3NQTFwvcWxoQnl4cDFoUVwvXC9jTG02alI5cEQzVWx3MEM2ZGdyalZFXC84PSIsImlzcyI6Ijo6MSIsIm5iZiI6MTUzNDA3NzY4MCwiZXhwIjoxNTM0MDc5NDgwLCJkYXRhIjp7InVzZXJuYW1lIjoiYWRlIiwicGFzc3dvcmQiOiJiNzAxNjZkMjM1OWU1NWZmMzQ4NGY1ZDcwMjBjNzBkODZkODkwNzk2IiwiaXAiOiI6OjEiLCJ1c2VyX2FnZW50IjoiVGlja2V0aW5nLVdlYkFwcCJ9fQ.a8o-Nos7BDxXCcPO22VexewvwfQyK24oTeCFCOKfSRA
Connection: close
Request body:

========================================
2018-08-12 19:42:41 
::1 GET /tourism/public-api/v1/countries/3/continent?limit=1 HTTP/1.1
HTTP headers:
Host: localhost
User-Agent: Ticketing-WebApp
Authorization: Bearer eyJ0eXAiOiJKV1QiLCJhbGciOiJIUzI1NiJ9.eyJpYXQiOjE1MzQwNzc2ODAsImp0aSI6InJTb3NQTFwvcWxoQnl4cDFoUVwvXC9jTG02alI5cEQzVWx3MEM2ZGdyalZFXC84PSIsImlzcyI6Ijo6MSIsIm5iZiI6MTUzNDA3NzY4MCwiZXhwIjoxNTM0MDc5NDgwLCJkYXRhIjp7InVzZXJuYW1lIjoiYWRlIiwicGFzc3dvcmQiOiJiNzAxNjZkMjM1OWU1NWZmMzQ4NGY1ZDcwMjBjNzBkODZkODkwNzk2IiwiaXAiOiI6OjEiLCJ1c2VyX2FnZW50IjoiVGlja2V0aW5nLVdlYkFwcCJ9fQ.a8o-Nos7BDxXCcPO22VexewvwfQyK24oTeCFCOKfSRA
Connection: close
Request body:

========================================
2018-08-12 19:42:41 
::1 GET /tourism/public-api/v1/countries/3/continent?limit=0 HTTP/1.1
HTTP headers:
Host: localhost
User-Agent: Ticketing-WebApp
Authorization: Bearer eyJ0eXAiOiJKV1QiLCJhbGciOiJIUzI1NiJ9.eyJpYXQiOjE1MzQwNzc2ODAsImp0aSI6InJTb3NQTFwvcWxoQnl4cDFoUVwvXC9jTG02alI5cEQzVWx3MEM2ZGdyalZFXC84PSIsImlzcyI6Ijo6MSIsIm5iZiI6MTUzNDA3NzY4MCwiZXhwIjoxNTM0MDc5NDgwLCJkYXRhIjp7InVzZXJuYW1lIjoiYWRlIiwicGFzc3dvcmQiOiJiNzAxNjZkMjM1OWU1NWZmMzQ4NGY1ZDcwMjBjNzBkODZkODkwNzk2IiwiaXAiOiI6OjEiLCJ1c2VyX2FnZW50IjoiVGlja2V0aW5nLVdlYkFwcCJ9fQ.a8o-Nos7BDxXCcPO22VexewvwfQyK24oTeCFCOKfSRA
Connection: close
Request body:

========================================
2018-08-12 19:44:04 
::1 GET /tourism/public-api/v1/countries/2/continent?limit=1 HTTP/1.1
HTTP headers:
Host: localhost
User-Agent: Ticketing-WebApp
Authorization: Bearer eyJ0eXAiOiJKV1QiLCJhbGciOiJIUzI1NiJ9.eyJpYXQiOjE1MzQwNzc2ODAsImp0aSI6InJTb3NQTFwvcWxoQnl4cDFoUVwvXC9jTG02alI5cEQzVWx3MEM2ZGdyalZFXC84PSIsImlzcyI6Ijo6MSIsIm5iZiI6MTUzNDA3NzY4MCwiZXhwIjoxNTM0MDc5NDgwLCJkYXRhIjp7InVzZXJuYW1lIjoiYWRlIiwicGFzc3dvcmQiOiJiNzAxNjZkMjM1OWU1NWZmMzQ4NGY1ZDcwMjBjNzBkODZkODkwNzk2IiwiaXAiOiI6OjEiLCJ1c2VyX2FnZW50IjoiVGlja2V0aW5nLVdlYkFwcCJ9fQ.a8o-Nos7BDxXCcPO22VexewvwfQyK24oTeCFCOKfSRA
Connection: close
Request body:

========================================
2018-08-12 19:44:04 
::1 GET /tourism/public-api/v1/countries/2/continent?limit=0 HTTP/1.1
HTTP headers:
Host: localhost
User-Agent: Ticketing-WebApp
Authorization: Bearer eyJ0eXAiOiJKV1QiLCJhbGciOiJIUzI1NiJ9.eyJpYXQiOjE1MzQwNzc2ODAsImp0aSI6InJTb3NQTFwvcWxoQnl4cDFoUVwvXC9jTG02alI5cEQzVWx3MEM2ZGdyalZFXC84PSIsImlzcyI6Ijo6MSIsIm5iZiI6MTUzNDA3NzY4MCwiZXhwIjoxNTM0MDc5NDgwLCJkYXRhIjp7InVzZXJuYW1lIjoiYWRlIiwicGFzc3dvcmQiOiJiNzAxNjZkMjM1OWU1NWZmMzQ4NGY1ZDcwMjBjNzBkODZkODkwNzk2IiwiaXAiOiI6OjEiLCJ1c2VyX2FnZW50IjoiVGlja2V0aW5nLVdlYkFwcCJ9fQ.a8o-Nos7BDxXCcPO22VexewvwfQyK24oTeCFCOKfSRA
Connection: close
Request body:

========================================
2018-08-12 19:44:38 
::1 GET /tourism/public-api/v1/countries/4/continent?limit=1 HTTP/1.1
HTTP headers:
Host: localhost
User-Agent: Ticketing-WebApp
Authorization: Bearer eyJ0eXAiOiJKV1QiLCJhbGciOiJIUzI1NiJ9.eyJpYXQiOjE1MzQwNzc2ODAsImp0aSI6InJTb3NQTFwvcWxoQnl4cDFoUVwvXC9jTG02alI5cEQzVWx3MEM2ZGdyalZFXC84PSIsImlzcyI6Ijo6MSIsIm5iZiI6MTUzNDA3NzY4MCwiZXhwIjoxNTM0MDc5NDgwLCJkYXRhIjp7InVzZXJuYW1lIjoiYWRlIiwicGFzc3dvcmQiOiJiNzAxNjZkMjM1OWU1NWZmMzQ4NGY1ZDcwMjBjNzBkODZkODkwNzk2IiwiaXAiOiI6OjEiLCJ1c2VyX2FnZW50IjoiVGlja2V0aW5nLVdlYkFwcCJ9fQ.a8o-Nos7BDxXCcPO22VexewvwfQyK24oTeCFCOKfSRA
Connection: close
Request body:

========================================
2018-08-12 19:44:38 
::1 GET /tourism/public-api/v1/countries/4/continent?limit=0 HTTP/1.1
HTTP headers:
Host: localhost
User-Agent: Ticketing-WebApp
Authorization: Bearer eyJ0eXAiOiJKV1QiLCJhbGciOiJIUzI1NiJ9.eyJpYXQiOjE1MzQwNzc2ODAsImp0aSI6InJTb3NQTFwvcWxoQnl4cDFoUVwvXC9jTG02alI5cEQzVWx3MEM2ZGdyalZFXC84PSIsImlzcyI6Ijo6MSIsIm5iZiI6MTUzNDA3NzY4MCwiZXhwIjoxNTM0MDc5NDgwLCJkYXRhIjp7InVzZXJuYW1lIjoiYWRlIiwicGFzc3dvcmQiOiJiNzAxNjZkMjM1OWU1NWZmMzQ4NGY1ZDcwMjBjNzBkODZkODkwNzk2IiwiaXAiOiI6OjEiLCJ1c2VyX2FnZW50IjoiVGlja2V0aW5nLVdlYkFwcCJ9fQ.a8o-Nos7BDxXCcPO22VexewvwfQyK24oTeCFCOKfSRA
Connection: close
Request body:

========================================
2018-08-12 19:44:47 
::1 GET /tourism/public-api/v1/countries/6/continent?limit=1 HTTP/1.1
HTTP headers:
Host: localhost
User-Agent: Ticketing-WebApp
Authorization: Bearer eyJ0eXAiOiJKV1QiLCJhbGciOiJIUzI1NiJ9.eyJpYXQiOjE1MzQwNzc2ODAsImp0aSI6InJTb3NQTFwvcWxoQnl4cDFoUVwvXC9jTG02alI5cEQzVWx3MEM2ZGdyalZFXC84PSIsImlzcyI6Ijo6MSIsIm5iZiI6MTUzNDA3NzY4MCwiZXhwIjoxNTM0MDc5NDgwLCJkYXRhIjp7InVzZXJuYW1lIjoiYWRlIiwicGFzc3dvcmQiOiJiNzAxNjZkMjM1OWU1NWZmMzQ4NGY1ZDcwMjBjNzBkODZkODkwNzk2IiwiaXAiOiI6OjEiLCJ1c2VyX2FnZW50IjoiVGlja2V0aW5nLVdlYkFwcCJ9fQ.a8o-Nos7BDxXCcPO22VexewvwfQyK24oTeCFCOKfSRA
Connection: close
Request body:

========================================
2018-08-12 19:44:47 
::1 GET /tourism/public-api/v1/countries/6/continent?limit=0 HTTP/1.1
HTTP headers:
Host: localhost
User-Agent: Ticketing-WebApp
Authorization: Bearer eyJ0eXAiOiJKV1QiLCJhbGciOiJIUzI1NiJ9.eyJpYXQiOjE1MzQwNzc2ODAsImp0aSI6InJTb3NQTFwvcWxoQnl4cDFoUVwvXC9jTG02alI5cEQzVWx3MEM2ZGdyalZFXC84PSIsImlzcyI6Ijo6MSIsIm5iZiI6MTUzNDA3NzY4MCwiZXhwIjoxNTM0MDc5NDgwLCJkYXRhIjp7InVzZXJuYW1lIjoiYWRlIiwicGFzc3dvcmQiOiJiNzAxNjZkMjM1OWU1NWZmMzQ4NGY1ZDcwMjBjNzBkODZkODkwNzk2IiwiaXAiOiI6OjEiLCJ1c2VyX2FnZW50IjoiVGlja2V0aW5nLVdlYkFwcCJ9fQ.a8o-Nos7BDxXCcPO22VexewvwfQyK24oTeCFCOKfSRA
Connection: close
Request body:

========================================
2018-08-12 19:44:52 
::1 GET /tourism/public-api/v1/countries/6/continent?limit=1 HTTP/1.1
HTTP headers:
Host: localhost
User-Agent: Ticketing-WebApp
Authorization: Bearer eyJ0eXAiOiJKV1QiLCJhbGciOiJIUzI1NiJ9.eyJpYXQiOjE1MzQwNzc2ODAsImp0aSI6InJTb3NQTFwvcWxoQnl4cDFoUVwvXC9jTG02alI5cEQzVWx3MEM2ZGdyalZFXC84PSIsImlzcyI6Ijo6MSIsIm5iZiI6MTUzNDA3NzY4MCwiZXhwIjoxNTM0MDc5NDgwLCJkYXRhIjp7InVzZXJuYW1lIjoiYWRlIiwicGFzc3dvcmQiOiJiNzAxNjZkMjM1OWU1NWZmMzQ4NGY1ZDcwMjBjNzBkODZkODkwNzk2IiwiaXAiOiI6OjEiLCJ1c2VyX2FnZW50IjoiVGlja2V0aW5nLVdlYkFwcCJ9fQ.a8o-Nos7BDxXCcPO22VexewvwfQyK24oTeCFCOKfSRA
Connection: close
Request body:

========================================
2018-08-12 19:44:52 
::1 GET /tourism/public-api/v1/countries/6/continent?limit=0 HTTP/1.1
HTTP headers:
Host: localhost
User-Agent: Ticketing-WebApp
Authorization: Bearer eyJ0eXAiOiJKV1QiLCJhbGciOiJIUzI1NiJ9.eyJpYXQiOjE1MzQwNzc2ODAsImp0aSI6InJTb3NQTFwvcWxoQnl4cDFoUVwvXC9jTG02alI5cEQzVWx3MEM2ZGdyalZFXC84PSIsImlzcyI6Ijo6MSIsIm5iZiI6MTUzNDA3NzY4MCwiZXhwIjoxNTM0MDc5NDgwLCJkYXRhIjp7InVzZXJuYW1lIjoiYWRlIiwicGFzc3dvcmQiOiJiNzAxNjZkMjM1OWU1NWZmMzQ4NGY1ZDcwMjBjNzBkODZkODkwNzk2IiwiaXAiOiI6OjEiLCJ1c2VyX2FnZW50IjoiVGlja2V0aW5nLVdlYkFwcCJ9fQ.a8o-Nos7BDxXCcPO22VexewvwfQyK24oTeCFCOKfSRA
Connection: close
Request body:

========================================
2018-08-12 19:44:58 
::1 GET /tourism/public-api/v1/countries/1/continent?limit=1 HTTP/1.1
HTTP headers:
Host: localhost
User-Agent: Ticketing-WebApp
Authorization: Bearer eyJ0eXAiOiJKV1QiLCJhbGciOiJIUzI1NiJ9.eyJpYXQiOjE1MzQwNzc2ODAsImp0aSI6InJTb3NQTFwvcWxoQnl4cDFoUVwvXC9jTG02alI5cEQzVWx3MEM2ZGdyalZFXC84PSIsImlzcyI6Ijo6MSIsIm5iZiI6MTUzNDA3NzY4MCwiZXhwIjoxNTM0MDc5NDgwLCJkYXRhIjp7InVzZXJuYW1lIjoiYWRlIiwicGFzc3dvcmQiOiJiNzAxNjZkMjM1OWU1NWZmMzQ4NGY1ZDcwMjBjNzBkODZkODkwNzk2IiwiaXAiOiI6OjEiLCJ1c2VyX2FnZW50IjoiVGlja2V0aW5nLVdlYkFwcCJ9fQ.a8o-Nos7BDxXCcPO22VexewvwfQyK24oTeCFCOKfSRA
Connection: close
Request body:

========================================
2018-08-12 19:44:58 
::1 GET /tourism/public-api/v1/countries/1/continent?limit=0 HTTP/1.1
HTTP headers:
Host: localhost
User-Agent: Ticketing-WebApp
Authorization: Bearer eyJ0eXAiOiJKV1QiLCJhbGciOiJIUzI1NiJ9.eyJpYXQiOjE1MzQwNzc2ODAsImp0aSI6InJTb3NQTFwvcWxoQnl4cDFoUVwvXC9jTG02alI5cEQzVWx3MEM2ZGdyalZFXC84PSIsImlzcyI6Ijo6MSIsIm5iZiI6MTUzNDA3NzY4MCwiZXhwIjoxNTM0MDc5NDgwLCJkYXRhIjp7InVzZXJuYW1lIjoiYWRlIiwicGFzc3dvcmQiOiJiNzAxNjZkMjM1OWU1NWZmMzQ4NGY1ZDcwMjBjNzBkODZkODkwNzk2IiwiaXAiOiI6OjEiLCJ1c2VyX2FnZW50IjoiVGlja2V0aW5nLVdlYkFwcCJ9fQ.a8o-Nos7BDxXCcPO22VexewvwfQyK24oTeCFCOKfSRA
Connection: close
Request body:

========================================
2018-08-12 19:46:12 
::1 GET /tourism/public-api/v1/countries/2/continent?limit=1 HTTP/1.1
HTTP headers:
Host: localhost
User-Agent: Ticketing-WebApp
Authorization: Bearer eyJ0eXAiOiJKV1QiLCJhbGciOiJIUzI1NiJ9.eyJpYXQiOjE1MzQwNzc2ODAsImp0aSI6InJTb3NQTFwvcWxoQnl4cDFoUVwvXC9jTG02alI5cEQzVWx3MEM2ZGdyalZFXC84PSIsImlzcyI6Ijo6MSIsIm5iZiI6MTUzNDA3NzY4MCwiZXhwIjoxNTM0MDc5NDgwLCJkYXRhIjp7InVzZXJuYW1lIjoiYWRlIiwicGFzc3dvcmQiOiJiNzAxNjZkMjM1OWU1NWZmMzQ4NGY1ZDcwMjBjNzBkODZkODkwNzk2IiwiaXAiOiI6OjEiLCJ1c2VyX2FnZW50IjoiVGlja2V0aW5nLVdlYkFwcCJ9fQ.a8o-Nos7BDxXCcPO22VexewvwfQyK24oTeCFCOKfSRA
Connection: close
Request body:

========================================
2018-08-12 19:46:12 
::1 GET /tourism/public-api/v1/countries/2/continent?limit=0 HTTP/1.1
HTTP headers:
Host: localhost
User-Agent: Ticketing-WebApp
Authorization: Bearer eyJ0eXAiOiJKV1QiLCJhbGciOiJIUzI1NiJ9.eyJpYXQiOjE1MzQwNzc2ODAsImp0aSI6InJTb3NQTFwvcWxoQnl4cDFoUVwvXC9jTG02alI5cEQzVWx3MEM2ZGdyalZFXC84PSIsImlzcyI6Ijo6MSIsIm5iZiI6MTUzNDA3NzY4MCwiZXhwIjoxNTM0MDc5NDgwLCJkYXRhIjp7InVzZXJuYW1lIjoiYWRlIiwicGFzc3dvcmQiOiJiNzAxNjZkMjM1OWU1NWZmMzQ4NGY1ZDcwMjBjNzBkODZkODkwNzk2IiwiaXAiOiI6OjEiLCJ1c2VyX2FnZW50IjoiVGlja2V0aW5nLVdlYkFwcCJ9fQ.a8o-Nos7BDxXCcPO22VexewvwfQyK24oTeCFCOKfSRA
Connection: close
Request body:

========================================
2018-08-12 19:46:15 
::1 GET /tourism/public-api/v1/countries/3/continent?limit=1 HTTP/1.1
HTTP headers:
Host: localhost
User-Agent: Ticketing-WebApp
Authorization: Bearer eyJ0eXAiOiJKV1QiLCJhbGciOiJIUzI1NiJ9.eyJpYXQiOjE1MzQwNzc2ODAsImp0aSI6InJTb3NQTFwvcWxoQnl4cDFoUVwvXC9jTG02alI5cEQzVWx3MEM2ZGdyalZFXC84PSIsImlzcyI6Ijo6MSIsIm5iZiI6MTUzNDA3NzY4MCwiZXhwIjoxNTM0MDc5NDgwLCJkYXRhIjp7InVzZXJuYW1lIjoiYWRlIiwicGFzc3dvcmQiOiJiNzAxNjZkMjM1OWU1NWZmMzQ4NGY1ZDcwMjBjNzBkODZkODkwNzk2IiwiaXAiOiI6OjEiLCJ1c2VyX2FnZW50IjoiVGlja2V0aW5nLVdlYkFwcCJ9fQ.a8o-Nos7BDxXCcPO22VexewvwfQyK24oTeCFCOKfSRA
Connection: close
Request body:

========================================
2018-08-12 19:46:15 
::1 GET /tourism/public-api/v1/countries/3/continent?limit=0 HTTP/1.1
HTTP headers:
Host: localhost
User-Agent: Ticketing-WebApp
Authorization: Bearer eyJ0eXAiOiJKV1QiLCJhbGciOiJIUzI1NiJ9.eyJpYXQiOjE1MzQwNzc2ODAsImp0aSI6InJTb3NQTFwvcWxoQnl4cDFoUVwvXC9jTG02alI5cEQzVWx3MEM2ZGdyalZFXC84PSIsImlzcyI6Ijo6MSIsIm5iZiI6MTUzNDA3NzY4MCwiZXhwIjoxNTM0MDc5NDgwLCJkYXRhIjp7InVzZXJuYW1lIjoiYWRlIiwicGFzc3dvcmQiOiJiNzAxNjZkMjM1OWU1NWZmMzQ4NGY1ZDcwMjBjNzBkODZkODkwNzk2IiwiaXAiOiI6OjEiLCJ1c2VyX2FnZW50IjoiVGlja2V0aW5nLVdlYkFwcCJ9fQ.a8o-Nos7BDxXCcPO22VexewvwfQyK24oTeCFCOKfSRA
Connection: close
Request body:

========================================
2018-08-12 19:46:17 
::1 GET /tourism/public-api/v1/countries/5/continent?limit=1 HTTP/1.1
HTTP headers:
Host: localhost
User-Agent: Ticketing-WebApp
Authorization: Bearer eyJ0eXAiOiJKV1QiLCJhbGciOiJIUzI1NiJ9.eyJpYXQiOjE1MzQwNzc2ODAsImp0aSI6InJTb3NQTFwvcWxoQnl4cDFoUVwvXC9jTG02alI5cEQzVWx3MEM2ZGdyalZFXC84PSIsImlzcyI6Ijo6MSIsIm5iZiI6MTUzNDA3NzY4MCwiZXhwIjoxNTM0MDc5NDgwLCJkYXRhIjp7InVzZXJuYW1lIjoiYWRlIiwicGFzc3dvcmQiOiJiNzAxNjZkMjM1OWU1NWZmMzQ4NGY1ZDcwMjBjNzBkODZkODkwNzk2IiwiaXAiOiI6OjEiLCJ1c2VyX2FnZW50IjoiVGlja2V0aW5nLVdlYkFwcCJ9fQ.a8o-Nos7BDxXCcPO22VexewvwfQyK24oTeCFCOKfSRA
Connection: close
Request body:

========================================
2018-08-12 19:46:17 
::1 GET /tourism/public-api/v1/countries/5/continent?limit=1 HTTP/1.1
HTTP headers:
Host: localhost
User-Agent: Ticketing-WebApp
Authorization: Bearer eyJ0eXAiOiJKV1QiLCJhbGciOiJIUzI1NiJ9.eyJpYXQiOjE1MzQwNzc2ODAsImp0aSI6InJTb3NQTFwvcWxoQnl4cDFoUVwvXC9jTG02alI5cEQzVWx3MEM2ZGdyalZFXC84PSIsImlzcyI6Ijo6MSIsIm5iZiI6MTUzNDA3NzY4MCwiZXhwIjoxNTM0MDc5NDgwLCJkYXRhIjp7InVzZXJuYW1lIjoiYWRlIiwicGFzc3dvcmQiOiJiNzAxNjZkMjM1OWU1NWZmMzQ4NGY1ZDcwMjBjNzBkODZkODkwNzk2IiwiaXAiOiI6OjEiLCJ1c2VyX2FnZW50IjoiVGlja2V0aW5nLVdlYkFwcCJ9fQ.a8o-Nos7BDxXCcPO22VexewvwfQyK24oTeCFCOKfSRA
Connection: close
Request body:

========================================
2018-08-12 19:46:36 
::1 GET /tourism/public-api/v1/countries/1/continent?limit=1 HTTP/1.1
HTTP headers:
Host: localhost
User-Agent: Ticketing-WebApp
Authorization: Bearer eyJ0eXAiOiJKV1QiLCJhbGciOiJIUzI1NiJ9.eyJpYXQiOjE1MzQwNzc2ODAsImp0aSI6InJTb3NQTFwvcWxoQnl4cDFoUVwvXC9jTG02alI5cEQzVWx3MEM2ZGdyalZFXC84PSIsImlzcyI6Ijo6MSIsIm5iZiI6MTUzNDA3NzY4MCwiZXhwIjoxNTM0MDc5NDgwLCJkYXRhIjp7InVzZXJuYW1lIjoiYWRlIiwicGFzc3dvcmQiOiJiNzAxNjZkMjM1OWU1NWZmMzQ4NGY1ZDcwMjBjNzBkODZkODkwNzk2IiwiaXAiOiI6OjEiLCJ1c2VyX2FnZW50IjoiVGlja2V0aW5nLVdlYkFwcCJ9fQ.a8o-Nos7BDxXCcPO22VexewvwfQyK24oTeCFCOKfSRA
Connection: close
Request body:

========================================
2018-08-12 19:46:36 
::1 GET /tourism/public-api/v1/countries/1/continent?limit=0 HTTP/1.1
HTTP headers:
Host: localhost
User-Agent: Ticketing-WebApp
Authorization: Bearer eyJ0eXAiOiJKV1QiLCJhbGciOiJIUzI1NiJ9.eyJpYXQiOjE1MzQwNzc2ODAsImp0aSI6InJTb3NQTFwvcWxoQnl4cDFoUVwvXC9jTG02alI5cEQzVWx3MEM2ZGdyalZFXC84PSIsImlzcyI6Ijo6MSIsIm5iZiI6MTUzNDA3NzY4MCwiZXhwIjoxNTM0MDc5NDgwLCJkYXRhIjp7InVzZXJuYW1lIjoiYWRlIiwicGFzc3dvcmQiOiJiNzAxNjZkMjM1OWU1NWZmMzQ4NGY1ZDcwMjBjNzBkODZkODkwNzk2IiwiaXAiOiI6OjEiLCJ1c2VyX2FnZW50IjoiVGlja2V0aW5nLVdlYkFwcCJ9fQ.a8o-Nos7BDxXCcPO22VexewvwfQyK24oTeCFCOKfSRA
Connection: close
Request body:

========================================
2018-08-12 19:46:39 
::1 GET /tourism/public-api/v1/countries/2/continent?limit=1 HTTP/1.1
HTTP headers:
Host: localhost
User-Agent: Ticketing-WebApp
Authorization: Bearer eyJ0eXAiOiJKV1QiLCJhbGciOiJIUzI1NiJ9.eyJpYXQiOjE1MzQwNzc2ODAsImp0aSI6InJTb3NQTFwvcWxoQnl4cDFoUVwvXC9jTG02alI5cEQzVWx3MEM2ZGdyalZFXC84PSIsImlzcyI6Ijo6MSIsIm5iZiI6MTUzNDA3NzY4MCwiZXhwIjoxNTM0MDc5NDgwLCJkYXRhIjp7InVzZXJuYW1lIjoiYWRlIiwicGFzc3dvcmQiOiJiNzAxNjZkMjM1OWU1NWZmMzQ4NGY1ZDcwMjBjNzBkODZkODkwNzk2IiwiaXAiOiI6OjEiLCJ1c2VyX2FnZW50IjoiVGlja2V0aW5nLVdlYkFwcCJ9fQ.a8o-Nos7BDxXCcPO22VexewvwfQyK24oTeCFCOKfSRA
Connection: close
Request body:

========================================
2018-08-12 19:46:39 
::1 GET /tourism/public-api/v1/countries/2/continent?limit=0 HTTP/1.1
HTTP headers:
Host: localhost
User-Agent: Ticketing-WebApp
Authorization: Bearer eyJ0eXAiOiJKV1QiLCJhbGciOiJIUzI1NiJ9.eyJpYXQiOjE1MzQwNzc2ODAsImp0aSI6InJTb3NQTFwvcWxoQnl4cDFoUVwvXC9jTG02alI5cEQzVWx3MEM2ZGdyalZFXC84PSIsImlzcyI6Ijo6MSIsIm5iZiI6MTUzNDA3NzY4MCwiZXhwIjoxNTM0MDc5NDgwLCJkYXRhIjp7InVzZXJuYW1lIjoiYWRlIiwicGFzc3dvcmQiOiJiNzAxNjZkMjM1OWU1NWZmMzQ4NGY1ZDcwMjBjNzBkODZkODkwNzk2IiwiaXAiOiI6OjEiLCJ1c2VyX2FnZW50IjoiVGlja2V0aW5nLVdlYkFwcCJ9fQ.a8o-Nos7BDxXCcPO22VexewvwfQyK24oTeCFCOKfSRA
Connection: close
Request body:

========================================
2018-08-12 19:47:27 
::1 GET /tourism/public-api/v1/countries/1/continent?limit=1 HTTP/1.1
HTTP headers:
Host: localhost
User-Agent: Ticketing-WebApp
Authorization: Bearer eyJ0eXAiOiJKV1QiLCJhbGciOiJIUzI1NiJ9.eyJpYXQiOjE1MzQwNzc2ODAsImp0aSI6InJTb3NQTFwvcWxoQnl4cDFoUVwvXC9jTG02alI5cEQzVWx3MEM2ZGdyalZFXC84PSIsImlzcyI6Ijo6MSIsIm5iZiI6MTUzNDA3NzY4MCwiZXhwIjoxNTM0MDc5NDgwLCJkYXRhIjp7InVzZXJuYW1lIjoiYWRlIiwicGFzc3dvcmQiOiJiNzAxNjZkMjM1OWU1NWZmMzQ4NGY1ZDcwMjBjNzBkODZkODkwNzk2IiwiaXAiOiI6OjEiLCJ1c2VyX2FnZW50IjoiVGlja2V0aW5nLVdlYkFwcCJ9fQ.a8o-Nos7BDxXCcPO22VexewvwfQyK24oTeCFCOKfSRA
Connection: close
Request body:

========================================
2018-08-12 19:47:27 
::1 GET /tourism/public-api/v1/countries/1/continent?limit=0 HTTP/1.1
HTTP headers:
Host: localhost
User-Agent: Ticketing-WebApp
Authorization: Bearer eyJ0eXAiOiJKV1QiLCJhbGciOiJIUzI1NiJ9.eyJpYXQiOjE1MzQwNzc2ODAsImp0aSI6InJTb3NQTFwvcWxoQnl4cDFoUVwvXC9jTG02alI5cEQzVWx3MEM2ZGdyalZFXC84PSIsImlzcyI6Ijo6MSIsIm5iZiI6MTUzNDA3NzY4MCwiZXhwIjoxNTM0MDc5NDgwLCJkYXRhIjp7InVzZXJuYW1lIjoiYWRlIiwicGFzc3dvcmQiOiJiNzAxNjZkMjM1OWU1NWZmMzQ4NGY1ZDcwMjBjNzBkODZkODkwNzk2IiwiaXAiOiI6OjEiLCJ1c2VyX2FnZW50IjoiVGlja2V0aW5nLVdlYkFwcCJ9fQ.a8o-Nos7BDxXCcPO22VexewvwfQyK24oTeCFCOKfSRA
Connection: close
Request body:

========================================
2018-08-12 19:47:44 
::1 GET /tourism/public-api/v1/countries/3/continent?limit=1 HTTP/1.1
HTTP headers:
Host: localhost
User-Agent: Ticketing-WebApp
Authorization: Bearer eyJ0eXAiOiJKV1QiLCJhbGciOiJIUzI1NiJ9.eyJpYXQiOjE1MzQwNzc2ODAsImp0aSI6InJTb3NQTFwvcWxoQnl4cDFoUVwvXC9jTG02alI5cEQzVWx3MEM2ZGdyalZFXC84PSIsImlzcyI6Ijo6MSIsIm5iZiI6MTUzNDA3NzY4MCwiZXhwIjoxNTM0MDc5NDgwLCJkYXRhIjp7InVzZXJuYW1lIjoiYWRlIiwicGFzc3dvcmQiOiJiNzAxNjZkMjM1OWU1NWZmMzQ4NGY1ZDcwMjBjNzBkODZkODkwNzk2IiwiaXAiOiI6OjEiLCJ1c2VyX2FnZW50IjoiVGlja2V0aW5nLVdlYkFwcCJ9fQ.a8o-Nos7BDxXCcPO22VexewvwfQyK24oTeCFCOKfSRA
Connection: close
Request body:

========================================
2018-08-12 19:47:44 
::1 GET /tourism/public-api/v1/countries/3/continent?limit=0 HTTP/1.1
HTTP headers:
Host: localhost
User-Agent: Ticketing-WebApp
Authorization: Bearer eyJ0eXAiOiJKV1QiLCJhbGciOiJIUzI1NiJ9.eyJpYXQiOjE1MzQwNzc2ODAsImp0aSI6InJTb3NQTFwvcWxoQnl4cDFoUVwvXC9jTG02alI5cEQzVWx3MEM2ZGdyalZFXC84PSIsImlzcyI6Ijo6MSIsIm5iZiI6MTUzNDA3NzY4MCwiZXhwIjoxNTM0MDc5NDgwLCJkYXRhIjp7InVzZXJuYW1lIjoiYWRlIiwicGFzc3dvcmQiOiJiNzAxNjZkMjM1OWU1NWZmMzQ4NGY1ZDcwMjBjNzBkODZkODkwNzk2IiwiaXAiOiI6OjEiLCJ1c2VyX2FnZW50IjoiVGlja2V0aW5nLVdlYkFwcCJ9fQ.a8o-Nos7BDxXCcPO22VexewvwfQyK24oTeCFCOKfSRA
Connection: close
Request body:

========================================
2018-08-12 19:49:21 
::1 GET /tourism/public-api/v1/countries/2/continent?limit=1 HTTP/1.1
HTTP headers:
Host: localhost
User-Agent: Ticketing-WebApp
Authorization: Bearer eyJ0eXAiOiJKV1QiLCJhbGciOiJIUzI1NiJ9.eyJpYXQiOjE1MzQwNzc2ODAsImp0aSI6InJTb3NQTFwvcWxoQnl4cDFoUVwvXC9jTG02alI5cEQzVWx3MEM2ZGdyalZFXC84PSIsImlzcyI6Ijo6MSIsIm5iZiI6MTUzNDA3NzY4MCwiZXhwIjoxNTM0MDc5NDgwLCJkYXRhIjp7InVzZXJuYW1lIjoiYWRlIiwicGFzc3dvcmQiOiJiNzAxNjZkMjM1OWU1NWZmMzQ4NGY1ZDcwMjBjNzBkODZkODkwNzk2IiwiaXAiOiI6OjEiLCJ1c2VyX2FnZW50IjoiVGlja2V0aW5nLVdlYkFwcCJ9fQ.a8o-Nos7BDxXCcPO22VexewvwfQyK24oTeCFCOKfSRA
Connection: close
Request body:

========================================
2018-08-12 19:49:21 
::1 GET /tourism/public-api/v1/countries/2/continent?limit=0 HTTP/1.1
HTTP headers:
Host: localhost
User-Agent: Ticketing-WebApp
Authorization: Bearer eyJ0eXAiOiJKV1QiLCJhbGciOiJIUzI1NiJ9.eyJpYXQiOjE1MzQwNzc2ODAsImp0aSI6InJTb3NQTFwvcWxoQnl4cDFoUVwvXC9jTG02alI5cEQzVWx3MEM2ZGdyalZFXC84PSIsImlzcyI6Ijo6MSIsIm5iZiI6MTUzNDA3NzY4MCwiZXhwIjoxNTM0MDc5NDgwLCJkYXRhIjp7InVzZXJuYW1lIjoiYWRlIiwicGFzc3dvcmQiOiJiNzAxNjZkMjM1OWU1NWZmMzQ4NGY1ZDcwMjBjNzBkODZkODkwNzk2IiwiaXAiOiI6OjEiLCJ1c2VyX2FnZW50IjoiVGlja2V0aW5nLVdlYkFwcCJ9fQ.a8o-Nos7BDxXCcPO22VexewvwfQyK24oTeCFCOKfSRA
Connection: close
Request body:

========================================
2018-08-12 19:49:24 
::1 GET /tourism/public-api/v1/countries/3/continent?limit=1 HTTP/1.1
HTTP headers:
Host: localhost
User-Agent: Ticketing-WebApp
Authorization: Bearer eyJ0eXAiOiJKV1QiLCJhbGciOiJIUzI1NiJ9.eyJpYXQiOjE1MzQwNzc2ODAsImp0aSI6InJTb3NQTFwvcWxoQnl4cDFoUVwvXC9jTG02alI5cEQzVWx3MEM2ZGdyalZFXC84PSIsImlzcyI6Ijo6MSIsIm5iZiI6MTUzNDA3NzY4MCwiZXhwIjoxNTM0MDc5NDgwLCJkYXRhIjp7InVzZXJuYW1lIjoiYWRlIiwicGFzc3dvcmQiOiJiNzAxNjZkMjM1OWU1NWZmMzQ4NGY1ZDcwMjBjNzBkODZkODkwNzk2IiwiaXAiOiI6OjEiLCJ1c2VyX2FnZW50IjoiVGlja2V0aW5nLVdlYkFwcCJ9fQ.a8o-Nos7BDxXCcPO22VexewvwfQyK24oTeCFCOKfSRA
Connection: close
Request body:

========================================
2018-08-12 19:49:24 
::1 GET /tourism/public-api/v1/countries/3/continent?limit=0 HTTP/1.1
HTTP headers:
Host: localhost
User-Agent: Ticketing-WebApp
Authorization: Bearer eyJ0eXAiOiJKV1QiLCJhbGciOiJIUzI1NiJ9.eyJpYXQiOjE1MzQwNzc2ODAsImp0aSI6InJTb3NQTFwvcWxoQnl4cDFoUVwvXC9jTG02alI5cEQzVWx3MEM2ZGdyalZFXC84PSIsImlzcyI6Ijo6MSIsIm5iZiI6MTUzNDA3NzY4MCwiZXhwIjoxNTM0MDc5NDgwLCJkYXRhIjp7InVzZXJuYW1lIjoiYWRlIiwicGFzc3dvcmQiOiJiNzAxNjZkMjM1OWU1NWZmMzQ4NGY1ZDcwMjBjNzBkODZkODkwNzk2IiwiaXAiOiI6OjEiLCJ1c2VyX2FnZW50IjoiVGlja2V0aW5nLVdlYkFwcCJ9fQ.a8o-Nos7BDxXCcPO22VexewvwfQyK24oTeCFCOKfSRA
Connection: close
Request body:

========================================
2018-08-12 19:49:26 
::1 GET /tourism/public-api/v1/countries/4/continent?limit=1 HTTP/1.1
HTTP headers:
Host: localhost
User-Agent: Ticketing-WebApp
Authorization: Bearer eyJ0eXAiOiJKV1QiLCJhbGciOiJIUzI1NiJ9.eyJpYXQiOjE1MzQwNzc2ODAsImp0aSI6InJTb3NQTFwvcWxoQnl4cDFoUVwvXC9jTG02alI5cEQzVWx3MEM2ZGdyalZFXC84PSIsImlzcyI6Ijo6MSIsIm5iZiI6MTUzNDA3NzY4MCwiZXhwIjoxNTM0MDc5NDgwLCJkYXRhIjp7InVzZXJuYW1lIjoiYWRlIiwicGFzc3dvcmQiOiJiNzAxNjZkMjM1OWU1NWZmMzQ4NGY1ZDcwMjBjNzBkODZkODkwNzk2IiwiaXAiOiI6OjEiLCJ1c2VyX2FnZW50IjoiVGlja2V0aW5nLVdlYkFwcCJ9fQ.a8o-Nos7BDxXCcPO22VexewvwfQyK24oTeCFCOKfSRA
Connection: close
Request body:

========================================
2018-08-12 19:49:27 
::1 GET /tourism/public-api/v1/countries/4/continent?limit=0 HTTP/1.1
HTTP headers:
Host: localhost
User-Agent: Ticketing-WebApp
Authorization: Bearer eyJ0eXAiOiJKV1QiLCJhbGciOiJIUzI1NiJ9.eyJpYXQiOjE1MzQwNzc2ODAsImp0aSI6InJTb3NQTFwvcWxoQnl4cDFoUVwvXC9jTG02alI5cEQzVWx3MEM2ZGdyalZFXC84PSIsImlzcyI6Ijo6MSIsIm5iZiI6MTUzNDA3NzY4MCwiZXhwIjoxNTM0MDc5NDgwLCJkYXRhIjp7InVzZXJuYW1lIjoiYWRlIiwicGFzc3dvcmQiOiJiNzAxNjZkMjM1OWU1NWZmMzQ4NGY1ZDcwMjBjNzBkODZkODkwNzk2IiwiaXAiOiI6OjEiLCJ1c2VyX2FnZW50IjoiVGlja2V0aW5nLVdlYkFwcCJ9fQ.a8o-Nos7BDxXCcPO22VexewvwfQyK24oTeCFCOKfSRA
Connection: close
Request body:

========================================
2018-08-12 19:49:34 
::1 GET /tourism/public-api/v1/countries/2/continent?limit=1 HTTP/1.1
HTTP headers:
Host: localhost
User-Agent: Ticketing-WebApp
Authorization: Bearer eyJ0eXAiOiJKV1QiLCJhbGciOiJIUzI1NiJ9.eyJpYXQiOjE1MzQwNzc2ODAsImp0aSI6InJTb3NQTFwvcWxoQnl4cDFoUVwvXC9jTG02alI5cEQzVWx3MEM2ZGdyalZFXC84PSIsImlzcyI6Ijo6MSIsIm5iZiI6MTUzNDA3NzY4MCwiZXhwIjoxNTM0MDc5NDgwLCJkYXRhIjp7InVzZXJuYW1lIjoiYWRlIiwicGFzc3dvcmQiOiJiNzAxNjZkMjM1OWU1NWZmMzQ4NGY1ZDcwMjBjNzBkODZkODkwNzk2IiwiaXAiOiI6OjEiLCJ1c2VyX2FnZW50IjoiVGlja2V0aW5nLVdlYkFwcCJ9fQ.a8o-Nos7BDxXCcPO22VexewvwfQyK24oTeCFCOKfSRA
Connection: close
Request body:

========================================
2018-08-12 19:49:35 
::1 GET /tourism/public-api/v1/countries/2/continent?limit=0 HTTP/1.1
HTTP headers:
Host: localhost
User-Agent: Ticketing-WebApp
Authorization: Bearer eyJ0eXAiOiJKV1QiLCJhbGciOiJIUzI1NiJ9.eyJpYXQiOjE1MzQwNzc2ODAsImp0aSI6InJTb3NQTFwvcWxoQnl4cDFoUVwvXC9jTG02alI5cEQzVWx3MEM2ZGdyalZFXC84PSIsImlzcyI6Ijo6MSIsIm5iZiI6MTUzNDA3NzY4MCwiZXhwIjoxNTM0MDc5NDgwLCJkYXRhIjp7InVzZXJuYW1lIjoiYWRlIiwicGFzc3dvcmQiOiJiNzAxNjZkMjM1OWU1NWZmMzQ4NGY1ZDcwMjBjNzBkODZkODkwNzk2IiwiaXAiOiI6OjEiLCJ1c2VyX2FnZW50IjoiVGlja2V0aW5nLVdlYkFwcCJ9fQ.a8o-Nos7BDxXCcPO22VexewvwfQyK24oTeCFCOKfSRA
Connection: close
Request body:

========================================
2018-08-12 19:49:43 
::1 GET /tourism/public-api/v1/countries/7/continent?limit=1 HTTP/1.1
HTTP headers:
Host: localhost
User-Agent: Ticketing-WebApp
Authorization: Bearer eyJ0eXAiOiJKV1QiLCJhbGciOiJIUzI1NiJ9.eyJpYXQiOjE1MzQwNzc2ODAsImp0aSI6InJTb3NQTFwvcWxoQnl4cDFoUVwvXC9jTG02alI5cEQzVWx3MEM2ZGdyalZFXC84PSIsImlzcyI6Ijo6MSIsIm5iZiI6MTUzNDA3NzY4MCwiZXhwIjoxNTM0MDc5NDgwLCJkYXRhIjp7InVzZXJuYW1lIjoiYWRlIiwicGFzc3dvcmQiOiJiNzAxNjZkMjM1OWU1NWZmMzQ4NGY1ZDcwMjBjNzBkODZkODkwNzk2IiwiaXAiOiI6OjEiLCJ1c2VyX2FnZW50IjoiVGlja2V0aW5nLVdlYkFwcCJ9fQ.a8o-Nos7BDxXCcPO22VexewvwfQyK24oTeCFCOKfSRA
Connection: close
Request body:

========================================
2018-08-12 19:49:43 
::1 GET /tourism/public-api/v1/countries/7/continent?limit=0 HTTP/1.1
HTTP headers:
Host: localhost
User-Agent: Ticketing-WebApp
Authorization: Bearer eyJ0eXAiOiJKV1QiLCJhbGciOiJIUzI1NiJ9.eyJpYXQiOjE1MzQwNzc2ODAsImp0aSI6InJTb3NQTFwvcWxoQnl4cDFoUVwvXC9jTG02alI5cEQzVWx3MEM2ZGdyalZFXC84PSIsImlzcyI6Ijo6MSIsIm5iZiI6MTUzNDA3NzY4MCwiZXhwIjoxNTM0MDc5NDgwLCJkYXRhIjp7InVzZXJuYW1lIjoiYWRlIiwicGFzc3dvcmQiOiJiNzAxNjZkMjM1OWU1NWZmMzQ4NGY1ZDcwMjBjNzBkODZkODkwNzk2IiwiaXAiOiI6OjEiLCJ1c2VyX2FnZW50IjoiVGlja2V0aW5nLVdlYkFwcCJ9fQ.a8o-Nos7BDxXCcPO22VexewvwfQyK24oTeCFCOKfSRA
Connection: close
Request body:

========================================
2018-08-12 19:49:55 
::1 GET /tourism/public-api/v1/countries/2/continent?limit=1 HTTP/1.1
HTTP headers:
Host: localhost
User-Agent: Ticketing-WebApp
Authorization: Bearer eyJ0eXAiOiJKV1QiLCJhbGciOiJIUzI1NiJ9.eyJpYXQiOjE1MzQwNzc2ODAsImp0aSI6InJTb3NQTFwvcWxoQnl4cDFoUVwvXC9jTG02alI5cEQzVWx3MEM2ZGdyalZFXC84PSIsImlzcyI6Ijo6MSIsIm5iZiI6MTUzNDA3NzY4MCwiZXhwIjoxNTM0MDc5NDgwLCJkYXRhIjp7InVzZXJuYW1lIjoiYWRlIiwicGFzc3dvcmQiOiJiNzAxNjZkMjM1OWU1NWZmMzQ4NGY1ZDcwMjBjNzBkODZkODkwNzk2IiwiaXAiOiI6OjEiLCJ1c2VyX2FnZW50IjoiVGlja2V0aW5nLVdlYkFwcCJ9fQ.a8o-Nos7BDxXCcPO22VexewvwfQyK24oTeCFCOKfSRA
Connection: close
Request body:

========================================
2018-08-12 19:49:55 
::1 GET /tourism/public-api/v1/countries/2/continent?limit=0 HTTP/1.1
HTTP headers:
Host: localhost
User-Agent: Ticketing-WebApp
Authorization: Bearer eyJ0eXAiOiJKV1QiLCJhbGciOiJIUzI1NiJ9.eyJpYXQiOjE1MzQwNzc2ODAsImp0aSI6InJTb3NQTFwvcWxoQnl4cDFoUVwvXC9jTG02alI5cEQzVWx3MEM2ZGdyalZFXC84PSIsImlzcyI6Ijo6MSIsIm5iZiI6MTUzNDA3NzY4MCwiZXhwIjoxNTM0MDc5NDgwLCJkYXRhIjp7InVzZXJuYW1lIjoiYWRlIiwicGFzc3dvcmQiOiJiNzAxNjZkMjM1OWU1NWZmMzQ4NGY1ZDcwMjBjNzBkODZkODkwNzk2IiwiaXAiOiI6OjEiLCJ1c2VyX2FnZW50IjoiVGlja2V0aW5nLVdlYkFwcCJ9fQ.a8o-Nos7BDxXCcPO22VexewvwfQyK24oTeCFCOKfSRA
Connection: close
Request body:

========================================
2018-08-12 19:49:58 
::1 GET /tourism/public-api/v1/countries/1/continent?limit=1 HTTP/1.1
HTTP headers:
Host: localhost
User-Agent: Ticketing-WebApp
Authorization: Bearer eyJ0eXAiOiJKV1QiLCJhbGciOiJIUzI1NiJ9.eyJpYXQiOjE1MzQwNzc2ODAsImp0aSI6InJTb3NQTFwvcWxoQnl4cDFoUVwvXC9jTG02alI5cEQzVWx3MEM2ZGdyalZFXC84PSIsImlzcyI6Ijo6MSIsIm5iZiI6MTUzNDA3NzY4MCwiZXhwIjoxNTM0MDc5NDgwLCJkYXRhIjp7InVzZXJuYW1lIjoiYWRlIiwicGFzc3dvcmQiOiJiNzAxNjZkMjM1OWU1NWZmMzQ4NGY1ZDcwMjBjNzBkODZkODkwNzk2IiwiaXAiOiI6OjEiLCJ1c2VyX2FnZW50IjoiVGlja2V0aW5nLVdlYkFwcCJ9fQ.a8o-Nos7BDxXCcPO22VexewvwfQyK24oTeCFCOKfSRA
Connection: close
Request body:

========================================
2018-08-12 19:49:58 
::1 GET /tourism/public-api/v1/countries/1/continent?limit=0 HTTP/1.1
HTTP headers:
Host: localhost
User-Agent: Ticketing-WebApp
Authorization: Bearer eyJ0eXAiOiJKV1QiLCJhbGciOiJIUzI1NiJ9.eyJpYXQiOjE1MzQwNzc2ODAsImp0aSI6InJTb3NQTFwvcWxoQnl4cDFoUVwvXC9jTG02alI5cEQzVWx3MEM2ZGdyalZFXC84PSIsImlzcyI6Ijo6MSIsIm5iZiI6MTUzNDA3NzY4MCwiZXhwIjoxNTM0MDc5NDgwLCJkYXRhIjp7InVzZXJuYW1lIjoiYWRlIiwicGFzc3dvcmQiOiJiNzAxNjZkMjM1OWU1NWZmMzQ4NGY1ZDcwMjBjNzBkODZkODkwNzk2IiwiaXAiOiI6OjEiLCJ1c2VyX2FnZW50IjoiVGlja2V0aW5nLVdlYkFwcCJ9fQ.a8o-Nos7BDxXCcPO22VexewvwfQyK24oTeCFCOKfSRA
Connection: close
Request body:

========================================
2018-08-12 19:52:07 
::1 GET /tourism/public-api/v1/countries/3/continent?limit=1 HTTP/1.1
HTTP headers:
Host: localhost
User-Agent: Ticketing-WebApp
Authorization: Bearer eyJ0eXAiOiJKV1QiLCJhbGciOiJIUzI1NiJ9.eyJpYXQiOjE1MzQwNzc2ODAsImp0aSI6InJTb3NQTFwvcWxoQnl4cDFoUVwvXC9jTG02alI5cEQzVWx3MEM2ZGdyalZFXC84PSIsImlzcyI6Ijo6MSIsIm5iZiI6MTUzNDA3NzY4MCwiZXhwIjoxNTM0MDc5NDgwLCJkYXRhIjp7InVzZXJuYW1lIjoiYWRlIiwicGFzc3dvcmQiOiJiNzAxNjZkMjM1OWU1NWZmMzQ4NGY1ZDcwMjBjNzBkODZkODkwNzk2IiwiaXAiOiI6OjEiLCJ1c2VyX2FnZW50IjoiVGlja2V0aW5nLVdlYkFwcCJ9fQ.a8o-Nos7BDxXCcPO22VexewvwfQyK24oTeCFCOKfSRA
Connection: close
Request body:

========================================
2018-08-12 19:52:07 
::1 GET /tourism/public-api/v1/countries/3/continent?limit=0 HTTP/1.1
HTTP headers:
Host: localhost
User-Agent: Ticketing-WebApp
Authorization: Bearer eyJ0eXAiOiJKV1QiLCJhbGciOiJIUzI1NiJ9.eyJpYXQiOjE1MzQwNzc2ODAsImp0aSI6InJTb3NQTFwvcWxoQnl4cDFoUVwvXC9jTG02alI5cEQzVWx3MEM2ZGdyalZFXC84PSIsImlzcyI6Ijo6MSIsIm5iZiI6MTUzNDA3NzY4MCwiZXhwIjoxNTM0MDc5NDgwLCJkYXRhIjp7InVzZXJuYW1lIjoiYWRlIiwicGFzc3dvcmQiOiJiNzAxNjZkMjM1OWU1NWZmMzQ4NGY1ZDcwMjBjNzBkODZkODkwNzk2IiwiaXAiOiI6OjEiLCJ1c2VyX2FnZW50IjoiVGlja2V0aW5nLVdlYkFwcCJ9fQ.a8o-Nos7BDxXCcPO22VexewvwfQyK24oTeCFCOKfSRA
Connection: close
Request body:

========================================
2018-08-12 19:52:09 
::1 GET /tourism/public-api/v1/countries/4/continent?limit=1 HTTP/1.1
HTTP headers:
Host: localhost
User-Agent: Ticketing-WebApp
Authorization: Bearer eyJ0eXAiOiJKV1QiLCJhbGciOiJIUzI1NiJ9.eyJpYXQiOjE1MzQwNzc2ODAsImp0aSI6InJTb3NQTFwvcWxoQnl4cDFoUVwvXC9jTG02alI5cEQzVWx3MEM2ZGdyalZFXC84PSIsImlzcyI6Ijo6MSIsIm5iZiI6MTUzNDA3NzY4MCwiZXhwIjoxNTM0MDc5NDgwLCJkYXRhIjp7InVzZXJuYW1lIjoiYWRlIiwicGFzc3dvcmQiOiJiNzAxNjZkMjM1OWU1NWZmMzQ4NGY1ZDcwMjBjNzBkODZkODkwNzk2IiwiaXAiOiI6OjEiLCJ1c2VyX2FnZW50IjoiVGlja2V0aW5nLVdlYkFwcCJ9fQ.a8o-Nos7BDxXCcPO22VexewvwfQyK24oTeCFCOKfSRA
Connection: close
Request body:

========================================
2018-08-12 19:52:09 
::1 GET /tourism/public-api/v1/countries/4/continent?limit=0 HTTP/1.1
HTTP headers:
Host: localhost
User-Agent: Ticketing-WebApp
Authorization: Bearer eyJ0eXAiOiJKV1QiLCJhbGciOiJIUzI1NiJ9.eyJpYXQiOjE1MzQwNzc2ODAsImp0aSI6InJTb3NQTFwvcWxoQnl4cDFoUVwvXC9jTG02alI5cEQzVWx3MEM2ZGdyalZFXC84PSIsImlzcyI6Ijo6MSIsIm5iZiI6MTUzNDA3NzY4MCwiZXhwIjoxNTM0MDc5NDgwLCJkYXRhIjp7InVzZXJuYW1lIjoiYWRlIiwicGFzc3dvcmQiOiJiNzAxNjZkMjM1OWU1NWZmMzQ4NGY1ZDcwMjBjNzBkODZkODkwNzk2IiwiaXAiOiI6OjEiLCJ1c2VyX2FnZW50IjoiVGlja2V0aW5nLVdlYkFwcCJ9fQ.a8o-Nos7BDxXCcPO22VexewvwfQyK24oTeCFCOKfSRA
Connection: close
Request body:

========================================
2018-08-12 19:52:50 
::1 GET /tourism/public-api/v1/countries/4/continent?limit=1 HTTP/1.1
HTTP headers:
Host: localhost
User-Agent: Ticketing-WebApp
Authorization: Bearer eyJ0eXAiOiJKV1QiLCJhbGciOiJIUzI1NiJ9.eyJpYXQiOjE1MzQwNzc2ODAsImp0aSI6InJTb3NQTFwvcWxoQnl4cDFoUVwvXC9jTG02alI5cEQzVWx3MEM2ZGdyalZFXC84PSIsImlzcyI6Ijo6MSIsIm5iZiI6MTUzNDA3NzY4MCwiZXhwIjoxNTM0MDc5NDgwLCJkYXRhIjp7InVzZXJuYW1lIjoiYWRlIiwicGFzc3dvcmQiOiJiNzAxNjZkMjM1OWU1NWZmMzQ4NGY1ZDcwMjBjNzBkODZkODkwNzk2IiwiaXAiOiI6OjEiLCJ1c2VyX2FnZW50IjoiVGlja2V0aW5nLVdlYkFwcCJ9fQ.a8o-Nos7BDxXCcPO22VexewvwfQyK24oTeCFCOKfSRA
Connection: close
Request body:

========================================
2018-08-12 19:52:50 
::1 GET /tourism/public-api/v1/countries/4/continent?limit=0 HTTP/1.1
HTTP headers:
Host: localhost
User-Agent: Ticketing-WebApp
Authorization: Bearer eyJ0eXAiOiJKV1QiLCJhbGciOiJIUzI1NiJ9.eyJpYXQiOjE1MzQwNzc2ODAsImp0aSI6InJTb3NQTFwvcWxoQnl4cDFoUVwvXC9jTG02alI5cEQzVWx3MEM2ZGdyalZFXC84PSIsImlzcyI6Ijo6MSIsIm5iZiI6MTUzNDA3NzY4MCwiZXhwIjoxNTM0MDc5NDgwLCJkYXRhIjp7InVzZXJuYW1lIjoiYWRlIiwicGFzc3dvcmQiOiJiNzAxNjZkMjM1OWU1NWZmMzQ4NGY1ZDcwMjBjNzBkODZkODkwNzk2IiwiaXAiOiI6OjEiLCJ1c2VyX2FnZW50IjoiVGlja2V0aW5nLVdlYkFwcCJ9fQ.a8o-Nos7BDxXCcPO22VexewvwfQyK24oTeCFCOKfSRA
Connection: close
Request body:

========================================
2018-08-12 19:52:52 
::1 GET /tourism/public-api/v1/countries/5/continent?limit=1 HTTP/1.1
HTTP headers:
Host: localhost
User-Agent: Ticketing-WebApp
Authorization: Bearer eyJ0eXAiOiJKV1QiLCJhbGciOiJIUzI1NiJ9.eyJpYXQiOjE1MzQwNzc2ODAsImp0aSI6InJTb3NQTFwvcWxoQnl4cDFoUVwvXC9jTG02alI5cEQzVWx3MEM2ZGdyalZFXC84PSIsImlzcyI6Ijo6MSIsIm5iZiI6MTUzNDA3NzY4MCwiZXhwIjoxNTM0MDc5NDgwLCJkYXRhIjp7InVzZXJuYW1lIjoiYWRlIiwicGFzc3dvcmQiOiJiNzAxNjZkMjM1OWU1NWZmMzQ4NGY1ZDcwMjBjNzBkODZkODkwNzk2IiwiaXAiOiI6OjEiLCJ1c2VyX2FnZW50IjoiVGlja2V0aW5nLVdlYkFwcCJ9fQ.a8o-Nos7BDxXCcPO22VexewvwfQyK24oTeCFCOKfSRA
Connection: close
Request body:

========================================
2018-08-12 19:52:52 
::1 GET /tourism/public-api/v1/countries/5/continent?limit=1 HTTP/1.1
HTTP headers:
Host: localhost
User-Agent: Ticketing-WebApp
Authorization: Bearer eyJ0eXAiOiJKV1QiLCJhbGciOiJIUzI1NiJ9.eyJpYXQiOjE1MzQwNzc2ODAsImp0aSI6InJTb3NQTFwvcWxoQnl4cDFoUVwvXC9jTG02alI5cEQzVWx3MEM2ZGdyalZFXC84PSIsImlzcyI6Ijo6MSIsIm5iZiI6MTUzNDA3NzY4MCwiZXhwIjoxNTM0MDc5NDgwLCJkYXRhIjp7InVzZXJuYW1lIjoiYWRlIiwicGFzc3dvcmQiOiJiNzAxNjZkMjM1OWU1NWZmMzQ4NGY1ZDcwMjBjNzBkODZkODkwNzk2IiwiaXAiOiI6OjEiLCJ1c2VyX2FnZW50IjoiVGlja2V0aW5nLVdlYkFwcCJ9fQ.a8o-Nos7BDxXCcPO22VexewvwfQyK24oTeCFCOKfSRA
Connection: close
Request body:

========================================
2018-08-12 19:52:57 
::1 GET /tourism/public-api/v1/countries/3/continent?limit=1 HTTP/1.1
HTTP headers:
Host: localhost
User-Agent: Ticketing-WebApp
Authorization: Bearer eyJ0eXAiOiJKV1QiLCJhbGciOiJIUzI1NiJ9.eyJpYXQiOjE1MzQwNzc2ODAsImp0aSI6InJTb3NQTFwvcWxoQnl4cDFoUVwvXC9jTG02alI5cEQzVWx3MEM2ZGdyalZFXC84PSIsImlzcyI6Ijo6MSIsIm5iZiI6MTUzNDA3NzY4MCwiZXhwIjoxNTM0MDc5NDgwLCJkYXRhIjp7InVzZXJuYW1lIjoiYWRlIiwicGFzc3dvcmQiOiJiNzAxNjZkMjM1OWU1NWZmMzQ4NGY1ZDcwMjBjNzBkODZkODkwNzk2IiwiaXAiOiI6OjEiLCJ1c2VyX2FnZW50IjoiVGlja2V0aW5nLVdlYkFwcCJ9fQ.a8o-Nos7BDxXCcPO22VexewvwfQyK24oTeCFCOKfSRA
Connection: close
Request body:

========================================
2018-08-12 19:52:57 
::1 GET /tourism/public-api/v1/countries/3/continent?limit=0 HTTP/1.1
HTTP headers:
Host: localhost
User-Agent: Ticketing-WebApp
Authorization: Bearer eyJ0eXAiOiJKV1QiLCJhbGciOiJIUzI1NiJ9.eyJpYXQiOjE1MzQwNzc2ODAsImp0aSI6InJTb3NQTFwvcWxoQnl4cDFoUVwvXC9jTG02alI5cEQzVWx3MEM2ZGdyalZFXC84PSIsImlzcyI6Ijo6MSIsIm5iZiI6MTUzNDA3NzY4MCwiZXhwIjoxNTM0MDc5NDgwLCJkYXRhIjp7InVzZXJuYW1lIjoiYWRlIiwicGFzc3dvcmQiOiJiNzAxNjZkMjM1OWU1NWZmMzQ4NGY1ZDcwMjBjNzBkODZkODkwNzk2IiwiaXAiOiI6OjEiLCJ1c2VyX2FnZW50IjoiVGlja2V0aW5nLVdlYkFwcCJ9fQ.a8o-Nos7BDxXCcPO22VexewvwfQyK24oTeCFCOKfSRA
Connection: close
Request body:

========================================
2018-08-12 19:53:04 
::1 GET /tourism/public-api/v1/countries/6/continent?limit=1 HTTP/1.1
HTTP headers:
Host: localhost
User-Agent: Ticketing-WebApp
Authorization: Bearer eyJ0eXAiOiJKV1QiLCJhbGciOiJIUzI1NiJ9.eyJpYXQiOjE1MzQwNzc2ODAsImp0aSI6InJTb3NQTFwvcWxoQnl4cDFoUVwvXC9jTG02alI5cEQzVWx3MEM2ZGdyalZFXC84PSIsImlzcyI6Ijo6MSIsIm5iZiI6MTUzNDA3NzY4MCwiZXhwIjoxNTM0MDc5NDgwLCJkYXRhIjp7InVzZXJuYW1lIjoiYWRlIiwicGFzc3dvcmQiOiJiNzAxNjZkMjM1OWU1NWZmMzQ4NGY1ZDcwMjBjNzBkODZkODkwNzk2IiwiaXAiOiI6OjEiLCJ1c2VyX2FnZW50IjoiVGlja2V0aW5nLVdlYkFwcCJ9fQ.a8o-Nos7BDxXCcPO22VexewvwfQyK24oTeCFCOKfSRA
Connection: close
Request body:

========================================
2018-08-12 19:53:04 
::1 GET /tourism/public-api/v1/countries/6/continent?limit=0 HTTP/1.1
HTTP headers:
Host: localhost
User-Agent: Ticketing-WebApp
Authorization: Bearer eyJ0eXAiOiJKV1QiLCJhbGciOiJIUzI1NiJ9.eyJpYXQiOjE1MzQwNzc2ODAsImp0aSI6InJTb3NQTFwvcWxoQnl4cDFoUVwvXC9jTG02alI5cEQzVWx3MEM2ZGdyalZFXC84PSIsImlzcyI6Ijo6MSIsIm5iZiI6MTUzNDA3NzY4MCwiZXhwIjoxNTM0MDc5NDgwLCJkYXRhIjp7InVzZXJuYW1lIjoiYWRlIiwicGFzc3dvcmQiOiJiNzAxNjZkMjM1OWU1NWZmMzQ4NGY1ZDcwMjBjNzBkODZkODkwNzk2IiwiaXAiOiI6OjEiLCJ1c2VyX2FnZW50IjoiVGlja2V0aW5nLVdlYkFwcCJ9fQ.a8o-Nos7BDxXCcPO22VexewvwfQyK24oTeCFCOKfSRA
Connection: close
Request body:

========================================
2018-08-12 19:53:22 
::1 GET /tourism/public-api/v1/countries/4/continent?limit=1 HTTP/1.1
HTTP headers:
Host: localhost
User-Agent: Ticketing-WebApp
Authorization: Bearer eyJ0eXAiOiJKV1QiLCJhbGciOiJIUzI1NiJ9.eyJpYXQiOjE1MzQwNzc2ODAsImp0aSI6InJTb3NQTFwvcWxoQnl4cDFoUVwvXC9jTG02alI5cEQzVWx3MEM2ZGdyalZFXC84PSIsImlzcyI6Ijo6MSIsIm5iZiI6MTUzNDA3NzY4MCwiZXhwIjoxNTM0MDc5NDgwLCJkYXRhIjp7InVzZXJuYW1lIjoiYWRlIiwicGFzc3dvcmQiOiJiNzAxNjZkMjM1OWU1NWZmMzQ4NGY1ZDcwMjBjNzBkODZkODkwNzk2IiwiaXAiOiI6OjEiLCJ1c2VyX2FnZW50IjoiVGlja2V0aW5nLVdlYkFwcCJ9fQ.a8o-Nos7BDxXCcPO22VexewvwfQyK24oTeCFCOKfSRA
Connection: close
Request body:

========================================
2018-08-12 19:53:22 
::1 GET /tourism/public-api/v1/countries/4/continent?limit=0 HTTP/1.1
HTTP headers:
Host: localhost
User-Agent: Ticketing-WebApp
Authorization: Bearer eyJ0eXAiOiJKV1QiLCJhbGciOiJIUzI1NiJ9.eyJpYXQiOjE1MzQwNzc2ODAsImp0aSI6InJTb3NQTFwvcWxoQnl4cDFoUVwvXC9jTG02alI5cEQzVWx3MEM2ZGdyalZFXC84PSIsImlzcyI6Ijo6MSIsIm5iZiI6MTUzNDA3NzY4MCwiZXhwIjoxNTM0MDc5NDgwLCJkYXRhIjp7InVzZXJuYW1lIjoiYWRlIiwicGFzc3dvcmQiOiJiNzAxNjZkMjM1OWU1NWZmMzQ4NGY1ZDcwMjBjNzBkODZkODkwNzk2IiwiaXAiOiI6OjEiLCJ1c2VyX2FnZW50IjoiVGlja2V0aW5nLVdlYkFwcCJ9fQ.a8o-Nos7BDxXCcPO22VexewvwfQyK24oTeCFCOKfSRA
Connection: close
Request body:

========================================
2018-08-12 19:53:23 
::1 GET /tourism/public-api/v1/countries/3/continent?limit=1 HTTP/1.1
HTTP headers:
Host: localhost
User-Agent: Ticketing-WebApp
Authorization: Bearer eyJ0eXAiOiJKV1QiLCJhbGciOiJIUzI1NiJ9.eyJpYXQiOjE1MzQwNzc2ODAsImp0aSI6InJTb3NQTFwvcWxoQnl4cDFoUVwvXC9jTG02alI5cEQzVWx3MEM2ZGdyalZFXC84PSIsImlzcyI6Ijo6MSIsIm5iZiI6MTUzNDA3NzY4MCwiZXhwIjoxNTM0MDc5NDgwLCJkYXRhIjp7InVzZXJuYW1lIjoiYWRlIiwicGFzc3dvcmQiOiJiNzAxNjZkMjM1OWU1NWZmMzQ4NGY1ZDcwMjBjNzBkODZkODkwNzk2IiwiaXAiOiI6OjEiLCJ1c2VyX2FnZW50IjoiVGlja2V0aW5nLVdlYkFwcCJ9fQ.a8o-Nos7BDxXCcPO22VexewvwfQyK24oTeCFCOKfSRA
Connection: close
Request body:

========================================
2018-08-12 19:53:23 
::1 GET /tourism/public-api/v1/countries/3/continent?limit=0 HTTP/1.1
HTTP headers:
Host: localhost
User-Agent: Ticketing-WebApp
Authorization: Bearer eyJ0eXAiOiJKV1QiLCJhbGciOiJIUzI1NiJ9.eyJpYXQiOjE1MzQwNzc2ODAsImp0aSI6InJTb3NQTFwvcWxoQnl4cDFoUVwvXC9jTG02alI5cEQzVWx3MEM2ZGdyalZFXC84PSIsImlzcyI6Ijo6MSIsIm5iZiI6MTUzNDA3NzY4MCwiZXhwIjoxNTM0MDc5NDgwLCJkYXRhIjp7InVzZXJuYW1lIjoiYWRlIiwicGFzc3dvcmQiOiJiNzAxNjZkMjM1OWU1NWZmMzQ4NGY1ZDcwMjBjNzBkODZkODkwNzk2IiwiaXAiOiI6OjEiLCJ1c2VyX2FnZW50IjoiVGlja2V0aW5nLVdlYkFwcCJ9fQ.a8o-Nos7BDxXCcPO22VexewvwfQyK24oTeCFCOKfSRA
Connection: close
Request body:

========================================
2018-08-12 19:53:38 
::1 GET /tourism/public-api/v1/countries/2/continent?limit=1 HTTP/1.1
HTTP headers:
Host: localhost
User-Agent: Ticketing-WebApp
Authorization: Bearer eyJ0eXAiOiJKV1QiLCJhbGciOiJIUzI1NiJ9.eyJpYXQiOjE1MzQwNzc2ODAsImp0aSI6InJTb3NQTFwvcWxoQnl4cDFoUVwvXC9jTG02alI5cEQzVWx3MEM2ZGdyalZFXC84PSIsImlzcyI6Ijo6MSIsIm5iZiI6MTUzNDA3NzY4MCwiZXhwIjoxNTM0MDc5NDgwLCJkYXRhIjp7InVzZXJuYW1lIjoiYWRlIiwicGFzc3dvcmQiOiJiNzAxNjZkMjM1OWU1NWZmMzQ4NGY1ZDcwMjBjNzBkODZkODkwNzk2IiwiaXAiOiI6OjEiLCJ1c2VyX2FnZW50IjoiVGlja2V0aW5nLVdlYkFwcCJ9fQ.a8o-Nos7BDxXCcPO22VexewvwfQyK24oTeCFCOKfSRA
Connection: close
Request body:

========================================
2018-08-12 19:53:38 
::1 GET /tourism/public-api/v1/countries/2/continent?limit=0 HTTP/1.1
HTTP headers:
Host: localhost
User-Agent: Ticketing-WebApp
Authorization: Bearer eyJ0eXAiOiJKV1QiLCJhbGciOiJIUzI1NiJ9.eyJpYXQiOjE1MzQwNzc2ODAsImp0aSI6InJTb3NQTFwvcWxoQnl4cDFoUVwvXC9jTG02alI5cEQzVWx3MEM2ZGdyalZFXC84PSIsImlzcyI6Ijo6MSIsIm5iZiI6MTUzNDA3NzY4MCwiZXhwIjoxNTM0MDc5NDgwLCJkYXRhIjp7InVzZXJuYW1lIjoiYWRlIiwicGFzc3dvcmQiOiJiNzAxNjZkMjM1OWU1NWZmMzQ4NGY1ZDcwMjBjNzBkODZkODkwNzk2IiwiaXAiOiI6OjEiLCJ1c2VyX2FnZW50IjoiVGlja2V0aW5nLVdlYkFwcCJ9fQ.a8o-Nos7BDxXCcPO22VexewvwfQyK24oTeCFCOKfSRA
Connection: close
Request body:

========================================
2018-08-12 19:53:40 
::1 GET /tourism/public-api/v1/countries/3/continent?limit=1 HTTP/1.1
HTTP headers:
Host: localhost
User-Agent: Ticketing-WebApp
Authorization: Bearer eyJ0eXAiOiJKV1QiLCJhbGciOiJIUzI1NiJ9.eyJpYXQiOjE1MzQwNzc2ODAsImp0aSI6InJTb3NQTFwvcWxoQnl4cDFoUVwvXC9jTG02alI5cEQzVWx3MEM2ZGdyalZFXC84PSIsImlzcyI6Ijo6MSIsIm5iZiI6MTUzNDA3NzY4MCwiZXhwIjoxNTM0MDc5NDgwLCJkYXRhIjp7InVzZXJuYW1lIjoiYWRlIiwicGFzc3dvcmQiOiJiNzAxNjZkMjM1OWU1NWZmMzQ4NGY1ZDcwMjBjNzBkODZkODkwNzk2IiwiaXAiOiI6OjEiLCJ1c2VyX2FnZW50IjoiVGlja2V0aW5nLVdlYkFwcCJ9fQ.a8o-Nos7BDxXCcPO22VexewvwfQyK24oTeCFCOKfSRA
Connection: close
Request body:

========================================
2018-08-12 19:53:40 
::1 GET /tourism/public-api/v1/countries/3/continent?limit=0 HTTP/1.1
HTTP headers:
Host: localhost
User-Agent: Ticketing-WebApp
Authorization: Bearer eyJ0eXAiOiJKV1QiLCJhbGciOiJIUzI1NiJ9.eyJpYXQiOjE1MzQwNzc2ODAsImp0aSI6InJTb3NQTFwvcWxoQnl4cDFoUVwvXC9jTG02alI5cEQzVWx3MEM2ZGdyalZFXC84PSIsImlzcyI6Ijo6MSIsIm5iZiI6MTUzNDA3NzY4MCwiZXhwIjoxNTM0MDc5NDgwLCJkYXRhIjp7InVzZXJuYW1lIjoiYWRlIiwicGFzc3dvcmQiOiJiNzAxNjZkMjM1OWU1NWZmMzQ4NGY1ZDcwMjBjNzBkODZkODkwNzk2IiwiaXAiOiI6OjEiLCJ1c2VyX2FnZW50IjoiVGlja2V0aW5nLVdlYkFwcCJ9fQ.a8o-Nos7BDxXCcPO22VexewvwfQyK24oTeCFCOKfSRA
Connection: close
Request body:

========================================
2018-08-12 19:53:41 
::1 GET /tourism/public-api/v1/countries/4/continent?limit=1 HTTP/1.1
HTTP headers:
Host: localhost
User-Agent: Ticketing-WebApp
Authorization: Bearer eyJ0eXAiOiJKV1QiLCJhbGciOiJIUzI1NiJ9.eyJpYXQiOjE1MzQwNzc2ODAsImp0aSI6InJTb3NQTFwvcWxoQnl4cDFoUVwvXC9jTG02alI5cEQzVWx3MEM2ZGdyalZFXC84PSIsImlzcyI6Ijo6MSIsIm5iZiI6MTUzNDA3NzY4MCwiZXhwIjoxNTM0MDc5NDgwLCJkYXRhIjp7InVzZXJuYW1lIjoiYWRlIiwicGFzc3dvcmQiOiJiNzAxNjZkMjM1OWU1NWZmMzQ4NGY1ZDcwMjBjNzBkODZkODkwNzk2IiwiaXAiOiI6OjEiLCJ1c2VyX2FnZW50IjoiVGlja2V0aW5nLVdlYkFwcCJ9fQ.a8o-Nos7BDxXCcPO22VexewvwfQyK24oTeCFCOKfSRA
Connection: close
Request body:

========================================
2018-08-12 19:53:41 
::1 GET /tourism/public-api/v1/countries/4/continent?limit=0 HTTP/1.1
HTTP headers:
Host: localhost
User-Agent: Ticketing-WebApp
Authorization: Bearer eyJ0eXAiOiJKV1QiLCJhbGciOiJIUzI1NiJ9.eyJpYXQiOjE1MzQwNzc2ODAsImp0aSI6InJTb3NQTFwvcWxoQnl4cDFoUVwvXC9jTG02alI5cEQzVWx3MEM2ZGdyalZFXC84PSIsImlzcyI6Ijo6MSIsIm5iZiI6MTUzNDA3NzY4MCwiZXhwIjoxNTM0MDc5NDgwLCJkYXRhIjp7InVzZXJuYW1lIjoiYWRlIiwicGFzc3dvcmQiOiJiNzAxNjZkMjM1OWU1NWZmMzQ4NGY1ZDcwMjBjNzBkODZkODkwNzk2IiwiaXAiOiI6OjEiLCJ1c2VyX2FnZW50IjoiVGlja2V0aW5nLVdlYkFwcCJ9fQ.a8o-Nos7BDxXCcPO22VexewvwfQyK24oTeCFCOKfSRA
Connection: close
Request body:

========================================
2018-08-12 19:53:43 
::1 GET /tourism/public-api/v1/countries/1/continent?limit=1 HTTP/1.1
HTTP headers:
Host: localhost
User-Agent: Ticketing-WebApp
Authorization: Bearer eyJ0eXAiOiJKV1QiLCJhbGciOiJIUzI1NiJ9.eyJpYXQiOjE1MzQwNzc2ODAsImp0aSI6InJTb3NQTFwvcWxoQnl4cDFoUVwvXC9jTG02alI5cEQzVWx3MEM2ZGdyalZFXC84PSIsImlzcyI6Ijo6MSIsIm5iZiI6MTUzNDA3NzY4MCwiZXhwIjoxNTM0MDc5NDgwLCJkYXRhIjp7InVzZXJuYW1lIjoiYWRlIiwicGFzc3dvcmQiOiJiNzAxNjZkMjM1OWU1NWZmMzQ4NGY1ZDcwMjBjNzBkODZkODkwNzk2IiwiaXAiOiI6OjEiLCJ1c2VyX2FnZW50IjoiVGlja2V0aW5nLVdlYkFwcCJ9fQ.a8o-Nos7BDxXCcPO22VexewvwfQyK24oTeCFCOKfSRA
Connection: close
Request body:

========================================
2018-08-12 19:53:43 
::1 GET /tourism/public-api/v1/countries/1/continent?limit=0 HTTP/1.1
HTTP headers:
Host: localhost
User-Agent: Ticketing-WebApp
Authorization: Bearer eyJ0eXAiOiJKV1QiLCJhbGciOiJIUzI1NiJ9.eyJpYXQiOjE1MzQwNzc2ODAsImp0aSI6InJTb3NQTFwvcWxoQnl4cDFoUVwvXC9jTG02alI5cEQzVWx3MEM2ZGdyalZFXC84PSIsImlzcyI6Ijo6MSIsIm5iZiI6MTUzNDA3NzY4MCwiZXhwIjoxNTM0MDc5NDgwLCJkYXRhIjp7InVzZXJuYW1lIjoiYWRlIiwicGFzc3dvcmQiOiJiNzAxNjZkMjM1OWU1NWZmMzQ4NGY1ZDcwMjBjNzBkODZkODkwNzk2IiwiaXAiOiI6OjEiLCJ1c2VyX2FnZW50IjoiVGlja2V0aW5nLVdlYkFwcCJ9fQ.a8o-Nos7BDxXCcPO22VexewvwfQyK24oTeCFCOKfSRA
Connection: close
Request body:

========================================
2018-08-12 19:53:45 
::1 GET /tourism/public-api/v1/countries/5/continent?limit=1 HTTP/1.1
HTTP headers:
Host: localhost
User-Agent: Ticketing-WebApp
Authorization: Bearer eyJ0eXAiOiJKV1QiLCJhbGciOiJIUzI1NiJ9.eyJpYXQiOjE1MzQwNzc2ODAsImp0aSI6InJTb3NQTFwvcWxoQnl4cDFoUVwvXC9jTG02alI5cEQzVWx3MEM2ZGdyalZFXC84PSIsImlzcyI6Ijo6MSIsIm5iZiI6MTUzNDA3NzY4MCwiZXhwIjoxNTM0MDc5NDgwLCJkYXRhIjp7InVzZXJuYW1lIjoiYWRlIiwicGFzc3dvcmQiOiJiNzAxNjZkMjM1OWU1NWZmMzQ4NGY1ZDcwMjBjNzBkODZkODkwNzk2IiwiaXAiOiI6OjEiLCJ1c2VyX2FnZW50IjoiVGlja2V0aW5nLVdlYkFwcCJ9fQ.a8o-Nos7BDxXCcPO22VexewvwfQyK24oTeCFCOKfSRA
Connection: close
Request body:

========================================
2018-08-12 19:53:45 
::1 GET /tourism/public-api/v1/countries/5/continent?limit=1 HTTP/1.1
HTTP headers:
Host: localhost
User-Agent: Ticketing-WebApp
Authorization: Bearer eyJ0eXAiOiJKV1QiLCJhbGciOiJIUzI1NiJ9.eyJpYXQiOjE1MzQwNzc2ODAsImp0aSI6InJTb3NQTFwvcWxoQnl4cDFoUVwvXC9jTG02alI5cEQzVWx3MEM2ZGdyalZFXC84PSIsImlzcyI6Ijo6MSIsIm5iZiI6MTUzNDA3NzY4MCwiZXhwIjoxNTM0MDc5NDgwLCJkYXRhIjp7InVzZXJuYW1lIjoiYWRlIiwicGFzc3dvcmQiOiJiNzAxNjZkMjM1OWU1NWZmMzQ4NGY1ZDcwMjBjNzBkODZkODkwNzk2IiwiaXAiOiI6OjEiLCJ1c2VyX2FnZW50IjoiVGlja2V0aW5nLVdlYkFwcCJ9fQ.a8o-Nos7BDxXCcPO22VexewvwfQyK24oTeCFCOKfSRA
Connection: close
Request body:

========================================
2018-08-12 19:53:46 
::1 GET /tourism/public-api/v1/countries/6/continent?limit=1 HTTP/1.1
HTTP headers:
Host: localhost
User-Agent: Ticketing-WebApp
Authorization: Bearer eyJ0eXAiOiJKV1QiLCJhbGciOiJIUzI1NiJ9.eyJpYXQiOjE1MzQwNzc2ODAsImp0aSI6InJTb3NQTFwvcWxoQnl4cDFoUVwvXC9jTG02alI5cEQzVWx3MEM2ZGdyalZFXC84PSIsImlzcyI6Ijo6MSIsIm5iZiI6MTUzNDA3NzY4MCwiZXhwIjoxNTM0MDc5NDgwLCJkYXRhIjp7InVzZXJuYW1lIjoiYWRlIiwicGFzc3dvcmQiOiJiNzAxNjZkMjM1OWU1NWZmMzQ4NGY1ZDcwMjBjNzBkODZkODkwNzk2IiwiaXAiOiI6OjEiLCJ1c2VyX2FnZW50IjoiVGlja2V0aW5nLVdlYkFwcCJ9fQ.a8o-Nos7BDxXCcPO22VexewvwfQyK24oTeCFCOKfSRA
Connection: close
Request body:

========================================
2018-08-12 19:53:46 
::1 GET /tourism/public-api/v1/countries/6/continent?limit=0 HTTP/1.1
HTTP headers:
Host: localhost
User-Agent: Ticketing-WebApp
Authorization: Bearer eyJ0eXAiOiJKV1QiLCJhbGciOiJIUzI1NiJ9.eyJpYXQiOjE1MzQwNzc2ODAsImp0aSI6InJTb3NQTFwvcWxoQnl4cDFoUVwvXC9jTG02alI5cEQzVWx3MEM2ZGdyalZFXC84PSIsImlzcyI6Ijo6MSIsIm5iZiI6MTUzNDA3NzY4MCwiZXhwIjoxNTM0MDc5NDgwLCJkYXRhIjp7InVzZXJuYW1lIjoiYWRlIiwicGFzc3dvcmQiOiJiNzAxNjZkMjM1OWU1NWZmMzQ4NGY1ZDcwMjBjNzBkODZkODkwNzk2IiwiaXAiOiI6OjEiLCJ1c2VyX2FnZW50IjoiVGlja2V0aW5nLVdlYkFwcCJ9fQ.a8o-Nos7BDxXCcPO22VexewvwfQyK24oTeCFCOKfSRA
Connection: close
Request body:

========================================
2018-08-12 19:53:47 
::1 GET /tourism/public-api/v1/countries/7/continent?limit=1 HTTP/1.1
HTTP headers:
Host: localhost
User-Agent: Ticketing-WebApp
Authorization: Bearer eyJ0eXAiOiJKV1QiLCJhbGciOiJIUzI1NiJ9.eyJpYXQiOjE1MzQwNzc2ODAsImp0aSI6InJTb3NQTFwvcWxoQnl4cDFoUVwvXC9jTG02alI5cEQzVWx3MEM2ZGdyalZFXC84PSIsImlzcyI6Ijo6MSIsIm5iZiI6MTUzNDA3NzY4MCwiZXhwIjoxNTM0MDc5NDgwLCJkYXRhIjp7InVzZXJuYW1lIjoiYWRlIiwicGFzc3dvcmQiOiJiNzAxNjZkMjM1OWU1NWZmMzQ4NGY1ZDcwMjBjNzBkODZkODkwNzk2IiwiaXAiOiI6OjEiLCJ1c2VyX2FnZW50IjoiVGlja2V0aW5nLVdlYkFwcCJ9fQ.a8o-Nos7BDxXCcPO22VexewvwfQyK24oTeCFCOKfSRA
Connection: close
Request body:

========================================
2018-08-12 19:53:47 
::1 GET /tourism/public-api/v1/countries/7/continent?limit=0 HTTP/1.1
HTTP headers:
Host: localhost
User-Agent: Ticketing-WebApp
Authorization: Bearer eyJ0eXAiOiJKV1QiLCJhbGciOiJIUzI1NiJ9.eyJpYXQiOjE1MzQwNzc2ODAsImp0aSI6InJTb3NQTFwvcWxoQnl4cDFoUVwvXC9jTG02alI5cEQzVWx3MEM2ZGdyalZFXC84PSIsImlzcyI6Ijo6MSIsIm5iZiI6MTUzNDA3NzY4MCwiZXhwIjoxNTM0MDc5NDgwLCJkYXRhIjp7InVzZXJuYW1lIjoiYWRlIiwicGFzc3dvcmQiOiJiNzAxNjZkMjM1OWU1NWZmMzQ4NGY1ZDcwMjBjNzBkODZkODkwNzk2IiwiaXAiOiI6OjEiLCJ1c2VyX2FnZW50IjoiVGlja2V0aW5nLVdlYkFwcCJ9fQ.a8o-Nos7BDxXCcPO22VexewvwfQyK24oTeCFCOKfSRA
Connection: close
Request body:

========================================
2018-08-12 19:53:49 
::1 GET /tourism/public-api/v1/countries/6/continent?limit=1 HTTP/1.1
HTTP headers:
Host: localhost
User-Agent: Ticketing-WebApp
Authorization: Bearer eyJ0eXAiOiJKV1QiLCJhbGciOiJIUzI1NiJ9.eyJpYXQiOjE1MzQwNzc2ODAsImp0aSI6InJTb3NQTFwvcWxoQnl4cDFoUVwvXC9jTG02alI5cEQzVWx3MEM2ZGdyalZFXC84PSIsImlzcyI6Ijo6MSIsIm5iZiI6MTUzNDA3NzY4MCwiZXhwIjoxNTM0MDc5NDgwLCJkYXRhIjp7InVzZXJuYW1lIjoiYWRlIiwicGFzc3dvcmQiOiJiNzAxNjZkMjM1OWU1NWZmMzQ4NGY1ZDcwMjBjNzBkODZkODkwNzk2IiwiaXAiOiI6OjEiLCJ1c2VyX2FnZW50IjoiVGlja2V0aW5nLVdlYkFwcCJ9fQ.a8o-Nos7BDxXCcPO22VexewvwfQyK24oTeCFCOKfSRA
Connection: close
Request body:

========================================
2018-08-12 19:53:50 
::1 GET /tourism/public-api/v1/countries/6/continent?limit=0 HTTP/1.1
HTTP headers:
Host: localhost
User-Agent: Ticketing-WebApp
Authorization: Bearer eyJ0eXAiOiJKV1QiLCJhbGciOiJIUzI1NiJ9.eyJpYXQiOjE1MzQwNzc2ODAsImp0aSI6InJTb3NQTFwvcWxoQnl4cDFoUVwvXC9jTG02alI5cEQzVWx3MEM2ZGdyalZFXC84PSIsImlzcyI6Ijo6MSIsIm5iZiI6MTUzNDA3NzY4MCwiZXhwIjoxNTM0MDc5NDgwLCJkYXRhIjp7InVzZXJuYW1lIjoiYWRlIiwicGFzc3dvcmQiOiJiNzAxNjZkMjM1OWU1NWZmMzQ4NGY1ZDcwMjBjNzBkODZkODkwNzk2IiwiaXAiOiI6OjEiLCJ1c2VyX2FnZW50IjoiVGlja2V0aW5nLVdlYkFwcCJ9fQ.a8o-Nos7BDxXCcPO22VexewvwfQyK24oTeCFCOKfSRA
Connection: close
Request body:

========================================
2018-08-12 19:54:11 
::1 GET /tourism/public-api/v1/countries/3/continent?limit=1 HTTP/1.1
HTTP headers:
Host: localhost
User-Agent: Ticketing-WebApp
Authorization: Bearer eyJ0eXAiOiJKV1QiLCJhbGciOiJIUzI1NiJ9.eyJpYXQiOjE1MzQwNzc2ODAsImp0aSI6InJTb3NQTFwvcWxoQnl4cDFoUVwvXC9jTG02alI5cEQzVWx3MEM2ZGdyalZFXC84PSIsImlzcyI6Ijo6MSIsIm5iZiI6MTUzNDA3NzY4MCwiZXhwIjoxNTM0MDc5NDgwLCJkYXRhIjp7InVzZXJuYW1lIjoiYWRlIiwicGFzc3dvcmQiOiJiNzAxNjZkMjM1OWU1NWZmMzQ4NGY1ZDcwMjBjNzBkODZkODkwNzk2IiwiaXAiOiI6OjEiLCJ1c2VyX2FnZW50IjoiVGlja2V0aW5nLVdlYkFwcCJ9fQ.a8o-Nos7BDxXCcPO22VexewvwfQyK24oTeCFCOKfSRA
Connection: close
Request body:

========================================
2018-08-12 19:54:12 
::1 GET /tourism/public-api/v1/countries/3/continent?limit=0 HTTP/1.1
HTTP headers:
Host: localhost
User-Agent: Ticketing-WebApp
Authorization: Bearer eyJ0eXAiOiJKV1QiLCJhbGciOiJIUzI1NiJ9.eyJpYXQiOjE1MzQwNzc2ODAsImp0aSI6InJTb3NQTFwvcWxoQnl4cDFoUVwvXC9jTG02alI5cEQzVWx3MEM2ZGdyalZFXC84PSIsImlzcyI6Ijo6MSIsIm5iZiI6MTUzNDA3NzY4MCwiZXhwIjoxNTM0MDc5NDgwLCJkYXRhIjp7InVzZXJuYW1lIjoiYWRlIiwicGFzc3dvcmQiOiJiNzAxNjZkMjM1OWU1NWZmMzQ4NGY1ZDcwMjBjNzBkODZkODkwNzk2IiwiaXAiOiI6OjEiLCJ1c2VyX2FnZW50IjoiVGlja2V0aW5nLVdlYkFwcCJ9fQ.a8o-Nos7BDxXCcPO22VexewvwfQyK24oTeCFCOKfSRA
Connection: close
Request body:

========================================
2018-08-12 19:54:13 
::1 GET /tourism/public-api/v1/countries/4/continent?limit=1 HTTP/1.1
HTTP headers:
Host: localhost
User-Agent: Ticketing-WebApp
Authorization: Bearer eyJ0eXAiOiJKV1QiLCJhbGciOiJIUzI1NiJ9.eyJpYXQiOjE1MzQwNzc2ODAsImp0aSI6InJTb3NQTFwvcWxoQnl4cDFoUVwvXC9jTG02alI5cEQzVWx3MEM2ZGdyalZFXC84PSIsImlzcyI6Ijo6MSIsIm5iZiI6MTUzNDA3NzY4MCwiZXhwIjoxNTM0MDc5NDgwLCJkYXRhIjp7InVzZXJuYW1lIjoiYWRlIiwicGFzc3dvcmQiOiJiNzAxNjZkMjM1OWU1NWZmMzQ4NGY1ZDcwMjBjNzBkODZkODkwNzk2IiwiaXAiOiI6OjEiLCJ1c2VyX2FnZW50IjoiVGlja2V0aW5nLVdlYkFwcCJ9fQ.a8o-Nos7BDxXCcPO22VexewvwfQyK24oTeCFCOKfSRA
Connection: close
Request body:

========================================
2018-08-12 19:54:14 
::1 GET /tourism/public-api/v1/countries/4/continent?limit=0 HTTP/1.1
HTTP headers:
Host: localhost
User-Agent: Ticketing-WebApp
Authorization: Bearer eyJ0eXAiOiJKV1QiLCJhbGciOiJIUzI1NiJ9.eyJpYXQiOjE1MzQwNzc2ODAsImp0aSI6InJTb3NQTFwvcWxoQnl4cDFoUVwvXC9jTG02alI5cEQzVWx3MEM2ZGdyalZFXC84PSIsImlzcyI6Ijo6MSIsIm5iZiI6MTUzNDA3NzY4MCwiZXhwIjoxNTM0MDc5NDgwLCJkYXRhIjp7InVzZXJuYW1lIjoiYWRlIiwicGFzc3dvcmQiOiJiNzAxNjZkMjM1OWU1NWZmMzQ4NGY1ZDcwMjBjNzBkODZkODkwNzk2IiwiaXAiOiI6OjEiLCJ1c2VyX2FnZW50IjoiVGlja2V0aW5nLVdlYkFwcCJ9fQ.a8o-Nos7BDxXCcPO22VexewvwfQyK24oTeCFCOKfSRA
Connection: close
Request body:

========================================
2018-08-12 19:54:17 
::1 GET /tourism/public-api/v1/countries/5/continent?limit=1 HTTP/1.1
HTTP headers:
Host: localhost
User-Agent: Ticketing-WebApp
Authorization: Bearer eyJ0eXAiOiJKV1QiLCJhbGciOiJIUzI1NiJ9.eyJpYXQiOjE1MzQwNzc2ODAsImp0aSI6InJTb3NQTFwvcWxoQnl4cDFoUVwvXC9jTG02alI5cEQzVWx3MEM2ZGdyalZFXC84PSIsImlzcyI6Ijo6MSIsIm5iZiI6MTUzNDA3NzY4MCwiZXhwIjoxNTM0MDc5NDgwLCJkYXRhIjp7InVzZXJuYW1lIjoiYWRlIiwicGFzc3dvcmQiOiJiNzAxNjZkMjM1OWU1NWZmMzQ4NGY1ZDcwMjBjNzBkODZkODkwNzk2IiwiaXAiOiI6OjEiLCJ1c2VyX2FnZW50IjoiVGlja2V0aW5nLVdlYkFwcCJ9fQ.a8o-Nos7BDxXCcPO22VexewvwfQyK24oTeCFCOKfSRA
Connection: close
Request body:

========================================
2018-08-12 19:54:17 
::1 GET /tourism/public-api/v1/countries/5/continent?limit=1 HTTP/1.1
HTTP headers:
Host: localhost
User-Agent: Ticketing-WebApp
Authorization: Bearer eyJ0eXAiOiJKV1QiLCJhbGciOiJIUzI1NiJ9.eyJpYXQiOjE1MzQwNzc2ODAsImp0aSI6InJTb3NQTFwvcWxoQnl4cDFoUVwvXC9jTG02alI5cEQzVWx3MEM2ZGdyalZFXC84PSIsImlzcyI6Ijo6MSIsIm5iZiI6MTUzNDA3NzY4MCwiZXhwIjoxNTM0MDc5NDgwLCJkYXRhIjp7InVzZXJuYW1lIjoiYWRlIiwicGFzc3dvcmQiOiJiNzAxNjZkMjM1OWU1NWZmMzQ4NGY1ZDcwMjBjNzBkODZkODkwNzk2IiwiaXAiOiI6OjEiLCJ1c2VyX2FnZW50IjoiVGlja2V0aW5nLVdlYkFwcCJ9fQ.a8o-Nos7BDxXCcPO22VexewvwfQyK24oTeCFCOKfSRA
Connection: close
Request body:

========================================
2018-08-12 19:55:17 
::1 GET /tourism/public-api/v1/countries/3/continent?limit=1 HTTP/1.1
HTTP headers:
Host: localhost
User-Agent: Ticketing-WebApp
Authorization: Bearer eyJ0eXAiOiJKV1QiLCJhbGciOiJIUzI1NiJ9.eyJpYXQiOjE1MzQwNzc2ODAsImp0aSI6InJTb3NQTFwvcWxoQnl4cDFoUVwvXC9jTG02alI5cEQzVWx3MEM2ZGdyalZFXC84PSIsImlzcyI6Ijo6MSIsIm5iZiI6MTUzNDA3NzY4MCwiZXhwIjoxNTM0MDc5NDgwLCJkYXRhIjp7InVzZXJuYW1lIjoiYWRlIiwicGFzc3dvcmQiOiJiNzAxNjZkMjM1OWU1NWZmMzQ4NGY1ZDcwMjBjNzBkODZkODkwNzk2IiwiaXAiOiI6OjEiLCJ1c2VyX2FnZW50IjoiVGlja2V0aW5nLVdlYkFwcCJ9fQ.a8o-Nos7BDxXCcPO22VexewvwfQyK24oTeCFCOKfSRA
Connection: close
Request body:

========================================
2018-08-12 19:55:17 
::1 GET /tourism/public-api/v1/countries/3/continent?limit=0 HTTP/1.1
HTTP headers:
Host: localhost
User-Agent: Ticketing-WebApp
Authorization: Bearer eyJ0eXAiOiJKV1QiLCJhbGciOiJIUzI1NiJ9.eyJpYXQiOjE1MzQwNzc2ODAsImp0aSI6InJTb3NQTFwvcWxoQnl4cDFoUVwvXC9jTG02alI5cEQzVWx3MEM2ZGdyalZFXC84PSIsImlzcyI6Ijo6MSIsIm5iZiI6MTUzNDA3NzY4MCwiZXhwIjoxNTM0MDc5NDgwLCJkYXRhIjp7InVzZXJuYW1lIjoiYWRlIiwicGFzc3dvcmQiOiJiNzAxNjZkMjM1OWU1NWZmMzQ4NGY1ZDcwMjBjNzBkODZkODkwNzk2IiwiaXAiOiI6OjEiLCJ1c2VyX2FnZW50IjoiVGlja2V0aW5nLVdlYkFwcCJ9fQ.a8o-Nos7BDxXCcPO22VexewvwfQyK24oTeCFCOKfSRA
Connection: close
Request body:

========================================
