2018-10-18 11:04:40 
::1 GET /tourism/public-api/v1/continents HTTP/1.1
HTTP headers:
Host: localhost
User-Agent: Ticketing-WebApp
Connection: close
Request body:

========================================
2018-10-18 11:04:47 
::1 GET /tourism/public-api/v1/countries/5/continent?limit=1 HTTP/1.1
HTTP headers:
Host: localhost
User-Agent: Ticketing-WebApp
Connection: close
Request body:

========================================
2018-10-18 11:04:47 
::1 GET /tourism/public-api/v1/countries/5/continent?limit=6 HTTP/1.1
HTTP headers:
Host: localhost
User-Agent: Ticketing-WebApp
Connection: close
Request body:

========================================
2018-10-18 11:05:07 
::1 POST /tourism/public-api/v1/users/token HTTP/1.1
HTTP headers:
Host: localhost
Content-Length: 27
User-Agent: Ticketing-WebApp
Connection: close
Content-Type: application/x-www-form-urlencoded
Request body:
username=user&password=1234
========================================
2018-10-18 11:05:07 
::1 POST /tourism/public-api/v1/users/token HTTP/1.1
HTTP headers:
Host: localhost
Content-Length: 10
User-Agent: Ticketing-WebApp
Connection: close
Content-Type: application/x-www-form-urlencoded
Request body:
password=0
========================================
2018-10-18 11:05:07 
::1 POST /tourism/public-api/v1/users/token HTTP/1.1
HTTP headers:
Host: localhost
Content-Length: 27
User-Agent: Ticketing-WebApp
Connection: close
Content-Type: application/x-www-form-urlencoded
Request body:
username=user&password=1234
========================================
2018-10-18 11:05:08 
::1 POST /tourism/public-api/v1/users/token HTTP/1.1
HTTP headers:
Host: localhost
Content-Length: 10
User-Agent: Ticketing-WebApp
Connection: close
Content-Type: application/x-www-form-urlencoded
Request body:
password=0
========================================
2018-10-18 11:05:08 
::1 POST /tourism/public-api/v1/users/token HTTP/1.1
HTTP headers:
Host: localhost
Content-Length: 27
User-Agent: Ticketing-WebApp
Connection: close
Content-Type: application/x-www-form-urlencoded
Request body:
username=user&password=1234
========================================
2018-10-18 11:05:08 
::1 POST /tourism/public-api/v1/users/token HTTP/1.1
HTTP headers:
Host: localhost
Content-Length: 10
User-Agent: Ticketing-WebApp
Connection: close
Content-Type: application/x-www-form-urlencoded
Request body:
password=0
========================================
2018-10-18 11:05:09 
::1 POST /tourism/public-api/v1/users/token HTTP/1.1
HTTP headers:
Host: localhost
Content-Length: 27
User-Agent: Ticketing-WebApp
Connection: close
Content-Type: application/x-www-form-urlencoded
Request body:
username=user&password=1234
========================================
2018-10-18 11:05:25 
::1 POST /tourism/public-api/v1/users/token HTTP/1.1
HTTP headers:
Host: localhost
Content-Length: 29
User-Agent: Ticketing-WebApp
Connection: close
Content-Type: application/x-www-form-urlencoded
Request body:
username=user&password=123456
========================================
2018-10-18 11:05:27 
::1 GET /tourism/public-api/v1/users/3 HTTP/1.1
HTTP headers:
Host: localhost
User-Agent: Ticketing-WebApp
Authorization: Bearer eyJ0eXAiOiJKV1QiLCJhbGciOiJIUzI1NiJ9.eyJpYXQiOjE1Mzk4MzU1MjYsImp0aSI6Im9iUEFLVWpzWGhnRDVcL3p5bWpHbitXT2hBTEJ0ZERQZ1QwZlpRRUQzUGRFPSIsImlzcyI6Ijo6MSIsIm5iZiI6MTUzOTgzNTUyNiwiZXhwIjoxNTM5ODM3MzI2LCJkYXRhIjp7InVzZXJuYW1lIjoidXNlciIsInBhc3N3b3JkIjoiMTA0NzBjM2I0YjFmZWQxMmMzYmFhYzAxNGJlMTVmYWM2N2M2ZTgxNSIsImlwIjoiOjoxIiwidXNlcl9hZ2VudCI6IlRpY2tldGluZy1XZWJBcHAifX0.wqBC3m2hbtLVQU4I2vy3rF00DEcxJT-CLtlea8H2Quk
Connection: close
Request body:

========================================
2018-10-18 11:05:35 
::1 GET /tourism/public-api/v1/continents HTTP/1.1
HTTP headers:
Host: localhost
User-Agent: Ticketing-WebApp
Authorization: Bearer eyJ0eXAiOiJKV1QiLCJhbGciOiJIUzI1NiJ9.eyJpYXQiOjE1Mzk4MzU1MjYsImp0aSI6Im9iUEFLVWpzWGhnRDVcL3p5bWpHbitXT2hBTEJ0ZERQZ1QwZlpRRUQzUGRFPSIsImlzcyI6Ijo6MSIsIm5iZiI6MTUzOTgzNTUyNiwiZXhwIjoxNTM5ODM3MzI2LCJkYXRhIjp7InVzZXJuYW1lIjoidXNlciIsInBhc3N3b3JkIjoiMTA0NzBjM2I0YjFmZWQxMmMzYmFhYzAxNGJlMTVmYWM2N2M2ZTgxNSIsImlwIjoiOjoxIiwidXNlcl9hZ2VudCI6IlRpY2tldGluZy1XZWJBcHAifX0.wqBC3m2hbtLVQU4I2vy3rF00DEcxJT-CLtlea8H2Quk
Connection: close
Request body:

========================================
2018-10-18 11:05:42 
::1 GET /tourism/public-api/v1/continents HTTP/1.1
HTTP headers:
Host: localhost
User-Agent: Ticketing-WebApp
Authorization: Bearer eyJ0eXAiOiJKV1QiLCJhbGciOiJIUzI1NiJ9.eyJpYXQiOjE1Mzk4MzU1MjYsImp0aSI6Im9iUEFLVWpzWGhnRDVcL3p5bWpHbitXT2hBTEJ0ZERQZ1QwZlpRRUQzUGRFPSIsImlzcyI6Ijo6MSIsIm5iZiI6MTUzOTgzNTUyNiwiZXhwIjoxNTM5ODM3MzI2LCJkYXRhIjp7InVzZXJuYW1lIjoidXNlciIsInBhc3N3b3JkIjoiMTA0NzBjM2I0YjFmZWQxMmMzYmFhYzAxNGJlMTVmYWM2N2M2ZTgxNSIsImlwIjoiOjoxIiwidXNlcl9hZ2VudCI6IlRpY2tldGluZy1XZWJBcHAifX0.wqBC3m2hbtLVQU4I2vy3rF00DEcxJT-CLtlea8H2Quk
Connection: close
Request body:

========================================
2018-10-18 11:09:42 
::1 GET /tourism/public-api/v1/continents HTTP/1.1
HTTP headers:
Host: localhost
User-Agent: Ticketing-WebApp
Authorization: Bearer eyJ0eXAiOiJKV1QiLCJhbGciOiJIUzI1NiJ9.eyJpYXQiOjE1Mzk4MzU1MjYsImp0aSI6Im9iUEFLVWpzWGhnRDVcL3p5bWpHbitXT2hBTEJ0ZERQZ1QwZlpRRUQzUGRFPSIsImlzcyI6Ijo6MSIsIm5iZiI6MTUzOTgzNTUyNiwiZXhwIjoxNTM5ODM3MzI2LCJkYXRhIjp7InVzZXJuYW1lIjoidXNlciIsInBhc3N3b3JkIjoiMTA0NzBjM2I0YjFmZWQxMmMzYmFhYzAxNGJlMTVmYWM2N2M2ZTgxNSIsImlwIjoiOjoxIiwidXNlcl9hZ2VudCI6IlRpY2tldGluZy1XZWJBcHAifX0.wqBC3m2hbtLVQU4I2vy3rF00DEcxJT-CLtlea8H2Quk
Connection: close
Request body:

========================================
2018-10-18 11:10:38 
::1 GET /tourism/public-api/v1/countries/5/continent?limit=1 HTTP/1.1
HTTP headers:
Host: localhost
User-Agent: Ticketing-WebApp
Authorization: Bearer eyJ0eXAiOiJKV1QiLCJhbGciOiJIUzI1NiJ9.eyJpYXQiOjE1Mzk4MzU1MjYsImp0aSI6Im9iUEFLVWpzWGhnRDVcL3p5bWpHbitXT2hBTEJ0ZERQZ1QwZlpRRUQzUGRFPSIsImlzcyI6Ijo6MSIsIm5iZiI6MTUzOTgzNTUyNiwiZXhwIjoxNTM5ODM3MzI2LCJkYXRhIjp7InVzZXJuYW1lIjoidXNlciIsInBhc3N3b3JkIjoiMTA0NzBjM2I0YjFmZWQxMmMzYmFhYzAxNGJlMTVmYWM2N2M2ZTgxNSIsImlwIjoiOjoxIiwidXNlcl9hZ2VudCI6IlRpY2tldGluZy1XZWJBcHAifX0.wqBC3m2hbtLVQU4I2vy3rF00DEcxJT-CLtlea8H2Quk
Connection: close
Request body:

========================================
2018-10-18 11:10:38 
::1 GET /tourism/public-api/v1/countries/5/continent?limit=6 HTTP/1.1
HTTP headers:
Host: localhost
User-Agent: Ticketing-WebApp
Authorization: Bearer eyJ0eXAiOiJKV1QiLCJhbGciOiJIUzI1NiJ9.eyJpYXQiOjE1Mzk4MzU1MjYsImp0aSI6Im9iUEFLVWpzWGhnRDVcL3p5bWpHbitXT2hBTEJ0ZERQZ1QwZlpRRUQzUGRFPSIsImlzcyI6Ijo6MSIsIm5iZiI6MTUzOTgzNTUyNiwiZXhwIjoxNTM5ODM3MzI2LCJkYXRhIjp7InVzZXJuYW1lIjoidXNlciIsInBhc3N3b3JkIjoiMTA0NzBjM2I0YjFmZWQxMmMzYmFhYzAxNGJlMTVmYWM2N2M2ZTgxNSIsImlwIjoiOjoxIiwidXNlcl9hZ2VudCI6IlRpY2tldGluZy1XZWJBcHAifX0.wqBC3m2hbtLVQU4I2vy3rF00DEcxJT-CLtlea8H2Quk
Connection: close
Request body:

========================================
2018-10-18 11:10:58 
::1 GET /tourism/public-api/v1/provinces/1/countries?limit=1 HTTP/1.1
HTTP headers:
Host: localhost
User-Agent: Ticketing-WebApp
Authorization: Bearer eyJ0eXAiOiJKV1QiLCJhbGciOiJIUzI1NiJ9.eyJpYXQiOjE1Mzk4MzU1MjYsImp0aSI6Im9iUEFLVWpzWGhnRDVcL3p5bWpHbitXT2hBTEJ0ZERQZ1QwZlpRRUQzUGRFPSIsImlzcyI6Ijo6MSIsIm5iZiI6MTUzOTgzNTUyNiwiZXhwIjoxNTM5ODM3MzI2LCJkYXRhIjp7InVzZXJuYW1lIjoidXNlciIsInBhc3N3b3JkIjoiMTA0NzBjM2I0YjFmZWQxMmMzYmFhYzAxNGJlMTVmYWM2N2M2ZTgxNSIsImlwIjoiOjoxIiwidXNlcl9hZ2VudCI6IlRpY2tldGluZy1XZWJBcHAifX0.wqBC3m2hbtLVQU4I2vy3rF00DEcxJT-CLtlea8H2Quk
Connection: close
Request body:

========================================
2018-10-18 11:10:59 
::1 GET /tourism/public-api/v1/provinces/1/countries?limit=33 HTTP/1.1
HTTP headers:
Host: localhost
User-Agent: Ticketing-WebApp
Authorization: Bearer eyJ0eXAiOiJKV1QiLCJhbGciOiJIUzI1NiJ9.eyJpYXQiOjE1Mzk4MzU1MjYsImp0aSI6Im9iUEFLVWpzWGhnRDVcL3p5bWpHbitXT2hBTEJ0ZERQZ1QwZlpRRUQzUGRFPSIsImlzcyI6Ijo6MSIsIm5iZiI6MTUzOTgzNTUyNiwiZXhwIjoxNTM5ODM3MzI2LCJkYXRhIjp7InVzZXJuYW1lIjoidXNlciIsInBhc3N3b3JkIjoiMTA0NzBjM2I0YjFmZWQxMmMzYmFhYzAxNGJlMTVmYWM2N2M2ZTgxNSIsImlwIjoiOjoxIiwidXNlcl9hZ2VudCI6IlRpY2tldGluZy1XZWJBcHAifX0.wqBC3m2hbtLVQU4I2vy3rF00DEcxJT-CLtlea8H2Quk
Connection: close
Request body:

========================================
2018-10-18 11:11:01 
::1 GET /tourism/public-api/v1/province/13/cities?limit=1 HTTP/1.1
HTTP headers:
Host: localhost
User-Agent: Ticketing-WebApp
Authorization: Bearer eyJ0eXAiOiJKV1QiLCJhbGciOiJIUzI1NiJ9.eyJpYXQiOjE1Mzk4MzU1MjYsImp0aSI6Im9iUEFLVWpzWGhnRDVcL3p5bWpHbitXT2hBTEJ0ZERQZ1QwZlpRRUQzUGRFPSIsImlzcyI6Ijo6MSIsIm5iZiI6MTUzOTgzNTUyNiwiZXhwIjoxNTM5ODM3MzI2LCJkYXRhIjp7InVzZXJuYW1lIjoidXNlciIsInBhc3N3b3JkIjoiMTA0NzBjM2I0YjFmZWQxMmMzYmFhYzAxNGJlMTVmYWM2N2M2ZTgxNSIsImlwIjoiOjoxIiwidXNlcl9hZ2VudCI6IlRpY2tldGluZy1XZWJBcHAifX0.wqBC3m2hbtLVQU4I2vy3rF00DEcxJT-CLtlea8H2Quk
Connection: close
Request body:

========================================
2018-10-18 11:11:01 
::1 GET /tourism/public-api/v1/province/13/cities?limit=0 HTTP/1.1
HTTP headers:
Host: localhost
User-Agent: Ticketing-WebApp
Authorization: Bearer eyJ0eXAiOiJKV1QiLCJhbGciOiJIUzI1NiJ9.eyJpYXQiOjE1Mzk4MzU1MjYsImp0aSI6Im9iUEFLVWpzWGhnRDVcL3p5bWpHbitXT2hBTEJ0ZERQZ1QwZlpRRUQzUGRFPSIsImlzcyI6Ijo6MSIsIm5iZiI6MTUzOTgzNTUyNiwiZXhwIjoxNTM5ODM3MzI2LCJkYXRhIjp7InVzZXJuYW1lIjoidXNlciIsInBhc3N3b3JkIjoiMTA0NzBjM2I0YjFmZWQxMmMzYmFhYzAxNGJlMTVmYWM2N2M2ZTgxNSIsImlwIjoiOjoxIiwidXNlcl9hZ2VudCI6IlRpY2tldGluZy1XZWJBcHAifX0.wqBC3m2hbtLVQU4I2vy3rF00DEcxJT-CLtlea8H2Quk
Connection: close
Request body:

========================================
2018-10-18 11:11:38 
::1 GET /tourism/public-api/v1/continents HTTP/1.1
HTTP headers:
Host: localhost
User-Agent: Ticketing-WebApp
Authorization: Bearer eyJ0eXAiOiJKV1QiLCJhbGciOiJIUzI1NiJ9.eyJpYXQiOjE1Mzk4MzU1MjYsImp0aSI6Im9iUEFLVWpzWGhnRDVcL3p5bWpHbitXT2hBTEJ0ZERQZ1QwZlpRRUQzUGRFPSIsImlzcyI6Ijo6MSIsIm5iZiI6MTUzOTgzNTUyNiwiZXhwIjoxNTM5ODM3MzI2LCJkYXRhIjp7InVzZXJuYW1lIjoidXNlciIsInBhc3N3b3JkIjoiMTA0NzBjM2I0YjFmZWQxMmMzYmFhYzAxNGJlMTVmYWM2N2M2ZTgxNSIsImlwIjoiOjoxIiwidXNlcl9hZ2VudCI6IlRpY2tldGluZy1XZWJBcHAifX0.wqBC3m2hbtLVQU4I2vy3rF00DEcxJT-CLtlea8H2Quk
Connection: close
Request body:

========================================
2018-10-18 11:11:57 
::1 GET /tourism/public-api/v1/continents HTTP/1.1
HTTP headers:
Host: localhost
User-Agent: Ticketing-WebApp
Authorization: Bearer eyJ0eXAiOiJKV1QiLCJhbGciOiJIUzI1NiJ9.eyJpYXQiOjE1Mzk4MzU1MjYsImp0aSI6Im9iUEFLVWpzWGhnRDVcL3p5bWpHbitXT2hBTEJ0ZERQZ1QwZlpRRUQzUGRFPSIsImlzcyI6Ijo6MSIsIm5iZiI6MTUzOTgzNTUyNiwiZXhwIjoxNTM5ODM3MzI2LCJkYXRhIjp7InVzZXJuYW1lIjoidXNlciIsInBhc3N3b3JkIjoiMTA0NzBjM2I0YjFmZWQxMmMzYmFhYzAxNGJlMTVmYWM2N2M2ZTgxNSIsImlwIjoiOjoxIiwidXNlcl9hZ2VudCI6IlRpY2tldGluZy1XZWJBcHAifX0.wqBC3m2hbtLVQU4I2vy3rF00DEcxJT-CLtlea8H2Quk
Connection: close
Request body:

========================================
2018-10-18 11:16:00 
::1 GET /tourism/public-api/v1/countries/5/continent?limit=1 HTTP/1.1
HTTP headers:
Host: localhost
User-Agent: Ticketing-WebApp
Authorization: Bearer eyJ0eXAiOiJKV1QiLCJhbGciOiJIUzI1NiJ9.eyJpYXQiOjE1Mzk4MzU1MjYsImp0aSI6Im9iUEFLVWpzWGhnRDVcL3p5bWpHbitXT2hBTEJ0ZERQZ1QwZlpRRUQzUGRFPSIsImlzcyI6Ijo6MSIsIm5iZiI6MTUzOTgzNTUyNiwiZXhwIjoxNTM5ODM3MzI2LCJkYXRhIjp7InVzZXJuYW1lIjoidXNlciIsInBhc3N3b3JkIjoiMTA0NzBjM2I0YjFmZWQxMmMzYmFhYzAxNGJlMTVmYWM2N2M2ZTgxNSIsImlwIjoiOjoxIiwidXNlcl9hZ2VudCI6IlRpY2tldGluZy1XZWJBcHAifX0.wqBC3m2hbtLVQU4I2vy3rF00DEcxJT-CLtlea8H2Quk
Connection: close
Request body:

========================================
2018-10-18 11:16:00 
::1 GET /tourism/public-api/v1/countries/5/continent?limit=6 HTTP/1.1
HTTP headers:
Host: localhost
User-Agent: Ticketing-WebApp
Authorization: Bearer eyJ0eXAiOiJKV1QiLCJhbGciOiJIUzI1NiJ9.eyJpYXQiOjE1Mzk4MzU1MjYsImp0aSI6Im9iUEFLVWpzWGhnRDVcL3p5bWpHbitXT2hBTEJ0ZERQZ1QwZlpRRUQzUGRFPSIsImlzcyI6Ijo6MSIsIm5iZiI6MTUzOTgzNTUyNiwiZXhwIjoxNTM5ODM3MzI2LCJkYXRhIjp7InVzZXJuYW1lIjoidXNlciIsInBhc3N3b3JkIjoiMTA0NzBjM2I0YjFmZWQxMmMzYmFhYzAxNGJlMTVmYWM2N2M2ZTgxNSIsImlwIjoiOjoxIiwidXNlcl9hZ2VudCI6IlRpY2tldGluZy1XZWJBcHAifX0.wqBC3m2hbtLVQU4I2vy3rF00DEcxJT-CLtlea8H2Quk
Connection: close
Request body:

========================================
2018-10-18 11:16:02 
::1 GET /tourism/public-api/v1/provinces/1/countries?limit=1 HTTP/1.1
HTTP headers:
Host: localhost
User-Agent: Ticketing-WebApp
Authorization: Bearer eyJ0eXAiOiJKV1QiLCJhbGciOiJIUzI1NiJ9.eyJpYXQiOjE1Mzk4MzU1MjYsImp0aSI6Im9iUEFLVWpzWGhnRDVcL3p5bWpHbitXT2hBTEJ0ZERQZ1QwZlpRRUQzUGRFPSIsImlzcyI6Ijo6MSIsIm5iZiI6MTUzOTgzNTUyNiwiZXhwIjoxNTM5ODM3MzI2LCJkYXRhIjp7InVzZXJuYW1lIjoidXNlciIsInBhc3N3b3JkIjoiMTA0NzBjM2I0YjFmZWQxMmMzYmFhYzAxNGJlMTVmYWM2N2M2ZTgxNSIsImlwIjoiOjoxIiwidXNlcl9hZ2VudCI6IlRpY2tldGluZy1XZWJBcHAifX0.wqBC3m2hbtLVQU4I2vy3rF00DEcxJT-CLtlea8H2Quk
Connection: close
Request body:

========================================
2018-10-18 11:16:02 
::1 GET /tourism/public-api/v1/provinces/1/countries?limit=33 HTTP/1.1
HTTP headers:
Host: localhost
User-Agent: Ticketing-WebApp
Authorization: Bearer eyJ0eXAiOiJKV1QiLCJhbGciOiJIUzI1NiJ9.eyJpYXQiOjE1Mzk4MzU1MjYsImp0aSI6Im9iUEFLVWpzWGhnRDVcL3p5bWpHbitXT2hBTEJ0ZERQZ1QwZlpRRUQzUGRFPSIsImlzcyI6Ijo6MSIsIm5iZiI6MTUzOTgzNTUyNiwiZXhwIjoxNTM5ODM3MzI2LCJkYXRhIjp7InVzZXJuYW1lIjoidXNlciIsInBhc3N3b3JkIjoiMTA0NzBjM2I0YjFmZWQxMmMzYmFhYzAxNGJlMTVmYWM2N2M2ZTgxNSIsImlwIjoiOjoxIiwidXNlcl9hZ2VudCI6IlRpY2tldGluZy1XZWJBcHAifX0.wqBC3m2hbtLVQU4I2vy3rF00DEcxJT-CLtlea8H2Quk
Connection: close
Request body:

========================================
2018-10-18 11:16:07 
::1 GET /tourism/public-api/v1/province/12/cities?limit=1 HTTP/1.1
HTTP headers:
Host: localhost
User-Agent: Ticketing-WebApp
Authorization: Bearer eyJ0eXAiOiJKV1QiLCJhbGciOiJIUzI1NiJ9.eyJpYXQiOjE1Mzk4MzU1MjYsImp0aSI6Im9iUEFLVWpzWGhnRDVcL3p5bWpHbitXT2hBTEJ0ZERQZ1QwZlpRRUQzUGRFPSIsImlzcyI6Ijo6MSIsIm5iZiI6MTUzOTgzNTUyNiwiZXhwIjoxNTM5ODM3MzI2LCJkYXRhIjp7InVzZXJuYW1lIjoidXNlciIsInBhc3N3b3JkIjoiMTA0NzBjM2I0YjFmZWQxMmMzYmFhYzAxNGJlMTVmYWM2N2M2ZTgxNSIsImlwIjoiOjoxIiwidXNlcl9hZ2VudCI6IlRpY2tldGluZy1XZWJBcHAifX0.wqBC3m2hbtLVQU4I2vy3rF00DEcxJT-CLtlea8H2Quk
Connection: close
Request body:

========================================
2018-10-18 11:16:07 
::1 GET /tourism/public-api/v1/province/12/cities?limit=1 HTTP/1.1
HTTP headers:
Host: localhost
User-Agent: Ticketing-WebApp
Authorization: Bearer eyJ0eXAiOiJKV1QiLCJhbGciOiJIUzI1NiJ9.eyJpYXQiOjE1Mzk4MzU1MjYsImp0aSI6Im9iUEFLVWpzWGhnRDVcL3p5bWpHbitXT2hBTEJ0ZERQZ1QwZlpRRUQzUGRFPSIsImlzcyI6Ijo6MSIsIm5iZiI6MTUzOTgzNTUyNiwiZXhwIjoxNTM5ODM3MzI2LCJkYXRhIjp7InVzZXJuYW1lIjoidXNlciIsInBhc3N3b3JkIjoiMTA0NzBjM2I0YjFmZWQxMmMzYmFhYzAxNGJlMTVmYWM2N2M2ZTgxNSIsImlwIjoiOjoxIiwidXNlcl9hZ2VudCI6IlRpY2tldGluZy1XZWJBcHAifX0.wqBC3m2hbtLVQU4I2vy3rF00DEcxJT-CLtlea8H2Quk
Connection: close
Request body:

========================================
2018-10-18 11:17:16 
::1 GET /tourism/public-api/v1/continents HTTP/1.1
HTTP headers:
Host: localhost
User-Agent: Ticketing-WebApp
Authorization: Bearer eyJ0eXAiOiJKV1QiLCJhbGciOiJIUzI1NiJ9.eyJpYXQiOjE1Mzk4MzU1MjYsImp0aSI6Im9iUEFLVWpzWGhnRDVcL3p5bWpHbitXT2hBTEJ0ZERQZ1QwZlpRRUQzUGRFPSIsImlzcyI6Ijo6MSIsIm5iZiI6MTUzOTgzNTUyNiwiZXhwIjoxNTM5ODM3MzI2LCJkYXRhIjp7InVzZXJuYW1lIjoidXNlciIsInBhc3N3b3JkIjoiMTA0NzBjM2I0YjFmZWQxMmMzYmFhYzAxNGJlMTVmYWM2N2M2ZTgxNSIsImlwIjoiOjoxIiwidXNlcl9hZ2VudCI6IlRpY2tldGluZy1XZWJBcHAifX0.wqBC3m2hbtLVQU4I2vy3rF00DEcxJT-CLtlea8H2Quk
Connection: close
Request body:

========================================
2018-10-18 11:17:34 
::1 GET /tourism/public-api/v1/countries/5/continent?limit=1 HTTP/1.1
HTTP headers:
Host: localhost
User-Agent: Ticketing-WebApp
Authorization: Bearer eyJ0eXAiOiJKV1QiLCJhbGciOiJIUzI1NiJ9.eyJpYXQiOjE1Mzk4MzU1MjYsImp0aSI6Im9iUEFLVWpzWGhnRDVcL3p5bWpHbitXT2hBTEJ0ZERQZ1QwZlpRRUQzUGRFPSIsImlzcyI6Ijo6MSIsIm5iZiI6MTUzOTgzNTUyNiwiZXhwIjoxNTM5ODM3MzI2LCJkYXRhIjp7InVzZXJuYW1lIjoidXNlciIsInBhc3N3b3JkIjoiMTA0NzBjM2I0YjFmZWQxMmMzYmFhYzAxNGJlMTVmYWM2N2M2ZTgxNSIsImlwIjoiOjoxIiwidXNlcl9hZ2VudCI6IlRpY2tldGluZy1XZWJBcHAifX0.wqBC3m2hbtLVQU4I2vy3rF00DEcxJT-CLtlea8H2Quk
Connection: close
Request body:

========================================
2018-10-18 11:17:34 
::1 GET /tourism/public-api/v1/countries/5/continent?limit=6 HTTP/1.1
HTTP headers:
Host: localhost
User-Agent: Ticketing-WebApp
Authorization: Bearer eyJ0eXAiOiJKV1QiLCJhbGciOiJIUzI1NiJ9.eyJpYXQiOjE1Mzk4MzU1MjYsImp0aSI6Im9iUEFLVWpzWGhnRDVcL3p5bWpHbitXT2hBTEJ0ZERQZ1QwZlpRRUQzUGRFPSIsImlzcyI6Ijo6MSIsIm5iZiI6MTUzOTgzNTUyNiwiZXhwIjoxNTM5ODM3MzI2LCJkYXRhIjp7InVzZXJuYW1lIjoidXNlciIsInBhc3N3b3JkIjoiMTA0NzBjM2I0YjFmZWQxMmMzYmFhYzAxNGJlMTVmYWM2N2M2ZTgxNSIsImlwIjoiOjoxIiwidXNlcl9hZ2VudCI6IlRpY2tldGluZy1XZWJBcHAifX0.wqBC3m2hbtLVQU4I2vy3rF00DEcxJT-CLtlea8H2Quk
Connection: close
Request body:

========================================
2018-10-18 11:17:36 
::1 GET /tourism/public-api/v1/provinces/1/countries?limit=1 HTTP/1.1
HTTP headers:
Host: localhost
User-Agent: Ticketing-WebApp
Authorization: Bearer eyJ0eXAiOiJKV1QiLCJhbGciOiJIUzI1NiJ9.eyJpYXQiOjE1Mzk4MzU1MjYsImp0aSI6Im9iUEFLVWpzWGhnRDVcL3p5bWpHbitXT2hBTEJ0ZERQZ1QwZlpRRUQzUGRFPSIsImlzcyI6Ijo6MSIsIm5iZiI6MTUzOTgzNTUyNiwiZXhwIjoxNTM5ODM3MzI2LCJkYXRhIjp7InVzZXJuYW1lIjoidXNlciIsInBhc3N3b3JkIjoiMTA0NzBjM2I0YjFmZWQxMmMzYmFhYzAxNGJlMTVmYWM2N2M2ZTgxNSIsImlwIjoiOjoxIiwidXNlcl9hZ2VudCI6IlRpY2tldGluZy1XZWJBcHAifX0.wqBC3m2hbtLVQU4I2vy3rF00DEcxJT-CLtlea8H2Quk
Connection: close
Request body:

========================================
2018-10-18 11:17:36 
::1 GET /tourism/public-api/v1/provinces/1/countries?limit=33 HTTP/1.1
HTTP headers:
Host: localhost
User-Agent: Ticketing-WebApp
Authorization: Bearer eyJ0eXAiOiJKV1QiLCJhbGciOiJIUzI1NiJ9.eyJpYXQiOjE1Mzk4MzU1MjYsImp0aSI6Im9iUEFLVWpzWGhnRDVcL3p5bWpHbitXT2hBTEJ0ZERQZ1QwZlpRRUQzUGRFPSIsImlzcyI6Ijo6MSIsIm5iZiI6MTUzOTgzNTUyNiwiZXhwIjoxNTM5ODM3MzI2LCJkYXRhIjp7InVzZXJuYW1lIjoidXNlciIsInBhc3N3b3JkIjoiMTA0NzBjM2I0YjFmZWQxMmMzYmFhYzAxNGJlMTVmYWM2N2M2ZTgxNSIsImlwIjoiOjoxIiwidXNlcl9hZ2VudCI6IlRpY2tldGluZy1XZWJBcHAifX0.wqBC3m2hbtLVQU4I2vy3rF00DEcxJT-CLtlea8H2Quk
Connection: close
Request body:

========================================
2018-10-18 11:17:39 
::1 GET /tourism/public-api/v1/province/12/cities?limit=1 HTTP/1.1
HTTP headers:
Host: localhost
User-Agent: Ticketing-WebApp
Authorization: Bearer eyJ0eXAiOiJKV1QiLCJhbGciOiJIUzI1NiJ9.eyJpYXQiOjE1Mzk4MzU1MjYsImp0aSI6Im9iUEFLVWpzWGhnRDVcL3p5bWpHbitXT2hBTEJ0ZERQZ1QwZlpRRUQzUGRFPSIsImlzcyI6Ijo6MSIsIm5iZiI6MTUzOTgzNTUyNiwiZXhwIjoxNTM5ODM3MzI2LCJkYXRhIjp7InVzZXJuYW1lIjoidXNlciIsInBhc3N3b3JkIjoiMTA0NzBjM2I0YjFmZWQxMmMzYmFhYzAxNGJlMTVmYWM2N2M2ZTgxNSIsImlwIjoiOjoxIiwidXNlcl9hZ2VudCI6IlRpY2tldGluZy1XZWJBcHAifX0.wqBC3m2hbtLVQU4I2vy3rF00DEcxJT-CLtlea8H2Quk
Connection: close
Request body:

========================================
2018-10-18 11:17:39 
::1 GET /tourism/public-api/v1/province/12/cities?limit=1 HTTP/1.1
HTTP headers:
Host: localhost
User-Agent: Ticketing-WebApp
Authorization: Bearer eyJ0eXAiOiJKV1QiLCJhbGciOiJIUzI1NiJ9.eyJpYXQiOjE1Mzk4MzU1MjYsImp0aSI6Im9iUEFLVWpzWGhnRDVcL3p5bWpHbitXT2hBTEJ0ZERQZ1QwZlpRRUQzUGRFPSIsImlzcyI6Ijo6MSIsIm5iZiI6MTUzOTgzNTUyNiwiZXhwIjoxNTM5ODM3MzI2LCJkYXRhIjp7InVzZXJuYW1lIjoidXNlciIsInBhc3N3b3JkIjoiMTA0NzBjM2I0YjFmZWQxMmMzYmFhYzAxNGJlMTVmYWM2N2M2ZTgxNSIsImlwIjoiOjoxIiwidXNlcl9hZ2VudCI6IlRpY2tldGluZy1XZWJBcHAifX0.wqBC3m2hbtLVQU4I2vy3rF00DEcxJT-CLtlea8H2Quk
Connection: close
Request body:

========================================
2018-10-18 11:18:16 
::1 GET /tourism/public-api/v1/continents HTTP/1.1
HTTP headers:
Host: localhost
User-Agent: Ticketing-WebApp
Authorization: Bearer eyJ0eXAiOiJKV1QiLCJhbGciOiJIUzI1NiJ9.eyJpYXQiOjE1Mzk4MzU1MjYsImp0aSI6Im9iUEFLVWpzWGhnRDVcL3p5bWpHbitXT2hBTEJ0ZERQZ1QwZlpRRUQzUGRFPSIsImlzcyI6Ijo6MSIsIm5iZiI6MTUzOTgzNTUyNiwiZXhwIjoxNTM5ODM3MzI2LCJkYXRhIjp7InVzZXJuYW1lIjoidXNlciIsInBhc3N3b3JkIjoiMTA0NzBjM2I0YjFmZWQxMmMzYmFhYzAxNGJlMTVmYWM2N2M2ZTgxNSIsImlwIjoiOjoxIiwidXNlcl9hZ2VudCI6IlRpY2tldGluZy1XZWJBcHAifX0.wqBC3m2hbtLVQU4I2vy3rF00DEcxJT-CLtlea8H2Quk
Connection: close
Request body:

========================================
2018-10-18 11:18:45 
::1 GET /tourism/public-api/v1/continents HTTP/1.1
HTTP headers:
Host: localhost
User-Agent: Ticketing-WebApp
Authorization: Bearer eyJ0eXAiOiJKV1QiLCJhbGciOiJIUzI1NiJ9.eyJpYXQiOjE1Mzk4MzU1MjYsImp0aSI6Im9iUEFLVWpzWGhnRDVcL3p5bWpHbitXT2hBTEJ0ZERQZ1QwZlpRRUQzUGRFPSIsImlzcyI6Ijo6MSIsIm5iZiI6MTUzOTgzNTUyNiwiZXhwIjoxNTM5ODM3MzI2LCJkYXRhIjp7InVzZXJuYW1lIjoidXNlciIsInBhc3N3b3JkIjoiMTA0NzBjM2I0YjFmZWQxMmMzYmFhYzAxNGJlMTVmYWM2N2M2ZTgxNSIsImlwIjoiOjoxIiwidXNlcl9hZ2VudCI6IlRpY2tldGluZy1XZWJBcHAifX0.wqBC3m2hbtLVQU4I2vy3rF00DEcxJT-CLtlea8H2Quk
Connection: close
Request body:

========================================
2018-10-18 11:39:09 
::1 GET /tourism/public-api/v1/continents HTTP/1.1
HTTP headers:
Host: localhost
User-Agent: Ticketing-WebApp
Authorization: Bearer eyJ0eXAiOiJKV1QiLCJhbGciOiJIUzI1NiJ9.eyJpYXQiOjE1Mzk4MzU1MjYsImp0aSI6Im9iUEFLVWpzWGhnRDVcL3p5bWpHbitXT2hBTEJ0ZERQZ1QwZlpRRUQzUGRFPSIsImlzcyI6Ijo6MSIsIm5iZiI6MTUzOTgzNTUyNiwiZXhwIjoxNTM5ODM3MzI2LCJkYXRhIjp7InVzZXJuYW1lIjoidXNlciIsInBhc3N3b3JkIjoiMTA0NzBjM2I0YjFmZWQxMmMzYmFhYzAxNGJlMTVmYWM2N2M2ZTgxNSIsImlwIjoiOjoxIiwidXNlcl9hZ2VudCI6IlRpY2tldGluZy1XZWJBcHAifX0.wqBC3m2hbtLVQU4I2vy3rF00DEcxJT-CLtlea8H2Quk
Connection: close
Request body:

========================================
2018-10-18 11:40:36 
::1 GET /tourism/public-api/v1/countries/5/continent?limit=1 HTTP/1.1
HTTP headers:
Host: localhost
User-Agent: Ticketing-WebApp
Authorization: Bearer eyJ0eXAiOiJKV1QiLCJhbGciOiJIUzI1NiJ9.eyJpYXQiOjE1Mzk4MzU1MjYsImp0aSI6Im9iUEFLVWpzWGhnRDVcL3p5bWpHbitXT2hBTEJ0ZERQZ1QwZlpRRUQzUGRFPSIsImlzcyI6Ijo6MSIsIm5iZiI6MTUzOTgzNTUyNiwiZXhwIjoxNTM5ODM3MzI2LCJkYXRhIjp7InVzZXJuYW1lIjoidXNlciIsInBhc3N3b3JkIjoiMTA0NzBjM2I0YjFmZWQxMmMzYmFhYzAxNGJlMTVmYWM2N2M2ZTgxNSIsImlwIjoiOjoxIiwidXNlcl9hZ2VudCI6IlRpY2tldGluZy1XZWJBcHAifX0.wqBC3m2hbtLVQU4I2vy3rF00DEcxJT-CLtlea8H2Quk
Connection: close
Request body:

========================================
2018-10-18 11:40:36 
::1 GET /tourism/public-api/v1/countries/5/continent?limit=6 HTTP/1.1
HTTP headers:
Host: localhost
User-Agent: Ticketing-WebApp
Authorization: Bearer eyJ0eXAiOiJKV1QiLCJhbGciOiJIUzI1NiJ9.eyJpYXQiOjE1Mzk4MzU1MjYsImp0aSI6Im9iUEFLVWpzWGhnRDVcL3p5bWpHbitXT2hBTEJ0ZERQZ1QwZlpRRUQzUGRFPSIsImlzcyI6Ijo6MSIsIm5iZiI6MTUzOTgzNTUyNiwiZXhwIjoxNTM5ODM3MzI2LCJkYXRhIjp7InVzZXJuYW1lIjoidXNlciIsInBhc3N3b3JkIjoiMTA0NzBjM2I0YjFmZWQxMmMzYmFhYzAxNGJlMTVmYWM2N2M2ZTgxNSIsImlwIjoiOjoxIiwidXNlcl9hZ2VudCI6IlRpY2tldGluZy1XZWJBcHAifX0.wqBC3m2hbtLVQU4I2vy3rF00DEcxJT-CLtlea8H2Quk
Connection: close
Request body:

========================================
2018-10-18 11:40:38 
::1 GET /tourism/public-api/v1/provinces/1/countries?limit=1 HTTP/1.1
HTTP headers:
Host: localhost
User-Agent: Ticketing-WebApp
Authorization: Bearer eyJ0eXAiOiJKV1QiLCJhbGciOiJIUzI1NiJ9.eyJpYXQiOjE1Mzk4MzU1MjYsImp0aSI6Im9iUEFLVWpzWGhnRDVcL3p5bWpHbitXT2hBTEJ0ZERQZ1QwZlpRRUQzUGRFPSIsImlzcyI6Ijo6MSIsIm5iZiI6MTUzOTgzNTUyNiwiZXhwIjoxNTM5ODM3MzI2LCJkYXRhIjp7InVzZXJuYW1lIjoidXNlciIsInBhc3N3b3JkIjoiMTA0NzBjM2I0YjFmZWQxMmMzYmFhYzAxNGJlMTVmYWM2N2M2ZTgxNSIsImlwIjoiOjoxIiwidXNlcl9hZ2VudCI6IlRpY2tldGluZy1XZWJBcHAifX0.wqBC3m2hbtLVQU4I2vy3rF00DEcxJT-CLtlea8H2Quk
Connection: close
Request body:

========================================
2018-10-18 11:40:38 
::1 GET /tourism/public-api/v1/provinces/1/countries?limit=33 HTTP/1.1
HTTP headers:
Host: localhost
User-Agent: Ticketing-WebApp
Authorization: Bearer eyJ0eXAiOiJKV1QiLCJhbGciOiJIUzI1NiJ9.eyJpYXQiOjE1Mzk4MzU1MjYsImp0aSI6Im9iUEFLVWpzWGhnRDVcL3p5bWpHbitXT2hBTEJ0ZERQZ1QwZlpRRUQzUGRFPSIsImlzcyI6Ijo6MSIsIm5iZiI6MTUzOTgzNTUyNiwiZXhwIjoxNTM5ODM3MzI2LCJkYXRhIjp7InVzZXJuYW1lIjoidXNlciIsInBhc3N3b3JkIjoiMTA0NzBjM2I0YjFmZWQxMmMzYmFhYzAxNGJlMTVmYWM2N2M2ZTgxNSIsImlwIjoiOjoxIiwidXNlcl9hZ2VudCI6IlRpY2tldGluZy1XZWJBcHAifX0.wqBC3m2hbtLVQU4I2vy3rF00DEcxJT-CLtlea8H2Quk
Connection: close
Request body:

========================================
2018-10-18 11:40:40 
::1 GET /tourism/public-api/v1/province/12/cities?limit=1 HTTP/1.1
HTTP headers:
Host: localhost
User-Agent: Ticketing-WebApp
Authorization: Bearer eyJ0eXAiOiJKV1QiLCJhbGciOiJIUzI1NiJ9.eyJpYXQiOjE1Mzk4MzU1MjYsImp0aSI6Im9iUEFLVWpzWGhnRDVcL3p5bWpHbitXT2hBTEJ0ZERQZ1QwZlpRRUQzUGRFPSIsImlzcyI6Ijo6MSIsIm5iZiI6MTUzOTgzNTUyNiwiZXhwIjoxNTM5ODM3MzI2LCJkYXRhIjp7InVzZXJuYW1lIjoidXNlciIsInBhc3N3b3JkIjoiMTA0NzBjM2I0YjFmZWQxMmMzYmFhYzAxNGJlMTVmYWM2N2M2ZTgxNSIsImlwIjoiOjoxIiwidXNlcl9hZ2VudCI6IlRpY2tldGluZy1XZWJBcHAifX0.wqBC3m2hbtLVQU4I2vy3rF00DEcxJT-CLtlea8H2Quk
Connection: close
Request body:

========================================
2018-10-18 11:40:40 
::1 GET /tourism/public-api/v1/province/12/cities?limit=1 HTTP/1.1
HTTP headers:
Host: localhost
User-Agent: Ticketing-WebApp
Authorization: Bearer eyJ0eXAiOiJKV1QiLCJhbGciOiJIUzI1NiJ9.eyJpYXQiOjE1Mzk4MzU1MjYsImp0aSI6Im9iUEFLVWpzWGhnRDVcL3p5bWpHbitXT2hBTEJ0ZERQZ1QwZlpRRUQzUGRFPSIsImlzcyI6Ijo6MSIsIm5iZiI6MTUzOTgzNTUyNiwiZXhwIjoxNTM5ODM3MzI2LCJkYXRhIjp7InVzZXJuYW1lIjoidXNlciIsInBhc3N3b3JkIjoiMTA0NzBjM2I0YjFmZWQxMmMzYmFhYzAxNGJlMTVmYWM2N2M2ZTgxNSIsImlwIjoiOjoxIiwidXNlcl9hZ2VudCI6IlRpY2tldGluZy1XZWJBcHAifX0.wqBC3m2hbtLVQU4I2vy3rF00DEcxJT-CLtlea8H2Quk
Connection: close
Request body:

========================================
2018-10-18 14:22:48 
::1 GET /tourism/public-api/v1/continents HTTP/1.1
HTTP headers:
Host: localhost
User-Agent: Ticketing-WebApp
Connection: close
Request body:

========================================
2018-10-18 14:23:10 
::1 POST /tourism/public-api/v1/users/token HTTP/1.1
HTTP headers:
Host: localhost
Content-Length: 25
User-Agent: Ticketing-WebApp
Connection: close
Content-Type: application/x-www-form-urlencoded
Request body:
username=ade&password=ade
========================================
2018-10-18 14:23:11 
::1 POST /tourism/public-api/v1/users/token HTTP/1.1
HTTP headers:
Host: localhost
Content-Length: 10
User-Agent: Ticketing-WebApp
Connection: close
Content-Type: application/x-www-form-urlencoded
Request body:
password=0
========================================
2018-10-18 14:23:11 
::1 POST /tourism/public-api/v1/users/token HTTP/1.1
HTTP headers:
Host: localhost
Content-Length: 25
User-Agent: Ticketing-WebApp
Connection: close
Content-Type: application/x-www-form-urlencoded
Request body:
username=ade&password=ade
========================================
2018-10-18 14:23:11 
::1 POST /tourism/public-api/v1/users/token HTTP/1.1
HTTP headers:
Host: localhost
Content-Length: 10
User-Agent: Ticketing-WebApp
Connection: close
Content-Type: application/x-www-form-urlencoded
Request body:
password=0
========================================
2018-10-18 14:23:11 
::1 POST /tourism/public-api/v1/users/token HTTP/1.1
HTTP headers:
Host: localhost
Content-Length: 25
User-Agent: Ticketing-WebApp
Connection: close
Content-Type: application/x-www-form-urlencoded
Request body:
username=ade&password=ade
========================================
2018-10-18 14:23:12 
::1 POST /tourism/public-api/v1/users/token HTTP/1.1
HTTP headers:
Host: localhost
Content-Length: 10
User-Agent: Ticketing-WebApp
Connection: close
Content-Type: application/x-www-form-urlencoded
Request body:
password=0
========================================
2018-10-18 14:23:12 
::1 POST /tourism/public-api/v1/users/token HTTP/1.1
HTTP headers:
Host: localhost
Content-Length: 25
User-Agent: Ticketing-WebApp
Connection: close
Content-Type: application/x-www-form-urlencoded
Request body:
username=ade&password=ade
========================================
2018-10-18 14:23:31 
::1 POST /tourism/public-api/v1/users/token HTTP/1.1
HTTP headers:
Host: localhost
Content-Length: 27
User-Agent: Ticketing-WebApp
Connection: close
Content-Type: application/x-www-form-urlencoded
Request body:
username=user&password=1234
========================================
2018-10-18 14:23:32 
::1 POST /tourism/public-api/v1/users/token HTTP/1.1
HTTP headers:
Host: localhost
Content-Length: 10
User-Agent: Ticketing-WebApp
Connection: close
Content-Type: application/x-www-form-urlencoded
Request body:
password=0
========================================
2018-10-18 14:23:32 
::1 POST /tourism/public-api/v1/users/token HTTP/1.1
HTTP headers:
Host: localhost
Content-Length: 27
User-Agent: Ticketing-WebApp
Connection: close
Content-Type: application/x-www-form-urlencoded
Request body:
username=user&password=1234
========================================
2018-10-18 14:23:32 
::1 POST /tourism/public-api/v1/users/token HTTP/1.1
HTTP headers:
Host: localhost
Content-Length: 10
User-Agent: Ticketing-WebApp
Connection: close
Content-Type: application/x-www-form-urlencoded
Request body:
password=0
========================================
2018-10-18 14:23:32 
::1 POST /tourism/public-api/v1/users/token HTTP/1.1
HTTP headers:
Host: localhost
Content-Length: 27
User-Agent: Ticketing-WebApp
Connection: close
Content-Type: application/x-www-form-urlencoded
Request body:
username=user&password=1234
========================================
2018-10-18 14:23:33 
::1 POST /tourism/public-api/v1/users/token HTTP/1.1
HTTP headers:
Host: localhost
Content-Length: 10
User-Agent: Ticketing-WebApp
Connection: close
Content-Type: application/x-www-form-urlencoded
Request body:
password=0
========================================
2018-10-18 14:23:33 
::1 POST /tourism/public-api/v1/users/token HTTP/1.1
HTTP headers:
Host: localhost
Content-Length: 27
User-Agent: Ticketing-WebApp
Connection: close
Content-Type: application/x-www-form-urlencoded
Request body:
username=user&password=1234
========================================
2018-10-18 14:23:48 
::1 POST /tourism/public-api/v1/users/token HTTP/1.1
HTTP headers:
Host: localhost
Content-Length: 29
User-Agent: Ticketing-WebApp
Connection: close
Content-Type: application/x-www-form-urlencoded
Request body:
username=user&password=123456
========================================
2018-10-18 14:23:49 
::1 POST /tourism/public-api/v1/users/token HTTP/1.1
HTTP headers:
Host: localhost
Content-Length: 10
User-Agent: Ticketing-WebApp
Connection: close
Content-Type: application/x-www-form-urlencoded
Request body:
password=0
========================================
2018-10-18 14:23:49 
::1 POST /tourism/public-api/v1/users/token HTTP/1.1
HTTP headers:
Host: localhost
Content-Length: 29
User-Agent: Ticketing-WebApp
Connection: close
Content-Type: application/x-www-form-urlencoded
Request body:
username=user&password=123456
========================================
2018-10-18 14:23:49 
::1 POST /tourism/public-api/v1/users/token HTTP/1.1
HTTP headers:
Host: localhost
Content-Length: 10
User-Agent: Ticketing-WebApp
Connection: close
Content-Type: application/x-www-form-urlencoded
Request body:
password=0
========================================
2018-10-18 14:23:49 
::1 POST /tourism/public-api/v1/users/token HTTP/1.1
HTTP headers:
Host: localhost
Content-Length: 29
User-Agent: Ticketing-WebApp
Connection: close
Content-Type: application/x-www-form-urlencoded
Request body:
username=user&password=123456
========================================
2018-10-18 14:23:50 
::1 POST /tourism/public-api/v1/users/token HTTP/1.1
HTTP headers:
Host: localhost
Content-Length: 10
User-Agent: Ticketing-WebApp
Connection: close
Content-Type: application/x-www-form-urlencoded
Request body:
password=0
========================================
2018-10-18 14:23:50 
::1 POST /tourism/public-api/v1/users/token HTTP/1.1
HTTP headers:
Host: localhost
Content-Length: 29
User-Agent: Ticketing-WebApp
Connection: close
Content-Type: application/x-www-form-urlencoded
Request body:
username=user&password=123456
========================================
2018-10-18 14:24:06 
::1 POST /tourism/public-api/v1/users/token HTTP/1.1
HTTP headers:
Host: localhost
Content-Length: 31
User-Agent: Ticketing-WebApp
Connection: close
Content-Type: application/x-www-form-urlencoded
Request body:
username=user&password=12345678
========================================
2018-10-18 14:24:06 
::1 POST /tourism/public-api/v1/users/token HTTP/1.1
HTTP headers:
Host: localhost
Content-Length: 10
User-Agent: Ticketing-WebApp
Connection: close
Content-Type: application/x-www-form-urlencoded
Request body:
password=0
========================================
2018-10-18 14:24:06 
::1 POST /tourism/public-api/v1/users/token HTTP/1.1
HTTP headers:
Host: localhost
Content-Length: 31
User-Agent: Ticketing-WebApp
Connection: close
Content-Type: application/x-www-form-urlencoded
Request body:
username=user&password=12345678
========================================
2018-10-18 14:24:06 
::1 POST /tourism/public-api/v1/users/token HTTP/1.1
HTTP headers:
Host: localhost
Content-Length: 10
User-Agent: Ticketing-WebApp
Connection: close
Content-Type: application/x-www-form-urlencoded
Request body:
password=0
========================================
2018-10-18 14:24:06 
::1 POST /tourism/public-api/v1/users/token HTTP/1.1
HTTP headers:
Host: localhost
Content-Length: 31
User-Agent: Ticketing-WebApp
Connection: close
Content-Type: application/x-www-form-urlencoded
Request body:
username=user&password=12345678
========================================
2018-10-18 14:24:07 
::1 POST /tourism/public-api/v1/users/token HTTP/1.1
HTTP headers:
Host: localhost
Content-Length: 10
User-Agent: Ticketing-WebApp
Connection: close
Content-Type: application/x-www-form-urlencoded
Request body:
password=0
========================================
2018-10-18 14:24:07 
::1 POST /tourism/public-api/v1/users/token HTTP/1.1
HTTP headers:
Host: localhost
Content-Length: 31
User-Agent: Ticketing-WebApp
Connection: close
Content-Type: application/x-www-form-urlencoded
Request body:
username=user&password=12345678
========================================
2018-10-18 14:24:21 
::1 POST /tourism/public-api/v1/users/token HTTP/1.1
HTTP headers:
Host: localhost
Content-Length: 33
User-Agent: Ticketing-WebApp
Connection: close
Content-Type: application/x-www-form-urlencoded
Request body:
username=user&password=1234567890
========================================
2018-10-18 14:24:22 
::1 POST /tourism/public-api/v1/users/token HTTP/1.1
HTTP headers:
Host: localhost
Content-Length: 10
User-Agent: Ticketing-WebApp
Connection: close
Content-Type: application/x-www-form-urlencoded
Request body:
password=0
========================================
2018-10-18 14:24:22 
::1 POST /tourism/public-api/v1/users/token HTTP/1.1
HTTP headers:
Host: localhost
Content-Length: 33
User-Agent: Ticketing-WebApp
Connection: close
Content-Type: application/x-www-form-urlencoded
Request body:
username=user&password=1234567890
========================================
2018-10-18 14:24:22 
::1 POST /tourism/public-api/v1/users/token HTTP/1.1
HTTP headers:
Host: localhost
Content-Length: 10
User-Agent: Ticketing-WebApp
Connection: close
Content-Type: application/x-www-form-urlencoded
Request body:
password=0
========================================
2018-10-18 14:24:22 
::1 POST /tourism/public-api/v1/users/token HTTP/1.1
HTTP headers:
Host: localhost
Content-Length: 33
User-Agent: Ticketing-WebApp
Connection: close
Content-Type: application/x-www-form-urlencoded
Request body:
username=user&password=1234567890
========================================
2018-10-18 14:24:23 
::1 POST /tourism/public-api/v1/users/token HTTP/1.1
HTTP headers:
Host: localhost
Content-Length: 10
User-Agent: Ticketing-WebApp
Connection: close
Content-Type: application/x-www-form-urlencoded
Request body:
password=0
========================================
2018-10-18 14:24:23 
::1 POST /tourism/public-api/v1/users/token HTTP/1.1
HTTP headers:
Host: localhost
Content-Length: 33
User-Agent: Ticketing-WebApp
Connection: close
Content-Type: application/x-www-form-urlencoded
Request body:
username=user&password=1234567890
========================================
2018-10-18 14:24:35 
::1 POST /tourism/public-api/v1/users/token HTTP/1.1
HTTP headers:
Host: localhost
Content-Length: 25
User-Agent: Ticketing-WebApp
Connection: close
Content-Type: application/x-www-form-urlencoded
Request body:
username=ade&password=ade
========================================
2018-10-18 14:24:35 
::1 POST /tourism/public-api/v1/users/token HTTP/1.1
HTTP headers:
Host: localhost
Content-Length: 10
User-Agent: Ticketing-WebApp
Connection: close
Content-Type: application/x-www-form-urlencoded
Request body:
password=0
========================================
2018-10-18 14:24:35 
::1 POST /tourism/public-api/v1/users/token HTTP/1.1
HTTP headers:
Host: localhost
Content-Length: 25
User-Agent: Ticketing-WebApp
Connection: close
Content-Type: application/x-www-form-urlencoded
Request body:
username=ade&password=ade
========================================
2018-10-18 14:24:35 
::1 POST /tourism/public-api/v1/users/token HTTP/1.1
HTTP headers:
Host: localhost
Content-Length: 10
User-Agent: Ticketing-WebApp
Connection: close
Content-Type: application/x-www-form-urlencoded
Request body:
password=0
========================================
2018-10-18 14:24:36 
::1 POST /tourism/public-api/v1/users/token HTTP/1.1
HTTP headers:
Host: localhost
Content-Length: 25
User-Agent: Ticketing-WebApp
Connection: close
Content-Type: application/x-www-form-urlencoded
Request body:
username=ade&password=ade
========================================
2018-10-18 14:24:36 
::1 POST /tourism/public-api/v1/users/token HTTP/1.1
HTTP headers:
Host: localhost
Content-Length: 10
User-Agent: Ticketing-WebApp
Connection: close
Content-Type: application/x-www-form-urlencoded
Request body:
password=0
========================================
2018-10-18 14:24:36 
::1 POST /tourism/public-api/v1/users/token HTTP/1.1
HTTP headers:
Host: localhost
Content-Length: 25
User-Agent: Ticketing-WebApp
Connection: close
Content-Type: application/x-www-form-urlencoded
Request body:
username=ade&password=ade
========================================
2018-10-18 14:24:53 
::1 POST /tourism/public-api/v1/users/token HTTP/1.1
HTTP headers:
Host: localhost
Content-Length: 29
User-Agent: Ticketing-WebApp
Connection: close
Content-Type: application/x-www-form-urlencoded
Request body:
username=user&password=123456
========================================
2018-10-18 14:24:53 
::1 POST /tourism/public-api/v1/users/token HTTP/1.1
HTTP headers:
Host: localhost
Content-Length: 10
User-Agent: Ticketing-WebApp
Connection: close
Content-Type: application/x-www-form-urlencoded
Request body:
password=0
========================================
2018-10-18 14:24:53 
::1 POST /tourism/public-api/v1/users/token HTTP/1.1
HTTP headers:
Host: localhost
Content-Length: 29
User-Agent: Ticketing-WebApp
Connection: close
Content-Type: application/x-www-form-urlencoded
Request body:
username=user&password=123456
========================================
2018-10-18 14:24:53 
::1 POST /tourism/public-api/v1/users/token HTTP/1.1
HTTP headers:
Host: localhost
Content-Length: 10
User-Agent: Ticketing-WebApp
Connection: close
Content-Type: application/x-www-form-urlencoded
Request body:
password=0
========================================
2018-10-18 14:24:54 
::1 POST /tourism/public-api/v1/users/token HTTP/1.1
HTTP headers:
Host: localhost
Content-Length: 29
User-Agent: Ticketing-WebApp
Connection: close
Content-Type: application/x-www-form-urlencoded
Request body:
username=user&password=123456
========================================
2018-10-18 14:24:54 
::1 POST /tourism/public-api/v1/users/token HTTP/1.1
HTTP headers:
Host: localhost
Content-Length: 10
User-Agent: Ticketing-WebApp
Connection: close
Content-Type: application/x-www-form-urlencoded
Request body:
password=0
========================================
2018-10-18 14:24:54 
::1 POST /tourism/public-api/v1/users/token HTTP/1.1
HTTP headers:
Host: localhost
Content-Length: 29
User-Agent: Ticketing-WebApp
Connection: close
Content-Type: application/x-www-form-urlencoded
Request body:
username=user&password=123456
========================================
2018-10-18 15:47:41 
::1 POST /tourism/public-api/v1/users/token HTTP/1.1
HTTP headers:
Host: localhost
Content-Length: 25
User-Agent: Ticketing-WebApp
Connection: close
Content-Type: application/x-www-form-urlencoded
Request body:
username=ade&password=ade
========================================
2018-10-18 15:47:42 
::1 POST /tourism/public-api/v1/users/token HTTP/1.1
HTTP headers:
Host: localhost
Content-Length: 10
User-Agent: Ticketing-WebApp
Connection: close
Content-Type: application/x-www-form-urlencoded
Request body:
password=0
========================================
2018-10-18 15:47:42 
::1 POST /tourism/public-api/v1/users/token HTTP/1.1
HTTP headers:
Host: localhost
Content-Length: 25
User-Agent: Ticketing-WebApp
Connection: close
Content-Type: application/x-www-form-urlencoded
Request body:
username=ade&password=ade
========================================
2018-10-18 15:47:42 
::1 POST /tourism/public-api/v1/users/token HTTP/1.1
HTTP headers:
Host: localhost
Content-Length: 10
User-Agent: Ticketing-WebApp
Connection: close
Content-Type: application/x-www-form-urlencoded
Request body:
password=0
========================================
2018-10-18 15:47:42 
::1 POST /tourism/public-api/v1/users/token HTTP/1.1
HTTP headers:
Host: localhost
Content-Length: 25
User-Agent: Ticketing-WebApp
Connection: close
Content-Type: application/x-www-form-urlencoded
Request body:
username=ade&password=ade
========================================
2018-10-18 15:47:42 
::1 POST /tourism/public-api/v1/users/token HTTP/1.1
HTTP headers:
Host: localhost
Content-Length: 10
User-Agent: Ticketing-WebApp
Connection: close
Content-Type: application/x-www-form-urlencoded
Request body:
password=0
========================================
2018-10-18 15:47:42 
::1 POST /tourism/public-api/v1/users/token HTTP/1.1
HTTP headers:
Host: localhost
Content-Length: 25
User-Agent: Ticketing-WebApp
Connection: close
Content-Type: application/x-www-form-urlencoded
Request body:
username=ade&password=ade
========================================
2018-10-18 16:44:16 
::1 POST /tourism/public-api/v1/users/token HTTP/1.1
HTTP headers:
Host: localhost
Content-Length: 29
User-Agent: Ticketing-WebApp
Connection: close
Content-Type: application/x-www-form-urlencoded
Request body:
username=user&password=123456
========================================
2018-10-18 16:44:17 
::1 POST /tourism/public-api/v1/users/token HTTP/1.1
HTTP headers:
Host: localhost
Content-Length: 10
User-Agent: Ticketing-WebApp
Connection: close
Content-Type: application/x-www-form-urlencoded
Request body:
password=0
========================================
2018-10-18 16:44:17 
::1 POST /tourism/public-api/v1/users/token HTTP/1.1
HTTP headers:
Host: localhost
Content-Length: 29
User-Agent: Ticketing-WebApp
Connection: close
Content-Type: application/x-www-form-urlencoded
Request body:
username=user&password=123456
========================================
2018-10-18 16:44:17 
::1 POST /tourism/public-api/v1/users/token HTTP/1.1
HTTP headers:
Host: localhost
Content-Length: 10
User-Agent: Ticketing-WebApp
Connection: close
Content-Type: application/x-www-form-urlencoded
Request body:
password=0
========================================
2018-10-18 16:44:18 
::1 POST /tourism/public-api/v1/users/token HTTP/1.1
HTTP headers:
Host: localhost
Content-Length: 29
User-Agent: Ticketing-WebApp
Connection: close
Content-Type: application/x-www-form-urlencoded
Request body:
username=user&password=123456
========================================
2018-10-18 16:44:18 
::1 POST /tourism/public-api/v1/users/token HTTP/1.1
HTTP headers:
Host: localhost
Content-Length: 10
User-Agent: Ticketing-WebApp
Connection: close
Content-Type: application/x-www-form-urlencoded
Request body:
password=0
========================================
2018-10-18 16:44:18 
::1 POST /tourism/public-api/v1/users/token HTTP/1.1
HTTP headers:
Host: localhost
Content-Length: 29
User-Agent: Ticketing-WebApp
Connection: close
Content-Type: application/x-www-form-urlencoded
Request body:
username=user&password=123456
========================================
2018-10-18 16:44:50 
::1 POST /tourism/public-api/v1/users/token HTTP/1.1
HTTP headers:
Content-Type: application/x-www-form-urlencoded
cache-control: no-cache
Postman-Token: 13a96fdd-3616-41d4-a3a9-a5e4de324327
User-Agent: PostmanRuntime/7.3.0
Accept: */*
Host: localhost
accept-encoding: gzip, deflate
content-length: 25
Connection: keep-alive
Request body:
username=ade&password=ade
========================================
2018-10-18 16:46:14 
::1 POST /tourism/public-api/v1/users/token HTTP/1.1
HTTP headers:
Content-Type: application/x-www-form-urlencoded
cache-control: no-cache
Postman-Token: a78db285-ccdf-4e3c-b9d6-98738c609d49
User-Agent: PostmanRuntime/7.3.0
Accept: */*
Host: localhost
accept-encoding: gzip, deflate
content-length: 25
Connection: keep-alive
Request body:
username=ade&password=ade
========================================
2018-10-18 16:47:04 
::1 POST /tourism/public-api/v1/users/token HTTP/1.1
HTTP headers:
Content-Type: application/x-www-form-urlencoded
cache-control: no-cache
Postman-Token: 9422b448-d573-4b6b-814c-3da7f5ffb508
User-Agent: PostmanRuntime/7.3.0
Accept: */*
Host: localhost
accept-encoding: gzip, deflate
content-length: 25
Connection: keep-alive
Request body:
username=ade&password=ade
========================================
2018-10-18 16:47:19 
::1 POST /tourism/public-api/v1/users/token HTTP/1.1
HTTP headers:
Host: localhost
Content-Length: 25
User-Agent: Ticketing-WebApp
Connection: close
Content-Type: application/x-www-form-urlencoded
Request body:
username=ade&password=ade
========================================
2018-10-18 16:47:20 
::1 GET /tourism/public-api/v1/users/1 HTTP/1.1
HTTP headers:
Host: localhost
User-Agent: Ticketing-WebApp
Authorization: Bearer eyJ0eXAiOiJKV1QiLCJhbGciOiJIUzI1NiJ9.eyJpYXQiOjE1Mzk4NTYwMzksImp0aSI6InNJVGY0cXgyeGlIVmNSQTBGbEtpSXRhclJxNGFqMVVIVlR6UGluRXZUNGs9IiwiaXNzIjoiOjoxIiwibmJmIjoxNTM5ODU2MDM5LCJleHAiOjE1Mzk4NTc4MzksImRhdGEiOnsidXNlcm5hbWUiOiJhZGUiLCJwYXNzd29yZCI6ImI3MDE2NmQyMzU5ZTU1ZmYzNDg0ZjVkNzAyMGM3MGQ4NmQ4OTA3OTYiLCJpcCI6Ijo6MSIsInVzZXJfYWdlbnQiOiJUaWNrZXRpbmctV2ViQXBwIn19.Qj5qm_l_f_3zYLpKUwQq6bfsVeFC2J1FoNv7FUGfF7k
Connection: close
Request body:

========================================
2018-10-18 16:47:20 
::1 POST /tourism/public-api/v1/users/token HTTP/1.1
HTTP headers:
Host: localhost
Content-Length: 25
User-Agent: Ticketing-WebApp
Connection: close
Content-Type: application/x-www-form-urlencoded
Request body:
username=ade&password=ade
========================================
2018-10-18 16:47:21 
::1 GET /tourism/public-api/v1/users/1 HTTP/1.1
HTTP headers:
Host: localhost
User-Agent: Ticketing-WebApp
Authorization: Bearer eyJ0eXAiOiJKV1QiLCJhbGciOiJIUzI1NiJ9.eyJpYXQiOjE1Mzk4NTYwNDAsImp0aSI6InU2QTFDalwvRTBRREhQRm1SZlBaYTh5QVRjdm1uZVwvN05NWkdhXC9Jd0pDMmM9IiwiaXNzIjoiOjoxIiwibmJmIjoxNTM5ODU2MDQwLCJleHAiOjE1Mzk4NTc4NDAsImRhdGEiOnsidXNlcm5hbWUiOiJhZGUiLCJwYXNzd29yZCI6ImI3MDE2NmQyMzU5ZTU1ZmYzNDg0ZjVkNzAyMGM3MGQ4NmQ4OTA3OTYiLCJpcCI6Ijo6MSIsInVzZXJfYWdlbnQiOiJUaWNrZXRpbmctV2ViQXBwIn19.aHCD-zgH-ZVrFDs4RcyMX0qvL4oJYkivsIXRwMh_Jks
Connection: close
Request body:

========================================
2018-10-18 16:47:21 
::1 POST /tourism/public-api/v1/users/token HTTP/1.1
HTTP headers:
Host: localhost
Content-Length: 25
User-Agent: Ticketing-WebApp
Connection: close
Content-Type: application/x-www-form-urlencoded
Request body:
username=ade&password=ade
========================================
2018-10-18 16:47:22 
::1 GET /tourism/public-api/v1/users/1 HTTP/1.1
HTTP headers:
Host: localhost
User-Agent: Ticketing-WebApp
Authorization: Bearer eyJ0eXAiOiJKV1QiLCJhbGciOiJIUzI1NiJ9.eyJpYXQiOjE1Mzk4NTYwNDEsImp0aSI6IjZPZkxiWGIrZjF0eTlGN3U4MFRPTjkwRktZa2ZrQlZmZ3V0ZmtNSTgzUVE9IiwiaXNzIjoiOjoxIiwibmJmIjoxNTM5ODU2MDQxLCJleHAiOjE1Mzk4NTc4NDEsImRhdGEiOnsidXNlcm5hbWUiOiJhZGUiLCJwYXNzd29yZCI6ImI3MDE2NmQyMzU5ZTU1ZmYzNDg0ZjVkNzAyMGM3MGQ4NmQ4OTA3OTYiLCJpcCI6Ijo6MSIsInVzZXJfYWdlbnQiOiJUaWNrZXRpbmctV2ViQXBwIn19.4Wk63ClfWKqtNQ_sCQMdXUU-jtmCc4DFwqlPy-qyiHQ
Connection: close
Request body:

========================================
2018-10-18 16:47:23 
::1 POST /tourism/public-api/v1/users/token HTTP/1.1
HTTP headers:
Host: localhost
Content-Length: 25
User-Agent: Ticketing-WebApp
Connection: close
Content-Type: application/x-www-form-urlencoded
Request body:
username=ade&password=ade
========================================
2018-10-18 16:47:24 
::1 GET /tourism/public-api/v1/users/1 HTTP/1.1
HTTP headers:
Host: localhost
User-Agent: Ticketing-WebApp
Authorization: Bearer eyJ0eXAiOiJKV1QiLCJhbGciOiJIUzI1NiJ9.eyJpYXQiOjE1Mzk4NTYwNDMsImp0aSI6IjhiVm1qZ1hSTXpsK25MZk5yc3NPdnVZN1VENGVvWmJpc3FEeUM3TkVGOUk9IiwiaXNzIjoiOjoxIiwibmJmIjoxNTM5ODU2MDQzLCJleHAiOjE1Mzk4NTc4NDMsImRhdGEiOnsidXNlcm5hbWUiOiJhZGUiLCJwYXNzd29yZCI6ImI3MDE2NmQyMzU5ZTU1ZmYzNDg0ZjVkNzAyMGM3MGQ4NmQ4OTA3OTYiLCJpcCI6Ijo6MSIsInVzZXJfYWdlbnQiOiJUaWNrZXRpbmctV2ViQXBwIn19.vvktJ6kZBEU_c5BziAtIomRPcgvlkXyI4NUyReVSDeg
Connection: close
Request body:

========================================
2018-10-18 16:47:24 
::1 POST /tourism/public-api/v1/users/token HTTP/1.1
HTTP headers:
Host: localhost
Content-Length: 25
User-Agent: Ticketing-WebApp
Connection: close
Content-Type: application/x-www-form-urlencoded
Request body:
username=ade&password=ade
========================================
2018-10-18 16:47:25 
::1 GET /tourism/public-api/v1/users/1 HTTP/1.1
HTTP headers:
Host: localhost
User-Agent: Ticketing-WebApp
Authorization: Bearer eyJ0eXAiOiJKV1QiLCJhbGciOiJIUzI1NiJ9.eyJpYXQiOjE1Mzk4NTYwNDQsImp0aSI6IlgrTjZzZklEWUVKRllaNGZqVTZVRVBJS0tTcHR0anJGbllvNlVuUmx3YkU9IiwiaXNzIjoiOjoxIiwibmJmIjoxNTM5ODU2MDQ0LCJleHAiOjE1Mzk4NTc4NDQsImRhdGEiOnsidXNlcm5hbWUiOiJhZGUiLCJwYXNzd29yZCI6ImI3MDE2NmQyMzU5ZTU1ZmYzNDg0ZjVkNzAyMGM3MGQ4NmQ4OTA3OTYiLCJpcCI6Ijo6MSIsInVzZXJfYWdlbnQiOiJUaWNrZXRpbmctV2ViQXBwIn19.VnrKZQFeuVUqizANKO-j4IJcaSL1B5WAPdn6ziVPIDk
Connection: close
Request body:

========================================
2018-10-18 16:47:25 
::1 POST /tourism/public-api/v1/users/token HTTP/1.1
HTTP headers:
Host: localhost
Content-Length: 25
User-Agent: Ticketing-WebApp
Connection: close
Content-Type: application/x-www-form-urlencoded
Request body:
username=ade&password=ade
========================================
2018-10-18 16:47:26 
::1 GET /tourism/public-api/v1/users/1 HTTP/1.1
HTTP headers:
Host: localhost
User-Agent: Ticketing-WebApp
Authorization: Bearer eyJ0eXAiOiJKV1QiLCJhbGciOiJIUzI1NiJ9.eyJpYXQiOjE1Mzk4NTYwNDUsImp0aSI6InZTaGJmTEFTeVB2NWkwc2NcLzh6XC9LSkVrMmZZNFhib1JHNjRUemF3djMxOD0iLCJpc3MiOiI6OjEiLCJuYmYiOjE1Mzk4NTYwNDUsImV4cCI6MTUzOTg1Nzg0NSwiZGF0YSI6eyJ1c2VybmFtZSI6ImFkZSIsInBhc3N3b3JkIjoiYjcwMTY2ZDIzNTllNTVmZjM0ODRmNWQ3MDIwYzcwZDg2ZDg5MDc5NiIsImlwIjoiOjoxIiwidXNlcl9hZ2VudCI6IlRpY2tldGluZy1XZWJBcHAifX0.Fg9mxPXAlDlFPX-o_B3iA18uy8mbgxFM113iGEOfOjw
Connection: close
Request body:

========================================
2018-10-18 16:47:48 
::1 POST /tourism/public-api/v1/users/token HTTP/1.1
HTTP headers:
Host: localhost
Content-Length: 29
User-Agent: Ticketing-WebApp
Connection: close
Content-Type: application/x-www-form-urlencoded
Request body:
username=user&password=123456
========================================
2018-10-18 16:47:49 
::1 GET /tourism/public-api/v1/users/3 HTTP/1.1
HTTP headers:
Host: localhost
User-Agent: Ticketing-WebApp
Authorization: Bearer eyJ0eXAiOiJKV1QiLCJhbGciOiJIUzI1NiJ9.eyJpYXQiOjE1Mzk4NTYwNjgsImp0aSI6ImZpblpKeHZoQWd3bHR5aEhpTzdaVVBGT09aVjVwVmg5djIzTTNnSm5MYzg9IiwiaXNzIjoiOjoxIiwibmJmIjoxNTM5ODU2MDY4LCJleHAiOjE1Mzk4NTc4NjgsImRhdGEiOnsidXNlcm5hbWUiOiJ1c2VyIiwicGFzc3dvcmQiOiIxMDQ3MGMzYjRiMWZlZDEyYzNiYWFjMDE0YmUxNWZhYzY3YzZlODE1IiwiaXAiOiI6OjEiLCJ1c2VyX2FnZW50IjoiVGlja2V0aW5nLVdlYkFwcCJ9fQ.czyhYyBp5R2F96CUGiWa1Fr5d0hpJdGBX7bdnS9j2LU
Connection: close
Request body:

========================================
2018-10-18 16:47:59 
::1 GET /tourism/public-api/v1/continents HTTP/1.1
HTTP headers:
Host: localhost
User-Agent: Ticketing-WebApp
Authorization: Bearer eyJ0eXAiOiJKV1QiLCJhbGciOiJIUzI1NiJ9.eyJpYXQiOjE1Mzk4NTYwNjgsImp0aSI6ImZpblpKeHZoQWd3bHR5aEhpTzdaVVBGT09aVjVwVmg5djIzTTNnSm5MYzg9IiwiaXNzIjoiOjoxIiwibmJmIjoxNTM5ODU2MDY4LCJleHAiOjE1Mzk4NTc4NjgsImRhdGEiOnsidXNlcm5hbWUiOiJ1c2VyIiwicGFzc3dvcmQiOiIxMDQ3MGMzYjRiMWZlZDEyYzNiYWFjMDE0YmUxNWZhYzY3YzZlODE1IiwiaXAiOiI6OjEiLCJ1c2VyX2FnZW50IjoiVGlja2V0aW5nLVdlYkFwcCJ9fQ.czyhYyBp5R2F96CUGiWa1Fr5d0hpJdGBX7bdnS9j2LU
Connection: close
Request body:

========================================
2018-10-18 16:48:03 
::1 GET /tourism/public-api/v1/continents HTTP/1.1
HTTP headers:
Host: localhost
User-Agent: Ticketing-WebApp
Authorization: Bearer eyJ0eXAiOiJKV1QiLCJhbGciOiJIUzI1NiJ9.eyJpYXQiOjE1Mzk4NTYwNjgsImp0aSI6ImZpblpKeHZoQWd3bHR5aEhpTzdaVVBGT09aVjVwVmg5djIzTTNnSm5MYzg9IiwiaXNzIjoiOjoxIiwibmJmIjoxNTM5ODU2MDY4LCJleHAiOjE1Mzk4NTc4NjgsImRhdGEiOnsidXNlcm5hbWUiOiJ1c2VyIiwicGFzc3dvcmQiOiIxMDQ3MGMzYjRiMWZlZDEyYzNiYWFjMDE0YmUxNWZhYzY3YzZlODE1IiwiaXAiOiI6OjEiLCJ1c2VyX2FnZW50IjoiVGlja2V0aW5nLVdlYkFwcCJ9fQ.czyhYyBp5R2F96CUGiWa1Fr5d0hpJdGBX7bdnS9j2LU
Connection: close
Request body:

========================================
