2018-01-29 09:07:40 
::1 POST /synergix-takaful/public-api/v1/users/token HTTP/1.1
HTTP headers:
Host: localhost
Content-Length: 35
User-Agent: Ticketing-WebApp
Connection: close
Content-Type: application/x-www-form-urlencoded
Request body:
username=ba_admin&password=ba_admin
========================================
2018-01-29 09:07:41 
::1 GET /synergix-takaful/public-api/v1/users/9 HTTP/1.1
HTTP headers:
Host: localhost
User-Agent: Ticketing-WebApp
Authorization: Bearer eyJ0eXAiOiJKV1QiLCJhbGciOiJIUzI1NiJ9.eyJpYXQiOjE1MTcxOTE2NjAsImp0aSI6Im9FbmpUbDhBanZjemttbjcwTWttSjNHZVVaKys4UnJZQ3QwSGZBS1VXMzg9IiwiaXNzIjoiOjoxIiwibmJmIjoxNTE3MTkxNjYwLCJleHAiOjE1MTcxOTM0NjAsImRhdGEiOnsidXNlcm5hbWUiOiJiYV9hZG1pbiIsInBhc3N3b3JkIjoiYTAzNmFjMTM3MjJhYTNjNjg1YjRmYzQ5NWJjYTEwYTcxNzRmMDk3MCIsImlwIjoiOjoxIiwidXNlcl9hZ2VudCI6IlRpY2tldGluZy1XZWJBcHAifX0.FedDGINiS1f0YxNemyUJJZ9Q_sSZbVje5KWoR3yE7-w
Connection: close
Request body:

========================================
2018-01-29 09:07:41 
::1 GET /synergix-takaful/public-api/v1/user_level_modules/active?code=TICKET&user_level_id=7 HTTP/1.1
HTTP headers:
Host: localhost
User-Agent: Ticketing-WebApp
Authorization: Bearer eyJ0eXAiOiJKV1QiLCJhbGciOiJIUzI1NiJ9.eyJpYXQiOjE1MTcxOTE2NjAsImp0aSI6Im9FbmpUbDhBanZjemttbjcwTWttSjNHZVVaKys4UnJZQ3QwSGZBS1VXMzg9IiwiaXNzIjoiOjoxIiwibmJmIjoxNTE3MTkxNjYwLCJleHAiOjE1MTcxOTM0NjAsImRhdGEiOnsidXNlcm5hbWUiOiJiYV9hZG1pbiIsInBhc3N3b3JkIjoiYTAzNmFjMTM3MjJhYTNjNjg1YjRmYzQ5NWJjYTEwYTcxNzRmMDk3MCIsImlwIjoiOjoxIiwidXNlcl9hZ2VudCI6IlRpY2tldGluZy1XZWJBcHAifX0.FedDGINiS1f0YxNemyUJJZ9Q_sSZbVje5KWoR3yE7-w
Connection: close
Request body:

========================================
2018-01-29 09:07:42 
::1 GET /synergix-takaful/public-api/v1/tickets?limit=20&start=1517158800&end=1517158800 HTTP/1.1
HTTP headers:
Host: localhost
User-Agent: Ticketing-WebApp
Authorization: Bearer eyJ0eXAiOiJKV1QiLCJhbGciOiJIUzI1NiJ9.eyJpYXQiOjE1MTcxOTE2NjAsImp0aSI6Im9FbmpUbDhBanZjemttbjcwTWttSjNHZVVaKys4UnJZQ3QwSGZBS1VXMzg9IiwiaXNzIjoiOjoxIiwibmJmIjoxNTE3MTkxNjYwLCJleHAiOjE1MTcxOTM0NjAsImRhdGEiOnsidXNlcm5hbWUiOiJiYV9hZG1pbiIsInBhc3N3b3JkIjoiYTAzNmFjMTM3MjJhYTNjNjg1YjRmYzQ5NWJjYTEwYTcxNzRmMDk3MCIsImlwIjoiOjoxIiwidXNlcl9hZ2VudCI6IlRpY2tldGluZy1XZWJBcHAifX0.FedDGINiS1f0YxNemyUJJZ9Q_sSZbVje5KWoR3yE7-w
Connection: close
Request body:

========================================
2018-01-29 09:10:28 
::1 POST /synergix-takaful/public-api/v1/users/token HTTP/1.1
HTTP headers:
Host: localhost
Content-Length: 35
User-Agent: Ticketing-WebApp
Connection: close
Content-Type: application/x-www-form-urlencoded
Request body:
username=ba_admin&password=ba_admin
========================================
2018-01-29 09:10:29 
::1 GET /synergix-takaful/public-api/v1/users/9 HTTP/1.1
HTTP headers:
Host: localhost
User-Agent: Ticketing-WebApp
Authorization: Bearer eyJ0eXAiOiJKV1QiLCJhbGciOiJIUzI1NiJ9.eyJpYXQiOjE1MTcxOTE4MjgsImp0aSI6Iml1ODBpN2xpMlh6OURZeXdpV3VXbnNFaDBNMlBka2ZxVmZkVWRqbmNLMjQ9IiwiaXNzIjoiOjoxIiwibmJmIjoxNTE3MTkxODI4LCJleHAiOjE1MTcxOTM2MjgsImRhdGEiOnsidXNlcm5hbWUiOiJiYV9hZG1pbiIsInBhc3N3b3JkIjoiYTAzNmFjMTM3MjJhYTNjNjg1YjRmYzQ5NWJjYTEwYTcxNzRmMDk3MCIsImlwIjoiOjoxIiwidXNlcl9hZ2VudCI6IlRpY2tldGluZy1XZWJBcHAifX0.lGe7H50envPgSaONdB_s3RAM59hVW2fxcP0j3hFpt4E
Connection: close
Request body:

========================================
2018-01-29 09:10:29 
::1 GET /synergix-takaful/public-api/v1/user_level_modules/active?code=TICKET&user_level_id=7 HTTP/1.1
HTTP headers:
Host: localhost
User-Agent: Ticketing-WebApp
Authorization: Bearer eyJ0eXAiOiJKV1QiLCJhbGciOiJIUzI1NiJ9.eyJpYXQiOjE1MTcxOTE4MjgsImp0aSI6Iml1ODBpN2xpMlh6OURZeXdpV3VXbnNFaDBNMlBka2ZxVmZkVWRqbmNLMjQ9IiwiaXNzIjoiOjoxIiwibmJmIjoxNTE3MTkxODI4LCJleHAiOjE1MTcxOTM2MjgsImRhdGEiOnsidXNlcm5hbWUiOiJiYV9hZG1pbiIsInBhc3N3b3JkIjoiYTAzNmFjMTM3MjJhYTNjNjg1YjRmYzQ5NWJjYTEwYTcxNzRmMDk3MCIsImlwIjoiOjoxIiwidXNlcl9hZ2VudCI6IlRpY2tldGluZy1XZWJBcHAifX0.lGe7H50envPgSaONdB_s3RAM59hVW2fxcP0j3hFpt4E
Connection: close
Request body:

========================================
2018-01-29 09:10:31 
::1 GET /synergix-takaful/public-api/v1/tickets?limit=20&start=1517158800&end=1517158800 HTTP/1.1
HTTP headers:
Host: localhost
User-Agent: Ticketing-WebApp
Authorization: Bearer eyJ0eXAiOiJKV1QiLCJhbGciOiJIUzI1NiJ9.eyJpYXQiOjE1MTcxOTE4MjgsImp0aSI6Iml1ODBpN2xpMlh6OURZeXdpV3VXbnNFaDBNMlBka2ZxVmZkVWRqbmNLMjQ9IiwiaXNzIjoiOjoxIiwibmJmIjoxNTE3MTkxODI4LCJleHAiOjE1MTcxOTM2MjgsImRhdGEiOnsidXNlcm5hbWUiOiJiYV9hZG1pbiIsInBhc3N3b3JkIjoiYTAzNmFjMTM3MjJhYTNjNjg1YjRmYzQ5NWJjYTEwYTcxNzRmMDk3MCIsImlwIjoiOjoxIiwidXNlcl9hZ2VudCI6IlRpY2tldGluZy1XZWJBcHAifX0.lGe7H50envPgSaONdB_s3RAM59hVW2fxcP0j3hFpt4E
Connection: close
Request body:

========================================
2018-01-29 09:42:43 
::1 POST /synergix-takaful/public-api/v1/users/token HTTP/1.1
HTTP headers:
Host: localhost
Content-Length: 35
User-Agent: Ticketing-WebApp
Connection: close
Content-Type: application/x-www-form-urlencoded
Request body:
username=ba_admin&password=ba_admin
========================================
2018-01-29 09:42:44 
::1 GET /synergix-takaful/public-api/v1/users/9 HTTP/1.1
HTTP headers:
Host: localhost
User-Agent: Ticketing-WebApp
Authorization: Bearer eyJ0eXAiOiJKV1QiLCJhbGciOiJIUzI1NiJ9.eyJpYXQiOjE1MTcxOTM3NjMsImp0aSI6IkxDbUFzWXlnYk1JNkFESmFFM2swTHRcL0gwbUN4ZW9TWkRBcnBLeGVuSFNZPSIsImlzcyI6Ijo6MSIsIm5iZiI6MTUxNzE5Mzc2MywiZXhwIjoxNTE3MTk1NTYzLCJkYXRhIjp7InVzZXJuYW1lIjoiYmFfYWRtaW4iLCJwYXNzd29yZCI6ImEwMzZhYzEzNzIyYWEzYzY4NWI0ZmM0OTViY2ExMGE3MTc0ZjA5NzAiLCJpcCI6Ijo6MSIsInVzZXJfYWdlbnQiOiJUaWNrZXRpbmctV2ViQXBwIn19.7Ub3eMkVOGOp9_rh01c_0G9FvBV5ASqm3I1aGleMpRw
Connection: close
Request body:

========================================
2018-01-29 09:42:44 
::1 GET /synergix-takaful/public-api/v1/user_level_modules/active?code=TICKET&user_level_id=7 HTTP/1.1
HTTP headers:
Host: localhost
User-Agent: Ticketing-WebApp
Authorization: Bearer eyJ0eXAiOiJKV1QiLCJhbGciOiJIUzI1NiJ9.eyJpYXQiOjE1MTcxOTM3NjMsImp0aSI6IkxDbUFzWXlnYk1JNkFESmFFM2swTHRcL0gwbUN4ZW9TWkRBcnBLeGVuSFNZPSIsImlzcyI6Ijo6MSIsIm5iZiI6MTUxNzE5Mzc2MywiZXhwIjoxNTE3MTk1NTYzLCJkYXRhIjp7InVzZXJuYW1lIjoiYmFfYWRtaW4iLCJwYXNzd29yZCI6ImEwMzZhYzEzNzIyYWEzYzY4NWI0ZmM0OTViY2ExMGE3MTc0ZjA5NzAiLCJpcCI6Ijo6MSIsInVzZXJfYWdlbnQiOiJUaWNrZXRpbmctV2ViQXBwIn19.7Ub3eMkVOGOp9_rh01c_0G9FvBV5ASqm3I1aGleMpRw
Connection: close
Request body:

========================================
2018-01-29 09:42:44 
::1 GET /synergix-takaful/public-api/v1/tickets?limit=20&start=1517158800&end=1517158800 HTTP/1.1
HTTP headers:
Host: localhost
User-Agent: Ticketing-WebApp
Authorization: Bearer eyJ0eXAiOiJKV1QiLCJhbGciOiJIUzI1NiJ9.eyJpYXQiOjE1MTcxOTM3NjMsImp0aSI6IkxDbUFzWXlnYk1JNkFESmFFM2swTHRcL0gwbUN4ZW9TWkRBcnBLeGVuSFNZPSIsImlzcyI6Ijo6MSIsIm5iZiI6MTUxNzE5Mzc2MywiZXhwIjoxNTE3MTk1NTYzLCJkYXRhIjp7InVzZXJuYW1lIjoiYmFfYWRtaW4iLCJwYXNzd29yZCI6ImEwMzZhYzEzNzIyYWEzYzY4NWI0ZmM0OTViY2ExMGE3MTc0ZjA5NzAiLCJpcCI6Ijo6MSIsInVzZXJfYWdlbnQiOiJUaWNrZXRpbmctV2ViQXBwIn19.7Ub3eMkVOGOp9_rh01c_0G9FvBV5ASqm3I1aGleMpRw
Connection: close
Request body:

========================================
2018-01-29 11:46:56 
::1 POST /synergix-takaful/public-api/v1/users/token HTTP/1.1
HTTP headers:
Host: localhost
Content-Length: 31
User-Agent: Ticketing-WebApp
Connection: close
Content-Type: application/x-www-form-urlencoded
Request body:
username=rahmat&password=rahmat
========================================
2018-01-29 11:46:58 
::1 GET /synergix-takaful/public-api/v1/users/8 HTTP/1.1
HTTP headers:
Host: localhost
User-Agent: Ticketing-WebApp
Authorization: Bearer eyJ0eXAiOiJKV1QiLCJhbGciOiJIUzI1NiJ9.eyJpYXQiOjE1MTcyMDEyMTcsImp0aSI6IklCVnhJd2NiZk01NDBMZDJCekpNY2RqOHVnWHc1cDMwTGxueWVKUGRMdmM9IiwiaXNzIjoiOjoxIiwibmJmIjoxNTE3MjAxMjE3LCJleHAiOjE1MTcyMDMwMTcsImRhdGEiOnsidXNlcm5hbWUiOiJyYWhtYXQiLCJwYXNzd29yZCI6IjkxZGY3YWE2MjA5OWMzYmY0YTNmNmQ1ZDU0NTYzNzg5NDg5ZTA0YjUiLCJpcCI6Ijo6MSIsInVzZXJfYWdlbnQiOiJUaWNrZXRpbmctV2ViQXBwIn19.9LodhTAN1BgqodqxR_gFDxTzuFLf6_Po0UlxKYlj22Q
Connection: close
Request body:

========================================
2018-01-29 11:46:58 
::1 GET /synergix-takaful/public-api/v1/user_level_modules/active?code=TICKET&user_level_id=1 HTTP/1.1
HTTP headers:
Host: localhost
User-Agent: Ticketing-WebApp
Authorization: Bearer eyJ0eXAiOiJKV1QiLCJhbGciOiJIUzI1NiJ9.eyJpYXQiOjE1MTcyMDEyMTcsImp0aSI6IklCVnhJd2NiZk01NDBMZDJCekpNY2RqOHVnWHc1cDMwTGxueWVKUGRMdmM9IiwiaXNzIjoiOjoxIiwibmJmIjoxNTE3MjAxMjE3LCJleHAiOjE1MTcyMDMwMTcsImRhdGEiOnsidXNlcm5hbWUiOiJyYWhtYXQiLCJwYXNzd29yZCI6IjkxZGY3YWE2MjA5OWMzYmY0YTNmNmQ1ZDU0NTYzNzg5NDg5ZTA0YjUiLCJpcCI6Ijo6MSIsInVzZXJfYWdlbnQiOiJUaWNrZXRpbmctV2ViQXBwIn19.9LodhTAN1BgqodqxR_gFDxTzuFLf6_Po0UlxKYlj22Q
Connection: close
Request body:

========================================
2018-01-29 11:46:59 
::1 GET /synergix-takaful/public-api/v1/tickets?limit=20&start=1517158800&end=1517158800 HTTP/1.1
HTTP headers:
Host: localhost
User-Agent: Ticketing-WebApp
Authorization: Bearer eyJ0eXAiOiJKV1QiLCJhbGciOiJIUzI1NiJ9.eyJpYXQiOjE1MTcyMDEyMTcsImp0aSI6IklCVnhJd2NiZk01NDBMZDJCekpNY2RqOHVnWHc1cDMwTGxueWVKUGRMdmM9IiwiaXNzIjoiOjoxIiwibmJmIjoxNTE3MjAxMjE3LCJleHAiOjE1MTcyMDMwMTcsImRhdGEiOnsidXNlcm5hbWUiOiJyYWhtYXQiLCJwYXNzd29yZCI6IjkxZGY3YWE2MjA5OWMzYmY0YTNmNmQ1ZDU0NTYzNzg5NDg5ZTA0YjUiLCJpcCI6Ijo6MSIsInVzZXJfYWdlbnQiOiJUaWNrZXRpbmctV2ViQXBwIn19.9LodhTAN1BgqodqxR_gFDxTzuFLf6_Po0UlxKYlj22Q
Connection: close
Request body:

========================================
2018-01-29 11:47:28 
::1 GET /synergix-takaful/public-api/v1/tickets?limit=20&start=1517158800&end=1517158800&is_fcr=1 HTTP/1.1
HTTP headers:
Host: localhost
User-Agent: Ticketing-WebApp
Authorization: Bearer eyJ0eXAiOiJKV1QiLCJhbGciOiJIUzI1NiJ9.eyJpYXQiOjE1MTcyMDEyMTcsImp0aSI6IklCVnhJd2NiZk01NDBMZDJCekpNY2RqOHVnWHc1cDMwTGxueWVKUGRMdmM9IiwiaXNzIjoiOjoxIiwibmJmIjoxNTE3MjAxMjE3LCJleHAiOjE1MTcyMDMwMTcsImRhdGEiOnsidXNlcm5hbWUiOiJyYWhtYXQiLCJwYXNzd29yZCI6IjkxZGY3YWE2MjA5OWMzYmY0YTNmNmQ1ZDU0NTYzNzg5NDg5ZTA0YjUiLCJpcCI6Ijo6MSIsInVzZXJfYWdlbnQiOiJUaWNrZXRpbmctV2ViQXBwIn19.9LodhTAN1BgqodqxR_gFDxTzuFLf6_Po0UlxKYlj22Q
Connection: close
Request body:

========================================
2018-01-29 11:47:32 
::1 GET /synergix-takaful/public-api/v1/tickets?limit=20&start=1517158800&end=1517158800&is_fcr=1 HTTP/1.1
HTTP headers:
Host: localhost
User-Agent: Ticketing-WebApp
Authorization: Bearer eyJ0eXAiOiJKV1QiLCJhbGciOiJIUzI1NiJ9.eyJpYXQiOjE1MTcyMDEyMTcsImp0aSI6IklCVnhJd2NiZk01NDBMZDJCekpNY2RqOHVnWHc1cDMwTGxueWVKUGRMdmM9IiwiaXNzIjoiOjoxIiwibmJmIjoxNTE3MjAxMjE3LCJleHAiOjE1MTcyMDMwMTcsImRhdGEiOnsidXNlcm5hbWUiOiJyYWhtYXQiLCJwYXNzd29yZCI6IjkxZGY3YWE2MjA5OWMzYmY0YTNmNmQ1ZDU0NTYzNzg5NDg5ZTA0YjUiLCJpcCI6Ijo6MSIsInVzZXJfYWdlbnQiOiJUaWNrZXRpbmctV2ViQXBwIn19.9LodhTAN1BgqodqxR_gFDxTzuFLf6_Po0UlxKYlj22Q
Connection: close
Request body:

========================================
2018-01-29 11:47:39 
::1 GET /synergix-takaful/public-api/v1/tickets?limit=20 HTTP/1.1
HTTP headers:
Host: localhost
User-Agent: Ticketing-WebApp
Authorization: Bearer eyJ0eXAiOiJKV1QiLCJhbGciOiJIUzI1NiJ9.eyJpYXQiOjE1MTcyMDEyMTcsImp0aSI6IklCVnhJd2NiZk01NDBMZDJCekpNY2RqOHVnWHc1cDMwTGxueWVKUGRMdmM9IiwiaXNzIjoiOjoxIiwibmJmIjoxNTE3MjAxMjE3LCJleHAiOjE1MTcyMDMwMTcsImRhdGEiOnsidXNlcm5hbWUiOiJyYWhtYXQiLCJwYXNzd29yZCI6IjkxZGY3YWE2MjA5OWMzYmY0YTNmNmQ1ZDU0NTYzNzg5NDg5ZTA0YjUiLCJpcCI6Ijo6MSIsInVzZXJfYWdlbnQiOiJUaWNrZXRpbmctV2ViQXBwIn19.9LodhTAN1BgqodqxR_gFDxTzuFLf6_Po0UlxKYlj22Q
Connection: close
Request body:

========================================
2018-01-29 11:47:47 
::1 GET /synergix-takaful/public-api/v1/tickets?limit=1&ticket_no=1801110020 HTTP/1.1
HTTP headers:
Host: localhost
User-Agent: Ticketing-WebApp
Authorization: Bearer eyJ0eXAiOiJKV1QiLCJhbGciOiJIUzI1NiJ9.eyJpYXQiOjE1MTcyMDEyMTcsImp0aSI6IklCVnhJd2NiZk01NDBMZDJCekpNY2RqOHVnWHc1cDMwTGxueWVKUGRMdmM9IiwiaXNzIjoiOjoxIiwibmJmIjoxNTE3MjAxMjE3LCJleHAiOjE1MTcyMDMwMTcsImRhdGEiOnsidXNlcm5hbWUiOiJyYWhtYXQiLCJwYXNzd29yZCI6IjkxZGY3YWE2MjA5OWMzYmY0YTNmNmQ1ZDU0NTYzNzg5NDg5ZTA0YjUiLCJpcCI6Ijo6MSIsInVzZXJfYWdlbnQiOiJUaWNrZXRpbmctV2ViQXBwIn19.9LodhTAN1BgqodqxR_gFDxTzuFLf6_Po0UlxKYlj22Q
Connection: close
Request body:

========================================
2018-01-29 11:47:48 
::1 GET /synergix-takaful/public-api/v1/contact_types?is_active=1 HTTP/1.1
HTTP headers:
Host: localhost
User-Agent: Ticketing-WebApp
Authorization: Bearer eyJ0eXAiOiJKV1QiLCJhbGciOiJIUzI1NiJ9.eyJpYXQiOjE1MTcyMDEyMTcsImp0aSI6IklCVnhJd2NiZk01NDBMZDJCekpNY2RqOHVnWHc1cDMwTGxueWVKUGRMdmM9IiwiaXNzIjoiOjoxIiwibmJmIjoxNTE3MjAxMjE3LCJleHAiOjE1MTcyMDMwMTcsImRhdGEiOnsidXNlcm5hbWUiOiJyYWhtYXQiLCJwYXNzd29yZCI6IjkxZGY3YWE2MjA5OWMzYmY0YTNmNmQ1ZDU0NTYzNzg5NDg5ZTA0YjUiLCJpcCI6Ijo6MSIsInVzZXJfYWdlbnQiOiJUaWNrZXRpbmctV2ViQXBwIn19.9LodhTAN1BgqodqxR_gFDxTzuFLf6_Po0UlxKYlj22Q
Connection: close
Request body:

========================================
2018-01-29 11:47:48 
::1 GET /synergix-takaful/public-api/v1/ticket_sources?is_active=1 HTTP/1.1
HTTP headers:
Host: localhost
User-Agent: Ticketing-WebApp
Authorization: Bearer eyJ0eXAiOiJKV1QiLCJhbGciOiJIUzI1NiJ9.eyJpYXQiOjE1MTcyMDEyMTcsImp0aSI6IklCVnhJd2NiZk01NDBMZDJCekpNY2RqOHVnWHc1cDMwTGxueWVKUGRMdmM9IiwiaXNzIjoiOjoxIiwibmJmIjoxNTE3MjAxMjE3LCJleHAiOjE1MTcyMDMwMTcsImRhdGEiOnsidXNlcm5hbWUiOiJyYWhtYXQiLCJwYXNzd29yZCI6IjkxZGY3YWE2MjA5OWMzYmY0YTNmNmQ1ZDU0NTYzNzg5NDg5ZTA0YjUiLCJpcCI6Ijo6MSIsInVzZXJfYWdlbnQiOiJUaWNrZXRpbmctV2ViQXBwIn19.9LodhTAN1BgqodqxR_gFDxTzuFLf6_Po0UlxKYlj22Q
Connection: close
Request body:

========================================
2018-01-29 11:47:48 
::1 GET /synergix-takaful/public-api/v1/ticket_categories?is_active=1&ticket_type_id=6&product_type_id=3 HTTP/1.1
HTTP headers:
Host: localhost
User-Agent: Ticketing-WebApp
Authorization: Bearer eyJ0eXAiOiJKV1QiLCJhbGciOiJIUzI1NiJ9.eyJpYXQiOjE1MTcyMDEyMTcsImp0aSI6IklCVnhJd2NiZk01NDBMZDJCekpNY2RqOHVnWHc1cDMwTGxueWVKUGRMdmM9IiwiaXNzIjoiOjoxIiwibmJmIjoxNTE3MjAxMjE3LCJleHAiOjE1MTcyMDMwMTcsImRhdGEiOnsidXNlcm5hbWUiOiJyYWhtYXQiLCJwYXNzd29yZCI6IjkxZGY3YWE2MjA5OWMzYmY0YTNmNmQ1ZDU0NTYzNzg5NDg5ZTA0YjUiLCJpcCI6Ijo6MSIsInVzZXJfYWdlbnQiOiJUaWNrZXRpbmctV2ViQXBwIn19.9LodhTAN1BgqodqxR_gFDxTzuFLf6_Po0UlxKYlj22Q
Connection: close
Request body:

========================================
2018-01-29 11:47:48 
::1 GET /synergix-takaful/public-api/v1/ticket_subcategories?is_active=1&ticket_category_id=38 HTTP/1.1
HTTP headers:
Host: localhost
User-Agent: Ticketing-WebApp
Authorization: Bearer eyJ0eXAiOiJKV1QiLCJhbGciOiJIUzI1NiJ9.eyJpYXQiOjE1MTcyMDEyMTcsImp0aSI6IklCVnhJd2NiZk01NDBMZDJCekpNY2RqOHVnWHc1cDMwTGxueWVKUGRMdmM9IiwiaXNzIjoiOjoxIiwibmJmIjoxNTE3MjAxMjE3LCJleHAiOjE1MTcyMDMwMTcsImRhdGEiOnsidXNlcm5hbWUiOiJyYWhtYXQiLCJwYXNzd29yZCI6IjkxZGY3YWE2MjA5OWMzYmY0YTNmNmQ1ZDU0NTYzNzg5NDg5ZTA0YjUiLCJpcCI6Ijo6MSIsInVzZXJfYWdlbnQiOiJUaWNrZXRpbmctV2ViQXBwIn19.9LodhTAN1BgqodqxR_gFDxTzuFLf6_Po0UlxKYlj22Q
Connection: close
Request body:

========================================
2018-01-29 11:47:48 
::1 GET /synergix-takaful/public-api/v1/departments?is_active=1&limit=100 HTTP/1.1
HTTP headers:
Host: localhost
User-Agent: Ticketing-WebApp
Authorization: Bearer eyJ0eXAiOiJKV1QiLCJhbGciOiJIUzI1NiJ9.eyJpYXQiOjE1MTcyMDEyMTcsImp0aSI6IklCVnhJd2NiZk01NDBMZDJCekpNY2RqOHVnWHc1cDMwTGxueWVKUGRMdmM9IiwiaXNzIjoiOjoxIiwibmJmIjoxNTE3MjAxMjE3LCJleHAiOjE1MTcyMDMwMTcsImRhdGEiOnsidXNlcm5hbWUiOiJyYWhtYXQiLCJwYXNzd29yZCI6IjkxZGY3YWE2MjA5OWMzYmY0YTNmNmQ1ZDU0NTYzNzg5NDg5ZTA0YjUiLCJpcCI6Ijo6MSIsInVzZXJfYWdlbnQiOiJUaWNrZXRpbmctV2ViQXBwIn19.9LodhTAN1BgqodqxR_gFDxTzuFLf6_Po0UlxKYlj22Q
Connection: close
Request body:

========================================
2018-01-29 11:47:48 
::1 GET /synergix-takaful/public-api/v1/ticket_priorities?is_active=1 HTTP/1.1
HTTP headers:
Host: localhost
User-Agent: Ticketing-WebApp
Authorization: Bearer eyJ0eXAiOiJKV1QiLCJhbGciOiJIUzI1NiJ9.eyJpYXQiOjE1MTcyMDEyMTcsImp0aSI6IklCVnhJd2NiZk01NDBMZDJCekpNY2RqOHVnWHc1cDMwTGxueWVKUGRMdmM9IiwiaXNzIjoiOjoxIiwibmJmIjoxNTE3MjAxMjE3LCJleHAiOjE1MTcyMDMwMTcsImRhdGEiOnsidXNlcm5hbWUiOiJyYWhtYXQiLCJwYXNzd29yZCI6IjkxZGY3YWE2MjA5OWMzYmY0YTNmNmQ1ZDU0NTYzNzg5NDg5ZTA0YjUiLCJpcCI6Ijo6MSIsInVzZXJfYWdlbnQiOiJUaWNrZXRpbmctV2ViQXBwIn19.9LodhTAN1BgqodqxR_gFDxTzuFLf6_Po0UlxKYlj22Q
Connection: close
Request body:

========================================
2018-01-29 11:47:48 
::1 GET /synergix-takaful/public-api/v1/customer_types/active?limit=50 HTTP/1.1
HTTP headers:
Host: localhost
User-Agent: Ticketing-WebApp
Authorization: Bearer eyJ0eXAiOiJKV1QiLCJhbGciOiJIUzI1NiJ9.eyJpYXQiOjE1MTcyMDEyMTcsImp0aSI6IklCVnhJd2NiZk01NDBMZDJCekpNY2RqOHVnWHc1cDMwTGxueWVKUGRMdmM9IiwiaXNzIjoiOjoxIiwibmJmIjoxNTE3MjAxMjE3LCJleHAiOjE1MTcyMDMwMTcsImRhdGEiOnsidXNlcm5hbWUiOiJyYWhtYXQiLCJwYXNzd29yZCI6IjkxZGY3YWE2MjA5OWMzYmY0YTNmNmQ1ZDU0NTYzNzg5NDg5ZTA0YjUiLCJpcCI6Ijo6MSIsInVzZXJfYWdlbnQiOiJUaWNrZXRpbmctV2ViQXBwIn19.9LodhTAN1BgqodqxR_gFDxTzuFLf6_Po0UlxKYlj22Q
Connection: close
Request body:

========================================
2018-01-29 11:51:45 
::1 GET /synergix-takaful/public-api/v1/tickets?limit=20&start=1517158800&end=1517158800 HTTP/1.1
HTTP headers:
Host: localhost
User-Agent: Ticketing-WebApp
Authorization: Bearer eyJ0eXAiOiJKV1QiLCJhbGciOiJIUzI1NiJ9.eyJpYXQiOjE1MTcyMDEyMTcsImp0aSI6IklCVnhJd2NiZk01NDBMZDJCekpNY2RqOHVnWHc1cDMwTGxueWVKUGRMdmM9IiwiaXNzIjoiOjoxIiwibmJmIjoxNTE3MjAxMjE3LCJleHAiOjE1MTcyMDMwMTcsImRhdGEiOnsidXNlcm5hbWUiOiJyYWhtYXQiLCJwYXNzd29yZCI6IjkxZGY3YWE2MjA5OWMzYmY0YTNmNmQ1ZDU0NTYzNzg5NDg5ZTA0YjUiLCJpcCI6Ijo6MSIsInVzZXJfYWdlbnQiOiJUaWNrZXRpbmctV2ViQXBwIn19.9LodhTAN1BgqodqxR_gFDxTzuFLf6_Po0UlxKYlj22Q
Connection: close
Request body:

========================================
2018-01-29 11:56:34 
::1 POST /synergix-takaful/public-api/v1/users/token HTTP/1.1
HTTP headers:
Host: localhost
Content-Length: 37
User-Agent: Ticketing-WebApp
Connection: close
Content-Type: application/x-www-form-urlencoded
Request body:
username=rahmat_admin&password=rahmat
========================================
2018-01-29 11:56:36 
::1 GET /synergix-takaful/public-api/v1/users/13 HTTP/1.1
HTTP headers:
Host: localhost
User-Agent: Ticketing-WebApp
Authorization: Bearer eyJ0eXAiOiJKV1QiLCJhbGciOiJIUzI1NiJ9.eyJpYXQiOjE1MTcyMDE3OTUsImp0aSI6Imk0d0RLQzNadmJvWmoreWtEXC9mSFFuNkxUQ1M3SGcwWFpCM3JzRThXaFJrPSIsImlzcyI6Ijo6MSIsIm5iZiI6MTUxNzIwMTc5NSwiZXhwIjoxNTE3MjAzNTk1LCJkYXRhIjp7InVzZXJuYW1lIjoicmFobWF0X2FkbWluIiwicGFzc3dvcmQiOiI5MWRmN2FhNjIwOTljM2JmNGEzZjZkNWQ1NDU2Mzc4OTQ4OWUwNGI1IiwiaXAiOiI6OjEiLCJ1c2VyX2FnZW50IjoiVGlja2V0aW5nLVdlYkFwcCJ9fQ.jkZzkjo9QiSElkqFz_9qn9hqYWkT-sRQOReIUN9m8tg
Connection: close
Request body:

========================================
2018-01-29 11:56:36 
::1 GET /synergix-takaful/public-api/v1/user_level_modules/active?code=TICKET&user_level_id=7 HTTP/1.1
HTTP headers:
Host: localhost
User-Agent: Ticketing-WebApp
Authorization: Bearer eyJ0eXAiOiJKV1QiLCJhbGciOiJIUzI1NiJ9.eyJpYXQiOjE1MTcyMDE3OTUsImp0aSI6Imk0d0RLQzNadmJvWmoreWtEXC9mSFFuNkxUQ1M3SGcwWFpCM3JzRThXaFJrPSIsImlzcyI6Ijo6MSIsIm5iZiI6MTUxNzIwMTc5NSwiZXhwIjoxNTE3MjAzNTk1LCJkYXRhIjp7InVzZXJuYW1lIjoicmFobWF0X2FkbWluIiwicGFzc3dvcmQiOiI5MWRmN2FhNjIwOTljM2JmNGEzZjZkNWQ1NDU2Mzc4OTQ4OWUwNGI1IiwiaXAiOiI6OjEiLCJ1c2VyX2FnZW50IjoiVGlja2V0aW5nLVdlYkFwcCJ9fQ.jkZzkjo9QiSElkqFz_9qn9hqYWkT-sRQOReIUN9m8tg
Connection: close
Request body:

========================================
2018-01-29 11:56:36 
::1 GET /synergix-takaful/public-api/v1/tickets?limit=20&start=1517158800&end=1517158800 HTTP/1.1
HTTP headers:
Host: localhost
User-Agent: Ticketing-WebApp
Authorization: Bearer eyJ0eXAiOiJKV1QiLCJhbGciOiJIUzI1NiJ9.eyJpYXQiOjE1MTcyMDE3OTUsImp0aSI6Imk0d0RLQzNadmJvWmoreWtEXC9mSFFuNkxUQ1M3SGcwWFpCM3JzRThXaFJrPSIsImlzcyI6Ijo6MSIsIm5iZiI6MTUxNzIwMTc5NSwiZXhwIjoxNTE3MjAzNTk1LCJkYXRhIjp7InVzZXJuYW1lIjoicmFobWF0X2FkbWluIiwicGFzc3dvcmQiOiI5MWRmN2FhNjIwOTljM2JmNGEzZjZkNWQ1NDU2Mzc4OTQ4OWUwNGI1IiwiaXAiOiI6OjEiLCJ1c2VyX2FnZW50IjoiVGlja2V0aW5nLVdlYkFwcCJ9fQ.jkZzkjo9QiSElkqFz_9qn9hqYWkT-sRQOReIUN9m8tg
Connection: close
Request body:

========================================
2018-01-29 12:00:00 
::1 POST /synergix-takaful/public-api/v1/users/token HTTP/1.1
HTTP headers:
Host: localhost
Content-Length: 35
User-Agent: Ticketing-WebApp
Connection: close
Content-Type: application/x-www-form-urlencoded
Request body:
username=ba_admin&password=ba_admin
========================================
2018-01-29 12:00:02 
::1 GET /synergix-takaful/public-api/v1/users/9 HTTP/1.1
HTTP headers:
Host: localhost
User-Agent: Ticketing-WebApp
Authorization: Bearer eyJ0eXAiOiJKV1QiLCJhbGciOiJIUzI1NiJ9.eyJpYXQiOjE1MTcyMDIwMDEsImp0aSI6IjZjZEh2Z0VDVmN2Y3l0TXE0c2U4MXp2YzJBYVNITHVZMnFlOEd0elcrTms9IiwiaXNzIjoiOjoxIiwibmJmIjoxNTE3MjAyMDAxLCJleHAiOjE1MTcyMDM4MDEsImRhdGEiOnsidXNlcm5hbWUiOiJiYV9hZG1pbiIsInBhc3N3b3JkIjoiYTAzNmFjMTM3MjJhYTNjNjg1YjRmYzQ5NWJjYTEwYTcxNzRmMDk3MCIsImlwIjoiOjoxIiwidXNlcl9hZ2VudCI6IlRpY2tldGluZy1XZWJBcHAifX0.6SjMg-pycimWnlY2JQvP--wISZVnYw8AKM3nWLoZYqg
Connection: close
Request body:

========================================
2018-01-29 12:00:02 
::1 GET /synergix-takaful/public-api/v1/user_level_modules/active?code=TICKET&user_level_id=7 HTTP/1.1
HTTP headers:
Host: localhost
User-Agent: Ticketing-WebApp
Authorization: Bearer eyJ0eXAiOiJKV1QiLCJhbGciOiJIUzI1NiJ9.eyJpYXQiOjE1MTcyMDIwMDEsImp0aSI6IjZjZEh2Z0VDVmN2Y3l0TXE0c2U4MXp2YzJBYVNITHVZMnFlOEd0elcrTms9IiwiaXNzIjoiOjoxIiwibmJmIjoxNTE3MjAyMDAxLCJleHAiOjE1MTcyMDM4MDEsImRhdGEiOnsidXNlcm5hbWUiOiJiYV9hZG1pbiIsInBhc3N3b3JkIjoiYTAzNmFjMTM3MjJhYTNjNjg1YjRmYzQ5NWJjYTEwYTcxNzRmMDk3MCIsImlwIjoiOjoxIiwidXNlcl9hZ2VudCI6IlRpY2tldGluZy1XZWJBcHAifX0.6SjMg-pycimWnlY2JQvP--wISZVnYw8AKM3nWLoZYqg
Connection: close
Request body:

========================================
2018-01-29 12:00:06 
::1 GET /synergix-takaful/public-api/v1/tickets?limit=20&start=1517158800&end=1517158800 HTTP/1.1
HTTP headers:
Host: localhost
User-Agent: Ticketing-WebApp
Authorization: Bearer eyJ0eXAiOiJKV1QiLCJhbGciOiJIUzI1NiJ9.eyJpYXQiOjE1MTcyMDIwMDEsImp0aSI6IjZjZEh2Z0VDVmN2Y3l0TXE0c2U4MXp2YzJBYVNITHVZMnFlOEd0elcrTms9IiwiaXNzIjoiOjoxIiwibmJmIjoxNTE3MjAyMDAxLCJleHAiOjE1MTcyMDM4MDEsImRhdGEiOnsidXNlcm5hbWUiOiJiYV9hZG1pbiIsInBhc3N3b3JkIjoiYTAzNmFjMTM3MjJhYTNjNjg1YjRmYzQ5NWJjYTEwYTcxNzRmMDk3MCIsImlwIjoiOjoxIiwidXNlcl9hZ2VudCI6IlRpY2tldGluZy1XZWJBcHAifX0.6SjMg-pycimWnlY2JQvP--wISZVnYw8AKM3nWLoZYqg
Connection: close
Request body:

========================================
2018-01-29 13:19:54 
::1 POST /synergix-takaful/public-api/v1/users/token HTTP/1.1
HTTP headers:
Host: localhost
Content-Length: 37
User-Agent: Ticketing-WebApp
Connection: close
Content-Type: application/x-www-form-urlencoded
Request body:
username=rahmat_admin&password=rahmat
========================================
2018-01-29 13:19:55 
::1 GET /synergix-takaful/public-api/v1/users/13 HTTP/1.1
HTTP headers:
Host: localhost
User-Agent: Ticketing-WebApp
Authorization: Bearer eyJ0eXAiOiJKV1QiLCJhbGciOiJIUzI1NiJ9.eyJpYXQiOjE1MTcyMDY3OTQsImp0aSI6Imo0NXY5NDBWMzE1WUxHdE9OSGh3YnhQeUxPSkpicm9mbENBdmU1RVFVZmc9IiwiaXNzIjoiOjoxIiwibmJmIjoxNTE3MjA2Nzk0LCJleHAiOjE1MTcyMDg1OTQsImRhdGEiOnsidXNlcm5hbWUiOiJyYWhtYXRfYWRtaW4iLCJwYXNzd29yZCI6IjkxZGY3YWE2MjA5OWMzYmY0YTNmNmQ1ZDU0NTYzNzg5NDg5ZTA0YjUiLCJpcCI6Ijo6MSIsInVzZXJfYWdlbnQiOiJUaWNrZXRpbmctV2ViQXBwIn19.HdHv6yhSjcQLpX8Onib-MeFrI8NWjwgKMpt2F7QFcjU
Connection: close
Request body:

========================================
2018-01-29 13:19:56 
::1 GET /synergix-takaful/public-api/v1/user_level_modules/active?code=TICKET&user_level_id=7 HTTP/1.1
HTTP headers:
Host: localhost
User-Agent: Ticketing-WebApp
Authorization: Bearer eyJ0eXAiOiJKV1QiLCJhbGciOiJIUzI1NiJ9.eyJpYXQiOjE1MTcyMDY3OTQsImp0aSI6Imo0NXY5NDBWMzE1WUxHdE9OSGh3YnhQeUxPSkpicm9mbENBdmU1RVFVZmc9IiwiaXNzIjoiOjoxIiwibmJmIjoxNTE3MjA2Nzk0LCJleHAiOjE1MTcyMDg1OTQsImRhdGEiOnsidXNlcm5hbWUiOiJyYWhtYXRfYWRtaW4iLCJwYXNzd29yZCI6IjkxZGY3YWE2MjA5OWMzYmY0YTNmNmQ1ZDU0NTYzNzg5NDg5ZTA0YjUiLCJpcCI6Ijo6MSIsInVzZXJfYWdlbnQiOiJUaWNrZXRpbmctV2ViQXBwIn19.HdHv6yhSjcQLpX8Onib-MeFrI8NWjwgKMpt2F7QFcjU
Connection: close
Request body:

========================================
2018-01-29 13:19:56 
::1 GET /synergix-takaful/public-api/v1/tickets?limit=20&start=1517158800&end=1517158800 HTTP/1.1
HTTP headers:
Host: localhost
User-Agent: Ticketing-WebApp
Authorization: Bearer eyJ0eXAiOiJKV1QiLCJhbGciOiJIUzI1NiJ9.eyJpYXQiOjE1MTcyMDY3OTQsImp0aSI6Imo0NXY5NDBWMzE1WUxHdE9OSGh3YnhQeUxPSkpicm9mbENBdmU1RVFVZmc9IiwiaXNzIjoiOjoxIiwibmJmIjoxNTE3MjA2Nzk0LCJleHAiOjE1MTcyMDg1OTQsImRhdGEiOnsidXNlcm5hbWUiOiJyYWhtYXRfYWRtaW4iLCJwYXNzd29yZCI6IjkxZGY3YWE2MjA5OWMzYmY0YTNmNmQ1ZDU0NTYzNzg5NDg5ZTA0YjUiLCJpcCI6Ijo6MSIsInVzZXJfYWdlbnQiOiJUaWNrZXRpbmctV2ViQXBwIn19.HdHv6yhSjcQLpX8Onib-MeFrI8NWjwgKMpt2F7QFcjU
Connection: close
Request body:

========================================
2018-01-29 13:35:50 
::1 POST /synergix-takaful/public-api/v1/users/token HTTP/1.1
HTTP headers:
Host: localhost
Content-Length: 37
User-Agent: Ticketing-WebApp
Connection: close
Content-Type: application/x-www-form-urlencoded
Request body:
username=rahmat_admin&password=rahmat
========================================
2018-01-29 13:35:52 
::1 GET /synergix-takaful/public-api/v1/users/13 HTTP/1.1
HTTP headers:
Host: localhost
User-Agent: Ticketing-WebApp
Authorization: Bearer eyJ0eXAiOiJKV1QiLCJhbGciOiJIUzI1NiJ9.eyJpYXQiOjE1MTcyMDc3NTEsImp0aSI6Ilwvc2FqR282R0JkNDFNVXZCdUpYSm4rc2lpMU9yYkJBVW9zb1lBdTlVOHFVPSIsImlzcyI6Ijo6MSIsIm5iZiI6MTUxNzIwNzc1MSwiZXhwIjoxNTE3MjA5NTUxLCJkYXRhIjp7InVzZXJuYW1lIjoicmFobWF0X2FkbWluIiwicGFzc3dvcmQiOiI5MWRmN2FhNjIwOTljM2JmNGEzZjZkNWQ1NDU2Mzc4OTQ4OWUwNGI1IiwiaXAiOiI6OjEiLCJ1c2VyX2FnZW50IjoiVGlja2V0aW5nLVdlYkFwcCJ9fQ.wwXkdidBxq7WczbtRY8bwlYlZhaqDHLMH6EXm5ocUco
Connection: close
Request body:

========================================
2018-01-29 13:35:52 
::1 GET /synergix-takaful/public-api/v1/user_level_modules/active?code=TICKET&user_level_id=7 HTTP/1.1
HTTP headers:
Host: localhost
User-Agent: Ticketing-WebApp
Authorization: Bearer eyJ0eXAiOiJKV1QiLCJhbGciOiJIUzI1NiJ9.eyJpYXQiOjE1MTcyMDc3NTEsImp0aSI6Ilwvc2FqR282R0JkNDFNVXZCdUpYSm4rc2lpMU9yYkJBVW9zb1lBdTlVOHFVPSIsImlzcyI6Ijo6MSIsIm5iZiI6MTUxNzIwNzc1MSwiZXhwIjoxNTE3MjA5NTUxLCJkYXRhIjp7InVzZXJuYW1lIjoicmFobWF0X2FkbWluIiwicGFzc3dvcmQiOiI5MWRmN2FhNjIwOTljM2JmNGEzZjZkNWQ1NDU2Mzc4OTQ4OWUwNGI1IiwiaXAiOiI6OjEiLCJ1c2VyX2FnZW50IjoiVGlja2V0aW5nLVdlYkFwcCJ9fQ.wwXkdidBxq7WczbtRY8bwlYlZhaqDHLMH6EXm5ocUco
Connection: close
Request body:

========================================
2018-01-29 13:35:52 
::1 GET /synergix-takaful/public-api/v1/tickets?limit=20&start=1517158800&end=1517158800 HTTP/1.1
HTTP headers:
Host: localhost
User-Agent: Ticketing-WebApp
Authorization: Bearer eyJ0eXAiOiJKV1QiLCJhbGciOiJIUzI1NiJ9.eyJpYXQiOjE1MTcyMDc3NTEsImp0aSI6Ilwvc2FqR282R0JkNDFNVXZCdUpYSm4rc2lpMU9yYkJBVW9zb1lBdTlVOHFVPSIsImlzcyI6Ijo6MSIsIm5iZiI6MTUxNzIwNzc1MSwiZXhwIjoxNTE3MjA5NTUxLCJkYXRhIjp7InVzZXJuYW1lIjoicmFobWF0X2FkbWluIiwicGFzc3dvcmQiOiI5MWRmN2FhNjIwOTljM2JmNGEzZjZkNWQ1NDU2Mzc4OTQ4OWUwNGI1IiwiaXAiOiI6OjEiLCJ1c2VyX2FnZW50IjoiVGlja2V0aW5nLVdlYkFwcCJ9fQ.wwXkdidBxq7WczbtRY8bwlYlZhaqDHLMH6EXm5ocUco
Connection: close
Request body:

========================================
2018-01-29 14:25:52 
::1 POST /synergix-takaful/public-api/v1/users/token HTTP/1.1
HTTP headers:
Host: localhost
Content-Length: 37
User-Agent: Ticketing-WebApp
Connection: close
Content-Type: application/x-www-form-urlencoded
Request body:
username=rahmat_admin&password=rahmat
========================================
2018-01-29 14:25:54 
::1 GET /synergix-takaful/public-api/v1/users/13 HTTP/1.1
HTTP headers:
Host: localhost
User-Agent: Ticketing-WebApp
Authorization: Bearer eyJ0eXAiOiJKV1QiLCJhbGciOiJIUzI1NiJ9.eyJpYXQiOjE1MTcyMTA3NTMsImp0aSI6ImtBTGpwV1lWcFwvdmZxTFZTaTFCTU4raUJGYmlsOWZjdnJQMXA4dngrOHBRPSIsImlzcyI6Ijo6MSIsIm5iZiI6MTUxNzIxMDc1MywiZXhwIjoxNTE3MjEyNTUzLCJkYXRhIjp7InVzZXJuYW1lIjoicmFobWF0X2FkbWluIiwicGFzc3dvcmQiOiI5MWRmN2FhNjIwOTljM2JmNGEzZjZkNWQ1NDU2Mzc4OTQ4OWUwNGI1IiwiaXAiOiI6OjEiLCJ1c2VyX2FnZW50IjoiVGlja2V0aW5nLVdlYkFwcCJ9fQ.EVdM4osu8yvyK7THXeavtGJ40IwZ1ydP9imAXzv_tO0
Connection: close
Request body:

========================================
2018-01-29 14:25:54 
::1 GET /synergix-takaful/public-api/v1/user_level_modules/active?code=TICKET&user_level_id=7 HTTP/1.1
HTTP headers:
Host: localhost
User-Agent: Ticketing-WebApp
Authorization: Bearer eyJ0eXAiOiJKV1QiLCJhbGciOiJIUzI1NiJ9.eyJpYXQiOjE1MTcyMTA3NTMsImp0aSI6ImtBTGpwV1lWcFwvdmZxTFZTaTFCTU4raUJGYmlsOWZjdnJQMXA4dngrOHBRPSIsImlzcyI6Ijo6MSIsIm5iZiI6MTUxNzIxMDc1MywiZXhwIjoxNTE3MjEyNTUzLCJkYXRhIjp7InVzZXJuYW1lIjoicmFobWF0X2FkbWluIiwicGFzc3dvcmQiOiI5MWRmN2FhNjIwOTljM2JmNGEzZjZkNWQ1NDU2Mzc4OTQ4OWUwNGI1IiwiaXAiOiI6OjEiLCJ1c2VyX2FnZW50IjoiVGlja2V0aW5nLVdlYkFwcCJ9fQ.EVdM4osu8yvyK7THXeavtGJ40IwZ1ydP9imAXzv_tO0
Connection: close
Request body:

========================================
2018-01-29 14:25:54 
::1 GET /synergix-takaful/public-api/v1/tickets?limit=20&start=1517158800&end=1517158800 HTTP/1.1
HTTP headers:
Host: localhost
User-Agent: Ticketing-WebApp
Authorization: Bearer eyJ0eXAiOiJKV1QiLCJhbGciOiJIUzI1NiJ9.eyJpYXQiOjE1MTcyMTA3NTMsImp0aSI6ImtBTGpwV1lWcFwvdmZxTFZTaTFCTU4raUJGYmlsOWZjdnJQMXA4dngrOHBRPSIsImlzcyI6Ijo6MSIsIm5iZiI6MTUxNzIxMDc1MywiZXhwIjoxNTE3MjEyNTUzLCJkYXRhIjp7InVzZXJuYW1lIjoicmFobWF0X2FkbWluIiwicGFzc3dvcmQiOiI5MWRmN2FhNjIwOTljM2JmNGEzZjZkNWQ1NDU2Mzc4OTQ4OWUwNGI1IiwiaXAiOiI6OjEiLCJ1c2VyX2FnZW50IjoiVGlja2V0aW5nLVdlYkFwcCJ9fQ.EVdM4osu8yvyK7THXeavtGJ40IwZ1ydP9imAXzv_tO0
Connection: close
Request body:

========================================
2018-01-29 14:55:57 
::1 POST /synergix-takaful/public-api/v1/users/token HTTP/1.1
HTTP headers:
Host: localhost
Content-Length: 37
User-Agent: Ticketing-WebApp
Connection: close
Content-Type: application/x-www-form-urlencoded
Request body:
username=rahmat_admin&password=rahmat
========================================
2018-01-29 14:55:58 
::1 GET /synergix-takaful/public-api/v1/users/13 HTTP/1.1
HTTP headers:
Host: localhost
User-Agent: Ticketing-WebApp
Authorization: Bearer eyJ0eXAiOiJKV1QiLCJhbGciOiJIUzI1NiJ9.eyJpYXQiOjE1MTcyMTI1NTcsImp0aSI6IlJVcDVKWHczdFo2UCsrK0tkTm1mNVY2SmJCV1Q3RFRqTGVMXC9RZjZ3ZUZjPSIsImlzcyI6Ijo6MSIsIm5iZiI6MTUxNzIxMjU1NywiZXhwIjoxNTE3MjE0MzU3LCJkYXRhIjp7InVzZXJuYW1lIjoicmFobWF0X2FkbWluIiwicGFzc3dvcmQiOiI5MWRmN2FhNjIwOTljM2JmNGEzZjZkNWQ1NDU2Mzc4OTQ4OWUwNGI1IiwiaXAiOiI6OjEiLCJ1c2VyX2FnZW50IjoiVGlja2V0aW5nLVdlYkFwcCJ9fQ.PKGAO47cmZdz9J0u2LEPcQOFmMOO1Kcy0zyVZ3QaFOo
Connection: close
Request body:

========================================
2018-01-29 14:55:58 
::1 GET /synergix-takaful/public-api/v1/user_level_modules/active?code=TICKET&user_level_id=7 HTTP/1.1
HTTP headers:
Host: localhost
User-Agent: Ticketing-WebApp
Authorization: Bearer eyJ0eXAiOiJKV1QiLCJhbGciOiJIUzI1NiJ9.eyJpYXQiOjE1MTcyMTI1NTcsImp0aSI6IlJVcDVKWHczdFo2UCsrK0tkTm1mNVY2SmJCV1Q3RFRqTGVMXC9RZjZ3ZUZjPSIsImlzcyI6Ijo6MSIsIm5iZiI6MTUxNzIxMjU1NywiZXhwIjoxNTE3MjE0MzU3LCJkYXRhIjp7InVzZXJuYW1lIjoicmFobWF0X2FkbWluIiwicGFzc3dvcmQiOiI5MWRmN2FhNjIwOTljM2JmNGEzZjZkNWQ1NDU2Mzc4OTQ4OWUwNGI1IiwiaXAiOiI6OjEiLCJ1c2VyX2FnZW50IjoiVGlja2V0aW5nLVdlYkFwcCJ9fQ.PKGAO47cmZdz9J0u2LEPcQOFmMOO1Kcy0zyVZ3QaFOo
Connection: close
Request body:

========================================
2018-01-29 14:55:59 
::1 GET /synergix-takaful/public-api/v1/tickets?limit=20&start=1517158800&end=1517158800 HTTP/1.1
HTTP headers:
Host: localhost
User-Agent: Ticketing-WebApp
Authorization: Bearer eyJ0eXAiOiJKV1QiLCJhbGciOiJIUzI1NiJ9.eyJpYXQiOjE1MTcyMTI1NTcsImp0aSI6IlJVcDVKWHczdFo2UCsrK0tkTm1mNVY2SmJCV1Q3RFRqTGVMXC9RZjZ3ZUZjPSIsImlzcyI6Ijo6MSIsIm5iZiI6MTUxNzIxMjU1NywiZXhwIjoxNTE3MjE0MzU3LCJkYXRhIjp7InVzZXJuYW1lIjoicmFobWF0X2FkbWluIiwicGFzc3dvcmQiOiI5MWRmN2FhNjIwOTljM2JmNGEzZjZkNWQ1NDU2Mzc4OTQ4OWUwNGI1IiwiaXAiOiI6OjEiLCJ1c2VyX2FnZW50IjoiVGlja2V0aW5nLVdlYkFwcCJ9fQ.PKGAO47cmZdz9J0u2LEPcQOFmMOO1Kcy0zyVZ3QaFOo
Connection: close
Request body:

========================================
2018-01-29 14:59:05 
::1 POST /synergix-takaful/public-api/v1/users/token HTTP/1.1
HTTP headers:
Host: localhost
Content-Length: 37
User-Agent: Ticketing-WebApp
Connection: close
Content-Type: application/x-www-form-urlencoded
Request body:
username=rahmat_admin&password=rahmat
========================================
2018-01-29 14:59:06 
::1 GET /synergix-takaful/public-api/v1/users/13 HTTP/1.1
HTTP headers:
Host: localhost
User-Agent: Ticketing-WebApp
Authorization: Bearer eyJ0eXAiOiJKV1QiLCJhbGciOiJIUzI1NiJ9.eyJpYXQiOjE1MTcyMTI3NDUsImp0aSI6IjNHXC9EYVZmdlwvMXhjXC9BVEhBWWkzRERNNnRHRW4zaE02aG5jdm9xeFF4SEU9IiwiaXNzIjoiOjoxIiwibmJmIjoxNTE3MjEyNzQ1LCJleHAiOjE1MTcyMTQ1NDUsImRhdGEiOnsidXNlcm5hbWUiOiJyYWhtYXRfYWRtaW4iLCJwYXNzd29yZCI6IjkxZGY3YWE2MjA5OWMzYmY0YTNmNmQ1ZDU0NTYzNzg5NDg5ZTA0YjUiLCJpcCI6Ijo6MSIsInVzZXJfYWdlbnQiOiJUaWNrZXRpbmctV2ViQXBwIn19.3lsxmpONjNv7gJ2FXCN1pk322q0S4nO5FWue_o78qGE
Connection: close
Request body:

========================================
2018-01-29 14:59:06 
::1 GET /synergix-takaful/public-api/v1/user_level_modules/active?code=TICKET&user_level_id=7 HTTP/1.1
HTTP headers:
Host: localhost
User-Agent: Ticketing-WebApp
Authorization: Bearer eyJ0eXAiOiJKV1QiLCJhbGciOiJIUzI1NiJ9.eyJpYXQiOjE1MTcyMTI3NDUsImp0aSI6IjNHXC9EYVZmdlwvMXhjXC9BVEhBWWkzRERNNnRHRW4zaE02aG5jdm9xeFF4SEU9IiwiaXNzIjoiOjoxIiwibmJmIjoxNTE3MjEyNzQ1LCJleHAiOjE1MTcyMTQ1NDUsImRhdGEiOnsidXNlcm5hbWUiOiJyYWhtYXRfYWRtaW4iLCJwYXNzd29yZCI6IjkxZGY3YWE2MjA5OWMzYmY0YTNmNmQ1ZDU0NTYzNzg5NDg5ZTA0YjUiLCJpcCI6Ijo6MSIsInVzZXJfYWdlbnQiOiJUaWNrZXRpbmctV2ViQXBwIn19.3lsxmpONjNv7gJ2FXCN1pk322q0S4nO5FWue_o78qGE
Connection: close
Request body:

========================================
2018-01-29 14:59:07 
::1 GET /synergix-takaful/public-api/v1/tickets?limit=20&start=1517158800&end=1517158800 HTTP/1.1
HTTP headers:
Host: localhost
User-Agent: Ticketing-WebApp
Authorization: Bearer eyJ0eXAiOiJKV1QiLCJhbGciOiJIUzI1NiJ9.eyJpYXQiOjE1MTcyMTI3NDUsImp0aSI6IjNHXC9EYVZmdlwvMXhjXC9BVEhBWWkzRERNNnRHRW4zaE02aG5jdm9xeFF4SEU9IiwiaXNzIjoiOjoxIiwibmJmIjoxNTE3MjEyNzQ1LCJleHAiOjE1MTcyMTQ1NDUsImRhdGEiOnsidXNlcm5hbWUiOiJyYWhtYXRfYWRtaW4iLCJwYXNzd29yZCI6IjkxZGY3YWE2MjA5OWMzYmY0YTNmNmQ1ZDU0NTYzNzg5NDg5ZTA0YjUiLCJpcCI6Ijo6MSIsInVzZXJfYWdlbnQiOiJUaWNrZXRpbmctV2ViQXBwIn19.3lsxmpONjNv7gJ2FXCN1pk322q0S4nO5FWue_o78qGE
Connection: close
Request body:

========================================
2018-01-29 15:09:20 
::1 POST /synergix-takaful/public-api/v1/users/token HTTP/1.1
HTTP headers:
Host: localhost
Content-Length: 37
User-Agent: Ticketing-WebApp
Connection: close
Content-Type: application/x-www-form-urlencoded
Request body:
username=rahmat_admin&password=rahmat
========================================
2018-01-29 15:09:21 
::1 GET /synergix-takaful/public-api/v1/users/13 HTTP/1.1
HTTP headers:
Host: localhost
User-Agent: Ticketing-WebApp
Authorization: Bearer eyJ0eXAiOiJKV1QiLCJhbGciOiJIUzI1NiJ9.eyJpYXQiOjE1MTcyMTMzNjAsImp0aSI6IjJwbjdEOXQ0UnVoelI1Q1Y5Y1haMkZqVjJTNlQ5alFURDBiSHV6U3o5UWs9IiwiaXNzIjoiOjoxIiwibmJmIjoxNTE3MjEzMzYwLCJleHAiOjE1MTcyMTUxNjAsImRhdGEiOnsidXNlcm5hbWUiOiJyYWhtYXRfYWRtaW4iLCJwYXNzd29yZCI6IjkxZGY3YWE2MjA5OWMzYmY0YTNmNmQ1ZDU0NTYzNzg5NDg5ZTA0YjUiLCJpcCI6Ijo6MSIsInVzZXJfYWdlbnQiOiJUaWNrZXRpbmctV2ViQXBwIn19.WTq_-Uh2YJIRzo2N536SMya1kx-ogs1pPr79UITedik
Connection: close
Request body:

========================================
2018-01-29 15:09:21 
::1 GET /synergix-takaful/public-api/v1/user_level_modules/active?code=TICKET&user_level_id=7 HTTP/1.1
HTTP headers:
Host: localhost
User-Agent: Ticketing-WebApp
Authorization: Bearer eyJ0eXAiOiJKV1QiLCJhbGciOiJIUzI1NiJ9.eyJpYXQiOjE1MTcyMTMzNjAsImp0aSI6IjJwbjdEOXQ0UnVoelI1Q1Y5Y1haMkZqVjJTNlQ5alFURDBiSHV6U3o5UWs9IiwiaXNzIjoiOjoxIiwibmJmIjoxNTE3MjEzMzYwLCJleHAiOjE1MTcyMTUxNjAsImRhdGEiOnsidXNlcm5hbWUiOiJyYWhtYXRfYWRtaW4iLCJwYXNzd29yZCI6IjkxZGY3YWE2MjA5OWMzYmY0YTNmNmQ1ZDU0NTYzNzg5NDg5ZTA0YjUiLCJpcCI6Ijo6MSIsInVzZXJfYWdlbnQiOiJUaWNrZXRpbmctV2ViQXBwIn19.WTq_-Uh2YJIRzo2N536SMya1kx-ogs1pPr79UITedik
Connection: close
Request body:

========================================
2018-01-29 15:09:22 
::1 GET /synergix-takaful/public-api/v1/tickets?limit=20&start=1517158800&end=1517158800 HTTP/1.1
HTTP headers:
Host: localhost
User-Agent: Ticketing-WebApp
Authorization: Bearer eyJ0eXAiOiJKV1QiLCJhbGciOiJIUzI1NiJ9.eyJpYXQiOjE1MTcyMTMzNjAsImp0aSI6IjJwbjdEOXQ0UnVoelI1Q1Y5Y1haMkZqVjJTNlQ5alFURDBiSHV6U3o5UWs9IiwiaXNzIjoiOjoxIiwibmJmIjoxNTE3MjEzMzYwLCJleHAiOjE1MTcyMTUxNjAsImRhdGEiOnsidXNlcm5hbWUiOiJyYWhtYXRfYWRtaW4iLCJwYXNzd29yZCI6IjkxZGY3YWE2MjA5OWMzYmY0YTNmNmQ1ZDU0NTYzNzg5NDg5ZTA0YjUiLCJpcCI6Ijo6MSIsInVzZXJfYWdlbnQiOiJUaWNrZXRpbmctV2ViQXBwIn19.WTq_-Uh2YJIRzo2N536SMya1kx-ogs1pPr79UITedik
Connection: close
Request body:

========================================
2018-01-29 15:26:39 
::1 POST /synergix-takaful/public-api/v1/users/token HTTP/1.1
HTTP headers:
Host: localhost
Content-Length: 37
User-Agent: Ticketing-WebApp
Connection: close
Content-Type: application/x-www-form-urlencoded
Request body:
username=rahmat_admin&password=rahmat
========================================
2018-01-29 15:26:40 
::1 GET /synergix-takaful/public-api/v1/users/13 HTTP/1.1
HTTP headers:
Host: localhost
User-Agent: Ticketing-WebApp
Authorization: Bearer eyJ0eXAiOiJKV1QiLCJhbGciOiJIUzI1NiJ9.eyJpYXQiOjE1MTcyMTQzOTksImp0aSI6Imxzbkh0VDRCZ0g1aGVteEpzbXNrcGtXcXh6QmM4djRZdVdyWUN5YnlhbU09IiwiaXNzIjoiOjoxIiwibmJmIjoxNTE3MjE0Mzk5LCJleHAiOjE1MTcyMTYxOTksImRhdGEiOnsidXNlcm5hbWUiOiJyYWhtYXRfYWRtaW4iLCJwYXNzd29yZCI6IjkxZGY3YWE2MjA5OWMzYmY0YTNmNmQ1ZDU0NTYzNzg5NDg5ZTA0YjUiLCJpcCI6Ijo6MSIsInVzZXJfYWdlbnQiOiJUaWNrZXRpbmctV2ViQXBwIn19.AcTimbHlVQjH_kGYdxacWd2T0zfIIu7QtZ5mkZWsWCE
Connection: close
Request body:

========================================
2018-01-29 15:26:40 
::1 GET /synergix-takaful/public-api/v1/user_level_modules/active?code=TICKET&user_level_id=7 HTTP/1.1
HTTP headers:
Host: localhost
User-Agent: Ticketing-WebApp
Authorization: Bearer eyJ0eXAiOiJKV1QiLCJhbGciOiJIUzI1NiJ9.eyJpYXQiOjE1MTcyMTQzOTksImp0aSI6Imxzbkh0VDRCZ0g1aGVteEpzbXNrcGtXcXh6QmM4djRZdVdyWUN5YnlhbU09IiwiaXNzIjoiOjoxIiwibmJmIjoxNTE3MjE0Mzk5LCJleHAiOjE1MTcyMTYxOTksImRhdGEiOnsidXNlcm5hbWUiOiJyYWhtYXRfYWRtaW4iLCJwYXNzd29yZCI6IjkxZGY3YWE2MjA5OWMzYmY0YTNmNmQ1ZDU0NTYzNzg5NDg5ZTA0YjUiLCJpcCI6Ijo6MSIsInVzZXJfYWdlbnQiOiJUaWNrZXRpbmctV2ViQXBwIn19.AcTimbHlVQjH_kGYdxacWd2T0zfIIu7QtZ5mkZWsWCE
Connection: close
Request body:

========================================
2018-01-29 15:26:53 
::1 GET /synergix-takaful/public-api/v1/tickets?limit=20&start=1517158800&end=1517158800 HTTP/1.1
HTTP headers:
Host: localhost
User-Agent: Ticketing-WebApp
Authorization: Bearer eyJ0eXAiOiJKV1QiLCJhbGciOiJIUzI1NiJ9.eyJpYXQiOjE1MTcyMTQzOTksImp0aSI6Imxzbkh0VDRCZ0g1aGVteEpzbXNrcGtXcXh6QmM4djRZdVdyWUN5YnlhbU09IiwiaXNzIjoiOjoxIiwibmJmIjoxNTE3MjE0Mzk5LCJleHAiOjE1MTcyMTYxOTksImRhdGEiOnsidXNlcm5hbWUiOiJyYWhtYXRfYWRtaW4iLCJwYXNzd29yZCI6IjkxZGY3YWE2MjA5OWMzYmY0YTNmNmQ1ZDU0NTYzNzg5NDg5ZTA0YjUiLCJpcCI6Ijo6MSIsInVzZXJfYWdlbnQiOiJUaWNrZXRpbmctV2ViQXBwIn19.AcTimbHlVQjH_kGYdxacWd2T0zfIIu7QtZ5mkZWsWCE
Connection: close
Request body:

========================================
2018-01-29 15:29:51 
::1 POST /synergix-takaful/public-api/v1/users/token HTTP/1.1
HTTP headers:
Host: localhost
Content-Length: 37
User-Agent: Ticketing-WebApp
Connection: close
Content-Type: application/x-www-form-urlencoded
Request body:
username=rahmat_admin&password=rahmat
========================================
2018-01-29 15:29:52 
::1 GET /synergix-takaful/public-api/v1/users/13 HTTP/1.1
HTTP headers:
Host: localhost
User-Agent: Ticketing-WebApp
Authorization: Bearer eyJ0eXAiOiJKV1QiLCJhbGciOiJIUzI1NiJ9.eyJpYXQiOjE1MTcyMTQ1OTEsImp0aSI6Imx0dWwrZmx3NDE2QTdHYkNvWU1yV1lqclNlSGNNV01QRVZqMjBlenRhSGs9IiwiaXNzIjoiOjoxIiwibmJmIjoxNTE3MjE0NTkxLCJleHAiOjE1MTcyMTYzOTEsImRhdGEiOnsidXNlcm5hbWUiOiJyYWhtYXRfYWRtaW4iLCJwYXNzd29yZCI6IjkxZGY3YWE2MjA5OWMzYmY0YTNmNmQ1ZDU0NTYzNzg5NDg5ZTA0YjUiLCJpcCI6Ijo6MSIsInVzZXJfYWdlbnQiOiJUaWNrZXRpbmctV2ViQXBwIn19.VdNIJ22OYexEIj5iBl84MPYZddp98wHnq8c7VGzdtgI
Connection: close
Request body:

========================================
2018-01-29 15:29:52 
::1 GET /synergix-takaful/public-api/v1/user_level_modules/active?code=TICKET&user_level_id=7 HTTP/1.1
HTTP headers:
Host: localhost
User-Agent: Ticketing-WebApp
Authorization: Bearer eyJ0eXAiOiJKV1QiLCJhbGciOiJIUzI1NiJ9.eyJpYXQiOjE1MTcyMTQ1OTEsImp0aSI6Imx0dWwrZmx3NDE2QTdHYkNvWU1yV1lqclNlSGNNV01QRVZqMjBlenRhSGs9IiwiaXNzIjoiOjoxIiwibmJmIjoxNTE3MjE0NTkxLCJleHAiOjE1MTcyMTYzOTEsImRhdGEiOnsidXNlcm5hbWUiOiJyYWhtYXRfYWRtaW4iLCJwYXNzd29yZCI6IjkxZGY3YWE2MjA5OWMzYmY0YTNmNmQ1ZDU0NTYzNzg5NDg5ZTA0YjUiLCJpcCI6Ijo6MSIsInVzZXJfYWdlbnQiOiJUaWNrZXRpbmctV2ViQXBwIn19.VdNIJ22OYexEIj5iBl84MPYZddp98wHnq8c7VGzdtgI
Connection: close
Request body:

========================================
2018-01-29 15:29:52 
::1 GET /synergix-takaful/public-api/v1/tickets?limit=20&start=1517158800&end=1517158800 HTTP/1.1
HTTP headers:
Host: localhost
User-Agent: Ticketing-WebApp
Authorization: Bearer eyJ0eXAiOiJKV1QiLCJhbGciOiJIUzI1NiJ9.eyJpYXQiOjE1MTcyMTQ1OTEsImp0aSI6Imx0dWwrZmx3NDE2QTdHYkNvWU1yV1lqclNlSGNNV01QRVZqMjBlenRhSGs9IiwiaXNzIjoiOjoxIiwibmJmIjoxNTE3MjE0NTkxLCJleHAiOjE1MTcyMTYzOTEsImRhdGEiOnsidXNlcm5hbWUiOiJyYWhtYXRfYWRtaW4iLCJwYXNzd29yZCI6IjkxZGY3YWE2MjA5OWMzYmY0YTNmNmQ1ZDU0NTYzNzg5NDg5ZTA0YjUiLCJpcCI6Ijo6MSIsInVzZXJfYWdlbnQiOiJUaWNrZXRpbmctV2ViQXBwIn19.VdNIJ22OYexEIj5iBl84MPYZddp98wHnq8c7VGzdtgI
Connection: close
Request body:

========================================
2018-01-29 15:34:37 
::1 POST /synergix-takaful/public-api/v1/users/token HTTP/1.1
HTTP headers:
Host: localhost
Content-Length: 37
User-Agent: Ticketing-WebApp
Connection: close
Content-Type: application/x-www-form-urlencoded
Request body:
username=rahmat_admin&password=rahmat
========================================
2018-01-29 15:34:38 
::1 GET /synergix-takaful/public-api/v1/users/13 HTTP/1.1
HTTP headers:
Host: localhost
User-Agent: Ticketing-WebApp
Authorization: Bearer eyJ0eXAiOiJKV1QiLCJhbGciOiJIUzI1NiJ9.eyJpYXQiOjE1MTcyMTQ4NzcsImp0aSI6InhYOG5FMllNNWxaK2FQM1pWUWYwT0d5K3MzODBuRCs1dW5NTHp4Qms0eGs9IiwiaXNzIjoiOjoxIiwibmJmIjoxNTE3MjE0ODc3LCJleHAiOjE1MTcyMTY2NzcsImRhdGEiOnsidXNlcm5hbWUiOiJyYWhtYXRfYWRtaW4iLCJwYXNzd29yZCI6IjkxZGY3YWE2MjA5OWMzYmY0YTNmNmQ1ZDU0NTYzNzg5NDg5ZTA0YjUiLCJpcCI6Ijo6MSIsInVzZXJfYWdlbnQiOiJUaWNrZXRpbmctV2ViQXBwIn19.ckkqh9uT9zi5tRLpFmxpud9GfyNCh8sbe7eJTW5FeAw
Connection: close
Request body:

========================================
2018-01-29 15:34:38 
::1 GET /synergix-takaful/public-api/v1/user_level_modules/active?code=TICKET&user_level_id=7 HTTP/1.1
HTTP headers:
Host: localhost
User-Agent: Ticketing-WebApp
Authorization: Bearer eyJ0eXAiOiJKV1QiLCJhbGciOiJIUzI1NiJ9.eyJpYXQiOjE1MTcyMTQ4NzcsImp0aSI6InhYOG5FMllNNWxaK2FQM1pWUWYwT0d5K3MzODBuRCs1dW5NTHp4Qms0eGs9IiwiaXNzIjoiOjoxIiwibmJmIjoxNTE3MjE0ODc3LCJleHAiOjE1MTcyMTY2NzcsImRhdGEiOnsidXNlcm5hbWUiOiJyYWhtYXRfYWRtaW4iLCJwYXNzd29yZCI6IjkxZGY3YWE2MjA5OWMzYmY0YTNmNmQ1ZDU0NTYzNzg5NDg5ZTA0YjUiLCJpcCI6Ijo6MSIsInVzZXJfYWdlbnQiOiJUaWNrZXRpbmctV2ViQXBwIn19.ckkqh9uT9zi5tRLpFmxpud9GfyNCh8sbe7eJTW5FeAw
Connection: close
Request body:

========================================
2018-01-29 15:34:38 
::1 GET /synergix-takaful/public-api/v1/tickets?limit=20&start=1517158800&end=1517158800 HTTP/1.1
HTTP headers:
Host: localhost
User-Agent: Ticketing-WebApp
Authorization: Bearer eyJ0eXAiOiJKV1QiLCJhbGciOiJIUzI1NiJ9.eyJpYXQiOjE1MTcyMTQ4NzcsImp0aSI6InhYOG5FMllNNWxaK2FQM1pWUWYwT0d5K3MzODBuRCs1dW5NTHp4Qms0eGs9IiwiaXNzIjoiOjoxIiwibmJmIjoxNTE3MjE0ODc3LCJleHAiOjE1MTcyMTY2NzcsImRhdGEiOnsidXNlcm5hbWUiOiJyYWhtYXRfYWRtaW4iLCJwYXNzd29yZCI6IjkxZGY3YWE2MjA5OWMzYmY0YTNmNmQ1ZDU0NTYzNzg5NDg5ZTA0YjUiLCJpcCI6Ijo6MSIsInVzZXJfYWdlbnQiOiJUaWNrZXRpbmctV2ViQXBwIn19.ckkqh9uT9zi5tRLpFmxpud9GfyNCh8sbe7eJTW5FeAw
Connection: close
Request body:

========================================
2018-01-29 15:36:16 
::1 POST /synergix-takaful/public-api/v1/users/token HTTP/1.1
HTTP headers:
Host: localhost
Content-Length: 37
User-Agent: Ticketing-WebApp
Connection: close
Content-Type: application/x-www-form-urlencoded
Request body:
username=rahmat_admin&password=rahmat
========================================
2018-01-29 15:36:17 
::1 GET /synergix-takaful/public-api/v1/users/13 HTTP/1.1
HTTP headers:
Host: localhost
User-Agent: Ticketing-WebApp
Authorization: Bearer eyJ0eXAiOiJKV1QiLCJhbGciOiJIUzI1NiJ9.eyJpYXQiOjE1MTcyMTQ5NzYsImp0aSI6Imw1VmY0ZWVycGM3ekM2d2x0aHI0WjRSYURRT2JaUDBNWXcxeDloZVIyVEk9IiwiaXNzIjoiOjoxIiwibmJmIjoxNTE3MjE0OTc2LCJleHAiOjE1MTcyMTY3NzYsImRhdGEiOnsidXNlcm5hbWUiOiJyYWhtYXRfYWRtaW4iLCJwYXNzd29yZCI6IjkxZGY3YWE2MjA5OWMzYmY0YTNmNmQ1ZDU0NTYzNzg5NDg5ZTA0YjUiLCJpcCI6Ijo6MSIsInVzZXJfYWdlbnQiOiJUaWNrZXRpbmctV2ViQXBwIn19.Bn_SEZGJXky2DYg_6xhumUYQ1WpYEHH665MsC7CYo9k
Connection: close
Request body:

========================================
2018-01-29 15:36:17 
::1 GET /synergix-takaful/public-api/v1/user_level_modules/active?code=TICKET&user_level_id=7 HTTP/1.1
HTTP headers:
Host: localhost
User-Agent: Ticketing-WebApp
Authorization: Bearer eyJ0eXAiOiJKV1QiLCJhbGciOiJIUzI1NiJ9.eyJpYXQiOjE1MTcyMTQ5NzYsImp0aSI6Imw1VmY0ZWVycGM3ekM2d2x0aHI0WjRSYURRT2JaUDBNWXcxeDloZVIyVEk9IiwiaXNzIjoiOjoxIiwibmJmIjoxNTE3MjE0OTc2LCJleHAiOjE1MTcyMTY3NzYsImRhdGEiOnsidXNlcm5hbWUiOiJyYWhtYXRfYWRtaW4iLCJwYXNzd29yZCI6IjkxZGY3YWE2MjA5OWMzYmY0YTNmNmQ1ZDU0NTYzNzg5NDg5ZTA0YjUiLCJpcCI6Ijo6MSIsInVzZXJfYWdlbnQiOiJUaWNrZXRpbmctV2ViQXBwIn19.Bn_SEZGJXky2DYg_6xhumUYQ1WpYEHH665MsC7CYo9k
Connection: close
Request body:

========================================
2018-01-29 15:36:18 
::1 GET /synergix-takaful/public-api/v1/tickets?limit=20&start=1517158800&end=1517158800 HTTP/1.1
HTTP headers:
Host: localhost
User-Agent: Ticketing-WebApp
Authorization: Bearer eyJ0eXAiOiJKV1QiLCJhbGciOiJIUzI1NiJ9.eyJpYXQiOjE1MTcyMTQ5NzYsImp0aSI6Imw1VmY0ZWVycGM3ekM2d2x0aHI0WjRSYURRT2JaUDBNWXcxeDloZVIyVEk9IiwiaXNzIjoiOjoxIiwibmJmIjoxNTE3MjE0OTc2LCJleHAiOjE1MTcyMTY3NzYsImRhdGEiOnsidXNlcm5hbWUiOiJyYWhtYXRfYWRtaW4iLCJwYXNzd29yZCI6IjkxZGY3YWE2MjA5OWMzYmY0YTNmNmQ1ZDU0NTYzNzg5NDg5ZTA0YjUiLCJpcCI6Ijo6MSIsInVzZXJfYWdlbnQiOiJUaWNrZXRpbmctV2ViQXBwIn19.Bn_SEZGJXky2DYg_6xhumUYQ1WpYEHH665MsC7CYo9k
Connection: close
Request body:

========================================
2018-01-29 15:39:13 
::1 POST /synergix-takaful/public-api/v1/users/token HTTP/1.1
HTTP headers:
Host: localhost
Content-Length: 37
User-Agent: Ticketing-WebApp
Connection: close
Content-Type: application/x-www-form-urlencoded
Request body:
username=rahmat_admin&password=rahmat
========================================
2018-01-29 15:39:14 
::1 GET /synergix-takaful/public-api/v1/users/13 HTTP/1.1
HTTP headers:
Host: localhost
User-Agent: Ticketing-WebApp
Authorization: Bearer eyJ0eXAiOiJKV1QiLCJhbGciOiJIUzI1NiJ9.eyJpYXQiOjE1MTcyMTUxNTMsImp0aSI6Ikw3Z2tTR1hraGRSellyVFpCUzllcnVIQ08ySVpwQVFndWNWQTF0NGkyODA9IiwiaXNzIjoiOjoxIiwibmJmIjoxNTE3MjE1MTUzLCJleHAiOjE1MTcyMTY5NTMsImRhdGEiOnsidXNlcm5hbWUiOiJyYWhtYXRfYWRtaW4iLCJwYXNzd29yZCI6IjkxZGY3YWE2MjA5OWMzYmY0YTNmNmQ1ZDU0NTYzNzg5NDg5ZTA0YjUiLCJpcCI6Ijo6MSIsInVzZXJfYWdlbnQiOiJUaWNrZXRpbmctV2ViQXBwIn19.HGWx1fkfap9xMyg3trMFKIqEgZoVIazgZegcrDCPYPU
Connection: close
Request body:

========================================
2018-01-29 15:39:14 
::1 GET /synergix-takaful/public-api/v1/user_level_modules/active?code=TICKET&user_level_id=7 HTTP/1.1
HTTP headers:
Host: localhost
User-Agent: Ticketing-WebApp
Authorization: Bearer eyJ0eXAiOiJKV1QiLCJhbGciOiJIUzI1NiJ9.eyJpYXQiOjE1MTcyMTUxNTMsImp0aSI6Ikw3Z2tTR1hraGRSellyVFpCUzllcnVIQ08ySVpwQVFndWNWQTF0NGkyODA9IiwiaXNzIjoiOjoxIiwibmJmIjoxNTE3MjE1MTUzLCJleHAiOjE1MTcyMTY5NTMsImRhdGEiOnsidXNlcm5hbWUiOiJyYWhtYXRfYWRtaW4iLCJwYXNzd29yZCI6IjkxZGY3YWE2MjA5OWMzYmY0YTNmNmQ1ZDU0NTYzNzg5NDg5ZTA0YjUiLCJpcCI6Ijo6MSIsInVzZXJfYWdlbnQiOiJUaWNrZXRpbmctV2ViQXBwIn19.HGWx1fkfap9xMyg3trMFKIqEgZoVIazgZegcrDCPYPU
Connection: close
Request body:

========================================
2018-01-29 15:39:15 
::1 GET /synergix-takaful/public-api/v1/tickets?limit=20&start=1517158800&end=1517158800 HTTP/1.1
HTTP headers:
Host: localhost
User-Agent: Ticketing-WebApp
Authorization: Bearer eyJ0eXAiOiJKV1QiLCJhbGciOiJIUzI1NiJ9.eyJpYXQiOjE1MTcyMTUxNTMsImp0aSI6Ikw3Z2tTR1hraGRSellyVFpCUzllcnVIQ08ySVpwQVFndWNWQTF0NGkyODA9IiwiaXNzIjoiOjoxIiwibmJmIjoxNTE3MjE1MTUzLCJleHAiOjE1MTcyMTY5NTMsImRhdGEiOnsidXNlcm5hbWUiOiJyYWhtYXRfYWRtaW4iLCJwYXNzd29yZCI6IjkxZGY3YWE2MjA5OWMzYmY0YTNmNmQ1ZDU0NTYzNzg5NDg5ZTA0YjUiLCJpcCI6Ijo6MSIsInVzZXJfYWdlbnQiOiJUaWNrZXRpbmctV2ViQXBwIn19.HGWx1fkfap9xMyg3trMFKIqEgZoVIazgZegcrDCPYPU
Connection: close
Request body:

========================================
2018-01-29 16:12:53 
::1 POST /synergix-takaful/public-api/v1/users/token HTTP/1.1
HTTP headers:
Host: localhost
Content-Length: 37
User-Agent: Ticketing-WebApp
Connection: close
Content-Type: application/x-www-form-urlencoded
Request body:
username=rahmat_admin&password=rahmat
========================================
2018-01-29 16:12:54 
::1 GET /synergix-takaful/public-api/v1/users/13 HTTP/1.1
HTTP headers:
Host: localhost
User-Agent: Ticketing-WebApp
Authorization: Bearer eyJ0eXAiOiJKV1QiLCJhbGciOiJIUzI1NiJ9.eyJpYXQiOjE1MTcyMTcxNzMsImp0aSI6ImJoQzJJd3k1MlZGYkg0Q09zdnYxRnpFSGtTMjJPNWZCaUVldzJHNVY2R0E9IiwiaXNzIjoiOjoxIiwibmJmIjoxNTE3MjE3MTczLCJleHAiOjE1MTcyMTg5NzMsImRhdGEiOnsidXNlcm5hbWUiOiJyYWhtYXRfYWRtaW4iLCJwYXNzd29yZCI6IjkxZGY3YWE2MjA5OWMzYmY0YTNmNmQ1ZDU0NTYzNzg5NDg5ZTA0YjUiLCJpcCI6Ijo6MSIsInVzZXJfYWdlbnQiOiJUaWNrZXRpbmctV2ViQXBwIn19.QRRLxBiEus9UhNxMku1bDWpR4hew9qlYHabsXNE9n40
Connection: close
Request body:

========================================
2018-01-29 16:12:54 
::1 GET /synergix-takaful/public-api/v1/user_level_modules/active?code=TICKET&user_level_id=7 HTTP/1.1
HTTP headers:
Host: localhost
User-Agent: Ticketing-WebApp
Authorization: Bearer eyJ0eXAiOiJKV1QiLCJhbGciOiJIUzI1NiJ9.eyJpYXQiOjE1MTcyMTcxNzMsImp0aSI6ImJoQzJJd3k1MlZGYkg0Q09zdnYxRnpFSGtTMjJPNWZCaUVldzJHNVY2R0E9IiwiaXNzIjoiOjoxIiwibmJmIjoxNTE3MjE3MTczLCJleHAiOjE1MTcyMTg5NzMsImRhdGEiOnsidXNlcm5hbWUiOiJyYWhtYXRfYWRtaW4iLCJwYXNzd29yZCI6IjkxZGY3YWE2MjA5OWMzYmY0YTNmNmQ1ZDU0NTYzNzg5NDg5ZTA0YjUiLCJpcCI6Ijo6MSIsInVzZXJfYWdlbnQiOiJUaWNrZXRpbmctV2ViQXBwIn19.QRRLxBiEus9UhNxMku1bDWpR4hew9qlYHabsXNE9n40
Connection: close
Request body:

========================================
2018-01-29 16:12:54 
::1 GET /synergix-takaful/public-api/v1/tickets?limit=20&start=1517158800&end=1517158800 HTTP/1.1
HTTP headers:
Host: localhost
User-Agent: Ticketing-WebApp
Authorization: Bearer eyJ0eXAiOiJKV1QiLCJhbGciOiJIUzI1NiJ9.eyJpYXQiOjE1MTcyMTcxNzMsImp0aSI6ImJoQzJJd3k1MlZGYkg0Q09zdnYxRnpFSGtTMjJPNWZCaUVldzJHNVY2R0E9IiwiaXNzIjoiOjoxIiwibmJmIjoxNTE3MjE3MTczLCJleHAiOjE1MTcyMTg5NzMsImRhdGEiOnsidXNlcm5hbWUiOiJyYWhtYXRfYWRtaW4iLCJwYXNzd29yZCI6IjkxZGY3YWE2MjA5OWMzYmY0YTNmNmQ1ZDU0NTYzNzg5NDg5ZTA0YjUiLCJpcCI6Ijo6MSIsInVzZXJfYWdlbnQiOiJUaWNrZXRpbmctV2ViQXBwIn19.QRRLxBiEus9UhNxMku1bDWpR4hew9qlYHabsXNE9n40
Connection: close
Request body:

========================================
2018-01-29 16:23:11 
::1 POST /synergix-takaful/public-api/v1/users/token HTTP/1.1
HTTP headers:
Host: localhost
Content-Length: 37
User-Agent: Ticketing-WebApp
Connection: close
Content-Type: application/x-www-form-urlencoded
Request body:
username=rahmat_admin&password=rahmat
========================================
2018-01-29 16:23:12 
::1 GET /synergix-takaful/public-api/v1/users/13 HTTP/1.1
HTTP headers:
Host: localhost
User-Agent: Ticketing-WebApp
Authorization: Bearer eyJ0eXAiOiJKV1QiLCJhbGciOiJIUzI1NiJ9.eyJpYXQiOjE1MTcyMTc3OTEsImp0aSI6Imp2RTFjSU90VEdzRE9tZWNpaGdINWxsVjdsS2JOZm94UURIZ3ZHd1J4R1k9IiwiaXNzIjoiOjoxIiwibmJmIjoxNTE3MjE3NzkxLCJleHAiOjE1MTcyMTk1OTEsImRhdGEiOnsidXNlcm5hbWUiOiJyYWhtYXRfYWRtaW4iLCJwYXNzd29yZCI6IjkxZGY3YWE2MjA5OWMzYmY0YTNmNmQ1ZDU0NTYzNzg5NDg5ZTA0YjUiLCJpcCI6Ijo6MSIsInVzZXJfYWdlbnQiOiJUaWNrZXRpbmctV2ViQXBwIn19.muB32rrYsoXoGOOJkQyjyeJKvS_MrOYAkUPbeKaKGos
Connection: close
Request body:

========================================
2018-01-29 16:23:12 
::1 GET /synergix-takaful/public-api/v1/user_level_modules/active?code=TICKET&user_level_id=7 HTTP/1.1
HTTP headers:
Host: localhost
User-Agent: Ticketing-WebApp
Authorization: Bearer eyJ0eXAiOiJKV1QiLCJhbGciOiJIUzI1NiJ9.eyJpYXQiOjE1MTcyMTc3OTEsImp0aSI6Imp2RTFjSU90VEdzRE9tZWNpaGdINWxsVjdsS2JOZm94UURIZ3ZHd1J4R1k9IiwiaXNzIjoiOjoxIiwibmJmIjoxNTE3MjE3NzkxLCJleHAiOjE1MTcyMTk1OTEsImRhdGEiOnsidXNlcm5hbWUiOiJyYWhtYXRfYWRtaW4iLCJwYXNzd29yZCI6IjkxZGY3YWE2MjA5OWMzYmY0YTNmNmQ1ZDU0NTYzNzg5NDg5ZTA0YjUiLCJpcCI6Ijo6MSIsInVzZXJfYWdlbnQiOiJUaWNrZXRpbmctV2ViQXBwIn19.muB32rrYsoXoGOOJkQyjyeJKvS_MrOYAkUPbeKaKGos
Connection: close
Request body:

========================================
2018-01-29 16:23:12 
::1 GET /synergix-takaful/public-api/v1/tickets?limit=20&start=1517158800&end=1517158800 HTTP/1.1
HTTP headers:
Host: localhost
User-Agent: Ticketing-WebApp
Authorization: Bearer eyJ0eXAiOiJKV1QiLCJhbGciOiJIUzI1NiJ9.eyJpYXQiOjE1MTcyMTc3OTEsImp0aSI6Imp2RTFjSU90VEdzRE9tZWNpaGdINWxsVjdsS2JOZm94UURIZ3ZHd1J4R1k9IiwiaXNzIjoiOjoxIiwibmJmIjoxNTE3MjE3NzkxLCJleHAiOjE1MTcyMTk1OTEsImRhdGEiOnsidXNlcm5hbWUiOiJyYWhtYXRfYWRtaW4iLCJwYXNzd29yZCI6IjkxZGY3YWE2MjA5OWMzYmY0YTNmNmQ1ZDU0NTYzNzg5NDg5ZTA0YjUiLCJpcCI6Ijo6MSIsInVzZXJfYWdlbnQiOiJUaWNrZXRpbmctV2ViQXBwIn19.muB32rrYsoXoGOOJkQyjyeJKvS_MrOYAkUPbeKaKGos
Connection: close
Request body:

========================================
2018-01-29 16:26:18 
::1 POST /synergix-takaful/public-api/v1/users/token HTTP/1.1
HTTP headers:
Host: localhost
Content-Length: 35
User-Agent: Ticketing-WebApp
Connection: close
Content-Type: application/x-www-form-urlencoded
Request body:
username=ba_admin&password=ba_admin
========================================
2018-01-29 16:26:19 
::1 GET /synergix-takaful/public-api/v1/users/9 HTTP/1.1
HTTP headers:
Host: localhost
User-Agent: Ticketing-WebApp
Authorization: Bearer eyJ0eXAiOiJKV1QiLCJhbGciOiJIUzI1NiJ9.eyJpYXQiOjE1MTcyMTc5NzgsImp0aSI6ImRSM1N3RjIzTUdieG95VDl4SXZwOHZxbkpwVFNxcXo1T2tJblBpbWRUcHc9IiwiaXNzIjoiOjoxIiwibmJmIjoxNTE3MjE3OTc4LCJleHAiOjE1MTcyMTk3NzgsImRhdGEiOnsidXNlcm5hbWUiOiJiYV9hZG1pbiIsInBhc3N3b3JkIjoiYTAzNmFjMTM3MjJhYTNjNjg1YjRmYzQ5NWJjYTEwYTcxNzRmMDk3MCIsImlwIjoiOjoxIiwidXNlcl9hZ2VudCI6IlRpY2tldGluZy1XZWJBcHAifX0._TkEWjrGLNmPyZzofixy9T13pY1NplFH9Jdot9j1TUo
Connection: close
Request body:

========================================
2018-01-29 16:26:19 
::1 GET /synergix-takaful/public-api/v1/user_level_modules/active?code=TICKET&user_level_id=7 HTTP/1.1
HTTP headers:
Host: localhost
User-Agent: Ticketing-WebApp
Authorization: Bearer eyJ0eXAiOiJKV1QiLCJhbGciOiJIUzI1NiJ9.eyJpYXQiOjE1MTcyMTc5NzgsImp0aSI6ImRSM1N3RjIzTUdieG95VDl4SXZwOHZxbkpwVFNxcXo1T2tJblBpbWRUcHc9IiwiaXNzIjoiOjoxIiwibmJmIjoxNTE3MjE3OTc4LCJleHAiOjE1MTcyMTk3NzgsImRhdGEiOnsidXNlcm5hbWUiOiJiYV9hZG1pbiIsInBhc3N3b3JkIjoiYTAzNmFjMTM3MjJhYTNjNjg1YjRmYzQ5NWJjYTEwYTcxNzRmMDk3MCIsImlwIjoiOjoxIiwidXNlcl9hZ2VudCI6IlRpY2tldGluZy1XZWJBcHAifX0._TkEWjrGLNmPyZzofixy9T13pY1NplFH9Jdot9j1TUo
Connection: close
Request body:

========================================
2018-01-29 16:26:19 
::1 GET /synergix-takaful/public-api/v1/tickets?limit=20&start=1517158800&end=1517158800 HTTP/1.1
HTTP headers:
Host: localhost
User-Agent: Ticketing-WebApp
Authorization: Bearer eyJ0eXAiOiJKV1QiLCJhbGciOiJIUzI1NiJ9.eyJpYXQiOjE1MTcyMTc5NzgsImp0aSI6ImRSM1N3RjIzTUdieG95VDl4SXZwOHZxbkpwVFNxcXo1T2tJblBpbWRUcHc9IiwiaXNzIjoiOjoxIiwibmJmIjoxNTE3MjE3OTc4LCJleHAiOjE1MTcyMTk3NzgsImRhdGEiOnsidXNlcm5hbWUiOiJiYV9hZG1pbiIsInBhc3N3b3JkIjoiYTAzNmFjMTM3MjJhYTNjNjg1YjRmYzQ5NWJjYTEwYTcxNzRmMDk3MCIsImlwIjoiOjoxIiwidXNlcl9hZ2VudCI6IlRpY2tldGluZy1XZWJBcHAifX0._TkEWjrGLNmPyZzofixy9T13pY1NplFH9Jdot9j1TUo
Connection: close
Request body:

========================================
2018-01-29 16:32:24 
::1 POST /synergix-takaful/public-api/v1/users/token HTTP/1.1
HTTP headers:
Host: localhost
Content-Length: 35
User-Agent: Ticketing-WebApp
Connection: close
Content-Type: application/x-www-form-urlencoded
Request body:
username=ba_admin&password=ba_admin
========================================
2018-01-29 16:32:25 
::1 GET /synergix-takaful/public-api/v1/users/9 HTTP/1.1
HTTP headers:
Host: localhost
User-Agent: Ticketing-WebApp
Authorization: Bearer eyJ0eXAiOiJKV1QiLCJhbGciOiJIUzI1NiJ9.eyJpYXQiOjE1MTcyMTgzNDQsImp0aSI6InA2cVg0YjBhVGR1RDBJUndqdzF0NFVZaGFTOHBOTmtsNW5hM2lOZ0N1dnM9IiwiaXNzIjoiOjoxIiwibmJmIjoxNTE3MjE4MzQ0LCJleHAiOjE1MTcyMjAxNDQsImRhdGEiOnsidXNlcm5hbWUiOiJiYV9hZG1pbiIsInBhc3N3b3JkIjoiYTAzNmFjMTM3MjJhYTNjNjg1YjRmYzQ5NWJjYTEwYTcxNzRmMDk3MCIsImlwIjoiOjoxIiwidXNlcl9hZ2VudCI6IlRpY2tldGluZy1XZWJBcHAifX0.TNtmGexF1jkEyWBYVD2pjXgVsqlgyMUEOme8bjwnP28
Connection: close
Request body:

========================================
2018-01-29 16:32:25 
::1 GET /synergix-takaful/public-api/v1/user_level_modules/active?code=TICKET&user_level_id=7 HTTP/1.1
HTTP headers:
Host: localhost
User-Agent: Ticketing-WebApp
Authorization: Bearer eyJ0eXAiOiJKV1QiLCJhbGciOiJIUzI1NiJ9.eyJpYXQiOjE1MTcyMTgzNDQsImp0aSI6InA2cVg0YjBhVGR1RDBJUndqdzF0NFVZaGFTOHBOTmtsNW5hM2lOZ0N1dnM9IiwiaXNzIjoiOjoxIiwibmJmIjoxNTE3MjE4MzQ0LCJleHAiOjE1MTcyMjAxNDQsImRhdGEiOnsidXNlcm5hbWUiOiJiYV9hZG1pbiIsInBhc3N3b3JkIjoiYTAzNmFjMTM3MjJhYTNjNjg1YjRmYzQ5NWJjYTEwYTcxNzRmMDk3MCIsImlwIjoiOjoxIiwidXNlcl9hZ2VudCI6IlRpY2tldGluZy1XZWJBcHAifX0.TNtmGexF1jkEyWBYVD2pjXgVsqlgyMUEOme8bjwnP28
Connection: close
Request body:

========================================
2018-01-29 16:32:26 
::1 GET /synergix-takaful/public-api/v1/tickets?limit=20&start=1517158800&end=1517158800 HTTP/1.1
HTTP headers:
Host: localhost
User-Agent: Ticketing-WebApp
Authorization: Bearer eyJ0eXAiOiJKV1QiLCJhbGciOiJIUzI1NiJ9.eyJpYXQiOjE1MTcyMTgzNDQsImp0aSI6InA2cVg0YjBhVGR1RDBJUndqdzF0NFVZaGFTOHBOTmtsNW5hM2lOZ0N1dnM9IiwiaXNzIjoiOjoxIiwibmJmIjoxNTE3MjE4MzQ0LCJleHAiOjE1MTcyMjAxNDQsImRhdGEiOnsidXNlcm5hbWUiOiJiYV9hZG1pbiIsInBhc3N3b3JkIjoiYTAzNmFjMTM3MjJhYTNjNjg1YjRmYzQ5NWJjYTEwYTcxNzRmMDk3MCIsImlwIjoiOjoxIiwidXNlcl9hZ2VudCI6IlRpY2tldGluZy1XZWJBcHAifX0.TNtmGexF1jkEyWBYVD2pjXgVsqlgyMUEOme8bjwnP28
Connection: close
Request body:

========================================
2018-01-29 16:40:04 
::1 POST /synergix-takaful/public-api/v1/users/token HTTP/1.1
HTTP headers:
Host: localhost
Content-Length: 35
User-Agent: Ticketing-WebApp
Connection: close
Content-Type: application/x-www-form-urlencoded
Request body:
username=ba_admin&password=ba_admin
========================================
2018-01-29 16:40:05 
::1 GET /synergix-takaful/public-api/v1/users/9 HTTP/1.1
HTTP headers:
Host: localhost
User-Agent: Ticketing-WebApp
Authorization: Bearer eyJ0eXAiOiJKV1QiLCJhbGciOiJIUzI1NiJ9.eyJpYXQiOjE1MTcyMTg4MDQsImp0aSI6IkU1Yk1PS2FHUjZGQlhMQnZHQXF1N1wvYVZNUW5nNTBJUmUxMU95T0NsZWN3PSIsImlzcyI6Ijo6MSIsIm5iZiI6MTUxNzIxODgwNCwiZXhwIjoxNTE3MjIwNjA0LCJkYXRhIjp7InVzZXJuYW1lIjoiYmFfYWRtaW4iLCJwYXNzd29yZCI6ImEwMzZhYzEzNzIyYWEzYzY4NWI0ZmM0OTViY2ExMGE3MTc0ZjA5NzAiLCJpcCI6Ijo6MSIsInVzZXJfYWdlbnQiOiJUaWNrZXRpbmctV2ViQXBwIn19.Cc1p1er7u0BeUm5bgwv0xy2ao_2kz_ESbY91Z-orhZI
Connection: close
Request body:

========================================
2018-01-29 16:40:05 
::1 GET /synergix-takaful/public-api/v1/user_level_modules/active?code=TICKET&user_level_id=7 HTTP/1.1
HTTP headers:
Host: localhost
User-Agent: Ticketing-WebApp
Authorization: Bearer eyJ0eXAiOiJKV1QiLCJhbGciOiJIUzI1NiJ9.eyJpYXQiOjE1MTcyMTg4MDQsImp0aSI6IkU1Yk1PS2FHUjZGQlhMQnZHQXF1N1wvYVZNUW5nNTBJUmUxMU95T0NsZWN3PSIsImlzcyI6Ijo6MSIsIm5iZiI6MTUxNzIxODgwNCwiZXhwIjoxNTE3MjIwNjA0LCJkYXRhIjp7InVzZXJuYW1lIjoiYmFfYWRtaW4iLCJwYXNzd29yZCI6ImEwMzZhYzEzNzIyYWEzYzY4NWI0ZmM0OTViY2ExMGE3MTc0ZjA5NzAiLCJpcCI6Ijo6MSIsInVzZXJfYWdlbnQiOiJUaWNrZXRpbmctV2ViQXBwIn19.Cc1p1er7u0BeUm5bgwv0xy2ao_2kz_ESbY91Z-orhZI
Connection: close
Request body:

========================================
2018-01-29 16:40:09 
::1 GET /synergix-takaful/public-api/v1/tickets?limit=20&start=1517158800&end=1517158800 HTTP/1.1
HTTP headers:
Host: localhost
User-Agent: Ticketing-WebApp
Authorization: Bearer eyJ0eXAiOiJKV1QiLCJhbGciOiJIUzI1NiJ9.eyJpYXQiOjE1MTcyMTg4MDQsImp0aSI6IkU1Yk1PS2FHUjZGQlhMQnZHQXF1N1wvYVZNUW5nNTBJUmUxMU95T0NsZWN3PSIsImlzcyI6Ijo6MSIsIm5iZiI6MTUxNzIxODgwNCwiZXhwIjoxNTE3MjIwNjA0LCJkYXRhIjp7InVzZXJuYW1lIjoiYmFfYWRtaW4iLCJwYXNzd29yZCI6ImEwMzZhYzEzNzIyYWEzYzY4NWI0ZmM0OTViY2ExMGE3MTc0ZjA5NzAiLCJpcCI6Ijo6MSIsInVzZXJfYWdlbnQiOiJUaWNrZXRpbmctV2ViQXBwIn19.Cc1p1er7u0BeUm5bgwv0xy2ao_2kz_ESbY91Z-orhZI
Connection: close
Request body:

========================================
2018-01-29 17:19:57 
::1 POST /synergix-takaful/public-api/v1/users/token HTTP/1.1
HTTP headers:
Host: localhost
Content-Length: 35
User-Agent: Ticketing-WebApp
Connection: close
Content-Type: application/x-www-form-urlencoded
Request body:
username=ba_admin&password=ba_admin
========================================
2018-01-29 17:19:59 
::1 GET /synergix-takaful/public-api/v1/users/9 HTTP/1.1
HTTP headers:
Host: localhost
User-Agent: Ticketing-WebApp
Authorization: Bearer eyJ0eXAiOiJKV1QiLCJhbGciOiJIUzI1NiJ9.eyJpYXQiOjE1MTcyMjExOTgsImp0aSI6ImtFeURNNTE3UXVKODRHeUVtVDR4dmF4OHk5N1JpSk9KSlwvQm5cL3JyR0FXVT0iLCJpc3MiOiI6OjEiLCJuYmYiOjE1MTcyMjExOTgsImV4cCI6MTUxNzIyMjk5OCwiZGF0YSI6eyJ1c2VybmFtZSI6ImJhX2FkbWluIiwicGFzc3dvcmQiOiJhMDM2YWMxMzcyMmFhM2M2ODViNGZjNDk1YmNhMTBhNzE3NGYwOTcwIiwiaXAiOiI6OjEiLCJ1c2VyX2FnZW50IjoiVGlja2V0aW5nLVdlYkFwcCJ9fQ.VX01uSRrM1M42xXTS2UGTzHOoeZKy8YoC8g3bwO_WeI
Connection: close
Request body:

========================================
2018-01-29 17:19:59 
::1 GET /synergix-takaful/public-api/v1/user_level_modules/active?code=TICKET&user_level_id=7 HTTP/1.1
HTTP headers:
Host: localhost
User-Agent: Ticketing-WebApp
Authorization: Bearer eyJ0eXAiOiJKV1QiLCJhbGciOiJIUzI1NiJ9.eyJpYXQiOjE1MTcyMjExOTgsImp0aSI6ImtFeURNNTE3UXVKODRHeUVtVDR4dmF4OHk5N1JpSk9KSlwvQm5cL3JyR0FXVT0iLCJpc3MiOiI6OjEiLCJuYmYiOjE1MTcyMjExOTgsImV4cCI6MTUxNzIyMjk5OCwiZGF0YSI6eyJ1c2VybmFtZSI6ImJhX2FkbWluIiwicGFzc3dvcmQiOiJhMDM2YWMxMzcyMmFhM2M2ODViNGZjNDk1YmNhMTBhNzE3NGYwOTcwIiwiaXAiOiI6OjEiLCJ1c2VyX2FnZW50IjoiVGlja2V0aW5nLVdlYkFwcCJ9fQ.VX01uSRrM1M42xXTS2UGTzHOoeZKy8YoC8g3bwO_WeI
Connection: close
Request body:

========================================
2018-01-29 17:19:59 
::1 GET /synergix-takaful/public-api/v1/tickets?limit=20&start=1517158800&end=1517158800 HTTP/1.1
HTTP headers:
Host: localhost
User-Agent: Ticketing-WebApp
Authorization: Bearer eyJ0eXAiOiJKV1QiLCJhbGciOiJIUzI1NiJ9.eyJpYXQiOjE1MTcyMjExOTgsImp0aSI6ImtFeURNNTE3UXVKODRHeUVtVDR4dmF4OHk5N1JpSk9KSlwvQm5cL3JyR0FXVT0iLCJpc3MiOiI6OjEiLCJuYmYiOjE1MTcyMjExOTgsImV4cCI6MTUxNzIyMjk5OCwiZGF0YSI6eyJ1c2VybmFtZSI6ImJhX2FkbWluIiwicGFzc3dvcmQiOiJhMDM2YWMxMzcyMmFhM2M2ODViNGZjNDk1YmNhMTBhNzE3NGYwOTcwIiwiaXAiOiI6OjEiLCJ1c2VyX2FnZW50IjoiVGlja2V0aW5nLVdlYkFwcCJ9fQ.VX01uSRrM1M42xXTS2UGTzHOoeZKy8YoC8g3bwO_WeI
Connection: close
Request body:

========================================
