2019-05-09 13:03:38 
::1 POST /tourism/public-api/v1/users/token HTTP/1.1
HTTP headers:
Host: localhost
Content-Length: 25
User-Agent: Ticketing-WebApp
Connection: close
Content-Type: application/x-www-form-urlencoded
Request body:
username=ade&password=ade
========================================
2019-05-09 13:03:39 
::1 GET /tourism/public-api/v1/users/1 HTTP/1.1
HTTP headers:
Host: localhost
User-Agent: Ticketing-WebApp
Authorization: Bearer eyJ0eXAiOiJKV1QiLCJhbGciOiJIUzI1NiJ9.eyJpYXQiOjE1NTczODE4MTgsImp0aSI6ImViXC95YVhiS3g5Rk5tZ3RSRWFPSExydTJBbkJWTFEyNnMxb1htaGp3T0FvPSIsImlzcyI6Ijo6MSIsIm5iZiI6MTU1NzM4MTgxOCwiZXhwIjoxNTU3MzgzNjE4LCJkYXRhIjp7InVzZXJuYW1lIjoiYWRlIiwicGFzc3dvcmQiOiJiNzAxNjZkMjM1OWU1NWZmMzQ4NGY1ZDcwMjBjNzBkODZkODkwNzk2IiwiaXAiOiI6OjEiLCJ1c2VyX2FnZW50IjoiVGlja2V0aW5nLVdlYkFwcCJ9fQ.nA3E_mpEzMQGcXwgrsIcpGTifyKbvtrh9dIdTXoHLso
Connection: close
Request body:

========================================
2019-05-09 13:03:40 
::1 GET /tourism/public-api/v1/tourism?tourism_approval_status=2&sort=DESC HTTP/1.1
HTTP headers:
Host: localhost
User-Agent: Ticketing-WebApp
Authorization: Bearer eyJ0eXAiOiJKV1QiLCJhbGciOiJIUzI1NiJ9.eyJpYXQiOjE1NTczODE4MTgsImp0aSI6ImViXC95YVhiS3g5Rk5tZ3RSRWFPSExydTJBbkJWTFEyNnMxb1htaGp3T0FvPSIsImlzcyI6Ijo6MSIsIm5iZiI6MTU1NzM4MTgxOCwiZXhwIjoxNTU3MzgzNjE4LCJkYXRhIjp7InVzZXJuYW1lIjoiYWRlIiwicGFzc3dvcmQiOiJiNzAxNjZkMjM1OWU1NWZmMzQ4NGY1ZDcwMjBjNzBkODZkODkwNzk2IiwiaXAiOiI6OjEiLCJ1c2VyX2FnZW50IjoiVGlja2V0aW5nLVdlYkFwcCJ9fQ.nA3E_mpEzMQGcXwgrsIcpGTifyKbvtrh9dIdTXoHLso
Connection: close
Request body:

========================================
2019-05-09 13:04:01 
::1 GET /tourism/public-api/v1/tickets?limit=1 HTTP/1.1
HTTP headers:
Host: localhost
User-Agent: Ticketing-WebApp
Authorization: Bearer eyJ0eXAiOiJKV1QiLCJhbGciOiJIUzI1NiJ9.eyJpYXQiOjE1NTczODE4MTgsImp0aSI6ImViXC95YVhiS3g5Rk5tZ3RSRWFPSExydTJBbkJWTFEyNnMxb1htaGp3T0FvPSIsImlzcyI6Ijo6MSIsIm5iZiI6MTU1NzM4MTgxOCwiZXhwIjoxNTU3MzgzNjE4LCJkYXRhIjp7InVzZXJuYW1lIjoiYWRlIiwicGFzc3dvcmQiOiJiNzAxNjZkMjM1OWU1NWZmMzQ4NGY1ZDcwMjBjNzBkODZkODkwNzk2IiwiaXAiOiI6OjEiLCJ1c2VyX2FnZW50IjoiVGlja2V0aW5nLVdlYkFwcCJ9fQ.nA3E_mpEzMQGcXwgrsIcpGTifyKbvtrh9dIdTXoHLso
Connection: close
Request body:

========================================
2019-05-09 13:04:01 
::1 GET /tourism/public-api/v1/tickets?limit=2 HTTP/1.1
HTTP headers:
Host: localhost
User-Agent: Ticketing-WebApp
Authorization: Bearer eyJ0eXAiOiJKV1QiLCJhbGciOiJIUzI1NiJ9.eyJpYXQiOjE1NTczODE4MTgsImp0aSI6ImViXC95YVhiS3g5Rk5tZ3RSRWFPSExydTJBbkJWTFEyNnMxb1htaGp3T0FvPSIsImlzcyI6Ijo6MSIsIm5iZiI6MTU1NzM4MTgxOCwiZXhwIjoxNTU3MzgzNjE4LCJkYXRhIjp7InVzZXJuYW1lIjoiYWRlIiwicGFzc3dvcmQiOiJiNzAxNjZkMjM1OWU1NWZmMzQ4NGY1ZDcwMjBjNzBkODZkODkwNzk2IiwiaXAiOiI6OjEiLCJ1c2VyX2FnZW50IjoiVGlja2V0aW5nLVdlYkFwcCJ9fQ.nA3E_mpEzMQGcXwgrsIcpGTifyKbvtrh9dIdTXoHLso
Connection: close
Request body:

========================================
2019-05-09 13:30:33 
::1 GET /tourism/public-api/v1/tickets?limit=1& HTTP/1.1
HTTP headers:
Host: localhost
User-Agent: Ticketing-WebApp
Authorization: Bearer eyJ0eXAiOiJKV1QiLCJhbGciOiJIUzI1NiJ9.eyJpYXQiOjE1NTczODE4MTgsImp0aSI6ImViXC95YVhiS3g5Rk5tZ3RSRWFPSExydTJBbkJWTFEyNnMxb1htaGp3T0FvPSIsImlzcyI6Ijo6MSIsIm5iZiI6MTU1NzM4MTgxOCwiZXhwIjoxNTU3MzgzNjE4LCJkYXRhIjp7InVzZXJuYW1lIjoiYWRlIiwicGFzc3dvcmQiOiJiNzAxNjZkMjM1OWU1NWZmMzQ4NGY1ZDcwMjBjNzBkODZkODkwNzk2IiwiaXAiOiI6OjEiLCJ1c2VyX2FnZW50IjoiVGlja2V0aW5nLVdlYkFwcCJ9fQ.nA3E_mpEzMQGcXwgrsIcpGTifyKbvtrh9dIdTXoHLso
Connection: close
Request body:

========================================
2019-05-09 13:30:33 
::1 GET /tourism/public-api/v1/tickets?limit=2& HTTP/1.1
HTTP headers:
Host: localhost
User-Agent: Ticketing-WebApp
Authorization: Bearer eyJ0eXAiOiJKV1QiLCJhbGciOiJIUzI1NiJ9.eyJpYXQiOjE1NTczODE4MTgsImp0aSI6ImViXC95YVhiS3g5Rk5tZ3RSRWFPSExydTJBbkJWTFEyNnMxb1htaGp3T0FvPSIsImlzcyI6Ijo6MSIsIm5iZiI6MTU1NzM4MTgxOCwiZXhwIjoxNTU3MzgzNjE4LCJkYXRhIjp7InVzZXJuYW1lIjoiYWRlIiwicGFzc3dvcmQiOiJiNzAxNjZkMjM1OWU1NWZmMzQ4NGY1ZDcwMjBjNzBkODZkODkwNzk2IiwiaXAiOiI6OjEiLCJ1c2VyX2FnZW50IjoiVGlja2V0aW5nLVdlYkFwcCJ9fQ.nA3E_mpEzMQGcXwgrsIcpGTifyKbvtrh9dIdTXoHLso
Connection: close
Request body:

========================================
2019-05-09 13:30:43 
::1 GET /tourism/public-api/v1/tickets?limit=1&start=2019-05-01&end=2019-05-09 HTTP/1.1
HTTP headers:
Host: localhost
User-Agent: Ticketing-WebApp
Authorization: Bearer eyJ0eXAiOiJKV1QiLCJhbGciOiJIUzI1NiJ9.eyJpYXQiOjE1NTczODE4MTgsImp0aSI6ImViXC95YVhiS3g5Rk5tZ3RSRWFPSExydTJBbkJWTFEyNnMxb1htaGp3T0FvPSIsImlzcyI6Ijo6MSIsIm5iZiI6MTU1NzM4MTgxOCwiZXhwIjoxNTU3MzgzNjE4LCJkYXRhIjp7InVzZXJuYW1lIjoiYWRlIiwicGFzc3dvcmQiOiJiNzAxNjZkMjM1OWU1NWZmMzQ4NGY1ZDcwMjBjNzBkODZkODkwNzk2IiwiaXAiOiI6OjEiLCJ1c2VyX2FnZW50IjoiVGlja2V0aW5nLVdlYkFwcCJ9fQ.nA3E_mpEzMQGcXwgrsIcpGTifyKbvtrh9dIdTXoHLso
Connection: close
Request body:

========================================
2019-05-09 13:30:43 
::1 GET /tourism/public-api/v1/tickets?limit=2&start=2019-05-01&end=2019-05-09 HTTP/1.1
HTTP headers:
Host: localhost
User-Agent: Ticketing-WebApp
Authorization: Bearer eyJ0eXAiOiJKV1QiLCJhbGciOiJIUzI1NiJ9.eyJpYXQiOjE1NTczODE4MTgsImp0aSI6ImViXC95YVhiS3g5Rk5tZ3RSRWFPSExydTJBbkJWTFEyNnMxb1htaGp3T0FvPSIsImlzcyI6Ijo6MSIsIm5iZiI6MTU1NzM4MTgxOCwiZXhwIjoxNTU3MzgzNjE4LCJkYXRhIjp7InVzZXJuYW1lIjoiYWRlIiwicGFzc3dvcmQiOiJiNzAxNjZkMjM1OWU1NWZmMzQ4NGY1ZDcwMjBjNzBkODZkODkwNzk2IiwiaXAiOiI6OjEiLCJ1c2VyX2FnZW50IjoiVGlja2V0aW5nLVdlYkFwcCJ9fQ.nA3E_mpEzMQGcXwgrsIcpGTifyKbvtrh9dIdTXoHLso
Connection: close
Request body:

========================================
2019-05-09 13:31:13 
::1 POST /tourism/public-api/v1/users/token HTTP/1.1
HTTP headers:
Content-Type: application/x-www-form-urlencoded
User-Agent: PostmanRuntime/7.11.0
Accept: */*
Cache-Control: no-cache
Postman-Token: c229473a-d205-458e-bd9c-77abee9d8ca8
Host: localhost
accept-encoding: gzip, deflate
content-length: 55
Connection: keep-alive
Request body:
username=admin_pantai_ancol&password=admin_pantai_ancol
========================================
2019-05-09 13:31:25 
::1 POST /tourism/public-api/v1/users/token HTTP/1.1
HTTP headers:
Content-Type: application/x-www-form-urlencoded
User-Agent: PostmanRuntime/7.11.0
Accept: */*
Cache-Control: no-cache
Postman-Token: 1042b99a-b382-4f69-8aae-0132c11d7f58
Host: localhost
accept-encoding: gzip, deflate
content-length: 25
Connection: keep-alive
Request body:
username=ade&password=ade
========================================
2019-05-09 14:19:26 
::1 POST /tourism/public-api/v1/users/token HTTP/1.1
HTTP headers:
Host: localhost
Content-Length: 25
User-Agent: Ticketing-WebApp
Connection: close
Content-Type: application/x-www-form-urlencoded
Request body:
username=ade&password=ade
========================================
2019-05-09 14:19:27 
::1 GET /tourism/public-api/v1/users/1 HTTP/1.1
HTTP headers:
Host: localhost
User-Agent: Ticketing-WebApp
Authorization: Bearer eyJ0eXAiOiJKV1QiLCJhbGciOiJIUzI1NiJ9.eyJpYXQiOjE1NTczODYzNjYsImp0aSI6ImRtdWxOcDl0b0lVTk02UGJ3UlNHbWtGc1wvaDJyQlJDK3h0aHV2Q2lUbjZnPSIsImlzcyI6Ijo6MSIsIm5iZiI6MTU1NzM4NjM2NiwiZXhwIjoxNTU3Mzg4MTY2LCJkYXRhIjp7InVzZXJuYW1lIjoiYWRlIiwicGFzc3dvcmQiOiJiNzAxNjZkMjM1OWU1NWZmMzQ4NGY1ZDcwMjBjNzBkODZkODkwNzk2IiwiaXAiOiI6OjEiLCJ1c2VyX2FnZW50IjoiVGlja2V0aW5nLVdlYkFwcCJ9fQ.x1JbMPL4xLEsLaWxBBUPCkKyIGb3rE2JZ5625nPzz2w
Connection: close
Request body:

========================================
2019-05-09 14:19:28 
::1 GET /tourism/public-api/v1/tourism?tourism_approval_status=2&sort=DESC HTTP/1.1
HTTP headers:
Host: localhost
User-Agent: Ticketing-WebApp
Authorization: Bearer eyJ0eXAiOiJKV1QiLCJhbGciOiJIUzI1NiJ9.eyJpYXQiOjE1NTczODYzNjYsImp0aSI6ImRtdWxOcDl0b0lVTk02UGJ3UlNHbWtGc1wvaDJyQlJDK3h0aHV2Q2lUbjZnPSIsImlzcyI6Ijo6MSIsIm5iZiI6MTU1NzM4NjM2NiwiZXhwIjoxNTU3Mzg4MTY2LCJkYXRhIjp7InVzZXJuYW1lIjoiYWRlIiwicGFzc3dvcmQiOiJiNzAxNjZkMjM1OWU1NWZmMzQ4NGY1ZDcwMjBjNzBkODZkODkwNzk2IiwiaXAiOiI6OjEiLCJ1c2VyX2FnZW50IjoiVGlja2V0aW5nLVdlYkFwcCJ9fQ.x1JbMPL4xLEsLaWxBBUPCkKyIGb3rE2JZ5625nPzz2w
Connection: close
Request body:

========================================
2019-05-09 14:19:46 
::1 GET /tourism/public-api/v1/tickets?limit=1& HTTP/1.1
HTTP headers:
Host: localhost
User-Agent: Ticketing-WebApp
Authorization: Bearer eyJ0eXAiOiJKV1QiLCJhbGciOiJIUzI1NiJ9.eyJpYXQiOjE1NTczODYzNjYsImp0aSI6ImRtdWxOcDl0b0lVTk02UGJ3UlNHbWtGc1wvaDJyQlJDK3h0aHV2Q2lUbjZnPSIsImlzcyI6Ijo6MSIsIm5iZiI6MTU1NzM4NjM2NiwiZXhwIjoxNTU3Mzg4MTY2LCJkYXRhIjp7InVzZXJuYW1lIjoiYWRlIiwicGFzc3dvcmQiOiJiNzAxNjZkMjM1OWU1NWZmMzQ4NGY1ZDcwMjBjNzBkODZkODkwNzk2IiwiaXAiOiI6OjEiLCJ1c2VyX2FnZW50IjoiVGlja2V0aW5nLVdlYkFwcCJ9fQ.x1JbMPL4xLEsLaWxBBUPCkKyIGb3rE2JZ5625nPzz2w
Connection: close
Request body:

========================================
2019-05-09 14:19:46 
::1 GET /tourism/public-api/v1/tickets?limit=2& HTTP/1.1
HTTP headers:
Host: localhost
User-Agent: Ticketing-WebApp
Authorization: Bearer eyJ0eXAiOiJKV1QiLCJhbGciOiJIUzI1NiJ9.eyJpYXQiOjE1NTczODYzNjYsImp0aSI6ImRtdWxOcDl0b0lVTk02UGJ3UlNHbWtGc1wvaDJyQlJDK3h0aHV2Q2lUbjZnPSIsImlzcyI6Ijo6MSIsIm5iZiI6MTU1NzM4NjM2NiwiZXhwIjoxNTU3Mzg4MTY2LCJkYXRhIjp7InVzZXJuYW1lIjoiYWRlIiwicGFzc3dvcmQiOiJiNzAxNjZkMjM1OWU1NWZmMzQ4NGY1ZDcwMjBjNzBkODZkODkwNzk2IiwiaXAiOiI6OjEiLCJ1c2VyX2FnZW50IjoiVGlja2V0aW5nLVdlYkFwcCJ9fQ.x1JbMPL4xLEsLaWxBBUPCkKyIGb3rE2JZ5625nPzz2w
Connection: close
Request body:

========================================
2019-05-09 14:19:52 
::1 GET /tourism/public-api/v1/tickets?limit=1&start=1556643600&end=1557334800 HTTP/1.1
HTTP headers:
Host: localhost
User-Agent: Ticketing-WebApp
Authorization: Bearer eyJ0eXAiOiJKV1QiLCJhbGciOiJIUzI1NiJ9.eyJpYXQiOjE1NTczODYzNjYsImp0aSI6ImRtdWxOcDl0b0lVTk02UGJ3UlNHbWtGc1wvaDJyQlJDK3h0aHV2Q2lUbjZnPSIsImlzcyI6Ijo6MSIsIm5iZiI6MTU1NzM4NjM2NiwiZXhwIjoxNTU3Mzg4MTY2LCJkYXRhIjp7InVzZXJuYW1lIjoiYWRlIiwicGFzc3dvcmQiOiJiNzAxNjZkMjM1OWU1NWZmMzQ4NGY1ZDcwMjBjNzBkODZkODkwNzk2IiwiaXAiOiI6OjEiLCJ1c2VyX2FnZW50IjoiVGlja2V0aW5nLVdlYkFwcCJ9fQ.x1JbMPL4xLEsLaWxBBUPCkKyIGb3rE2JZ5625nPzz2w
Connection: close
Request body:

========================================
2019-05-09 14:19:52 
::1 GET /tourism/public-api/v1/tickets?limit=1&start=1556643600&end=1557334800 HTTP/1.1
HTTP headers:
Host: localhost
User-Agent: Ticketing-WebApp
Authorization: Bearer eyJ0eXAiOiJKV1QiLCJhbGciOiJIUzI1NiJ9.eyJpYXQiOjE1NTczODYzNjYsImp0aSI6ImRtdWxOcDl0b0lVTk02UGJ3UlNHbWtGc1wvaDJyQlJDK3h0aHV2Q2lUbjZnPSIsImlzcyI6Ijo6MSIsIm5iZiI6MTU1NzM4NjM2NiwiZXhwIjoxNTU3Mzg4MTY2LCJkYXRhIjp7InVzZXJuYW1lIjoiYWRlIiwicGFzc3dvcmQiOiJiNzAxNjZkMjM1OWU1NWZmMzQ4NGY1ZDcwMjBjNzBkODZkODkwNzk2IiwiaXAiOiI6OjEiLCJ1c2VyX2FnZW50IjoiVGlja2V0aW5nLVdlYkFwcCJ9fQ.x1JbMPL4xLEsLaWxBBUPCkKyIGb3rE2JZ5625nPzz2w
Connection: close
Request body:

========================================
2019-05-09 14:20:31 
::1 GET /tourism/public-api/v1/tickets?limit=1& HTTP/1.1
HTTP headers:
Host: localhost
User-Agent: Ticketing-WebApp
Authorization: Bearer eyJ0eXAiOiJKV1QiLCJhbGciOiJIUzI1NiJ9.eyJpYXQiOjE1NTczODYzNjYsImp0aSI6ImRtdWxOcDl0b0lVTk02UGJ3UlNHbWtGc1wvaDJyQlJDK3h0aHV2Q2lUbjZnPSIsImlzcyI6Ijo6MSIsIm5iZiI6MTU1NzM4NjM2NiwiZXhwIjoxNTU3Mzg4MTY2LCJkYXRhIjp7InVzZXJuYW1lIjoiYWRlIiwicGFzc3dvcmQiOiJiNzAxNjZkMjM1OWU1NWZmMzQ4NGY1ZDcwMjBjNzBkODZkODkwNzk2IiwiaXAiOiI6OjEiLCJ1c2VyX2FnZW50IjoiVGlja2V0aW5nLVdlYkFwcCJ9fQ.x1JbMPL4xLEsLaWxBBUPCkKyIGb3rE2JZ5625nPzz2w
Connection: close
Request body:

========================================
2019-05-09 14:20:31 
::1 GET /tourism/public-api/v1/tickets?limit=2& HTTP/1.1
HTTP headers:
Host: localhost
User-Agent: Ticketing-WebApp
Authorization: Bearer eyJ0eXAiOiJKV1QiLCJhbGciOiJIUzI1NiJ9.eyJpYXQiOjE1NTczODYzNjYsImp0aSI6ImRtdWxOcDl0b0lVTk02UGJ3UlNHbWtGc1wvaDJyQlJDK3h0aHV2Q2lUbjZnPSIsImlzcyI6Ijo6MSIsIm5iZiI6MTU1NzM4NjM2NiwiZXhwIjoxNTU3Mzg4MTY2LCJkYXRhIjp7InVzZXJuYW1lIjoiYWRlIiwicGFzc3dvcmQiOiJiNzAxNjZkMjM1OWU1NWZmMzQ4NGY1ZDcwMjBjNzBkODZkODkwNzk2IiwiaXAiOiI6OjEiLCJ1c2VyX2FnZW50IjoiVGlja2V0aW5nLVdlYkFwcCJ9fQ.x1JbMPL4xLEsLaWxBBUPCkKyIGb3rE2JZ5625nPzz2w
Connection: close
Request body:

========================================
2019-05-09 14:20:57 
::1 GET /tourism/public-api/v1/tickets?limit=1&start=1556643600&end=1557334800 HTTP/1.1
HTTP headers:
Host: localhost
User-Agent: Ticketing-WebApp
Authorization: Bearer eyJ0eXAiOiJKV1QiLCJhbGciOiJIUzI1NiJ9.eyJpYXQiOjE1NTczODYzNjYsImp0aSI6ImRtdWxOcDl0b0lVTk02UGJ3UlNHbWtGc1wvaDJyQlJDK3h0aHV2Q2lUbjZnPSIsImlzcyI6Ijo6MSIsIm5iZiI6MTU1NzM4NjM2NiwiZXhwIjoxNTU3Mzg4MTY2LCJkYXRhIjp7InVzZXJuYW1lIjoiYWRlIiwicGFzc3dvcmQiOiJiNzAxNjZkMjM1OWU1NWZmMzQ4NGY1ZDcwMjBjNzBkODZkODkwNzk2IiwiaXAiOiI6OjEiLCJ1c2VyX2FnZW50IjoiVGlja2V0aW5nLVdlYkFwcCJ9fQ.x1JbMPL4xLEsLaWxBBUPCkKyIGb3rE2JZ5625nPzz2w
Connection: close
Request body:

========================================
2019-05-09 14:20:57 
::1 GET /tourism/public-api/v1/tickets?limit=1&start=1556643600&end=1557334800 HTTP/1.1
HTTP headers:
Host: localhost
User-Agent: Ticketing-WebApp
Authorization: Bearer eyJ0eXAiOiJKV1QiLCJhbGciOiJIUzI1NiJ9.eyJpYXQiOjE1NTczODYzNjYsImp0aSI6ImRtdWxOcDl0b0lVTk02UGJ3UlNHbWtGc1wvaDJyQlJDK3h0aHV2Q2lUbjZnPSIsImlzcyI6Ijo6MSIsIm5iZiI6MTU1NzM4NjM2NiwiZXhwIjoxNTU3Mzg4MTY2LCJkYXRhIjp7InVzZXJuYW1lIjoiYWRlIiwicGFzc3dvcmQiOiJiNzAxNjZkMjM1OWU1NWZmMzQ4NGY1ZDcwMjBjNzBkODZkODkwNzk2IiwiaXAiOiI6OjEiLCJ1c2VyX2FnZW50IjoiVGlja2V0aW5nLVdlYkFwcCJ9fQ.x1JbMPL4xLEsLaWxBBUPCkKyIGb3rE2JZ5625nPzz2w
Connection: close
Request body:

========================================
2019-05-09 14:21:57 
::1 GET /tourism/public-api/v1/tickets?limit=1& HTTP/1.1
HTTP headers:
Host: localhost
User-Agent: Ticketing-WebApp
Authorization: Bearer eyJ0eXAiOiJKV1QiLCJhbGciOiJIUzI1NiJ9.eyJpYXQiOjE1NTczODYzNjYsImp0aSI6ImRtdWxOcDl0b0lVTk02UGJ3UlNHbWtGc1wvaDJyQlJDK3h0aHV2Q2lUbjZnPSIsImlzcyI6Ijo6MSIsIm5iZiI6MTU1NzM4NjM2NiwiZXhwIjoxNTU3Mzg4MTY2LCJkYXRhIjp7InVzZXJuYW1lIjoiYWRlIiwicGFzc3dvcmQiOiJiNzAxNjZkMjM1OWU1NWZmMzQ4NGY1ZDcwMjBjNzBkODZkODkwNzk2IiwiaXAiOiI6OjEiLCJ1c2VyX2FnZW50IjoiVGlja2V0aW5nLVdlYkFwcCJ9fQ.x1JbMPL4xLEsLaWxBBUPCkKyIGb3rE2JZ5625nPzz2w
Connection: close
Request body:

========================================
2019-05-09 14:21:57 
::1 GET /tourism/public-api/v1/tickets?limit=2& HTTP/1.1
HTTP headers:
Host: localhost
User-Agent: Ticketing-WebApp
Authorization: Bearer eyJ0eXAiOiJKV1QiLCJhbGciOiJIUzI1NiJ9.eyJpYXQiOjE1NTczODYzNjYsImp0aSI6ImRtdWxOcDl0b0lVTk02UGJ3UlNHbWtGc1wvaDJyQlJDK3h0aHV2Q2lUbjZnPSIsImlzcyI6Ijo6MSIsIm5iZiI6MTU1NzM4NjM2NiwiZXhwIjoxNTU3Mzg4MTY2LCJkYXRhIjp7InVzZXJuYW1lIjoiYWRlIiwicGFzc3dvcmQiOiJiNzAxNjZkMjM1OWU1NWZmMzQ4NGY1ZDcwMjBjNzBkODZkODkwNzk2IiwiaXAiOiI6OjEiLCJ1c2VyX2FnZW50IjoiVGlja2V0aW5nLVdlYkFwcCJ9fQ.x1JbMPL4xLEsLaWxBBUPCkKyIGb3rE2JZ5625nPzz2w
Connection: close
Request body:

========================================
2019-05-09 14:29:46 
::1 GET /tourism/public-api/v1/tickets?limit=1& HTTP/1.1
HTTP headers:
Host: localhost
User-Agent: Ticketing-WebApp
Authorization: Bearer eyJ0eXAiOiJKV1QiLCJhbGciOiJIUzI1NiJ9.eyJpYXQiOjE1NTczODYzNjYsImp0aSI6ImRtdWxOcDl0b0lVTk02UGJ3UlNHbWtGc1wvaDJyQlJDK3h0aHV2Q2lUbjZnPSIsImlzcyI6Ijo6MSIsIm5iZiI6MTU1NzM4NjM2NiwiZXhwIjoxNTU3Mzg4MTY2LCJkYXRhIjp7InVzZXJuYW1lIjoiYWRlIiwicGFzc3dvcmQiOiJiNzAxNjZkMjM1OWU1NWZmMzQ4NGY1ZDcwMjBjNzBkODZkODkwNzk2IiwiaXAiOiI6OjEiLCJ1c2VyX2FnZW50IjoiVGlja2V0aW5nLVdlYkFwcCJ9fQ.x1JbMPL4xLEsLaWxBBUPCkKyIGb3rE2JZ5625nPzz2w
Connection: close
Request body:

========================================
2019-05-09 14:29:46 
::1 GET /tourism/public-api/v1/tickets?limit=2& HTTP/1.1
HTTP headers:
Host: localhost
User-Agent: Ticketing-WebApp
Authorization: Bearer eyJ0eXAiOiJKV1QiLCJhbGciOiJIUzI1NiJ9.eyJpYXQiOjE1NTczODYzNjYsImp0aSI6ImRtdWxOcDl0b0lVTk02UGJ3UlNHbWtGc1wvaDJyQlJDK3h0aHV2Q2lUbjZnPSIsImlzcyI6Ijo6MSIsIm5iZiI6MTU1NzM4NjM2NiwiZXhwIjoxNTU3Mzg4MTY2LCJkYXRhIjp7InVzZXJuYW1lIjoiYWRlIiwicGFzc3dvcmQiOiJiNzAxNjZkMjM1OWU1NWZmMzQ4NGY1ZDcwMjBjNzBkODZkODkwNzk2IiwiaXAiOiI6OjEiLCJ1c2VyX2FnZW50IjoiVGlja2V0aW5nLVdlYkFwcCJ9fQ.x1JbMPL4xLEsLaWxBBUPCkKyIGb3rE2JZ5625nPzz2w
Connection: close
Request body:

========================================
2019-05-09 14:31:08 
::1 GET /tourism/public-api/v1/tickets?limit=1& HTTP/1.1
HTTP headers:
Host: localhost
User-Agent: Ticketing-WebApp
Authorization: Bearer eyJ0eXAiOiJKV1QiLCJhbGciOiJIUzI1NiJ9.eyJpYXQiOjE1NTczODYzNjYsImp0aSI6ImRtdWxOcDl0b0lVTk02UGJ3UlNHbWtGc1wvaDJyQlJDK3h0aHV2Q2lUbjZnPSIsImlzcyI6Ijo6MSIsIm5iZiI6MTU1NzM4NjM2NiwiZXhwIjoxNTU3Mzg4MTY2LCJkYXRhIjp7InVzZXJuYW1lIjoiYWRlIiwicGFzc3dvcmQiOiJiNzAxNjZkMjM1OWU1NWZmMzQ4NGY1ZDcwMjBjNzBkODZkODkwNzk2IiwiaXAiOiI6OjEiLCJ1c2VyX2FnZW50IjoiVGlja2V0aW5nLVdlYkFwcCJ9fQ.x1JbMPL4xLEsLaWxBBUPCkKyIGb3rE2JZ5625nPzz2w
Connection: close
Request body:

========================================
2019-05-09 14:31:08 
::1 GET /tourism/public-api/v1/tickets?limit=2& HTTP/1.1
HTTP headers:
Host: localhost
User-Agent: Ticketing-WebApp
Authorization: Bearer eyJ0eXAiOiJKV1QiLCJhbGciOiJIUzI1NiJ9.eyJpYXQiOjE1NTczODYzNjYsImp0aSI6ImRtdWxOcDl0b0lVTk02UGJ3UlNHbWtGc1wvaDJyQlJDK3h0aHV2Q2lUbjZnPSIsImlzcyI6Ijo6MSIsIm5iZiI6MTU1NzM4NjM2NiwiZXhwIjoxNTU3Mzg4MTY2LCJkYXRhIjp7InVzZXJuYW1lIjoiYWRlIiwicGFzc3dvcmQiOiJiNzAxNjZkMjM1OWU1NWZmMzQ4NGY1ZDcwMjBjNzBkODZkODkwNzk2IiwiaXAiOiI6OjEiLCJ1c2VyX2FnZW50IjoiVGlja2V0aW5nLVdlYkFwcCJ9fQ.x1JbMPL4xLEsLaWxBBUPCkKyIGb3rE2JZ5625nPzz2w
Connection: close
Request body:

========================================
2019-05-09 14:31:12 
::1 GET /tourism/public-api/v1/tickets?start=1557334800&end=1557334800 HTTP/1.1
HTTP headers:
Host: localhost
User-Agent: Ticketing-WebApp
Authorization: Bearer eyJ0eXAiOiJKV1QiLCJhbGciOiJIUzI1NiJ9.eyJpYXQiOjE1NTczODYzNjYsImp0aSI6ImRtdWxOcDl0b0lVTk02UGJ3UlNHbWtGc1wvaDJyQlJDK3h0aHV2Q2lUbjZnPSIsImlzcyI6Ijo6MSIsIm5iZiI6MTU1NzM4NjM2NiwiZXhwIjoxNTU3Mzg4MTY2LCJkYXRhIjp7InVzZXJuYW1lIjoiYWRlIiwicGFzc3dvcmQiOiJiNzAxNjZkMjM1OWU1NWZmMzQ4NGY1ZDcwMjBjNzBkODZkODkwNzk2IiwiaXAiOiI6OjEiLCJ1c2VyX2FnZW50IjoiVGlja2V0aW5nLVdlYkFwcCJ9fQ.x1JbMPL4xLEsLaWxBBUPCkKyIGb3rE2JZ5625nPzz2w
Connection: close
Request body:

========================================
2019-05-09 14:32:33 
::1 GET /tourism/public-api/v1/tickets?limit=1& HTTP/1.1
HTTP headers:
Host: localhost
User-Agent: Ticketing-WebApp
Authorization: Bearer eyJ0eXAiOiJKV1QiLCJhbGciOiJIUzI1NiJ9.eyJpYXQiOjE1NTczODYzNjYsImp0aSI6ImRtdWxOcDl0b0lVTk02UGJ3UlNHbWtGc1wvaDJyQlJDK3h0aHV2Q2lUbjZnPSIsImlzcyI6Ijo6MSIsIm5iZiI6MTU1NzM4NjM2NiwiZXhwIjoxNTU3Mzg4MTY2LCJkYXRhIjp7InVzZXJuYW1lIjoiYWRlIiwicGFzc3dvcmQiOiJiNzAxNjZkMjM1OWU1NWZmMzQ4NGY1ZDcwMjBjNzBkODZkODkwNzk2IiwiaXAiOiI6OjEiLCJ1c2VyX2FnZW50IjoiVGlja2V0aW5nLVdlYkFwcCJ9fQ.x1JbMPL4xLEsLaWxBBUPCkKyIGb3rE2JZ5625nPzz2w
Connection: close
Request body:

========================================
2019-05-09 14:32:33 
::1 GET /tourism/public-api/v1/tickets?limit=2& HTTP/1.1
HTTP headers:
Host: localhost
User-Agent: Ticketing-WebApp
Authorization: Bearer eyJ0eXAiOiJKV1QiLCJhbGciOiJIUzI1NiJ9.eyJpYXQiOjE1NTczODYzNjYsImp0aSI6ImRtdWxOcDl0b0lVTk02UGJ3UlNHbWtGc1wvaDJyQlJDK3h0aHV2Q2lUbjZnPSIsImlzcyI6Ijo6MSIsIm5iZiI6MTU1NzM4NjM2NiwiZXhwIjoxNTU3Mzg4MTY2LCJkYXRhIjp7InVzZXJuYW1lIjoiYWRlIiwicGFzc3dvcmQiOiJiNzAxNjZkMjM1OWU1NWZmMzQ4NGY1ZDcwMjBjNzBkODZkODkwNzk2IiwiaXAiOiI6OjEiLCJ1c2VyX2FnZW50IjoiVGlja2V0aW5nLVdlYkFwcCJ9fQ.x1JbMPL4xLEsLaWxBBUPCkKyIGb3rE2JZ5625nPzz2w
Connection: close
Request body:

========================================
2019-05-09 14:32:35 
::1 GET /tourism/public-api/v1/tickets?start=1557334800&end=1557334800 HTTP/1.1
HTTP headers:
Host: localhost
User-Agent: Ticketing-WebApp
Authorization: Bearer eyJ0eXAiOiJKV1QiLCJhbGciOiJIUzI1NiJ9.eyJpYXQiOjE1NTczODYzNjYsImp0aSI6ImRtdWxOcDl0b0lVTk02UGJ3UlNHbWtGc1wvaDJyQlJDK3h0aHV2Q2lUbjZnPSIsImlzcyI6Ijo6MSIsIm5iZiI6MTU1NzM4NjM2NiwiZXhwIjoxNTU3Mzg4MTY2LCJkYXRhIjp7InVzZXJuYW1lIjoiYWRlIiwicGFzc3dvcmQiOiJiNzAxNjZkMjM1OWU1NWZmMzQ4NGY1ZDcwMjBjNzBkODZkODkwNzk2IiwiaXAiOiI6OjEiLCJ1c2VyX2FnZW50IjoiVGlja2V0aW5nLVdlYkFwcCJ9fQ.x1JbMPL4xLEsLaWxBBUPCkKyIGb3rE2JZ5625nPzz2w
Connection: close
Request body:

========================================
2019-05-09 14:32:52 
::1 GET /tourism/public-api/v1/tickets?limit=1&start=1556643600&end=1557334800 HTTP/1.1
HTTP headers:
Host: localhost
User-Agent: Ticketing-WebApp
Authorization: Bearer eyJ0eXAiOiJKV1QiLCJhbGciOiJIUzI1NiJ9.eyJpYXQiOjE1NTczODYzNjYsImp0aSI6ImRtdWxOcDl0b0lVTk02UGJ3UlNHbWtGc1wvaDJyQlJDK3h0aHV2Q2lUbjZnPSIsImlzcyI6Ijo6MSIsIm5iZiI6MTU1NzM4NjM2NiwiZXhwIjoxNTU3Mzg4MTY2LCJkYXRhIjp7InVzZXJuYW1lIjoiYWRlIiwicGFzc3dvcmQiOiJiNzAxNjZkMjM1OWU1NWZmMzQ4NGY1ZDcwMjBjNzBkODZkODkwNzk2IiwiaXAiOiI6OjEiLCJ1c2VyX2FnZW50IjoiVGlja2V0aW5nLVdlYkFwcCJ9fQ.x1JbMPL4xLEsLaWxBBUPCkKyIGb3rE2JZ5625nPzz2w
Connection: close
Request body:

========================================
2019-05-09 14:32:52 
::1 GET /tourism/public-api/v1/tickets?limit=1&start=1556643600&end=1557334800 HTTP/1.1
HTTP headers:
Host: localhost
User-Agent: Ticketing-WebApp
Authorization: Bearer eyJ0eXAiOiJKV1QiLCJhbGciOiJIUzI1NiJ9.eyJpYXQiOjE1NTczODYzNjYsImp0aSI6ImRtdWxOcDl0b0lVTk02UGJ3UlNHbWtGc1wvaDJyQlJDK3h0aHV2Q2lUbjZnPSIsImlzcyI6Ijo6MSIsIm5iZiI6MTU1NzM4NjM2NiwiZXhwIjoxNTU3Mzg4MTY2LCJkYXRhIjp7InVzZXJuYW1lIjoiYWRlIiwicGFzc3dvcmQiOiJiNzAxNjZkMjM1OWU1NWZmMzQ4NGY1ZDcwMjBjNzBkODZkODkwNzk2IiwiaXAiOiI6OjEiLCJ1c2VyX2FnZW50IjoiVGlja2V0aW5nLVdlYkFwcCJ9fQ.x1JbMPL4xLEsLaWxBBUPCkKyIGb3rE2JZ5625nPzz2w
Connection: close
Request body:

========================================
2019-05-09 14:32:53 
::1 GET /tourism/public-api/v1/tickets?start=1556643600&end=1557334800 HTTP/1.1
HTTP headers:
Host: localhost
User-Agent: Ticketing-WebApp
Authorization: Bearer eyJ0eXAiOiJKV1QiLCJhbGciOiJIUzI1NiJ9.eyJpYXQiOjE1NTczODYzNjYsImp0aSI6ImRtdWxOcDl0b0lVTk02UGJ3UlNHbWtGc1wvaDJyQlJDK3h0aHV2Q2lUbjZnPSIsImlzcyI6Ijo6MSIsIm5iZiI6MTU1NzM4NjM2NiwiZXhwIjoxNTU3Mzg4MTY2LCJkYXRhIjp7InVzZXJuYW1lIjoiYWRlIiwicGFzc3dvcmQiOiJiNzAxNjZkMjM1OWU1NWZmMzQ4NGY1ZDcwMjBjNzBkODZkODkwNzk2IiwiaXAiOiI6OjEiLCJ1c2VyX2FnZW50IjoiVGlja2V0aW5nLVdlYkFwcCJ9fQ.x1JbMPL4xLEsLaWxBBUPCkKyIGb3rE2JZ5625nPzz2w
Connection: close
Request body:

========================================
2019-05-09 14:35:37 
::1 GET /tourism/public-api/v1/tickets?limit=1& HTTP/1.1
HTTP headers:
Host: localhost
User-Agent: Ticketing-WebApp
Authorization: Bearer eyJ0eXAiOiJKV1QiLCJhbGciOiJIUzI1NiJ9.eyJpYXQiOjE1NTczODYzNjYsImp0aSI6ImRtdWxOcDl0b0lVTk02UGJ3UlNHbWtGc1wvaDJyQlJDK3h0aHV2Q2lUbjZnPSIsImlzcyI6Ijo6MSIsIm5iZiI6MTU1NzM4NjM2NiwiZXhwIjoxNTU3Mzg4MTY2LCJkYXRhIjp7InVzZXJuYW1lIjoiYWRlIiwicGFzc3dvcmQiOiJiNzAxNjZkMjM1OWU1NWZmMzQ4NGY1ZDcwMjBjNzBkODZkODkwNzk2IiwiaXAiOiI6OjEiLCJ1c2VyX2FnZW50IjoiVGlja2V0aW5nLVdlYkFwcCJ9fQ.x1JbMPL4xLEsLaWxBBUPCkKyIGb3rE2JZ5625nPzz2w
Connection: close
Request body:

========================================
2019-05-09 14:35:37 
::1 GET /tourism/public-api/v1/tickets?limit=2& HTTP/1.1
HTTP headers:
Host: localhost
User-Agent: Ticketing-WebApp
Authorization: Bearer eyJ0eXAiOiJKV1QiLCJhbGciOiJIUzI1NiJ9.eyJpYXQiOjE1NTczODYzNjYsImp0aSI6ImRtdWxOcDl0b0lVTk02UGJ3UlNHbWtGc1wvaDJyQlJDK3h0aHV2Q2lUbjZnPSIsImlzcyI6Ijo6MSIsIm5iZiI6MTU1NzM4NjM2NiwiZXhwIjoxNTU3Mzg4MTY2LCJkYXRhIjp7InVzZXJuYW1lIjoiYWRlIiwicGFzc3dvcmQiOiJiNzAxNjZkMjM1OWU1NWZmMzQ4NGY1ZDcwMjBjNzBkODZkODkwNzk2IiwiaXAiOiI6OjEiLCJ1c2VyX2FnZW50IjoiVGlja2V0aW5nLVdlYkFwcCJ9fQ.x1JbMPL4xLEsLaWxBBUPCkKyIGb3rE2JZ5625nPzz2w
Connection: close
Request body:

========================================
2019-05-09 14:35:40 
::1 GET /tourism/public-api/v1/tickets?start=&end=&limit=1 HTTP/1.1
HTTP headers:
Host: localhost
User-Agent: Ticketing-WebApp
Authorization: Bearer eyJ0eXAiOiJKV1QiLCJhbGciOiJIUzI1NiJ9.eyJpYXQiOjE1NTczODYzNjYsImp0aSI6ImRtdWxOcDl0b0lVTk02UGJ3UlNHbWtGc1wvaDJyQlJDK3h0aHV2Q2lUbjZnPSIsImlzcyI6Ijo6MSIsIm5iZiI6MTU1NzM4NjM2NiwiZXhwIjoxNTU3Mzg4MTY2LCJkYXRhIjp7InVzZXJuYW1lIjoiYWRlIiwicGFzc3dvcmQiOiJiNzAxNjZkMjM1OWU1NWZmMzQ4NGY1ZDcwMjBjNzBkODZkODkwNzk2IiwiaXAiOiI6OjEiLCJ1c2VyX2FnZW50IjoiVGlja2V0aW5nLVdlYkFwcCJ9fQ.x1JbMPL4xLEsLaWxBBUPCkKyIGb3rE2JZ5625nPzz2w
Connection: close
Request body:

========================================
2019-05-09 14:35:40 
::1 GET /tourism/public-api/v1/tickets?start=&end=&limit=2 HTTP/1.1
HTTP headers:
Host: localhost
User-Agent: Ticketing-WebApp
Authorization: Bearer eyJ0eXAiOiJKV1QiLCJhbGciOiJIUzI1NiJ9.eyJpYXQiOjE1NTczODYzNjYsImp0aSI6ImRtdWxOcDl0b0lVTk02UGJ3UlNHbWtGc1wvaDJyQlJDK3h0aHV2Q2lUbjZnPSIsImlzcyI6Ijo6MSIsIm5iZiI6MTU1NzM4NjM2NiwiZXhwIjoxNTU3Mzg4MTY2LCJkYXRhIjp7InVzZXJuYW1lIjoiYWRlIiwicGFzc3dvcmQiOiJiNzAxNjZkMjM1OWU1NWZmMzQ4NGY1ZDcwMjBjNzBkODZkODkwNzk2IiwiaXAiOiI6OjEiLCJ1c2VyX2FnZW50IjoiVGlja2V0aW5nLVdlYkFwcCJ9fQ.x1JbMPL4xLEsLaWxBBUPCkKyIGb3rE2JZ5625nPzz2w
Connection: close
Request body:

========================================
2019-05-09 14:35:53 
::1 GET /tourism/public-api/v1/tickets?limit=1&start=1556643600&end=1557334800 HTTP/1.1
HTTP headers:
Host: localhost
User-Agent: Ticketing-WebApp
Authorization: Bearer eyJ0eXAiOiJKV1QiLCJhbGciOiJIUzI1NiJ9.eyJpYXQiOjE1NTczODYzNjYsImp0aSI6ImRtdWxOcDl0b0lVTk02UGJ3UlNHbWtGc1wvaDJyQlJDK3h0aHV2Q2lUbjZnPSIsImlzcyI6Ijo6MSIsIm5iZiI6MTU1NzM4NjM2NiwiZXhwIjoxNTU3Mzg4MTY2LCJkYXRhIjp7InVzZXJuYW1lIjoiYWRlIiwicGFzc3dvcmQiOiJiNzAxNjZkMjM1OWU1NWZmMzQ4NGY1ZDcwMjBjNzBkODZkODkwNzk2IiwiaXAiOiI6OjEiLCJ1c2VyX2FnZW50IjoiVGlja2V0aW5nLVdlYkFwcCJ9fQ.x1JbMPL4xLEsLaWxBBUPCkKyIGb3rE2JZ5625nPzz2w
Connection: close
Request body:

========================================
2019-05-09 14:35:54 
::1 GET /tourism/public-api/v1/tickets?limit=1&start=1556643600&end=1557334800 HTTP/1.1
HTTP headers:
Host: localhost
User-Agent: Ticketing-WebApp
Authorization: Bearer eyJ0eXAiOiJKV1QiLCJhbGciOiJIUzI1NiJ9.eyJpYXQiOjE1NTczODYzNjYsImp0aSI6ImRtdWxOcDl0b0lVTk02UGJ3UlNHbWtGc1wvaDJyQlJDK3h0aHV2Q2lUbjZnPSIsImlzcyI6Ijo6MSIsIm5iZiI6MTU1NzM4NjM2NiwiZXhwIjoxNTU3Mzg4MTY2LCJkYXRhIjp7InVzZXJuYW1lIjoiYWRlIiwicGFzc3dvcmQiOiJiNzAxNjZkMjM1OWU1NWZmMzQ4NGY1ZDcwMjBjNzBkODZkODkwNzk2IiwiaXAiOiI6OjEiLCJ1c2VyX2FnZW50IjoiVGlja2V0aW5nLVdlYkFwcCJ9fQ.x1JbMPL4xLEsLaWxBBUPCkKyIGb3rE2JZ5625nPzz2w
Connection: close
Request body:

========================================
2019-05-09 14:35:55 
::1 GET /tourism/public-api/v1/tickets?start=1556643600&end=1557334800&limit=1 HTTP/1.1
HTTP headers:
Host: localhost
User-Agent: Ticketing-WebApp
Authorization: Bearer eyJ0eXAiOiJKV1QiLCJhbGciOiJIUzI1NiJ9.eyJpYXQiOjE1NTczODYzNjYsImp0aSI6ImRtdWxOcDl0b0lVTk02UGJ3UlNHbWtGc1wvaDJyQlJDK3h0aHV2Q2lUbjZnPSIsImlzcyI6Ijo6MSIsIm5iZiI6MTU1NzM4NjM2NiwiZXhwIjoxNTU3Mzg4MTY2LCJkYXRhIjp7InVzZXJuYW1lIjoiYWRlIiwicGFzc3dvcmQiOiJiNzAxNjZkMjM1OWU1NWZmMzQ4NGY1ZDcwMjBjNzBkODZkODkwNzk2IiwiaXAiOiI6OjEiLCJ1c2VyX2FnZW50IjoiVGlja2V0aW5nLVdlYkFwcCJ9fQ.x1JbMPL4xLEsLaWxBBUPCkKyIGb3rE2JZ5625nPzz2w
Connection: close
Request body:

========================================
2019-05-09 14:35:55 
::1 GET /tourism/public-api/v1/tickets?start=1556643600&end=1557334800&limit=1 HTTP/1.1
HTTP headers:
Host: localhost
User-Agent: Ticketing-WebApp
Authorization: Bearer eyJ0eXAiOiJKV1QiLCJhbGciOiJIUzI1NiJ9.eyJpYXQiOjE1NTczODYzNjYsImp0aSI6ImRtdWxOcDl0b0lVTk02UGJ3UlNHbWtGc1wvaDJyQlJDK3h0aHV2Q2lUbjZnPSIsImlzcyI6Ijo6MSIsIm5iZiI6MTU1NzM4NjM2NiwiZXhwIjoxNTU3Mzg4MTY2LCJkYXRhIjp7InVzZXJuYW1lIjoiYWRlIiwicGFzc3dvcmQiOiJiNzAxNjZkMjM1OWU1NWZmMzQ4NGY1ZDcwMjBjNzBkODZkODkwNzk2IiwiaXAiOiI6OjEiLCJ1c2VyX2FnZW50IjoiVGlja2V0aW5nLVdlYkFwcCJ9fQ.x1JbMPL4xLEsLaWxBBUPCkKyIGb3rE2JZ5625nPzz2w
Connection: close
Request body:

========================================
2019-05-09 14:37:34 
::1 GET /tourism/public-api/v1/users?limit=1 HTTP/1.1
HTTP headers:
Host: localhost
User-Agent: Ticketing-WebApp
Authorization: Bearer eyJ0eXAiOiJKV1QiLCJhbGciOiJIUzI1NiJ9.eyJpYXQiOjE1NTczODYzNjYsImp0aSI6ImRtdWxOcDl0b0lVTk02UGJ3UlNHbWtGc1wvaDJyQlJDK3h0aHV2Q2lUbjZnPSIsImlzcyI6Ijo6MSIsIm5iZiI6MTU1NzM4NjM2NiwiZXhwIjoxNTU3Mzg4MTY2LCJkYXRhIjp7InVzZXJuYW1lIjoiYWRlIiwicGFzc3dvcmQiOiJiNzAxNjZkMjM1OWU1NWZmMzQ4NGY1ZDcwMjBjNzBkODZkODkwNzk2IiwiaXAiOiI6OjEiLCJ1c2VyX2FnZW50IjoiVGlja2V0aW5nLVdlYkFwcCJ9fQ.x1JbMPL4xLEsLaWxBBUPCkKyIGb3rE2JZ5625nPzz2w
Connection: close
Request body:

========================================
2019-05-09 14:37:34 
::1 GET /tourism/public-api/v1/users?limit=14 HTTP/1.1
HTTP headers:
Host: localhost
User-Agent: Ticketing-WebApp
Authorization: Bearer eyJ0eXAiOiJKV1QiLCJhbGciOiJIUzI1NiJ9.eyJpYXQiOjE1NTczODYzNjYsImp0aSI6ImRtdWxOcDl0b0lVTk02UGJ3UlNHbWtGc1wvaDJyQlJDK3h0aHV2Q2lUbjZnPSIsImlzcyI6Ijo6MSIsIm5iZiI6MTU1NzM4NjM2NiwiZXhwIjoxNTU3Mzg4MTY2LCJkYXRhIjp7InVzZXJuYW1lIjoiYWRlIiwicGFzc3dvcmQiOiJiNzAxNjZkMjM1OWU1NWZmMzQ4NGY1ZDcwMjBjNzBkODZkODkwNzk2IiwiaXAiOiI6OjEiLCJ1c2VyX2FnZW50IjoiVGlja2V0aW5nLVdlYkFwcCJ9fQ.x1JbMPL4xLEsLaWxBBUPCkKyIGb3rE2JZ5625nPzz2w
Connection: close
Request body:

========================================
2019-05-09 14:38:10 
::1 GET /tourism/public-api/v1/users/1 HTTP/1.1
HTTP headers:
Host: localhost
User-Agent: Ticketing-WebApp
Authorization: Bearer eyJ0eXAiOiJKV1QiLCJhbGciOiJIUzI1NiJ9.eyJpYXQiOjE1NTczODYzNjYsImp0aSI6ImRtdWxOcDl0b0lVTk02UGJ3UlNHbWtGc1wvaDJyQlJDK3h0aHV2Q2lUbjZnPSIsImlzcyI6Ijo6MSIsIm5iZiI6MTU1NzM4NjM2NiwiZXhwIjoxNTU3Mzg4MTY2LCJkYXRhIjp7InVzZXJuYW1lIjoiYWRlIiwicGFzc3dvcmQiOiJiNzAxNjZkMjM1OWU1NWZmMzQ4NGY1ZDcwMjBjNzBkODZkODkwNzk2IiwiaXAiOiI6OjEiLCJ1c2VyX2FnZW50IjoiVGlja2V0aW5nLVdlYkFwcCJ9fQ.x1JbMPL4xLEsLaWxBBUPCkKyIGb3rE2JZ5625nPzz2w
Connection: close
Request body:

========================================
2019-05-09 14:38:10 
::1 GET /tourism/public-api/v1/provinces/1/countries?limit=40 HTTP/1.1
HTTP headers:
Host: localhost
User-Agent: Ticketing-WebApp
Authorization: Bearer eyJ0eXAiOiJKV1QiLCJhbGciOiJIUzI1NiJ9.eyJpYXQiOjE1NTczODYzNjYsImp0aSI6ImRtdWxOcDl0b0lVTk02UGJ3UlNHbWtGc1wvaDJyQlJDK3h0aHV2Q2lUbjZnPSIsImlzcyI6Ijo6MSIsIm5iZiI6MTU1NzM4NjM2NiwiZXhwIjoxNTU3Mzg4MTY2LCJkYXRhIjp7InVzZXJuYW1lIjoiYWRlIiwicGFzc3dvcmQiOiJiNzAxNjZkMjM1OWU1NWZmMzQ4NGY1ZDcwMjBjNzBkODZkODkwNzk2IiwiaXAiOiI6OjEiLCJ1c2VyX2FnZW50IjoiVGlja2V0aW5nLVdlYkFwcCJ9fQ.x1JbMPL4xLEsLaWxBBUPCkKyIGb3rE2JZ5625nPzz2w
Connection: close
Request body:

========================================
2019-05-09 14:38:10 
::1 GET /tourism/public-api/v1/users/1/tickets HTTP/1.1
HTTP headers:
Host: localhost
User-Agent: Ticketing-WebApp
Authorization: Bearer eyJ0eXAiOiJKV1QiLCJhbGciOiJIUzI1NiJ9.eyJpYXQiOjE1NTczODYzNjYsImp0aSI6ImRtdWxOcDl0b0lVTk02UGJ3UlNHbWtGc1wvaDJyQlJDK3h0aHV2Q2lUbjZnPSIsImlzcyI6Ijo6MSIsIm5iZiI6MTU1NzM4NjM2NiwiZXhwIjoxNTU3Mzg4MTY2LCJkYXRhIjp7InVzZXJuYW1lIjoiYWRlIiwicGFzc3dvcmQiOiJiNzAxNjZkMjM1OWU1NWZmMzQ4NGY1ZDcwMjBjNzBkODZkODkwNzk2IiwiaXAiOiI6OjEiLCJ1c2VyX2FnZW50IjoiVGlja2V0aW5nLVdlYkFwcCJ9fQ.x1JbMPL4xLEsLaWxBBUPCkKyIGb3rE2JZ5625nPzz2w
Connection: close
Request body:

========================================
2019-05-09 14:52:03 
::1 POST /tourism/public-api/v1/user_attachments HTTP/1.1
HTTP headers:
Host: localhost
Content-Length: 77798
Content-Type: multipart/form-data; boundary="a3af8df12783a8e849a2f473f194e9a8"
Authorization: Bearer eyJ0eXAiOiJKV1QiLCJhbGciOiJIUzI1NiJ9.eyJpYXQiOjE1NTczODYzNjYsImp0aSI6ImRtdWxOcDl0b0lVTk02UGJ3UlNHbWtGc1wvaDJyQlJDK3h0aHV2Q2lUbjZnPSIsImlzcyI6Ijo6MSIsIm5iZiI6MTU1NzM4NjM2NiwiZXhwIjoxNTU3Mzg4MTY2LCJkYXRhIjp7InVzZXJuYW1lIjoiYWRlIiwicGFzc3dvcmQiOiJiNzAxNjZkMjM1OWU1NWZmMzQ4NGY1ZDcwMjBjNzBkODZkODkwNzk2IiwiaXAiOiI6OjEiLCJ1c2VyX2FnZW50IjoiVGlja2V0aW5nLVdlYkFwcCJ9fQ.x1JbMPL4xLEsLaWxBBUPCkKyIGb3rE2JZ5625nPzz2w
Connection: close
User-Agent: CakePHP
Request body:

========================================
2019-05-09 16:06:50 
::1 POST /tourism/public-api/v1/users/token HTTP/1.1
HTTP headers:
Host: localhost
Content-Length: 25
User-Agent: Ticketing-WebApp
Connection: close
Content-Type: application/x-www-form-urlencoded
Request body:
username=ade&password=ade
========================================
2019-05-09 16:06:51 
::1 GET /tourism/public-api/v1/users/1 HTTP/1.1
HTTP headers:
Host: localhost
User-Agent: Ticketing-WebApp
Authorization: Bearer eyJ0eXAiOiJKV1QiLCJhbGciOiJIUzI1NiJ9.eyJpYXQiOjE1NTczOTI4MTAsImp0aSI6IkFcL0wzMVhiUTlJVWRGNEY3aVF5UDV1Q3dSaVlDYUtzdUMramhMUlVtakg0PSIsImlzcyI6Ijo6MSIsIm5iZiI6MTU1NzM5MjgxMCwiZXhwIjoxNTU3Mzk0NjEwLCJkYXRhIjp7InVzZXJuYW1lIjoiYWRlIiwicGFzc3dvcmQiOiJiNzAxNjZkMjM1OWU1NWZmMzQ4NGY1ZDcwMjBjNzBkODZkODkwNzk2IiwiaXAiOiI6OjEiLCJ1c2VyX2FnZW50IjoiVGlja2V0aW5nLVdlYkFwcCJ9fQ.8cL46X3sz8YceYc-IcOZzk1QMgdbdpL3zQ9rtstydec
Connection: close
Request body:

========================================
2019-05-09 16:06:51 
::1 GET /tourism/public-api/v1/tourism?tourism_approval_status=2&sort=DESC HTTP/1.1
HTTP headers:
Host: localhost
User-Agent: Ticketing-WebApp
Authorization: Bearer eyJ0eXAiOiJKV1QiLCJhbGciOiJIUzI1NiJ9.eyJpYXQiOjE1NTczOTI4MTAsImp0aSI6IkFcL0wzMVhiUTlJVWRGNEY3aVF5UDV1Q3dSaVlDYUtzdUMramhMUlVtakg0PSIsImlzcyI6Ijo6MSIsIm5iZiI6MTU1NzM5MjgxMCwiZXhwIjoxNTU3Mzk0NjEwLCJkYXRhIjp7InVzZXJuYW1lIjoiYWRlIiwicGFzc3dvcmQiOiJiNzAxNjZkMjM1OWU1NWZmMzQ4NGY1ZDcwMjBjNzBkODZkODkwNzk2IiwiaXAiOiI6OjEiLCJ1c2VyX2FnZW50IjoiVGlja2V0aW5nLVdlYkFwcCJ9fQ.8cL46X3sz8YceYc-IcOZzk1QMgdbdpL3zQ9rtstydec
Connection: close
Request body:

========================================
2019-05-09 16:06:55 
::1 GET /tourism/public-api/v1/users/1 HTTP/1.1
HTTP headers:
Host: localhost
User-Agent: Ticketing-WebApp
Authorization: Bearer eyJ0eXAiOiJKV1QiLCJhbGciOiJIUzI1NiJ9.eyJpYXQiOjE1NTczOTI4MTAsImp0aSI6IkFcL0wzMVhiUTlJVWRGNEY3aVF5UDV1Q3dSaVlDYUtzdUMramhMUlVtakg0PSIsImlzcyI6Ijo6MSIsIm5iZiI6MTU1NzM5MjgxMCwiZXhwIjoxNTU3Mzk0NjEwLCJkYXRhIjp7InVzZXJuYW1lIjoiYWRlIiwicGFzc3dvcmQiOiJiNzAxNjZkMjM1OWU1NWZmMzQ4NGY1ZDcwMjBjNzBkODZkODkwNzk2IiwiaXAiOiI6OjEiLCJ1c2VyX2FnZW50IjoiVGlja2V0aW5nLVdlYkFwcCJ9fQ.8cL46X3sz8YceYc-IcOZzk1QMgdbdpL3zQ9rtstydec
Connection: close
Request body:

========================================
2019-05-09 16:06:55 
::1 GET /tourism/public-api/v1/provinces/1/countries?limit=40 HTTP/1.1
HTTP headers:
Host: localhost
User-Agent: Ticketing-WebApp
Authorization: Bearer eyJ0eXAiOiJKV1QiLCJhbGciOiJIUzI1NiJ9.eyJpYXQiOjE1NTczOTI4MTAsImp0aSI6IkFcL0wzMVhiUTlJVWRGNEY3aVF5UDV1Q3dSaVlDYUtzdUMramhMUlVtakg0PSIsImlzcyI6Ijo6MSIsIm5iZiI6MTU1NzM5MjgxMCwiZXhwIjoxNTU3Mzk0NjEwLCJkYXRhIjp7InVzZXJuYW1lIjoiYWRlIiwicGFzc3dvcmQiOiJiNzAxNjZkMjM1OWU1NWZmMzQ4NGY1ZDcwMjBjNzBkODZkODkwNzk2IiwiaXAiOiI6OjEiLCJ1c2VyX2FnZW50IjoiVGlja2V0aW5nLVdlYkFwcCJ9fQ.8cL46X3sz8YceYc-IcOZzk1QMgdbdpL3zQ9rtstydec
Connection: close
Request body:

========================================
2019-05-09 16:06:55 
::1 GET /tourism/public-api/v1/users/1/tickets HTTP/1.1
HTTP headers:
Host: localhost
User-Agent: Ticketing-WebApp
Authorization: Bearer eyJ0eXAiOiJKV1QiLCJhbGciOiJIUzI1NiJ9.eyJpYXQiOjE1NTczOTI4MTAsImp0aSI6IkFcL0wzMVhiUTlJVWRGNEY3aVF5UDV1Q3dSaVlDYUtzdUMramhMUlVtakg0PSIsImlzcyI6Ijo6MSIsIm5iZiI6MTU1NzM5MjgxMCwiZXhwIjoxNTU3Mzk0NjEwLCJkYXRhIjp7InVzZXJuYW1lIjoiYWRlIiwicGFzc3dvcmQiOiJiNzAxNjZkMjM1OWU1NWZmMzQ4NGY1ZDcwMjBjNzBkODZkODkwNzk2IiwiaXAiOiI6OjEiLCJ1c2VyX2FnZW50IjoiVGlja2V0aW5nLVdlYkFwcCJ9fQ.8cL46X3sz8YceYc-IcOZzk1QMgdbdpL3zQ9rtstydec
Connection: close
Request body:

========================================
2019-05-09 16:07:03 
::1 POST /tourism/public-api/v1/user_attachments HTTP/1.1
HTTP headers:
Host: localhost
Content-Length: 77687
Content-Type: multipart/form-data; boundary="d10a1e0a85ef0d869c9fc25968c32c5f"
Authorization: Bearer eyJ0eXAiOiJKV1QiLCJhbGciOiJIUzI1NiJ9.eyJpYXQiOjE1NTczOTI4MTAsImp0aSI6IkFcL0wzMVhiUTlJVWRGNEY3aVF5UDV1Q3dSaVlDYUtzdUMramhMUlVtakg0PSIsImlzcyI6Ijo6MSIsIm5iZiI6MTU1NzM5MjgxMCwiZXhwIjoxNTU3Mzk0NjEwLCJkYXRhIjp7InVzZXJuYW1lIjoiYWRlIiwicGFzc3dvcmQiOiJiNzAxNjZkMjM1OWU1NWZmMzQ4NGY1ZDcwMjBjNzBkODZkODkwNzk2IiwiaXAiOiI6OjEiLCJ1c2VyX2FnZW50IjoiVGlja2V0aW5nLVdlYkFwcCJ9fQ.8cL46X3sz8YceYc-IcOZzk1QMgdbdpL3zQ9rtstydec
Connection: close
User-Agent: CakePHP
Request body:

========================================
2019-05-09 16:08:09 
::1 POST /tourism/public-api/v1/user_attachments HTTP/1.1
HTTP headers:
Host: localhost
Content-Length: 77687
Content-Type: multipart/form-data; boundary="6f535b5e7c7c06b3480aaaa4c9a498c4"
Authorization: Bearer eyJ0eXAiOiJKV1QiLCJhbGciOiJIUzI1NiJ9.eyJpYXQiOjE1NTczOTI4MTAsImp0aSI6IkFcL0wzMVhiUTlJVWRGNEY3aVF5UDV1Q3dSaVlDYUtzdUMramhMUlVtakg0PSIsImlzcyI6Ijo6MSIsIm5iZiI6MTU1NzM5MjgxMCwiZXhwIjoxNTU3Mzk0NjEwLCJkYXRhIjp7InVzZXJuYW1lIjoiYWRlIiwicGFzc3dvcmQiOiJiNzAxNjZkMjM1OWU1NWZmMzQ4NGY1ZDcwMjBjNzBkODZkODkwNzk2IiwiaXAiOiI6OjEiLCJ1c2VyX2FnZW50IjoiVGlja2V0aW5nLVdlYkFwcCJ9fQ.8cL46X3sz8YceYc-IcOZzk1QMgdbdpL3zQ9rtstydec
Connection: close
User-Agent: CakePHP
Request body:

========================================
2019-05-09 16:08:12 
::1 POST /tourism/public-api/v1/user_attachments HTTP/1.1
HTTP headers:
Host: localhost
Content-Length: 77687
Content-Type: multipart/form-data; boundary="fe4c2429ed7f2aad0fff9bd9eb51bf79"
Authorization: Bearer eyJ0eXAiOiJKV1QiLCJhbGciOiJIUzI1NiJ9.eyJpYXQiOjE1NTczOTI4MTAsImp0aSI6IkFcL0wzMVhiUTlJVWRGNEY3aVF5UDV1Q3dSaVlDYUtzdUMramhMUlVtakg0PSIsImlzcyI6Ijo6MSIsIm5iZiI6MTU1NzM5MjgxMCwiZXhwIjoxNTU3Mzk0NjEwLCJkYXRhIjp7InVzZXJuYW1lIjoiYWRlIiwicGFzc3dvcmQiOiJiNzAxNjZkMjM1OWU1NWZmMzQ4NGY1ZDcwMjBjNzBkODZkODkwNzk2IiwiaXAiOiI6OjEiLCJ1c2VyX2FnZW50IjoiVGlja2V0aW5nLVdlYkFwcCJ9fQ.8cL46X3sz8YceYc-IcOZzk1QMgdbdpL3zQ9rtstydec
Connection: close
User-Agent: CakePHP
Request body:

========================================
2019-05-09 16:08:24 
::1 POST /tourism/public-api/v1/user_attachments HTTP/1.1
HTTP headers:
Host: localhost
Content-Length: 77687
Content-Type: multipart/form-data; boundary="a750e616196870ef5c0981c1d7e99cb2"
Authorization: Bearer eyJ0eXAiOiJKV1QiLCJhbGciOiJIUzI1NiJ9.eyJpYXQiOjE1NTczOTI4MTAsImp0aSI6IkFcL0wzMVhiUTlJVWRGNEY3aVF5UDV1Q3dSaVlDYUtzdUMramhMUlVtakg0PSIsImlzcyI6Ijo6MSIsIm5iZiI6MTU1NzM5MjgxMCwiZXhwIjoxNTU3Mzk0NjEwLCJkYXRhIjp7InVzZXJuYW1lIjoiYWRlIiwicGFzc3dvcmQiOiJiNzAxNjZkMjM1OWU1NWZmMzQ4NGY1ZDcwMjBjNzBkODZkODkwNzk2IiwiaXAiOiI6OjEiLCJ1c2VyX2FnZW50IjoiVGlja2V0aW5nLVdlYkFwcCJ9fQ.8cL46X3sz8YceYc-IcOZzk1QMgdbdpL3zQ9rtstydec
Connection: close
User-Agent: CakePHP
Request body:

========================================
2019-05-09 16:09:45 
::1 POST /tourism/public-api/v1/user_attachments HTTP/1.1
HTTP headers:
Host: localhost
Content-Length: 77687
Content-Type: multipart/form-data; boundary="adf1427a85291ca40b8bfcec62fe5a8b"
Authorization: Bearer eyJ0eXAiOiJKV1QiLCJhbGciOiJIUzI1NiJ9.eyJpYXQiOjE1NTczOTI4MTAsImp0aSI6IkFcL0wzMVhiUTlJVWRGNEY3aVF5UDV1Q3dSaVlDYUtzdUMramhMUlVtakg0PSIsImlzcyI6Ijo6MSIsIm5iZiI6MTU1NzM5MjgxMCwiZXhwIjoxNTU3Mzk0NjEwLCJkYXRhIjp7InVzZXJuYW1lIjoiYWRlIiwicGFzc3dvcmQiOiJiNzAxNjZkMjM1OWU1NWZmMzQ4NGY1ZDcwMjBjNzBkODZkODkwNzk2IiwiaXAiOiI6OjEiLCJ1c2VyX2FnZW50IjoiVGlja2V0aW5nLVdlYkFwcCJ9fQ.8cL46X3sz8YceYc-IcOZzk1QMgdbdpL3zQ9rtstydec
Connection: close
User-Agent: CakePHP
Request body:

========================================
2019-05-09 16:09:57 
::1 POST /tourism/public-api/v1/user_attachments HTTP/1.1
HTTP headers:
Host: localhost
Content-Length: 77687
Content-Type: multipart/form-data; boundary="8d707d5bf16879088de87eae9c1877cf"
Authorization: Bearer eyJ0eXAiOiJKV1QiLCJhbGciOiJIUzI1NiJ9.eyJpYXQiOjE1NTczOTI4MTAsImp0aSI6IkFcL0wzMVhiUTlJVWRGNEY3aVF5UDV1Q3dSaVlDYUtzdUMramhMUlVtakg0PSIsImlzcyI6Ijo6MSIsIm5iZiI6MTU1NzM5MjgxMCwiZXhwIjoxNTU3Mzk0NjEwLCJkYXRhIjp7InVzZXJuYW1lIjoiYWRlIiwicGFzc3dvcmQiOiJiNzAxNjZkMjM1OWU1NWZmMzQ4NGY1ZDcwMjBjNzBkODZkODkwNzk2IiwiaXAiOiI6OjEiLCJ1c2VyX2FnZW50IjoiVGlja2V0aW5nLVdlYkFwcCJ9fQ.8cL46X3sz8YceYc-IcOZzk1QMgdbdpL3zQ9rtstydec
Connection: close
User-Agent: CakePHP
Request body:

========================================
2019-05-09 16:10:21 
::1 POST /tourism/public-api/v1/user_attachments HTTP/1.1
HTTP headers:
Host: localhost
Content-Length: 77687
Content-Type: multipart/form-data; boundary="228540dbbc7981955923153021245869"
Authorization: Bearer eyJ0eXAiOiJKV1QiLCJhbGciOiJIUzI1NiJ9.eyJpYXQiOjE1NTczOTI4MTAsImp0aSI6IkFcL0wzMVhiUTlJVWRGNEY3aVF5UDV1Q3dSaVlDYUtzdUMramhMUlVtakg0PSIsImlzcyI6Ijo6MSIsIm5iZiI6MTU1NzM5MjgxMCwiZXhwIjoxNTU3Mzk0NjEwLCJkYXRhIjp7InVzZXJuYW1lIjoiYWRlIiwicGFzc3dvcmQiOiJiNzAxNjZkMjM1OWU1NWZmMzQ4NGY1ZDcwMjBjNzBkODZkODkwNzk2IiwiaXAiOiI6OjEiLCJ1c2VyX2FnZW50IjoiVGlja2V0aW5nLVdlYkFwcCJ9fQ.8cL46X3sz8YceYc-IcOZzk1QMgdbdpL3zQ9rtstydec
Connection: close
User-Agent: CakePHP
Request body:

========================================
2019-05-09 16:11:27 
::1 POST /tourism/public-api/v1/user_attachments HTTP/1.1
HTTP headers:
Host: localhost
Content-Length: 77687
Content-Type: multipart/form-data; boundary="a4de155fecad5a65c645d0c10b51ea84"
Authorization: Bearer eyJ0eXAiOiJKV1QiLCJhbGciOiJIUzI1NiJ9.eyJpYXQiOjE1NTczOTI4MTAsImp0aSI6IkFcL0wzMVhiUTlJVWRGNEY3aVF5UDV1Q3dSaVlDYUtzdUMramhMUlVtakg0PSIsImlzcyI6Ijo6MSIsIm5iZiI6MTU1NzM5MjgxMCwiZXhwIjoxNTU3Mzk0NjEwLCJkYXRhIjp7InVzZXJuYW1lIjoiYWRlIiwicGFzc3dvcmQiOiJiNzAxNjZkMjM1OWU1NWZmMzQ4NGY1ZDcwMjBjNzBkODZkODkwNzk2IiwiaXAiOiI6OjEiLCJ1c2VyX2FnZW50IjoiVGlja2V0aW5nLVdlYkFwcCJ9fQ.8cL46X3sz8YceYc-IcOZzk1QMgdbdpL3zQ9rtstydec
Connection: close
User-Agent: CakePHP
Request body:

========================================
2019-05-09 16:12:17 
::1 GET /tourism/public-api/v1/users/1 HTTP/1.1
HTTP headers:
Host: localhost
User-Agent: Ticketing-WebApp
Authorization: Bearer eyJ0eXAiOiJKV1QiLCJhbGciOiJIUzI1NiJ9.eyJpYXQiOjE1NTczOTI4MTAsImp0aSI6IkFcL0wzMVhiUTlJVWRGNEY3aVF5UDV1Q3dSaVlDYUtzdUMramhMUlVtakg0PSIsImlzcyI6Ijo6MSIsIm5iZiI6MTU1NzM5MjgxMCwiZXhwIjoxNTU3Mzk0NjEwLCJkYXRhIjp7InVzZXJuYW1lIjoiYWRlIiwicGFzc3dvcmQiOiJiNzAxNjZkMjM1OWU1NWZmMzQ4NGY1ZDcwMjBjNzBkODZkODkwNzk2IiwiaXAiOiI6OjEiLCJ1c2VyX2FnZW50IjoiVGlja2V0aW5nLVdlYkFwcCJ9fQ.8cL46X3sz8YceYc-IcOZzk1QMgdbdpL3zQ9rtstydec
Connection: close
Request body:

========================================
2019-05-09 16:12:17 
::1 GET /tourism/public-api/v1/provinces/1/countries?limit=40 HTTP/1.1
HTTP headers:
Host: localhost
User-Agent: Ticketing-WebApp
Authorization: Bearer eyJ0eXAiOiJKV1QiLCJhbGciOiJIUzI1NiJ9.eyJpYXQiOjE1NTczOTI4MTAsImp0aSI6IkFcL0wzMVhiUTlJVWRGNEY3aVF5UDV1Q3dSaVlDYUtzdUMramhMUlVtakg0PSIsImlzcyI6Ijo6MSIsIm5iZiI6MTU1NzM5MjgxMCwiZXhwIjoxNTU3Mzk0NjEwLCJkYXRhIjp7InVzZXJuYW1lIjoiYWRlIiwicGFzc3dvcmQiOiJiNzAxNjZkMjM1OWU1NWZmMzQ4NGY1ZDcwMjBjNzBkODZkODkwNzk2IiwiaXAiOiI6OjEiLCJ1c2VyX2FnZW50IjoiVGlja2V0aW5nLVdlYkFwcCJ9fQ.8cL46X3sz8YceYc-IcOZzk1QMgdbdpL3zQ9rtstydec
Connection: close
Request body:

========================================
2019-05-09 16:12:17 
::1 GET /tourism/public-api/v1/users/1/tickets HTTP/1.1
HTTP headers:
Host: localhost
User-Agent: Ticketing-WebApp
Authorization: Bearer eyJ0eXAiOiJKV1QiLCJhbGciOiJIUzI1NiJ9.eyJpYXQiOjE1NTczOTI4MTAsImp0aSI6IkFcL0wzMVhiUTlJVWRGNEY3aVF5UDV1Q3dSaVlDYUtzdUMramhMUlVtakg0PSIsImlzcyI6Ijo6MSIsIm5iZiI6MTU1NzM5MjgxMCwiZXhwIjoxNTU3Mzk0NjEwLCJkYXRhIjp7InVzZXJuYW1lIjoiYWRlIiwicGFzc3dvcmQiOiJiNzAxNjZkMjM1OWU1NWZmMzQ4NGY1ZDcwMjBjNzBkODZkODkwNzk2IiwiaXAiOiI6OjEiLCJ1c2VyX2FnZW50IjoiVGlja2V0aW5nLVdlYkFwcCJ9fQ.8cL46X3sz8YceYc-IcOZzk1QMgdbdpL3zQ9rtstydec
Connection: close
Request body:

========================================
2019-05-09 16:16:20 
::1 POST /tourism/public-api/v1/user_attachments HTTP/1.1
HTTP headers:
Host: localhost
Content-Length: 77687
Content-Type: multipart/form-data; boundary="bf2b316c725d0d2f952bb6eb27884993"
Authorization: Bearer eyJ0eXAiOiJKV1QiLCJhbGciOiJIUzI1NiJ9.eyJpYXQiOjE1NTczOTI4MTAsImp0aSI6IkFcL0wzMVhiUTlJVWRGNEY3aVF5UDV1Q3dSaVlDYUtzdUMramhMUlVtakg0PSIsImlzcyI6Ijo6MSIsIm5iZiI6MTU1NzM5MjgxMCwiZXhwIjoxNTU3Mzk0NjEwLCJkYXRhIjp7InVzZXJuYW1lIjoiYWRlIiwicGFzc3dvcmQiOiJiNzAxNjZkMjM1OWU1NWZmMzQ4NGY1ZDcwMjBjNzBkODZkODkwNzk2IiwiaXAiOiI6OjEiLCJ1c2VyX2FnZW50IjoiVGlja2V0aW5nLVdlYkFwcCJ9fQ.8cL46X3sz8YceYc-IcOZzk1QMgdbdpL3zQ9rtstydec
Connection: close
User-Agent: CakePHP
Request body:

========================================
2019-05-09 16:17:45 
::1 POST /tourism/public-api/v1/user_attachments HTTP/1.1
HTTP headers:
Host: localhost
Content-Length: 77687
Content-Type: multipart/form-data; boundary="663a3730dfe2edf2c2ca51474875ac92"
Authorization: Bearer eyJ0eXAiOiJKV1QiLCJhbGciOiJIUzI1NiJ9.eyJpYXQiOjE1NTczOTI4MTAsImp0aSI6IkFcL0wzMVhiUTlJVWRGNEY3aVF5UDV1Q3dSaVlDYUtzdUMramhMUlVtakg0PSIsImlzcyI6Ijo6MSIsIm5iZiI6MTU1NzM5MjgxMCwiZXhwIjoxNTU3Mzk0NjEwLCJkYXRhIjp7InVzZXJuYW1lIjoiYWRlIiwicGFzc3dvcmQiOiJiNzAxNjZkMjM1OWU1NWZmMzQ4NGY1ZDcwMjBjNzBkODZkODkwNzk2IiwiaXAiOiI6OjEiLCJ1c2VyX2FnZW50IjoiVGlja2V0aW5nLVdlYkFwcCJ9fQ.8cL46X3sz8YceYc-IcOZzk1QMgdbdpL3zQ9rtstydec
Connection: close
User-Agent: CakePHP
Request body:

========================================
2019-05-09 16:17:55 
::1 GET /tourism/public-api/v1/users/1 HTTP/1.1
HTTP headers:
Host: localhost
User-Agent: Ticketing-WebApp
Authorization: Bearer eyJ0eXAiOiJKV1QiLCJhbGciOiJIUzI1NiJ9.eyJpYXQiOjE1NTczOTI4MTAsImp0aSI6IkFcL0wzMVhiUTlJVWRGNEY3aVF5UDV1Q3dSaVlDYUtzdUMramhMUlVtakg0PSIsImlzcyI6Ijo6MSIsIm5iZiI6MTU1NzM5MjgxMCwiZXhwIjoxNTU3Mzk0NjEwLCJkYXRhIjp7InVzZXJuYW1lIjoiYWRlIiwicGFzc3dvcmQiOiJiNzAxNjZkMjM1OWU1NWZmMzQ4NGY1ZDcwMjBjNzBkODZkODkwNzk2IiwiaXAiOiI6OjEiLCJ1c2VyX2FnZW50IjoiVGlja2V0aW5nLVdlYkFwcCJ9fQ.8cL46X3sz8YceYc-IcOZzk1QMgdbdpL3zQ9rtstydec
Connection: close
Request body:

========================================
2019-05-09 16:17:55 
::1 GET /tourism/public-api/v1/provinces/1/countries?limit=40 HTTP/1.1
HTTP headers:
Host: localhost
User-Agent: Ticketing-WebApp
Authorization: Bearer eyJ0eXAiOiJKV1QiLCJhbGciOiJIUzI1NiJ9.eyJpYXQiOjE1NTczOTI4MTAsImp0aSI6IkFcL0wzMVhiUTlJVWRGNEY3aVF5UDV1Q3dSaVlDYUtzdUMramhMUlVtakg0PSIsImlzcyI6Ijo6MSIsIm5iZiI6MTU1NzM5MjgxMCwiZXhwIjoxNTU3Mzk0NjEwLCJkYXRhIjp7InVzZXJuYW1lIjoiYWRlIiwicGFzc3dvcmQiOiJiNzAxNjZkMjM1OWU1NWZmMzQ4NGY1ZDcwMjBjNzBkODZkODkwNzk2IiwiaXAiOiI6OjEiLCJ1c2VyX2FnZW50IjoiVGlja2V0aW5nLVdlYkFwcCJ9fQ.8cL46X3sz8YceYc-IcOZzk1QMgdbdpL3zQ9rtstydec
Connection: close
Request body:

========================================
2019-05-09 16:17:55 
::1 GET /tourism/public-api/v1/users/1/tickets HTTP/1.1
HTTP headers:
Host: localhost
User-Agent: Ticketing-WebApp
Authorization: Bearer eyJ0eXAiOiJKV1QiLCJhbGciOiJIUzI1NiJ9.eyJpYXQiOjE1NTczOTI4MTAsImp0aSI6IkFcL0wzMVhiUTlJVWRGNEY3aVF5UDV1Q3dSaVlDYUtzdUMramhMUlVtakg0PSIsImlzcyI6Ijo6MSIsIm5iZiI6MTU1NzM5MjgxMCwiZXhwIjoxNTU3Mzk0NjEwLCJkYXRhIjp7InVzZXJuYW1lIjoiYWRlIiwicGFzc3dvcmQiOiJiNzAxNjZkMjM1OWU1NWZmMzQ4NGY1ZDcwMjBjNzBkODZkODkwNzk2IiwiaXAiOiI6OjEiLCJ1c2VyX2FnZW50IjoiVGlja2V0aW5nLVdlYkFwcCJ9fQ.8cL46X3sz8YceYc-IcOZzk1QMgdbdpL3zQ9rtstydec
Connection: close
Request body:

========================================
2019-05-09 16:18:06 
::1 POST /tourism/public-api/v1/user_attachments HTTP/1.1
HTTP headers:
Host: localhost
Content-Length: 77687
Content-Type: multipart/form-data; boundary="021feebf681801953c250c4594f12f2d"
Authorization: Bearer eyJ0eXAiOiJKV1QiLCJhbGciOiJIUzI1NiJ9.eyJpYXQiOjE1NTczOTI4MTAsImp0aSI6IkFcL0wzMVhiUTlJVWRGNEY3aVF5UDV1Q3dSaVlDYUtzdUMramhMUlVtakg0PSIsImlzcyI6Ijo6MSIsIm5iZiI6MTU1NzM5MjgxMCwiZXhwIjoxNTU3Mzk0NjEwLCJkYXRhIjp7InVzZXJuYW1lIjoiYWRlIiwicGFzc3dvcmQiOiJiNzAxNjZkMjM1OWU1NWZmMzQ4NGY1ZDcwMjBjNzBkODZkODkwNzk2IiwiaXAiOiI6OjEiLCJ1c2VyX2FnZW50IjoiVGlja2V0aW5nLVdlYkFwcCJ9fQ.8cL46X3sz8YceYc-IcOZzk1QMgdbdpL3zQ9rtstydec
Connection: close
User-Agent: CakePHP
Request body:

========================================
2019-05-09 16:19:16 
::1 POST /tourism/public-api/v1/user_attachments HTTP/1.1
HTTP headers:
Host: localhost
Content-Length: 77687
Content-Type: multipart/form-data; boundary="5e1e70ad667e87b419cff28ad6a7a46d"
Authorization: Bearer eyJ0eXAiOiJKV1QiLCJhbGciOiJIUzI1NiJ9.eyJpYXQiOjE1NTczOTI4MTAsImp0aSI6IkFcL0wzMVhiUTlJVWRGNEY3aVF5UDV1Q3dSaVlDYUtzdUMramhMUlVtakg0PSIsImlzcyI6Ijo6MSIsIm5iZiI6MTU1NzM5MjgxMCwiZXhwIjoxNTU3Mzk0NjEwLCJkYXRhIjp7InVzZXJuYW1lIjoiYWRlIiwicGFzc3dvcmQiOiJiNzAxNjZkMjM1OWU1NWZmMzQ4NGY1ZDcwMjBjNzBkODZkODkwNzk2IiwiaXAiOiI6OjEiLCJ1c2VyX2FnZW50IjoiVGlja2V0aW5nLVdlYkFwcCJ9fQ.8cL46X3sz8YceYc-IcOZzk1QMgdbdpL3zQ9rtstydec
Connection: close
User-Agent: CakePHP
Request body:

========================================
2019-05-09 16:19:25 
::1 GET /tourism/public-api/v1/users/1 HTTP/1.1
HTTP headers:
Host: localhost
User-Agent: Ticketing-WebApp
Authorization: Bearer eyJ0eXAiOiJKV1QiLCJhbGciOiJIUzI1NiJ9.eyJpYXQiOjE1NTczOTI4MTAsImp0aSI6IkFcL0wzMVhiUTlJVWRGNEY3aVF5UDV1Q3dSaVlDYUtzdUMramhMUlVtakg0PSIsImlzcyI6Ijo6MSIsIm5iZiI6MTU1NzM5MjgxMCwiZXhwIjoxNTU3Mzk0NjEwLCJkYXRhIjp7InVzZXJuYW1lIjoiYWRlIiwicGFzc3dvcmQiOiJiNzAxNjZkMjM1OWU1NWZmMzQ4NGY1ZDcwMjBjNzBkODZkODkwNzk2IiwiaXAiOiI6OjEiLCJ1c2VyX2FnZW50IjoiVGlja2V0aW5nLVdlYkFwcCJ9fQ.8cL46X3sz8YceYc-IcOZzk1QMgdbdpL3zQ9rtstydec
Connection: close
Request body:

========================================
2019-05-09 16:19:25 
::1 GET /tourism/public-api/v1/provinces/1/countries?limit=40 HTTP/1.1
HTTP headers:
Host: localhost
User-Agent: Ticketing-WebApp
Authorization: Bearer eyJ0eXAiOiJKV1QiLCJhbGciOiJIUzI1NiJ9.eyJpYXQiOjE1NTczOTI4MTAsImp0aSI6IkFcL0wzMVhiUTlJVWRGNEY3aVF5UDV1Q3dSaVlDYUtzdUMramhMUlVtakg0PSIsImlzcyI6Ijo6MSIsIm5iZiI6MTU1NzM5MjgxMCwiZXhwIjoxNTU3Mzk0NjEwLCJkYXRhIjp7InVzZXJuYW1lIjoiYWRlIiwicGFzc3dvcmQiOiJiNzAxNjZkMjM1OWU1NWZmMzQ4NGY1ZDcwMjBjNzBkODZkODkwNzk2IiwiaXAiOiI6OjEiLCJ1c2VyX2FnZW50IjoiVGlja2V0aW5nLVdlYkFwcCJ9fQ.8cL46X3sz8YceYc-IcOZzk1QMgdbdpL3zQ9rtstydec
Connection: close
Request body:

========================================
2019-05-09 16:19:25 
::1 GET /tourism/public-api/v1/users/1/tickets HTTP/1.1
HTTP headers:
Host: localhost
User-Agent: Ticketing-WebApp
Authorization: Bearer eyJ0eXAiOiJKV1QiLCJhbGciOiJIUzI1NiJ9.eyJpYXQiOjE1NTczOTI4MTAsImp0aSI6IkFcL0wzMVhiUTlJVWRGNEY3aVF5UDV1Q3dSaVlDYUtzdUMramhMUlVtakg0PSIsImlzcyI6Ijo6MSIsIm5iZiI6MTU1NzM5MjgxMCwiZXhwIjoxNTU3Mzk0NjEwLCJkYXRhIjp7InVzZXJuYW1lIjoiYWRlIiwicGFzc3dvcmQiOiJiNzAxNjZkMjM1OWU1NWZmMzQ4NGY1ZDcwMjBjNzBkODZkODkwNzk2IiwiaXAiOiI6OjEiLCJ1c2VyX2FnZW50IjoiVGlja2V0aW5nLVdlYkFwcCJ9fQ.8cL46X3sz8YceYc-IcOZzk1QMgdbdpL3zQ9rtstydec
Connection: close
Request body:

========================================
2019-05-09 16:19:44 
::1 POST /tourism/public-api/v1/user_attachments HTTP/1.1
HTTP headers:
Host: localhost
Content-Length: 77687
Content-Type: multipart/form-data; boundary="0d919b4780c7b7d7cb6b67609cf8a721"
Authorization: Bearer eyJ0eXAiOiJKV1QiLCJhbGciOiJIUzI1NiJ9.eyJpYXQiOjE1NTczOTI4MTAsImp0aSI6IkFcL0wzMVhiUTlJVWRGNEY3aVF5UDV1Q3dSaVlDYUtzdUMramhMUlVtakg0PSIsImlzcyI6Ijo6MSIsIm5iZiI6MTU1NzM5MjgxMCwiZXhwIjoxNTU3Mzk0NjEwLCJkYXRhIjp7InVzZXJuYW1lIjoiYWRlIiwicGFzc3dvcmQiOiJiNzAxNjZkMjM1OWU1NWZmMzQ4NGY1ZDcwMjBjNzBkODZkODkwNzk2IiwiaXAiOiI6OjEiLCJ1c2VyX2FnZW50IjoiVGlja2V0aW5nLVdlYkFwcCJ9fQ.8cL46X3sz8YceYc-IcOZzk1QMgdbdpL3zQ9rtstydec
Connection: close
User-Agent: CakePHP
Request body:

========================================
2019-05-09 16:19:55 
::1 POST /tourism/public-api/v1/user_attachments HTTP/1.1
HTTP headers:
Host: localhost
Content-Length: 77687
Content-Type: multipart/form-data; boundary="969aab252283327941143071f46b2b84"
Authorization: Bearer eyJ0eXAiOiJKV1QiLCJhbGciOiJIUzI1NiJ9.eyJpYXQiOjE1NTczOTI4MTAsImp0aSI6IkFcL0wzMVhiUTlJVWRGNEY3aVF5UDV1Q3dSaVlDYUtzdUMramhMUlVtakg0PSIsImlzcyI6Ijo6MSIsIm5iZiI6MTU1NzM5MjgxMCwiZXhwIjoxNTU3Mzk0NjEwLCJkYXRhIjp7InVzZXJuYW1lIjoiYWRlIiwicGFzc3dvcmQiOiJiNzAxNjZkMjM1OWU1NWZmMzQ4NGY1ZDcwMjBjNzBkODZkODkwNzk2IiwiaXAiOiI6OjEiLCJ1c2VyX2FnZW50IjoiVGlja2V0aW5nLVdlYkFwcCJ9fQ.8cL46X3sz8YceYc-IcOZzk1QMgdbdpL3zQ9rtstydec
Connection: close
User-Agent: CakePHP
Request body:

========================================
2019-05-09 16:20:12 
::1 POST /tourism/public-api/v1/user_attachments HTTP/1.1
HTTP headers:
Host: localhost
Content-Length: 77687
Content-Type: multipart/form-data; boundary="3fc7d46f28732ec73849ad82c44404bb"
Authorization: Bearer eyJ0eXAiOiJKV1QiLCJhbGciOiJIUzI1NiJ9.eyJpYXQiOjE1NTczOTI4MTAsImp0aSI6IkFcL0wzMVhiUTlJVWRGNEY3aVF5UDV1Q3dSaVlDYUtzdUMramhMUlVtakg0PSIsImlzcyI6Ijo6MSIsIm5iZiI6MTU1NzM5MjgxMCwiZXhwIjoxNTU3Mzk0NjEwLCJkYXRhIjp7InVzZXJuYW1lIjoiYWRlIiwicGFzc3dvcmQiOiJiNzAxNjZkMjM1OWU1NWZmMzQ4NGY1ZDcwMjBjNzBkODZkODkwNzk2IiwiaXAiOiI6OjEiLCJ1c2VyX2FnZW50IjoiVGlja2V0aW5nLVdlYkFwcCJ9fQ.8cL46X3sz8YceYc-IcOZzk1QMgdbdpL3zQ9rtstydec
Connection: close
User-Agent: CakePHP
Request body:

========================================
2019-05-09 16:20:52 
::1 POST /tourism/public-api/v1/user_attachments HTTP/1.1
HTTP headers:
Host: localhost
Content-Length: 77687
Content-Type: multipart/form-data; boundary="a982f039d9e744bd8eefbb1ea2381b45"
Authorization: Bearer eyJ0eXAiOiJKV1QiLCJhbGciOiJIUzI1NiJ9.eyJpYXQiOjE1NTczOTI4MTAsImp0aSI6IkFcL0wzMVhiUTlJVWRGNEY3aVF5UDV1Q3dSaVlDYUtzdUMramhMUlVtakg0PSIsImlzcyI6Ijo6MSIsIm5iZiI6MTU1NzM5MjgxMCwiZXhwIjoxNTU3Mzk0NjEwLCJkYXRhIjp7InVzZXJuYW1lIjoiYWRlIiwicGFzc3dvcmQiOiJiNzAxNjZkMjM1OWU1NWZmMzQ4NGY1ZDcwMjBjNzBkODZkODkwNzk2IiwiaXAiOiI6OjEiLCJ1c2VyX2FnZW50IjoiVGlja2V0aW5nLVdlYkFwcCJ9fQ.8cL46X3sz8YceYc-IcOZzk1QMgdbdpL3zQ9rtstydec
Connection: close
User-Agent: CakePHP
Request body:

========================================
2019-05-09 16:21:34 
::1 POST /tourism/public-api/v1/user_attachments HTTP/1.1
HTTP headers:
Host: localhost
Content-Length: 77687
Content-Type: multipart/form-data; boundary="193a27eaedde9e81247abea6b5e16aa7"
Authorization: Bearer eyJ0eXAiOiJKV1QiLCJhbGciOiJIUzI1NiJ9.eyJpYXQiOjE1NTczOTI4MTAsImp0aSI6IkFcL0wzMVhiUTlJVWRGNEY3aVF5UDV1Q3dSaVlDYUtzdUMramhMUlVtakg0PSIsImlzcyI6Ijo6MSIsIm5iZiI6MTU1NzM5MjgxMCwiZXhwIjoxNTU3Mzk0NjEwLCJkYXRhIjp7InVzZXJuYW1lIjoiYWRlIiwicGFzc3dvcmQiOiJiNzAxNjZkMjM1OWU1NWZmMzQ4NGY1ZDcwMjBjNzBkODZkODkwNzk2IiwiaXAiOiI6OjEiLCJ1c2VyX2FnZW50IjoiVGlja2V0aW5nLVdlYkFwcCJ9fQ.8cL46X3sz8YceYc-IcOZzk1QMgdbdpL3zQ9rtstydec
Connection: close
User-Agent: CakePHP
Request body:

========================================
2019-05-09 16:21:57 
::1 POST /tourism/public-api/v1/user_attachments HTTP/1.1
HTTP headers:
Host: localhost
Content-Length: 77687
Content-Type: multipart/form-data; boundary="28c458bb726fcbde8a94c0debbc30c41"
Authorization: Bearer eyJ0eXAiOiJKV1QiLCJhbGciOiJIUzI1NiJ9.eyJpYXQiOjE1NTczOTI4MTAsImp0aSI6IkFcL0wzMVhiUTlJVWRGNEY3aVF5UDV1Q3dSaVlDYUtzdUMramhMUlVtakg0PSIsImlzcyI6Ijo6MSIsIm5iZiI6MTU1NzM5MjgxMCwiZXhwIjoxNTU3Mzk0NjEwLCJkYXRhIjp7InVzZXJuYW1lIjoiYWRlIiwicGFzc3dvcmQiOiJiNzAxNjZkMjM1OWU1NWZmMzQ4NGY1ZDcwMjBjNzBkODZkODkwNzk2IiwiaXAiOiI6OjEiLCJ1c2VyX2FnZW50IjoiVGlja2V0aW5nLVdlYkFwcCJ9fQ.8cL46X3sz8YceYc-IcOZzk1QMgdbdpL3zQ9rtstydec
Connection: close
User-Agent: CakePHP
Request body:

========================================
2019-05-09 16:32:03 
::1 POST /tourism/public-api/v1/user_attachments HTTP/1.1
HTTP headers:
Host: localhost
Content-Length: 77687
Content-Type: multipart/form-data; boundary="b9d7681a520212f39af3f1b440ffd1d3"
Authorization: Bearer eyJ0eXAiOiJKV1QiLCJhbGciOiJIUzI1NiJ9.eyJpYXQiOjE1NTczOTI4MTAsImp0aSI6IkFcL0wzMVhiUTlJVWRGNEY3aVF5UDV1Q3dSaVlDYUtzdUMramhMUlVtakg0PSIsImlzcyI6Ijo6MSIsIm5iZiI6MTU1NzM5MjgxMCwiZXhwIjoxNTU3Mzk0NjEwLCJkYXRhIjp7InVzZXJuYW1lIjoiYWRlIiwicGFzc3dvcmQiOiJiNzAxNjZkMjM1OWU1NWZmMzQ4NGY1ZDcwMjBjNzBkODZkODkwNzk2IiwiaXAiOiI6OjEiLCJ1c2VyX2FnZW50IjoiVGlja2V0aW5nLVdlYkFwcCJ9fQ.8cL46X3sz8YceYc-IcOZzk1QMgdbdpL3zQ9rtstydec
Connection: close
User-Agent: CakePHP
Request body:

========================================
2019-05-09 16:33:32 
::1 GET /tourism/public-api/v1/users/1 HTTP/1.1
HTTP headers:
Host: localhost
User-Agent: Ticketing-WebApp
Authorization: Bearer eyJ0eXAiOiJKV1QiLCJhbGciOiJIUzI1NiJ9.eyJpYXQiOjE1NTczOTI4MTAsImp0aSI6IkFcL0wzMVhiUTlJVWRGNEY3aVF5UDV1Q3dSaVlDYUtzdUMramhMUlVtakg0PSIsImlzcyI6Ijo6MSIsIm5iZiI6MTU1NzM5MjgxMCwiZXhwIjoxNTU3Mzk0NjEwLCJkYXRhIjp7InVzZXJuYW1lIjoiYWRlIiwicGFzc3dvcmQiOiJiNzAxNjZkMjM1OWU1NWZmMzQ4NGY1ZDcwMjBjNzBkODZkODkwNzk2IiwiaXAiOiI6OjEiLCJ1c2VyX2FnZW50IjoiVGlja2V0aW5nLVdlYkFwcCJ9fQ.8cL46X3sz8YceYc-IcOZzk1QMgdbdpL3zQ9rtstydec
Connection: close
Request body:

========================================
2019-05-09 16:33:32 
::1 GET /tourism/public-api/v1/provinces/1/countries?limit=40 HTTP/1.1
HTTP headers:
Host: localhost
User-Agent: Ticketing-WebApp
Authorization: Bearer eyJ0eXAiOiJKV1QiLCJhbGciOiJIUzI1NiJ9.eyJpYXQiOjE1NTczOTI4MTAsImp0aSI6IkFcL0wzMVhiUTlJVWRGNEY3aVF5UDV1Q3dSaVlDYUtzdUMramhMUlVtakg0PSIsImlzcyI6Ijo6MSIsIm5iZiI6MTU1NzM5MjgxMCwiZXhwIjoxNTU3Mzk0NjEwLCJkYXRhIjp7InVzZXJuYW1lIjoiYWRlIiwicGFzc3dvcmQiOiJiNzAxNjZkMjM1OWU1NWZmMzQ4NGY1ZDcwMjBjNzBkODZkODkwNzk2IiwiaXAiOiI6OjEiLCJ1c2VyX2FnZW50IjoiVGlja2V0aW5nLVdlYkFwcCJ9fQ.8cL46X3sz8YceYc-IcOZzk1QMgdbdpL3zQ9rtstydec
Connection: close
Request body:

========================================
2019-05-09 16:33:33 
::1 GET /tourism/public-api/v1/users/1/tickets HTTP/1.1
HTTP headers:
Host: localhost
User-Agent: Ticketing-WebApp
Authorization: Bearer eyJ0eXAiOiJKV1QiLCJhbGciOiJIUzI1NiJ9.eyJpYXQiOjE1NTczOTI4MTAsImp0aSI6IkFcL0wzMVhiUTlJVWRGNEY3aVF5UDV1Q3dSaVlDYUtzdUMramhMUlVtakg0PSIsImlzcyI6Ijo6MSIsIm5iZiI6MTU1NzM5MjgxMCwiZXhwIjoxNTU3Mzk0NjEwLCJkYXRhIjp7InVzZXJuYW1lIjoiYWRlIiwicGFzc3dvcmQiOiJiNzAxNjZkMjM1OWU1NWZmMzQ4NGY1ZDcwMjBjNzBkODZkODkwNzk2IiwiaXAiOiI6OjEiLCJ1c2VyX2FnZW50IjoiVGlja2V0aW5nLVdlYkFwcCJ9fQ.8cL46X3sz8YceYc-IcOZzk1QMgdbdpL3zQ9rtstydec
Connection: close
Request body:

========================================
2019-05-09 16:33:37 
::1 PUT /tourism/public-api/v1/users/1 HTTP/1.1
HTTP headers:
Host: localhost
Content-Length: 31
User-Agent: Ticketing-WebApp
Authorization: Bearer eyJ0eXAiOiJKV1QiLCJhbGciOiJIUzI1NiJ9.eyJpYXQiOjE1NTczOTI4MTAsImp0aSI6IkFcL0wzMVhiUTlJVWRGNEY3aVF5UDV1Q3dSaVlDYUtzdUMramhMUlVtakg0PSIsImlzcyI6Ijo6MSIsIm5iZiI6MTU1NzM5MjgxMCwiZXhwIjoxNTU3Mzk0NjEwLCJkYXRhIjp7InVzZXJuYW1lIjoiYWRlIiwicGFzc3dvcmQiOiJiNzAxNjZkMjM1OWU1NWZmMzQ4NGY1ZDcwMjBjNzBkODZkODkwNzk2IiwiaXAiOiI6OjEiLCJ1c2VyX2FnZW50IjoiVGlja2V0aW5nLVdlYkFwcCJ9fQ.8cL46X3sz8YceYc-IcOZzk1QMgdbdpL3zQ9rtstydec
Connection: close
Content-Type: application/x-www-form-urlencoded
Request body:
email=adeardian1994%40gmail.com
========================================
2019-05-09 16:34:19 
::1 POST /tourism/public-api/v1/user_attachments HTTP/1.1
HTTP headers:
Host: localhost
Content-Length: 77687
Content-Type: multipart/form-data; boundary="f0408aff89229464232294504562d042"
Authorization: Bearer eyJ0eXAiOiJKV1QiLCJhbGciOiJIUzI1NiJ9.eyJpYXQiOjE1NTczOTI4MTAsImp0aSI6IkFcL0wzMVhiUTlJVWRGNEY3aVF5UDV1Q3dSaVlDYUtzdUMramhMUlVtakg0PSIsImlzcyI6Ijo6MSIsIm5iZiI6MTU1NzM5MjgxMCwiZXhwIjoxNTU3Mzk0NjEwLCJkYXRhIjp7InVzZXJuYW1lIjoiYWRlIiwicGFzc3dvcmQiOiJiNzAxNjZkMjM1OWU1NWZmMzQ4NGY1ZDcwMjBjNzBkODZkODkwNzk2IiwiaXAiOiI6OjEiLCJ1c2VyX2FnZW50IjoiVGlja2V0aW5nLVdlYkFwcCJ9fQ.8cL46X3sz8YceYc-IcOZzk1QMgdbdpL3zQ9rtstydec
Connection: close
User-Agent: CakePHP
Request body:

========================================
2019-05-09 16:34:38 
::1 POST /tourism/public-api/v1/user_attachments HTTP/1.1
HTTP headers:
Host: localhost
Content-Length: 77687
Content-Type: multipart/form-data; boundary="7fd34437a5c99312179fe0ee996c8760"
Authorization: Bearer eyJ0eXAiOiJKV1QiLCJhbGciOiJIUzI1NiJ9.eyJpYXQiOjE1NTczOTI4MTAsImp0aSI6IkFcL0wzMVhiUTlJVWRGNEY3aVF5UDV1Q3dSaVlDYUtzdUMramhMUlVtakg0PSIsImlzcyI6Ijo6MSIsIm5iZiI6MTU1NzM5MjgxMCwiZXhwIjoxNTU3Mzk0NjEwLCJkYXRhIjp7InVzZXJuYW1lIjoiYWRlIiwicGFzc3dvcmQiOiJiNzAxNjZkMjM1OWU1NWZmMzQ4NGY1ZDcwMjBjNzBkODZkODkwNzk2IiwiaXAiOiI6OjEiLCJ1c2VyX2FnZW50IjoiVGlja2V0aW5nLVdlYkFwcCJ9fQ.8cL46X3sz8YceYc-IcOZzk1QMgdbdpL3zQ9rtstydec
Connection: close
User-Agent: CakePHP
Request body:

========================================
2019-05-09 16:35:33 
::1 POST /tourism/public-api/v1/user_attachments HTTP/1.1
HTTP headers:
Host: localhost
Content-Length: 77687
Content-Type: multipart/form-data; boundary="92396490d433b10e1f3d5c14c94dbb4f"
Authorization: Bearer eyJ0eXAiOiJKV1QiLCJhbGciOiJIUzI1NiJ9.eyJpYXQiOjE1NTczOTI4MTAsImp0aSI6IkFcL0wzMVhiUTlJVWRGNEY3aVF5UDV1Q3dSaVlDYUtzdUMramhMUlVtakg0PSIsImlzcyI6Ijo6MSIsIm5iZiI6MTU1NzM5MjgxMCwiZXhwIjoxNTU3Mzk0NjEwLCJkYXRhIjp7InVzZXJuYW1lIjoiYWRlIiwicGFzc3dvcmQiOiJiNzAxNjZkMjM1OWU1NWZmMzQ4NGY1ZDcwMjBjNzBkODZkODkwNzk2IiwiaXAiOiI6OjEiLCJ1c2VyX2FnZW50IjoiVGlja2V0aW5nLVdlYkFwcCJ9fQ.8cL46X3sz8YceYc-IcOZzk1QMgdbdpL3zQ9rtstydec
Connection: close
User-Agent: CakePHP
Request body:

========================================
2019-05-09 16:35:45 
::1 POST /tourism/public-api/v1/user_attachments HTTP/1.1
HTTP headers:
Host: localhost
Content-Length: 77687
Content-Type: multipart/form-data; boundary="53af8dc9269e97623bfdeaaeebaa65e6"
Authorization: Bearer eyJ0eXAiOiJKV1QiLCJhbGciOiJIUzI1NiJ9.eyJpYXQiOjE1NTczOTI4MTAsImp0aSI6IkFcL0wzMVhiUTlJVWRGNEY3aVF5UDV1Q3dSaVlDYUtzdUMramhMUlVtakg0PSIsImlzcyI6Ijo6MSIsIm5iZiI6MTU1NzM5MjgxMCwiZXhwIjoxNTU3Mzk0NjEwLCJkYXRhIjp7InVzZXJuYW1lIjoiYWRlIiwicGFzc3dvcmQiOiJiNzAxNjZkMjM1OWU1NWZmMzQ4NGY1ZDcwMjBjNzBkODZkODkwNzk2IiwiaXAiOiI6OjEiLCJ1c2VyX2FnZW50IjoiVGlja2V0aW5nLVdlYkFwcCJ9fQ.8cL46X3sz8YceYc-IcOZzk1QMgdbdpL3zQ9rtstydec
Connection: close
User-Agent: CakePHP
Request body:

========================================
2019-05-09 16:36:48 
::1 POST /tourism/public-api/v1/user_attachments HTTP/1.1
HTTP headers:
Host: localhost
Content-Length: 77687
Content-Type: multipart/form-data; boundary="baa722ce01778b5ca5617631ad474f14"
Authorization: Bearer eyJ0eXAiOiJKV1QiLCJhbGciOiJIUzI1NiJ9.eyJpYXQiOjE1NTczOTI4MTAsImp0aSI6IkFcL0wzMVhiUTlJVWRGNEY3aVF5UDV1Q3dSaVlDYUtzdUMramhMUlVtakg0PSIsImlzcyI6Ijo6MSIsIm5iZiI6MTU1NzM5MjgxMCwiZXhwIjoxNTU3Mzk0NjEwLCJkYXRhIjp7InVzZXJuYW1lIjoiYWRlIiwicGFzc3dvcmQiOiJiNzAxNjZkMjM1OWU1NWZmMzQ4NGY1ZDcwMjBjNzBkODZkODkwNzk2IiwiaXAiOiI6OjEiLCJ1c2VyX2FnZW50IjoiVGlja2V0aW5nLVdlYkFwcCJ9fQ.8cL46X3sz8YceYc-IcOZzk1QMgdbdpL3zQ9rtstydec
Connection: close
User-Agent: CakePHP
Request body:

========================================
2019-05-09 16:37:21 
::1 POST /tourism/public-api/v1/user_attachments HTTP/1.1
HTTP headers:
Host: localhost
Content-Length: 77687
Content-Type: multipart/form-data; boundary="0a309c86580afcda2915b841a9d64b17"
Authorization: Bearer eyJ0eXAiOiJKV1QiLCJhbGciOiJIUzI1NiJ9.eyJpYXQiOjE1NTczOTI4MTAsImp0aSI6IkFcL0wzMVhiUTlJVWRGNEY3aVF5UDV1Q3dSaVlDYUtzdUMramhMUlVtakg0PSIsImlzcyI6Ijo6MSIsIm5iZiI6MTU1NzM5MjgxMCwiZXhwIjoxNTU3Mzk0NjEwLCJkYXRhIjp7InVzZXJuYW1lIjoiYWRlIiwicGFzc3dvcmQiOiJiNzAxNjZkMjM1OWU1NWZmMzQ4NGY1ZDcwMjBjNzBkODZkODkwNzk2IiwiaXAiOiI6OjEiLCJ1c2VyX2FnZW50IjoiVGlja2V0aW5nLVdlYkFwcCJ9fQ.8cL46X3sz8YceYc-IcOZzk1QMgdbdpL3zQ9rtstydec
Connection: close
User-Agent: CakePHP
Request body:

========================================
2019-05-09 16:37:39 
::1 POST /tourism/public-api/v1/user_attachments HTTP/1.1
HTTP headers:
Host: localhost
Content-Length: 77687
Content-Type: multipart/form-data; boundary="0a7be843369c31af97dd19db4b9671e6"
Authorization: Bearer eyJ0eXAiOiJKV1QiLCJhbGciOiJIUzI1NiJ9.eyJpYXQiOjE1NTczOTI4MTAsImp0aSI6IkFcL0wzMVhiUTlJVWRGNEY3aVF5UDV1Q3dSaVlDYUtzdUMramhMUlVtakg0PSIsImlzcyI6Ijo6MSIsIm5iZiI6MTU1NzM5MjgxMCwiZXhwIjoxNTU3Mzk0NjEwLCJkYXRhIjp7InVzZXJuYW1lIjoiYWRlIiwicGFzc3dvcmQiOiJiNzAxNjZkMjM1OWU1NWZmMzQ4NGY1ZDcwMjBjNzBkODZkODkwNzk2IiwiaXAiOiI6OjEiLCJ1c2VyX2FnZW50IjoiVGlja2V0aW5nLVdlYkFwcCJ9fQ.8cL46X3sz8YceYc-IcOZzk1QMgdbdpL3zQ9rtstydec
Connection: close
User-Agent: CakePHP
Request body:

========================================
2019-05-09 16:37:53 
::1 POST /tourism/public-api/v1/user_attachments HTTP/1.1
HTTP headers:
Host: localhost
Content-Length: 77687
Content-Type: multipart/form-data; boundary="c17d139de83e3dab8c718644dbafac8d"
Authorization: Bearer eyJ0eXAiOiJKV1QiLCJhbGciOiJIUzI1NiJ9.eyJpYXQiOjE1NTczOTI4MTAsImp0aSI6IkFcL0wzMVhiUTlJVWRGNEY3aVF5UDV1Q3dSaVlDYUtzdUMramhMUlVtakg0PSIsImlzcyI6Ijo6MSIsIm5iZiI6MTU1NzM5MjgxMCwiZXhwIjoxNTU3Mzk0NjEwLCJkYXRhIjp7InVzZXJuYW1lIjoiYWRlIiwicGFzc3dvcmQiOiJiNzAxNjZkMjM1OWU1NWZmMzQ4NGY1ZDcwMjBjNzBkODZkODkwNzk2IiwiaXAiOiI6OjEiLCJ1c2VyX2FnZW50IjoiVGlja2V0aW5nLVdlYkFwcCJ9fQ.8cL46X3sz8YceYc-IcOZzk1QMgdbdpL3zQ9rtstydec
Connection: close
User-Agent: CakePHP
Request body:

========================================
2019-05-09 16:40:03 
::1 POST /tourism/public-api/v1/user_attachments HTTP/1.1
HTTP headers:
Host: localhost
Content-Length: 77687
Content-Type: multipart/form-data; boundary="d19de784d5d7ee8c25c2de253b2b92ae"
Authorization: Bearer eyJ0eXAiOiJKV1QiLCJhbGciOiJIUzI1NiJ9.eyJpYXQiOjE1NTczOTI4MTAsImp0aSI6IkFcL0wzMVhiUTlJVWRGNEY3aVF5UDV1Q3dSaVlDYUtzdUMramhMUlVtakg0PSIsImlzcyI6Ijo6MSIsIm5iZiI6MTU1NzM5MjgxMCwiZXhwIjoxNTU3Mzk0NjEwLCJkYXRhIjp7InVzZXJuYW1lIjoiYWRlIiwicGFzc3dvcmQiOiJiNzAxNjZkMjM1OWU1NWZmMzQ4NGY1ZDcwMjBjNzBkODZkODkwNzk2IiwiaXAiOiI6OjEiLCJ1c2VyX2FnZW50IjoiVGlja2V0aW5nLVdlYkFwcCJ9fQ.8cL46X3sz8YceYc-IcOZzk1QMgdbdpL3zQ9rtstydec
Connection: close
User-Agent: CakePHP
Request body:

========================================
2019-05-09 16:41:01 
::1 POST /tourism/public-api/v1/user_attachments HTTP/1.1
HTTP headers:
Host: localhost
Content-Length: 77687
Content-Type: multipart/form-data; boundary="c0217bbed5248c6993912bcf6eec5dee"
Authorization: Bearer eyJ0eXAiOiJKV1QiLCJhbGciOiJIUzI1NiJ9.eyJpYXQiOjE1NTczOTI4MTAsImp0aSI6IkFcL0wzMVhiUTlJVWRGNEY3aVF5UDV1Q3dSaVlDYUtzdUMramhMUlVtakg0PSIsImlzcyI6Ijo6MSIsIm5iZiI6MTU1NzM5MjgxMCwiZXhwIjoxNTU3Mzk0NjEwLCJkYXRhIjp7InVzZXJuYW1lIjoiYWRlIiwicGFzc3dvcmQiOiJiNzAxNjZkMjM1OWU1NWZmMzQ4NGY1ZDcwMjBjNzBkODZkODkwNzk2IiwiaXAiOiI6OjEiLCJ1c2VyX2FnZW50IjoiVGlja2V0aW5nLVdlYkFwcCJ9fQ.8cL46X3sz8YceYc-IcOZzk1QMgdbdpL3zQ9rtstydec
Connection: close
User-Agent: CakePHP
Request body:

========================================
