2018-10-22 11:36:30 
::1 POST /tourism/public-api/v1/users/token HTTP/1.1
HTTP headers:
Host: localhost
Content-Length: 25
User-Agent: Ticketing-WebApp
Connection: close
Content-Type: application/x-www-form-urlencoded
Request body:
username=ade&password=ade
========================================
2018-10-22 11:36:33 
::1 GET /tourism/public-api/v1/users/1 HTTP/1.1
HTTP headers:
Host: localhost
User-Agent: Ticketing-WebApp
Authorization: Bearer eyJ0eXAiOiJKV1QiLCJhbGciOiJIUzI1NiJ9.eyJpYXQiOjE1NDAxODI5OTIsImp0aSI6IlhMTjNnSkpZb09sejcrYmdmTnJsQ3R6R05TQURtTjdJWDBITzlEVkllYTQ9IiwiaXNzIjoiOjoxIiwibmJmIjoxNTQwMTgyOTkyLCJleHAiOjE1NDAxODQ3OTIsImRhdGEiOnsidXNlcm5hbWUiOiJhZGUiLCJwYXNzd29yZCI6ImI3MDE2NmQyMzU5ZTU1ZmYzNDg0ZjVkNzAyMGM3MGQ4NmQ4OTA3OTYiLCJpcCI6Ijo6MSIsInVzZXJfYWdlbnQiOiJUaWNrZXRpbmctV2ViQXBwIn19.RX5MsEEdUQ49zAYkdT5MBe_V3ijvUsTxdqYaD8CS1ac
Connection: close
Request body:

========================================
2018-10-22 11:36:51 
::1 GET /tourism/public-api/v1/continents HTTP/1.1
HTTP headers:
Host: localhost
User-Agent: Ticketing-WebApp
Authorization: Bearer eyJ0eXAiOiJKV1QiLCJhbGciOiJIUzI1NiJ9.eyJpYXQiOjE1NDAxODI5OTIsImp0aSI6IlhMTjNnSkpZb09sejcrYmdmTnJsQ3R6R05TQURtTjdJWDBITzlEVkllYTQ9IiwiaXNzIjoiOjoxIiwibmJmIjoxNTQwMTgyOTkyLCJleHAiOjE1NDAxODQ3OTIsImRhdGEiOnsidXNlcm5hbWUiOiJhZGUiLCJwYXNzd29yZCI6ImI3MDE2NmQyMzU5ZTU1ZmYzNDg0ZjVkNzAyMGM3MGQ4NmQ4OTA3OTYiLCJpcCI6Ijo6MSIsInVzZXJfYWdlbnQiOiJUaWNrZXRpbmctV2ViQXBwIn19.RX5MsEEdUQ49zAYkdT5MBe_V3ijvUsTxdqYaD8CS1ac
Connection: close
Request body:

========================================
2018-10-22 11:36:56 
::1 GET /tourism/public-api/v1/continents HTTP/1.1
HTTP headers:
Host: localhost
User-Agent: Ticketing-WebApp
Authorization: Bearer eyJ0eXAiOiJKV1QiLCJhbGciOiJIUzI1NiJ9.eyJpYXQiOjE1NDAxODI5OTIsImp0aSI6IlhMTjNnSkpZb09sejcrYmdmTnJsQ3R6R05TQURtTjdJWDBITzlEVkllYTQ9IiwiaXNzIjoiOjoxIiwibmJmIjoxNTQwMTgyOTkyLCJleHAiOjE1NDAxODQ3OTIsImRhdGEiOnsidXNlcm5hbWUiOiJhZGUiLCJwYXNzd29yZCI6ImI3MDE2NmQyMzU5ZTU1ZmYzNDg0ZjVkNzAyMGM3MGQ4NmQ4OTA3OTYiLCJpcCI6Ijo6MSIsInVzZXJfYWdlbnQiOiJUaWNrZXRpbmctV2ViQXBwIn19.RX5MsEEdUQ49zAYkdT5MBe_V3ijvUsTxdqYaD8CS1ac
Connection: close
Request body:

========================================
2018-10-22 12:39:52 
::1 POST /tourism/public-api/v1/users/token HTTP/1.1
HTTP headers:
Host: localhost
Content-Length: 25
User-Agent: Ticketing-WebApp
Connection: close
Content-Type: application/x-www-form-urlencoded
Request body:
username=ade&password=ade
========================================
2018-10-22 12:39:54 
::1 GET /tourism/public-api/v1/users/1 HTTP/1.1
HTTP headers:
Host: localhost
User-Agent: Ticketing-WebApp
Authorization: Bearer eyJ0eXAiOiJKV1QiLCJhbGciOiJIUzI1NiJ9.eyJpYXQiOjE1NDAxODY3OTMsImp0aSI6IlhcL2tWK093M0g2WTE4SU0xV0hIUmNTeW1URDNxMWJ1VDVYR2lEdEtNSEtVPSIsImlzcyI6Ijo6MSIsIm5iZiI6MTU0MDE4Njc5MywiZXhwIjoxNTQwMTg4NTkzLCJkYXRhIjp7InVzZXJuYW1lIjoiYWRlIiwicGFzc3dvcmQiOiJiNzAxNjZkMjM1OWU1NWZmMzQ4NGY1ZDcwMjBjNzBkODZkODkwNzk2IiwiaXAiOiI6OjEiLCJ1c2VyX2FnZW50IjoiVGlja2V0aW5nLVdlYkFwcCJ9fQ.y2KiRigoNufw7R-1-MZJngt2Kc8y3hK0u0Y0GMWhrdI
Connection: close
Request body:

========================================
2018-10-22 12:40:03 
::1 GET /tourism/public-api/v1/continents HTTP/1.1
HTTP headers:
Host: localhost
User-Agent: Ticketing-WebApp
Authorization: Bearer eyJ0eXAiOiJKV1QiLCJhbGciOiJIUzI1NiJ9.eyJpYXQiOjE1NDAxODY3OTMsImp0aSI6IlhcL2tWK093M0g2WTE4SU0xV0hIUmNTeW1URDNxMWJ1VDVYR2lEdEtNSEtVPSIsImlzcyI6Ijo6MSIsIm5iZiI6MTU0MDE4Njc5MywiZXhwIjoxNTQwMTg4NTkzLCJkYXRhIjp7InVzZXJuYW1lIjoiYWRlIiwicGFzc3dvcmQiOiJiNzAxNjZkMjM1OWU1NWZmMzQ4NGY1ZDcwMjBjNzBkODZkODkwNzk2IiwiaXAiOiI6OjEiLCJ1c2VyX2FnZW50IjoiVGlja2V0aW5nLVdlYkFwcCJ9fQ.y2KiRigoNufw7R-1-MZJngt2Kc8y3hK0u0Y0GMWhrdI
Connection: close
Request body:

========================================
2018-10-22 12:40:33 
::1 GET /tourism/public-api/v1/continents HTTP/1.1
HTTP headers:
Host: localhost
User-Agent: Ticketing-WebApp
Authorization: Bearer eyJ0eXAiOiJKV1QiLCJhbGciOiJIUzI1NiJ9.eyJpYXQiOjE1NDAxODY3OTMsImp0aSI6IlhcL2tWK093M0g2WTE4SU0xV0hIUmNTeW1URDNxMWJ1VDVYR2lEdEtNSEtVPSIsImlzcyI6Ijo6MSIsIm5iZiI6MTU0MDE4Njc5MywiZXhwIjoxNTQwMTg4NTkzLCJkYXRhIjp7InVzZXJuYW1lIjoiYWRlIiwicGFzc3dvcmQiOiJiNzAxNjZkMjM1OWU1NWZmMzQ4NGY1ZDcwMjBjNzBkODZkODkwNzk2IiwiaXAiOiI6OjEiLCJ1c2VyX2FnZW50IjoiVGlja2V0aW5nLVdlYkFwcCJ9fQ.y2KiRigoNufw7R-1-MZJngt2Kc8y3hK0u0Y0GMWhrdI
Connection: close
Request body:

========================================
2018-10-22 12:42:37 
::1 GET /tourism/public-api/v1/continents HTTP/1.1
HTTP headers:
Host: localhost
User-Agent: Ticketing-WebApp
Authorization: Bearer eyJ0eXAiOiJKV1QiLCJhbGciOiJIUzI1NiJ9.eyJpYXQiOjE1NDAxODY3OTMsImp0aSI6IlhcL2tWK093M0g2WTE4SU0xV0hIUmNTeW1URDNxMWJ1VDVYR2lEdEtNSEtVPSIsImlzcyI6Ijo6MSIsIm5iZiI6MTU0MDE4Njc5MywiZXhwIjoxNTQwMTg4NTkzLCJkYXRhIjp7InVzZXJuYW1lIjoiYWRlIiwicGFzc3dvcmQiOiJiNzAxNjZkMjM1OWU1NWZmMzQ4NGY1ZDcwMjBjNzBkODZkODkwNzk2IiwiaXAiOiI6OjEiLCJ1c2VyX2FnZW50IjoiVGlja2V0aW5nLVdlYkFwcCJ9fQ.y2KiRigoNufw7R-1-MZJngt2Kc8y3hK0u0Y0GMWhrdI
Connection: close
Request body:

========================================
2018-10-22 12:48:29 
::1 GET /tourism/public-api/v1/continents HTTP/1.1
HTTP headers:
Host: localhost
User-Agent: Ticketing-WebApp
Authorization: Bearer eyJ0eXAiOiJKV1QiLCJhbGciOiJIUzI1NiJ9.eyJpYXQiOjE1NDAxODY3OTMsImp0aSI6IlhcL2tWK093M0g2WTE4SU0xV0hIUmNTeW1URDNxMWJ1VDVYR2lEdEtNSEtVPSIsImlzcyI6Ijo6MSIsIm5iZiI6MTU0MDE4Njc5MywiZXhwIjoxNTQwMTg4NTkzLCJkYXRhIjp7InVzZXJuYW1lIjoiYWRlIiwicGFzc3dvcmQiOiJiNzAxNjZkMjM1OWU1NWZmMzQ4NGY1ZDcwMjBjNzBkODZkODkwNzk2IiwiaXAiOiI6OjEiLCJ1c2VyX2FnZW50IjoiVGlja2V0aW5nLVdlYkFwcCJ9fQ.y2KiRigoNufw7R-1-MZJngt2Kc8y3hK0u0Y0GMWhrdI
Connection: close
Request body:

========================================
2018-10-22 12:48:44 
::1 GET /tourism/public-api/v1/countries/5/continent?limit=1 HTTP/1.1
HTTP headers:
Host: localhost
User-Agent: Ticketing-WebApp
Authorization: Bearer eyJ0eXAiOiJKV1QiLCJhbGciOiJIUzI1NiJ9.eyJpYXQiOjE1NDAxODY3OTMsImp0aSI6IlhcL2tWK093M0g2WTE4SU0xV0hIUmNTeW1URDNxMWJ1VDVYR2lEdEtNSEtVPSIsImlzcyI6Ijo6MSIsIm5iZiI6MTU0MDE4Njc5MywiZXhwIjoxNTQwMTg4NTkzLCJkYXRhIjp7InVzZXJuYW1lIjoiYWRlIiwicGFzc3dvcmQiOiJiNzAxNjZkMjM1OWU1NWZmMzQ4NGY1ZDcwMjBjNzBkODZkODkwNzk2IiwiaXAiOiI6OjEiLCJ1c2VyX2FnZW50IjoiVGlja2V0aW5nLVdlYkFwcCJ9fQ.y2KiRigoNufw7R-1-MZJngt2Kc8y3hK0u0Y0GMWhrdI
Connection: close
Request body:

========================================
2018-10-22 12:48:45 
::1 GET /tourism/public-api/v1/countries/5/continent?limit=6 HTTP/1.1
HTTP headers:
Host: localhost
User-Agent: Ticketing-WebApp
Authorization: Bearer eyJ0eXAiOiJKV1QiLCJhbGciOiJIUzI1NiJ9.eyJpYXQiOjE1NDAxODY3OTMsImp0aSI6IlhcL2tWK093M0g2WTE4SU0xV0hIUmNTeW1URDNxMWJ1VDVYR2lEdEtNSEtVPSIsImlzcyI6Ijo6MSIsIm5iZiI6MTU0MDE4Njc5MywiZXhwIjoxNTQwMTg4NTkzLCJkYXRhIjp7InVzZXJuYW1lIjoiYWRlIiwicGFzc3dvcmQiOiJiNzAxNjZkMjM1OWU1NWZmMzQ4NGY1ZDcwMjBjNzBkODZkODkwNzk2IiwiaXAiOiI6OjEiLCJ1c2VyX2FnZW50IjoiVGlja2V0aW5nLVdlYkFwcCJ9fQ.y2KiRigoNufw7R-1-MZJngt2Kc8y3hK0u0Y0GMWhrdI
Connection: close
Request body:

========================================
2018-10-22 12:48:48 
::1 GET /tourism/public-api/v1/provinces/1/countries?limit=1 HTTP/1.1
HTTP headers:
Host: localhost
User-Agent: Ticketing-WebApp
Authorization: Bearer eyJ0eXAiOiJKV1QiLCJhbGciOiJIUzI1NiJ9.eyJpYXQiOjE1NDAxODY3OTMsImp0aSI6IlhcL2tWK093M0g2WTE4SU0xV0hIUmNTeW1URDNxMWJ1VDVYR2lEdEtNSEtVPSIsImlzcyI6Ijo6MSIsIm5iZiI6MTU0MDE4Njc5MywiZXhwIjoxNTQwMTg4NTkzLCJkYXRhIjp7InVzZXJuYW1lIjoiYWRlIiwicGFzc3dvcmQiOiJiNzAxNjZkMjM1OWU1NWZmMzQ4NGY1ZDcwMjBjNzBkODZkODkwNzk2IiwiaXAiOiI6OjEiLCJ1c2VyX2FnZW50IjoiVGlja2V0aW5nLVdlYkFwcCJ9fQ.y2KiRigoNufw7R-1-MZJngt2Kc8y3hK0u0Y0GMWhrdI
Connection: close
Request body:

========================================
2018-10-22 12:48:48 
::1 GET /tourism/public-api/v1/provinces/1/countries?limit=33 HTTP/1.1
HTTP headers:
Host: localhost
User-Agent: Ticketing-WebApp
Authorization: Bearer eyJ0eXAiOiJKV1QiLCJhbGciOiJIUzI1NiJ9.eyJpYXQiOjE1NDAxODY3OTMsImp0aSI6IlhcL2tWK093M0g2WTE4SU0xV0hIUmNTeW1URDNxMWJ1VDVYR2lEdEtNSEtVPSIsImlzcyI6Ijo6MSIsIm5iZiI6MTU0MDE4Njc5MywiZXhwIjoxNTQwMTg4NTkzLCJkYXRhIjp7InVzZXJuYW1lIjoiYWRlIiwicGFzc3dvcmQiOiJiNzAxNjZkMjM1OWU1NWZmMzQ4NGY1ZDcwMjBjNzBkODZkODkwNzk2IiwiaXAiOiI6OjEiLCJ1c2VyX2FnZW50IjoiVGlja2V0aW5nLVdlYkFwcCJ9fQ.y2KiRigoNufw7R-1-MZJngt2Kc8y3hK0u0Y0GMWhrdI
Connection: close
Request body:

========================================
2018-10-22 12:48:52 
::1 GET /tourism/public-api/v1/province/12/cities?limit=1 HTTP/1.1
HTTP headers:
Host: localhost
User-Agent: Ticketing-WebApp
Authorization: Bearer eyJ0eXAiOiJKV1QiLCJhbGciOiJIUzI1NiJ9.eyJpYXQiOjE1NDAxODY3OTMsImp0aSI6IlhcL2tWK093M0g2WTE4SU0xV0hIUmNTeW1URDNxMWJ1VDVYR2lEdEtNSEtVPSIsImlzcyI6Ijo6MSIsIm5iZiI6MTU0MDE4Njc5MywiZXhwIjoxNTQwMTg4NTkzLCJkYXRhIjp7InVzZXJuYW1lIjoiYWRlIiwicGFzc3dvcmQiOiJiNzAxNjZkMjM1OWU1NWZmMzQ4NGY1ZDcwMjBjNzBkODZkODkwNzk2IiwiaXAiOiI6OjEiLCJ1c2VyX2FnZW50IjoiVGlja2V0aW5nLVdlYkFwcCJ9fQ.y2KiRigoNufw7R-1-MZJngt2Kc8y3hK0u0Y0GMWhrdI
Connection: close
Request body:

========================================
2018-10-22 12:48:52 
::1 GET /tourism/public-api/v1/province/12/cities?limit=1 HTTP/1.1
HTTP headers:
Host: localhost
User-Agent: Ticketing-WebApp
Authorization: Bearer eyJ0eXAiOiJKV1QiLCJhbGciOiJIUzI1NiJ9.eyJpYXQiOjE1NDAxODY3OTMsImp0aSI6IlhcL2tWK093M0g2WTE4SU0xV0hIUmNTeW1URDNxMWJ1VDVYR2lEdEtNSEtVPSIsImlzcyI6Ijo6MSIsIm5iZiI6MTU0MDE4Njc5MywiZXhwIjoxNTQwMTg4NTkzLCJkYXRhIjp7InVzZXJuYW1lIjoiYWRlIiwicGFzc3dvcmQiOiJiNzAxNjZkMjM1OWU1NWZmMzQ4NGY1ZDcwMjBjNzBkODZkODkwNzk2IiwiaXAiOiI6OjEiLCJ1c2VyX2FnZW50IjoiVGlja2V0aW5nLVdlYkFwcCJ9fQ.y2KiRigoNufw7R-1-MZJngt2Kc8y3hK0u0Y0GMWhrdI
Connection: close
Request body:

========================================
2018-10-22 12:48:59 
::1 POST /tourism/public-api/v1/tourism HTTP/1.1
HTTP headers:
Host: localhost
Content-Length: 188
User-Agent: Ticketing-WebApp
Authorization: Bearer eyJ0eXAiOiJKV1QiLCJhbGciOiJIUzI1NiJ9.eyJpYXQiOjE1NDAxODY3OTMsImp0aSI6IlhcL2tWK093M0g2WTE4SU0xV0hIUmNTeW1URDNxMWJ1VDVYR2lEdEtNSEtVPSIsImlzcyI6Ijo6MSIsIm5iZiI6MTU0MDE4Njc5MywiZXhwIjoxNTQwMTg4NTkzLCJkYXRhIjp7InVzZXJuYW1lIjoiYWRlIiwicGFzc3dvcmQiOiJiNzAxNjZkMjM1OWU1NWZmMzQ4NGY1ZDcwMjBjNzBkODZkODkwNzk2IiwiaXAiOiI6OjEiLCJ1c2VyX2FnZW50IjoiVGlja2V0aW5nLVdlYkFwcCJ9fQ.y2KiRigoNufw7R-1-MZJngt2Kc8y3hK0u0Y0GMWhrdI
Connection: close
Content-Type: application/x-www-form-urlencoded
Request body:
name=monas&tourism_description=deskripsi+monas&continent_id=5&country_id=1&province_id=12&city_id=1&address=alamat&tourism_approval_status=1&create_by=1&create_date=2018-10-22+05%3A48%3A59
========================================
2018-10-22 12:49:00 
::1 POST /tourism/public-api/v1/tourism_attachments/photo HTTP/1.1
HTTP headers:
Host: localhost
Content-Length: 25309
Content-Type: multipart/form-data; boundary="56270400b9cda70411f1f6b7b4903d82"
Authorization: Bearer eyJ0eXAiOiJKV1QiLCJhbGciOiJIUzI1NiJ9.eyJpYXQiOjE1NDAxODY3OTMsImp0aSI6IlhcL2tWK093M0g2WTE4SU0xV0hIUmNTeW1URDNxMWJ1VDVYR2lEdEtNSEtVPSIsImlzcyI6Ijo6MSIsIm5iZiI6MTU0MDE4Njc5MywiZXhwIjoxNTQwMTg4NTkzLCJkYXRhIjp7InVzZXJuYW1lIjoiYWRlIiwicGFzc3dvcmQiOiJiNzAxNjZkMjM1OWU1NWZmMzQ4NGY1ZDcwMjBjNzBkODZkODkwNzk2IiwiaXAiOiI6OjEiLCJ1c2VyX2FnZW50IjoiVGlja2V0aW5nLVdlYkFwcCJ9fQ.y2KiRigoNufw7R-1-MZJngt2Kc8y3hK0u0Y0GMWhrdI
Connection: close
User-Agent: CakePHP
Request body:

========================================
2018-10-22 12:49:00 
::1 PUT /tourism/public-api/v1/tourism/1 HTTP/1.1
HTTP headers:
Host: localhost
Content-Length: 44
User-Agent: Ticketing-WebApp
Authorization: Bearer eyJ0eXAiOiJKV1QiLCJhbGciOiJIUzI1NiJ9.eyJpYXQiOjE1NDAxODY3OTMsImp0aSI6IlhcL2tWK093M0g2WTE4SU0xV0hIUmNTeW1URDNxMWJ1VDVYR2lEdEtNSEtVPSIsImlzcyI6Ijo6MSIsIm5iZiI6MTU0MDE4Njc5MywiZXhwIjoxNTQwMTg4NTkzLCJkYXRhIjp7InVzZXJuYW1lIjoiYWRlIiwicGFzc3dvcmQiOiJiNzAxNjZkMjM1OWU1NWZmMzQ4NGY1ZDcwMjBjNzBkODZkODkwNzk2IiwiaXAiOiI6OjEiLCJ1c2VyX2FnZW50IjoiVGlja2V0aW5nLVdlYkFwcCJ9fQ.y2KiRigoNufw7R-1-MZJngt2Kc8y3hK0u0Y0GMWhrdI
Connection: close
Content-Type: application/x-www-form-urlencoded
Request body:
tourism_attachment_photos=s%3A1%3A%220%22%3B
========================================
2018-10-22 12:49:00 
::1 POST /tourism/public-api/v1/users/token HTTP/1.1
HTTP headers:
Host: localhost
Content-Length: 25
User-Agent: Ticketing-WebApp
Connection: close
Content-Type: application/x-www-form-urlencoded
Request body:
username=ade&password=ade
========================================
2018-10-22 12:49:02 
::1 PUT /tourism/public-api/v1/tourism/1 HTTP/1.1
HTTP headers:
Host: localhost
Content-Length: 44
User-Agent: Ticketing-WebApp
Authorization: Bearer eyJ0eXAiOiJKV1QiLCJhbGciOiJIUzI1NiJ9.eyJpYXQiOjE1NDAxODczNDEsImp0aSI6Im5FMlhWXC9UNTFKQ2FKUUxWTlEySENobFZXQlo1ZVZ1UVJSaExJR0dxZmdVPSIsImlzcyI6Ijo6MSIsIm5iZiI6MTU0MDE4NzM0MSwiZXhwIjoxNTQwMTg5MTQxLCJkYXRhIjp7InVzZXJuYW1lIjoiYWRlIiwicGFzc3dvcmQiOiJiNzAxNjZkMjM1OWU1NWZmMzQ4NGY1ZDcwMjBjNzBkODZkODkwNzk2IiwiaXAiOiI6OjEiLCJ1c2VyX2FnZW50IjoiVGlja2V0aW5nLVdlYkFwcCJ9fQ.0vnPf4H_yjmlBCvWTL1OpOj1uiYgst7PDuZ1i_o3g2Q
Connection: close
Content-Type: application/x-www-form-urlencoded
Request body:
tourism_attachment_photos=s%3A1%3A%220%22%3B
========================================
2018-10-22 12:49:02 
::1 POST /tourism/public-api/v1/users/token HTTP/1.1
HTTP headers:
Host: localhost
Content-Length: 25
User-Agent: Ticketing-WebApp
Connection: close
Content-Type: application/x-www-form-urlencoded
Request body:
username=ade&password=ade
========================================
2018-10-22 12:49:03 
::1 PUT /tourism/public-api/v1/tourism/1 HTTP/1.1
HTTP headers:
Host: localhost
Content-Length: 44
User-Agent: Ticketing-WebApp
Authorization: Bearer eyJ0eXAiOiJKV1QiLCJhbGciOiJIUzI1NiJ9.eyJpYXQiOjE1NDAxODczNDIsImp0aSI6IjVZZkRYVXNsZXA5cTA4Mk9MbFFVNHp0eDB0OWx4c3JWcU0zTGFTRXBcL2hjPSIsImlzcyI6Ijo6MSIsIm5iZiI6MTU0MDE4NzM0MiwiZXhwIjoxNTQwMTg5MTQyLCJkYXRhIjp7InVzZXJuYW1lIjoiYWRlIiwicGFzc3dvcmQiOiJiNzAxNjZkMjM1OWU1NWZmMzQ4NGY1ZDcwMjBjNzBkODZkODkwNzk2IiwiaXAiOiI6OjEiLCJ1c2VyX2FnZW50IjoiVGlja2V0aW5nLVdlYkFwcCJ9fQ.WkCypiXCID08pmbIfwhQtAN64rwcmJ3tRQcTKOzRI1M
Connection: close
Content-Type: application/x-www-form-urlencoded
Request body:
tourism_attachment_photos=s%3A1%3A%220%22%3B
========================================
2018-10-22 12:49:03 
::1 POST /tourism/public-api/v1/users/token HTTP/1.1
HTTP headers:
Host: localhost
Content-Length: 25
User-Agent: Ticketing-WebApp
Connection: close
Content-Type: application/x-www-form-urlencoded
Request body:
username=ade&password=ade
========================================
2018-10-22 12:49:04 
::1 PUT /tourism/public-api/v1/tourism/1 HTTP/1.1
HTTP headers:
Host: localhost
Content-Length: 44
User-Agent: Ticketing-WebApp
Authorization: Bearer eyJ0eXAiOiJKV1QiLCJhbGciOiJIUzI1NiJ9.eyJpYXQiOjE1NDAxODczNDMsImp0aSI6IktoamxUTlJvQ2FkOVdRdFprSTZmdDNJZHJscStxaU40NnE3azFNWlVNbms9IiwiaXNzIjoiOjoxIiwibmJmIjoxNTQwMTg3MzQzLCJleHAiOjE1NDAxODkxNDMsImRhdGEiOnsidXNlcm5hbWUiOiJhZGUiLCJwYXNzd29yZCI6ImI3MDE2NmQyMzU5ZTU1ZmYzNDg0ZjVkNzAyMGM3MGQ4NmQ4OTA3OTYiLCJpcCI6Ijo6MSIsInVzZXJfYWdlbnQiOiJUaWNrZXRpbmctV2ViQXBwIn19.YVG4ITB3REm3mqlgN3xSdFvCjYxps4aWlB2mI21rI64
Connection: close
Content-Type: application/x-www-form-urlencoded
Request body:
tourism_attachment_photos=s%3A1%3A%220%22%3B
========================================
2018-10-22 12:59:21 
::1 GET /tourism/public-api/v1/continents HTTP/1.1
HTTP headers:
Host: localhost
User-Agent: Ticketing-WebApp
Authorization: Bearer eyJ0eXAiOiJKV1QiLCJhbGciOiJIUzI1NiJ9.eyJpYXQiOjE1NDAxODczNDMsImp0aSI6IktoamxUTlJvQ2FkOVdRdFprSTZmdDNJZHJscStxaU40NnE3azFNWlVNbms9IiwiaXNzIjoiOjoxIiwibmJmIjoxNTQwMTg3MzQzLCJleHAiOjE1NDAxODkxNDMsImRhdGEiOnsidXNlcm5hbWUiOiJhZGUiLCJwYXNzd29yZCI6ImI3MDE2NmQyMzU5ZTU1ZmYzNDg0ZjVkNzAyMGM3MGQ4NmQ4OTA3OTYiLCJpcCI6Ijo6MSIsInVzZXJfYWdlbnQiOiJUaWNrZXRpbmctV2ViQXBwIn19.YVG4ITB3REm3mqlgN3xSdFvCjYxps4aWlB2mI21rI64
Connection: close
Request body:

========================================
2018-10-22 13:00:03 
::1 GET /tourism/public-api/v1/countries/5/continent?limit=1 HTTP/1.1
HTTP headers:
Host: localhost
User-Agent: Ticketing-WebApp
Authorization: Bearer eyJ0eXAiOiJKV1QiLCJhbGciOiJIUzI1NiJ9.eyJpYXQiOjE1NDAxODczNDMsImp0aSI6IktoamxUTlJvQ2FkOVdRdFprSTZmdDNJZHJscStxaU40NnE3azFNWlVNbms9IiwiaXNzIjoiOjoxIiwibmJmIjoxNTQwMTg3MzQzLCJleHAiOjE1NDAxODkxNDMsImRhdGEiOnsidXNlcm5hbWUiOiJhZGUiLCJwYXNzd29yZCI6ImI3MDE2NmQyMzU5ZTU1ZmYzNDg0ZjVkNzAyMGM3MGQ4NmQ4OTA3OTYiLCJpcCI6Ijo6MSIsInVzZXJfYWdlbnQiOiJUaWNrZXRpbmctV2ViQXBwIn19.YVG4ITB3REm3mqlgN3xSdFvCjYxps4aWlB2mI21rI64
Connection: close
Request body:

========================================
2018-10-22 13:00:04 
::1 GET /tourism/public-api/v1/countries/5/continent?limit=6 HTTP/1.1
HTTP headers:
Host: localhost
User-Agent: Ticketing-WebApp
Authorization: Bearer eyJ0eXAiOiJKV1QiLCJhbGciOiJIUzI1NiJ9.eyJpYXQiOjE1NDAxODczNDMsImp0aSI6IktoamxUTlJvQ2FkOVdRdFprSTZmdDNJZHJscStxaU40NnE3azFNWlVNbms9IiwiaXNzIjoiOjoxIiwibmJmIjoxNTQwMTg3MzQzLCJleHAiOjE1NDAxODkxNDMsImRhdGEiOnsidXNlcm5hbWUiOiJhZGUiLCJwYXNzd29yZCI6ImI3MDE2NmQyMzU5ZTU1ZmYzNDg0ZjVkNzAyMGM3MGQ4NmQ4OTA3OTYiLCJpcCI6Ijo6MSIsInVzZXJfYWdlbnQiOiJUaWNrZXRpbmctV2ViQXBwIn19.YVG4ITB3REm3mqlgN3xSdFvCjYxps4aWlB2mI21rI64
Connection: close
Request body:

========================================
2018-10-22 13:00:06 
::1 GET /tourism/public-api/v1/provinces/1/countries?limit=1 HTTP/1.1
HTTP headers:
Host: localhost
User-Agent: Ticketing-WebApp
Authorization: Bearer eyJ0eXAiOiJKV1QiLCJhbGciOiJIUzI1NiJ9.eyJpYXQiOjE1NDAxODczNDMsImp0aSI6IktoamxUTlJvQ2FkOVdRdFprSTZmdDNJZHJscStxaU40NnE3azFNWlVNbms9IiwiaXNzIjoiOjoxIiwibmJmIjoxNTQwMTg3MzQzLCJleHAiOjE1NDAxODkxNDMsImRhdGEiOnsidXNlcm5hbWUiOiJhZGUiLCJwYXNzd29yZCI6ImI3MDE2NmQyMzU5ZTU1ZmYzNDg0ZjVkNzAyMGM3MGQ4NmQ4OTA3OTYiLCJpcCI6Ijo6MSIsInVzZXJfYWdlbnQiOiJUaWNrZXRpbmctV2ViQXBwIn19.YVG4ITB3REm3mqlgN3xSdFvCjYxps4aWlB2mI21rI64
Connection: close
Request body:

========================================
2018-10-22 13:00:06 
::1 GET /tourism/public-api/v1/provinces/1/countries?limit=33 HTTP/1.1
HTTP headers:
Host: localhost
User-Agent: Ticketing-WebApp
Authorization: Bearer eyJ0eXAiOiJKV1QiLCJhbGciOiJIUzI1NiJ9.eyJpYXQiOjE1NDAxODczNDMsImp0aSI6IktoamxUTlJvQ2FkOVdRdFprSTZmdDNJZHJscStxaU40NnE3azFNWlVNbms9IiwiaXNzIjoiOjoxIiwibmJmIjoxNTQwMTg3MzQzLCJleHAiOjE1NDAxODkxNDMsImRhdGEiOnsidXNlcm5hbWUiOiJhZGUiLCJwYXNzd29yZCI6ImI3MDE2NmQyMzU5ZTU1ZmYzNDg0ZjVkNzAyMGM3MGQ4NmQ4OTA3OTYiLCJpcCI6Ijo6MSIsInVzZXJfYWdlbnQiOiJUaWNrZXRpbmctV2ViQXBwIn19.YVG4ITB3REm3mqlgN3xSdFvCjYxps4aWlB2mI21rI64
Connection: close
Request body:

========================================
2018-10-22 13:00:09 
::1 GET /tourism/public-api/v1/province/12/cities?limit=1 HTTP/1.1
HTTP headers:
Host: localhost
User-Agent: Ticketing-WebApp
Authorization: Bearer eyJ0eXAiOiJKV1QiLCJhbGciOiJIUzI1NiJ9.eyJpYXQiOjE1NDAxODczNDMsImp0aSI6IktoamxUTlJvQ2FkOVdRdFprSTZmdDNJZHJscStxaU40NnE3azFNWlVNbms9IiwiaXNzIjoiOjoxIiwibmJmIjoxNTQwMTg3MzQzLCJleHAiOjE1NDAxODkxNDMsImRhdGEiOnsidXNlcm5hbWUiOiJhZGUiLCJwYXNzd29yZCI6ImI3MDE2NmQyMzU5ZTU1ZmYzNDg0ZjVkNzAyMGM3MGQ4NmQ4OTA3OTYiLCJpcCI6Ijo6MSIsInVzZXJfYWdlbnQiOiJUaWNrZXRpbmctV2ViQXBwIn19.YVG4ITB3REm3mqlgN3xSdFvCjYxps4aWlB2mI21rI64
Connection: close
Request body:

========================================
2018-10-22 13:00:09 
::1 GET /tourism/public-api/v1/province/12/cities?limit=1 HTTP/1.1
HTTP headers:
Host: localhost
User-Agent: Ticketing-WebApp
Authorization: Bearer eyJ0eXAiOiJKV1QiLCJhbGciOiJIUzI1NiJ9.eyJpYXQiOjE1NDAxODczNDMsImp0aSI6IktoamxUTlJvQ2FkOVdRdFprSTZmdDNJZHJscStxaU40NnE3azFNWlVNbms9IiwiaXNzIjoiOjoxIiwibmJmIjoxNTQwMTg3MzQzLCJleHAiOjE1NDAxODkxNDMsImRhdGEiOnsidXNlcm5hbWUiOiJhZGUiLCJwYXNzd29yZCI6ImI3MDE2NmQyMzU5ZTU1ZmYzNDg0ZjVkNzAyMGM3MGQ4NmQ4OTA3OTYiLCJpcCI6Ijo6MSIsInVzZXJfYWdlbnQiOiJUaWNrZXRpbmctV2ViQXBwIn19.YVG4ITB3REm3mqlgN3xSdFvCjYxps4aWlB2mI21rI64
Connection: close
Request body:

========================================
2018-10-22 13:00:23 
::1 POST /tourism/public-api/v1/tourism HTTP/1.1
HTTP headers:
Host: localhost
Content-Length: 193
User-Agent: Ticketing-WebApp
Authorization: Bearer eyJ0eXAiOiJKV1QiLCJhbGciOiJIUzI1NiJ9.eyJpYXQiOjE1NDAxODczNDMsImp0aSI6IktoamxUTlJvQ2FkOVdRdFprSTZmdDNJZHJscStxaU40NnE3azFNWlVNbms9IiwiaXNzIjoiOjoxIiwibmJmIjoxNTQwMTg3MzQzLCJleHAiOjE1NDAxODkxNDMsImRhdGEiOnsidXNlcm5hbWUiOiJhZGUiLCJwYXNzd29yZCI6ImI3MDE2NmQyMzU5ZTU1ZmYzNDg0ZjVkNzAyMGM3MGQ4NmQ4OTA3OTYiLCJpcCI6Ijo6MSIsInVzZXJfYWdlbnQiOiJUaWNrZXRpbmctV2ViQXBwIn19.YVG4ITB3REm3mqlgN3xSdFvCjYxps4aWlB2mI21rI64
Connection: close
Content-Type: application/x-www-form-urlencoded
Request body:
name=monas&tourism_description=deskripsi+monas&continent_id=5&country_id=1&province_id=12&city_id=1&address=alamat+test&tourism_approval_status=1&create_by=1&create_date=2018-10-22+06%3A00%3A23
========================================
2018-10-22 13:00:24 
::1 POST /tourism/public-api/v1/tourism_attachments/photo HTTP/1.1
HTTP headers:
Host: localhost
Content-Length: 25309
Content-Type: multipart/form-data; boundary="540e21b8ddbac4650dd63e34f9483065"
Authorization: Bearer eyJ0eXAiOiJKV1QiLCJhbGciOiJIUzI1NiJ9.eyJpYXQiOjE1NDAxODczNDMsImp0aSI6IktoamxUTlJvQ2FkOVdRdFprSTZmdDNJZHJscStxaU40NnE3azFNWlVNbms9IiwiaXNzIjoiOjoxIiwibmJmIjoxNTQwMTg3MzQzLCJleHAiOjE1NDAxODkxNDMsImRhdGEiOnsidXNlcm5hbWUiOiJhZGUiLCJwYXNzd29yZCI6ImI3MDE2NmQyMzU5ZTU1ZmYzNDg0ZjVkNzAyMGM3MGQ4NmQ4OTA3OTYiLCJpcCI6Ijo6MSIsInVzZXJfYWdlbnQiOiJUaWNrZXRpbmctV2ViQXBwIn19.YVG4ITB3REm3mqlgN3xSdFvCjYxps4aWlB2mI21rI64
Connection: close
User-Agent: CakePHP
Request body:

========================================
2018-10-22 13:00:24 
::1 PUT /tourism/public-api/v1/tourism/1 HTTP/1.1
HTTP headers:
Host: localhost
Content-Length: 44
User-Agent: Ticketing-WebApp
Authorization: Bearer eyJ0eXAiOiJKV1QiLCJhbGciOiJIUzI1NiJ9.eyJpYXQiOjE1NDAxODczNDMsImp0aSI6IktoamxUTlJvQ2FkOVdRdFprSTZmdDNJZHJscStxaU40NnE3azFNWlVNbms9IiwiaXNzIjoiOjoxIiwibmJmIjoxNTQwMTg3MzQzLCJleHAiOjE1NDAxODkxNDMsImRhdGEiOnsidXNlcm5hbWUiOiJhZGUiLCJwYXNzd29yZCI6ImI3MDE2NmQyMzU5ZTU1ZmYzNDg0ZjVkNzAyMGM3MGQ4NmQ4OTA3OTYiLCJpcCI6Ijo6MSIsInVzZXJfYWdlbnQiOiJUaWNrZXRpbmctV2ViQXBwIn19.YVG4ITB3REm3mqlgN3xSdFvCjYxps4aWlB2mI21rI64
Connection: close
Content-Type: application/x-www-form-urlencoded
Request body:
tourism_attachment_photos=s%3A1%3A%221%22%3B
========================================
2018-10-22 13:07:47 
::1 POST /tourism/public-api/v1/tourism HTTP/1.1
HTTP headers:
Host: localhost
Content-Length: 193
User-Agent: Ticketing-WebApp
Authorization: Bearer eyJ0eXAiOiJKV1QiLCJhbGciOiJIUzI1NiJ9.eyJpYXQiOjE1NDAxODczNDMsImp0aSI6IktoamxUTlJvQ2FkOVdRdFprSTZmdDNJZHJscStxaU40NnE3azFNWlVNbms9IiwiaXNzIjoiOjoxIiwibmJmIjoxNTQwMTg3MzQzLCJleHAiOjE1NDAxODkxNDMsImRhdGEiOnsidXNlcm5hbWUiOiJhZGUiLCJwYXNzd29yZCI6ImI3MDE2NmQyMzU5ZTU1ZmYzNDg0ZjVkNzAyMGM3MGQ4NmQ4OTA3OTYiLCJpcCI6Ijo6MSIsInVzZXJfYWdlbnQiOiJUaWNrZXRpbmctV2ViQXBwIn19.YVG4ITB3REm3mqlgN3xSdFvCjYxps4aWlB2mI21rI64
Connection: close
Content-Type: application/x-www-form-urlencoded
Request body:
name=monas&tourism_description=deskripsi+monas&continent_id=5&country_id=1&province_id=12&city_id=1&address=alamat+test&tourism_approval_status=1&create_by=1&create_date=2018-10-22+13%3A07%3A47
========================================
2018-10-22 13:07:47 
::1 POST /tourism/public-api/v1/tourism_attachments/photo HTTP/1.1
HTTP headers:
Host: localhost
Content-Length: 25309
Content-Type: multipart/form-data; boundary="c7427ef75f6a0334a6896a1dc998da67"
Authorization: Bearer eyJ0eXAiOiJKV1QiLCJhbGciOiJIUzI1NiJ9.eyJpYXQiOjE1NDAxODczNDMsImp0aSI6IktoamxUTlJvQ2FkOVdRdFprSTZmdDNJZHJscStxaU40NnE3azFNWlVNbms9IiwiaXNzIjoiOjoxIiwibmJmIjoxNTQwMTg3MzQzLCJleHAiOjE1NDAxODkxNDMsImRhdGEiOnsidXNlcm5hbWUiOiJhZGUiLCJwYXNzd29yZCI6ImI3MDE2NmQyMzU5ZTU1ZmYzNDg0ZjVkNzAyMGM3MGQ4NmQ4OTA3OTYiLCJpcCI6Ijo6MSIsInVzZXJfYWdlbnQiOiJUaWNrZXRpbmctV2ViQXBwIn19.YVG4ITB3REm3mqlgN3xSdFvCjYxps4aWlB2mI21rI64
Connection: close
User-Agent: CakePHP
Request body:

========================================
2018-10-22 13:07:48 
::1 PUT /tourism/public-api/v1/tourism/2 HTTP/1.1
HTTP headers:
Host: localhost
Content-Length: 44
User-Agent: Ticketing-WebApp
Authorization: Bearer eyJ0eXAiOiJKV1QiLCJhbGciOiJIUzI1NiJ9.eyJpYXQiOjE1NDAxODczNDMsImp0aSI6IktoamxUTlJvQ2FkOVdRdFprSTZmdDNJZHJscStxaU40NnE3azFNWlVNbms9IiwiaXNzIjoiOjoxIiwibmJmIjoxNTQwMTg3MzQzLCJleHAiOjE1NDAxODkxNDMsImRhdGEiOnsidXNlcm5hbWUiOiJhZGUiLCJwYXNzd29yZCI6ImI3MDE2NmQyMzU5ZTU1ZmYzNDg0ZjVkNzAyMGM3MGQ4NmQ4OTA3OTYiLCJpcCI6Ijo6MSIsInVzZXJfYWdlbnQiOiJUaWNrZXRpbmctV2ViQXBwIn19.YVG4ITB3REm3mqlgN3xSdFvCjYxps4aWlB2mI21rI64
Connection: close
Content-Type: application/x-www-form-urlencoded
Request body:
tourism_attachment_photos=s%3A1%3A%222%22%3B
========================================
