2018-10-19 11:08:52 
::1 POST /tourism/public-api/v1/users/token HTTP/1.1
HTTP headers:
Host: localhost
Content-Length: 25
User-Agent: Ticketing-WebApp
Connection: close
Content-Type: application/x-www-form-urlencoded
Request body:
username=ade&password=ade
========================================
2018-10-19 11:08:54 
::1 GET /tourism/public-api/v1/users/1 HTTP/1.1
HTTP headers:
Host: localhost
User-Agent: Ticketing-WebApp
Authorization: Bearer eyJ0eXAiOiJKV1QiLCJhbGciOiJIUzI1NiJ9.eyJpYXQiOjE1Mzk5MjIxMzMsImp0aSI6ImpocVZONmpOUkloYldOYkd4MmVka1wvejlGaGZ0S21KT1d6RkdBa1hRdkEwPSIsImlzcyI6Ijo6MSIsIm5iZiI6MTUzOTkyMjEzMywiZXhwIjoxNTM5OTIzOTMzLCJkYXRhIjp7InVzZXJuYW1lIjoiYWRlIiwicGFzc3dvcmQiOiJiNzAxNjZkMjM1OWU1NWZmMzQ4NGY1ZDcwMjBjNzBkODZkODkwNzk2IiwiaXAiOiI6OjEiLCJ1c2VyX2FnZW50IjoiVGlja2V0aW5nLVdlYkFwcCJ9fQ.-ovSEIa3USsTSirJN97v-KwnuEDPE6GJGI2uT2zCHPY
Connection: close
Request body:

========================================
2018-10-19 11:09:06 
::1 GET /tourism/public-api/v1/continents HTTP/1.1
HTTP headers:
Host: localhost
User-Agent: Ticketing-WebApp
Authorization: Bearer eyJ0eXAiOiJKV1QiLCJhbGciOiJIUzI1NiJ9.eyJpYXQiOjE1Mzk5MjIxMzMsImp0aSI6ImpocVZONmpOUkloYldOYkd4MmVka1wvejlGaGZ0S21KT1d6RkdBa1hRdkEwPSIsImlzcyI6Ijo6MSIsIm5iZiI6MTUzOTkyMjEzMywiZXhwIjoxNTM5OTIzOTMzLCJkYXRhIjp7InVzZXJuYW1lIjoiYWRlIiwicGFzc3dvcmQiOiJiNzAxNjZkMjM1OWU1NWZmMzQ4NGY1ZDcwMjBjNzBkODZkODkwNzk2IiwiaXAiOiI6OjEiLCJ1c2VyX2FnZW50IjoiVGlja2V0aW5nLVdlYkFwcCJ9fQ.-ovSEIa3USsTSirJN97v-KwnuEDPE6GJGI2uT2zCHPY
Connection: close
Request body:

========================================
2018-10-19 11:09:10 
::1 GET /tourism/public-api/v1/continents HTTP/1.1
HTTP headers:
Host: localhost
User-Agent: Ticketing-WebApp
Authorization: Bearer eyJ0eXAiOiJKV1QiLCJhbGciOiJIUzI1NiJ9.eyJpYXQiOjE1Mzk5MjIxMzMsImp0aSI6ImpocVZONmpOUkloYldOYkd4MmVka1wvejlGaGZ0S21KT1d6RkdBa1hRdkEwPSIsImlzcyI6Ijo6MSIsIm5iZiI6MTUzOTkyMjEzMywiZXhwIjoxNTM5OTIzOTMzLCJkYXRhIjp7InVzZXJuYW1lIjoiYWRlIiwicGFzc3dvcmQiOiJiNzAxNjZkMjM1OWU1NWZmMzQ4NGY1ZDcwMjBjNzBkODZkODkwNzk2IiwiaXAiOiI6OjEiLCJ1c2VyX2FnZW50IjoiVGlja2V0aW5nLVdlYkFwcCJ9fQ.-ovSEIa3USsTSirJN97v-KwnuEDPE6GJGI2uT2zCHPY
Connection: close
Request body:

========================================
2018-10-19 16:04:36 
::1 POST /tourism/public-api/v1/users/token HTTP/1.1
HTTP headers:
Host: localhost
Content-Length: 25
User-Agent: Ticketing-WebApp
Connection: close
Content-Type: application/x-www-form-urlencoded
Request body:
username=ade&password=ade
========================================
2018-10-19 16:04:37 
::1 GET /tourism/public-api/v1/users/1 HTTP/1.1
HTTP headers:
Host: localhost
User-Agent: Ticketing-WebApp
Authorization: Bearer eyJ0eXAiOiJKV1QiLCJhbGciOiJIUzI1NiJ9.eyJpYXQiOjE1Mzk5Mzk4NzYsImp0aSI6Im81YTQ0YmNcL1wvbXFcL0NjMUpSMFBzaWEzTk5WS3RmYTllejBEcGlFd3hPRkE9IiwiaXNzIjoiOjoxIiwibmJmIjoxNTM5OTM5ODc2LCJleHAiOjE1Mzk5NDE2NzYsImRhdGEiOnsidXNlcm5hbWUiOiJhZGUiLCJwYXNzd29yZCI6ImI3MDE2NmQyMzU5ZTU1ZmYzNDg0ZjVkNzAyMGM3MGQ4NmQ4OTA3OTYiLCJpcCI6Ijo6MSIsInVzZXJfYWdlbnQiOiJUaWNrZXRpbmctV2ViQXBwIn19.A-R3-D4N4xQqdG_KUMw88jI9ZIs9NezmuBwBp6q7Kjw
Connection: close
Request body:

========================================
2018-10-19 16:04:49 
::1 GET /tourism/public-api/v1/continents HTTP/1.1
HTTP headers:
Host: localhost
User-Agent: Ticketing-WebApp
Authorization: Bearer eyJ0eXAiOiJKV1QiLCJhbGciOiJIUzI1NiJ9.eyJpYXQiOjE1Mzk5Mzk4NzYsImp0aSI6Im81YTQ0YmNcL1wvbXFcL0NjMUpSMFBzaWEzTk5WS3RmYTllejBEcGlFd3hPRkE9IiwiaXNzIjoiOjoxIiwibmJmIjoxNTM5OTM5ODc2LCJleHAiOjE1Mzk5NDE2NzYsImRhdGEiOnsidXNlcm5hbWUiOiJhZGUiLCJwYXNzd29yZCI6ImI3MDE2NmQyMzU5ZTU1ZmYzNDg0ZjVkNzAyMGM3MGQ4NmQ4OTA3OTYiLCJpcCI6Ijo6MSIsInVzZXJfYWdlbnQiOiJUaWNrZXRpbmctV2ViQXBwIn19.A-R3-D4N4xQqdG_KUMw88jI9ZIs9NezmuBwBp6q7Kjw
Connection: close
Request body:

========================================
2018-10-19 16:04:57 
::1 GET /tourism/public-api/v1/continents HTTP/1.1
HTTP headers:
Host: localhost
User-Agent: Ticketing-WebApp
Authorization: Bearer eyJ0eXAiOiJKV1QiLCJhbGciOiJIUzI1NiJ9.eyJpYXQiOjE1Mzk5Mzk4NzYsImp0aSI6Im81YTQ0YmNcL1wvbXFcL0NjMUpSMFBzaWEzTk5WS3RmYTllejBEcGlFd3hPRkE9IiwiaXNzIjoiOjoxIiwibmJmIjoxNTM5OTM5ODc2LCJleHAiOjE1Mzk5NDE2NzYsImRhdGEiOnsidXNlcm5hbWUiOiJhZGUiLCJwYXNzd29yZCI6ImI3MDE2NmQyMzU5ZTU1ZmYzNDg0ZjVkNzAyMGM3MGQ4NmQ4OTA3OTYiLCJpcCI6Ijo6MSIsInVzZXJfYWdlbnQiOiJUaWNrZXRpbmctV2ViQXBwIn19.A-R3-D4N4xQqdG_KUMw88jI9ZIs9NezmuBwBp6q7Kjw
Connection: close
Request body:

========================================
2018-10-19 16:43:39 
::1 POST /tourism/public-api/v1/users/token HTTP/1.1
HTTP headers:
Host: localhost
Content-Length: 25
User-Agent: Ticketing-WebApp
Connection: close
Content-Type: application/x-www-form-urlencoded
Request body:
username=ade&password=ade
========================================
2018-10-19 16:43:40 
::1 GET /tourism/public-api/v1/users/1 HTTP/1.1
HTTP headers:
Host: localhost
User-Agent: Ticketing-WebApp
Authorization: Bearer eyJ0eXAiOiJKV1QiLCJhbGciOiJIUzI1NiJ9.eyJpYXQiOjE1Mzk5NDIyMTksImp0aSI6ImJvMUlSUGQycUVQS3dYWmcrV21oMmZzR0tYZEp4NEo4eXhwbkJ1XC9UNVp3PSIsImlzcyI6Ijo6MSIsIm5iZiI6MTUzOTk0MjIxOSwiZXhwIjoxNTM5OTQ0MDE5LCJkYXRhIjp7InVzZXJuYW1lIjoiYWRlIiwicGFzc3dvcmQiOiJiNzAxNjZkMjM1OWU1NWZmMzQ4NGY1ZDcwMjBjNzBkODZkODkwNzk2IiwiaXAiOiI6OjEiLCJ1c2VyX2FnZW50IjoiVGlja2V0aW5nLVdlYkFwcCJ9fQ.w3pFwaKzTGOB7DA_1-cWVUEzCpaGkHUP6wGCChkCPnA
Connection: close
Request body:

========================================
2018-10-19 16:53:13 
::1 GET /tourism/public-api/v1/continents HTTP/1.1
HTTP headers:
Host: localhost
User-Agent: Ticketing-WebApp
Authorization: Bearer eyJ0eXAiOiJKV1QiLCJhbGciOiJIUzI1NiJ9.eyJpYXQiOjE1Mzk5NDIyMTksImp0aSI6ImJvMUlSUGQycUVQS3dYWmcrV21oMmZzR0tYZEp4NEo4eXhwbkJ1XC9UNVp3PSIsImlzcyI6Ijo6MSIsIm5iZiI6MTUzOTk0MjIxOSwiZXhwIjoxNTM5OTQ0MDE5LCJkYXRhIjp7InVzZXJuYW1lIjoiYWRlIiwicGFzc3dvcmQiOiJiNzAxNjZkMjM1OWU1NWZmMzQ4NGY1ZDcwMjBjNzBkODZkODkwNzk2IiwiaXAiOiI6OjEiLCJ1c2VyX2FnZW50IjoiVGlja2V0aW5nLVdlYkFwcCJ9fQ.w3pFwaKzTGOB7DA_1-cWVUEzCpaGkHUP6wGCChkCPnA
Connection: close
Request body:

========================================
2018-10-19 16:53:18 
::1 GET /tourism/public-api/v1/continents HTTP/1.1
HTTP headers:
Host: localhost
User-Agent: Ticketing-WebApp
Authorization: Bearer eyJ0eXAiOiJKV1QiLCJhbGciOiJIUzI1NiJ9.eyJpYXQiOjE1Mzk5NDIyMTksImp0aSI6ImJvMUlSUGQycUVQS3dYWmcrV21oMmZzR0tYZEp4NEo4eXhwbkJ1XC9UNVp3PSIsImlzcyI6Ijo6MSIsIm5iZiI6MTUzOTk0MjIxOSwiZXhwIjoxNTM5OTQ0MDE5LCJkYXRhIjp7InVzZXJuYW1lIjoiYWRlIiwicGFzc3dvcmQiOiJiNzAxNjZkMjM1OWU1NWZmMzQ4NGY1ZDcwMjBjNzBkODZkODkwNzk2IiwiaXAiOiI6OjEiLCJ1c2VyX2FnZW50IjoiVGlja2V0aW5nLVdlYkFwcCJ9fQ.w3pFwaKzTGOB7DA_1-cWVUEzCpaGkHUP6wGCChkCPnA
Connection: close
Request body:

========================================
2018-10-19 16:57:38 
::1 GET /tourism/public-api/v1/countries/1/continent?limit=1 HTTP/1.1
HTTP headers:
Host: localhost
User-Agent: Ticketing-WebApp
Authorization: Bearer eyJ0eXAiOiJKV1QiLCJhbGciOiJIUzI1NiJ9.eyJpYXQiOjE1Mzk5NDIyMTksImp0aSI6ImJvMUlSUGQycUVQS3dYWmcrV21oMmZzR0tYZEp4NEo4eXhwbkJ1XC9UNVp3PSIsImlzcyI6Ijo6MSIsIm5iZiI6MTUzOTk0MjIxOSwiZXhwIjoxNTM5OTQ0MDE5LCJkYXRhIjp7InVzZXJuYW1lIjoiYWRlIiwicGFzc3dvcmQiOiJiNzAxNjZkMjM1OWU1NWZmMzQ4NGY1ZDcwMjBjNzBkODZkODkwNzk2IiwiaXAiOiI6OjEiLCJ1c2VyX2FnZW50IjoiVGlja2V0aW5nLVdlYkFwcCJ9fQ.w3pFwaKzTGOB7DA_1-cWVUEzCpaGkHUP6wGCChkCPnA
Connection: close
Request body:

========================================
2018-10-19 16:57:38 
::1 GET /tourism/public-api/v1/countries/1/continent?limit=0 HTTP/1.1
HTTP headers:
Host: localhost
User-Agent: Ticketing-WebApp
Authorization: Bearer eyJ0eXAiOiJKV1QiLCJhbGciOiJIUzI1NiJ9.eyJpYXQiOjE1Mzk5NDIyMTksImp0aSI6ImJvMUlSUGQycUVQS3dYWmcrV21oMmZzR0tYZEp4NEo4eXhwbkJ1XC9UNVp3PSIsImlzcyI6Ijo6MSIsIm5iZiI6MTUzOTk0MjIxOSwiZXhwIjoxNTM5OTQ0MDE5LCJkYXRhIjp7InVzZXJuYW1lIjoiYWRlIiwicGFzc3dvcmQiOiJiNzAxNjZkMjM1OWU1NWZmMzQ4NGY1ZDcwMjBjNzBkODZkODkwNzk2IiwiaXAiOiI6OjEiLCJ1c2VyX2FnZW50IjoiVGlja2V0aW5nLVdlYkFwcCJ9fQ.w3pFwaKzTGOB7DA_1-cWVUEzCpaGkHUP6wGCChkCPnA
Connection: close
Request body:

========================================
2018-10-19 16:57:41 
::1 GET /tourism/public-api/v1/countries/5/continent?limit=1 HTTP/1.1
HTTP headers:
Host: localhost
User-Agent: Ticketing-WebApp
Authorization: Bearer eyJ0eXAiOiJKV1QiLCJhbGciOiJIUzI1NiJ9.eyJpYXQiOjE1Mzk5NDIyMTksImp0aSI6ImJvMUlSUGQycUVQS3dYWmcrV21oMmZzR0tYZEp4NEo4eXhwbkJ1XC9UNVp3PSIsImlzcyI6Ijo6MSIsIm5iZiI6MTUzOTk0MjIxOSwiZXhwIjoxNTM5OTQ0MDE5LCJkYXRhIjp7InVzZXJuYW1lIjoiYWRlIiwicGFzc3dvcmQiOiJiNzAxNjZkMjM1OWU1NWZmMzQ4NGY1ZDcwMjBjNzBkODZkODkwNzk2IiwiaXAiOiI6OjEiLCJ1c2VyX2FnZW50IjoiVGlja2V0aW5nLVdlYkFwcCJ9fQ.w3pFwaKzTGOB7DA_1-cWVUEzCpaGkHUP6wGCChkCPnA
Connection: close
Request body:

========================================
2018-10-19 16:57:41 
::1 GET /tourism/public-api/v1/countries/5/continent?limit=6 HTTP/1.1
HTTP headers:
Host: localhost
User-Agent: Ticketing-WebApp
Authorization: Bearer eyJ0eXAiOiJKV1QiLCJhbGciOiJIUzI1NiJ9.eyJpYXQiOjE1Mzk5NDIyMTksImp0aSI6ImJvMUlSUGQycUVQS3dYWmcrV21oMmZzR0tYZEp4NEo4eXhwbkJ1XC9UNVp3PSIsImlzcyI6Ijo6MSIsIm5iZiI6MTUzOTk0MjIxOSwiZXhwIjoxNTM5OTQ0MDE5LCJkYXRhIjp7InVzZXJuYW1lIjoiYWRlIiwicGFzc3dvcmQiOiJiNzAxNjZkMjM1OWU1NWZmMzQ4NGY1ZDcwMjBjNzBkODZkODkwNzk2IiwiaXAiOiI6OjEiLCJ1c2VyX2FnZW50IjoiVGlja2V0aW5nLVdlYkFwcCJ9fQ.w3pFwaKzTGOB7DA_1-cWVUEzCpaGkHUP6wGCChkCPnA
Connection: close
Request body:

========================================
2018-10-19 16:58:46 
::1 GET /tourism/public-api/v1/continents HTTP/1.1
HTTP headers:
Host: localhost
User-Agent: Ticketing-WebApp
Authorization: Bearer eyJ0eXAiOiJKV1QiLCJhbGciOiJIUzI1NiJ9.eyJpYXQiOjE1Mzk5NDIyMTksImp0aSI6ImJvMUlSUGQycUVQS3dYWmcrV21oMmZzR0tYZEp4NEo4eXhwbkJ1XC9UNVp3PSIsImlzcyI6Ijo6MSIsIm5iZiI6MTUzOTk0MjIxOSwiZXhwIjoxNTM5OTQ0MDE5LCJkYXRhIjp7InVzZXJuYW1lIjoiYWRlIiwicGFzc3dvcmQiOiJiNzAxNjZkMjM1OWU1NWZmMzQ4NGY1ZDcwMjBjNzBkODZkODkwNzk2IiwiaXAiOiI6OjEiLCJ1c2VyX2FnZW50IjoiVGlja2V0aW5nLVdlYkFwcCJ9fQ.w3pFwaKzTGOB7DA_1-cWVUEzCpaGkHUP6wGCChkCPnA
Connection: close
Request body:

========================================
2018-10-19 16:59:09 
::1 POST /tourism/public-api/v1/tourism_attachments/photo HTTP/1.1
HTTP headers:
Host: localhost
Content-Length: 25308
Content-Type: multipart/form-data; boundary="526d2de75851d1a10729ad6d9c7dbcea"
Authorization: Bearer eyJ0eXAiOiJKV1QiLCJhbGciOiJIUzI1NiJ9.eyJpYXQiOjE1Mzk5NDIyMTksImp0aSI6ImJvMUlSUGQycUVQS3dYWmcrV21oMmZzR0tYZEp4NEo4eXhwbkJ1XC9UNVp3PSIsImlzcyI6Ijo6MSIsIm5iZiI6MTUzOTk0MjIxOSwiZXhwIjoxNTM5OTQ0MDE5LCJkYXRhIjp7InVzZXJuYW1lIjoiYWRlIiwicGFzc3dvcmQiOiJiNzAxNjZkMjM1OWU1NWZmMzQ4NGY1ZDcwMjBjNzBkODZkODkwNzk2IiwiaXAiOiI6OjEiLCJ1c2VyX2FnZW50IjoiVGlja2V0aW5nLVdlYkFwcCJ9fQ.w3pFwaKzTGOB7DA_1-cWVUEzCpaGkHUP6wGCChkCPnA
Connection: close
User-Agent: CakePHP
Request body:

========================================
2018-10-19 17:03:31 
::1 GET /tourism/public-api/v1/continents HTTP/1.1
HTTP headers:
Host: localhost
User-Agent: Ticketing-WebApp
Authorization: Bearer eyJ0eXAiOiJKV1QiLCJhbGciOiJIUzI1NiJ9.eyJpYXQiOjE1Mzk5NDIyMTksImp0aSI6ImJvMUlSUGQycUVQS3dYWmcrV21oMmZzR0tYZEp4NEo4eXhwbkJ1XC9UNVp3PSIsImlzcyI6Ijo6MSIsIm5iZiI6MTUzOTk0MjIxOSwiZXhwIjoxNTM5OTQ0MDE5LCJkYXRhIjp7InVzZXJuYW1lIjoiYWRlIiwicGFzc3dvcmQiOiJiNzAxNjZkMjM1OWU1NWZmMzQ4NGY1ZDcwMjBjNzBkODZkODkwNzk2IiwiaXAiOiI6OjEiLCJ1c2VyX2FnZW50IjoiVGlja2V0aW5nLVdlYkFwcCJ9fQ.w3pFwaKzTGOB7DA_1-cWVUEzCpaGkHUP6wGCChkCPnA
Connection: close
Request body:

========================================
2018-10-19 17:03:49 
::1 GET /tourism/public-api/v1/countries/5/continent?limit=1 HTTP/1.1
HTTP headers:
Host: localhost
User-Agent: Ticketing-WebApp
Authorization: Bearer eyJ0eXAiOiJKV1QiLCJhbGciOiJIUzI1NiJ9.eyJpYXQiOjE1Mzk5NDIyMTksImp0aSI6ImJvMUlSUGQycUVQS3dYWmcrV21oMmZzR0tYZEp4NEo4eXhwbkJ1XC9UNVp3PSIsImlzcyI6Ijo6MSIsIm5iZiI6MTUzOTk0MjIxOSwiZXhwIjoxNTM5OTQ0MDE5LCJkYXRhIjp7InVzZXJuYW1lIjoiYWRlIiwicGFzc3dvcmQiOiJiNzAxNjZkMjM1OWU1NWZmMzQ4NGY1ZDcwMjBjNzBkODZkODkwNzk2IiwiaXAiOiI6OjEiLCJ1c2VyX2FnZW50IjoiVGlja2V0aW5nLVdlYkFwcCJ9fQ.w3pFwaKzTGOB7DA_1-cWVUEzCpaGkHUP6wGCChkCPnA
Connection: close
Request body:

========================================
2018-10-19 17:03:49 
::1 GET /tourism/public-api/v1/countries/5/continent?limit=6 HTTP/1.1
HTTP headers:
Host: localhost
User-Agent: Ticketing-WebApp
Authorization: Bearer eyJ0eXAiOiJKV1QiLCJhbGciOiJIUzI1NiJ9.eyJpYXQiOjE1Mzk5NDIyMTksImp0aSI6ImJvMUlSUGQycUVQS3dYWmcrV21oMmZzR0tYZEp4NEo4eXhwbkJ1XC9UNVp3PSIsImlzcyI6Ijo6MSIsIm5iZiI6MTUzOTk0MjIxOSwiZXhwIjoxNTM5OTQ0MDE5LCJkYXRhIjp7InVzZXJuYW1lIjoiYWRlIiwicGFzc3dvcmQiOiJiNzAxNjZkMjM1OWU1NWZmMzQ4NGY1ZDcwMjBjNzBkODZkODkwNzk2IiwiaXAiOiI6OjEiLCJ1c2VyX2FnZW50IjoiVGlja2V0aW5nLVdlYkFwcCJ9fQ.w3pFwaKzTGOB7DA_1-cWVUEzCpaGkHUP6wGCChkCPnA
Connection: close
Request body:

========================================
2018-10-19 17:03:51 
::1 GET /tourism/public-api/v1/provinces/1/countries?limit=1 HTTP/1.1
HTTP headers:
Host: localhost
User-Agent: Ticketing-WebApp
Authorization: Bearer eyJ0eXAiOiJKV1QiLCJhbGciOiJIUzI1NiJ9.eyJpYXQiOjE1Mzk5NDIyMTksImp0aSI6ImJvMUlSUGQycUVQS3dYWmcrV21oMmZzR0tYZEp4NEo4eXhwbkJ1XC9UNVp3PSIsImlzcyI6Ijo6MSIsIm5iZiI6MTUzOTk0MjIxOSwiZXhwIjoxNTM5OTQ0MDE5LCJkYXRhIjp7InVzZXJuYW1lIjoiYWRlIiwicGFzc3dvcmQiOiJiNzAxNjZkMjM1OWU1NWZmMzQ4NGY1ZDcwMjBjNzBkODZkODkwNzk2IiwiaXAiOiI6OjEiLCJ1c2VyX2FnZW50IjoiVGlja2V0aW5nLVdlYkFwcCJ9fQ.w3pFwaKzTGOB7DA_1-cWVUEzCpaGkHUP6wGCChkCPnA
Connection: close
Request body:

========================================
2018-10-19 17:03:52 
::1 GET /tourism/public-api/v1/provinces/1/countries?limit=33 HTTP/1.1
HTTP headers:
Host: localhost
User-Agent: Ticketing-WebApp
Authorization: Bearer eyJ0eXAiOiJKV1QiLCJhbGciOiJIUzI1NiJ9.eyJpYXQiOjE1Mzk5NDIyMTksImp0aSI6ImJvMUlSUGQycUVQS3dYWmcrV21oMmZzR0tYZEp4NEo4eXhwbkJ1XC9UNVp3PSIsImlzcyI6Ijo6MSIsIm5iZiI6MTUzOTk0MjIxOSwiZXhwIjoxNTM5OTQ0MDE5LCJkYXRhIjp7InVzZXJuYW1lIjoiYWRlIiwicGFzc3dvcmQiOiJiNzAxNjZkMjM1OWU1NWZmMzQ4NGY1ZDcwMjBjNzBkODZkODkwNzk2IiwiaXAiOiI6OjEiLCJ1c2VyX2FnZW50IjoiVGlja2V0aW5nLVdlYkFwcCJ9fQ.w3pFwaKzTGOB7DA_1-cWVUEzCpaGkHUP6wGCChkCPnA
Connection: close
Request body:

========================================
2018-10-19 17:03:57 
::1 GET /tourism/public-api/v1/province/12/cities?limit=1 HTTP/1.1
HTTP headers:
Host: localhost
User-Agent: Ticketing-WebApp
Authorization: Bearer eyJ0eXAiOiJKV1QiLCJhbGciOiJIUzI1NiJ9.eyJpYXQiOjE1Mzk5NDIyMTksImp0aSI6ImJvMUlSUGQycUVQS3dYWmcrV21oMmZzR0tYZEp4NEo4eXhwbkJ1XC9UNVp3PSIsImlzcyI6Ijo6MSIsIm5iZiI6MTUzOTk0MjIxOSwiZXhwIjoxNTM5OTQ0MDE5LCJkYXRhIjp7InVzZXJuYW1lIjoiYWRlIiwicGFzc3dvcmQiOiJiNzAxNjZkMjM1OWU1NWZmMzQ4NGY1ZDcwMjBjNzBkODZkODkwNzk2IiwiaXAiOiI6OjEiLCJ1c2VyX2FnZW50IjoiVGlja2V0aW5nLVdlYkFwcCJ9fQ.w3pFwaKzTGOB7DA_1-cWVUEzCpaGkHUP6wGCChkCPnA
Connection: close
Request body:

========================================
2018-10-19 17:03:57 
::1 GET /tourism/public-api/v1/province/12/cities?limit=1 HTTP/1.1
HTTP headers:
Host: localhost
User-Agent: Ticketing-WebApp
Authorization: Bearer eyJ0eXAiOiJKV1QiLCJhbGciOiJIUzI1NiJ9.eyJpYXQiOjE1Mzk5NDIyMTksImp0aSI6ImJvMUlSUGQycUVQS3dYWmcrV21oMmZzR0tYZEp4NEo4eXhwbkJ1XC9UNVp3PSIsImlzcyI6Ijo6MSIsIm5iZiI6MTUzOTk0MjIxOSwiZXhwIjoxNTM5OTQ0MDE5LCJkYXRhIjp7InVzZXJuYW1lIjoiYWRlIiwicGFzc3dvcmQiOiJiNzAxNjZkMjM1OWU1NWZmMzQ4NGY1ZDcwMjBjNzBkODZkODkwNzk2IiwiaXAiOiI6OjEiLCJ1c2VyX2FnZW50IjoiVGlja2V0aW5nLVdlYkFwcCJ9fQ.w3pFwaKzTGOB7DA_1-cWVUEzCpaGkHUP6wGCChkCPnA
Connection: close
Request body:

========================================
2018-10-19 17:04:26 
::1 POST /tourism/public-api/v1/tourism HTTP/1.1
HTTP headers:
Host: localhost
Content-Length: 117
User-Agent: Ticketing-WebApp
Authorization: Bearer eyJ0eXAiOiJKV1QiLCJhbGciOiJIUzI1NiJ9.eyJpYXQiOjE1Mzk5NDIyMTksImp0aSI6ImJvMUlSUGQycUVQS3dYWmcrV21oMmZzR0tYZEp4NEo4eXhwbkJ1XC9UNVp3PSIsImlzcyI6Ijo6MSIsIm5iZiI6MTUzOTk0MjIxOSwiZXhwIjoxNTM5OTQ0MDE5LCJkYXRhIjp7InVzZXJuYW1lIjoiYWRlIiwicGFzc3dvcmQiOiJiNzAxNjZkMjM1OWU1NWZmMzQ4NGY1ZDcwMjBjNzBkODZkODkwNzk2IiwiaXAiOiI6OjEiLCJ1c2VyX2FnZW50IjoiVGlja2V0aW5nLVdlYkFwcCJ9fQ.w3pFwaKzTGOB7DA_1-cWVUEzCpaGkHUP6wGCChkCPnA
Connection: close
Content-Type: application/x-www-form-urlencoded
Request body:
name=nama+destinasi&tourism_description=deskripsi&continent_id=5&country_id=1&province_id=12&city_id=1&address=alamat
========================================
2018-10-19 17:04:26 
::1 POST /tourism/public-api/v1/tourism_attachments/photo HTTP/1.1
HTTP headers:
Host: localhost
Content-Length: 25308
Content-Type: multipart/form-data; boundary="e5c658cf71fb0a452610810f56be40ba"
Authorization: Bearer eyJ0eXAiOiJKV1QiLCJhbGciOiJIUzI1NiJ9.eyJpYXQiOjE1Mzk5NDIyMTksImp0aSI6ImJvMUlSUGQycUVQS3dYWmcrV21oMmZzR0tYZEp4NEo4eXhwbkJ1XC9UNVp3PSIsImlzcyI6Ijo6MSIsIm5iZiI6MTUzOTk0MjIxOSwiZXhwIjoxNTM5OTQ0MDE5LCJkYXRhIjp7InVzZXJuYW1lIjoiYWRlIiwicGFzc3dvcmQiOiJiNzAxNjZkMjM1OWU1NWZmMzQ4NGY1ZDcwMjBjNzBkODZkODkwNzk2IiwiaXAiOiI6OjEiLCJ1c2VyX2FnZW50IjoiVGlja2V0aW5nLVdlYkFwcCJ9fQ.w3pFwaKzTGOB7DA_1-cWVUEzCpaGkHUP6wGCChkCPnA
Connection: close
User-Agent: CakePHP
Request body:

========================================
